Update--941 11/6/2011 18:44:30.9074618
Update--677 11/6/2011 18:44:36.6851900
Update--711 11/6/2011 18:44:42.9952834
Update--712 11/6/2011 18:44:49.8389936
Update--726 11/6/2011 18:44:59.8414861
Update--036 11/6/2011 18:45:07.8654636
Update--057 11/6/2011 18:45:15.7952261
Update--066 11/6/2011 18:45:39.6787286
Update--079 11/6/2011 18:45:52.8072500
Update--264 11/6/2011 18:46:00.7135000
Update--593 11/6/2011 18:46:09.9947500
Update--628 11/6/2011 18:46:32.6666250
Update--582 11/6/2011 18:46:42.5572500
Update--537 11/6/2011 18:46:51.5067430
Update--396 11/6/2011 18:46:59.9611440
Update--280 11/6/2011 18:47:08.1798275
Update--281 11/6/2011 18:47:31.3744295
Update--284 11/6/2011 18:47:45.9103420
Update--285 11/6/2011 18:48:20.1522375
Update--290 11/6/2011 18:48:27.5066235
Update--720 11/6/2011 18:48:39.0567810
Update--696 11/6/2011 18:48:54.5588750
Update--697 11/6/2011 18:49:00.8557500
Update--673 11/6/2011 18:49:18.7463750
Update--875 11/6/2011 18:49:39.9967500
Update--724 11/6/2011 18:49:53.1998750
Update--725 11/6/2011 18:50:07.1061250
Update--727 11/6/2011 18:50:16.8248750
Update--730 11/6/2011 18:50:25.9024304
Update--731 11/6/2011 18:50:34.6754323
Update--291 11/6/2011 18:50:41.9418006
Update--287 11/6/2011 18:50:51.8761659
Update--289 11/6/2011 18:51:00.8688852
Update--583 11/6/2011 18:51:11.0386620
Update--639 11/6/2011 18:51:21.5431250
Update--288 11/6/2011 18:51:30.6368750
Update--292 11/6/2011 18:51:38.5900000
Update--282 11/6/2011 18:51:45.5118750
Update--283 11/6/2011 18:51:53.9025000
Update--246 11/6/2011 18:52:02.4806250
Update--250 11/6/2011 18:52:12.8556250
Update--251 11/6/2011 18:52:25.6230000
Update--252 11/6/2011 18:52:34.5448750
Update--254 11/6/2011 18:52:41.9980000
Update--248 11/6/2011 18:52:49.3261250
Update--747 11/6/2011 18:53:05.4042500
Update--843 11/6/2011 18:53:14.5605000
Update--668 11/6/2011 18:53:18.5605000
Update--679 11/6/2011 18:53:24.4962500
Update--574 11/6/2011 18:53:34.6681250
Update--519 11/6/2011 18:53:43.8712500
Update--533 11/6/2011 18:53:52.1681250
Update--346 11/6/2011 18:54:02.1681250
Update--347 11/6/2011 18:54:10.3087500
Update--348 11/6/2011 18:54:24.9138977
Update--349 11/6/2011 18:54:44.2988282
Update--350 11/6/2011 18:54:55.8670013
Update--351 11/6/2011 18:55:04.1546477
Update--352 11/6/2011 18:55:14.1845834
Update--353 11/6/2011 18:55:30.1533750
Update--373 11/6/2011 18:55:37.1065000
Update--338 11/6/2011 18:55:44.8565000
Update--339 11/6/2011 18:56:00.5752500
Update--342 11/6/2011 18:56:10.0752500
Update--528 11/6/2011 18:56:16.8096250
Update--550 11/6/2011 18:56:24.6461000
Update--604 11/6/2011 18:56:34.9210550
Update--627 11/6/2011 18:57:00.6005750
Update--880 11/6/2011 18:57:13.7078300
Update--881 11/6/2011 18:57:22.7850448
Update--948 11/6/2011 18:57:31.9224899
Update--995 11/6/2011 18:57:40.0848548
Update--355 11/6/2011 18:57:49.3323896
Update--356 11/6/2011 18:57:58.6742870
Update--359 11/6/2011 18:58:07.5129172
Update--360 11/6/2011 18:58:14.7945645
Update--361 11/6/2011 18:58:24.4404898
Update--362 11/6/2011 18:58:39.2111786
Update--363 11/6/2011 18:58:47.8915090
Update--368 11/6/2011 18:58:55.9910578
Update--365 11/6/2011 18:59:03.7138834
Update--344 11/6/2011 18:59:20.8746810
Update--340 11/6/2011 18:59:31.1060060
Update--341 11/6/2011 18:59:39.3540280
Update--640 11/6/2011 18:59:48.7038850
Update--558 11/6/2011 18:59:56.1648820
Update--335 11/6/2011 19:00:04.0508725
Update--336 11/6/2011 19:00:24.1971757
Update--172 11/6/2011 19:00:36.7220251
Update--687 11/6/2011 19:00:41.4620057
Update--688 11/6/2011 19:00:46.3432440
Update--689 11/6/2011 19:00:51.6796460
Update--654 11/6/2011 19:00:59.6057725
Update--765 11/6/2011 19:01:08.5050076
Update--879 11/6/2011 19:01:15.7562362
Update--343 11/6/2011 19:01:25.0943034
Update--354 11/6/2011 19:01:35.2282874
Update--364 11/6/2011 19:01:43.4896874
Update--410 11/6/2011 19:01:51.4835754
Update--412 11/6/2011 19:01:57.9353354
Update--413 11/6/2011 19:02:05.0007994
Update--414 11/6/2011 19:02:11.7358074
Update--415 11/6/2011 19:02:26.0511075
Update--416 11/6/2011 19:02:34.3542771
Update--405 11/6/2011 19:02:41.6510019
Update--407 11/6/2011 19:02:49.1521608
Update--408 11/6/2011 19:02:58.7762892
Update--618 11/6/2011 19:03:24.5612500
Update--620 11/6/2011 19:03:47.6081250
Update--108 11/6/2011 19:03:58.1237500
Update--862 11/6/2011 19:04:07.5143750
Update--845 11/6/2011 19:04:14.4831250
Update--748 11/6/2011 19:04:24.1763658
Update--878 11/6/2011 19:04:31.8885620
Update--619 11/6/2011 19:04:42.3383532
Update--430 11/6/2011 19:04:51.2550912
Update--406 11/6/2011 19:05:01.3294408
Update--417 11/6/2011 19:05:08.0561028
Update--418 11/6/2011 19:05:14.9079120
Update--419 11/6/2011 19:05:21.7474590
Update--420 11/6/2011 19:05:28.8279486
Update--421 11/6/2011 19:05:35.6264718
Update--423 11/6/2011 19:05:44.4770838
Update--424 11/6/2011 19:05:53.0613942
Update--425 11/6/2011 19:06:03.0398718
Update--431 11/6/2011 19:06:18.9866382
Update--409 11/6/2011 19:06:33.6795069
Update--427 11/6/2011 19:06:41.4198969
Update--428 11/6/2011 19:06:49.4120069
Update--429 11/6/2011 19:06:56.4601669
Update--434 11/6/2011 19:07:04.8455894
Update--954 11/6/2011 19:07:15.2447719
Update--718 11/6/2011 19:07:23.4884684
Update--719 11/6/2011 19:07:31.9050884
Update--435 11/6/2011 19:07:38.5754564
Update--436 11/6/2011 19:07:45.8436404
Update--437 11/6/2011 19:07:52.6555964
Update--439 11/6/2011 19:08:00.0653684
Update--440 11/6/2011 19:08:07.6639244
Update--441 11/6/2011 19:08:14.2870964
Update--432 11/6/2011 19:08:20.7033584
Update--433 11/6/2011 19:08:27.6294398
Update--105 11/6/2011 19:08:35.1994426
Update--037 11/6/2011 19:08:42.3296942
Update--040 11/6/2011 19:08:50.0253402
Update--029 11/6/2011 19:08:57.0456540
Update--030 11/6/2011 19:09:05.1810512
Update--032 11/6/2011 19:09:13.7090834
Update--033 11/6/2011 19:09:20.9615543
Update--034 11/6/2011 19:09:30.4271403
Update--035 11/6/2011 19:09:36.8681268
Update--018 11/6/2011 19:09:44.2023888
Update--750 11/6/2011 19:09:53.2135013
Update--846 11/6/2011 19:10:00.1403043
Update--868 11/6/2011 19:10:08.3208273
Update--867 11/6/2011 19:10:17.1908963
Update--749 11/6/2011 19:10:27.4145111
Update--019 11/6/2011 19:10:35.3033207
Update--020 11/6/2011 19:10:43.0825635
Update--022 11/6/2011 19:10:50.0635339
Update--023 11/6/2011 19:10:57.6236431
Update--024 11/6/2011 19:11:07.0933451
Update--025 11/6/2011 19:11:16.0465179
Update--026 11/6/2011 19:11:24.5207222
Update--027 11/6/2011 19:11:32.3407009
Update--028 11/6/2011 19:11:40.3487352
Update--078 11/6/2011 19:11:49.2186910
Update--526 11/6/2011 19:11:57.1640401
Update--512 11/6/2011 19:12:05.5638569
Update--508 11/6/2011 19:12:12.9450392
Update--616 11/6/2011 19:12:22.8496144
Update--633 11/6/2011 19:12:31.5166175
Update--106 11/6/2011 19:12:40.0425663
Update--045 11/6/2011 19:12:48.8349510
Update--046 11/6/2011 19:12:55.7779571
Update--047 11/6/2011 19:13:02.4858727
Update--048 11/6/2011 19:13:09.4602242
Update--049 11/6/2011 19:13:17.0928291
Update--050 11/6/2011 19:13:23.5220675
Update--054 11/6/2011 19:13:30.1413907
Update--042 11/6/2011 19:13:37.0116835
Update--052 11/6/2011 19:13:43.3016091
Update--325 11/6/2011 19:13:50.2189587
Update--053 11/6/2011 19:13:57.8421603
Update--043 11/6/2011 19:14:04.8065667
Update--055 11/6/2011 19:14:11.3160907
Update--051 11/6/2011 19:14:18.1550123
Update--041 11/6/2011 19:14:25.2280211
Update--038 11/6/2011 19:14:34.1513067
Update--532 11/6/2011 19:14:41.7415883
Update--722 11/6/2011 19:14:52.4840323
Update--866 11/6/2011 19:14:58.9451811
Update--864 11/6/2011 19:15:05.5317891
Update--865 11/6/2011 19:15:12.2909035
Update--721 11/6/2011 19:15:22.2006056
Update--644 11/6/2011 19:15:32.4355317
Update--710 11/6/2011 19:15:35.5389243
Update--547 11/6/2011 19:15:42.3883312
Update--591 11/6/2011 19:15:51.7925512
Update--571 11/6/2011 19:15:58.2344419
Update--578 11/6/2011 19:16:04.8487433
Update--067 11/6/2011 19:16:12.7482881
Update--068 11/6/2011 19:16:22.4085000
Update--069 11/6/2011 19:16:30.1272500
Update--065 11/6/2011 19:16:38.2991250
Update--260 11/6/2011 19:16:44.5647500
Update--240 11/6/2011 19:16:52.0647500
Update--070 11/6/2011 19:16:59.0335000
Update--071 11/6/2011 19:17:06.2522500
Update--072 11/6/2011 19:17:12.4553750
Update--073 11/6/2011 19:17:19.1116250
Update--056 11/6/2011 19:17:26.6361250
Update--064 11/6/2011 19:17:34.3705000
Update--087 11/6/2011 19:17:41.5111250
Update--585 11/6/2011 19:17:51.2142500
Update--511 11/6/2011 19:17:59.8705000
Update--699 11/6/2011 19:18:05.5892500
Update--936 11/6/2011 19:18:16.0736250
Update--943 11/6/2011 19:18:22.9546508
Update--088 11/6/2011 19:18:29.6674324
Update--089 11/6/2011 19:18:37.3077412
Update--090 11/6/2011 19:18:44.7279588
Update--092 11/6/2011 19:18:51.8652020
Update--093 11/6/2011 19:18:59.7570436
Update--094 11/6/2011 19:19:06.5327084
Update--080 11/6/2011 19:19:13.3555356
Update--081 11/6/2011 19:19:20.1937336
Update--082 11/6/2011 19:19:27.0292366
Update--084 11/6/2011 19:19:34.9018504
Update--085 11/6/2011 19:19:41.5959292
Update--086 11/6/2011 19:19:49.7985328
Update--083 11/6/2011 19:19:57.2468740
Update--095 11/6/2011 19:20:06.4080194
Update--074 11/6/2011 19:20:13.5263708
Update--075 11/6/2011 19:20:19.9858622
Update--076 11/6/2011 19:20:26.4570161
Update--573 11/6/2011 19:20:32.9911496
Update--937 11/6/2011 19:20:42.7214978
Update--938 11/6/2011 19:20:52.6722746
Update--869 11/6/2011 19:20:58.8600203
Update--656 11/6/2011 19:21:07.2992867
Update--728 11/6/2011 19:21:15.8487674
Update--944 11/6/2011 19:21:23.2625000
Update--945 11/6/2011 19:21:29.5750000
Update--997 11/6/2011 19:21:36.2781250
Update--058 11/6/2011 19:21:44.2625000
Update--059 11/6/2011 19:21:52.2000000
Update--060 11/6/2011 19:22:00.6062500
Update--061 11/6/2011 19:22:08.1218750
Update--062 11/6/2011 19:22:15.2156250
Update--063 11/6/2011 19:22:22.2670350
Update--120 11/6/2011 19:22:29.9309540
Update--121 11/6/2011 19:22:36.3673870
Update--122 11/6/2011 19:22:43.1342970
Update--125 11/6/2011 19:22:50.3733170
Update--126 11/6/2011 19:22:59.9256760
Update--128 11/6/2011 19:23:08.2977600
Update--129 11/6/2011 19:23:15.3164620
Update--130 11/6/2011 19:23:23.2003750
Update--575 11/6/2011 19:23:31.6222500
Update--835 11/6/2011 19:23:41.9660000
Update--702 11/6/2011 19:23:45.8097500
Update--666 11/6/2011 19:23:49.4035000
Update--839 11/6/2011 19:24:01.2628750
Update--555 11/6/2011 19:24:12.0753750
Update--123 11/6/2011 19:24:20.9125861
Update--124 11/6/2011 19:24:28.0664146
Update--103 11/6/2011 19:24:36.3365548
Update--109 11/6/2011 19:24:43.8205600
Update--112 11/6/2011 19:24:51.3045652
Update--115 11/6/2011 19:24:58.5998980
Update--117 11/6/2011 19:25:05.4235498
Update--118 11/6/2011 19:25:15.1244557
Update--119 11/6/2011 19:25:24.6378750
Update--834 11/6/2011 19:25:36.6691250
Update--670 11/6/2011 19:25:42.5597500
Update--953 11/6/2011 19:25:51.0910000
Update--876 11/6/2011 19:25:58.0910000
Update--947 11/6/2011 19:26:05.1378750
Update--104 11/6/2011 19:26:12.7003750
Update--096 11/6/2011 19:26:20.8575000
Update--097 11/6/2011 19:26:28.7325000
Update--098 11/6/2011 19:26:35.4668750
Update--099 11/6/2011 19:26:43.1543750
Update--100 11/6/2011 19:26:50.0137500
Update--101 11/6/2011 19:26:56.8887500
Update--017 11/6/2011 19:27:03.6075000
Update--566 11/6/2011 19:27:10.4200000
Update--567 11/6/2011 19:27:17.1856250
Update--549 11/6/2011 19:27:25.0602500
Update--559 11/6/2011 19:27:31.7477500
Update--107 11/6/2011 19:27:38.8883750
Update--116 11/6/2011 19:27:45.8415000
Update--113 11/6/2011 19:27:52.7633750
Update--114 11/6/2011 19:27:59.8258750
Update--110 11/6/2011 19:28:06.6540000
Update--111 11/6/2011 19:28:13.3571250
Update--836 11/6/2011 19:28:24.2636250
Update--837 11/6/2011 19:28:31.0292500
Update--838 11/6/2011 19:28:37.4667500
Update--723 11/6/2011 19:28:46.2792500
Update--739 11/6/2011 19:28:54.4355000
Update--136 11/6/2011 19:29:01.2480000
Update--308 11/6/2011 19:29:09.5605000
Update--309 11/6/2011 19:29:16.3573750
Update--298 11/6/2011 19:29:23.6825253
Update--299 11/6/2011 19:29:30.5569286
Update--300 11/6/2011 19:29:37.8088735
Update--301 11/6/2011 19:29:45.4540909
Update--303 11/6/2011 19:29:52.2655706
Update--306 11/6/2011 19:30:00.1624824
Update--527 11/6/2011 19:30:06.7694604
Update--515 11/6/2011 19:30:16.5855420
Update--602 11/6/2011 19:30:27.5302500
Update--624 11/6/2011 19:30:36.5615000
Update--540 11/6/2011 19:30:43.4990000
Update--541 11/6/2011 19:30:50.4365000
Update--302 11/6/2011 19:30:57.3896250
Update--333 11/6/2011 19:31:05.1240000
Update--334 11/6/2011 19:31:13.7177500
Update--326 11/6/2011 19:31:25.0851218
Update--327 11/6/2011 19:31:32.4550472
Update--328 11/6/2011 19:31:39.6215564
Update--329 11/6/2011 19:31:47.0540714
Update--127 11/6/2011 19:31:55.2533090
Update--893 11/6/2011 19:32:05.2207028
Update--894 11/6/2011 19:32:15.5010446
Update--802 11/6/2011 19:32:23.5206286
Update--661 11/6/2011 19:32:34.6527896
Update--701 11/6/2011 19:32:38.7136765
Update--319 11/6/2011 19:32:50.5357179
Update--320 11/6/2011 19:32:58.6104544
Update--321 11/6/2011 19:33:07.3750713
Update--322 11/6/2011 19:33:16.0299345
Update--323 11/6/2011 19:33:26.1408211
Update--307 11/6/2011 19:33:36.9029931
Update--311 11/6/2011 19:33:46.8481827
Update--312 11/6/2011 19:33:54.7980499
Update--315 11/6/2011 19:34:02.7164947
Update--316 11/6/2011 19:34:10.2107371
Update--286 11/6/2011 19:34:20.3151093
Update--426 11/6/2011 19:34:29.8449483
Update--517 11/6/2011 19:34:39.6110643
Update--590 11/6/2011 19:34:50.5900689
Update--317 11/6/2011 19:34:59.3795733
Update--313 11/6/2011 19:35:06.7986711
Update--314 11/6/2011 19:35:13.7924703
Update--310 11/6/2011 19:35:21.1313607
Update--148 11/6/2011 19:35:28.5752455
Update--709 11/6/2011 19:35:32.8558727
Update--671 11/6/2011 19:35:37.0105991
Update--890 11/6/2011 19:35:43.4787527
Update--891 11/6/2011 19:35:50.4977223
Update--860 11/6/2011 19:35:57.5953799
Update--771 11/6/2011 19:36:05.0392647
Update--760 11/6/2011 19:36:16.6378759
Update--332 11/6/2011 19:36:25.6252500
Update--324 11/6/2011 19:36:33.0002500
Update--330 11/6/2011 19:36:40.6565000
Update--271 11/6/2011 19:36:49.2346250
Update--570 11/6/2011 19:36:56.0471250
Update--565 11/6/2011 19:37:02.8283750
Update--622 11/6/2011 19:37:11.8440000
Update--608 11/6/2011 19:37:20.7823137
Update--545 11/6/2011 19:37:27.8807399
Update--553 11/6/2011 19:37:36.6521432
Update--442 11/6/2011 19:37:43.5473105
Update--443 11/6/2011 19:37:50.5519249
Update--438 11/6/2011 19:37:58.0255983
Update--445 11/6/2011 19:38:07.4224136
Update--447 11/6/2011 19:38:16.7254171
Update--448 11/6/2011 19:38:24.8869804
Update--449 11/6/2011 19:38:32.4295895
Update--450 11/6/2011 19:38:40.1446907
Update--854 11/6/2011 19:38:49.0672366
Update--991 11/6/2011 19:38:56.4843969
Update--884 11/6/2011 19:39:03.3997620
Update--451 11/6/2011 19:39:10.6444302
Update--452 11/6/2011 19:39:18.7829211
Update--459 11/6/2011 19:39:31.0325000
Update--460 11/6/2011 19:39:38.9543750
Update--461 11/6/2011 19:39:47.4700000
Update--462 11/6/2011 19:39:56.6731250
Update--463 11/6/2011 19:40:12.7668750
Update--464 11/6/2011 19:41:05.7429004
Update--455 11/6/2011 19:41:18.5295388
Update--457 11/6/2011 19:41:26.3866222
Update--606 11/6/2011 19:41:36.1976047
Update--612 11/6/2011 19:41:46.0085872
Update--630 11/6/2011 19:41:56.7427722
Update--564 11/6/2011 19:42:05.1767747
Update--610 11/6/2011 19:42:15.5354197
Update--611 11/6/2011 19:42:26.1008002
Update--548 11/6/2011 19:42:34.6849806
Update--524 11/6/2011 19:42:42.0921710
Update--458 11/6/2011 19:42:48.9187130
Update--479 11/6/2011 19:42:58.6798834
Update--453 11/6/2011 19:43:05.8359826
Update--454 11/6/2011 19:43:14.4829358
Update--233 11/6/2011 19:43:26.1437738
Update--885 11/6/2011 19:43:40.0681868
Update--886 11/6/2011 19:43:54.8107574
Update--887 11/6/2011 19:44:10.8277658
Update--888 11/6/2011 19:44:22.5081536
Update--663 11/6/2011 19:44:33.4988522
Update--001 11/6/2011 19:44:45.6497672
Update--207 11/6/2011 19:45:01.4694746
Update--208 11/6/2011 19:45:14.4983912
Update--209 11/6/2011 19:45:25.5423322
Update--210 11/6/2011 19:45:38.6282402
Update--212 11/6/2011 19:45:57.0361682
Update--214 11/6/2011 19:46:11.7343352
Update--215 11/6/2011 19:46:24.7998052
Update--216 11/6/2011 19:46:38.3740232
Update--217 11/6/2011 19:46:50.5407762
Update--218 11/6/2011 19:47:03.7396702
Update--674 11/6/2011 19:47:10.3860327
Update--675 11/6/2011 19:47:19.2374237
Update--645 11/6/2011 19:47:33.2577657
Update--650 11/6/2011 19:47:46.5585657
Update--651 11/6/2011 19:48:01.9718457
Update--949 11/6/2011 19:48:14.1929337
Update--996 11/6/2011 19:48:23.3915877
Update--874 11/6/2011 19:48:30.4912397
Update--191 11/6/2011 19:48:40.2024377
Update--201 11/6/2011 19:48:48.9440797
Update--202 11/6/2011 19:48:56.6223377
Update--203 11/6/2011 19:49:03.2528497
Update--204 11/6/2011 19:49:10.3368637
Update--205 11/6/2011 19:49:18.1245877
Update--193 11/6/2011 19:49:26.5528797
Update--194 11/6/2011 19:49:32.6493655
Update--195 11/6/2011 19:49:41.7862581
Update--196 11/6/2011 19:49:49.4029473
Update--197 11/6/2011 19:49:56.4711095
Update--198 11/6/2011 19:50:04.4482593
Update--199 11/6/2011 19:50:12.0649485
Update--579 11/6/2011 19:50:19.2898327
Update--634 11/6/2011 19:50:28.4352780
Update--206 11/6/2011 19:50:36.5614030
Update--219 11/6/2011 19:50:43.9815905
Update--221 11/6/2011 19:50:51.6841530
Update--222 11/6/2011 19:50:58.9160905
Update--223 11/6/2011 19:51:05.9911530
Update--224 11/6/2011 19:51:13.1603405
Update--225 11/6/2011 19:51:20.1563796
Update--226 11/6/2011 19:51:27.4736158
Update--227 11/6/2011 19:51:35.6996308
Update--228 11/6/2011 19:51:43.3772448
Update--229 11/6/2011 19:51:50.7101496
Update--230 11/6/2011 19:51:58.6071240
Update--872 11/6/2011 19:52:06.3944182
Update--993 11/6/2011 19:52:13.2259278
Update--698 11/6/2011 19:52:16.5320024
Update--753 11/6/2011 19:52:25.7949150
Update--754 11/6/2011 19:52:36.2617710
Update--844 11/6/2011 19:52:42.8782070
Update--851 11/6/2011 19:52:49.9504070
Update--007 11/6/2011 19:52:57.9341350
Update--012 11/6/2011 19:53:04.9906190
Update--013 11/6/2011 19:53:12.0942510
Update--014 11/6/2011 19:53:18.9149950
Update--005 11/6/2011 19:53:26.2881510
Update--006 11/6/2011 19:53:34.9193094
Update--568 11/6/2011 19:53:42.0097510
Update--939 11/6/2011 19:53:49.0058630
Update--892 11/6/2011 19:53:56.2849638
Update--946 11/6/2011 19:54:03.1395814
Update--369 11/6/2011 19:54:10.9846598
Update--008 11/6/2011 19:54:21.5184682
Update--009 11/6/2011 19:54:30.1983922
Update--010 11/6/2011 19:54:36.3152227
Update--011 11/6/2011 19:54:43.0295842
Update--015 11/6/2011 19:54:51.3635692
Update--016 11/6/2011 19:54:58.6754617
Update--163 11/6/2011 19:55:06.5219872
Update--176 11/6/2011 19:55:13.0948282
Update--177 11/6/2011 19:55:22.6928750
Update--178 11/6/2011 19:55:32.0991250
Update--180 11/6/2011 19:55:39.9897500
Update--609 11/6/2011 19:55:50.9585000
Update--614 11/6/2011 19:56:02.6460000
Update--597 11/6/2011 19:56:12.3647500
Update--870 11/6/2011 19:56:19.1460000
Update--809 11/6/2011 19:56:25.3843225
Update--738 11/6/2011 19:56:34.0788650
Update--705 11/6/2011 19:56:37.2705325
Update--751 11/6/2011 19:56:45.5562900
Update--801 11/6/2011 19:56:53.0716450
Update--636 11/6/2011 19:57:03.7472225
Update--181 11/6/2011 19:57:14.2498525
Update--182 11/6/2011 19:57:21.9632508
Update--183 11/6/2011 19:57:30.2726438
Update--184 11/6/2011 19:57:37.7667756
Update--185 11/6/2011 19:57:45.6998942
Update--186 11/6/2011 19:57:53.1313136
Update--188 11/6/2011 19:58:00.0767119
Update--189 11/6/2011 19:58:07.4297408
Update--190 11/6/2011 19:58:14.2183581
Update--318 11/6/2011 19:58:22.7385000
Update--179 11/6/2011 19:58:29.4728750
Update--173 11/6/2011 19:58:36.3478750
Update--174 11/6/2011 19:58:43.2228750
Update--164 11/6/2011 19:58:50.3791250
Update--601 11/6/2011 19:58:59.2541250
Update--580 11/6/2011 19:59:06.1603750
Update--737 11/6/2011 19:59:17.1760000
Update--685 11/6/2011 19:59:23.7651932
Update--994 11/6/2011 19:59:31.6461469
Update--987 11/6/2011 19:59:39.5114327
Update--686 11/6/2011 19:59:43.3344003
Update--707 11/6/2011 19:59:47.8154197
Update--669 11/6/2011 19:59:56.2447499
Update--736 11/6/2011 20:00:07.1026046
Update--603 11/6/2011 20:00:16.0333076
Update--504 11/6/2011 20:00:24.0174415
Update--374 11/6/2011 20:00:30.8632955
Update--165 11/6/2011 20:00:38.0545825
Update--167 11/6/2011 20:00:45.3714815
Update--168 11/6/2011 20:00:52.2644400
Update--171 11/6/2011 20:01:00.9944740
Update--169 11/6/2011 20:01:11.2318520
Update--170 11/6/2011 20:01:20.8416320
Update--166 11/6/2011 20:01:31.5545562
Update--337 11/6/2011 20:01:39.5971034
Update--505 11/6/2011 20:01:46.4772512
Update--635 11/6/2011 20:01:55.7293221
Update--706 11/6/2011 20:01:59.1536879
Update--999 11/6/2011 20:02:08.4214669
Update--678 11/6/2011 20:02:11.6259193
Update--853 11/6/2011 20:02:18.7416886
Update--764 11/6/2011 20:02:27.4150160
Update--595 11/6/2011 20:02:35.8984370
Update--539 11/6/2011 20:02:42.2649230
Update--155 11/6/2011 20:02:48.4275560
Update--156 11/6/2011 20:02:56.2523750
Update--157 11/6/2011 20:03:09.5028200
Update--158 11/6/2011 20:03:16.2142880
Update--159 11/6/2011 20:03:22.9155221
Update--149 11/6/2011 20:03:29.7171294
Update--151 11/6/2011 20:03:37.2413093
Update--152 11/6/2011 20:03:45.5666023
Update--147 11/6/2011 20:03:52.9965336
Update--145 11/6/2011 20:03:59.8138490
Update--146 11/6/2011 20:04:06.4112510
Update--153 11/6/2011 20:04:13.3856474
Update--154 11/6/2011 20:04:21.9447688
Update--144 11/6/2011 20:04:35.9448872
Update--160 11/6/2011 20:04:49.2701120
Update--161 11/6/2011 20:05:00.2881424
Update--305 11/6/2011 20:05:09.9563856
Update--529 11/6/2011 20:05:16.6425408
Update--530 11/6/2011 20:05:23.1494176
Update--588 11/6/2011 20:05:32.1721696
Update--584 11/6/2011 20:05:40.9129606
Update--758 11/6/2011 20:05:49.4501131
Update--744 11/6/2011 20:05:58.3788781
Update--657 11/6/2011 20:06:06.8377081
Update--716 11/6/2011 20:06:15.9231181
Update--717 11/6/2011 20:06:24.8534059
Update--708 11/6/2011 20:06:31.9515535
Update--680 11/6/2011 20:06:40.3972523
Update--681 11/6/2011 20:06:44.2518755
Update--734 11/6/2011 20:06:53.2303271
Update--741 11/6/2011 20:07:02.5221627
Update--769 11/6/2011 20:07:11.1245535
Update--950 11/6/2011 20:07:17.6899483
Update--952 11/6/2011 20:07:25.0974797
Update--871 11/6/2011 20:07:34.7737529
Update--637 11/6/2011 20:07:46.8925805
Update--638 11/6/2011 20:08:00.6554351
Update--613 11/6/2011 20:08:10.9893191
Update--518 11/6/2011 20:08:17.8785751
Update--143 11/6/2011 20:08:25.4600000
Update--133 11/6/2011 20:08:32.3662500
Update--137 11/6/2011 20:08:39.6162500
Update--138 11/6/2011 20:08:46.2100000
Update--139 11/6/2011 20:08:53.1006250
Update--140 11/6/2011 20:08:59.3975000
Update--021 11/6/2011 20:09:05.6631250
Update--141 11/6/2011 20:09:12.1162500
Update--142 11/6/2011 20:09:19.0537500
Update--131 11/6/2011 20:09:25.5075124
Update--132 11/6/2011 20:09:41.5377178
Update--134 11/6/2011 20:09:55.5778586
Update--135 11/6/2011 20:10:05.1834460
Update--642 11/6/2011 20:10:20.7899406
Update--345 11/6/2011 20:10:28.0403817
Update--951 11/6/2011 20:10:34.2259632
Update--761 11/6/2011 20:10:41.0535924
Update--752 11/6/2011 20:10:49.1653170
Update--682 11/6/2011 20:10:53.1585405
Update--690 11/6/2011 20:10:56.4940566
Update--714 11/6/2011 20:11:01.1449875
Update--715 11/6/2011 20:11:05.5297035
Update--659 11/6/2011 20:11:14.2521564
Update--665 11/6/2011 20:11:19.6547529
Update--691 11/6/2011 20:11:22.7980329
Update--732 11/6/2011 20:11:31.5696255
Update--763 11/6/2011 20:11:42.1489836
Update--983 11/6/2011 20:11:52.9169781
Update--984 11/6/2011 20:12:02.3802375
Update--477 11/6/2011 20:12:10.1457693
Update--478 11/6/2011 20:12:16.9052403
Update--469 11/6/2011 20:12:24.5449545
Update--470 11/6/2011 20:12:31.5558515
Update--472 11/6/2011 20:12:40.0758205
Update--473 11/6/2011 20:12:46.9766810
Update--497 11/6/2011 20:12:53.6417490
Update--546 11/6/2011 20:13:00.1181830
Update--476 11/6/2011 20:13:09.0311395
Update--480 11/6/2011 20:13:33.1255798
Update--481 11/6/2011 20:13:44.5348876
Update--483 11/6/2011 20:13:58.0028997
Update--484 11/6/2011 20:14:06.2691475
Update--485 11/6/2011 20:14:14.0010751
Update--486 11/6/2011 20:14:22.6801250
Update--759 11/6/2011 20:14:31.8207500
Update--840 11/6/2011 20:14:38.8520000
Update--692 11/6/2011 20:14:42.2270000
Update--683 11/6/2011 20:14:45.4613750
Update--684 11/6/2011 20:14:48.7270000
Update--694 11/6/2011 20:14:51.7738750
Update--695 11/6/2011 20:14:55.0395000
Update--649 11/6/2011 20:15:03.4613750
Update--985 11/6/2011 20:15:13.3051250
Update--482 11/6/2011 20:15:21.2580000
Update--475 11/6/2011 20:15:28.1642500
Update--366 11/6/2011 20:15:34.7267500
Update--367 11/6/2011 20:15:42.7736250
Update--370 11/6/2011 20:15:49.9455000
Update--371 11/6/2011 20:15:57.4611250
Update--552 11/6/2011 20:16:03.9298750
Update--551 11/6/2011 20:16:10.7267500
Update--581 11/6/2011 20:16:18.1173750
Update--986 11/6/2011 20:16:26.3680000
Update--877 11/6/2011 20:16:34.8211250
Update--733 11/6/2011 20:16:43.5555000
Update--664 11/6/2011 20:16:46.9461250
Update--882 11/6/2011 20:16:53.5086250
Update--982 11/6/2011 20:17:03.1492500
Update--536 11/6/2011 20:17:10.0867500
Update--474 11/6/2011 20:17:16.8055000
Update--465 11/6/2011 20:17:23.5272046
Update--466 11/6/2011 20:17:30.7355242
Update--467 11/6/2011 20:17:37.5198250
Update--543 11/6/2011 20:17:44.6339182
Update--522 11/6/2011 20:17:52.7373886
Update--102 11/6/2011 20:17:59.1447838
Update--269 11/6/2011 20:18:06.4944430
Update--273 11/6/2011 20:18:14.1267814
Update--274 11/6/2011 20:18:22.9310000
Update--275 11/6/2011 20:18:30.2122500
Update--262 11/6/2011 20:18:40.0091250
Update--267 11/6/2011 20:18:48.6810000
Update--293 11/6/2011 20:18:55.7747500
Update--259 11/6/2011 20:19:02.9153750
Update--729 11/6/2011 20:19:11.5091250
Update--745 11/6/2011 20:19:22.2286250
Update--766 11/6/2011 20:19:29.3536250
Update--676 11/6/2011 20:19:32.4473750
Update--255 11/6/2011 20:19:38.9473750
Update--256 11/6/2011 20:19:45.9005000
Update--257 11/6/2011 20:19:54.6973750
Update--258 11/6/2011 20:20:02.7598750
Update--263 11/6/2011 20:20:09.4161250
Update--261 11/6/2011 20:20:16.4473750
Update--266 11/6/2011 20:20:25.4468750
Update--563 11/6/2011 20:20:32.1500000
Update--535 11/6/2011 20:20:38.8375000
Update--514 11/6/2011 20:20:45.6656250
Update--272 11/6/2011 20:20:52.4781250
Update--265 11/6/2011 20:21:01.7906250
Update--294 11/6/2011 20:21:10.5250000
Update--296 11/6/2011 20:21:17.4000000
Update--297 11/6/2011 20:21:24.4213960
Update--277 11/6/2011 20:21:31.6336949
278 11/6/2011 20:21:38.9398632
279 11/6/2011 20:21:45.9331335
775 11/6/2011 20:21:53.1767222
779 11/6/2011 20:21:59.3408128
660 11/6/2011 20:22:07.7577690
693 11/6/2011 20:22:11.1214225
249 11/6/2011 20:22:18.2242071
247 11/6/2011 20:22:26.4201346
253 11/6/2011 20:22:34.5725386
241 11/6/2011 20:22:41.7529252
242 11/6/2011 20:22:48.7138240
243 11/6/2011 20:22:55.4865904
244 11/6/2011 20:23:02.7140101
245 11/6/2011 20:23:09.3299995
513 11/6/2011 20:23:16.3222537
557 11/6/2011 20:23:24.0683750
509 11/6/2011 20:23:30.9277500
510 11/6/2011 20:23:37.9746250
523 11/6/2011 20:23:44.6777500
295 11/6/2011 20:23:51.6152500
268 11/6/2011 20:23:58.5527500
276 11/6/2011 20:24:05.3808750
044 11/6/2011 20:24:12.5683750
662 11/6/2011 20:24:21.0393282
842 11/6/2011 20:24:28.0530370
647 11/6/2011 20:24:36.5383722
648 11/6/2011 20:24:46.1665662
704 11/6/2011 20:24:49.4229310
743 11/6/2011 20:24:58.2996562
236 11/6/2011 20:25:04.9845974
237 11/6/2011 20:25:12.4992854
234 11/6/2011 20:25:21.0662420
232 11/6/2011 20:25:29.2623728
192 11/6/2011 20:25:36.4065098
556 11/6/2011 20:25:42.5614586
544 11/6/2011 20:25:51.6368678
607 11/6/2011 20:26:05.6582180
617 11/6/2011 20:26:16.1624546
596 11/6/2011 20:26:31.3044566
525 11/6/2011 20:26:44.4109526
534 11/6/2011 20:26:58.4311226
238 11/6/2011 20:27:13.5540026
239 11/6/2011 20:27:25.1167500
762 11/6/2011 20:27:34.9761250
646 11/6/2011 20:27:43.8355000
873 11/6/2011 20:27:54.6636250
998 11/6/2011 20:28:04.0073750
655 11/6/2011 20:28:15.8198750
700 11/6/2011 20:28:18.9761250
231 11/6/2011 20:28:25.8611798
235 11/6/2011 20:28:32.9357030
503 11/6/2011 20:28:39.4780718
594 11/6/2011 20:28:48.7907738
598 11/6/2011 20:28:57.9000050
372 11/6/2011 20:29:05.7884114
381 11/6/2011 20:29:13.3011794
422 11/6/2011 20:29:23.0901094
375 11/6/2011 20:29:30.8228144
376 11/6/2011 20:29:40.4063494
377 11/6/2011 20:29:47.4175444
378 11/6/2011 20:29:54.6953844
200 11/6/2011 20:30:01.2517144
767 11/6/2011 20:30:08.2629094
955 11/6/2011 20:30:15.2897894
863 11/6/2011 20:30:24.0548750
742 11/6/2011 20:30:32.2892500
667 11/6/2011 20:30:35.6955000
175 11/6/2011 20:30:42.2892500
397 11/6/2011 20:30:49.1486250
398 11/6/2011 20:30:55.7111250
399 11/6/2011 20:31:03.7736250
400 11/6/2011 20:31:12.3986250
401 11/6/2011 20:31:20.7634000
382 11/6/2011 20:31:27.1981970
404 11/6/2011 20:31:35.0961630
444 11/6/2011 20:31:42.5221390
600 11/6/2011 20:31:51.5214150
625 11/6/2011 20:32:00.5836230
626 11/6/2011 20:32:09.4885010
629 11/6/2011 20:32:18.1731170
538 11/6/2011 20:32:25.9772500
383 11/6/2011 20:32:32.4616250
385 11/6/2011 20:32:39.1803750
386 11/6/2011 20:32:47.1803750
388 11/6/2011 20:32:55.4772500
389 11/6/2011 20:33:03.8210000
390 11/6/2011 20:33:10.7116250
220 11/6/2011 20:33:17.1647500
331 11/6/2011 20:33:23.6311222
841 11/6/2011 20:33:30.7194314
883 11/6/2011 20:33:37.3372776
956 11/6/2011 20:33:44.8333214
740 11/6/2011 20:33:53.0350597
187 11/6/2011 20:33:59.5744954
391 11/6/2011 20:34:06.3805268
392 11/6/2011 20:34:13.5315644
393 11/6/2011 20:34:21.3614817
394 11/6/2011 20:34:28.5523767
402 11/6/2011 20:34:35.2397517
403 11/6/2011 20:34:42.0058017
560 11/6/2011 20:34:48.2840667
561 11/6/2011 20:34:55.0501167
572 11/6/2011 20:35:03.1064367
605 11/6/2011 20:35:12.5002317
641 11/6/2011 20:35:21.1692020
379 11/6/2011 20:35:28.0078805
380 11/6/2011 20:35:35.0823755
213 11/6/2011 20:35:42.0939861
703 11/6/2011 20:35:45.3954171
772 11/6/2011 20:35:52.5013543
773 11/6/2011 20:35:59.8273869
889 11/6/2011 20:36:06.0215003
384 11/6/2011 20:36:12.5771990
621 11/6/2011 20:36:21.2559638
569 11/6/2011 20:36:27.4694323
507 11/6/2011 20:36:34.1390795
562 11/6/2011 20:36:40.7615358
632 11/6/2011 20:36:49.4918523
623 11/6/2011 20:36:58.2378991
003 11/6/2011 20:37:05.5524886
004 11/6/2011 20:37:12.7569660
833 11/6/2011 20:37:21.3910345
652 11/6/2011 20:37:31.8215449
653 11/6/2011 20:37:40.5555265
658 11/6/2011 20:37:49.9492693
957 11/6/2011 20:37:57.0181393
589 11/6/2011 20:38:06.6003853
586 11/6/2011 20:38:17.3607763
501 11/6/2011 20:38:27.0019496
502 11/6/2011 20:38:35.7623822
521 11/6/2011 20:38:43.7535295
487 11/6/2011 20:38:52.0115717
489 11/6/2011 20:39:00.7406049
490 11/6/2011 20:39:08.2607612
491 11/6/2011 20:39:16.6758004
494 11/6/2011 20:39:23.7789990
495 11/6/2011 20:39:31.1716518
496 11/6/2011 20:39:37.7341974
488 11/6/2011 20:39:47.2882614
506 11/6/2011 20:39:54.5399526
500 11/6/2011 20:40:06.5686758
554 11/6/2011 20:40:15.6058806
587 11/6/2011 20:40:39.8942537
599 11/6/2011 20:40:51.2272711
615 11/6/2011 20:41:18.1785050
942 11/6/2011 20:41:35.2133996
776 11/6/2011 20:41:45.2978901
735 11/6/2011 20:41:54.5197881
940 11/6/2011 20:42:02.3301711
992 11/6/2011 20:42:10.4071736
542 11/6/2011 20:42:17.0256106
498 11/6/2011 20:42:24.5651141
499 11/6/2011 20:42:32.7754081
531 11/6/2011 20:42:40.2179456
493 11/6/2011 20:42:47.4097871
Insert Area--<none> 11/6/2011 20:42:49.8227361
Insert Area--ANAKROM-REGION-AREA1 11/6/2011 20:42:55.3850536
Insert Area--ANAKROM-REGION-AREA2 11/6/2011 20:42:56.5758596
Insert Area--ANAKROM-REGION-AREA3 11/6/2011 20:42:57.1555941
Insert Area--ANAKROM-REGION-AREA4 11/6/2011 20:42:57.6569861
Insert Area--CAGAYAN-REGION-AREA1 11/6/2011 20:42:58.2053836
Insert Area--CAGAYAN-REGION-AREA2 11/6/2011 20:42:58.7537811
Insert Area--CAGAYAN-REGION-AREA3 11/6/2011 20:42:59.3178471
Insert Area--CAGAYAN-REGION-AREA4 11/6/2011 20:43:00.1012721
Insert Area--CAGAYAN-REGION-AREA5 11/6/2011 20:43:00.6026641
Insert Area--CARAGA-REGION-AREA1 11/6/2011 20:43:01.3077466
Insert Area--CARAGA-REGION-AREA1 11/6/2011 20:43:01.8404756
Insert Area--CARAGA-REGION-AREA2 11/6/2011 20:43:02.4202101
Insert Area--CARAGA-REGION-AREA3 11/6/2011 20:43:02.9059336
Insert Area--CARAGA-REGION-AREA4 11/6/2011 20:43:03.4229941
Insert Area--Cebu Central A 11/6/2011 20:43:03.9557231
Insert Area--Cebu Central B 11/6/2011 20:43:04.4414466
Insert Area--Cebu Central C 11/6/2011 20:43:04.9428386
Insert Area--Cebu Central D 11/6/2011 20:43:05.4912361
Insert Area--Cebu North A 11/6/2011 20:43:05.9926281
Insert Area--Cebu North A 11/6/2011 20:43:06.6036996
Insert Area--Cebu North B 11/6/2011 20:43:07.4497986
Insert Area--Cebu North C 11/6/2011 20:43:08.0608701
Insert Area--Cebu North D 11/6/2011 20:43:08.5465936
Insert Area--Cebu North E 11/6/2011 20:43:09.0636541
Insert Area--Cebu South A 11/6/2011 20:43:09.5650461
Insert Area--Cebu South B 11/6/2011 20:43:10.0507696
Insert Area--Cebu South C 11/6/2011 20:43:10.5364931
Insert Area--CEBU SOUTH D 11/6/2011 20:43:11.2102386
Insert Area--CEBU SOUTH E 11/6/2011 20:43:11.7116306
Insert Area--DAVA0-MINDANAO-REGION-AREA1 11/6/2011 20:43:12.2130226
Insert Area--DAVA0-MINDANAO-REGION-AREA2 11/6/2011 20:43:12.6987461
Insert Area--DAVA0-MINDANAO-REGION-AREA3 11/6/2011 20:43:13.2001381
Insert Area--DAVA0-MINDANAO-REGION-AREA4 11/6/2011 20:43:13.7015301
Insert Area--DAVA0-MINDANAO-REGION-AREA5 11/6/2011 20:43:14.1872536
Insert Area--DIPOLOG-MINDANAO-REGION-AREA1 11/6/2011 20:43:14.6886456
Insert Area--DIPOLOG-MINDANAO-REGION-AREA2 11/6/2011 20:43:15.1743691
Insert Area--DIPOLOG-MINDANAO-REGION-AREA3 11/6/2011 20:43:15.6757611
Insert Area--HO 11/6/2011 20:43:16.1614846
Insert Area--LEYTE-REGION-AREA1 11/6/2011 20:43:16.7098821
Insert Area--LEYTE-REGION-AREA2 11/6/2011 20:43:17.3209536
Insert Area--LEYTE-REGION-AREA2 11/6/2011 20:43:17.9320251
Insert Area--LEYTE-REGION-AREA3 11/6/2011 20:43:20.4231138
Insert Area--LUZON-SHOWROOMS 11/6/2011 20:43:23.9606692
Insert Area--MINDANAO-SHOWROOMS 11/6/2011 20:43:25.1189838
Insert Area--NCR-SHOWROOMS 11/6/2011 20:43:25.6981411
Insert Area--NEGROS-OCC-REGION-AREA1 11/6/2011 20:43:26.2303397
Insert Area--NEGROS-OCC-REGION-AREA2 11/6/2011 20:43:26.7468854
Insert Area--NEGROS-OCC-REGION-AREA3 11/6/2011 20:43:27.2477782
Insert Area--NEGROS-OCC-REGION-AREA4 11/6/2011 20:43:27.8425884
Insert Area--NEGROS-OCC-REGION-AREA5 11/6/2011 20:43:28.3434812
Insert Area--NEGROS-ORIENTAL-REGION-AREA1 11/6/2011 20:43:28.8600269
Insert Area--NEGROS-ORIENTAL-REGION-AREA2 11/6/2011 20:43:29.3609197
Insert Area--NEGROS-ORIENTAL-REGION-AREA3 11/6/2011 20:43:29.8618125
Insert Area--NEGROS-ORIENTAL-REGION-AREA4 11/6/2011 20:43:30.4096640
Insert Area--OZAMIS-MINDANAO-REGION-AREA1 11/6/2011 20:43:30.9575155
Insert Area--OZAMIS-MINDANAO-REGION-AREA2 11/6/2011 20:43:31.6149373
Insert Area--OZAMIS-MINDANAO-REGION-AREA3 11/6/2011 20:43:32.1001772
Insert Area--OZAMIS-MINDANAO-REGION-AREA4 11/6/2011 20:43:32.6323758
Insert Area--OZAMIS-MINDANAO-REGION-AREA5 11/6/2011 20:43:33.1802273
Insert Area--PANAY-ROMBLON-REGION-AREA1 11/6/2011 20:43:33.7437317
Insert Area--PANAY-ROMBLON-REGION-AREA2 11/6/2011 20:43:34.2759303
Insert Area--PANAY-ROMBLON-REGION-AREA3 11/6/2011 20:43:34.7768231
Insert Area--PANAY-ROMBLON-REGION-AREA4 11/6/2011 20:43:35.7786087
Insert Area--PANAY-ROMBLON-REGION-AREA5 11/6/2011 20:43:36.5142950
Insert Area--SAMAR-REGION-AREA1 11/6/2011 20:43:41.7423636
Insert Area--SAMAR-REGION-AREA2 11/6/2011 20:43:46.3286633
Insert Area--SAMAR-REGION-AREA3 11/6/2011 20:43:48.9583505
Insert Area--SOCSKSARGEN-MINDANAO-AREA1 11/6/2011 20:43:50.6332108
Insert Area--SOCSKSARGEN-MINDANAO-AREA2 11/6/2011 20:44:09.8236662
Insert Area--SOCSKSARGEN-MINDANAO-AREA3 11/6/2011 20:44:17.9475213
Insert Area--SOCSKSARGEN-MINDANAO-AREA4 11/6/2011 20:44:20.4988110
Insert Area--SOCSKSARGEN-MINDANAO-AREA5 11/6/2011 20:44:24.7381724
Insert Area--SOCSKSARGEN-MINDANAO-AREA6 11/6/2011 20:44:28.8367432
Insert Area--VISAYAS-SHOWROOMS 11/6/2011 20:44:30.1977190
Insert Area--ZAMBASTA-MINDANAO-AREA1 11/6/2011 20:44:31.8089892
Insert Area--ZAMBASTA-MINDANAO-AREA2 11/6/2011 20:44:34.7812352
Insert Area--ZAMBASTA-MINDANAO-AREA3 11/6/2011 20:44:38.4730776
Insert region--ANAKROM-REGION 11/6/2011 20:44:46.6702192
Insert region--CAGAYAN-REGION 11/6/2011 20:44:49.5486048
Insert region--CARAGA-REGION 11/6/2011 20:44:51.8638280
Insert region--Cebu Central 11/6/2011 20:44:56.3065536
Insert region--Cebu North 11/6/2011 20:45:01.9068908
Insert region--Cebu South 11/6/2011 20:45:06.1306088
Insert region--DAVA0-MINDANAO-REGION 11/6/2011 20:45:12.5131160
Insert region--DIPOLOG-MINDANAO-REGION 11/6/2011 20:45:17.2374228
Insert region--HO 11/6/2011 20:45:21.4145946
Insert region--LA-SHOWROOMS 11/6/2011 20:45:24.1530296
Insert region--LEYTE-REGION 11/6/2011 20:45:25.9525726
Insert region--LUZON/NCR-SHOWROOMS 11/6/2011 20:45:30.1619384
Insert region--NEGROS-OCC-REGION 11/6/2011 20:45:33.5732460
Insert region--NEGROS-ORIENTAL-REGION 11/6/2011 20:45:36.5464040
Insert region--OZAMIS-MINDANAO-REGION 11/6/2011 20:45:40.5053986
Insert region--PANAY-ROMBLON-REGION 11/6/2011 20:45:42.7743876
Insert region--SAMAR-REGION 11/6/2011 20:45:46.9837534
Insert region--SOCSKSARGEN-MINDANAO-REGION 11/6/2011 20:45:48.5642216
Insert region--VISMIN-SHOWROOMS 11/6/2011 20:45:49.5344100
Insert region--ZAMBASTA-MINDANAO-REGION 11/6/2011 20:45:50.8488588
Insert Vismin Wide--  11/6/2011 20:45:53.9159060
941 11/5/2011 20:46:07.5298400
677 11/5/2011 20:46:13.5231006
711 11/5/2011 20:46:18.3583944
712 11/5/2011 20:46:26.3504876
726 11/5/2011 20:46:39.9240112
036 11/5/2011 20:46:50.2136178
057 11/5/2011 20:47:02.9896187
066 11/5/2011 20:47:17.3606650
079 11/5/2011 20:47:31.1326556
264 11/5/2011 20:47:43.2465256
593 11/5/2011 20:48:00.8624372
628 11/5/2011 20:48:16.1337288
582 11/5/2011 20:48:31.4188537
537 11/5/2011 20:48:44.1871748
396 11/5/2011 20:48:54.2830566
280 11/5/2011 20:49:03.3787272
281 11/5/2011 20:49:11.0053376
284 11/5/2011 20:49:18.5069216
285 11/5/2011 20:49:26.3633996
290 11/5/2011 20:49:34.1446304
720 11/5/2011 20:49:44.6187620
696 11/5/2011 20:49:47.4682268
697 11/5/2011 20:49:50.5212248
673 11/5/2011 20:49:53.7464432
875 11/5/2011 20:50:00.9797000
724 11/5/2011 20:50:11.6573648
725 11/5/2011 20:50:22.1700092
727 11/5/2011 20:50:32.8241012
730 11/5/2011 20:50:44.1696092
731 11/5/2011 20:50:55.6565432
291 11/5/2011 20:51:02.8849832
287 11/5/2011 20:51:10.3962752
289 11/5/2011 20:51:18.2061332
583 11/5/2011 20:51:28.7405618
639 11/5/2011 20:51:38.8646108
288 11/5/2011 20:51:46.0063818
292 11/5/2011 20:51:53.5876464
282 11/5/2011 20:52:00.7137212
283 11/5/2011 20:52:08.0909352
246 11/5/2011 20:52:15.3896682
250 11/5/2011 20:52:22.8251352
251 11/5/2011 20:52:30.0328292
252 11/5/2011 20:52:37.6479146
254 11/5/2011 20:52:45.0279665
248 11/5/2011 20:52:51.9849581
747 11/5/2011 20:53:05.2095097
843 11/5/2011 20:53:16.0053818
668 11/5/2011 20:53:19.3115197
679 11/5/2011 20:53:22.4799265
574 11/5/2011 20:53:30.9064768
519 11/5/2011 20:53:39.1290324
533 11/5/2011 20:53:48.5441724
346 11/5/2011 20:53:56.9079551
347 11/5/2011 20:54:05.3188135
348 11/5/2011 20:54:12.9450769
349 11/5/2011 20:54:21.0585952
350 11/5/2011 20:54:28.8494656
351 11/5/2011 20:54:36.5932138
352 11/5/2011 20:54:44.7453544
353 11/5/2011 20:54:52.5990544
373 11/5/2011 20:54:58.3479628
338 11/5/2011 20:55:06.2330776
339 11/5/2011 20:55:14.4323404
342 11/5/2011 20:55:22.7801182
528 11/5/2011 20:55:31.7113888
550 11/5/2011 20:55:39.2722528
604 11/5/2011 20:55:49.9204696
627 11/5/2011 20:56:00.6474454
880 11/5/2011 20:56:11.0436334
881 11/5/2011 20:56:24.5250333
948 11/5/2011 20:56:35.0419585
995 11/5/2011 20:56:43.2445304
355 11/5/2011 20:56:51.6202852
356 11/5/2011 20:56:59.3347962
359 11/5/2011 20:57:07.1752584
360 11/5/2011 20:57:14.9527450
361 11/5/2011 20:57:27.0152500
362 11/5/2011 20:57:35.7340000
363 11/5/2011 20:57:43.8433750
368 11/5/2011 20:57:51.3902500
365 11/5/2011 20:57:59.2496250
344 11/5/2011 20:58:06.9527500
340 11/5/2011 20:58:15.2965000
341 11/5/2011 20:58:23.7163900
640 11/5/2011 20:58:34.3678630
558 11/5/2011 20:58:42.1799890
335 11/5/2011 20:58:50.1176110
336 11/5/2011 20:58:57.9924850
172 11/5/2011 20:59:05.5849930
687 11/5/2011 20:59:08.5027750
688 11/5/2011 20:59:11.4362440
689 11/5/2011 20:59:14.1187210
654 11/5/2011 20:59:22.0902690
765 11/5/2011 20:59:31.4214150
879 11/5/2011 20:59:39.4330050
343 11/5/2011 20:59:47.3503410
354 11/5/2011 20:59:55.2362590
364 11/5/2011 21:00:03.4991930
410 11/5/2011 21:00:12.8774660
412 11/5/2011 21:00:21.8510000
413 11/5/2011 21:00:29.3666250
414 11/5/2011 21:00:37.1635000
415 11/5/2011 21:00:44.8978750
416 11/5/2011 21:00:53.1322500
405 11/5/2011 21:01:00.1791250
407 11/5/2011 21:01:07.8353750
408 11/5/2011 21:01:16.0853750
618 11/5/2011 21:01:26.7277304
620 11/5/2011 21:01:37.3399572
108 11/5/2011 21:01:44.4199848
862 11/5/2011 21:01:52.1251804
845 11/5/2011 21:01:59.4552752
748 11/5/2011 21:02:09.8018056
878 11/5/2011 21:02:17.4132260
619 11/5/2011 21:02:27.9124920
430 11/5/2011 21:02:36.0536298
406 11/5/2011 21:02:43.7084954
417 11/5/2011 21:02:51.4417920
418 11/5/2011 21:03:03.4260488
419 11/5/2011 21:03:14.9554058
420 11/5/2011 21:03:24.4920000
421 11/5/2011 21:03:31.8357500
423 11/5/2011 21:03:41.9763750
424 11/5/2011 21:03:50.7888750
425 11/5/2011 21:03:58.8513750
431 11/5/2011 21:04:06.2107500
409 11/5/2011 21:04:14.1638750
427 11/5/2011 21:04:22.0116730
428 11/5/2011 21:04:30.1558090
429 11/5/2011 21:04:37.2349426
434 11/5/2011 21:04:44.1261346
954 11/5/2011 21:04:51.1112974
718 11/5/2011 21:05:00.8685988
719 11/5/2011 21:05:10.6259002
435 11/5/2011 21:05:18.2531968
436 11/5/2011 21:05:25.6423852
437 11/5/2011 21:05:33.2875060
439 11/5/2011 21:05:41.2308964
440 11/5/2011 21:05:48.8132236
441 11/5/2011 21:05:56.1443764
432 11/5/2011 21:06:03.4755292
433 11/5/2011 21:06:11.2933324
105 11/5/2011 21:06:18.7029772
037 11/5/2011 21:06:26.2064140
040 11/5/2011 21:06:33.9343612
029 11/5/2011 21:06:42.7640524
030 11/5/2011 21:06:51.0586108
032 11/5/2011 21:06:59.0541244
033 11/5/2011 21:07:07.9467724
034 11/5/2011 21:07:22.1762482
035 11/5/2011 21:07:29.4683593
018 11/5/2011 21:07:37.1857123
750 11/5/2011 21:07:47.2025215
846 11/5/2011 21:07:54.5891308
868 11/5/2011 21:08:02.0072395
867 11/5/2011 21:08:09.7718416
749 11/5/2011 21:08:20.4026916
019 11/5/2011 21:08:28.8076486
020 11/5/2011 21:08:36.4899364
022 11/5/2011 21:08:44.3607466
023 11/5/2011 21:08:53.3784014
024 11/5/2011 21:09:02.1604032
025 11/5/2011 21:09:10.5339398
026 11/5/2011 21:09:19.0959988
027 11/5/2011 21:09:28.6298750
028 11/5/2011 21:09:37.2236250
078 11/5/2011 21:09:45.2080000
526 11/5/2011 21:09:52.6767500
512 11/5/2011 21:10:00.3330000
508 11/5/2011 21:10:07.5048750
616 11/5/2011 21:10:18.1611250
633 11/5/2011 21:10:28.5254418
106 11/5/2011 21:10:37.9240818
045 11/5/2011 21:10:45.7876106
046 11/5/2011 21:10:53.6824682
047 11/5/2011 21:11:01.1387226
048 11/5/2011 21:11:08.6263058
049 11/5/2011 21:11:17.7273222
050 11/5/2011 21:11:25.2428984
054 11/5/2011 21:11:32.9469467
042 11/5/2011 21:11:42.7306154
052 11/5/2011 21:11:50.2140979
325 11/5/2011 21:11:57.6818257
053 11/5/2011 21:12:05.5591757
043 11/5/2011 21:12:13.4207710
055 11/5/2011 21:12:20.5727275
051 11/5/2011 21:12:27.8901391
041 11/5/2011 21:12:35.2075507
038 11/5/2011 21:12:42.5249623
532 11/5/2011 21:12:49.8894817
722 11/5/2011 21:13:01.1011381
866 11/5/2011 21:13:08.3714419
864 11/5/2011 21:13:15.7673665
865 11/5/2011 21:13:23.0366333
721 11/5/2011 21:13:33.6003778
644 11/5/2011 21:13:44.1641223
710 11/5/2011 21:13:46.6912588
547 11/5/2011 21:13:54.6179913
591 11/5/2011 21:14:05.1503428
571 11/5/2011 21:14:12.0411063
578 11/5/2011 21:14:19.7480878
067 11/5/2011 21:14:29.8697500
068 11/5/2011 21:14:37.6978750
069 11/5/2011 21:14:45.6197500
065 11/5/2011 21:14:54.9947500
260 11/5/2011 21:15:02.2760000
240 11/5/2011 21:15:09.3385000
070 11/5/2011 21:15:16.1353750
071 11/5/2011 21:15:24.1677013
072 11/5/2011 21:15:31.7166596
073 11/5/2011 21:15:39.7207526
056 11/5/2011 21:15:47.0656850
064 11/5/2011 21:15:55.6347728
087 11/5/2011 21:16:03.2622026
585 11/5/2011 21:16:14.6719587
511 11/5/2011 21:16:22.8355367
699 11/5/2011 21:16:26.2918907
936 11/5/2011 21:16:37.4464877
943 11/5/2011 21:16:45.6474731
088 11/5/2011 21:16:53.1571877
089 11/5/2011 21:17:01.0282484
090 11/5/2011 21:17:08.5850951
092 11/5/2011 21:17:16.5975521
093 11/5/2011 21:17:23.9271914
094 11/5/2011 21:17:30.8883566
080 11/5/2011 21:17:38.6020802
081 11/5/2011 21:17:46.2530906
082 11/5/2011 21:17:54.0452057
084 11/5/2011 21:18:02.0724953
085 11/5/2011 21:18:09.4412963
086 11/5/2011 21:18:16.8728105
083 11/5/2011 21:18:24.1009533
095 11/5/2011 21:18:32.1605761
074 11/5/2011 21:18:41.6157367
075 11/5/2011 21:18:49.0167911
076 11/5/2011 21:18:57.5781803
573 11/5/2011 21:19:05.1517169
937 11/5/2011 21:19:16.0337757
938 11/5/2011 21:19:27.5176937
869 11/5/2011 21:19:34.4856077
656 11/5/2011 21:19:44.5451412
728 11/5/2011 21:19:54.6831422
944 11/5/2011 21:20:05.1820937
945 11/5/2011 21:20:13.0131502
997 11/5/2011 21:20:21.2867243
058 11/5/2011 21:20:29.8079612
059 11/5/2011 21:20:37.5574040
060 11/5/2011 21:20:45.9368828
061 11/5/2011 21:20:54.6786323
062 11/5/2011 21:21:03.0581111
063 11/5/2011 21:21:11.4848426
120 11/5/2011 21:21:19.5808052
121 11/5/2011 21:21:26.9840187
122 11/5/2011 21:21:34.7338059
125 11/5/2011 21:21:42.6096059
126 11/5/2011 21:21:50.5799155
128 11/5/2011 21:21:58.0776771
129 11/5/2011 21:22:06.0322351
130 11/5/2011 21:22:13.5930031
575 11/5/2011 21:22:21.5151266
835 11/5/2011 21:22:32.6731559
702 11/5/2011 21:22:35.5531550
666 11/5/2011 21:22:38.4961049
839 11/5/2011 21:22:46.0974140
555 11/5/2011 21:22:53.6829854
123 11/5/2011 21:23:01.3472453
124 11/5/2011 21:23:09.0587183
103 11/5/2011 21:23:16.7859290
109 11/5/2011 21:23:25.8098750
112 11/5/2011 21:23:33.4973750
115 11/5/2011 21:23:40.8723750
117 11/5/2011 21:23:48.4192500
118 11/5/2011 21:23:56.2317500
119 11/5/2011 21:24:05.0442500
834 11/5/2011 21:24:17.6223750
670 11/5/2011 21:24:20.6383070
953 11/5/2011 21:24:28.4505013
876 11/5/2011 21:24:35.9182702
947 11/5/2011 21:24:43.5425961
104 11/5/2011 21:24:52.0279855
096 11/5/2011 21:24:59.9810811
097 11/5/2011 21:25:08.9048301
098 11/5/2011 21:25:16.6857130
099 11/5/2011 21:25:24.3107465
100 11/5/2011 21:25:32.9073179
101 11/5/2011 21:25:41.0341313
017 11/5/2011 21:25:48.7225039
566 11/5/2011 21:25:56.9902447
567 11/5/2011 21:26:08.6872189
549 11/5/2011 21:26:23.8287315
559 11/5/2011 21:26:35.9151635
107 11/5/2011 21:26:47.6258515
116 11/5/2011 21:26:59.4304755
113 11/5/2011 21:27:10.1861475
114 11/5/2011 21:27:20.1746755
110 11/5/2011 21:27:29.9206362
111 11/5/2011 21:27:37.1944917
836 11/5/2011 21:27:48.4728784
837 11/5/2011 21:27:55.8405901
838 11/5/2011 21:28:02.9423759
723 11/5/2011 21:28:12.8285623
739 11/5/2011 21:28:23.9360000
136 11/5/2011 21:28:30.8266250
308 11/5/2011 21:28:38.3891250
309 11/5/2011 21:28:46.1235000
298 11/5/2011 21:28:53.9828750
299 11/5/2011 21:29:01.8891250
300 11/5/2011 21:29:09.6391250
301 11/5/2011 21:29:17.8735000
303 11/5/2011 21:29:26.7984631
306 11/5/2011 21:29:35.1359139
527 11/5/2011 21:29:43.3479895
515 11/5/2011 21:29:51.4190180
602 11/5/2011 21:30:02.3893480
624 11/5/2011 21:30:13.4850532
540 11/5/2011 21:30:22.8708785
541 11/5/2011 21:30:30.9205297
302 11/5/2011 21:30:38.4690353
333 11/5/2011 21:30:46.3777393
334 11/5/2011 21:30:53.9888881
326 11/5/2011 21:31:02.7119537
327 11/5/2011 21:31:10.3231025
328 11/5/2011 21:31:17.7933041
329 11/5/2011 21:31:25.3155785
127 11/5/2011 21:31:32.4175313
893 11/5/2011 21:31:43.1410097
894 11/5/2011 21:31:54.1780401
802 11/5/2011 21:32:01.3583809
661 11/5/2011 21:32:11.6428865
701 11/5/2011 21:32:14.5432425
319 11/5/2011 21:32:23.4527500
320 11/5/2011 21:32:31.2496250
321 11/5/2011 21:32:38.9840000
322 11/5/2011 21:32:47.4058750
323 11/5/2011 21:32:55.5465000
307 11/5/2011 21:33:04.2027500
311 11/5/2011 21:33:11.8590000
312 11/5/2011 21:33:19.8277500
315 11/5/2011 21:33:29.0007500
316 11/5/2011 21:33:36.7195000
286 11/5/2011 21:33:44.3757500
426 11/5/2011 21:33:51.8913750
517 11/5/2011 21:33:59.3288750
590 11/5/2011 21:34:06.3132500
317 11/5/2011 21:34:14.5632500
313 11/5/2011 21:34:23.7293868
314 11/5/2011 21:34:31.4957144
310 11/5/2011 21:34:39.2462888
148 11/5/2011 21:34:47.3119272
709 11/5/2011 21:34:49.9584648
671 11/5/2011 21:34:52.5419896
890 11/5/2011 21:34:59.8987340
891 11/5/2011 21:35:07.7438276
860 11/5/2011 21:35:15.6361808
771 11/5/2011 21:35:24.1098750
760 11/5/2011 21:35:32.2348750
332 11/5/2011 21:35:40.2192500
324 11/5/2011 21:35:48.2817500
330 11/5/2011 21:35:56.1880000
271 11/5/2011 21:36:04.0786250
570 11/5/2011 21:36:11.1880000
565 11/5/2011 21:36:19.0317500
622 11/5/2011 21:36:31.3378678
608 11/5/2011 21:36:41.7835450
545 11/5/2011 21:36:49.0923822
553 11/5/2011 21:36:56.8403770
442 11/5/2011 21:37:04.4001614
443 11/5/2011 21:37:11.8972090
438 11/5/2011 21:37:20.1000456
445 11/5/2011 21:37:28.2083073
447 11/5/2011 21:37:36.1761672
448 11/5/2011 21:37:43.7825660
449 11/5/2011 21:37:51.5932689
450 11/5/2011 21:37:59.4511189
854 11/5/2011 21:38:07.3561160
991 11/5/2011 21:38:15.3239759
884 11/5/2011 21:38:23.0855692
451 11/5/2011 21:38:30.9057628
452 11/5/2011 21:38:38.6631436
459 11/5/2011 21:38:46.3420084
460 11/5/2011 21:38:54.1622020
461 11/5/2011 21:39:01.6369252
462 11/5/2011 21:39:09.6298540
463 11/5/2011 21:39:17.5285636
464 11/5/2011 21:39:24.7860655
455 11/5/2011 21:39:32.1712225
457 11/5/2011 21:39:40.1063380
606 11/5/2011 21:39:50.9483770
612 11/5/2011 21:40:01.5075802
630 11/5/2011 21:40:12.2710537
564 11/5/2011 21:40:19.9076203
610 11/5/2011 21:40:30.5303689
611 11/5/2011 21:40:40.7445989
548 11/5/2011 21:40:48.6174131
524 11/5/2011 21:40:57.3702225
458 11/5/2011 21:41:10.5230079
479 11/5/2011 21:41:18.6001067
453 11/5/2011 21:41:26.7158719
454 11/5/2011 21:41:34.3306439
233 11/5/2011 21:41:41.7094209
885 11/5/2011 21:41:49.6073869
886 11/5/2011 21:41:57.5525519
887 11/5/2011 21:42:07.6531379
888 11/5/2011 21:42:16.6996129
663 11/5/2011 21:42:19.4214219
001 11/5/2011 21:42:27.6233537
207 11/5/2011 21:42:35.6687421
208 11/5/2011 21:42:43.3520093
209 11/5/2011 21:42:50.9880433
210 11/5/2011 21:42:59.1908757
212 11/5/2011 21:43:08.0549729
214 11/5/2011 21:43:16.1948277
215 11/5/2011 21:43:24.3293941
216 11/5/2011 21:43:31.6871965
217 11/5/2011 21:43:39.0449989
218 11/5/2011 21:43:49.3742215
674 11/5/2011 21:43:52.1098147
675 11/5/2011 21:43:54.6881899
645 11/5/2011 21:44:06.6839233
650 11/5/2011 21:44:34.0275251
651 11/5/2011 21:44:50.2601046
949 11/5/2011 21:45:03.0288941
996 11/5/2011 21:45:17.9546801
874 11/5/2011 21:45:31.5732143
191 11/5/2011 21:45:43.2214271
201 11/5/2011 21:45:55.4975759
202 11/5/2011 21:46:07.1928839
203 11/5/2011 21:46:18.3858431
204 11/5/2011 21:46:30.3410413
205 11/5/2011 21:46:43.2773577
193 11/5/2011 21:46:54.5848885
194 11/5/2011 21:47:04.4985547
195 11/5/2011 21:47:15.4145505
196 11/5/2011 21:47:23.4161339
197 11/5/2011 21:47:31.4150213
198 11/5/2011 21:47:39.2573747
199 11/5/2011 21:47:47.0684213
579 11/5/2011 21:47:54.6603203
634 11/5/2011 21:48:05.7272741
206 11/5/2011 21:48:13.5226673
219 11/5/2011 21:48:24.4103750
221 11/5/2011 21:48:32.3166250
222 11/5/2011 21:48:39.5666250
223 11/5/2011 21:48:46.9885000
224 11/5/2011 21:48:54.2541250
225 11/5/2011 21:49:01.5978750
226 11/5/2011 21:49:09.1760000
227 11/5/2011 21:49:17.0041250
228 11/5/2011 21:49:24.4069944
229 11/5/2011 21:49:32.8615761
230 11/5/2011 21:49:40.7808584
872 11/5/2011 21:49:49.1094873
993 11/5/2011 21:49:56.6509112
698 11/5/2011 21:50:00.0201486
753 11/5/2011 21:50:10.3955105
754 11/5/2011 21:50:20.7078960
844 11/5/2011 21:50:29.6526250
851 11/5/2011 21:50:36.7932500
007 11/5/2011 21:50:44.3870000
012 11/5/2011 21:50:52.1526250
013 11/5/2011 21:50:59.7776250
014 11/5/2011 21:51:07.1682500
005 11/5/2011 21:51:14.7776250
006 11/5/2011 21:51:22.4394340
568 11/5/2011 21:51:29.9012100
939 11/5/2011 21:51:37.7705620
892 11/5/2011 21:51:45.6399140
946 11/5/2011 21:51:53.0076340
369 11/5/2011 21:52:00.7045500
008 11/5/2011 21:52:08.0095660
009 11/5/2011 21:52:15.3459340
010 11/5/2011 21:52:21.8215986
011 11/5/2011 21:52:30.4394712
015 11/5/2011 21:52:38.2096842
016 11/5/2011 21:52:45.8386206
163 11/5/2011 21:52:53.7972024
176 11/5/2011 21:53:01.9755478
177 11/5/2011 21:53:10.2480776
178 11/5/2011 21:53:17.9241062
180 11/5/2011 21:53:25.7118017
609 11/5/2011 21:53:36.1717273
614 11/5/2011 21:53:46.7261703
597 11/5/2011 21:53:57.7059416
870 11/5/2011 21:54:05.4721213
809 11/5/2011 21:54:12.7814669
738 11/5/2011 21:54:22.8448169
705 11/5/2011 21:54:25.6766129
751 11/5/2011 21:54:35.3204515
801 11/5/2011 21:54:43.9888937
636 11/5/2011 21:54:55.7408471
181 11/5/2011 21:55:04.6452723
182 11/5/2011 21:55:12.6529621
183 11/5/2011 21:55:20.8648975
184 11/5/2011 21:55:28.1779287
185 11/5/2011 21:55:35.5537327
186 11/5/2011 21:55:42.8824571
188 11/5/2011 21:55:50.2896475
189 11/5/2011 21:55:57.6654515
190 11/5/2011 21:56:04.9314031
318 11/5/2011 21:56:11.8364111
179 11/5/2011 21:56:19.2749879
173 11/5/2011 21:56:28.0050000
174 11/5/2011 21:56:35.5675000
164 11/5/2011 21:56:44.3175000
601 11/5/2011 21:56:54.8175000
580 11/5/2011 21:57:02.1300000
737 11/5/2011 21:57:12.7081250
685 11/5/2011 21:57:15.8331250
994 11/5/2011 21:57:23.6896763
987 11/5/2011 21:57:31.5258461
686 11/5/2011 21:57:34.4917271
707 11/5/2011 21:57:37.3015091
669 11/5/2011 21:57:42.4371662
736 11/5/2011 21:57:53.1611675
603 11/5/2011 21:58:03.9007787
504 11/5/2011 21:58:11.8149980
374 11/5/2011 21:58:19.2609203
165 11/5/2011 21:58:26.9459874
167 11/5/2011 21:58:34.0722884
168 11/5/2011 21:58:41.5118334
171 11/5/2011 21:58:49.2802846
169 11/5/2011 21:58:56.8294650
170 11/5/2011 21:59:05.5846348
166 11/5/2011 21:59:13.7133166
337 11/5/2011 21:59:20.7613066
505 11/5/2011 21:59:28.8125460
635 11/5/2011 21:59:39.2855292
706 11/5/2011 21:59:41.9902636
999 11/5/2011 21:59:49.3653824
678 11/5/2011 21:59:51.9757656
853 11/5/2011 21:59:59.8226404
764 11/5/2011 22:00:10.1069212
595 11/5/2011 22:00:21.0834775
539 11/5/2011 22:00:28.3259475
155 11/5/2011 22:00:35.5841620
156 11/5/2011 22:00:43.0155660
157 11/5/2011 22:00:50.4154810
158 11/5/2011 22:00:57.5477395
159 11/5/2011 22:01:04.6957425
149 11/5/2011 22:01:12.2216135
151 11/5/2011 22:01:19.9206740
152 11/5/2011 22:01:27.5993365
147 11/5/2011 22:01:35.1812290
145 11/5/2011 22:01:42.5433565
146 11/5/2011 22:01:49.5601390
153 11/5/2011 22:01:57.0007540
154 11/5/2011 22:02:03.9704440
144 11/5/2011 22:02:11.5052440
160 11/5/2011 22:02:19.5580615
161 11/5/2011 22:02:27.1946656
305 11/5/2011 22:02:34.2809860
529 11/5/2011 22:02:41.4456949
530 11/5/2011 22:02:48.6417592
588 11/5/2011 22:02:58.5814210
584 11/5/2011 22:03:09.0227692
758 11/5/2011 22:03:19.0721749
744 11/5/2011 22:03:29.5851916
657 11/5/2011 22:03:39.5015797
716 11/5/2011 22:03:50.0445958
717 11/5/2011 22:04:00.3212950
708 11/5/2011 22:04:03.0784582
680 11/5/2011 22:04:05.6006359
681 11/5/2011 22:04:08.2168078
734 11/5/2011 22:04:18.1331959
741 11/5/2011 22:04:28.5311250
769 11/5/2011 22:04:35.6092500
950 11/5/2011 22:04:42.7967500
952 11/5/2011 22:04:50.4686250
871 11/5/2011 22:04:57.7967500
637 11/5/2011 22:05:07.6717500
638 11/5/2011 22:05:17.4530000
613 11/5/2011 22:05:27.5467931
518 11/5/2011 22:05:34.4530873
143 11/5/2011 22:05:41.4375070
133 11/5/2011 22:05:48.7031785
137 11/5/2011 22:05:56.6563544
138 11/5/2011 22:06:04.0626518
139 11/5/2011 22:06:11.6720755
140 11/5/2011 22:06:19.0783729
021 11/5/2011 22:06:26.1064136
141 11/5/2011 22:06:33.0758701
142 11/5/2011 22:06:40.6248095
131 11/5/2011 22:06:48.5496297
132 11/5/2011 22:06:57.0226094
134 11/5/2011 22:07:05.3076487
135 11/5/2011 22:07:13.1228370
642 11/5/2011 22:07:23.0828082
345 11/5/2011 22:07:29.9869719
951 11/5/2011 22:07:37.1416268
761 11/5/2011 22:07:44.8442312
752 11/5/2011 22:07:54.6603551
682 11/5/2011 22:07:58.6212472
690 11/5/2011 22:08:02.3786152
714 11/5/2011 22:08:06.0577047
715 11/5/2011 22:08:09.7681056
659 11/5/2011 22:08:19.6155409
665 11/5/2011 22:08:24.7929527
691 11/5/2011 22:08:28.3095959
732 11/5/2011 22:08:38.4827423
763 11/5/2011 22:08:48.7343852
983 11/5/2011 22:09:00.3204686
984 11/5/2011 22:09:12.5659226
477 11/5/2011 22:09:20.4626705
478 11/5/2011 22:09:27.9548232
469 11/5/2011 22:09:36.4052968
470 11/5/2011 22:09:43.9918744
472 11/5/2011 22:09:51.8297672
473 11/5/2011 22:09:59.7776104
497 11/5/2011 22:10:07.9453544
546 11/5/2011 22:10:16.2858776
476 11/5/2011 22:10:23.6357195
480 11/5/2011 22:10:31.5960758
481 11/5/2011 22:10:39.0383024
483 11/5/2011 22:10:46.5904353
484 11/5/2011 22:10:54.0483628
485 11/5/2011 22:11:01.7889065
486 11/5/2011 22:11:12.3870140
759 11/5/2011 22:11:24.1553226
840 11/5/2011 22:11:32.1514458
692 11/5/2011 22:11:35.1421218
683 11/5/2011 22:11:37.8494706
684 11/5/2011 22:11:40.9818102
694 11/5/2011 22:11:43.5317550
695 11/5/2011 22:11:47.0103834
649 11/5/2011 22:11:57.0370182
985 11/5/2011 22:12:09.9126654
482 11/5/2011 22:12:18.2708178
475 11/5/2011 22:12:27.0800000
366 11/5/2011 22:12:35.0487500
367 11/5/2011 22:12:43.0331250
370 11/5/2011 22:12:50.3612500
371 11/5/2011 22:13:00.2987500
552 11/5/2011 22:13:08.4862500
551 11/5/2011 22:13:17.3143750
581 11/5/2011 22:13:25.6024650
986 11/5/2011 22:13:33.9425825
877 11/5/2011 22:13:42.6112975
733 11/5/2011 22:13:52.7978200
664 11/5/2011 22:13:55.6300175
882 11/5/2011 22:14:02.6870400
982 11/5/2011 22:14:14.5165500
536 11/5/2011 22:14:22.2009603
474 11/5/2011 22:14:29.4694275
465 11/5/2011 22:14:36.6282411
466 11/5/2011 22:14:44.3509875
467 11/5/2011 22:14:52.6533315
543 11/5/2011 22:15:01.8329043
522 11/5/2011 22:15:09.2736843
102 11/5/2011 22:15:16.3698387
269 11/5/2011 22:15:24.0828653
273 11/5/2011 22:15:31.9611529
274 11/5/2011 22:15:39.8708281
275 11/5/2011 22:15:47.0585885
262 11/5/2011 22:15:55.3449149
267 11/5/2011 22:16:03.0819583
293 11/5/2011 22:16:10.4894319
259 11/5/2011 22:16:18.2735567
729 11/5/2011 22:16:28.0711657
745 11/5/2011 22:16:39.1183747
766 11/5/2011 22:16:47.7210949
676 11/5/2011 22:16:50.3849609
255 11/5/2011 22:16:57.6557481
256 11/5/2011 22:17:05.9137327
257 11/5/2011 22:17:14.5634623
258 11/5/2011 22:17:22.5881766
263 11/5/2011 22:17:30.2429934
261 11/5/2011 22:17:37.6625187
266 11/5/2011 22:17:45.3016494
563 11/5/2011 22:17:52.7211747
535 11/5/2011 22:18:00.4857942
514 11/5/2011 22:18:08.2190415
272 11/5/2011 22:18:15.7797417
265 11/5/2011 22:18:23.3011866
294 11/5/2011 22:18:31.4687415
296 11/5/2011 22:18:38.9281269
297 11/5/2011 22:18:46.5763575
277 11/5/2011 22:18:54.3347478
278 11/5/2011 22:19:02.3134575
279 11/5/2011 22:19:10.7800173
775 11/5/2011 22:19:19.5613191
779 11/5/2011 22:19:26.7476310
660 11/5/2011 22:19:37.8317820
693 11/5/2011 22:19:41.1963328
249 11/5/2011 22:19:49.0731550
247 11/5/2011 22:19:56.4468668
253 11/5/2011 22:20:04.1193004
241 11/5/2011 22:20:11.9646782
242 11/5/2011 22:20:19.6371118
243 11/5/2011 22:20:27.3477330
244 11/5/2011 22:20:35.2606842
245 11/5/2011 22:20:43.2678372
513 11/5/2011 22:20:51.2121890
557 11/5/2011 22:20:58.5442291
509 11/5/2011 22:21:07.5876019
510 11/5/2011 22:21:15.5476540
523 11/5/2011 22:21:23.1116706
295 11/5/2011 22:21:31.0119210
268 11/5/2011 22:21:38.8181208
276 11/5/2011 22:21:46.6243206
044 11/5/2011 22:21:54.9007734
662 11/5/2011 22:22:05.0895884
842 11/5/2011 22:22:12.8487629
647 11/5/2011 22:22:22.7900964
648 11/5/2011 22:22:33.3425124
704 11/5/2011 22:22:37.1740444
743 11/5/2011 22:22:48.3545804
236 11/5/2011 22:22:56.0019414
237 11/5/2011 22:23:03.9319564
234 11/5/2011 22:23:11.5322084
232 11/5/2011 22:23:19.3523024
192 11/5/2011 22:23:26.9996634
556 11/5/2011 22:23:33.9717954
544 11/5/2011 22:23:41.7604834
607 11/5/2011 22:23:52.9567224
617 11/5/2011 22:24:03.0380484
596 11/5/2011 22:24:13.3706224
525 11/5/2011 22:24:20.4997844
534 11/5/2011 22:24:27.8895038
238 11/5/2011 22:24:35.4670976
239 11/5/2011 22:24:42.5269676
762 11/5/2011 22:24:52.5049172
646 11/5/2011 22:25:02.3573580
873 11/5/2011 22:25:10.3585440
998 11/5/2011 22:25:17.5753000
655 11/5/2011 22:25:27.6747594
700 11/5/2011 22:25:30.3402404
231 11/5/2011 22:25:38.6816280
235 11/5/2011 22:25:46.6623917
503 11/5/2011 22:25:53.8748697
594 11/5/2011 22:26:04.5681523
598 11/5/2011 22:26:14.9948868
372 11/5/2011 22:26:22.0845657
381 11/5/2011 22:26:29.2350727
422 11/5/2011 22:26:37.5642347
375 11/5/2011 22:26:45.7048119
376 11/5/2011 22:26:53.6882351
377 11/5/2011 22:27:01.5145043
378 11/5/2011 22:27:09.6550815
200 11/5/2011 22:27:16.7898731
767 11/5/2011 22:27:25.1774687
955 11/5/2011 22:27:32.7443867
863 11/5/2011 22:27:40.7665757
742 11/5/2011 22:27:50.7040427
667 11/5/2011 22:27:53.4513677
175 11/5/2011 22:28:00.6101117
397 11/5/2011 22:28:08.3183207
398 11/5/2011 22:28:15.6811517
399 11/5/2011 22:28:23.0168483
400 11/5/2011 22:28:30.6150662
401 11/5/2011 22:28:38.1975528
382 11/5/2011 22:28:44.2069094
404 11/5/2011 22:28:51.4433074
444 11/5/2011 22:28:58.8999436
600 11/5/2011 22:29:09.4241833
625 11/5/2011 22:29:20.2787803
626 11/5/2011 22:29:30.5422645
629 11/5/2011 22:29:40.9138833
538 11/5/2011 22:29:48.8063557
383 11/5/2011 22:29:57.3421509
385 11/5/2011 22:30:05.2346233
386 11/5/2011 22:30:13.3938393
388 11/5/2011 22:30:21.4893576
389 11/5/2011 22:30:29.0237897
390 11/5/2011 22:30:36.6208782
220 11/5/2011 22:30:44.2023026
331 11/5/2011 22:30:51.2824758
841 11/5/2011 22:30:59.2711668
883 11/5/2011 22:31:06.9622399
956 11/5/2011 22:31:15.4208539
740 11/5/2011 22:31:25.2553512
187 11/5/2011 22:31:32.7696552
391 11/5/2011 22:31:40.5657456
392 11/5/2011 22:31:49.5359460
393 11/5/2011 22:31:57.3946556
394 11/5/2011 22:32:05.2690200
402 11/5/2011 22:32:12.5641568
403 11/5/2011 22:32:19.9219128
560 11/5/2011 22:32:27.2588556
561 11/5/2011 22:32:34.6575216
572 11/5/2011 22:32:42.4941636
605 11/5/2011 22:32:52.7709576
641 11/5/2011 22:33:02.7505536
379 11/5/2011 22:33:10.3056396
380 11/5/2011 22:33:17.8763676
213 11/5/2011 22:33:25.5877781
703 11/5/2011 22:33:28.2558771
772 11/5/2011 22:33:36.7467098
773 11/5/2011 22:33:45.2532372
889 11/5/2011 22:33:52.3786310
384 11/5/2011 22:33:59.7708347
621 11/5/2011 22:34:10.1921155
569 11/5/2011 22:34:17.5843192
507 11/5/2011 22:34:25.0507160
562 11/5/2011 22:34:32.4665519
632 11/5/2011 22:34:42.3595592
623 11/5/2011 22:34:52.6758806
003 11/5/2011 22:34:59.6370458
004 11/5/2011 22:35:07.2880562
833 11/5/2011 22:35:17.4632729
652 11/5/2011 22:35:27.2564618
653 11/5/2011 22:35:37.0621258
658 11/5/2011 22:35:47.0400938
957 11/5/2011 22:35:54.3865098
589 11/5/2011 22:36:04.2235018
586 11/5/2011 22:36:15.1413098
501 11/5/2011 22:36:22.4279993
502 11/5/2011 22:36:29.6793203
521 11/5/2011 22:36:36.9934233
487 11/5/2011 22:36:44.1662668
489 11/5/2011 22:36:51.7628888
490 11/5/2011 22:36:59.1397738
491 11/5/2011 22:37:06.6736138
494 11/5/2011 22:37:14.2231493
495 11/5/2011 22:37:21.8195175
496 11/5/2011 22:37:28.9431407
488 11/5/2011 22:37:37.3377187
506 11/5/2011 22:37:44.5397959
500 11/5/2011 22:37:51.9458535
554 11/5/2011 22:37:59.5402007
587 11/5/2011 22:38:14.2738619
599 11/5/2011 22:38:26.3978520
615 11/5/2011 22:38:43.4890791
942 11/5/2011 22:38:52.1211708
776 11/5/2011 22:39:00.7532625
735 11/5/2011 22:39:11.1306405
940 11/5/2011 22:39:20.0771982
992 11/5/2011 22:39:29.8602253
542 11/5/2011 22:39:37.4437600
498 11/5/2011 22:39:45.4826208
499 11/5/2011 22:39:53.3016690
531 11/5/2011 22:40:01.1992217
493 11/5/2011 22:40:08.9083636
Insert Area--<none> 11/5/2011 22:40:09.6777077
Insert Area--ANAKROM-REGION-AREA1 11/5/2011 22:40:10.2272392
Insert Area--ANAKROM-REGION-AREA2 11/5/2011 22:40:10.7453689
Insert Area--ANAKROM-REGION-AREA3 11/5/2011 22:40:11.2634986
Insert Area--ANAKROM-REGION-AREA4 11/5/2011 22:40:11.7973292
Insert Area--CAGAYAN-REGION-AREA1 11/5/2011 22:40:12.3468607
Insert Area--CAGAYAN-REGION-AREA2 11/5/2011 22:40:12.8492895
Insert Area--CAGAYAN-REGION-AREA3 11/5/2011 22:40:13.4145219
Insert Area--CAGAYAN-REGION-AREA4 11/5/2011 22:40:13.9326516
Insert Area--CAGAYAN-REGION-AREA5 11/5/2011 22:40:15.2515272
Insert Area--CARAGA-REGION-AREA1 11/5/2011 22:40:15.7853578
Insert Area--CARAGA-REGION-AREA1 11/5/2011 22:40:16.3191884
Insert Area--CARAGA-REGION-AREA2 11/5/2011 22:40:16.8216172
Insert Area--CARAGA-REGION-AREA3 11/5/2011 22:40:17.3397469
Insert Area--CARAGA-REGION-AREA4 11/5/2011 22:40:17.8578766
Insert Area--Cebu Central A 11/5/2011 22:40:18.3760063
