Update--941 5/29/2010
677 5/29/2010
711 5/29/2010
712 5/29/2010
726 5/29/2010
Update--036 5/29/2010
Update--057 5/29/2010
Update--066 5/29/2010
Update--079 5/29/2010
Update--264 5/29/2010
Update--593 5/29/2010
Update--628 5/29/2010
Update--582 5/29/2010
Update--537 5/29/2010
Update--396 5/29/2010
Update--280 5/29/2010
Update--281 5/29/2010
Update--284 5/29/2010
Update--285 5/29/2010
Update--290 5/29/2010
720 5/29/2010
696 5/29/2010
697 5/29/2010
673 5/29/2010
Update--875 5/29/2010
Update--291 5/29/2010
Update--287 5/29/2010
Update--289 5/29/2010
Update--583 5/29/2010
Update--639 5/29/2010
288 5/29/2010
282 5/29/2010
283 5/29/2010
248 5/29/2010
254 5/29/2010
292 5/29/2010
246 5/29/2010
250 5/29/2010
251 5/29/2010
252 5/29/2010
668 5/29/2010
679 5/29/2010
843 5/29/2010
879 5/29/2010
005 5/29/2010
574 5/29/2010
533 5/29/2010
519 5/29/2010
373 5/29/2010
346 5/29/2010
347 5/29/2010
348 5/29/2010
349 5/29/2010
350 5/29/2010
351 5/29/2010
352 5/29/2010
353 5/29/2010
343 5/29/2010
368 5/29/2010
354 5/29/2010
355 5/29/2010
356 5/29/2010
359 5/29/2010
360 5/29/2010
361 5/29/2010
362 5/29/2010
363 5/29/2010
364 5/29/2010
365 5/29/2010
948 5/29/2010
995 5/29/2010
880 5/29/2010
881 5/29/2010
342 5/29/2010
338 5/29/2010
339 5/29/2010
528 5/29/2010
550 5/29/2010
604 5/29/2010
627 5/29/2010
640 5/29/2010
558 5/29/2010
340 5/29/2010
341 5/29/2010
335 5/29/2010
336 5/29/2010
344 5/29/2010
172 5/29/2010
687 5/29/2010
688 5/29/2010
845 5/29/2010
108 5/29/2010
405 5/29/2010
406 5/29/2010
407 5/29/2010
408 5/29/2010
410 5/29/2010
412 5/29/2010
413 5/29/2010
414 5/29/2010
415 5/29/2010
416 5/29/2010
417 5/29/2010
418 5/29/2010
618 5/29/2010
619 5/29/2010
419 5/29/2010
420 5/29/2010
421 5/29/2010
409 5/29/2010
427 5/29/2010
428 5/29/2010
429 5/29/2010
430 5/29/2010
423 5/29/2010
424 5/29/2010
425 5/29/2010
878 5/29/2010
954 5/29/2010
439 5/29/2010
440 5/29/2010
441 5/29/2010
431 5/29/2010
432 5/29/2010
433 5/29/2010
434 5/29/2010
435 5/29/2010
436 5/29/2010
437 5/29/2010
620 5/29/2010
644 5/29/2010
532 5/29/2010
105 5/29/2010
037 5/29/2010
038 5/29/2010
041 5/29/2010
029 5/29/2010
030 5/29/2010
032 5/29/2010
033 5/29/2010
034 5/29/2010
035 5/29/2010
055 5/29/2010
051 5/29/2010
053 5/29/2010
846 5/29/2010
867 5/29/2010
868 5/29/2010
022 5/29/2010
023 5/29/2010
024 5/29/2010
025 5/29/2010
026 5/29/2010
027 5/29/2010
028 5/29/2010
040 5/29/2010
017 5/29/2010
018 5/29/2010
019 5/29/2010
020 5/29/2010
526 5/29/2010
512 5/29/2010
508 5/29/2010
633 5/29/2010
616 5/29/2010
042 5/29/2010
043 5/29/2010
054 5/29/2010
052 5/29/2010
045 5/29/2010
046 5/29/2010
047 5/29/2010
048 5/29/2010
049 5/29/2010
050 5/29/2010
325 5/29/2010
866 5/29/2010
864 5/29/2010
865 5/29/2010
944 5/29/2010
997 5/29/2010
260 5/29/2010
058 5/29/2010
065 5/29/2010
067 5/29/2010
068 5/29/2010
069 5/29/2010
078 5/29/2010
591 5/29/2010
547 5/29/2010
571 5/29/2010
578 5/29/2010
511 5/29/2010
585 5/29/2010
087 5/29/2010
070 5/29/2010
071 5/29/2010
072 5/29/2010
073 5/29/2010
064 5/29/2010
059 5/29/2010
060 5/29/2010
056 5/29/2010
062 5/29/2010
240 5/29/2010
945 5/29/2010
936 5/29/2010
699 5/29/2010
943 5/29/2010
063 5/29/2010
061 5/29/2010
084 5/29/2010
080 5/29/2010
081 5/29/2010
082 5/29/2010
088 5/29/2010
089 5/29/2010
090 5/29/2010
092 5/29/2010
093 5/29/2010
094 5/29/2010
095 5/29/2010
083 5/29/2010
085 5/29/2010
086 5/29/2010
074 5/29/2010
075 5/29/2010
076 5/29/2010
573 5/29/2010
937 5/29/2010
938 5/29/2010
869 5/29/2010
656 5/29/2010
728 5/29/2010
839 5/29/2010
835 5/29/2010
702 5/29/2010
666 5/29/2010
575 5/29/2010
555 5/29/2010
120 5/29/2010
121 5/29/2010
122 5/29/2010
123 5/29/2010
124 5/29/2010
125 5/29/2010
126 5/29/2010
128 5/29/2010
129 5/29/2010
130 5/29/2010
096 5/29/2010
097 5/29/2010
098 5/29/2010
099 5/29/2010
100 5/29/2010
101 5/29/2010
106 5/29/2010
103 5/29/2010
104 5/29/2010
549 5/29/2010
566 5/29/2010
567 5/29/2010
947 5/29/2010
953 5/29/2010
876 5/29/2010
834 5/29/2010
109 5/29/2010
112 5/29/2010
115 5/29/2010
117 5/29/2010
118 5/29/2010
119 5/29/2010
116 5/29/2010
113 5/29/2010
114 5/29/2010
110 5/29/2010
111 5/29/2010
107 5/29/2010
559 5/29/2010
836 5/29/2010
837 5/29/2010
838 5/29/2010
894 5/29/2010
515 5/29/2010
527 5/29/2010
602 5/29/2010
624 5/29/2010
127 5/29/2010
136 5/29/2010
306 5/29/2010
298 5/29/2010
299 5/29/2010
300 5/29/2010
301 5/29/2010
303 5/29/2010
308 5/29/2010
309 5/29/2010
302 5/29/2010
326 5/29/2010
327 5/29/2010
328 5/29/2010
329 5/29/2010
330 5/29/2010
271 5/29/2010
540 5/29/2010
541 5/29/2010
324 5/29/2010
332 5/29/2010
333 5/29/2010
334 5/29/2010
860 5/29/2010
893 5/29/2010
890 5/29/2010
891 5/29/2010
671 5/29/2010
709 5/29/2010
517 5/29/2010
590 5/29/2010
317 5/29/2010
313 5/29/2010
314 5/29/2010
310 5/29/2010
148 5/29/2010
311 5/29/2010
312 5/29/2010
315 5/29/2010
316 5/29/2010
307 5/29/2010
319 5/29/2010
320 5/29/2010
321 5/29/2010
322 5/29/2010
323 5/29/2010
286 5/29/2010
426 5/29/2010
701 5/29/2010
661 5/29/2010
892 5/29/2010
854 5/29/2010
991 5/29/2010
442 5/29/2010
443 5/29/2010
438 5/29/2010
445 5/29/2010
447 5/29/2010
448 5/29/2010
449 5/29/2010
450 5/29/2010
608 5/29/2010
622 5/29/2010
553 5/29/2010
545 5/29/2010
565 5/29/2010
570 5/29/2010
564 5/29/2010
630 5/29/2010
612 5/29/2010
606 5/29/2010
451 5/29/2010
452 5/29/2010
459 5/29/2010
460 5/29/2010
461 5/29/2010
462 5/29/2010
463 5/29/2010
464 5/29/2010
455 5/29/2010
457 5/29/2010
884 5/29/2010
885 5/29/2010
886 5/29/2010
887 5/29/2010
888 5/29/2010
663 5/29/2010
458 5/29/2010
479 5/29/2010
453 5/29/2010
454 5/29/2010
610 5/29/2010
611 5/29/2010
548 5/29/2010
524 5/29/2010
233 5/29/2010
001 5/29/2010
214 5/29/2010
215 5/29/2010
216 5/29/2010
217 5/29/2010
218 5/29/2010
207 5/29/2010
208 5/29/2010
209 5/29/2010
210 5/29/2010
212 5/29/2010
645 5/29/2010
650 5/29/2010
651 5/29/2010
949 5/29/2010
996 5/29/2010
874 5/29/2010
579 5/29/2010
201 5/29/2010
202 5/29/2010
203 5/29/2010
204 5/29/2010
205 5/29/2010
193 5/29/2010
194 5/29/2010
195 5/29/2010
196 5/29/2010
197 5/29/2010
198 5/29/2010
199 5/29/2010
191 5/29/2010
219 5/29/2010
221 5/29/2010
222 5/29/2010
223 5/29/2010
224 5/29/2010
225 5/29/2010
226 5/29/2010
227 5/29/2010
228 5/29/2010
229 5/29/2010
230 5/29/2010
206 5/29/2010
634 5/29/2010
872 5/29/2010
993 5/29/2010
844 5/29/2010
851 5/29/2010
007 5/29/2010
012 5/29/2010
013 5/29/2010
014 5/29/2010
006 5/29/2010
008 5/29/2010
009 5/29/2010
010 5/29/2010
011 5/29/2010
015 5/29/2010
016 5/29/2010
369 5/29/2010
946 5/29/2010
994 5/29/2010
870 5/29/2010
705 5/29/2010
609 5/29/2010
614 5/29/2010
597 5/29/2010
163 5/29/2010
180 5/29/2010
176 5/29/2010
177 5/29/2010
178 5/29/2010
174 5/29/2010
188 5/29/2010
189 5/29/2010
190 5/29/2010
181 5/29/2010
182 5/29/2010
183 5/29/2010
184 5/29/2010
185 5/29/2010
186 5/29/2010
636 5/29/2010
601 5/29/2010
603 5/29/2010
580 5/29/2010
374 5/29/2010
504 5/29/2010
179 5/29/2010
171 5/29/2010
318 5/29/2010
164 5/29/2010
173 5/29/2010
707 5/29/2010
669 5/29/2010
685 5/29/2010
987 5/29/2010
999 5/29/2010
686 5/29/2010
706 5/29/2010
165 5/29/2010
166 5/29/2010
167 5/29/2010
168 5/29/2010
169 5/29/2010
170 5/29/2010
505 5/29/2010
337 5/29/2010
635 5/29/2010
595 5/29/2010
539 5/29/2010
147 5/29/2010
155 5/29/2010
156 5/29/2010
157 5/29/2010
158 5/29/2010
159 5/29/2010
149 5/29/2010
151 5/29/2010
152 5/29/2010
145 5/29/2010
853 5/29/2010
678 5/29/2010
657 5/29/2010
716 5/29/2010
146 5/29/2010
153 5/29/2010
154 5/29/2010
160 5/29/2010
161 5/29/2010
144 5/29/2010
305 5/29/2010
529 5/29/2010
530 5/29/2010
584 5/29/2010
588 5/29/2010
613 5/29/2010
637 5/29/2010
638 5/29/2010
518 5/29/2010
143 5/29/2010
137 5/29/2010
138 5/29/2010
139 5/29/2010
140 5/29/2010
133 5/29/2010
021 5/29/2010
680 5/29/2010
952 5/29/2010
950 5/29/2010
871 5/29/2010
951 5/29/2010
682 5/29/2010
690 5/29/2010
659 5/29/2010
714 5/29/2010
715 5/29/2010
134 5/29/2010
135 5/29/2010
141 5/29/2010
142 5/29/2010
131 5/29/2010
132 5/29/2010
642 5/29/2010
345 5/29/2010
497 5/29/2010
477 5/29/2010
478 5/29/2010
469 5/29/2010
470 5/29/2010
472 5/29/2010
473 5/29/2010
546 5/29/2010
665 5/29/2010
983 5/29/2010
984 5/29/2010
691 5/29/2010
692 5/29/2010
683 5/29/2010
684 5/29/2010
840 5/29/2010
476 5/29/2010
480 5/29/2010
481 5/29/2010
483 5/29/2010
484 5/29/2010
485 5/29/2010
486 5/29/2010
482 5/29/2010
475 5/29/2010
370 5/29/2010
371 5/29/2010
366 5/29/2010
367 5/29/2010
552 5/29/2010
649 5/29/2010
695 5/29/2010
985 5/29/2010
986 5/29/2010
877 5/29/2010
551 5/29/2010
581 5/29/2010
536 5/29/2010
474 5/29/2010
465 5/29/2010
466 5/29/2010
467 5/29/2010
882 5/29/2010
982 5/29/2010
664 5/29/2010
662 5/29/2010
842 5/29/2010
523 5/29/2010
509 5/29/2010
510 5/29/2010
543 5/29/2010
044 5/29/2010
295 5/29/2010
273 5/29/2010
274 5/29/2010
275 5/29/2010
276 5/29/2010
267 5/29/2010
268 5/29/2010
269 5/29/2010
261 5/29/2010
262 5/29/2010
263 5/29/2010
255 5/29/2010
256 5/29/2010
257 5/29/2010
258 5/29/2010
259 5/29/2010
278 5/29/2010
266 5/29/2010
102 5/29/2010
563 5/29/2010
522 5/29/2010
676 5/29/2010
514 5/29/2010
535 5/29/2010
279 5/29/2010
277 5/29/2010
272 5/29/2010
265 5/29/2010
296 5/29/2010
297 5/29/2010
293 5/29/2010
294 5/29/2010
249 5/29/2010
247 5/29/2010
253 5/29/2010
241 5/29/2010
242 5/29/2010
243 5/29/2010
244 5/29/2010
245 5/29/2010
513 5/29/2010
557 5/29/2010
660 5/29/2010
693 5/29/2010
704 5/29/2010
544 5/29/2010
556 5/29/2010
647 5/29/2010
648 5/29/2010
607 5/29/2010
236 5/29/2010
237 5/29/2010
234 5/29/2010
232 5/29/2010
192 5/29/2010
238 5/29/2010
239 5/29/2010
596 5/29/2010
646 5/29/2010
617 5/29/2010
525 5/29/2010
534 5/29/2010
998 5/29/2010
873 5/29/2010
700 5/29/2010
655 5/29/2010
503 5/29/2010
598 5/29/2010
594 5/29/2010
235 5/29/2010
231 5/29/2010
213 5/29/2010
200 5/29/2010
605 5/29/2010
641 5/29/2010
372 5/29/2010
375 5/29/2010
376 5/29/2010
377 5/29/2010
378 5/29/2010
379 5/29/2010
380 5/29/2010
381 5/29/2010
422 5/29/2010
703 5/29/2010
939 5/29/2010
955 5/29/2010
863 5/29/2010
667 5/29/2010
382 5/29/2010
397 5/29/2010
398 5/29/2010
399 5/29/2010
400 5/29/2010
401 5/29/2010
402 5/29/2010
403 5/29/2010
404 5/29/2010
444 5/29/2010
393 5/29/2010
625 5/29/2010
600 5/29/2010
561 5/29/2010
175 5/29/2010
220 5/29/2010
331 5/29/2010
538 5/29/2010
626 5/29/2010
629 5/29/2010
383 5/29/2010
385 5/29/2010
386 5/29/2010
388 5/29/2010
389 5/29/2010
390 5/29/2010
841 5/29/2010
883 5/29/2010
889 5/29/2010
956 5/29/2010
391 5/29/2010
392 5/29/2010
384 5/29/2010
394 5/29/2010
621 5/29/2010
507 5/29/2010
569 5/29/2010
572 5/29/2010
560 5/29/2010
187 5/29/2010
003 5/29/2010
004 5/29/2010
562 5/29/2010
568 5/29/2010
623 5/29/2010
632 5/29/2010
652 5/29/2010
653 5/29/2010
862 5/29/2010
833 5/29/2010
658 5/29/2010
957 5/29/2010
599 5/29/2010
589 5/29/2010
521 5/29/2010
531 5/29/2010
487 5/29/2010
489 5/29/2010
490 5/29/2010
491 5/29/2010
498 5/29/2010
499 5/29/2010
501 5/29/2010
502 5/29/2010
506 5/29/2010
500 5/29/2010
493 5/29/2010
494 5/29/2010
495 5/29/2010
496 5/29/2010
488 5/29/2010
542 5/29/2010
554 5/29/2010
586 5/29/2010
587 5/29/2010
615 5/29/2010
942 5/29/2010
992 5/29/2010
940 5/29/2010
Insert Area--<none> 5/29/2010
Insert Area--ANAKROM-REGION-AREA1 5/29/2010
Insert Area--ANAKROM-REGION-AREA2 5/29/2010
Insert Area--ANAKROM-REGION-AREA3 5/29/2010
Insert Area--ANAKROM-REGION-AREA4 5/29/2010
Insert Area--CAGAYAN-REGION-AREA1 5/29/2010
Insert Area--CAGAYAN-REGION-AREA1 5/29/2010
Insert Area--CAGAYAN-REGION-AREA2 5/29/2010
Insert Area--CAGAYAN-REGION-AREA3 5/29/2010
Insert Area--CAGAYAN-REGION-AREA4 5/29/2010
Insert Area--CARAGA-REGION-AREA1 5/29/2010
Insert Area--CARAGA-REGION-AREA2 5/29/2010
Insert Area--CARAGA-REGION-AREA3 5/29/2010
Insert Area--Cebu Central A 5/29/2010
Insert Area--Cebu Central B 5/29/2010
Insert Area--Cebu Central C 5/29/2010
Insert Area--Cebu North A 5/29/2010
Insert Area--Cebu North A 5/29/2010
Insert Area--Cebu North B 5/29/2010
Insert Area--Cebu North C 5/29/2010
Insert Area--Cebu North D 5/29/2010
Insert Area--Cebu South A 5/29/2010
Insert Area--Cebu South B 5/29/2010
Insert Area--Cebu South C 5/29/2010
Insert Area--CEBU SOUTH D 5/29/2010
Insert Area--DAVA0-MINDANAO-REGION-AREA1 5/29/2010
Insert Area--DAVA0-MINDANAO-REGION-AREA2 5/29/2010
Insert Area--DAVA0-MINDANAO-REGION-AREA4 5/29/2010
Insert Area--Davao-Mindanao-Region-Area3 5/29/2010
Insert Area--Davao-Mindanao-Region-Area3 5/29/2010
Insert Area--DIPOLOG-MINDANAO-REGION-AREA1 5/29/2010
Insert Area--DIPOLOG-MINDANAO-REGION-AREA2 5/29/2010
Insert Area--DIPOLOG-MINDANAO-REGION-AREA3 5/29/2010
Insert Area--HO 5/29/2010
Insert Area--LEYTE-REGION-AREA1 5/29/2010
Insert Area--LEYTE-REGION-AREA2 5/29/2010
Insert Area--LEYTE-REGION-AREA2 5/29/2010
Insert Area--LEYTE-REGION-AREA3 5/29/2010
Insert Area--LUZON-SHOWROOMS 5/29/2010
Insert Area--MINDANAO-SHOWROOMS 5/29/2010
Insert Area--NCR-SHOWROOMS 5/29/2010
Insert Area--NEGROS-OCC-REGION-AREA1 5/29/2010
Insert Area--NEGROS-OCC-REGION-AREA2 5/29/2010
Insert Area--NEGROS-OCC-REGION-AREA3 5/29/2010
Insert Area--NEGROS-OCC-REGION-AREA4 5/29/2010
Insert Area--NEGROS-ORIENTAL-REGION-AREA1 5/29/2010
Insert Area--NEGROS-ORIENTAL-REGION-AREA2 5/29/2010
Insert Area--NEGROS-ORIENTAL-REGION-AREA3 5/29/2010
Insert Area--NEGROS-ORIENTAL-REGION-AREA4 5/29/2010
Insert Area--OZAMIS-MINDANAO-REGION-AREA1 5/29/2010
Insert Area--OZAMIS-MINDANAO-REGION-AREA2 5/29/2010
Insert Area--OZAMIS-MINDANAO-REGION-AREA3 5/29/2010
Insert Area--OZAMIS-MINDANAO-REGION-AREA4 5/29/2010
Insert Area--OZAMIS-MINDANAO-REGION-AREA5 5/29/2010
Insert Area--PANAY-ROMBLON-REGION-AREA1 5/29/2010
Insert Area--PANAY-ROMBLON-REGION-AREA2 5/29/2010
Insert Area--PANAY-ROMBLON-REGION-AREA3 5/29/2010
Insert Area--PANAY-ROMBLON-REGION-AREA4 5/29/2010
Insert Area--SAMAR-REGION-AREA1 5/29/2010
Insert Area--SAMAR-REGION-AREA2 5/29/2010
Insert Area--SAMAR-REGION-AREA3 5/29/2010
Insert Area--SOCSKSARGEN-MINDANAO-AREA1 5/29/2010
Insert Area--SOCSKSARGEN-MINDANAO-AREA1 5/29/2010
Insert Area--SOCSKSARGEN-MINDANAO-AREA2 5/29/2010
Insert Area--SOCSKSARGEN-MINDANAO-AREA3 5/29/2010
Insert Area--SOCSKSARGEN-MINDANAO-AREA4 5/29/2010
Insert Area--VISAYAS-SHOWROOMS 5/29/2010
Insert Area--ZAMBASTA-MINDANAO-AREA1 5/29/2010
Insert Area--ZAMBASTA-MINDANAO-AREA2 5/29/2010
Insert region--ANAKROM-REGION 5/29/2010
Insert region--CAGAYAN-REGION 5/29/2010
Insert region--CARAGA-REGION 5/29/2010
Insert region--Cebu Central 5/29/2010
Insert region--Cebu North 5/29/2010
Insert region--Cebu South 5/29/2010
Insert region--DAVA0-MINDANAO-REGION 5/29/2010
Insert region--DIPOLOG-MINDANAO-REGION 5/29/2010
Insert region--HO 5/29/2010
Insert region--LA-SHOWROOMS 5/29/2010
Insert region--LEYTE-REGION 5/29/2010
Insert region--LUZON/NCR-SHOWROOMS 5/29/2010
Insert region--NEGROS-OCC-REGION 5/29/2010
Insert region--NEGROS-ORIENTAL-REGION 5/29/2010
Insert region--OZAMIS-MINDANAO-REGION 5/29/2010
Insert region--PANAY-ROMBLON-REGION 5/29/2010
Insert region--SAMAR-REGION 5/29/2010
Insert region--SOCSKSARGEN-MINDANAO-REGION 5/29/2010
Insert region--VISMIN-SHOWROOMS 5/29/2010
Insert region--ZAMBASTA-MINDANAO-REGION 5/29/2010
Insert Vismin Wide--  5/29/2010
941 5/28/2010
677 5/28/2010
711 5/28/2010
712 5/28/2010
726 5/28/2010
036 5/28/2010
057 5/28/2010
066 5/28/2010
079 5/28/2010
264 5/28/2010
593 5/28/2010
628 5/28/2010
582 5/28/2010
537 5/28/2010
396 5/28/2010
280 5/28/2010
281 5/28/2010
284 5/28/2010
285 5/28/2010
290 5/28/2010
720 5/28/2010
696 5/28/2010
697 5/28/2010
673 5/28/2010
875 5/28/2010
291 5/28/2010
287 5/28/2010
289 5/28/2010
583 5/28/2010
639 5/28/2010
288 5/28/2010
282 5/28/2010
283 5/28/2010
248 5/28/2010
254 5/28/2010
292 5/28/2010
246 5/28/2010
250 5/28/2010
251 5/28/2010
252 5/28/2010
668 5/28/2010
679 5/28/2010
843 5/28/2010
879 5/28/2010
005 5/28/2010
574 5/28/2010
533 5/28/2010
519 5/28/2010
373 5/28/2010
346 5/28/2010
347 5/28/2010
348 5/28/2010
349 5/28/2010
350 5/28/2010
351 5/28/2010
352 5/28/2010
353 5/28/2010
343 5/28/2010
368 5/28/2010
354 5/28/2010
355 5/28/2010
356 5/28/2010
359 5/28/2010
360 5/28/2010
361 5/28/2010
362 5/28/2010
363 5/28/2010
364 5/28/2010
365 5/28/2010
948 5/28/2010
995 5/28/2010
880 5/28/2010
881 5/28/2010
342 5/28/2010
338 5/28/2010
339 5/28/2010
528 5/28/2010
550 5/28/2010
604 5/28/2010
627 5/28/2010
640 5/28/2010
558 5/28/2010
340 5/28/2010
341 5/28/2010
335 5/28/2010
336 5/28/2010
344 5/28/2010
172 5/28/2010
687 5/28/2010
688 5/28/2010
845 5/28/2010
108 5/28/2010
405 5/28/2010
406 5/28/2010
407 5/28/2010
408 5/28/2010
410 5/28/2010
412 5/28/2010
413 5/28/2010
414 5/28/2010
415 5/28/2010
416 5/28/2010
417 5/28/2010
418 5/28/2010
618 5/28/2010
619 5/28/2010
419 5/28/2010
420 5/28/2010
421 5/28/2010
409 5/28/2010
427 5/28/2010
428 5/28/2010
429 5/28/2010
430 5/28/2010
423 5/28/2010
424 5/28/2010
425 5/28/2010
878 5/28/2010
954 5/28/2010
439 5/28/2010
440 5/28/2010
441 5/28/2010
431 5/28/2010
432 5/28/2010
433 5/28/2010
434 5/28/2010
435 5/28/2010
436 5/28/2010
437 5/28/2010
620 5/28/2010
644 5/28/2010
532 5/28/2010
105 5/28/2010
037 5/28/2010
038 5/28/2010
041 5/28/2010
029 5/28/2010
030 5/28/2010
032 5/28/2010
033 5/28/2010
034 5/28/2010
035 5/28/2010
055 5/28/2010
051 5/28/2010
053 5/28/2010
846 5/28/2010
867 5/28/2010
868 5/28/2010
022 5/28/2010
023 5/28/2010
024 5/28/2010
025 5/28/2010
026 5/28/2010
027 5/28/2010
028 5/28/2010
040 5/28/2010
017 5/28/2010
018 5/28/2010
019 5/28/2010
020 5/28/2010
526 5/28/2010
512 5/28/2010
508 5/28/2010
633 5/28/2010
616 5/28/2010
042 5/28/2010
043 5/28/2010
054 5/28/2010
052 5/28/2010
045 5/28/2010
046 5/28/2010
047 5/28/2010
048 5/28/2010
049 5/28/2010
050 5/28/2010
325 5/28/2010
866 5/28/2010
864 5/28/2010
865 5/28/2010
944 5/28/2010
997 5/28/2010
260 5/28/2010
058 5/28/2010
065 5/28/2010
067 5/28/2010
068 5/28/2010
069 5/28/2010
078 5/28/2010
591 5/28/2010
547 5/28/2010
571 5/28/2010
578 5/28/2010
511 5/28/2010
585 5/28/2010
087 5/28/2010
070 5/28/2010
071 5/28/2010
072 5/28/2010
073 5/28/2010
064 5/28/2010
059 5/28/2010
060 5/28/2010
056 5/28/2010
062 5/28/2010
240 5/28/2010
945 5/28/2010
936 5/28/2010
699 5/28/2010
943 5/28/2010
063 5/28/2010
061 5/28/2010
084 5/28/2010
080 5/28/2010
081 5/28/2010
082 5/28/2010
088 5/28/2010
089 5/28/2010
090 5/28/2010
092 5/28/2010
093 5/28/2010
094 5/28/2010
095 5/28/2010
083 5/28/2010
085 5/28/2010
086 5/28/2010
074 5/28/2010
075 5/28/2010
076 5/28/2010
573 5/28/2010
937 5/28/2010
938 5/28/2010
869 5/28/2010
656 5/28/2010
728 5/28/2010
839 5/28/2010
835 5/28/2010
702 5/28/2010
666 5/28/2010
575 5/28/2010
555 5/28/2010
120 5/28/2010
121 5/28/2010
122 5/28/2010
123 5/28/2010
124 5/28/2010
125 5/28/2010
126 5/28/2010
128 5/28/2010
129 5/28/2010
130 5/28/2010
096 5/28/2010
097 5/28/2010
098 5/28/2010
099 5/28/2010
100 5/28/2010
101 5/28/2010
106 5/28/2010
103 5/28/2010
104 5/28/2010
549 5/28/2010
566 5/28/2010
567 5/28/2010
947 5/28/2010
953 5/28/2010
876 5/28/2010
834 5/28/2010
109 5/28/2010
112 5/28/2010
115 5/28/2010
117 5/28/2010
118 5/28/2010
119 5/28/2010
116 5/28/2010
113 5/28/2010
114 5/28/2010
110 5/28/2010
111 5/28/2010
107 5/28/2010
559 5/28/2010
836 5/28/2010
837 5/28/2010
838 5/28/2010
894 5/28/2010
515 5/28/2010
527 5/28/2010
602 5/28/2010
624 5/28/2010
127 5/28/2010
136 5/28/2010
306 5/28/2010
298 5/28/2010
299 5/28/2010
300 5/28/2010
301 5/28/2010
303 5/28/2010
308 5/28/2010
309 5/28/2010
302 5/28/2010
326 5/28/2010
327 5/28/2010
328 5/28/2010
329 5/28/2010
330 5/28/2010
271 5/28/2010
540 5/28/2010
541 5/28/2010
324 5/28/2010
332 5/28/2010
333 5/28/2010
334 5/28/2010
860 5/28/2010
893 5/28/2010
890 5/28/2010
891 5/28/2010
671 5/28/2010
709 5/28/2010
517 5/28/2010
590 5/28/2010
317 5/28/2010
313 5/28/2010
314 5/28/2010
310 5/28/2010
148 5/28/2010
311 5/28/2010
312 5/28/2010
315 5/28/2010
316 5/28/2010
307 5/28/2010
319 5/28/2010
320 5/28/2010
321 5/28/2010
322 5/28/2010
323 5/28/2010
286 5/28/2010
426 5/28/2010
701 5/28/2010
661 5/28/2010
892 5/28/2010
854 5/28/2010
991 5/28/2010
442 5/28/2010
443 5/28/2010
438 5/28/2010
445 5/28/2010
447 5/28/2010
448 5/28/2010
449 5/28/2010
450 5/28/2010
608 5/28/2010
622 5/28/2010
553 5/28/2010
545 5/28/2010
565 5/28/2010
570 5/28/2010
564 5/28/2010
630 5/28/2010
612 5/28/2010
606 5/28/2010
451 5/28/2010
452 5/28/2010
459 5/28/2010
460 5/28/2010
461 5/28/2010
462 5/28/2010
463 5/28/2010
464 5/28/2010
455 5/28/2010
457 5/28/2010
884 5/28/2010
885 5/28/2010
886 5/28/2010
887 5/28/2010
888 5/28/2010
663 5/28/2010
458 5/28/2010
479 5/28/2010
453 5/28/2010
454 5/28/2010
610 5/28/2010
611 5/28/2010
548 5/28/2010
524 5/28/2010
233 5/28/2010
001 5/28/2010
214 5/28/2010
215 5/28/2010
216 5/28/2010
217 5/28/2010
218 5/28/2010
207 5/28/2010
208 5/28/2010
209 5/28/2010
210 5/28/2010
212 5/28/2010
645 5/28/2010
650 5/28/2010
651 5/28/2010
949 5/28/2010
996 5/28/2010
874 5/28/2010
579 5/28/2010
201 5/28/2010
202 5/28/2010
203 5/28/2010
204 5/28/2010
205 5/28/2010
193 5/28/2010
194 5/28/2010
195 5/28/2010
196 5/28/2010
197 5/28/2010
198 5/28/2010
199 5/28/2010
191 5/28/2010
219 5/28/2010
221 5/28/2010
222 5/28/2010
223 5/28/2010
224 5/28/2010
225 5/28/2010
226 5/28/2010
227 5/28/2010
228 5/28/2010
229 5/28/2010
230 5/28/2010
206 5/28/2010
634 5/28/2010
872 5/28/2010
993 5/28/2010
844 5/28/2010
851 5/28/2010
007 5/28/2010
012 5/28/2010
013 5/28/2010
014 5/28/2010
006 5/28/2010
008 5/28/2010
009 5/28/2010
010 5/28/2010
011 5/28/2010
015 5/28/2010
016 5/28/2010
369 5/28/2010
946 5/28/2010
994 5/28/2010
870 5/28/2010
705 5/28/2010
609 5/28/2010
614 5/28/2010
597 5/28/2010
163 5/28/2010
180 5/28/2010
176 5/28/2010
177 5/28/2010
178 5/28/2010
174 5/28/2010
188 5/28/2010
189 5/28/2010
190 5/28/2010
181 5/28/2010
182 5/28/2010
183 5/28/2010
184 5/28/2010
185 5/28/2010
186 5/28/2010
636 5/28/2010
601 5/28/2010
603 5/28/2010
580 5/28/2010
374 5/28/2010
504 5/28/2010
179 5/28/2010
171 5/28/2010
318 5/28/2010
164 5/28/2010
173 5/28/2010
707 5/28/2010
669 5/28/2010
685 5/28/2010
987 5/28/2010
999 5/28/2010
686 5/28/2010
706 5/28/2010
165 5/28/2010
166 5/28/2010
167 5/28/2010
168 5/28/2010
169 5/28/2010
170 5/28/2010
505 5/28/2010
337 5/28/2010
635 5/28/2010
595 5/28/2010
539 5/28/2010
147 5/28/2010
155 5/28/2010
156 5/28/2010
157 5/28/2010
158 5/28/2010
159 5/28/2010
149 5/28/2010
151 5/28/2010
152 5/28/2010
145 5/28/2010
853 5/28/2010
678 5/28/2010
657 5/28/2010
716 5/28/2010
146 5/28/2010
153 5/28/2010
154 5/28/2010
160 5/28/2010
161 5/28/2010
144 5/28/2010
305 5/28/2010
529 5/28/2010
530 5/28/2010
584 5/28/2010
588 5/28/2010
613 5/28/2010
637 5/28/2010
638 5/28/2010
518 5/28/2010
143 5/28/2010
137 5/28/2010
138 5/28/2010
139 5/28/2010
140 5/28/2010
133 5/28/2010
021 5/28/2010
680 5/28/2010
952 5/28/2010
950 5/28/2010
871 5/28/2010
951 5/28/2010
682 5/28/2010
690 5/28/2010
659 5/28/2010
714 5/28/2010
715 5/28/2010
134 5/28/2010
135 5/28/2010
141 5/28/2010
142 5/28/2010
131 5/28/2010
132 5/28/2010
642 5/28/2010
345 5/28/2010
497 5/28/2010
477 5/28/2010
478 5/28/2010
469 5/28/2010
470 5/28/2010
472 5/28/2010
473 5/28/2010
546 5/28/2010
665 5/28/2010
983 5/28/2010
984 5/28/2010
691 5/28/2010
692 5/28/2010
683 5/28/2010
684 5/28/2010
840 5/28/2010
476 5/28/2010
480 5/28/2010
481 5/28/2010
483 5/28/2010
484 5/28/2010
485 5/28/2010
486 5/28/2010
482 5/28/2010
475 5/28/2010
370 5/28/2010
371 5/28/2010
366 5/28/2010
367 5/28/2010
552 5/28/2010
649 5/28/2010
695 5/28/2010
985 5/28/2010
986 5/28/2010
877 5/28/2010
551 5/28/2010
581 5/28/2010
536 5/28/2010
474 5/28/2010
465 5/28/2010
466 5/28/2010
467 5/28/2010
882 5/28/2010
982 5/28/2010
664 5/28/2010
662 5/28/2010
842 5/28/2010
523 5/28/2010
509 5/28/2010
510 5/28/2010
543 5/28/2010
044 5/28/2010
295 5/28/2010
273 5/28/2010
