Update--941 9/26/2011 14:59:35.4110893
Update--677 9/26/2011 14:59:41.1456478
Update--711 9/26/2011 14:59:46.7082367
Update--712 9/26/2011 14:59:56.0521063
Update--726 9/26/2011 15:00:09.9116587
Update--036 9/26/2011 15:00:27.3650071
Update--057 9/26/2011 15:00:50.7246257
Update--066 9/26/2011 15:01:09.2247441
Update--079 9/26/2011 15:01:19.0998073
Update--264 9/26/2011 15:01:47.1156439
Update--593 9/26/2011 15:01:56.1001339
Update--628 9/26/2011 15:02:14.5066195
Update--582 9/26/2011 15:02:29.4286855
Update--537 9/26/2011 15:02:38.5694275
Update--396 9/26/2011 15:02:52.2257873
Update--280 9/26/2011 15:03:00.1789632
Update--281 9/26/2011 15:03:15.7259377
Update--284 9/26/2011 15:03:32.4447947
Update--285 9/26/2011 15:03:40.8667236
Update--290 9/26/2011 15:03:52.6636741
Update--720 9/26/2011 15:03:59.7887197
Update--696 9/26/2011 15:04:10.1169108
Update--697 9/26/2011 15:04:20.3982266
Update--673 9/26/2011 15:04:32.1639269
Update--875 9/26/2011 15:04:43.1327403
Update--727 9/26/2011 15:04:55.9921153
Update--730 9/26/2011 15:05:11.7733653
Update--731 9/26/2011 15:05:22.3046153
Update--724 9/26/2011 15:05:40.5389903
Update--725 9/26/2011 15:05:48.8202403
Update--291 9/26/2011 15:05:59.4139903
Update--287 9/26/2011 15:06:13.2108653
Update--289 9/26/2011 15:06:35.6327403
Update--583 9/26/2011 15:06:49.3993502
Update--639 9/26/2011 15:07:08.5894290
Update--288 9/26/2011 15:07:31.0455717
Update--292 9/26/2011 15:07:38.3434274
Update--282 9/26/2011 15:07:50.8132942
Update--283 9/26/2011 15:08:01.9234513
Update--246 9/26/2011 15:08:09.2052139
Update--250 9/26/2011 15:08:28.1127949
Update--251 9/26/2011 15:08:44.1763587
Update--252 9/26/2011 15:08:54.2548707
Update--254 9/26/2011 15:09:12.3336899
Update--248 9/26/2011 15:09:33.1157379
Update--747 9/26/2011 15:09:47.6318493
Update--843 9/26/2011 15:10:05.4291799
Update--679 9/26/2011 15:10:09.8667935
Update--668 9/26/2011 15:10:21.9921039
Update--005 9/26/2011 15:10:29.9454325
Update--574 9/26/2011 15:10:40.8988379
Update--519 9/26/2011 15:10:50.3677243
Update--533 9/26/2011 15:11:03.0085111
Update--346 9/26/2011 15:11:14.9461639
Update--347 9/26/2011 15:11:28.5869635
Update--348 9/26/2011 15:11:48.1184249
Update--349 9/26/2011 15:12:00.0872515
Update--350 9/26/2011 15:12:20.2123803
Update--351 9/26/2011 15:12:29.7905666
Update--352 9/26/2011 15:12:36.8062365
Update--353 9/26/2011 15:12:44.6031614
Update--373 9/26/2011 15:12:51.6032062
Update--338 9/26/2011 15:13:03.6657834
Update--339 9/26/2011 15:13:12.8064669
Update--342 9/26/2011 15:13:25.8846756
Update--528 9/26/2011 15:13:34.3378547
Update--550 9/26/2011 15:13:46.1660554
Update--604 9/26/2011 15:14:00.4630219
Update--627 9/26/2011 15:14:10.1037086
Update--880 9/26/2011 15:14:18.1662602
Update--881 9/26/2011 15:14:30.9632171
Update--948 9/26/2011 15:14:45.1664133
Update--995 9/26/2011 15:15:05.7601633
Update--355 9/26/2011 15:15:19.5257883
Update--356 9/26/2011 15:15:29.3226633
Update--359 9/26/2011 15:15:35.8382883
Update--360 9/26/2011 15:15:49.1039582
Update--361 9/26/2011 15:15:57.0727592
Update--362 9/26/2011 15:16:12.8853604
Update--363 9/26/2011 15:16:21.1510383
Update--368 9/26/2011 15:16:35.5573805
Update--365 9/26/2011 15:16:47.5574573
Update--344 9/26/2011 15:16:55.6512591
Update--340 9/26/2011 15:17:12.0107388
Update--341 9/26/2011 15:17:28.7764711
Update--640 9/26/2011 15:17:42.6984313
Update--558 9/26/2011 15:18:00.0578063
Update--172 9/26/2011 15:18:21.0109313
Update--335 9/26/2011 15:18:32.6203063
Update--336 9/26/2011 15:18:43.8859428
Update--687 9/26/2011 15:18:54.6672618
Update--688 9/26/2011 15:19:04.8235768
Update--689 9/26/2011 15:19:19.9486736
Update--879 9/26/2011 15:19:34.7768935
Update--343 9/26/2011 15:19:49.5738632
Update--354 9/26/2011 15:20:13.6521423
Update--364 9/26/2011 15:20:24.6209625
Update--410 9/26/2011 15:20:34.4491504
Update--412 9/26/2011 15:20:41.9960737
Update--413 9/26/2011 15:20:51.7773863
Update--414 9/26/2011 15:21:04.9962209
Update--415 9/26/2011 15:21:15.0275351
Update--416 9/26/2011 15:21:25.9182298
Update--405 9/26/2011 15:21:41.9652075
Update--407 9/26/2011 15:21:54.4339583
Update--408 9/26/2011 15:22:06.7308333
Update--618 9/26/2011 15:22:15.6527083
Update--620 9/26/2011 15:22:33.7464583
Update--108 9/26/2011 15:22:49.0590029
Update--845 9/26/2011 15:23:00.0121980
Update--862 9/26/2011 15:23:13.9654123
Update--748 9/26/2011 15:23:21.3404595
Update--878 9/26/2011 15:23:29.6217625
Update--619 9/26/2011 15:23:37.2311862
Update--430 9/26/2011 15:23:44.9187354
Update--406 9/26/2011 15:23:54.2469201
Update--417 9/26/2011 15:24:07.3095037
Update--418 9/26/2011 15:24:16.4345621
Update--419 9/26/2011 15:24:35.2315574
Update--420 9/26/2011 15:24:48.7785191
Update--421 9/26/2011 15:24:57.3723241
Update--423 9/26/2011 15:25:09.5755272
Update--424 9/26/2011 15:25:23.7787431
Update--425 9/26/2011 15:25:35.3569422
Update--431 9/26/2011 15:25:51.9038603
Update--409 9/26/2011 15:26:07.7319853
Update--427 9/26/2011 15:26:21.2788603
Update--428 9/26/2011 15:26:33.7944853
Update--429 9/26/2011 15:26:43.3101181
Update--434 9/26/2011 15:26:50.8101661
Update--954 9/26/2011 15:27:05.0290071
Update--719 9/26/2011 15:27:18.0603405
Update--718 9/26/2011 15:27:26.9510224
Update--435 9/26/2011 15:27:37.9198426
Update--436 9/26/2011 15:27:53.3105661
Update--437 9/26/2011 15:28:06.1075230
Update--439 9/26/2011 15:28:13.0450674
Update--440 9/26/2011 15:28:21.5451218
Update--441 9/26/2011 15:28:33.9827014
Update--432 9/26/2011 15:28:45.2015033
Update--433 9/26/2011 15:28:58.6858783
Update--105 9/26/2011 15:29:22.2640033
Update--018 9/26/2011 15:29:51.5296283
Update--037 9/26/2011 15:30:13.6233783
Update--040 9/26/2011 15:30:28.7640033
Update--029 9/26/2011 15:30:41.7796283
Update--030 9/26/2011 15:31:03.5922659
Update--032 9/26/2011 15:31:21.2955042
Update--033 9/26/2011 15:31:31.3268184
Update--034 9/26/2011 15:31:49.4831846
Update--035 9/26/2011 15:32:04.5770312
Update--750 9/26/2011 15:32:22.3271448
Update--868 9/26/2011 15:32:46.4054239
Update--846 9/26/2011 15:33:07.4524336
Update--749 9/26/2011 15:33:20.6868933
Update--867 9/26/2011 15:33:39.3901380
Update--022 9/26/2011 15:33:50.2339574
Update--023 9/26/2011 15:34:08.1090718
Update--024 9/26/2011 15:34:23.8747977
Update--025 9/26/2011 15:34:39.1092702
Update--026 9/26/2011 15:34:52.4843558
Update--027 9/26/2011 15:35:07.8438291
Update--028 9/26/2011 15:35:25.4845670
Update--019 9/26/2011 15:35:35.7033824
Update--020 9/26/2011 15:35:55.2346733
Update--078 9/26/2011 15:36:09.2034233
Update--526 9/26/2011 15:36:25.8909233
Update--512 9/26/2011 15:36:44.4065483
Update--508 9/26/2011 15:37:01.3909233
Update--616 9/26/2011 15:37:17.8596733
Update--633 9/26/2011 15:37:29.2659233
Update--045 9/26/2011 15:37:37.0784233
Update--046 9/26/2011 15:37:57.3910212
Update--047 9/26/2011 15:38:09.6254745
Update--048 9/26/2011 15:38:37.8287800
Update--049 9/26/2011 15:39:01.0945539
Update--050 9/26/2011 15:39:14.8446419
Update--054 9/26/2011 15:39:28.9384821
Update--042 9/26/2011 15:39:42.6416948
Update--052 9/26/2011 15:40:00.0168060
Update--325 9/26/2011 15:40:09.2043648
Update--053 9/26/2011 15:40:25.5325943
Update--043 9/26/2011 15:40:41.0170684
Update--055 9/26/2011 15:40:55.3920753
Update--051 9/26/2011 15:41:09.1420753
Update--041 9/26/2011 15:41:22.0795753
Update--038 9/26/2011 15:41:39.2670753
Update--532 9/26/2011 15:41:54.5640301
Update--866 9/26/2011 15:42:12.2516433
Update--722 9/26/2011 15:42:38.3611854
Update--721 9/26/2011 15:43:01.0175804
Update--864 9/26/2011 15:43:20.2833287
Update--865 9/26/2011 15:43:28.9240090
Update--710 9/26/2011 15:43:41.9865926
Update--547 9/26/2011 15:43:55.6171363
Update--644 9/26/2011 15:44:05.6484658
Update--591 9/26/2011 15:44:20.2807483
Update--571 9/26/2011 15:44:43.9413409
Update--578 9/26/2011 15:44:57.6708025
Update--067 9/26/2011 15:45:25.3486465
Update--068 9/26/2011 15:45:43.5810517
Update--069 9/26/2011 15:46:07.4655253
Update--065 9/26/2011 15:46:23.9408101
Update--260 9/26/2011 15:46:59.1857778
Update--240 9/26/2011 15:47:16.6579936
Update--070 9/26/2011 15:47:27.2382173
Update--071 9/26/2011 15:47:39.4593915
Update--072 9/26/2011 15:47:57.1294165
Update--073 9/26/2011 15:48:09.3120417
Update--056 9/26/2011 15:48:27.2810229
Update--064 9/26/2011 15:48:48.7345801
Update--087 9/26/2011 15:48:58.2388361
Update--585 9/26/2011 15:49:14.9963401
Update--511 9/26/2011 15:49:31.5349961
Update--699 9/26/2011 15:49:44.6809376
Update--936 9/26/2011 15:50:08.7957131
Update--943 9/26/2011 15:50:19.5012356
Update--088 9/26/2011 15:50:37.6928096
Update--089 9/26/2011 15:51:03.5870389
Update--090 9/26/2011 15:51:21.7142429
Update--092 9/26/2011 15:51:31.2935326
Update--093 9/26/2011 15:51:52.6079552
Update--094 9/26/2011 15:52:02.9054233
Update--080 9/26/2011 15:52:23.2190933
Update--081 9/26/2011 15:52:41.2513819
Update--082 9/26/2011 15:52:58.4394551
Update--084 9/26/2011 15:53:08.1428906
Update--085 9/26/2011 15:53:21.7527011
Update--086 9/26/2011 15:53:32.7999296
Update--083 9/26/2011 15:53:49.8239881
Update--095 9/26/2011 15:54:05.3091721
Update--074 9/26/2011 15:54:28.9123465
Update--075 9/26/2011 15:54:52.5881928
Update--076 9/26/2011 15:55:09.7535562
Update--573 9/26/2011 15:55:27.1065192
Update--937 9/26/2011 15:55:38.2374288
Update--938 9/26/2011 15:56:02.1042463
Update--656 9/26/2011 15:56:13.8417755
Update--869 9/26/2011 15:56:27.5798423
Update--728 9/26/2011 15:56:36.3634527
Update--944 9/26/2011 15:56:46.0686859
Update--945 9/26/2011 15:56:59.1799067
Update--997 9/26/2011 15:57:14.2601547
Update--058 9/26/2011 15:57:32.9346587
Update--059 9/26/2011 15:57:44.4986079
Update--060 9/26/2011 15:57:55.9055879
Update--061 9/26/2011 15:58:18.9851899
Update--062 9/26/2011 15:58:31.5953719
Update--063 9/26/2011 15:58:39.2364859
Update--120 9/26/2011 15:58:52.2369959
Update--121 9/26/2011 15:59:01.7372999
Update--122 9/26/2011 15:59:16.5815249
Update--125 9/26/2011 15:59:34.2070889
Update--126 9/26/2011 15:59:46.9418104
Update--128 9/26/2011 16:00:04.9421560
Update--129 9/26/2011 16:00:29.7551324
Update--130 9/26/2011 16:00:40.8334701
Update--575 9/26/2011 16:01:08.8025867
Update--835 9/26/2011 16:01:22.9590179
Update--702 9/26/2011 16:01:37.5217043
Update--666 9/26/2011 16:01:46.1624144
Update--839 9/26/2011 16:02:04.8656591
Update--555 9/26/2011 16:02:16.5532339
Update--123 9/26/2011 16:02:37.2721165
Update--124 9/26/2011 16:02:52.6784651
Update--106 9/26/2011 16:03:06.4598033
Update--103 9/26/2011 16:03:25.6474261
Update--109 9/26/2011 16:03:39.0850121
Update--112 9/26/2011 16:03:49.9288811
Update--115 9/26/2011 16:03:59.1633743
Update--117 9/26/2011 16:04:24.2105699
Update--118 9/26/2011 16:04:37.1169851
Update--119 9/26/2011 16:04:52.1952390
Update--834 9/26/2011 16:05:08.1328410
Update--670 9/26/2011 16:05:32.0861193
Update--953 9/26/2011 16:05:55.0862665
Update--876 9/26/2011 16:06:22.3051907
Update--947 9/26/2011 16:06:43.5240679
Update--104 9/26/2011 16:07:01.4615679
Update--096 9/26/2011 16:07:10.3053179
Update--097 9/26/2011 16:07:29.7584429
Update--098 9/26/2011 16:07:46.4615953
Update--099 9/26/2011 16:08:16.2274108
Update--100 9/26/2011 16:08:25.7587218
Update--101 9/26/2011 16:08:37.7587986
Update--017 9/26/2011 16:09:00.1339418
Update--566 9/26/2011 16:09:21.9778316
Update--567 9/26/2011 16:09:57.3373359
Update--549 9/26/2011 16:10:26.9310859
Update--559 9/26/2011 16:10:39.5248359
Update--107 9/26/2011 16:10:55.8582984
Update--116 9/26/2011 16:11:09.9106573
Update--113 9/26/2011 16:11:21.8840799
Update--114 9/26/2011 16:11:35.1392527
Update--110 9/26/2011 16:11:52.0033884
Update--111 9/26/2011 16:12:12.6482406
Update--836 9/26/2011 16:12:26.3385438
Update--837 9/26/2011 16:12:48.7335509
Update--838 9/26/2011 16:13:13.5190831
Update--723 9/26/2011 16:13:28.1309826
Update--739 9/26/2011 16:13:38.1795937
Update--136 9/26/2011 16:13:53.4774080
Update--308 9/26/2011 16:14:02.9619651
Update--309 9/26/2011 16:14:22.3529624
Update--298 9/26/2011 16:14:39.9470502
Update--299 9/26/2011 16:14:59.1191862
Update--300 9/26/2011 16:15:21.4788474
Update--301 9/26/2011 16:15:52.1354274
Update--303 9/26/2011 16:16:16.3387073
Update--306 9/26/2011 16:16:32.7450623
Update--527 9/26/2011 16:16:54.8545788
Update--515 9/26/2011 16:17:28.4172936
Update--602 9/26/2011 16:17:41.1517501
Update--624 9/26/2011 16:18:09.8545155
Update--540 9/26/2011 16:18:38.0428670
Update--541 9/26/2011 16:18:48.9621120
Update--302 9/26/2011 16:19:11.9974752
Update--333 9/26/2011 16:19:33.7504896
Update--334 9/26/2011 16:19:53.9816145
Update--326 9/26/2011 16:20:38.8914886
Update--327 9/26/2011 16:21:07.4516572
Update--328 9/26/2011 16:21:23.8699783
Update--329 9/26/2011 16:21:45.5829228
Update--127 9/26/2011 16:22:07.4505829
Update--893 9/26/2011 16:22:31.8853842
Update--894 9/26/2011 16:22:50.0989164
Update--892 9/26/2011 16:23:17.9366924
Update--661 9/26/2011 16:23:31.4176828
Update--701 9/26/2011 16:23:38.9401380
Update--319 9/26/2011 16:23:54.3080827
Update--320 9/26/2011 16:24:14.6610769
Update--321 9/26/2011 16:24:31.6531696
Update--322 9/26/2011 16:25:03.8348755
Update--323 9/26/2011 16:25:26.4963455
Update--307 9/26/2011 16:25:45.1253613
Update--311 9/26/2011 16:26:03.1119232
Update--312 9/26/2011 16:26:40.4289604
Update--315 9/26/2011 16:26:54.5235849
Update--316 9/26/2011 16:27:12.1338615
Update--286 9/26/2011 16:27:35.3381745
Update--426 9/26/2011 16:27:52.7294955
Update--517 9/26/2011 16:28:07.7456010
Update--590 9/26/2011 16:28:26.6993325
Update--317 9/26/2011 16:28:36.9184095
Update--313 9/26/2011 16:28:46.5962295
Update--314 9/26/2011 16:28:55.0928763
Update--310 9/26/2011 16:29:09.0348879
Update--148 9/26/2011 16:29:26.9200947
Update--709 9/26/2011 16:29:33.3043155
Update--671 9/26/2011 16:29:40.7838683
Update--890 9/26/2011 16:29:56.5154860
Update--891 9/26/2011 16:30:15.4981970
Update--860 9/26/2011 16:30:29.1957710
Update--332 9/26/2011 16:30:37.9991205
Update--324 9/26/2011 16:30:53.6471680
Update--330 9/26/2011 16:31:18.5312424
Update--271 9/26/2011 16:31:42.9150840
Update--570 9/26/2011 16:32:05.2629810
Update--622 9/26/2011 16:32:17.4371151
Update--608 9/26/2011 16:32:32.4867828
Update--545 9/26/2011 16:32:47.3815956
Update--553 9/26/2011 16:33:04.4211296
Update--565 9/26/2011 16:33:20.8509922
Update--442 9/26/2011 16:33:36.5617552
Update--443 9/26/2011 16:33:54.5519860
Update--438 9/26/2011 16:34:12.9627124
Update--445 9/26/2011 16:34:32.4361972
Update--447 9/26/2011 16:34:46.4860248
Update--448 9/26/2011 16:34:59.4407249
Update--449 9/26/2011 16:35:19.5369183
Update--450 9/26/2011 16:35:37.2265691
Update--854 9/26/2011 16:36:05.5880732
Update--991 9/26/2011 16:36:31.7303712
Update--884 9/26/2011 16:36:40.9653372
Update--451 9/26/2011 16:36:54.3564457
Update--452 9/26/2011 16:37:01.6691797
Update--459 9/26/2011 16:37:21.1698037
Update--460 9/26/2011 16:37:32.1545302
Update--461 9/26/2011 16:37:52.2956767
Update--462 9/26/2011 16:38:12.8898221
Update--463 9/26/2011 16:38:30.8432918
Update--464 9/26/2011 16:38:51.6717592
Update--455 9/26/2011 16:39:05.3594344
Update--457 9/26/2011 16:39:28.6409824
Update--564 9/26/2011 16:39:44.5161739
Update--612 9/26/2011 16:40:01.7037839
Update--630 9/26/2011 16:40:14.0632380
Update--606 9/26/2011 16:40:27.5008240
Update--610 9/26/2011 16:40:50.9072764
Update--611 9/26/2011 16:41:09.5637652
548 9/26/2011 16:41:19.5795184
524 9/26/2011 16:41:31.7515492
458 9/26/2011 16:41:50.7048655
479 9/26/2011 16:42:02.3768152
453 9/26/2011 16:42:26.7207210
454 9/26/2011 16:42:39.0176747
233 9/26/2011 16:42:50.6427491
885 9/26/2011 16:42:59.2678043
886 9/26/2011 16:43:13.0335174
887 9/26/2011 16:43:29.2992465
888 9/26/2011 16:43:43.7993393
663 9/26/2011 16:43:56.7681723
001 9/26/2011 16:44:03.8775928
207 9/26/2011 16:44:25.1433539
208 9/26/2011 16:44:39.7840726
209 9/26/2011 16:44:53.0029072
210 9/26/2011 16:45:10.9717722
212 9/26/2011 16:45:25.0656124
214 9/26/2011 16:45:46.4563743
215 9/26/2011 16:46:08.4877653
216 9/26/2011 16:46:20.7847190
217 9/26/2011 16:46:32.8941715
218 9/26/2011 16:46:50.6129842
645 9/26/2011 16:47:03.8161092
650 9/26/2011 16:47:15.8473592
651 9/26/2011 16:47:21.4411092
674 9/26/2011 16:47:30.0036092
675 9/26/2011 16:47:38.1129842
949 9/26/2011 16:48:02.2067342
996 9/26/2011 16:48:22.4567342
874 9/26/2011 16:48:42.3317342
579 9/26/2011 16:48:55.1286092
191 9/26/2011 16:49:10.7223592
201 9/26/2011 16:49:35.3473592
202 9/26/2011 16:49:49.9724058
203 9/26/2011 16:50:18.1600862
204 9/26/2011 16:50:43.5039984
205 9/26/2011 16:51:13.9573183
193 9/26/2011 16:51:33.1293160
194 9/26/2011 16:51:49.7544676
195 9/26/2011 16:52:12.9578896
196 9/26/2011 16:52:39.2863516
197 9/26/2011 16:53:02.6457702
198 9/26/2011 16:53:19.3332702
199 9/26/2011 16:53:34.9113952
206 9/26/2011 16:53:51.7552032
219 9/26/2011 16:54:18.2241226
221 9/26/2011 16:54:36.4586143
222 9/26/2011 16:55:02.1305292
223 9/26/2011 16:55:28.7555292
224 9/26/2011 16:55:53.4372283
225 9/26/2011 16:56:19.4610235
226 9/26/2011 16:56:41.7157474
227 9/26/2011 16:57:02.8352969
228 9/26/2011 16:57:20.5622117
229 9/26/2011 16:57:53.7155735
230 9/26/2011 16:58:16.2051289
634 9/26/2011 16:58:33.1309027
872 9/26/2011 16:58:55.7596977
993 9/26/2011 16:59:14.3713356
698 9/26/2011 16:59:31.0452379
844 9/26/2011 16:59:46.0312240
851 9/26/2011 16:59:58.8132102
007 9/26/2011 17:00:32.6276578
012 9/26/2011 17:01:14.5044599
013 9/26/2011 17:01:39.4116663
014 9/26/2011 17:02:00.0216115
006 9/26/2011 17:02:24.9910007
008 9/26/2011 17:02:40.8976579
009 9/26/2011 17:03:01.9915783
010 9/26/2011 17:03:21.0073250
011 9/26/2011 17:03:40.8355769
015 9/26/2011 17:04:07.4140299
016 9/26/2011 17:04:42.4926039
369 9/26/2011 17:04:57.5864521
946 9/26/2011 17:05:12.3209214
870 9/26/2011 17:05:41.3679823
738 9/26/2011 17:05:57.2899592
705 9/26/2011 17:06:15.1181983
609 9/26/2011 17:06:33.9620689
614 9/26/2011 17:06:48.3215001
597 9/26/2011 17:07:01.7746251
163 9/26/2011 17:07:14.8527501
176 9/26/2011 17:07:41.5558751
177 9/26/2011 17:07:56.5246251
178 9/26/2011 17:08:29.1027501
180 9/26/2011 17:08:50.2902984
181 9/26/2011 17:09:26.2280284
182 9/26/2011 17:09:50.7906856
183 9/26/2011 17:10:33.9628369
184 9/26/2011 17:11:10.4472681
185 9/26/2011 17:11:28.1191431
186 9/26/2011 17:11:37.9472681
188 9/26/2011 17:12:04.5410181
189 9/26/2011 17:12:22.6347681
190 9/26/2011 17:12:39.9160181
636 9/26/2011 17:13:22.7287740
751 9/26/2011 17:13:38.2288732
737 9/26/2011 17:14:23.2135361
685 9/26/2011 17:14:44.3386713
994 9/26/2011 17:15:08.5419512
987 9/26/2011 17:15:45.7452951
601 9/26/2011 17:16:29.6827951
580 9/26/2011 17:16:58.7161913
318 9/26/2011 17:17:14.9214940
179 9/26/2011 17:17:28.3764271
173 9/26/2011 17:17:47.9881026
174 9/26/2011 17:18:19.0840416
164 9/26/2011 17:18:39.7261197
165 9/26/2011 17:19:02.8677303
167 9/26/2011 17:19:25.0404567
168 9/26/2011 17:19:52.1195017
171 9/26/2011 17:20:27.6516613
603 9/26/2011 17:20:51.7459131
504 9/26/2011 17:21:13.9336971
374 9/26/2011 17:21:42.9496923
686 9/26/2011 17:21:56.1685269
707 9/26/2011 17:22:16.3561561
669 9/26/2011 17:22:30.1374943
736 9/26/2011 17:22:58.9033034
706 9/26/2011 17:23:25.7159750
999 9/26/2011 17:24:03.5912174
505 9/26/2011 17:24:26.0757363
635 9/26/2011 17:24:41.6852112
169 9/26/2011 17:25:05.2164681
170 9/26/2011 17:25:28.7320931
166 9/26/2011 17:25:50.2477660
337 9/26/2011 17:26:13.7635415
155 9/26/2011 17:26:30.3105224
156 9/26/2011 17:26:48.2325121
157 9/26/2011 17:27:04.4982412
158 9/26/2011 17:27:44.5609861
159 9/26/2011 17:28:07.5922361
149 9/26/2011 17:28:31.0297361
151 9/26/2011 17:28:56.7798258
152 9/26/2011 17:29:13.9986860
147 9/26/2011 17:29:46.8270211
145 9/26/2011 17:30:24.1085097
595 9/26/2011 17:30:47.9836625
539 9/26/2011 17:31:13.0463229
678 9/26/2011 17:31:35.4370912
853 9/26/2011 17:32:02.2652631
764 9/26/2011 17:32:21.6715131
758 9/26/2011 17:32:38.9527631
744 9/26/2011 17:32:59.8591225
716 9/26/2011 17:33:21.9217637
657 9/26/2011 17:33:31.8749524
529 9/26/2011 17:33:42.2343937
530 9/26/2011 17:34:03.8595321
584 9/26/2011 17:34:28.3596889
588 9/26/2011 17:34:58.6784909
146 9/26/2011 17:35:33.0512798
153 9/26/2011 17:35:51.9775528
154 9/26/2011 17:36:19.9017912
144 9/26/2011 17:36:47.6652292
160 9/26/2011 17:37:14.8456374
161 9/26/2011 17:37:30.8442321
305 9/26/2011 17:37:53.0745331
143 9/26/2011 17:38:17.3010427
133 9/26/2011 17:38:38.4131625
137 9/26/2011 17:39:10.0359177
138 9/26/2011 17:39:39.2625921
139 9/26/2011 17:40:18.9523492
140 9/26/2011 17:40:43.6343128
021 9/26/2011 17:41:07.9517920
637 9/26/2011 17:41:28.1434264
638 9/26/2011 17:42:14.8997160
613 9/26/2011 17:42:36.8238358
518 9/26/2011 17:43:27.8895458
680 9/26/2011 17:43:50.0156362
681 9/26/2011 17:44:14.7508027
717 9/26/2011 17:44:30.2981752
708 9/26/2011 17:44:48.2830559
741 9/26/2011 17:45:07.0490412
734 9/26/2011 17:45:34.6901969
871 9/26/2011 17:46:00.0655738
950 9/26/2011 17:46:22.6283626
952 9/26/2011 17:47:02.4568718
951 9/26/2011 17:47:22.5820006
761 9/26/2011 17:47:40.7539919
752 9/26/2011 17:48:05.9102552
714 9/26/2011 17:48:22.6915052
715 9/26/2011 17:48:43.5508802
690 9/26/2011 17:49:11.1133802
682 9/26/2011 17:49:39.2071302
659 9/26/2011 17:49:54.0353269
642 9/26/2011 17:50:15.8792167
345 9/26/2011 17:50:44.9887780
141 9/26/2011 17:51:14.0827142
142 9/26/2011 17:51:40.3016320
131 9/26/2011 17:52:05.3955426
132 9/26/2011 17:52:39.6613869
134 9/26/2011 17:53:09.9739072
135 9/26/2011 17:53:32.8645322
477 9/26/2011 17:53:57.1302487
478 9/26/2011 17:54:22.5366613
469 9/26/2011 17:55:04.3181787
470 9/26/2011 17:55:34.2714954
472 9/26/2011 17:55:59.4278002
473 9/26/2011 17:56:36.4746752
497 9/26/2011 17:57:04.5529392
546 9/26/2011 17:57:26.0218266
665 9/26/2011 17:57:50.2407316
691 9/26/2011 17:58:08.3658476
732 9/26/2011 17:58:24.4597006
983 9/26/2011 17:58:49.4286104
984 9/26/2011 17:59:22.8975746
759 9/26/2011 17:59:49.2143638
840 9/26/2011 18:00:18.8899734
692 9/26/2011 18:00:40.9199702
683 9/26/2011 18:01:01.7555208
684 9/26/2011 18:01:23.7158113
476 9/26/2011 18:01:55.5679201
480 9/26/2011 18:02:15.7275241
481 9/26/2011 18:02:35.1995137
483 9/26/2011 18:02:56.3737872
484 9/26/2011 18:03:22.5165871
485 9/26/2011 18:03:34.6738485
486 9/26/2011 18:03:58.5277798
482 9/26/2011 18:04:16.1654425
475 9/26/2011 18:04:36.6670735
366 9/26/2011 18:04:53.5137868
367 9/26/2011 18:05:12.3103022
370 9/26/2011 18:05:21.2237912
371 9/26/2011 18:05:29.0426412
552 9/26/2011 18:05:46.2740132
649 9/26/2011 18:05:59.1699182
694 9/26/2011 18:06:15.3953114
695 9/26/2011 18:06:31.7926500
985 9/26/2011 18:06:59.0588831
986 9/26/2011 18:07:06.1733996
877 9/26/2011 18:07:21.8878811
733 9/26/2011 18:07:43.2781995
551 9/26/2011 18:08:01.9568860
581 9/26/2011 18:08:16.4152835
536 9/26/2011 18:08:44.3783398
474 9/26/2011 18:09:09.0079102
465 9/26/2011 18:09:28.8240874
466 9/26/2011 18:09:47.7021915
467 9/26/2011 18:10:13.5954677
664 9/26/2011 18:10:35.2539353
882 9/26/2011 18:10:55.1928481
982 9/26/2011 18:11:19.4753413
729 9/26/2011 18:11:41.4139645
745 9/26/2011 18:12:02.5237928
543 9/26/2011 18:12:19.9460023
522 9/26/2011 18:12:27.5867740
102 9/26/2011 18:13:02.9935753
269 9/26/2011 18:13:23.6813401
273 9/26/2011 18:13:40.1503009
274 9/26/2011 18:14:00.9944334
275 9/26/2011 18:14:15.7603419
262 9/26/2011 18:14:45.7474465
267 9/26/2011 18:14:57.9600997
293 9/26/2011 18:15:32.3306653
259 9/26/2011 18:15:43.6990147
255 9/26/2011 18:16:10.1450710
256 9/26/2011 18:16:25.5654208
257 9/26/2011 18:16:50.8818336
258 9/26/2011 18:17:08.0147248
263 9/26/2011 18:17:17.2377228
261 9/26/2011 18:17:31.7131400
266 9/26/2011 18:17:51.3765036
563 9/26/2011 18:18:13.0377432
766 9/26/2011 18:18:23.5089052
676 9/26/2011 18:18:45.1855446
775 9/26/2011 18:19:07.5009006
740 9/26/2011 18:19:31.6289886
535 9/26/2011 18:19:59.5371756
514 9/26/2011 18:20:26.4852402
272 9/26/2011 18:20:56.5547404
265 9/26/2011 18:21:30.2429934
294 9/26/2011 18:21:59.0031849
296 9/26/2011 18:22:18.2736186
297 9/26/2011 18:22:39.0287978
277 9/26/2011 18:22:51.1245784
278 9/26/2011 18:23:09.9394864
279 9/26/2011 18:23:32.0673184
249 9/26/2011 18:23:59.6635344
247 9/26/2011 18:24:23.2900464
253 9/26/2011 18:24:51.4634539
241 9/26/2011 18:25:02.7294394
242 9/26/2011 18:25:13.0735204
243 9/26/2011 18:25:33.6991804
244 9/26/2011 18:25:56.9029590
245 9/26/2011 18:26:22.6379928
513 9/26/2011 18:26:33.4195188
557 9/26/2011 18:26:45.4822960
779 9/26/2011 18:27:03.4825264
660 9/26/2011 18:27:31.9828912
693 9/26/2011 18:27:53.0924719
662 9/26/2011 18:28:13.5301027
842 9/26/2011 18:28:28.5458238
509 9/26/2011 18:28:50.8897168
510 9/26/2011 18:29:08.6398304
523 9/26/2011 18:29:31.1087242
295 9/26/2011 18:29:41.0931631
268 9/26/2011 18:29:59.0931754
276 9/26/2011 18:30:24.4213004
044 9/26/2011 18:30:41.7494254
236 9/26/2011 18:31:00.2651607
237 9/26/2011 18:31:27.2497084
234 9/26/2011 18:31:58.5155335
232 9/26/2011 18:32:09.9531067
192 9/26/2011 18:32:46.6720917
556 9/26/2011 18:33:14.3910191
544 9/26/2011 18:33:24.0317058
607 9/26/2011 18:33:34.9380256
743 9/26/2011 18:33:43.4224526
647 9/26/2011 18:34:07.4537026
648 9/26/2011 18:34:37.2037026
704 9/26/2011 18:34:56.3444125
762 9/26/2011 18:35:17.8445501
998 9/26/2011 18:35:35.4227876
873 9/26/2011 18:35:54.5791602
596 9/26/2011 18:36:06.1104840
617 9/26/2011 18:36:44.4700957
646 9/26/2011 18:37:01.0638457
525 9/26/2011 18:37:22.1732207
534 9/26/2011 18:37:58.1068077
238 9/26/2011 18:38:26.0817585
239 9/26/2011 18:38:48.8942073
231 9/26/2011 18:39:03.6656913
235 9/26/2011 18:39:17.2648353
503 9/26/2011 18:39:26.2215129
598 9/26/2011 18:39:47.6666141
594 9/26/2011 18:40:05.1232018
700 9/26/2011 18:40:38.0672366
655 9/26/2011 18:41:13.8838883
767 9/26/2011 18:41:48.5590353
939 9/26/2011 18:42:13.5759411
955 9/26/2011 18:42:36.5146155
372 9/26/2011 18:43:09.3439179
381 9/26/2011 18:43:31.8602634
422 9/26/2011 18:43:50.8854745
375 9/26/2011 18:44:15.5710753
376 9/26/2011 18:44:25.9897129
377 9/26/2011 18:44:35.5323089
378 9/26/2011 18:44:53.4448240
200 9/26/2011 18:45:25.4221820
175 9/26/2011 18:46:12.5877289
397 9/26/2011 18:46:36.9623821
398 9/26/2011 18:47:01.2064129
399 9/26/2011 18:47:29.6842729
400 9/26/2011 18:47:51.2836329
401 9/26/2011 18:48:17.9910304
382 9/26/2011 18:48:33.1028229
404 9/26/2011 18:49:01.9028666
444 9/26/2011 18:50:00.6727089
600 9/26/2011 18:50:22.3611805
625 9/26/2011 18:50:43.6136053
863 9/26/2011 18:51:27.8891245
742 9/26/2011 18:51:47.5579430
667 9/26/2011 18:52:09.4546713
841 9/26/2011 18:52:35.0452008
956 9/26/2011 18:52:51.1283920
883 9/26/2011 18:53:08.7997840
626 9/26/2011 18:53:28.0350160
629 9/26/2011 18:53:54.2872036
538 9/26/2011 18:54:12.9984682
383 9/26/2011 18:54:46.4341846
385 9/26/2011 18:55:17.2221326
386 9/26/2011 18:55:35.3198198
388 9/26/2011 18:55:51.4005526
389 9/26/2011 18:56:00.2452648
390 9/26/2011 18:56:09.6369115
220 9/26/2011 18:56:28.9983928
331 9/26/2011 18:56:54.7974817
187 9/26/2011 18:57:23.9866629
391 9/26/2011 18:57:47.0503933
392 9/26/2011 18:58:33.9112678
393 9/26/2011 18:59:03.1618210
394 9/26/2011 18:59:25.6933594
402 9/26/2011 18:59:49.9905887
403 9/26/2011 19:00:15.7254578
560 9/26/2011 19:01:09.5231974
561 9/26/2011 19:01:31.5234790
572 9/26/2011 19:01:55.6330832
605 9/26/2011 19:02:20.6176181
641 9/26/2011 19:02:39.2427373
379 9/26/2011 19:03:03.0708878
380 9/26/2011 19:03:32.0083878
213 9/26/2011 19:04:21.4771378
703 9/26/2011 19:04:33.2740128
889 9/26/2011 19:04:48.1802628
384 9/26/2011 19:05:26.8208878
621 9/26/2011 19:05:48.0396391
569 9/26/2011 19:06:40.3657933
507 9/26/2011 19:07:08.1660481
562 9/26/2011 19:07:25.4757223
568 9/26/2011 19:07:38.4345019
623 9/26/2011 19:07:50.3544658
632 9/26/2011 19:08:10.5741412
003 9/26/2011 19:08:30.0901156
004 9/26/2011 19:08:41.4587962
652 9/26/2011 19:09:02.5776709
653 9/26/2011 19:09:24.8212954
833 9/26/2011 19:09:33.8719339
658 9/26/2011 19:09:40.4371639
957 9/26/2011 19:10:00.4107073
589 9/26/2011 19:10:23.8844139
501 9/26/2011 19:10:36.2776558
502 9/26/2011 19:10:57.8588437
521 9/26/2011 19:11:06.1097413
487 9/26/2011 19:11:19.5643300
489 9/26/2011 19:11:35.8786048
490 9/26/2011 19:11:45.0826267
491 9/26/2011 19:11:55.8175513
494 9/26/2011 19:12:04.7242573
495 9/26/2011 19:12:21.5219923
496 9/26/2011 19:12:53.9834919
488 9/26/2011 19:13:04.0684539
506 9/26/2011 19:13:13.2621867
500 9/26/2011 19:13:37.5286379
554 9/26/2011 19:13:50.8945435
586 9/26/2011 19:13:59.6631979
587 9/26/2011 19:14:07.7753755
599 9/26/2011 19:14:23.0619067
615 9/26/2011 19:14:37.7388523
942 9/26/2011 19:14:57.6808481
776 9/26/2011 19:15:13.4336705
735 9/26/2011 19:15:27.7331075
940 9/26/2011 19:15:36.2346307
992 9/26/2011 19:15:56.0025782
542 9/26/2011 19:16:38.8811454
498 9/26/2011 19:16:56.8821216
499 9/26/2011 19:17:18.0549451
531 9/26/2011 19:17:40.8372157
493 9/26/2011 19:18:00.3065115
Insert Area--<none> 9/26/2011 19:18:00.6033941
Insert Area--ANAKROM-REGION-AREA1 9/26/2011 19:18:00.8846513
Insert Area--ANAKROM-REGION-AREA2 9/26/2011 19:18:01.1659085
Insert Area--ANAKROM-REGION-AREA3 9/26/2011 19:18:01.4471657
Insert Area--ANAKROM-REGION-AREA4 9/26/2011 19:18:01.7284229
Insert Area--CAGAYAN-REGION-AREA1 9/26/2011 19:18:02.0096801
Insert Area--CAGAYAN-REGION-AREA1 9/26/2011 19:18:02.2909373
Insert Area--CAGAYAN-REGION-AREA2 9/26/2011 19:18:02.5721945
Insert Area--CAGAYAN-REGION-AREA3 9/26/2011 19:18:02.8534517
Insert Area--CAGAYAN-REGION-AREA4 9/26/2011 19:18:03.1347089
Insert Area--CAGAYAN-REGION-AREA5 9/26/2011 19:18:03.4159661
Insert Area--CARAGA-REGION-AREA1 9/26/2011 19:18:03.6972233
Insert Area--CARAGA-REGION-AREA1 9/26/2011 19:18:03.9784805
Insert Area--CARAGA-REGION-AREA2 9/26/2011 19:18:04.2597377
Insert Area--CARAGA-REGION-AREA3 9/26/2011 19:18:04.5253695
Insert Area--CARAGA-REGION-AREA4 9/26/2011 19:18:04.8066267
Insert Area--Cebu Central A 9/26/2011 19:18:05.0878839
Insert Area--Cebu Central B 9/26/2011 19:18:05.3691411
Insert Area--Cebu Central C 9/26/2011 19:18:05.6503983
Insert Area--Cebu Central D 9/26/2011 19:18:05.9316555
Insert Area--Cebu North A 9/26/2011 19:18:06.2285381
Insert Area--Cebu North A 9/26/2011 19:18:06.5097953
Insert Area--Cebu North B 9/26/2011 19:18:06.7754271
Insert Area--Cebu North C 9/26/2011 19:18:07.0566843
Insert Area--Cebu North D 9/26/2011 19:18:07.3379415
Insert Area--Cebu North E 9/26/2011 19:18:07.6191987
Insert Area--Cebu South A 9/26/2011 19:18:07.9004559
Insert Area--Cebu South B 9/26/2011 19:18:08.1817131
Insert Area--Cebu South C 9/26/2011 19:18:08.4785957
Insert Area--CEBU SOUTH D 9/26/2011 19:18:08.7442275
Insert Area--CEBU SOUTH E 9/26/2011 19:18:09.0254847
Insert Area--DAVA0-MINDANAO-REGION-AREA1 9/26/2011 19:18:09.3067419
Insert Area--DAVA0-MINDANAO-REGION-AREA2 9/26/2011 19:18:09.5879991
Insert Area--DAVA0-MINDANAO-REGION-AREA3 9/26/2011 19:18:09.8848817
Insert Area--DAVA0-MINDANAO-REGION-AREA3 9/26/2011 19:18:10.1661389
Insert Area--DAVA0-MINDANAO-REGION-AREA4 9/26/2011 19:18:10.4317707
Insert Area--DAVA0-MINDANAO-REGION-AREA5 9/26/2011 19:18:10.7130279
Insert Area--DIPOLOG-MINDANAO-REGION-AREA1 9/26/2011 19:18:10.9942851
Insert Area--DIPOLOG-MINDANAO-REGION-AREA2 9/26/2011 19:18:11.2911677
Insert Area--DIPOLOG-MINDANAO-REGION-AREA3 9/26/2011 19:18:11.5724249
Insert Area--HO 9/26/2011 19:18:11.8380567
Insert Area--LEYTE-REGION-AREA1 9/26/2011 19:18:12.1193139
Insert Area--LEYTE-REGION-AREA2 9/26/2011 19:18:12.4005711
Insert Area--LEYTE-REGION-AREA2 9/26/2011 19:18:12.6818283
Insert Area--LEYTE-REGION-AREA3 9/26/2011 19:18:12.9630855
Insert Area--LUZON-SHOWROOMS 9/26/2011 19:18:13.2443427
Insert Area--MINDANAO-SHOWROOMS 9/26/2011 19:18:13.5255999
Insert Area--NCR-SHOWROOMS 9/26/2011 19:18:13.8068571
Insert Area--NEGROS-OCC-REGION-AREA1 9/26/2011 19:18:14.0881143
Insert Area--NEGROS-OCC-REGION-AREA2 9/26/2011 19:18:14.3693715
Insert Area--NEGROS-OCC-REGION-AREA3 9/26/2011 19:18:14.6506287
Insert Area--NEGROS-OCC-REGION-AREA4 9/26/2011 19:18:14.9318859
Insert Area--NEGROS-OCC-REGION-AREA5 9/26/2011 19:18:15.2131431
Insert Area--NEGROS-ORIENTAL-REGION-AREA1 9/26/2011 19:18:15.4944003
Insert Area--NEGROS-ORIENTAL-REGION-AREA2 9/26/2011 19:18:15.7756575
Insert Area--NEGROS-ORIENTAL-REGION-AREA3 9/26/2011 19:18:16.0569147
Insert Area--NEGROS-ORIENTAL-REGION-AREA4 9/26/2011 19:18:16.3381719
Insert Area--OZAMIS-MINDANAO-REGION-AREA1 9/26/2011 19:18:16.6194291
Insert Area--OZAMIS-MINDANAO-REGION-AREA2 9/26/2011 19:18:16.9006863
Insert Area--OZAMIS-MINDANAO-REGION-AREA3 9/26/2011 19:18:17.1819435
Insert Area--OZAMIS-MINDANAO-REGION-AREA4 9/26/2011 19:18:17.4632007
Insert Area--OZAMIS-MINDANAO-REGION-AREA5 9/26/2011 19:18:17.7444579
Insert Area--PANAY-ROMBLON-REGION-AREA1 9/26/2011 19:18:18.0257151
Insert Area--PANAY-ROMBLON-REGION-AREA2 9/26/2011 19:18:18.3225977
Insert Area--PANAY-ROMBLON-REGION-AREA3 9/26/2011 19:18:18.6038549
Insert Area--PANAY-ROMBLON-REGION-AREA3 9/26/2011 19:18:18.8851121
Insert Area--PANAY-ROMBLON-REGION-AREA4 9/26/2011 19:18:19.1663693
Insert Area--PANAY-ROMBLON-REGION-AREA5 9/26/2011 19:18:19.4476265
Insert Area--SAMAR-REGION-AREA1 9/26/2011 19:18:19.7288837
Insert Area--SAMAR-REGION-AREA2 9/26/2011 19:18:20.0101409
Insert Area--SAMAR-REGION-AREA3 9/26/2011 19:18:20.2913981
Insert Area--SOCSKSARGEN-MINDANAO-AREA1 9/26/2011 19:18:20.5726553
Insert Area--SOCSKSARGEN-MINDANAO-AREA1 9/26/2011 19:18:20.8539125
Insert Area--SOCSKSARGEN-MINDANAO-AREA2 9/26/2011 19:18:21.1351697
Insert Area--SOCSKSARGEN-MINDANAO-AREA3 9/26/2011 19:18:21.4164269
Insert Area--SOCSKSARGEN-MINDANAO-AREA4 9/26/2011 19:18:21.6976841
Insert Area--SOCSKSARGEN-MINDANAO-AREA5 9/26/2011 19:18:21.9789413
Insert Area--SOCSKSARGEN-MINDANAO-AREA6 9/26/2011 19:18:22.2601985
Insert Area--VISAYAS-SHOWROOMS 9/26/2011 19:18:22.5414557
Insert Area--ZAMBASTA-MINDANAO-AREA1 9/26/2011 19:18:22.8227129
Insert Area--ZAMBASTA-MINDANAO-AREA2 9/26/2011 19:18:23.1039701
Insert Area--ZAMBASTA-MINDANAO-AREA3 9/26/2011 19:18:23.3852273
Insert region--ANAKROM-REGION 9/26/2011 19:18:23.5727321
Insert region--CAGAYAN-REGION 9/26/2011 19:18:23.7446115
Insert region--CARAGA-REGION 9/26/2011 19:18:23.9164909
Insert region--Cebu Central 9/26/2011 19:18:24.0727449
Insert region--Cebu North 9/26/2011 19:18:24.2446243
Insert region--Cebu South 9/26/2011 19:18:24.4008783
Insert region--DAVA0-MINDANAO-REGION 9/26/2011 19:18:24.5727577
Insert region--DIPOLOG-MINDANAO-REGION 9/26/2011 19:18:24.7290117
Insert region--HO 9/26/2011 19:18:24.8852657
Insert region--LA-SHOWROOMS 9/26/2011 19:18:25.0571451
Insert region--LEYTE-REGION 9/26/2011 19:18:25.2133991
Insert region--LUZON/NCR-SHOWROOMS 9/26/2011 19:18:25.3852785
Insert region--NEGROS-OCC-REGION 9/26/2011 19:18:25.5415325
Insert region--NEGROS-ORIENTAL-REGION 9/26/2011 19:18:25.7134119
Insert region--OZAMIS-MINDANAO-REGION 9/26/2011 19:18:25.8696659
Insert region--PANAY-ROMBLON-REGION 9/26/2011 19:18:26.0259199
Insert region--SAMAR-REGION 9/26/2011 19:18:26.1977993
Insert region--SOCSKSARGEN-MINDANAO-REGION 9/26/2011 19:18:26.3540533
Insert region--VISMIN-SHOWROOMS 9/26/2011 19:18:26.5259327
Insert region--ZAMBASTA-MINDANAO-REGION 9/26/2011 19:18:26.6978121
Insert Vismin Wide--  9/26/2011 19:18:26.8228153
Update--941 9/25/2011 19:18:55.1515897
Update--677 9/25/2011 19:19:00.7610724
Update--711 9/25/2011 19:19:11.7925342
Update--712 9/25/2011 19:19:25.5115476
