Update--941 10/9/2012 15:23:23.5807507
Update--950 10/9/2012 15:23:30.9221706
Update--952 10/9/2012 15:23:38.4546014
Update--871 10/9/2012 15:23:45.9000273
Update--804 10/9/2012 15:23:51.2603339
Update--681 10/9/2012 15:23:57.4346870
Update--708 10/9/2012 15:24:03.3510254
Update--717 10/9/2012 15:24:09.6763872
Update--769 10/9/2012 15:24:16.1157555
Update--021 10/9/2012 15:24:23.5491807
Update--133 10/9/2012 15:24:31.2516212
Update--137 10/9/2012 15:24:39.1900753
Update--138 10/9/2012 15:24:46.4544908
Update--140 10/9/2012 15:24:53.5648975
Update--613 10/9/2012 15:25:00.6053002
Update--638 10/9/2012 15:25:07.6147011
Update--518 10/9/2012 15:25:14.5490977
Update--139 10/9/2012 15:25:21.9555213
Update--134 10/9/2012 15:25:29.2519387
Update--142 10/9/2012 15:25:36.5023534
Update--131 10/9/2012 15:25:43.7367672
Update--132 10/9/2012 15:25:50.8311729
Update--768 10/9/2012 15:25:55.8874621
Update--761 10/9/2012 15:26:02.7318536
Update--741 10/9/2012 15:26:07.7791423
Update--714 10/9/2012 15:26:13.1944520
Update--715 10/9/2012 15:26:18.3177451
Update--682 10/9/2012 15:26:23.6000472
Update--642 10/9/2012 15:26:30.5984475
Update--659 10/9/2012 15:26:35.6357356
Update--951 10/9/2012 15:26:42.6131347
Update--680 10/9/2012 15:26:47.7884307
Update--690 10/9/2012 15:26:52.9747273
Update--752 10/9/2012 15:26:59.7461146
Update--734 10/9/2012 15:27:06.9285254
Update--143 10/9/2012 15:27:13.8469212
Update--135 10/9/2012 15:27:21.0503332
Update--141 10/9/2012 15:27:28.0817353
Update--637 10/9/2012 15:27:35.0801356
Update--345 10/9/2012 15:27:42.1115378
Update--628 10/9/2012 15:27:49.2969488
Update--593 10/9/2012 15:27:56.4423575
Update--036 10/9/2012 15:28:03.6297686
Update--057 10/9/2012 15:28:10.7401753
Update--066 10/9/2012 15:28:17.9895899
Update--079 10/9/2012 15:28:24.8799840
Update--264 10/9/2012 15:28:32.0213925
Update--726 10/9/2012 15:28:39.0217929
Update--711 10/9/2012 15:28:44.1480861
Update--712 10/9/2012 15:28:49.5313940
Update--677 10/9/2012 15:28:54.9447036
Update--673 10/9/2012 15:29:00.7890379
Update--696 10/9/2012 15:29:05.9583336
Update--697 10/9/2012 15:29:11.1996333
Update--720 10/9/2012 15:29:16.7989536
Update--810 10/9/2012 15:29:21.8482424
Update--280 10/9/2012 15:29:28.7396366
Update--284 10/9/2012 15:29:35.8500433
Update--285 10/9/2012 15:29:43.2234650
Update--290 10/9/2012 15:29:50.5368833
Update--582 10/9/2012 15:29:57.6552905
Update--537 10/9/2012 15:30:04.7766978
Update--396 10/9/2012 15:30:11.6000881
Update--583 10/9/2012 15:30:18.8335018
Update--639 10/9/2012 15:30:25.7858994
Update--291 10/9/2012 15:30:33.0083125
Update--287 10/9/2012 15:30:39.8817057
Update--289 10/9/2012 15:30:47.0391151
Update--281 10/9/2012 15:30:54.1015190
Update--821 10/9/2012 15:30:59.2858155
Update--875 10/9/2012 15:31:06.4132232
Update--727 10/9/2012 15:31:13.3966226
Update--724 10/9/2012 15:31:20.4300249
Update--725 10/9/2012 15:31:27.4564268
Update--730 10/9/2012 15:31:34.4398262
Update--731 10/9/2012 15:31:41.4692283
Update--747 10/9/2012 15:31:48.7256433
Update--668 10/9/2012 15:31:54.0619485
Update--843 10/9/2012 15:32:02.0704066
Update--250 10/9/2012 15:32:09.3208213
Update--251 10/9/2012 15:32:16.4612297
Update--252 10/9/2012 15:32:23.7116444
Update--254 10/9/2012 15:32:30.6330403
Update--248 10/9/2012 15:32:37.7154454
Update--246 10/9/2012 15:32:44.7428473
Update--247 10/9/2012 15:32:52.0562656
Update--282 10/9/2012 15:32:59.0246642
Update--283 10/9/2012 15:33:06.2280762
Update--288 10/9/2012 15:33:13.1964748
Update--297 10/9/2012 15:33:20.3218823
Update--292 10/9/2012 15:33:27.4322890
Update--535 10/9/2012 15:33:34.3526848
Update--513 10/9/2012 15:33:42.0121229
Update--679 10/9/2012 15:33:47.4044314
Update--660 10/9/2012 15:33:52.8957454
Update--934 10/9/2012 15:33:57.4860080
Update--845 10/9/2012 15:34:04.8704304
Update--748 10/9/2012 15:34:12.0198393
Update--620 10/9/2012 15:34:19.2302517
Update--618 10/9/2012 15:34:26.4356638
Update--410 10/9/2012 15:34:33.6980792
Update--412 10/9/2012 15:34:39.9944393
Update--413 10/9/2012 15:34:46.9478370
Update--414 10/9/2012 15:34:54.0882455
Update--415 10/9/2012 15:35:01.0106414
Update--416 10/9/2012 15:35:08.1820516
Update--405 10/9/2012 15:35:15.0734457
Update--407 10/9/2012 15:35:22.0888470
Update--408 10/9/2012 15:35:29.8232894
Update--108 10/9/2012 15:35:36.8236898
Update--430 10/9/2012 15:35:44.1201071
Update--406 10/9/2012 15:35:51.2135128
Update--417 10/9/2012 15:35:58.2449150
Update--418 10/9/2012 15:36:05.4183253
Update--619 10/9/2012 15:36:12.5277319
Update--855 10/9/2012 15:36:18.3690660
Update--857 10/9/2012 15:36:24.9474423
Update--878 10/9/2012 15:36:32.1058517
Update--954 10/9/2012 15:36:39.3832680
Update--807 10/9/2012 15:36:44.1965433
Update--419 10/9/2012 15:36:51.3549527
Update--420 10/9/2012 15:36:58.7303746
Update--421 10/9/2012 15:37:05.6687714
Update--423 10/9/2012 15:37:13.2632058
Update--424 10/9/2012 15:37:20.4186151
Update--425 10/9/2012 15:37:27.4040146
Update--431 10/9/2012 15:37:34.2624069
Update--409 10/9/2012 15:37:41.4508180
Update--427 10/9/2012 15:37:48.8412408
Update--428 10/9/2012 15:37:56.3416698
Update--429 10/9/2012 15:38:03.3250692
Update--434 10/9/2012 15:38:10.2324643
Update--435 10/9/2012 15:38:17.2468655
Update--436 10/9/2012 15:38:24.1852623
Update--437 10/9/2012 15:38:31.2156644
Update--439 10/9/2012 15:38:38.5760854
Update--440 10/9/2012 15:38:45.7944983
Update--441 10/9/2012 15:38:52.8409013
Update--432 10/9/2012 15:38:59.8883044
Update--433 10/9/2012 15:39:07.1537200
Update--800 10/9/2012 15:39:12.1960084
Update--777 10/9/2012 15:39:18.3453601
Update--718 10/9/2012 15:39:24.5717162
Update--719 10/9/2012 15:39:30.7030669
Update--749 10/9/2012 15:39:38.3905066
Update--750 10/9/2012 15:39:45.9729403
Update--868 10/9/2012 15:39:53.9683976
Update--846 10/9/2012 15:40:02.3588775
Update--105 10/9/2012 15:40:11.0303735
Update--029 10/9/2012 15:40:20.2489008
Update--030 10/9/2012 15:40:30.1244656
Update--032 10/9/2012 15:40:36.9998589
Update--033 10/9/2012 15:40:44.9373129
Update--034 10/9/2012 15:40:54.1718411
Update--035 10/9/2012 15:41:00.8902253
Update--037 10/9/2012 15:41:08.3596526
Update--038 10/9/2012 15:41:16.3091072
Update--040 10/9/2012 15:41:25.0166053
Update--025 10/9/2012 15:41:33.0640656
Update--018 10/9/2012 15:41:41.3125374
Update--020 10/9/2012 15:41:51.3601120
Update--019 10/9/2012 15:42:01.6256992
Update--026 10/9/2012 15:42:09.9541756
Update--027 10/9/2012 15:42:18.0166367
Update--028 10/9/2012 15:42:26.1100996
Update--022 10/9/2012 15:42:33.2035053
Update--023 10/9/2012 15:42:41.5479826
Update--024 10/9/2012 15:42:49.7204501
Update--125 10/9/2012 15:42:58.4389487
Update--120 10/9/2012 15:43:07.4544644
Update--121 10/9/2012 15:43:15.5479273
Update--122 10/9/2012 15:43:23.9264065
Update--078 10/9/2012 15:43:33.7049658
Update--512 10/9/2012 15:43:41.6734216
Update--526 10/9/2012 15:43:51.1589641
Update--835 10/9/2012 15:44:00.8085161
Update--867 10/9/2012 15:44:09.6890240
Update--532 10/9/2012 15:44:17.9084941
Update--508 10/9/2012 15:44:25.8979511
Update--616 10/9/2012 15:44:34.6754531
Update--633 10/9/2012 15:44:43.0609328
Update--325 10/9/2012 15:44:51.1123933
Update--106 10/9/2012 15:44:59.7998902
Update--041 10/9/2012 15:45:07.9723576
Update--042 10/9/2012 15:45:16.3788384
Update--045 10/9/2012 15:45:27.1124524
Update--046 10/9/2012 15:45:34.8778965
Update--047 10/9/2012 15:45:42.7373461
Update--048 10/9/2012 15:45:50.8528102
Update--049 10/9/2012 15:45:59.2392899
Update--052 10/9/2012 15:46:07.5047627
Update--054 10/9/2012 15:46:15.8492400
Update--055 10/9/2012 15:46:23.7856939
Update--053 10/9/2012 15:46:31.9901632
Update--050 10/9/2012 15:46:40.1766314
Update--051 10/9/2012 15:46:48.6761175
Update--064 10/9/2012 15:46:56.8015823
Update--070 10/9/2012 15:47:04.8990454
Update--071 10/9/2012 15:47:14.6146011
Update--072 10/9/2012 15:47:22.4430489
Update--073 10/9/2012 15:47:32.2866119
Update--043 10/9/2012 15:47:41.1451186
Update--240 10/9/2012 15:47:48.9735664
Update--511 10/9/2012 15:47:57.0050257
Update--866 10/9/2012 15:48:04.8964771
Update--912 10/9/2012 15:48:09.4467374
Update--722 10/9/2012 15:48:17.6302054
Update--721 10/9/2012 15:48:27.2807574
Update--793 10/9/2012 15:48:32.3560477
Update--794 10/9/2012 15:48:39.1944388
Update--710 10/9/2012 15:48:46.5748610
Update--864 10/9/2012 15:48:55.0063432
Update--865 10/9/2012 15:49:03.0218017
Update--591 10/9/2012 15:49:11.3192763
Update--571 10/9/2012 15:49:18.1006641
Update--578 10/9/2012 15:49:26.0691199
Update--260 10/9/2012 15:49:33.9295695
Update--067 10/9/2012 15:49:45.1632120
Update--068 10/9/2012 15:49:54.2257304
Update--069 10/9/2012 15:50:05.1943577
Update--065 10/9/2012 15:50:13.4298288
Update--056 10/9/2012 15:50:21.8203087
Update--058 10/9/2012 15:50:31.7268753
Update--059 10/9/2012 15:50:41.1634151
Update--060 10/9/2012 15:50:49.3518834
Update--061 10/9/2012 15:50:57.5233508
Update--062 10/9/2012 15:51:05.7738227
Update--063 10/9/2012 15:51:13.9142883
Update--585 10/9/2012 15:51:22.4697776
Update--944 10/9/2012 15:51:30.9152607
Update--945 10/9/2012 15:51:38.6807049
Update--961 10/9/2012 15:51:43.8640013
Update--699 10/9/2012 15:51:51.1224165
Update--644 10/9/2012 15:52:00.6949640
Update--997 10/9/2012 15:52:09.4464646
Update--770 10/9/2012 15:52:14.4447504
Update--943 10/9/2012 15:52:22.6342189
Update--936 10/9/2012 15:52:30.6646782
Update--856 10/9/2012 15:52:37.7000806
Update--829 10/9/2012 15:52:44.3144589
Update--084 10/9/2012 15:52:53.3059732
Update--080 10/9/2012 15:53:02.6345067
Update--081 10/9/2012 15:53:11.7590286
Update--082 10/9/2012 15:53:19.9004943
Update--087 10/9/2012 15:53:27.9009519
Update--088 10/9/2012 15:53:35.7754023
Update--089 10/9/2012 15:53:44.6819117
Update--090 10/9/2012 15:53:52.8073765
Update--092 10/9/2012 15:54:02.6669404
Update--093 10/9/2012 15:54:11.0414194
Update--094 10/9/2012 15:54:18.8068635
Update--095 10/9/2012 15:54:27.2133444
Update--083 10/9/2012 15:54:35.3238083
Update--085 10/9/2012 15:54:43.7762917
Update--086 10/9/2012 15:54:51.7277465
Update--074 10/9/2012 15:55:00.4652463
Update--075 10/9/2012 15:55:08.3386966
Update--076 10/9/2012 15:55:17.1371999
Update--573 10/9/2012 15:55:25.6056842
Update--869 10/9/2012 15:55:33.4361321
Update--937 10/9/2012 15:55:41.6526021
Update--938 10/9/2012 15:55:49.8560713
Update--728 10/9/2012 15:55:57.1724897
Update--656 10/9/2012 15:56:03.7428655
Update--702 10/9/2012 15:56:11.3463004
Update--900 10/9/2012 15:56:16.9186192
Update--839 10/9/2012 15:56:33.9775949
Update--817 10/9/2012 15:56:40.2999565
Update--575 10/9/2012 15:56:49.5594861
Update--017 10/9/2012 15:56:58.4809964
Update--126 10/9/2012 15:57:07.4345085
Update--128 10/9/2012 15:57:17.1530644
Update--129 10/9/2012 15:57:25.5755461
Update--130 10/9/2012 15:57:33.5450019
Update--123 10/9/2012 15:57:43.4665694
Update--124 10/9/2012 15:57:51.4350252
Update--103 10/9/2012 15:58:00.0605185
Update--567 10/9/2012 15:58:08.3429923
Update--555 10/9/2012 15:58:17.6375239
Update--816 10/9/2012 15:58:23.5668630
Update--858 10/9/2012 15:58:30.8302785
Update--666 10/9/2012 15:58:38.3917110
Update--778 10/9/2012 15:58:44.2010432
Update--784 10/9/2012 15:58:50.5124042
Update--670 10/9/2012 15:58:57.4968037
Update--834 10/9/2012 15:59:12.4266576
Update--876 10/9/2012 15:59:20.5831242
Update--953 10/9/2012 15:59:28.4735755
Update--109 10/9/2012 15:59:37.2960801
Update--112 10/9/2012 15:59:45.9055725
Update--115 10/9/2012 15:59:53.9850346
Update--117 10/9/2012 16:00:02.0784976
Update--118 10/9/2012 16:00:11.2660231
Update--119 10/9/2012 16:00:19.2184779
Update--104 10/9/2012 16:00:28.5780132
Update--096 10/9/2012 16:00:36.8744878
Update--097 10/9/2012 16:00:45.4379776
Update--098 10/9/2012 16:00:53.4534360
Update--099 10/9/2012 16:01:04.1720491
Update--100 10/9/2012 16:01:12.9845532
Update--101 10/9/2012 16:01:21.5010403
Update--549 10/9/2012 16:01:29.8985206
Update--566 10/9/2012 16:01:38.7200251
Update--947 10/9/2012 16:01:46.5324720
Update--812 10/9/2012 16:01:52.5188144
Update--836 10/9/2012 16:02:06.6506227
Update--837 10/9/2012 16:02:20.5774192
Update--838 10/9/2012 16:02:29.9229538
Update--559 10/9/2012 16:02:38.0964213
Update--107 10/9/2012 16:02:46.3148913
Update--110 10/9/2012 16:02:54.4393560
Update--111 10/9/2012 16:03:02.6428253
Update--116 10/9/2012 16:03:10.9553007
Update--113 10/9/2012 16:03:18.7367458
Update--114 10/9/2012 16:03:26.8152078
Update--507 10/9/2012 16:03:36.1117396
Update--569 10/9/2012 16:03:45.4722750
Update--621 10/9/2012 16:03:53.8317531
Update--384 10/9/2012 16:04:02.9092723
Update--861 10/9/2012 16:04:10.5737107
Update--933 10/9/2012 16:04:15.8020097
Update--889 10/9/2012 16:04:24.6745172
Update--772 10/9/2012 16:04:31.8129255
Update--773 10/9/2012 16:04:40.5134231
Update--883 10/9/2012 16:04:49.0349105
Update--956 10/9/2012 16:04:58.9104754
Update--841 10/9/2012 16:05:08.4570214
Update--820 10/9/2012 16:05:14.8743885
Update--385 10/9/2012 16:05:23.7698973
Update--386 10/9/2012 16:05:33.2704407
Update--388 10/9/2012 16:05:43.4420224
Update--389 10/9/2012 16:05:51.4894827
Update--390 10/9/2012 16:05:59.7549555
Update--331 10/9/2012 16:06:08.2084390
Update--383 10/9/2012 16:06:16.2548992
Update--629 10/9/2012 16:06:24.4653688
Update--626 10/9/2012 16:06:32.4478254
Update--538 10/9/2012 16:06:40.7242988
Update--220 10/9/2012 16:06:48.9737706
Update--271 10/9/2012 16:06:57.4432551
Update--332 10/9/2012 16:07:05.5367180
Update--324 10/9/2012 16:07:14.8812525
Update--330 10/9/2012 16:07:23.6777556
Update--860 10/9/2012 16:07:33.1772989
Update--911 10/9/2012 16:07:38.8366226
Update--771 10/9/2012 16:07:45.3409947
Update--760 10/9/2012 16:07:52.8764257
Update--791 10/9/2012 16:07:59.8658254
Update--723 10/9/2012 16:08:06.5822096
Update--739 10/9/2012 16:08:13.4936049
Update--661 10/9/2012 16:08:20.0689810
Update--602 10/9/2012 16:08:29.2105039
Update--286 10/9/2012 16:08:37.2099614
Update--301 10/9/2012 16:08:46.6164994
Update--303 10/9/2012 16:08:55.0239803
Update--306 10/9/2012 16:09:05.1635603
Update--308 10/9/2012 16:09:13.9460626
Update--316 10/9/2012 16:09:23.0705845
Update--136 10/9/2012 16:09:29.7739679
Update--302 10/9/2012 16:09:38.1014442
Update--540 10/9/2012 16:09:46.5249260
Update--515 10/9/2012 16:09:55.1794210
Update--329 10/9/2012 16:10:03.7119090
Update--333 10/9/2012 16:10:12.3364023
Update--334 10/9/2012 16:10:20.9618957
Update--326 10/9/2012 16:10:30.3674336
Update--327 10/9/2012 16:10:38.8979216
Update--792 10/9/2012 16:10:45.1262778
Update--893 10/9/2012 16:10:53.2917448
Update--805 10/9/2012 16:11:00.0301302
Update--802 10/9/2012 16:11:06.4724987
Update--701 10/9/2012 16:11:13.1148786
Update--319 10/9/2012 16:11:32.7119995
Update--320 10/9/2012 16:11:41.2904902
Update--321 10/9/2012 16:11:50.4940166
Update--322 10/9/2012 16:11:59.4315278
Update--426 10/9/2012 16:12:08.0260194
Update--307 10/9/2012 16:12:16.8845261
Update--315 10/9/2012 16:12:26.5260775
Update--311 10/9/2012 16:12:35.9166146
Update--312 10/9/2012 16:12:44.8701267
Update--313 10/9/2012 16:12:53.3706129
Update--314 10/9/2012 16:13:01.7610929
Update--310 10/9/2012 16:13:09.7295486
Update--317 10/9/2012 16:13:18.8550706
Update--148 10/9/2012 16:13:27.6365728
Update--323 10/9/2012 16:13:36.7300930
Update--517 10/9/2012 16:13:44.5745416
Update--590 10/9/2012 16:13:52.5599984
Update--709 10/9/2012 16:13:58.8183563
Update--671 10/9/2012 16:14:05.2517243
Update--890 10/9/2012 16:14:13.3251861
Update--891 10/9/2012 16:14:21.3086427
Update--959 10/9/2012 16:14:25.7698979
Update--894 10/9/2012 16:14:33.6523487
Update--624 10/9/2012 16:14:41.9818252
Update--541 10/9/2012 16:14:50.6383203
Update--527 10/9/2012 16:14:58.9697968
Update--328 10/9/2012 16:15:07.2152684
Update--127 10/9/2012 16:15:15.1667232
Update--309 10/9/2012 16:15:23.4031943
Update--298 10/9/2012 16:15:32.8717359
Update--299 10/9/2012 16:15:41.0442033
Update--300 10/9/2012 16:15:49.2636735
Update--293 10/9/2012 16:15:57.7481587
Update--267 10/9/2012 16:16:05.7486163
Update--273 10/9/2012 16:16:14.5131176
Update--274 10/9/2012 16:16:23.2006145
Update--275 10/9/2012 16:16:31.3870828
Update--262 10/9/2012 16:16:41.4646592
Update--259 10/9/2012 16:16:49.9051419
Update--102 10/9/2012 16:16:56.7325325
Update--543 10/9/2012 16:17:05.4030284
Update--522 10/9/2012 16:17:15.2325906
Update--897 10/9/2012 16:17:21.4709474
Update--745 10/9/2012 16:17:29.3904004
Update--766 10/9/2012 16:17:35.7637649
Update--676 10/9/2012 16:17:42.6721601
Update--828 10/9/2012 16:17:49.1475304
Update--563 10/9/2012 16:17:57.7490224
Update--263 10/9/2012 16:18:06.2645095
Update--261 10/9/2012 16:18:14.8580010
Update--255 10/9/2012 16:18:23.1564756
Update--256 10/9/2012 16:18:31.9059761
Update--257 10/9/2012 16:18:49.0479565
Update--258 10/9/2012 16:19:01.5166697
Update--266 10/9/2012 16:19:11.3602327
Update--269 10/9/2012 16:19:20.1407349
Update--272 10/9/2012 16:19:28.6882238
Update--265 10/9/2012 16:19:37.2767151
Update--294 10/9/2012 16:19:46.4552400
Update--277 10/9/2012 16:19:55.0787333
Update--278 10/9/2012 16:20:04.0482463
Update--279 10/9/2012 16:20:12.5477324
Update--296 10/9/2012 16:20:20.6731972
Update--514 10/9/2012 16:20:29.1576825
Update--775 10/9/2012 16:20:35.6950564
Update--783 10/9/2012 16:20:42.2014285
Update--779 10/9/2012 16:20:49.1998288
Update--786 10/9/2012 16:20:56.5262479
Update--787 10/9/2012 16:21:03.2306313
Update--693 10/9/2012 16:21:11.7511187
Update--827 10/9/2012 16:21:18.5335066
Update--557 10/9/2012 16:21:27.0959964
Update--253 10/9/2012 16:21:35.7514914
Update--249 10/9/2012 16:21:44.4549892
Update--241 10/9/2012 16:21:53.0174790
Update--242 10/9/2012 16:22:01.2519500
Update--243 10/9/2012 16:22:09.3924156
Update--244 10/9/2012 16:22:17.9089027
Update--245 10/9/2012 16:22:25.9243611
Update--268 10/9/2012 16:22:34.2368366
Update--276 10/9/2012 16:22:42.2682960
Update--295 10/9/2012 16:22:50.6127732
Update--044 10/9/2012 16:22:58.9092478
Update--523 10/9/2012 16:23:06.7526964
Update--509 10/9/2012 16:23:15.0021682
Update--510 10/9/2012 16:23:23.0966312
Update--842 10/9/2012 16:23:31.7381255
Update--662 10/9/2012 16:23:38.7635273
Update--788 10/9/2012 16:23:45.4949123
Update--729 10/9/2012 16:23:52.5473157
Update--001 10/9/2012 16:23:57.2565851
Update--207 10/9/2012 16:24:05.9420818
Update--208 10/9/2012 16:24:14.0975483
Update--209 10/9/2012 16:24:21.8639925
Update--210 10/9/2012 16:24:31.2545296
Update--215 10/9/2012 16:24:39.4900007
Update--216 10/9/2012 16:24:47.4894582
Update--217 10/9/2012 16:24:55.4269122
Update--218 10/9/2012 16:25:03.7853903
Update--650 10/9/2012 16:25:10.6207812
Update--651 10/9/2012 16:25:17.3021634
Update--674 10/9/2012 16:25:24.4295711
Update--675 10/9/2012 16:25:31.1549557
Update--796 10/9/2012 16:25:36.5402638
Update--797 10/9/2012 16:25:41.9835751
Update--874 10/9/2012 16:25:50.0990393
Update--996 10/9/2012 16:25:58.4895192
Update--193 10/9/2012 16:26:07.3810277
Update--194 10/9/2012 16:26:13.2243620
Update--195 10/9/2012 16:26:21.9118589
Update--196 10/9/2012 16:26:30.5533531
Update--197 10/9/2012 16:26:39.2088482
Update--198 10/9/2012 16:26:48.4433764
Update--199 10/9/2012 16:26:57.1648752
Update--191 10/9/2012 16:27:05.4913515
Update--201 10/9/2012 16:27:13.7418234
Update--202 10/9/2012 16:27:22.8503443
Update--203 10/9/2012 16:27:30.5827866
Update--204 10/9/2012 16:27:38.9752666
Update--205 10/9/2012 16:27:47.3817475
Update--219 10/9/2012 16:27:56.2262533
Update--222 10/9/2012 16:28:03.0396430
Update--223 10/9/2012 16:28:11.0240997
Update--224 10/9/2012 16:28:19.7105966
Update--225 10/9/2012 16:28:27.6340498
Update--226 10/9/2012 16:28:36.1175350
Update--227 10/9/2012 16:28:45.0860480
Update--228 10/9/2012 16:28:54.8206047
Update--229 10/9/2012 16:29:04.2741455
Update--230 10/9/2012 16:29:14.2897183
Update--634 10/9/2012 16:29:22.2971763
Update--698 10/9/2012 16:29:29.5445908
Update--753 10/9/2012 16:29:37.1510259
Update--754 10/9/2012 16:29:44.8214646
Update--755 10/9/2012 16:29:52.3508953
Update--645 10/9/2012 16:30:00.3803545
Update--872 10/9/2012 16:30:09.0248490
Update--949 10/9/2012 16:30:18.0713664
Update--993 10/9/2012 16:30:26.0718240
Update--212 10/9/2012 16:30:35.7433772
Update--221 10/9/2012 16:30:44.2748652
Update--206 10/9/2012 16:30:52.7903522
Update--214 10/9/2012 16:31:01.8378697
Update--007 10/9/2012 16:31:09.4943076
Update--012 10/9/2012 16:31:17.3146419
Update--013 10/9/2012 16:31:24.9118552
Update--014 10/9/2012 16:31:32.3686683
Update--382 10/9/2012 16:31:39.5446809
Update--899 10/9/2012 16:31:43.8970885
Update--844 10/9/2012 16:31:51.3383016
Update--851 10/9/2012 16:31:59.7155163
Update--862 10/9/2012 16:32:08.1863312
Update--909 10/9/2012 16:32:14.1767417
Update--892 10/9/2012 16:32:22.5851565
Update--939 10/9/2012 16:32:32.2571735
Update--568 10/9/2012 16:32:41.5547898
Update--005 10/9/2012 16:32:50.0412047
Update--006 10/9/2012 16:33:05.3292316
Update--008 10/9/2012 16:33:12.7704446
Update--009 10/9/2012 16:33:20.5236583
Update--010 10/9/2012 16:33:27.9180712
Update--011 10/9/2012 16:33:35.4840845
Update--015 10/9/2012 16:33:43.9548994
Update--016 10/9/2012 16:33:51.8329132
Update--369 10/9/2012 16:33:59.9293275
Update--946 10/9/2012 16:34:07.5421408
Update--853 10/9/2012 16:34:16.6993569
Update--806 10/9/2012 16:34:23.1265682
Update--678 10/9/2012 16:34:30.1621806
Update--764 10/9/2012 16:34:37.8529941
Update--595 10/9/2012 16:34:46.1678087
Update--539 10/9/2012 16:34:54.4358232
Update--149 10/9/2012 16:35:03.1250385
Update--151 10/9/2012 16:35:14.7264635
Update--152 10/9/2012 16:35:23.9039885
Update--147 10/9/2012 16:35:32.7474943
Update--157 10/9/2012 16:35:41.3719876
Update--145 10/9/2012 16:35:50.3885033
Update--159 10/9/2012 16:35:58.7779831
Update--160 10/9/2012 16:36:08.7945561
Update--161 10/9/2012 16:36:16.6710066
Update--146 10/9/2012 16:36:24.1704355
Update--144 10/9/2012 16:36:32.8729333
Update--153 10/9/2012 16:36:41.0614016
Update--154 10/9/2012 16:36:48.7178395
Update--529 10/9/2012 16:36:56.9523105
Update--530 10/9/2012 16:37:05.1727807
Update--588 10/9/2012 16:37:13.2742441
Update--584 10/9/2012 16:37:21.4077093
Update--744 10/9/2012 16:37:29.2531580
Update--657 10/9/2012 16:37:35.8615360
Update--716 10/9/2012 16:37:44.7890466
Update--808 10/9/2012 16:37:51.2824180
Update--798 10/9/2012 16:37:57.6777838
Update--813 10/9/2012 16:38:03.5631204
Update--758 10/9/2012 16:38:11.1195526
Update--155 10/9/2012 16:38:19.4220275
Update--156 10/9/2012 16:38:27.1874717
Update--158 10/9/2012 16:38:35.1699283
Update--305 10/9/2012 16:38:43.1573851
Update--176 10/9/2012 16:38:51.4538596
Update--177 10/9/2012 16:39:01.1714155
Update--178 10/9/2012 16:39:09.6879026
Update--180 10/9/2012 16:39:19.2184477
Update--163 10/9/2012 16:39:30.7041046
Update--597 10/9/2012 16:39:38.8765721
Update--609 10/9/2012 16:39:46.9350330
Update--738 10/9/2012 16:39:53.7794245
Update--809 10/9/2012 16:39:59.7967686
Update--801 10/9/2012 16:40:06.0501263
Update--870 10/9/2012 16:40:14.0955865
Update--751 10/9/2012 16:40:21.6100163
Update--636 10/9/2012 16:40:29.2204516
Update--181 10/9/2012 16:40:37.6109315
Update--182 10/9/2012 16:40:45.7983998
Update--183 10/9/2012 16:40:54.0338708
Update--184 10/9/2012 16:41:01.7573126
Update--185 10/9/2012 16:41:09.6747654
Update--186 10/9/2012 16:41:17.6582221
Update--188 10/9/2012 16:41:26.6277351
Update--189 10/9/2012 16:41:34.8152034
Update--190 10/9/2012 16:41:42.7376565
Update--179 10/9/2012 16:41:50.9221246
Update--173 10/9/2012 16:41:59.6596244
Update--174 10/9/2012 16:42:08.5341320
Update--614 10/9/2012 16:42:16.3235775
Update--601 10/9/2012 16:42:24.1910275
Update--580 10/9/2012 16:42:31.9384706
Update--705 10/9/2012 16:42:38.5748502
Update--823 10/9/2012 16:42:45.3922401
Update--901 10/9/2012 16:42:51.2275739
Update--994 10/9/2012 16:42:59.5680510
Update--987 10/9/2012 16:43:08.7285749
Update--707 10/9/2012 16:43:15.0739378
Update--685 10/9/2012 16:43:21.9073287
Update--686 10/9/2012 16:43:28.2626922
Update--669 10/9/2012 16:43:35.7681215
Update--736 10/9/2012 16:43:43.6325713
Update--737 10/9/2012 16:43:51.3340118
Update--603 10/9/2012 16:43:59.2224630
Update--504 10/9/2012 16:44:07.6449447
Update--374 10/9/2012 16:44:15.4113890
Update--171 10/9/2012 16:44:24.8329278
Update--318 10/9/2012 16:44:32.4423631
Update--164 10/9/2012 16:44:41.5828859
Update--165 10/9/2012 16:44:50.1303748
Update--166 10/9/2012 16:44:58.0988305
Update--167 10/9/2012 16:45:06.1772926
Update--168 10/9/2012 16:45:14.2247529
Update--169 10/9/2012 16:45:22.3022149
Update--170 10/9/2012 16:45:30.7246966
Update--337 10/9/2012 16:45:38.4281372
Update--505 10/9/2012 16:45:46.6796092
Update--635 10/9/2012 16:45:54.2720435
Update--706 10/9/2012 16:46:00.4203951
Update--999 10/9/2012 16:46:08.6318648
Update--647 10/9/2012 16:46:16.4003091
Update--743 10/9/2012 16:46:24.0377460
Update--824 10/9/2012 16:46:29.9750856
Update--607 10/9/2012 16:46:39.3816236
Update--544 10/9/2012 16:46:47.4290839
Update--556 10/9/2012 16:46:54.1474681
Update--232 10/9/2012 16:47:05.0550920
Update--236 10/9/2012 16:47:14.0386058
Update--237 10/9/2012 16:47:24.0851805
Update--234 10/9/2012 16:47:33.0536934
Update--525 10/9/2012 16:47:41.5391788
Update--534 10/9/2012 16:47:49.9606605
Update--596 10/9/2012 16:47:58.1331279
Update--873 10/9/2012 16:48:07.0236364
Update--762 10/9/2012 16:48:14.6750741
Update--998 10/9/2012 16:48:22.8985444
Update--655 10/9/2012 16:48:29.7259349
Update--700 10/9/2012 16:48:36.0532968
Update--799 10/9/2012 16:48:43.0786986
Update--594 10/9/2012 16:48:51.0761561
Update--598 10/9/2012 16:48:59.4316340
Update--503 10/9/2012 16:49:07.8061130
Update--235 10/9/2012 16:49:17.4306635
Update--231 10/9/2012 16:49:26.9462077
Update--238 10/9/2012 16:49:36.2747413
Update--239 10/9/2012 16:49:44.2751989
Update--192 10/9/2012 16:49:52.9626958
Update--617 10/9/2012 16:50:01.0721596
Update--825 10/9/2012 16:50:06.9864979
Update--704 10/9/2012 16:50:13.7998876
Update--648 10/9/2012 16:50:21.6773382
Update--646 10/9/2012 16:50:29.2927737
Update--767 10/9/2012 16:50:38.1892826
Update--859 10/9/2012 16:50:45.8077183
Update--955 10/9/2012 16:50:54.6672251
Update--375 10/9/2012 16:51:04.1827693
Update--376 10/9/2012 16:51:14.7293726
Update--377 10/9/2012 16:51:23.8708954
Update--378 10/9/2012 16:51:33.5264477
Update--381 10/9/2012 16:51:42.0889374
Update--372 10/9/2012 16:51:50.0263914
Update--422 10/9/2012 16:52:00.1519706
Update--200 10/9/2012 16:52:08.6054541
Update--175 10/9/2012 16:52:17.5899680
Update--404 10/9/2012 16:52:25.9414457
Update--444 10/9/2012 16:52:35.3089815
Update--397 10/9/2012 16:52:44.5275087
Update--398 10/9/2012 16:52:52.7619797
Update--399 10/9/2012 16:53:01.3874731
Update--400 10/9/2012 16:53:10.0279673
Update--401 10/9/2012 16:53:18.5594552
Update--625 10/9/2012 16:53:26.4809083
Update--600 10/9/2012 16:53:34.6383749
Update--863 10/9/2012 16:53:43.9659084
Update--742 10/9/2012 16:53:50.7162945
Update--667 10/9/2012 16:53:57.8647034
Update--740 10/9/2012 16:54:05.4821391
Update--903 10/9/2012 16:54:11.5424857
Update--958 10/9/2012 16:54:16.5427717
Update--572 10/9/2012 16:54:25.7782999
Update--560 10/9/2012 16:54:34.4677970
Update--561 10/9/2012 16:54:43.4513108
Update--402 10/9/2012 16:54:51.8257898
Update--403 10/9/2012 16:54:59.9512545
Update--391 10/9/2012 16:55:09.8268194
Update--392 10/9/2012 16:55:33.6961846
Update--393 10/9/2012 16:55:58.3205931
Update--394 10/9/2012 16:56:17.6296975
Update--187 10/9/2012 16:56:35.9867474
Update--213 10/9/2012 16:57:00.3151389
Update--379 10/9/2012 16:57:17.9431472
Update--380 10/9/2012 16:57:26.3596286
Update--605 10/9/2012 16:57:34.4950939
Update--914 10/9/2012 16:57:46.8588011
Update--849 10/9/2012 16:58:02.6287031
Update--803 10/9/2012 16:58:29.8122579
Update--641 10/9/2012 16:58:46.9594257
Update--703 10/9/2012 16:58:54.6502392
Update--652 10/9/2012 16:59:12.8242711
Update--653 10/9/2012 16:59:36.6299129
Update--781 10/9/2012 16:59:46.0679295
Update--833 10/9/2012 17:00:00.1235542
Update--623 10/9/2012 17:00:11.6363744
Update--632 10/9/2012 17:00:34.3968144
Update--579 10/9/2012 17:00:54.1776491
Update--562 10/9/2012 17:01:08.8416749
Update--547 10/9/2012 17:01:22.1484982
Update--003 10/9/2012 17:01:38.0761262
Update--004 10/9/2012 17:01:56.0317578
Update--533 10/9/2012 17:02:11.2417845
Update--519 10/9/2012 17:02:27.6374133
Update--574 10/9/2012 17:02:50.7566539
Update--373 10/9/2012 17:03:03.7826768
Update--346 10/9/2012 17:03:27.0735177
Update--347 10/9/2012 17:03:44.3135485
Update--349 10/9/2012 17:03:53.2975643
Update--350 10/9/2012 17:04:02.7673853
Update--351 10/9/2012 17:04:11.1994003
Update--352 10/9/2012 17:04:20.4346165
Update--353 10/9/2012 17:04:29.6702329
Update--896 10/9/2012 17:04:35.9454440
Update--880 10/9/2012 17:04:43.6518575
Update--881 10/9/2012 17:04:51.7482718
Update--790 10/9/2012 17:04:58.2846832
Update--342 10/9/2012 17:05:07.5066996
Update--338 10/9/2012 17:05:15.7123140
Update--339 10/9/2012 17:05:23.9179284
Update--627 10/9/2012 17:05:32.2015430
Update--604 10/9/2012 17:05:40.2667571
Update--528 10/9/2012 17:05:48.0511708
Update--550 10/9/2012 17:05:56.0851849
Update--355 10/9/2012 17:06:05.6116023
Update--356 10/9/2012 17:06:14.6284181
Update--359 10/9/2012 17:06:23.7856342
Update--360 10/9/2012 17:06:31.8064484
Update--361 10/9/2012 17:06:40.2460633
Update--362 10/9/2012 17:06:50.8228818
Update--365 10/9/2012 17:06:59.3092967
Update--785 10/9/2012 17:07:06.7293095
Update--795 10/9/2012 17:07:14.0145223
Update--687 10/9/2012 17:07:21.1905349
Update--688 10/9/2012 17:07:28.5537478
Update--689 10/9/2012 17:07:35.1369594
Update--811 10/9/2012 17:07:42.2505719
Update--344 10/9/2012 17:07:50.5653865
Update--340 10/9/2012 17:08:01.3762055
Update--341 10/9/2012 17:08:10.5022215
Update--335 10/9/2012 17:08:19.1758367
Update--336 10/9/2012 17:08:27.6154516
Update--558 10/9/2012 17:08:35.9614662
Update--640 10/9/2012 17:08:44.4322811
Update--172 10/9/2012 17:08:52.9654961
Update--354 10/9/2012 17:09:01.3271108
Update--343 10/9/2012 17:09:09.9539259
Update--348 10/9/2012 17:09:18.6275412
Update--364 10/9/2012 17:09:27.0515560
Update--879 10/9/2012 17:09:35.9123715
Update--654 10/9/2012 17:09:42.6983834
Update--765 10/9/2012 17:09:50.8727978
Update--658 10/9/2012 17:09:58.4076110
Update--902 10/9/2012 17:10:03.2904196
Update--957 10/9/2012 17:10:11.8548346
Update--814 10/9/2012 17:10:18.5784465
Update--815 10/9/2012 17:10:24.4908568
Update--586 10/9/2012 17:10:33.4140725
Update--589 10/9/2012 17:10:40.9332857
Update--521 10/9/2012 17:10:50.2621021
Update--489 10/9/2012 17:11:00.5425202
Update--490 10/9/2012 17:11:09.5125359
Update--491 10/9/2012 17:11:30.5413729
Update--487 10/9/2012 17:11:38.7157872
Update--501 10/9/2012 17:11:47.0306018
Update--502 10/9/2012 17:11:55.1114160
Update--500 10/9/2012 17:12:03.3482305
Update--488 10/9/2012 17:12:14.1590495
Update--494 10/9/2012 17:12:23.0198650
Update--495 10/9/2012 17:12:31.9586807
Update--496 10/9/2012 17:12:39.4934940
Update--506 10/9/2012 17:12:47.6835083
Update--554 10/9/2012 17:12:56.2791234
Update--587 10/9/2012 17:13:04.3287376
Update--615 10/9/2012 17:13:12.8931526
Update--463 10/9/2012 17:13:21.4107676
Update--822 10/9/2012 17:13:28.5087801
Update--942 10/9/2012 17:13:36.2931937
Update--776 10/9/2012 17:13:44.7328085
Update--735 10/9/2012 17:13:52.5640223
Update--940 10/9/2012 17:14:00.7540367
Update--910 10/9/2012 17:14:05.4028449
Update--830 10/9/2012 17:14:12.1108566
Update--831 10/9/2012 17:14:18.7252683
Update--992 10/9/2012 17:14:30.5344890
Update--599 10/9/2012 17:14:37.9445020
Update--531 10/9/2012 17:14:47.3513185
Update--542 10/9/2012 17:14:55.6505331
Update--493 10/9/2012 17:15:05.2757500
Update--498 10/9/2012 17:15:14.1209656
Update--499 10/9/2012 17:15:21.9053792
Update--497 10/9/2012 17:15:29.6273928
Update--546 10/9/2012 17:15:37.7082070
Update--469 10/9/2012 17:15:47.9106249
Update--470 10/9/2012 17:15:56.1942394
Update--472 10/9/2012 17:16:08.8302616
Update--473 10/9/2012 17:16:17.3790767
Update--474 10/9/2012 17:16:25.5534910
Update--465 10/9/2012 17:16:34.0555059
Update--826 10/9/2012 17:16:40.3111169
Update--819 10/9/2012 17:16:46.9255286
Update--882 10/9/2012 17:16:55.1155429
Update--913 10/9/2012 17:17:00.4975524
Update--665 10/9/2012 17:17:08.6095666
Update--684 10/9/2012 17:17:15.1927782
Update--692 10/9/2012 17:17:22.7431915
Update--759 10/9/2012 17:17:31.0580061
Update--906 10/9/2012 17:17:36.5960158
Update--840 10/9/2012 17:17:45.7844319
Update--480 10/9/2012 17:17:54.6140474
Update--481 10/9/2012 17:18:03.0068622
Update--483 10/9/2012 17:18:12.3512786
Update--484 10/9/2012 17:18:20.5256930
Update--485 10/9/2012 17:18:29.3085084
Update--486 10/9/2012 17:18:37.8573234
Update--476 10/9/2012 17:18:46.3905384
Update--368 10/9/2012 17:18:54.5337527
Update--370 10/9/2012 17:19:03.4257683
Update--371 10/9/2012 17:19:13.1133853
Update--366 10/9/2012 17:19:21.2565996
Update--363 10/9/2012 17:19:29.4154140
Update--552 10/9/2012 17:19:37.8082287
Update--905 10/9/2012 17:19:43.6270389
Update--948 10/9/2012 17:19:52.4410544
Update--985 10/9/2012 17:20:07.1986803
Update--782 10/9/2012 17:20:13.4386913
Update--694 10/9/2012 17:20:19.9439027
Update--649 10/9/2012 17:20:28.0559169
Update--995 10/9/2012 17:20:35.0447292
Update--695 10/9/2012 17:20:45.0287468
Update--746 10/9/2012 17:20:52.9847607
Update--733 10/9/2012 17:21:01.5214466
Update--986 10/9/2012 17:21:10.6147419
Update--904 10/9/2012 17:21:16.2282612
Update--877 10/9/2012 17:21:25.2707784
Update--818 10/9/2012 17:21:31.8708619
Update--551 10/9/2012 17:21:39.8424759
Update--581 10/9/2012 17:21:49.2336924
Update--367 10/9/2012 17:21:57.8917076
Update--477 10/9/2012 17:22:08.2501258
Update--478 10/9/2012 17:22:16.3933401
Update--475 10/9/2012 17:22:24.4897543
Update--482 10/9/2012 17:22:32.5528312
Update--850 10/9/2012 17:22:39.8679995
Update--907 10/9/2012 17:22:45.0102936
Update--983 10/9/2012 17:22:58.7810813
Update--984 10/9/2012 17:23:12.7488802
Update--732 10/9/2012 17:23:20.5963290
Update--763 10/9/2012 17:23:28.3817743
Update--789 10/9/2012 17:23:34.8111421
Update--691 10/9/2012 17:23:42.2665685
Update--960 10/9/2012 17:23:47.0028394
Update--895 10/9/2012 17:23:53.2001938
Update--991 10/9/2012 17:24:01.8506886
Update--445 10/9/2012 17:24:12.5072981
Update--447 10/9/2012 17:24:21.4448093
Update--448 10/9/2012 17:24:29.8662910
Update--449 10/9/2012 17:24:38.3977790
Update--438 10/9/2012 17:24:46.8042598
Update--570 10/9/2012 17:24:54.3826933
Update--565 10/9/2012 17:25:03.1801965
Update--622 10/9/2012 17:25:11.2426576
Update--553 10/9/2012 17:25:19.3981241
Update--545 10/9/2012 17:25:27.3365781
Update--443 10/9/2012 17:25:35.6640544
Update--630 10/9/2012 17:25:44.1495398
Update--612 10/9/2012 17:25:52.1809992
Update--606 10/9/2012 17:26:00.4434717
Update--564 10/9/2012 17:26:09.0869661
Update--451 10/9/2012 17:26:16.9784175
Update--452 10/9/2012 17:26:26.0559367
Update--464 10/9/2012 17:26:35.7434908
Update--455 10/9/2012 17:26:43.3989287
Update--457 10/9/2012 17:26:52.0084211
Update--459 10/9/2012 17:27:01.4149591
Update--460 10/9/2012 17:27:09.5254230
Update--461 10/9/2012 17:27:17.4628770
Update--462 10/9/2012 17:27:27.3224409
Update--884 10/9/2012 17:27:35.0408824
Update--885 10/9/2012 17:27:42.8383284
Update--886 10/9/2012 17:27:50.8067842
Update--887 10/9/2012 17:27:58.9002471
Update--888 10/9/2012 17:28:06.5426842
Update--683 10/9/2012 17:28:12.9450504
Update--663 10/9/2012 17:28:18.8543884
Update--458 10/9/2012 17:28:26.8378450
Update--453 10/9/2012 17:28:36.1503777
Update--454 10/9/2012 17:28:44.0098272
Update--479 10/9/2012 17:28:52.0882893
Update--610 10/9/2012 17:28:59.8987360
Update--611 10/9/2012 17:29:07.6161774
Update--524 10/9/2012 17:29:15.6356361
Update--548 10/9/2012 17:29:24.4481401
Update--233 10/9/2012 17:29:32.1365799
Update--536 10/9/2012 17:29:40.4180536
Update--608 10/9/2012 17:29:48.9345407
Update--466 10/9/2012 17:29:58.7151001
Update--467 10/9/2012 17:30:06.8395648
Update--450 10/9/2012 17:30:14.9340278
Update--442 10/9/2012 17:30:23.3245077
Update--664 10/9/2012 17:30:29.8778825
Update--982 10/9/2012 17:30:43.5816663
Update--854 10/9/2012 17:30:52.1721577
Update Area--<none> 10/9/2012 17:30:55.3413389
Update Area--BOHOL-REGION-AREA1 10/9/2012 17:30:57.2274468
Update Area--BOHOL-REGION-AREA2 10/9/2012 17:30:59.1225552
Update Area--BOHOL-REGION-AREA3 10/9/2012 17:31:01.0206638
Update Area--CAAR-REGION-AREA1 10/9/2012 17:31:02.9087718
Update Area--CAAR-REGION-AREA2 10/9/2012 17:31:04.7998799
Update Area--CAAR-REGION-AREA3 10/9/2012 17:31:06.6859878
Update Area--CAAR-REGION-AREA4 10/9/2012 17:31:08.5830963
Update Area--CAAR-REGION-AREA5 10/9/2012 17:31:10.4822049
Update Area--CAGAYAN-REGION-AREA4 10/9/2012 17:31:12.3923142
Update Area--CARAGA-REGION-AREA1 10/9/2012 17:31:14.2964231
Update Area--CARAGA-REGION-AREA2 10/9/2012 17:31:16.2015321
Update Area--CARAGA-REGION-AREA3 10/9/2012 17:31:18.0986406
Update Area--CARAGA-REGION-AREA4 10/9/2012 17:31:19.9977492
Update Area--Cebu Central A 10/9/2012 17:31:21.8958578
Update Area--Cebu Central B 10/9/2012 17:31:23.7949664
Update Area--Cebu Central C 10/9/2012 17:31:25.6920749
Update Area--Cebu Central D 10/9/2012 17:31:27.6271856
Update Area--Cebu North A 10/9/2012 17:31:29.5272943
Update Area--Cebu North B 10/9/2012 17:31:31.4324032
Update Area--Cebu North C 10/9/2012 17:31:33.3275116
Update Area--Cebu North D 10/9/2012 17:31:35.2396210
Update Area--Cebu South A 10/9/2012 17:31:37.1327293
Update Area--Cebu South B 10/9/2012 17:31:39.0258375
Update Area--Cebu South C 10/9/2012 17:31:40.9709488
Update Area--CEBU SOUTH D 10/9/2012 17:31:42.9770635
Update Area--CEBU SOUTH E 10/9/2012 17:31:44.9421759
Update Area--COMADAVSUR-REGION-AREA1 10/9/2012 17:31:46.8432847
Update Area--COMADAVSUR-REGION-AREA2 10/9/2012 17:31:48.7373930
Update Area--COMADAVSUR-REGION-AREA3 10/9/2012 17:31:50.6415019
Update Area--DAVAO/COMVAL-REGION-AREA1 10/9/2012 17:31:52.5476110
Update Area--DAVAO/COMVAL-REGION-AREA2 10/9/2012 17:31:54.4617204
Update Area--DAVAO/COMVAL-REGION-AREA3 10/9/2012 17:31:56.3518285
Update Area--DAVAO/COMVAL-REGION-AREA4 10/9/2012 17:31:58.2509372
Update Area--DAVAO/COMVAL-REGION-AREA5 10/9/2012 17:32:00.1570462
Update Area--GUIMARAS-ILOILO-REGION-AREA1 10/9/2012 17:32:02.0721557
Update Area--GUIMARAS-ILOILO-REGION-AREA2 10/9/2012 17:32:03.9762646
Update Area--GUIMARAS-ILOILO-REGION-AREA3 10/9/2012 17:32:05.8703730
Update Area--GUIMARAS-ILOILO-REGION-AREA4 10/9/2012 17:32:07.7594810
Update Area--GUIMARAS-ILOILO-REGION-AREA5 10/9/2012 17:32:09.6445888
Update Area--HO 10/9/2012 17:32:11.5826997
Update Area--LEYTE-REGION-AREA1 10/9/2012 17:32:13.5048096
Update Area--LEYTE-REGION-AREA2 10/9/2012 17:32:15.4299197
Update Area--LEYTE-REGION-AREA3 10/9/2012 17:32:17.3220280
Update Area--LEYTE-REGION-AREA4 10/9/2012 17:32:19.2151362
Update Area--LUZON-SHOWROOMS 10/9/2012 17:32:21.1012441
Update Area--MINDANAO-SHOWROOMS 10/9/2012 17:32:22.9953525
Update Area--NCR-SHOWROOMS 10/9/2012 17:32:24.8944611
Update Area--NEG.OR-SIQUIJOR-REGION-AREA1 10/9/2012 17:32:26.8225714
Update Area--NEG.OR-SIQUIJOR-REGION-AREA2 10/9/2012 17:32:28.7206799
Update Area--NEG.OR-SIQUIJOR-REGION-AREA3 10/9/2012 17:32:30.6277890
Update Area--NEGROS-OCC-REGION-AREA1 10/9/2012 17:32:32.5228974
Update Area--NEGROS-OCC-REGION-AREA2 10/9/2012 17:32:34.4120055
Update Area--NEGROS-OCC-REGION-AREA3 10/9/2012 17:32:36.3121141
Update Area--NEGROS-OCC-REGION-AREA4 10/9/2012 17:32:38.2432246
Update Area--NEGROS-OCC-REGION-AREA5 10/9/2012 17:32:40.1333327
Update Area--SAMAR-REGION-AREA1 10/9/2012 17:32:42.0224407
Update Area--SAMAR-REGION-AREA2 10/9/2012 17:32:43.9105487
Update Area--SAMAR-REGION-AREA3 10/9/2012 17:32:45.8096574
Update Area--SAMAR-REGION-AREA4 10/9/2012 17:32:47.7257670
Update Area--SOCSKSARGEN-MINDANAO-AREA1 10/9/2012 17:32:49.6208754
Update Area--SOCSKSARGEN-MINDANAO-AREA2 10/9/2012 17:32:51.5619864
Update Area--SOCSKSARGEN-MINDANAO-AREA3 10/9/2012 17:32:53.4450941
Update Area--SOCSKSARGEN-MINDANAO-AREA4 10/9/2012 17:32:55.3452028
Update Area--VISAYAS-SHOWROOMS 10/9/2012 17:32:57.2393111
Update Area--YANGAN CAMBUNAO-REGION-AREA1 10/9/2012 17:32:59.1324194
Update Area--YANGAN CAMBUNAO-REGION-AREA2 10/9/2012 17:33:01.0725304
Update Area--YANGAN CAMBUNAO-REGION-AREA3 10/9/2012 17:33:02.9866398
Update Area--YANGAN CAMBUNAO-REGION-AREA4 10/9/2012 17:33:04.9227506
Update Area--YANGAN CAMBUNAO-REGION-AREA5 10/9/2012 17:33:06.8118586
Update Area--ZAMBASTA-MINDANAO-AREA1 10/9/2012 17:33:08.7059670
Update Area--ZAMBASTA-MINDANAO-AREA2 10/9/2012 17:33:10.6470780
Update Area--ZAMBASTA-MINDANAO-AREA3 10/9/2012 17:33:12.5401863
Update Area--ZAMISLAN-REGION-AREA1 10/9/2012 17:33:14.4442952
Update Area--ZAMISLAN-REGION-AREA2 10/9/2012 17:33:16.3424037
Update Area--ZAMISLAN-REGION-AREA3 10/9/2012 17:33:18.2375121
Update Area--ZAMISLAN-REGION-AREA4 10/9/2012 17:33:20.1286203
Update Area--ZAMISLAN-REGION-AREA5 10/9/2012 17:33:22.0217286
Update Area--ZAMSIBUGAY-REGION-AREA1 10/9/2012 17:33:23.9358381
Update Area--ZAMSIBUGAY-REGION-AREA2 10/9/2012 17:33:25.8269462
Update Area--ZAMSIBUGAY-REGION-AREA3 10/9/2012 17:33:27.8260606
Update Area--ZAMSIBUGAY-REGION-AREA4 10/9/2012 17:33:29.7501706
Update--941 10/9/2012 17:34:56.9711594
Update--950 10/9/2012 17:35:04.9066133
Update--952 10/9/2012 17:35:13.7511191
Update--871 10/9/2012 17:35:22.0015910
Update--804 10/9/2012 17:35:28.1139406
Update--681 10/9/2012 17:35:35.0533376
Update--708 10/9/2012 17:35:41.6917172
Update--717 10/9/2012 17:35:48.3430977
Update--769 10/9/2012 17:35:55.7385207
Update--021 10/9/2012 17:36:04.2360067
Update--133 10/9/2012 17:36:13.0795125
Update--137 10/9/2012 17:36:23.8921310
Update--138 10/9/2012 17:36:32.2356082
Update--140 10/9/2012 17:36:40.2670676
Update--613 10/9/2012 17:36:48.1225169
Update--638 10/9/2012 17:36:55.9579650
Update--518 10/9/2012 17:37:03.7974134
Update--139 10/9/2012 17:37:12.6889220
Update--134 10/9/2012 17:37:21.0023975
Update--142 10/9/2012 17:37:29.8299024
Update--131 10/9/2012 17:37:38.2993868
Update--132 10/9/2012 17:37:46.7678712
Update--768 10/9/2012 17:37:53.2632427
Update--761 10/9/2012 17:38:00.7316699
Update--741 10/9/2012 17:38:07.0900336
Update--714 10/9/2012 17:38:14.2644439
Update--715 10/9/2012 17:38:20.5098011
Update--682 10/9/2012 17:38:27.3741937
Update--642 10/9/2012 17:38:35.1276372
Update--659 10/9/2012 17:38:41.7150140
Update--951 10/9/2012 17:38:49.5974648
Update--680 10/9/2012 17:38:55.8178206
Update--690 10/9/2012 17:39:02.3111920
Update--752 10/9/2012 17:39:09.5126039
Update--734 10/9/2012 17:39:17.3190504
Update--143 10/9/2012 17:39:25.5345203
Update--135 10/9/2012 17:39:33.6599851
Update--141 10/9/2012 17:39:41.7854498
Update--637 10/9/2012 17:39:49.3928849
Update--345 10/9/2012 17:39:57.1603292
Update--628 10/9/2012 17:40:05.2517920
Update--593 10/9/2012 17:40:13.2862516
Update--036 10/9/2012 17:40:21.1146993
Update--057 10/9/2012 17:40:29.3331694
Update--066 10/9/2012 17:40:37.6306440
Update--079 10/9/2012 17:40:45.7231068
Update--264 10/9/2012 17:40:54.5206100
Update--726 10/9/2012 17:41:02.6460748
Update--711 10/9/2012 17:41:09.3924607
Update--712 10/9/2012 17:41:15.8368293
Update--677 10/9/2012 17:41:23.1782492
Update--673 10/9/2012 17:41:31.1647060
Update--696 10/9/2012 17:41:37.5460709
Update--697 10/9/2012 17:41:44.0724442
Update--720 10/9/2012 17:41:50.9588381
Update--810 10/9/2012 17:41:57.1391916
Update--280 10/9/2012 17:42:05.1306487
Update--284 10/9/2012 17:42:13.3821207
Update--285 10/9/2012 17:42:21.8346041
Update--290 10/9/2012 17:42:30.7101118
Update--582 10/9/2012 17:42:38.3755502
Update--537 10/9/2012 17:42:46.4640128
Update--396 10/9/2012 17:42:54.1784541
Update--583 10/9/2012 17:43:02.1769116
Update--639 10/9/2012 17:43:09.5663342
Update--291 10/9/2012 17:43:17.7578027
Update--287 10/9/2012 17:43:25.8352647
Update--289 10/9/2012 17:43:35.1317965
Update--281 10/9/2012 17:43:43.2422604
Update--821 10/9/2012 17:43:49.7846346
Update--875 10/9/2012 17:43:58.0381066
Update--727 10/9/2012 17:44:05.4595311
Update--724 10/9/2012 17:44:13.0549655
Update--725 10/9/2012 17:44:20.4723898
Update--730 10/9/2012 17:44:28.0508233
Update--731 10/9/2012 17:44:35.7032610
Update--747 10/9/2012 17:44:43.6017127
Update--668 10/9/2012 17:44:50.6591164
Update--843 10/9/2012 17:45:00.8837012
Update--250 10/9/2012 17:45:09.5241954
Update--251 10/9/2012 17:45:17.8366709
Update--252 10/9/2012 17:45:26.7901830
Update--254 10/9/2012 17:45:34.5246253
Update--248 10/9/2012 17:45:42.5310833
Update--246 10/9/2012 17:45:50.6025450
Update--247 10/9/2012 17:45:59.5570571
Update--282 10/9/2012 17:46:07.5565147
Update--283 10/9/2012 17:46:15.4119640
Update--288 10/9/2012 17:46:25.4610853
Update--297 10/9/2012 17:46:35.2111025
Update--292 10/9/2012 17:46:43.1047163
Update--535 10/9/2012 17:46:51.1699305
Update--513 10/9/2012 17:47:00.2023464
Update--679 10/9/2012 17:47:06.1147567
Update--660 10/9/2012 17:47:13.2751693
Update--934 10/9/2012 17:47:18.1423779
Update--845 10/9/2012 17:47:26.5507926
Update--748 10/9/2012 17:47:34.4132064
Update--620 10/9/2012 17:47:42.4316205
Update--618 10/9/2012 17:47:50.9960356
Update--410 10/9/2012 17:47:59.6228507
Update--412 10/9/2012 17:48:06.1748622
Update--413 10/9/2012 17:48:14.4272767
Update--414 10/9/2012 17:48:22.8044914
Update--415 10/9/2012 17:48:30.7449054
Update--416 10/9/2012 17:48:39.1377201
Update--405 10/9/2012 17:48:47.3277345
Update--407 10/9/2012 17:48:55.8297494
Update--408 10/9/2012 17:49:05.8605671
Update--108 10/9/2012 17:49:14.1129816
Update--430 10/9/2012 17:49:23.2701976
Update--406 10/9/2012 17:49:31.6006123
Update--417 10/9/2012 17:49:39.6970265
Update--418 10/9/2012 17:49:48.3238416
Update--619 10/9/2012 17:49:56.0926553
Update--855 10/9/2012 17:50:02.1142659
Update--857 10/9/2012 17:50:08.8222777
Update--878 10/9/2012 17:50:17.0590921
Update--954 10/9/2012 17:50:25.2023064
Update--807 10/9/2012 17:50:30.1475151
Update--419 10/9/2012 17:50:38.3219295
Update--420 10/9/2012 17:50:47.1047449
Update--421 10/9/2012 17:50:55.1543590
Update--423 10/9/2012 17:51:05.2631768
Update--424 10/9/2012 17:51:14.0615922
Update--425 10/9/2012 17:51:22.4544070
Update--431 10/9/2012 17:51:30.4416210
Update--409 10/9/2012 17:51:38.7564356
Update--427 10/9/2012 17:51:47.7732514
Update--428 10/9/2012 17:51:57.6948689
Update--429 10/9/2012 17:52:05.8068831
Update--434 10/9/2012 17:52:13.9344974
Update--435 10/9/2012 17:52:21.9685115
Update--436 10/9/2012 17:52:29.6593250
Update--437 10/9/2012 17:52:37.6465390
Update--439 10/9/2012 17:52:47.5369564
Update--440 10/9/2012 17:52:56.4913721
Update--441 10/9/2012 17:53:04.9777871
Update--432 10/9/2012 17:53:12.7622007
Update--433 10/9/2012 17:53:21.5294161
Update--800 10/9/2012 17:53:27.4574265
Update--777 10/9/2012 17:53:33.4790371
Update--718 10/9/2012 17:53:39.7502481
Update--719 10/9/2012 17:53:46.0058591
Update--749 10/9/2012 17:53:53.8682729
Update--750 10/9/2012 17:54:01.3718861
Update--868 10/9/2012 17:54:09.3123001
Update--846 10/9/2012 17:54:17.7051148
Update--105 10/9/2012 17:54:26.2539298
Update--029 10/9/2012 17:54:35.6139462
Update--030 10/9/2012 17:54:45.4263635
Update--032 10/9/2012 17:54:52.4775759
Update--033 10/9/2012 17:55:00.4491899
Update--034 10/9/2012 17:55:09.6688061
Update--035 10/9/2012 17:55:16.4860180
Update--037 10/9/2012 17:55:24.1300315
Update--038 10/9/2012 17:55:31.9924453
Update--040 10/9/2012 17:55:40.7596607
Update--025 10/9/2012 17:55:48.5908744
Update--018 10/9/2012 17:55:56.9680891
Update--020 10/9/2012 17:56:06.9365066
Update--019 10/9/2012 17:56:17.1857246
Update--026 10/9/2012 17:56:25.3601390
Update--027 10/9/2012 17:56:33.4565532
Update--028 10/9/2012 17:56:41.6153676
Update--022 10/9/2012 17:56:48.6509799
Update--023 10/9/2012 17:56:56.9033944
Update--024 10/9/2012 17:57:05.0622087
Update--125 10/9/2012 17:57:13.7670240
Update--120 10/9/2012 17:57:22.7370398
Update--121 10/9/2012 17:57:30.7086538
Update--122 10/9/2012 17:57:39.2262687
Update--078 10/9/2012 17:57:48.6018852
Update--512 10/9/2012 17:57:56.4954991
Update--526 10/9/2012 17:58:05.9803157
Update--835 10/9/2012 17:58:15.6991328
Update--867 10/9/2012 17:58:24.7159486
Update--532 10/9/2012 17:58:33.0619633
Update--508 10/9/2012 17:58:41.0491773
Update--616 10/9/2012 17:58:49.7383926
Update--633 10/9/2012 17:58:57.9440070
Update--325 10/9/2012 17:59:06.0092212
Update--106 10/9/2012 17:59:14.8076366
Update--041 10/9/2012 17:59:23.0288511
Update--042 10/9/2012 17:59:31.3592657
Update--045 10/9/2012 17:59:41.9360843
Update--046 10/9/2012 17:59:49.6424978
Update--047 10/9/2012 17:59:57.5205116
Update--048 10/9/2012 18:00:05.6325259
Update--049 10/9/2012 18:00:14.0721407
Update--052 10/9/2012 18:00:22.3245552
Update--054 10/9/2012 18:00:30.9357703
Update--055 10/9/2012 18:00:38.8917843
Update--053 10/9/2012 18:00:46.9725985
Update--050 10/9/2012 18:00:55.1626129
Update--051 10/9/2012 18:01:03.5866277
Update--064 10/9/2012 18:01:11.5894417
Update--070 10/9/2012 18:01:19.7014560
Update--071 10/9/2012 18:01:29.6074734
Update--072 10/9/2012 18:01:37.5322873
Update--073 10/9/2012 18:01:47.4071047
Update--043 10/9/2012 18:01:56.0339198
Update--240 10/9/2012 18:02:03.9743337
Update--511 10/9/2012 18:02:12.0083479
Update--866 10/9/2012 18:02:19.7927615
Update--912 10/9/2012 18:02:24.3791696
Update--722 10/9/2012 18:02:32.7563843
Update--721 10/9/2012 18:02:42.4284013
Update--793 10/9/2012 18:02:47.4360101
Update--794 10/9/2012 18:02:54.3156222
Update--710 10/9/2012 18:03:01.2576344
Update--864 10/9/2012 18:03:09.6504491
Update--865 10/9/2012 18:03:17.5908631
Update--591 10/9/2012 18:03:25.9056777
Update--571 10/9/2012 18:03:32.6136894
Update--578 10/9/2012 18:03:40.6945036
Update--260 10/9/2012 18:03:48.8533180
Update--067 10/9/2012 18:04:00.2569380
Update--068 10/9/2012 18:04:09.2425538
Update--069 10/9/2012 18:04:20.6305738
Update--065 10/9/2012 18:04:28.9609884
Update--056 10/9/2012 18:04:37.1822028
Update--058 10/9/2012 18:04:47.1194203
Update--059 10/9/2012 18:04:56.7134372
Update--060 10/9/2012 18:05:04.9190516
Update--061 10/9/2012 18:05:12.9062656
Update--062 10/9/2012 18:05:21.1430801
Update--063 10/9/2012 18:05:29.1770942
Update--585 10/9/2012 18:05:37.7883093
Update--944 10/9/2012 18:05:46.3059243
Update--945 10/9/2012 18:05:54.1995381
Update--961 10/9/2012 18:05:59.3943472
Update--699 10/9/2012 18:06:06.6015599
Update--644 10/9/2012 18:06:16.3671771
Update--997 10/9/2012 18:06:25.1499925
Update--770 10/9/2012 18:06:30.2200014
Update--943 10/9/2012 18:06:38.4880159
Update--936 10/9/2012 18:06:46.7248304
Update--856 10/9/2012 18:06:53.9164430
Update--829 10/9/2012 18:07:00.6088548
Update--084 10/9/2012 18:07:09.5944705
Update--080 10/9/2012 18:07:18.7828867
Update--081 10/9/2012 18:07:28.0025029
Update--082 10/9/2012 18:07:36.0989171
Update--087 10/9/2012 18:07:44.3357316
Update--088 10/9/2012 18:07:52.4477458
Update--089 10/9/2012 18:08:01.4957617
Update--090 10/9/2012 18:08:09.7949763
Update--092 10/9/2012 18:08:19.4045932
Update--093 10/9/2012 18:08:27.5790075
Update--094 10/9/2012 18:08:35.2854211
Update--095 10/9/2012 18:08:43.8810361
Update--083 10/9/2012 18:08:51.9150503
Update--085 10/9/2012 18:09:00.3234650
Update--086 10/9/2012 18:09:08.3106791
Update--074 10/9/2012 18:09:17.1246945
Update--075 10/9/2012 18:09:25.0183084
Update--076 10/9/2012 18:09:33.5203233
Update--573 10/9/2012 18:09:41.9755382
Update--869 10/9/2012 18:09:49.8847521
Update--937 10/9/2012 18:09:58.0747665
Update--938 10/9/2012 18:10:06.4519812
Update--728 10/9/2012 18:10:13.6747939
Update--656 10/9/2012 18:10:20.2268054
Update--702 10/9/2012 18:10:27.8864188
Update--900 10/9/2012 18:10:33.3464284
Update--839 10/9/2012 18:10:50.2724581
Update--817 10/9/2012 18:10:56.4344690
Update--575 10/9/2012 18:11:05.6696852
Update--017 10/9/2012 18:11:14.6865010
Update--126 10/9/2012 18:11:23.6721168
Update--128 10/9/2012 18:11:33.5313341
Update--129 10/9/2012 18:11:41.9397489
Update--130 10/9/2012 18:11:49.9113629
Update--123 10/9/2012 18:11:59.9265805
Update--124 10/9/2012 18:12:07.8357944
Update--103 10/9/2012 18:12:16.4470095
Update--567 10/9/2012 18:12:24.6682239
Update--555 10/9/2012 18:12:33.9034402
Update--816 10/9/2012 18:12:39.7222504
Update--858 10/9/2012 18:12:46.9918632
Update--666 10/9/2012 18:12:54.5422764
Update--778 10/9/2012 18:13:00.1738863
Update--784 10/9/2012 18:13:06.3358971
Update--670 10/9/2012 18:13:13.2623093
Update--834 10/9/2012 18:13:28.0355352
Update--876 10/9/2012 18:13:36.1163494
Update--953 10/9/2012 18:13:43.9163631
Update--109 10/9/2012 18:13:52.6367784
Update--112 10/9/2012 18:14:01.2947937
Update--115 10/9/2012 18:14:09.3912079
Update--117 10/9/2012 18:14:17.3784219
Update--118 10/9/2012 18:14:26.7072383
Update--119 10/9/2012 18:14:34.5852521
Update--104 10/9/2012 18:14:44.1480689
Update--096 10/9/2012 18:14:52.5096836
Update--097 10/9/2012 18:15:01.1520988
Update--098 10/9/2012 18:15:09.1549128
Update--099 10/9/2012 18:15:19.8409316
Update--100 10/9/2012 18:15:28.6549471
Update--101 10/9/2012 18:15:37.1413620
Update--549 10/9/2012 18:15:45.3625764
Update--566 10/9/2012 18:15:54.1765919
Update--947 10/9/2012 18:16:02.0858058
Update--812 10/9/2012 18:16:08.2634167
Update--836 10/9/2012 18:16:22.4594416
Update--837 10/9/2012 18:16:36.3278660
Update--838 10/9/2012 18:16:45.6098823
Update--559 10/9/2012 18:16:53.8778968
Update--107 10/9/2012 18:17:02.0679112
Update--110 10/9/2012 18:17:10.3983258
Update--111 10/9/2012 18:17:18.5571401
Update--116 10/9/2012 18:17:26.7783546
Update--113 10/9/2012 18:17:34.6095683
Update--114 10/9/2012 18:17:42.7683827
Update--507 10/9/2012 18:17:52.0347989
Update--569 10/9/2012 18:18:01.0984148
Update--621 10/9/2012 18:18:09.3976294
Update--384 10/9/2012 18:18:18.5080454
Update--861 10/9/2012 18:18:26.1364588
Update--933 10/9/2012 18:18:31.2376678
Update--889 10/9/2012 18:18:40.0984833
Update--772 10/9/2012 18:18:47.6176966
Update--773 10/9/2012 18:18:56.3225118
Update--883 10/9/2012 18:19:04.7777267
Update--956 10/9/2012 18:19:14.7305442
Update--841 10/9/2012 18:19:24.2777609
Update--820 10/9/2012 18:19:30.7673723
Update--385 10/9/2012 18:19:39.7217881
Update--386 10/9/2012 18:19:49.1754047
Update--388 10/9/2012 18:19:59.3934226
Update--389 10/9/2012 18:20:07.4898368
Update--390 10/9/2012 18:20:15.7110513
Update--331 10/9/2012 18:20:24.1350661
Update--383 10/9/2012 18:20:32.1222801
Update--629 10/9/2012 18:20:40.2186943
Update--626 10/9/2012 18:20:48.2371084
Update--538 10/9/2012 18:20:56.6299232
Update--220 10/9/2012 18:21:04.8199375
Update--271 10/9/2012 18:21:13.4155526
Update--332 10/9/2012 18:21:21.5587669
Update--324 10/9/2012 18:21:31.0435836
Update--330 10/9/2012 18:21:39.9199992
Update--860 10/9/2012 18:21:49.3580158
Update--911 10/9/2012 18:21:54.9740256
Update--771 10/9/2012 18:22:01.3700369
Update--760 10/9/2012 18:22:08.8424500
Update--791 10/9/2012 18:22:15.7532621
Update--723 10/9/2012 18:22:22.4300739
Update--739 10/9/2012 18:22:29.2940859
Update--661 10/9/2012 18:22:35.6588971
Update--602 10/9/2012 18:22:44.8473132
Update--286 10/9/2012 18:22:52.7721271
Update--301 10/9/2012 18:23:02.0697435
Update--303 10/9/2012 18:23:10.5405584
Update--306 10/9/2012 18:23:20.7585763
Update--308 10/9/2012 18:23:29.5413917
Update--316 10/9/2012 18:23:38.5114075
Update--136 10/9/2012 18:23:45.3130194
Update--302 10/9/2012 18:23:53.5654339
Update--540 10/9/2012 18:24:01.7710483
Update--515 10/9/2012 18:24:10.3042633
Update--329 10/9/2012 18:24:18.7750782
Update--333 10/9/2012 18:24:27.1366929
Update--334 10/9/2012 18:24:35.7167080
Update--326 10/9/2012 18:24:44.9207241
Update--327 10/9/2012 18:24:53.3759390
Update--792 10/9/2012 18:24:59.5067497
Update--893 10/9/2012 18:25:07.7279642
Update--805 10/9/2012 18:25:14.4983761
Update--802 10/9/2012 18:25:20.8631873
Update--701 10/9/2012 18:25:27.5867991
Update--319 10/9/2012 18:25:47.0712333
Update--320 10/9/2012 18:25:55.5888482
Update--321 10/9/2012 18:26:04.7928644
Update--322 10/9/2012 18:26:13.7004801
Update--426 10/9/2012 18:26:22.3272952
Update--307 10/9/2012 18:26:31.1257107
Update--315 10/9/2012 18:26:40.5637272
Update--311 10/9/2012 18:26:49.9081437
Update--312 10/9/2012 18:26:58.9561595
Update--313 10/9/2012 18:27:07.5361746
Update--314 10/9/2012 18:27:15.7573891
Update--310 10/9/2012 18:27:23.8538033
Update--317 10/9/2012 18:27:32.9642193
Update--148 10/9/2012 18:27:41.7314347
Update--323 10/9/2012 18:27:50.8574507
Update--517 10/9/2012 18:27:58.6106643
Update--590 10/9/2012 18:28:06.5978784
Update--709 10/9/2012 18:28:12.9314895
Update--671 10/9/2012 18:28:19.3587008
Update--890 10/9/2012 18:28:27.4395150
Update--891 10/9/2012 18:28:35.4891291
Update--959 10/9/2012 18:28:39.9351369
Update--894 10/9/2012 18:28:47.8599508
Update--624 10/9/2012 18:28:56.0967653
Update--541 10/9/2012 18:29:04.6143803
Update--527 10/9/2012 18:29:12.9447949
Update--328 10/9/2012 18:29:21.0724092
Update--127 10/9/2012 18:29:28.9192229
Update--309 10/9/2012 18:29:37.1248374
Update--298 10/9/2012 18:29:46.5628539
Update--299 10/9/2012 18:29:54.9088686
Update--300 10/9/2012 18:30:03.2080832
Update--293 10/9/2012 18:30:11.7568982
Update--267 10/9/2012 18:30:19.7441122
Update--273 10/9/2012 18:30:28.4021274
Update--274 10/9/2012 18:30:36.9509424
Update--275 10/9/2012 18:30:45.1409568
Update--262 10/9/2012 18:30:55.2809746
Update--259 10/9/2012 18:31:03.7985896
Update--102 10/9/2012 18:31:10.5690015
Update--543 10/9/2012 18:31:19.2894168
Update--522 10/9/2012 18:31:28.9926338
Update--897 10/9/2012 18:31:35.1390446
Update--745 10/9/2012 18:31:42.7518580
Update--766 10/9/2012 18:31:49.1166692
Update--676 10/9/2012 18:31:56.1210815
Update--828 10/9/2012 18:32:02.4390926
Update--563 10/9/2012 18:32:10.8631074
Update--263 10/9/2012 18:32:19.4119224
Update--261 10/9/2012 18:32:27.9763374
Update--255 10/9/2012 18:32:36.3691522
Update--256 10/9/2012 18:32:44.8555671
Update--257 10/9/2012 18:33:01.6879967
Update--258 10/9/2012 18:33:13.7312178
Update--266 10/9/2012 18:33:22.8416338
Update--269 10/9/2012 18:33:31.6244492
Update--272 10/9/2012 18:33:39.8144636
Update--265 10/9/2012 18:33:48.7532793
Update--294 10/9/2012 18:33:57.9260954
Update--277 10/9/2012 18:34:06.4437104
Update--278 10/9/2012 18:34:15.4917263
Update--279 10/9/2012 18:34:23.9001410
Update--296 10/9/2012 18:34:31.9653552
Update--514 10/9/2012 18:34:40.2801698
Update--775 10/9/2012 18:34:47.0037816
Update--783 10/9/2012 18:34:53.5401931
Update--779 10/9/2012 18:35:00.4978053
Update--786 10/9/2012 18:35:07.6894180
Update--787 10/9/2012 18:35:14.2414295
Update--693 10/9/2012 18:35:22.6966443
Update--827 10/9/2012 18:35:29.2486558
Update--557 10/9/2012 18:35:37.6570706
Update--253 10/9/2012 18:35:46.3930859
Update--249 10/9/2012 18:35:55.1291013
Update--241 10/9/2012 18:36:03.7559164
Update--242 10/9/2012 18:36:12.1643312
Update--243 10/9/2012 18:36:20.4167457
Update--244 10/9/2012 18:36:29.1371610
Update--245 10/9/2012 18:36:37.0619749
Update--268 10/9/2012 18:36:45.4859897
Update--276 10/9/2012 18:36:53.5200038
Update--295 10/9/2012 18:37:01.8192184
Update--044 10/9/2012 18:37:09.9780327
Update--523 10/9/2012 18:37:17.8248465
Update--509 10/9/2012 18:37:25.9992609
Update--510 10/9/2012 18:37:34.0800751
Update--842 10/9/2012 18:37:42.7380903
Update--662 10/9/2012 18:37:49.6801025
Update--788 10/9/2012 18:37:56.4817144
Update--729 10/9/2012 18:38:03.5329268
Update--001 10/9/2012 18:38:08.3221352
Update--207 10/9/2012 18:38:17.0737506
Update--208 10/9/2012 18:38:25.3885652
Update--209 10/9/2012 18:38:33.1885789
Update--210 10/9/2012 18:38:42.5641954
Update--215 10/9/2012 18:38:50.8322099
Update--216 10/9/2012 18:38:58.7570238
Update--217 10/9/2012 18:39:06.7754379
Update--218 10/9/2012 18:39:15.1682526
Update--650 10/9/2012 18:39:21.9542646
Update--651 10/9/2012 18:39:28.6621133
Update--674 10/9/2012 18:39:35.6875151
Update--675 10/9/2012 18:39:42.3958988
Update--796 10/9/2012 18:39:47.8102085
Update--797 10/9/2012 18:39:53.1635147
Update--874 10/9/2012 18:40:01.3359821
Update--996 10/9/2012 18:40:09.9934773
Update--193 10/9/2012 18:40:19.0859974
Update--194 10/9/2012 18:40:24.9143307
Update--195 10/9/2012 18:40:33.4918213
Update--196 10/9/2012 18:40:42.2113201
Update--197 10/9/2012 18:40:50.7738098
Update--198 10/9/2012 18:40:59.9773362
Update--199 10/9/2012 18:41:08.6498323
Update--191 10/9/2012 18:41:16.8543015
Update--201 10/9/2012 18:41:25.3187857
Update--202 10/9/2012 18:41:34.4773095
Update--203 10/9/2012 18:41:42.2127520
Update--204 10/9/2012 18:41:50.4952257
Update--205 10/9/2012 18:41:58.9937118
Update--219 10/9/2012 18:42:07.6972096
Update--222 10/9/2012 18:42:14.5886038
Update--223 10/9/2012 18:42:22.4810552
Update--224 10/9/2012 18:42:31.2915591
Update--225 10/9/2012 18:42:39.4820276
Update--226 10/9/2012 18:42:47.9175101
Update--227 10/9/2012 18:42:56.8230194
Update--228 10/9/2012 18:43:06.4005672
Update--229 10/9/2012 18:43:16.3071339
Update--230 10/9/2012 18:43:26.3277070
Update--634 10/9/2012 18:43:34.3791675
Update--698 10/9/2012 18:43:41.7285879
Update--753 10/9/2012 18:43:49.4510296
Update--754 10/9/2012 18:43:57.1364692
Update--755 10/9/2012 18:44:04.7429042
Update--645 10/9/2012 18:44:12.6653574
Update--872 10/9/2012 18:44:21.3408536
Update--949 10/9/2012 18:44:30.3393683
Update--993 10/9/2012 18:44:38.2478206
Update--212 10/9/2012 18:44:47.8183680
Update--221 10/9/2012 18:44:56.4338608
Update--206 10/9/2012 18:45:04.9033452
Update--214 10/9/2012 18:45:13.9648635
Update--007 10/9/2012 18:45:21.6843050
Update--012 10/9/2012 18:45:29.4027465
Update--013 10/9/2012 18:45:36.9031755
Update--014 10/9/2012 18:45:44.3085991
Update--382 10/9/2012 18:45:51.6120168
Update--899 10/9/2012 18:45:56.0222690
Update--844 10/9/2012 18:46:03.3566885
Update--851 10/9/2012 18:46:11.5761587
Update--862 10/9/2012 18:46:20.0206417
Update--909 10/9/2012 18:46:25.8089727
Update--892 10/9/2012 18:46:34.1844518
Update--939 10/9/2012 18:46:44.0160141
Update--568 10/9/2012 18:46:53.2325413
Update--005 10/9/2012 18:47:01.7070260
Update--006 10/9/2012 18:47:16.9818997
Update--008 10/9/2012 18:47:24.4223252
Update--009 10/9/2012 18:47:32.1077648
Update--010 10/9/2012 18:47:39.3901813
Update--011 10/9/2012 18:47:46.7936048
Update--015 10/9/2012 18:47:54.7330589
Update--016 10/9/2012 18:48:02.6085094
Update--369 10/9/2012 18:48:10.6719706
Update--946 10/9/2012 18:48:18.3114075
Update--853 10/9/2012 18:48:27.5619366
Update--806 10/9/2012 18:48:34.0033050
Update--678 10/9/2012 18:48:41.0387074
Update--764 10/9/2012 18:48:49.2681781
Update--595 10/9/2012 18:48:57.5306507
Update--539 10/9/2012 18:49:05.9061298
Update--149 10/9/2012 18:49:14.8116391
Update--151 10/9/2012 18:49:26.4373041
Update--152 10/9/2012 18:49:35.6408305
Update--147 10/9/2012 18:49:44.8903595
Update--157 10/9/2012 18:49:53.4218475
Update--145 10/9/2012 18:50:02.3752982
Update--159 10/9/2012 18:50:10.7966739
Update--160 10/9/2012 18:50:20.8751834
Update--161 10/9/2012 18:50:28.7815676
Update--146 10/9/2012 18:50:36.2659923
Update--144 10/9/2012 18:50:44.9244027
Update--153 10/9/2012 18:50:53.2188158
Update--154 10/9/2012 18:51:00.7972135
Update--529 10/9/2012 18:51:08.9236498
Update--530 10/9/2012 18:51:17.2671271
Update--588 10/9/2012 18:51:25.5165253
Update--584 10/9/2012 18:51:33.5008932
Update--744 10/9/2012 18:51:41.1623108
Update--657 10/9/2012 18:51:47.8816722
Update--716 10/9/2012 18:51:56.7731468
Update--808 10/9/2012 18:52:03.2364383
Update--798 10/9/2012 18:52:09.6937435
Update--813 10/9/2012 18:52:15.7150533
Update--758 10/9/2012 18:52:23.3254579
Update--155 10/9/2012 18:52:31.5009004
Update--156 10/9/2012 18:52:39.2342479
Update--158 10/9/2012 18:52:47.1726835
Update--305 10/9/2012 18:52:55.1761028
Update--176 10/9/2012 18:53:03.6275075
Update--177 10/9/2012 18:53:13.3780284
Update--178 10/9/2012 18:53:21.8305007
Update--180 10/9/2012 18:53:31.3779831
Update--163 10/9/2012 18:53:43.2685595
Update--597 10/9/2012 18:53:51.5359598
Update--609 10/9/2012 18:53:59.6803302
Update--738 10/9/2012 18:54:06.4466877
Update--809 10/9/2012 18:54:12.3849553
Update--801 10/9/2012 18:54:18.8022872
Update--870 10/9/2012 18:54:26.8867362
Update--751 10/9/2012 18:54:34.3971122
Update--636 10/9/2012 18:54:42.1294758
Update--181 10/9/2012 18:54:50.6479151
Update--182 10/9/2012 18:54:58.7423139
Update--183 10/9/2012 18:55:06.9466888
Update--184 10/9/2012 18:55:14.6480668
Update--185 10/9/2012 18:55:22.5834750
Update--186 10/9/2012 18:55:30.6458390
Update--188 10/9/2012 18:55:39.4752291
Update--189 10/9/2012 18:55:47.6006196
Update--190 10/9/2012 18:55:55.4750271
Update--179 10/9/2012 18:56:03.5084564
Update--173 10/9/2012 18:56:12.2858653
Update--174 10/9/2012 18:56:21.0733601
Update--614 10/9/2012 18:56:28.7257470
Update--601 10/9/2012 18:56:36.7471439
Update--580 10/9/2012 18:56:44.4435193
Update--705 10/9/2012 18:56:50.9588714
Update--823 10/9/2012 18:56:58.0002228
Update--901 10/9/2012 18:57:03.7415009
Update--994 10/9/2012 18:57:11.7429128
Update--987 10/9/2012 18:57:20.7623986
Update--707 10/9/2012 18:57:26.9967033
Update--685 10/9/2012 18:57:33.8830441
Update--686 10/9/2012 18:57:40.1563583
Update--669 10/9/2012 18:57:47.6637319
Update--736 10/9/2012 18:57:55.4970025
Update--737 10/9/2012 18:58:03.0713677
Update--603 10/9/2012 18:58:10.7647363
Update--504 10/9/2012 18:58:19.1791629
Update--374 10/9/2012 18:58:26.8215202
Update--171 10/9/2012 18:58:36.2029240
Update--318 10/9/2012 18:58:43.7402614
Update--164 10/9/2012 18:58:52.9727604
Update--165 10/9/2012 18:59:01.5872124
Update--166 10/9/2012 18:59:09.3376228
Update--167 10/9/2012 18:59:17.3690364
Update--168 10/9/2012 18:59:25.2273882
Update--169 10/9/2012 18:59:33.0858132
Update--170 10/9/2012 18:59:41.6952732
Update--337 10/9/2012 18:59:49.3216843
Update--505 10/9/2012 18:59:57.3060880
Update--635 10/9/2012 19:00:04.5394030
Update--706 10/9/2012 19:00:10.7396862
Update--999 10/9/2012 19:00:18.9000877
Update--647 10/9/2012 19:00:26.6524725
Update--743 10/9/2012 19:00:34.3218799
Update--824 10/9/2012 19:00:40.5211709
Update--607 10/9/2012 19:00:49.8686090
Update--544 10/9/2012 19:00:58.0250404
Update--556 10/9/2012 19:01:04.7754064
Update--232 10/9/2012 19:01:15.5719363
Update--236 10/9/2012 19:01:24.7124094
Update--237 10/9/2012 19:01:34.5089028
Update--234 10/9/2012 19:01:43.2913583
Update--525 10/9/2012 19:01:51.6387358
Update--534 10/9/2012 19:02:00.0421802
Update--596 10/9/2012 19:02:07.9795829
Update--873 10/9/2012 19:02:17.1370788
Update--762 10/9/2012 19:02:24.7084610
Update--998 10/9/2012 19:02:32.8698765
Update--655 10/9/2012 19:02:39.6921836
Update--700 10/9/2012 19:02:46.0585198
Update--799 10/9/2012 19:02:52.8488630
Update--594 10/9/2012 19:03:00.7932817
Update--598 10/9/2012 19:03:09.0737274
Update--503 10/9/2012 19:03:17.5261545
Update--235 10/9/2012 19:03:27.0896424
Update--231 10/9/2012 19:03:36.7611481
Update--238 10/9/2012 19:03:46.3546673
Update--239 10/9/2012 19:03:54.1520480
Update--192 10/9/2012 19:04:02.9814855
Update--617 10/9/2012 19:04:11.0469094
Update--825 10/9/2012 19:04:16.8852121
Update--704 10/9/2012 19:04:23.5725444
Update--648 10/9/2012 19:04:31.5549529
Update--646 10/9/2012 19:04:39.2022737
Update--767 10/9/2012 19:04:47.9796871
Update--859 10/9/2012 19:04:55.4410636
Update--955 10/9/2012 19:05:04.4815305
Update--375 10/9/2012 19:05:14.1210059
Update--376 10/9/2012 19:05:24.4985576
Update--377 10/9/2012 19:05:33.4660482
Update--378 10/9/2012 19:05:42.9974651
Update--381 10/9/2012 19:05:51.4538918
Update--372 10/9/2012 19:05:59.4352702
Update--422 10/9/2012 19:06:09.3266033
Update--200 10/9/2012 19:06:17.7359035
Update--175 10/9/2012 19:06:26.6702310
Update--404 10/9/2012 19:06:34.9516176
Update--444 10/9/2012 19:06:44.3730622
Update--397 10/9/2012 19:06:53.5615325
Update--398 10/9/2012 19:07:01.9049807
Update--399 10/9/2012 19:07:10.4983851
Update--400 10/9/2012 19:07:19.1078117
Update--401 10/9/2012 19:07:27.7342030
Update--625 10/9/2012 19:07:35.7646378
Update--600 10/9/2012 19:07:44.0469999
Update--863 10/9/2012 19:07:53.4744789
Update--742 10/9/2012 19:08:00.2658160
Update--667 10/9/2012 19:08:07.6061644
Update--740 10/9/2012 19:08:15.5375511
Update--903 10/9/2012 19:08:21.5638506
Update--958 10/9/2012 19:08:26.3961136
Update--572 10/9/2012 19:08:35.4375404
Update--560 10/9/2012 19:08:44.0629299
Update--561 10/9/2012 19:08:52.7673547
Update--402 10/9/2012 19:09:01.3118004
Update--403 10/9/2012 19:09:10.9082433
Update--391 10/9/2012 19:09:21.7987953
Update--392 10/9/2012 19:09:31.4222532
Update--393 10/9/2012 19:09:39.3746583
Update--394 10/9/2012 19:09:48.8451314
Update--187 10/9/2012 19:09:57.5485516
Update--213 10/9/2012 19:10:07.1540257
Update--379 10/9/2012 19:10:15.6763765
Update--380 10/9/2012 19:10:24.0327479
Update--605 10/9/2012 19:10:32.0181125
Update--914 10/9/2012 19:10:36.4233611
Update--849 10/9/2012 19:10:43.7527564
Update--803 10/9/2012 19:10:50.6701012
Update--641 10/9/2012 19:10:59.0635506
Update--703 10/9/2012 19:11:05.6888922
Update--652 10/9/2012 19:11:12.8182832
Update--653 10/9/2012 19:11:19.8626756
Update--781 10/9/2012 19:11:26.6090614
Update--833 10/9/2012 19:11:35.6805803
Update--623 10/9/2012 19:11:42.6469787
Update--632 10/9/2012 19:11:50.5664317
Update--579 10/9/2012 19:11:58.9559116
Update--562 10/9/2012 19:12:06.9713700
Update--547 10/9/2012 19:12:15.2368428
Update--003 10/9/2012 19:12:23.3153048
Update--004 10/9/2012 19:12:31.6907839
Update--533 10/9/2012 19:12:40.0972647
Update--519 10/9/2012 19:12:49.1287813
Update--574 10/9/2012 19:13:00.8314506
Update--373 10/9/2012 19:13:06.5537779
Update--346 10/9/2012 19:13:17.3163935
Update--347 10/9/2012 19:13:27.0659512
Update--349 10/9/2012 19:13:35.5984392
Update--350 10/9/2012 19:13:44.9719753
Update--351 10/9/2012 19:13:53.4264589
Update--352 10/9/2012 19:14:02.6269851
Update--353 10/9/2012 19:14:11.9105161
Update--896 10/9/2012 19:14:18.3258831
Update--880 10/9/2012 19:14:26.0363241
Update--881 10/9/2012 19:14:34.2387932
Update--790 10/9/2012 19:14:40.8111692
Update--342 10/9/2012 19:14:50.1777049
Update--338 10/9/2012 19:14:58.4891803
Update--339 10/9/2012 19:15:06.8486584
Update--627 10/9/2012 19:15:15.1621339
Update--604 10/9/2012 19:15:23.1795925
Update--528 10/9/2012 19:15:30.9610376
Update--550 10/9/2012 19:15:38.9834964
Update--355 10/9/2012 19:15:48.7700562
Update--356 10/9/2012 19:15:57.8035729
Update--359 10/9/2012 19:16:07.0211001
Update--360 10/9/2012 19:16:14.9285524
Update--361 10/9/2012 19:16:23.1480225
Update--362 10/9/2012 19:16:33.8356338
Update--365 10/9/2012 19:16:42.2905219
Update--785 10/9/2012 19:16:49.7785351
Update--795 10/9/2012 19:16:57.0013477
Update--687 10/9/2012 19:17:04.0213601
Update--688 10/9/2012 19:17:11.2597728
Update--689 10/9/2012 19:17:17.7181841
Update--811 10/9/2012 19:17:24.9097968
Update--344 10/9/2012 19:17:33.2246114
Update--340 10/9/2012 19:17:44.2070307
Update--341 10/9/2012 19:17:53.2862466
Update--335 10/9/2012 19:18:01.9598618
Update--336 10/9/2012 19:18:10.1966763
Update--558 10/9/2012 19:18:18.4490908
Update--640 10/9/2012 19:18:26.9355057
Update--172 10/9/2012 19:18:35.5467208
Update--354 10/9/2012 19:18:43.7835353
Update--343 10/9/2012 19:18:52.8471512
Update--348 10/9/2012 19:19:01.6923668
Update--364 10/9/2012 19:19:10.3035819
Update--879 10/9/2012 19:19:19.0083972
Update--654 10/9/2012 19:19:25.5760087
Update--765 10/9/2012 19:19:33.6412229
Update--658 10/9/2012 19:19:41.1760361
Update--902 10/9/2012 19:19:45.9496445
Update--957 10/9/2012 19:19:54.4204594
Update--814 10/9/2012 19:20:01.1752712
Update--815 10/9/2012 19:20:06.9626708
Update--586 10/9/2012 19:20:16.1375662
Update--589 10/9/2012 19:20:23.6029932
Update--521 10/9/2012 19:20:33.0625342
Update--489 10/9/2012 19:20:43.3541229
Update--490 10/9/2012 19:20:52.4806449
Update--491 10/9/2012 19:21:13.6518558
Update--487 10/9/2012 19:21:21.8073223
Update--501 10/9/2012 19:21:29.9337871
Update--502 10/9/2012 19:21:37.8862419
Update--500 10/9/2012 19:21:45.8236959
Update--488 10/9/2012 19:21:56.6663161
Update--494 10/9/2012 19:22:05.3878149
Update--495 10/9/2012 19:22:14.3863296
Update--496 10/9/2012 19:22:22.1217720
Update--506 10/9/2012 19:22:30.2312359
Update--554 10/9/2012 19:22:38.9177327
Update--587 10/9/2012 19:22:46.9831940
Update--615 10/9/2012 19:22:55.7306944
Update--463 10/9/2012 19:23:04.1681770
Update--822 10/9/2012 19:23:11.2065795
Update--942 10/9/2012 19:23:19.0900304
Update--776 10/9/2012 19:23:27.5645152
Update--735 10/9/2012 19:23:35.4039635
Update--940 10/9/2012 19:23:43.5744309
Update--910 10/9/2012 19:23:48.3467038
Update--830 10/9/2012 19:23:55.0300861
Update--831 10/9/2012 19:24:01.5534592
Update--992 10/9/2012 19:24:13.2791299
Update--599 10/9/2012 19:24:20.8695640
Update--531 10/9/2012 19:24:30.2481005
Update--542 10/9/2012 19:24:38.6835829
Update--493 10/9/2012 19:24:48.4051390
Update--498 10/9/2012 19:24:57.2486448
Update--499 10/9/2012 19:25:05.1540970
Update--497 10/9/2012 19:25:12.7005286
Update--546 10/9/2012 19:25:20.7789907
Update--469 10/9/2012 19:25:30.8735680
Update--470 10/9/2012 19:25:39.0760372
Update--472 10/9/2012 19:25:51.7487620
Update--473 10/9/2012 19:25:59.9832330
Update--474 10/9/2012 19:26:08.1547004
Update--465 10/9/2012 19:26:16.5151786
Update--826 10/9/2012 19:26:22.8785425
Update--819 10/9/2012 19:26:29.4609190
Update--882 10/9/2012 19:26:37.6393868
Update--913 10/9/2012 19:26:43.0356955
Update--665 10/9/2012 19:26:51.2561657
Update--684 10/9/2012 19:26:57.9765500
Update--692 10/9/2012 19:27:05.2919685
Update--759 10/9/2012 19:27:13.5694419
Update--906 10/9/2012 19:27:19.1047585
Update--840 10/9/2012 19:27:28.2652825
Update--480 10/9/2012 19:27:37.2807981
Update--481 10/9/2012 19:27:45.5322701
Update--483 10/9/2012 19:27:54.9088064
Update--484 10/9/2012 19:28:03.0632728
Update--485 10/9/2012 19:28:11.6727652
Update--486 10/9/2012 19:28:20.0302432
Update--476 10/9/2012 19:28:27.9736976
Update--368 10/9/2012 19:28:36.2041683
Update--370 10/9/2012 19:28:45.0946768
Update--371 10/9/2012 19:28:54.7682301
Update--366 10/9/2012 19:29:02.8766939
Update--363 10/9/2012 19:29:10.9711569
Update--552 10/9/2012 19:29:19.1256233
Update--905 10/9/2012 19:29:24.9009536
Update--948 10/9/2012 19:29:33.7984625
Update--985 10/9/2012 19:29:48.2522893
Update--782 10/9/2012 19:29:54.2836342
Update--694 10/9/2012 19:30:00.8040072
Update--649 10/9/2012 19:30:08.8534676
Update--995 10/9/2012 19:30:15.8668687
Update--695 10/9/2012 19:30:25.9594460
Update--746 10/9/2012 19:30:33.9779046
Update--733 10/9/2012 19:30:42.3143814
Update--986 10/9/2012 19:30:51.3458980
Update--904 10/9/2012 19:30:56.7892093
Update--877 10/9/2012 19:31:06.1127426
Update--818 10/9/2012 19:31:12.7871244
Update--551 10/9/2012 19:31:20.7685809
Update--581 10/9/2012 19:31:30.2061207
Update--367 10/9/2012 19:31:38.6596042
Update--477 10/9/2012 19:31:48.7691824
Update--478 10/9/2012 19:31:56.8006418
Update--475 10/9/2012 19:32:04.9261065
Update--482 10/9/2012 19:32:12.9255641
Update--850 10/9/2012 19:32:20.0979743
Update--907 10/9/2012 19:32:25.3402742
Update--983 10/9/2012 19:32:39.1700652
Update--984 10/9/2012 19:32:53.2468703
Update--732 10/9/2012 19:33:01.2203264
Update--763 10/9/2012 19:33:08.7237556
Update--789 10/9/2012 19:33:15.0561178
Update--691 10/9/2012 19:33:22.6975548
Update--960 10/9/2012 19:33:27.4088243
Update--895 10/9/2012 19:33:33.6761828
Update--991 10/9/2012 19:33:42.2896754
Update--445 10/9/2012 19:33:53.1612972
Update--447 10/9/2012 19:34:02.1308103
Update--448 10/9/2012 19:34:10.6002947
Update--449 10/9/2012 19:34:19.1937862
Update--438 10/9/2012 19:34:27.4742598
Update--570 10/9/2012 19:34:35.0536934
Update--565 10/9/2012 19:34:44.1952162
Update--622 10/9/2012 19:34:52.3036800
Update--553 10/9/2012 19:35:00.5531518
Update--545 10/9/2012 19:35:08.3495978
Update--443 10/9/2012 19:35:16.5840688
Update--630 10/9/2012 19:35:25.0995558
Update--612 10/9/2012 19:35:33.1480162
Update--606 10/9/2012 19:35:41.4134889
Update--564 10/9/2012 19:35:49.9289760
Update--451 10/9/2012 19:35:57.8204273
Update--452 10/9/2012 19:36:07.0069528
Update--464 10/9/2012 19:36:16.9615221
Update--455 10/9/2012 19:36:24.7579681
Update--457 10/9/2012 19:36:33.2884560
Update--459 10/9/2012 19:36:42.6629922
Update--460 10/9/2012 19:36:50.8664614
Update--461 10/9/2012 19:36:58.8819199
Update--462 10/9/2012 19:37:08.7264829
Update--884 10/9/2012 19:37:16.4449244
Update--885 10/9/2012 19:37:24.1803668
Update--886 10/9/2012 19:37:32.1168208
Update--887 10/9/2012 19:37:40.1492802
Update--888 10/9/2012 19:37:47.8837226
Update--683 10/9/2012 19:37:54.3630932
Update--663 10/9/2012 19:38:00.3184338
Update--458 10/9/2012 19:38:08.2118853
Update--453 10/9/2012 19:38:17.3994108
Update--454 10/9/2012 19:38:25.3058630
Update--479 10/9/2012 19:38:33.4313278
Update--610 10/9/2012 19:38:41.1467691
Update--611 10/9/2012 19:38:48.9742168
Update--524 10/9/2012 19:38:57.0736800
Update--548 10/9/2012 19:39:06.1181974
Update--233 10/9/2012 19:39:13.9626460
Update--536 10/9/2012 19:39:22.2591206
Update--608 10/9/2012 19:39:30.8226104
Update--466 10/9/2012 19:39:40.3221537
Update--467 10/9/2012 19:39:48.4786202
Update--450 10/9/2012 19:39:56.6500876
Update--442 10/9/2012 19:40:04.9015596
Update--664 10/9/2012 19:40:11.5659408
Update--982 10/9/2012 19:40:25.3937317
Update--854 10/9/2012 19:40:34.1532327
Update Area--<none> 10/9/2012 19:40:37.3934180
Update Area--BOHOL-REGION-AREA1 10/9/2012 19:40:39.3045273
Update Area--BOHOL-REGION-AREA2 10/9/2012 19:40:41.2136365
Update Area--BOHOL-REGION-AREA3 10/9/2012 19:40:43.1077448
Update Area--CAAR-REGION-AREA1 10/9/2012 19:40:45.0048534
Update Area--CAAR-REGION-AREA2 10/9/2012 19:40:47.0749718
Update Area--CAAR-REGION-AREA3 10/9/2012 19:40:48.9770805
Update Area--CAAR-REGION-AREA4 10/9/2012 19:40:50.8761892
Update Area--CAAR-REGION-AREA5 10/9/2012 19:40:52.8042995
Update Area--CAGAYAN-REGION-AREA4 10/9/2012 19:40:54.6924074
Update Area--CARAGA-REGION-AREA1 10/9/2012 19:40:56.5845157
Update Area--CARAGA-REGION-AREA2 10/9/2012 19:40:58.4706235
Update Area--CARAGA-REGION-AREA3 10/9/2012 19:41:00.3687321
Update Area--CARAGA-REGION-AREA4 10/9/2012 19:41:02.2618404
Update Area--Cebu Central A 10/9/2012 19:41:04.1599490
Update Area--Cebu Central B 10/9/2012 19:41:06.0780587
Update Area--Cebu Central C 10/9/2012 19:41:07.9891680
Update Area--Cebu Central D 10/9/2012 19:41:09.8872765
Update Area--Cebu North A 10/9/2012 19:41:11.7833850
Update Area--Cebu North B 10/9/2012 19:41:13.6904941
Update Area--Cebu North C 10/9/2012 19:41:15.6286049
Update Area--Cebu North D 10/9/2012 19:41:17.5507149
Update Area--Cebu South A 10/9/2012 19:41:19.4878257
Update Area--Cebu South B 10/9/2012 19:41:21.3979349
Update Area--Cebu South C 10/9/2012 19:41:23.3560469
Update Area--CEBU SOUTH D 10/9/2012 19:41:25.2891575
Update Area--CEBU SOUTH E 10/9/2012 19:41:27.2302685
Update Area--COMADAVSUR-REGION-AREA1 10/9/2012 19:41:29.1523784
Update Area--COMADAVSUR-REGION-AREA2 10/9/2012 19:41:31.0994898
Update Area--COMADAVSUR-REGION-AREA3 10/9/2012 19:41:33.0256000
Update Area--DAVAO/COMVAL-REGION-AREA1 10/9/2012 19:41:34.9277088
Update Area--DAVAO/COMVAL-REGION-AREA2 10/9/2012 19:41:36.8248173
Update Area--DAVAO/COMVAL-REGION-AREA3 10/9/2012 19:41:38.7749288
Update Area--DAVAO/COMVAL-REGION-AREA4 10/9/2012 19:41:40.7210401
Update Area--DAVAO/COMVAL-REGION-AREA5 10/9/2012 19:41:42.6291493
Update Area--GUIMARAS-ILOILO-REGION-AREA1 10/9/2012 19:41:44.5442588
Update Area--GUIMARAS-ILOILO-REGION-AREA2 10/9/2012 19:41:46.4413673
Update Area--GUIMARAS-ILOILO-REGION-AREA3 10/9/2012 19:41:48.3414760
Update Area--GUIMARAS-ILOILO-REGION-AREA4 10/9/2012 19:41:50.2415847
Update Area--GUIMARAS-ILOILO-REGION-AREA5 10/9/2012 19:41:52.1576943
Update Area--HO 10/9/2012 19:41:54.0588030
Update Area--LEYTE-REGION-AREA1 10/9/2012 19:41:55.9659121
Update Area--LEYTE-REGION-AREA2 10/9/2012 19:41:57.8710211
Update Area--LEYTE-REGION-AREA3 10/9/2012 19:41:59.7701297
Update Area--LEYTE-REGION-AREA4 10/9/2012 19:42:01.6712384
Update Area--LUZON-SHOWROOMS 10/9/2012 19:42:03.5733472
Update Area--MINDANAO-SHOWROOMS 10/9/2012 19:42:05.4684556
Update Area--NCR-SHOWROOMS 10/9/2012 19:42:07.3755647
Update Area--NEG.OR-SIQUIJOR-REGION-AREA1 10/9/2012 19:42:09.2756734
Update Area--NEG.OR-SIQUIJOR-REGION-AREA2 10/9/2012 19:42:11.1767821
Update Area--NEG.OR-SIQUIJOR-REGION-AREA3 10/9/2012 19:42:13.0748907
Update Area--NEGROS-OCC-REGION-AREA1 10/9/2012 19:42:14.9679989
Update Area--NEGROS-OCC-REGION-AREA2 10/9/2012 19:42:16.8611072
Update Area--NEGROS-OCC-REGION-AREA3 10/9/2012 19:42:18.7542155
Update Area--NEGROS-OCC-REGION-AREA4 10/9/2012 19:42:20.7003268
Update Area--NEGROS-OCC-REGION-AREA5 10/9/2012 19:42:22.6204366
Update Area--SAMAR-REGION-AREA1 10/9/2012 19:42:24.5615477
Update Area--SAMAR-REGION-AREA2 10/9/2012 19:42:26.4666566
Update Area--SAMAR-REGION-AREA3 10/9/2012 19:42:28.3657653
Update Area--SAMAR-REGION-AREA4 10/9/2012 19:42:30.2648739
Update Area--SOCSKSARGEN-MINDANAO-AREA1 10/9/2012 19:42:32.1849837
Update Area--SOCSKSARGEN-MINDANAO-AREA2 10/9/2012 19:42:34.0810922
Update Area--SOCSKSARGEN-MINDANAO-AREA3 10/9/2012 19:42:35.9732004
Update Area--SOCSKSARGEN-MINDANAO-AREA4 10/9/2012 19:42:37.9013107
Update Area--VISAYAS-SHOWROOMS 10/9/2012 19:42:39.8004193
Update Area--YANGAN CAMBUNAO-REGION-AREA1 10/9/2012 19:42:41.7025281
Update Area--YANGAN CAMBUNAO-REGION-AREA2 10/9/2012 19:42:43.6296383
Update Area--YANGAN CAMBUNAO-REGION-AREA3 10/9/2012 19:42:45.5857502
Update Area--YANGAN CAMBUNAO-REGION-AREA4 10/9/2012 19:42:47.5278613
Update Area--YANGAN CAMBUNAO-REGION-AREA5 10/9/2012 19:42:49.6819845
Update Area--ZAMBASTA-MINDANAO-AREA1 10/9/2012 19:42:51.6150950
Update Area--ZAMBASTA-MINDANAO-AREA2 10/9/2012 19:42:53.5122036
Update Area--ZAMBASTA-MINDANAO-AREA3 10/9/2012 19:42:55.4103121
Update Area--ZAMISLAN-REGION-AREA1 10/9/2012 19:42:57.3074206
Update Area--ZAMISLAN-REGION-AREA2 10/9/2012 19:42:59.2015290
Update Area--ZAMISLAN-REGION-AREA3 10/9/2012 19:43:01.0996375
Update Area--ZAMISLAN-REGION-AREA4 10/9/2012 19:43:02.9967460
Update Area--ZAMISLAN-REGION-AREA5 10/9/2012 19:43:04.8948546
Update Area--ZAMSIBUGAY-REGION-AREA1 10/9/2012 19:43:06.7819625
Update Area--ZAMSIBUGAY-REGION-AREA2 10/9/2012 19:43:08.7090728
Update Area--ZAMSIBUGAY-REGION-AREA3 10/9/2012 19:43:10.6031811
Update Area--ZAMSIBUGAY-REGION-AREA4 10/9/2012 19:43:12.5212908
Update region--BOHOL-REGION 10/9/2012 19:43:13.2591218
Update region--CAAR-REGION 10/9/2012 19:43:13.5867223
Update region--CAGAYAN-REGION 10/9/2012 19:43:13.8987229
Update region--CARAGA-REGION 10/9/2012 19:43:14.2263235
Update region--Cebu Central 10/9/2012 19:43:14.5383240
Update region--Cebu North 10/9/2012 19:43:14.8659246
Update region--Cebu South 10/9/2012 19:43:15.1935252
Update region--COMADAVSUR-REGION 10/9/2012 19:43:15.5055257
Update region--DAVAO/COMVAL-MINDANAO-REGION 10/9/2012 19:43:15.8175263
Update region--GUIMARAS-ILOILO-REGION 10/9/2012 19:43:16.1607269
Update region--HO 10/9/2012 19:43:16.4571274
Update region--LA-SHOWROOMS 10/9/2012 19:43:16.7691279
Update region--LEYTE-REGION 10/9/2012 19:43:17.0655285
Update region--LUZON/NCR-SHOWROOMS 10/9/2012 19:43:17.3931290
Update region--NEG.OR-SIQUIJOR-REGION 10/9/2012 19:43:17.7051296
Update region--NEGROS-OCC-REGION 10/9/2012 19:43:18.0015301
Update region--SAMAR-REGION 10/9/2012 19:43:18.3291307
Update region--SOCSKSARGEN-MINDANAO-REGION 10/9/2012 19:43:18.7191314
Update region--VISMIN-SHOWROOMS 10/9/2012 19:43:19.0155319
Update region--YANGAN CAMBUNAO-REGION 10/9/2012 19:43:19.3275324
Update region--ZAMBASTA-MINDANAO-REGION 10/9/2012 19:43:19.6239329
Update region--ZAMISLAN-MINDANAO-REGION 10/9/2012 19:43:19.9515335
Update region--ZAMSIBUGAY-REGION 10/9/2012 19:43:20.2791341
