Update--941 10/10/2012 08:12:37.1699988
Update--950 10/10/2012 08:13:05.4216147
Update--952 10/10/2012 08:13:15.4261869
Update--871 10/10/2012 08:13:24.6887167
Update--804 10/10/2012 08:13:31.8891285
Update--681 10/10/2012 08:13:39.9405890
Update--708 10/10/2012 08:13:47.2670081
Update--717 10/10/2012 08:13:55.0444529
Update--769 10/10/2012 08:14:03.9579628
Update--021 10/10/2012 08:14:13.5165095
Update--133 10/10/2012 08:14:24.2381227
Update--137 10/10/2012 08:14:37.5168822
Update--138 10/10/2012 08:14:46.4233916
Update--140 10/10/2012 08:14:54.9228778
Update--613 10/10/2012 08:15:03.4353647
Update--638 10/10/2012 08:15:11.8168441
Update--518 10/10/2012 08:15:20.1133186
Update--139 10/10/2012 08:15:29.2098389
Update--134 10/10/2012 08:15:37.8923355
Update--142 10/10/2012 08:15:47.2988735
Update--131 10/10/2012 08:15:56.1593803
Update--132 10/10/2012 08:16:04.9708843
Update--768 10/10/2012 08:16:11.7762735
Update--761 10/10/2012 08:16:19.5177163
Update--741 10/10/2012 08:16:26.2180996
Update--714 10/10/2012 08:16:33.8475360
Update--715 10/10/2012 08:16:40.4129115
Update--682 10/10/2012 08:16:47.5523198
Update--642 10/10/2012 08:16:55.4417711
Update--659 10/10/2012 08:17:02.7041865
Update--951 10/10/2012 08:17:10.7246452
Update--680 10/10/2012 08:17:17.3880263
Update--690 10/10/2012 08:17:24.2934213
Update--752 10/10/2012 08:17:31.9188574
Update--734 10/10/2012 08:17:40.3843416
Update--143 10/10/2012 08:17:48.8478257
Update--135 10/10/2012 08:17:57.2853083
Update--141 10/10/2012 08:18:06.0508097
Update--637 10/10/2012 08:18:13.9242600
Update--345 10/10/2012 08:18:21.9607197
Update--628 10/10/2012 08:18:30.3762010
Update--593 10/10/2012 08:18:38.8646865
Update--036 10/10/2012 08:18:46.9421485
Update--057 10/10/2012 08:18:55.3016267
Update--066 10/10/2012 08:19:03.8811174
Update--079 10/10/2012 08:19:12.2545963
Update--264 10/10/2012 08:19:21.5721292
Update--726 10/10/2012 08:19:29.9446081
Update--711 10/10/2012 08:19:37.0910169
Update--712 10/10/2012 08:19:43.8474033
Update--677 10/10/2012 08:19:51.5388432
Update--673 10/10/2012 08:19:59.7563133
Update--696 10/10/2012 08:20:06.5447015
Update--697 10/10/2012 08:20:13.1530795
Update--720 10/10/2012 08:20:20.2134833
Update--810 10/10/2012 08:20:26.7158553
Update--280 10/10/2012 08:20:34.9903285
Update--284 10/10/2012 08:20:43.5538183
Update--285 10/10/2012 08:20:52.4123250
Update--290 10/10/2012 08:21:01.6628541
Update--582 10/10/2012 08:21:09.7963193
Update--537 10/10/2012 08:21:18.2658037
Update--396 10/10/2012 08:21:26.4602724
Update--583 10/10/2012 08:21:34.6927433
Update--639 10/10/2012 08:21:42.4271857
Update--291 10/10/2012 08:21:50.8196657
Update--287 10/10/2012 08:21:59.1791439
Update--289 10/10/2012 08:22:08.9447024
Update--281 10/10/2012 08:22:17.4161870
Update--821 10/10/2012 08:22:24.3065811
Update--875 10/10/2012 08:22:33.1640877
Update--727 10/10/2012 08:22:40.8505273
Update--724 10/10/2012 08:22:48.7269778
Update--725 10/10/2012 08:22:56.4264182
Update--730 10/10/2012 08:23:04.3478713
Update--731 10/10/2012 08:23:12.3623297
Update--747 10/10/2012 08:23:20.7018067
Update--668 10/10/2012 08:23:27.9482212
Update--843 10/10/2012 08:23:38.7278377
Update--250 10/10/2012 08:23:47.8683605
Update--251 10/10/2012 08:23:56.3678467
Update--252 10/10/2012 08:24:05.6853796
Update--254 10/10/2012 08:24:13.5418290
Update--248 10/10/2012 08:24:21.8153022
Update--246 10/10/2012 08:24:30.6048049
Update--247 10/10/2012 08:24:39.7473278
Update--282 10/10/2012 08:24:47.9637978
Update--283 10/10/2012 08:24:55.8402483
Update--288 10/10/2012 08:25:03.6986978
Update--297 10/10/2012 08:25:12.8242197
Update--292 10/10/2012 08:25:20.9806862
Update--535 10/10/2012 08:25:29.0731491
Update--513 10/10/2012 08:25:38.6516970
Update--679 10/10/2012 08:25:44.9740586
Update--660 10/10/2012 08:25:52.5234904
934 10/10/2012 08:25:57.5527780
Update--845 10/10/2012 08:26:06.0902664
Update--748 10/10/2012 08:26:14.3037361
Update--620 10/10/2012 08:26:22.6882157
Update--618 10/10/2012 08:26:31.4807186
Update--410 10/10/2012 08:26:40.6362423
Update--412 10/10/2012 08:26:47.1066124
Update--413 10/10/2012 08:26:55.5580958
Update--414 10/10/2012 08:27:04.0275802
Update--415 10/10/2012 08:27:12.1360440
Update--416 10/10/2012 08:27:21.0935563
Update--405 10/10/2012 08:27:29.4190325
Update--407 10/10/2012 08:27:38.0435258
Update--408 10/10/2012 08:27:48.1991067
Update--108 10/10/2012 08:27:56.5595848
Update--430 10/10/2012 08:28:06.2001363
Update--406 10/10/2012 08:28:14.9516368
Update--417 10/10/2012 08:28:23.3731185
Update--418 10/10/2012 08:28:32.2796279
Update--619 10/10/2012 08:28:40.3560899
Update--855 10/10/2012 08:28:46.5914465
Update--857 10/10/2012 08:28:53.4188370
Update--878 10/10/2012 08:29:01.9363242
Update--954 10/10/2012 08:29:10.4948137
Update--807 10/10/2012 08:29:15.7161123
Update--419 10/10/2012 08:29:24.0295878
Update--420 10/10/2012 08:29:33.3111187
Update--421 10/10/2012 08:29:41.5765915
Update--423 10/10/2012 08:29:52.5142171
Update--424 10/10/2012 08:30:01.6077372
Update--425 10/10/2012 08:30:10.1232242
Update--431 10/10/2012 08:30:18.2836910
Update--409 10/10/2012 08:30:27.0311913
Update--427 10/10/2012 08:30:36.4987328
Update--428 10/10/2012 08:30:46.8743263
Update--429 10/10/2012 08:30:55.2958080
Update--434 10/10/2012 08:31:03.7182897
Update--435 10/10/2012 08:31:12.0147642
Update--436 10/10/2012 08:31:20.0022211
Update--437 10/10/2012 08:31:28.2656937
Update--439 10/10/2012 08:31:38.6872898
Update--440 10/10/2012 08:31:47.8908162
Update--441 10/10/2012 08:31:56.7813247
Update--432 10/10/2012 08:32:04.8597868
Update--433 10/10/2012 08:32:13.8753025
Update--800 10/10/2012 08:32:20.0926581
Update--777 10/10/2012 08:32:26.5600280
Update--718 10/10/2012 08:32:33.2384100
Update--719 10/10/2012 08:32:39.6187749
Update--749 10/10/2012 08:32:47.6422338
Update--750 10/10/2012 08:32:55.3656756
Update--868 10/10/2012 08:33:03.6401488
Update--846 10/10/2012 08:33:12.3596476
Update--105 10/10/2012 08:33:21.3491617
Update--029 10/10/2012 08:33:31.0017138
Update--030 10/10/2012 08:33:41.2833019
Update--032 10/10/2012 08:33:48.4697130
Update--033 10/10/2012 08:33:56.7521867
Update--034 10/10/2012 08:34:06.2987327
Update--035 10/10/2012 08:34:13.1901269
Update--037 10/10/2012 08:34:21.2705891
Update--038 10/10/2012 08:34:29.4560572
Update--040 10/10/2012 08:34:38.2995631
Update--025 10/10/2012 08:34:46.4410287
Update--018 10/10/2012 08:34:55.3145363
Update--020 10/10/2012 08:35:05.7841351
Update--019 10/10/2012 08:35:16.7417618
Update--026 10/10/2012 08:35:25.1282415
Update--027 10/10/2012 08:35:33.5347223
Update--028 10/10/2012 08:35:41.9722049
Update--022 10/10/2012 08:35:49.3316259
Update--023 10/10/2012 08:35:57.9731201
Update--024 10/10/2012 08:36:06.5046081
Update--125 10/10/2012 08:36:15.5981282
Update--120 10/10/2012 08:36:25.0866709
Update--121 10/10/2012 08:36:33.5031523
Update--122 10/10/2012 08:36:42.2546529
Update--078 10/10/2012 08:36:51.9732088
Update--512 10/10/2012 08:37:00.1146744
Update--526 10/10/2012 08:37:09.8172294
Update--835 10/10/2012 08:37:19.8888054
Update--867 10/10/2012 08:37:29.2553412
Update--532 10/10/2012 08:37:37.8648336
Update--508 10/10/2012 08:37:46.2603138
Update--616 10/10/2012 08:37:55.1628230
Update--633 10/10/2012 08:38:03.6903107
Update--325 10/10/2012 08:38:12.0717901
Update--106 10/10/2012 08:38:21.1473092
Update--041 10/10/2012 08:38:29.7257999
Update--042 10/10/2012 08:38:38.3812949
Update--045 10/10/2012 08:38:49.4919304
Update--046 10/10/2012 08:38:57.5223898
Update--047 10/10/2012 08:39:05.7568607
Update--048 10/10/2012 08:39:14.2413460
Update--049 10/10/2012 08:39:23.2648621
Update--052 10/10/2012 08:39:31.7733488
Update--054 10/10/2012 08:39:40.6168546
Update--055 10/10/2012 08:39:48.7413193
Update--053 10/10/2012 08:39:57.2258046
Update--050 10/10/2012 08:40:05.6482863
Update--051 10/10/2012 08:40:14.6488011
Update--064 10/10/2012 08:40:23.0072792
Update--070 10/10/2012 08:40:31.5927703
Update--071 10/10/2012 08:40:41.8243555
Update--072 10/10/2012 08:40:49.9928227
Update--073 10/10/2012 08:41:00.2894116
Update--043 10/10/2012 08:41:09.3709311
Update--240 10/10/2012 08:41:17.4953958
Update--511 10/10/2012 08:41:25.9298782
Update--866 10/10/2012 08:41:34.0083402
Update--912 10/10/2012 08:41:38.7286102
Update--722 10/10/2012 08:41:47.5391142
Update--721 10/10/2012 08:41:57.6436921
Update--793 10/10/2012 08:42:02.9859977
Update--794 10/10/2012 08:42:10.1414069
Update--710 10/10/2012 08:42:17.3858213
Update--864 10/10/2012 08:42:26.1553229
Update--865 10/10/2012 08:42:34.4167954
Update--591 10/10/2012 08:42:43.0102869
Update--571 10/10/2012 08:42:50.0106873
Update--578 10/10/2012 08:42:58.4151680
Update--260 10/10/2012 08:43:06.5446330
Update--067 10/10/2012 08:43:18.9183407
Update--068 10/10/2012 08:43:28.2288733
Update--069 10/10/2012 08:43:40.0255480
Update--065 10/10/2012 08:43:48.8070503
Update--056 10/10/2012 08:43:57.3545392
Update--058 10/10/2012 08:44:07.5261210
Update--059 10/10/2012 08:44:17.2616778
Update--060 10/10/2012 08:44:25.8231675
Update--061 10/10/2012 08:44:34.1826456
Update--062 10/10/2012 08:44:42.6671309
Update--063 10/10/2012 08:44:51.1056136
Update--585 10/10/2012 08:44:59.8951163
Update--944 10/10/2012 08:45:08.4856076
Update--945 10/10/2012 08:45:16.7800821
961 10/10/2012 08:45:22.1513893
Update--699 10/10/2012 08:45:29.4088044
Update--644 10/10/2012 08:45:39.4173768
Update--997 10/10/2012 08:45:48.4338925
Update--770 10/10/2012 08:45:53.7821985
Update--943 10/10/2012 08:46:02.1676781
Update--936 10/10/2012 08:46:10.6041606
Update--856 10/10/2012 08:46:18.0175846
Update--829 10/10/2012 08:46:24.8309743
Update--084 10/10/2012 08:46:33.9034933
Update--080 10/10/2012 08:46:43.4030366
Update--081 10/10/2012 08:46:52.6065630
Update--082 10/10/2012 08:47:01.0160440
Update--087 10/10/2012 08:47:09.4825283
Update--088 10/10/2012 08:47:17.9080102
Update--089 10/10/2012 08:47:27.2475444
Update--090 10/10/2012 08:47:35.8110342
Update--092 10/10/2012 08:47:45.6225954
Update--093 10/10/2012 08:47:54.4521004
Update--094 10/10/2012 08:48:02.5295624
Update--095 10/10/2012 08:48:11.4210709
Update--083 10/10/2012 08:48:19.8185513
Update--085 10/10/2012 08:48:28.5140486
Update--086 10/10/2012 08:48:37.1705437
Update--074 10/10/2012 08:48:46.2020603
Update--075 10/10/2012 08:48:54.3425259
Update--076 10/10/2012 08:49:03.2490353
Update--573 10/10/2012 08:49:11.9685341
Update--869 10/10/2012 08:49:20.2700089
Update--937 10/10/2012 08:49:28.8905019
Update--938 10/10/2012 08:49:37.4209899
Update--728 10/10/2012 08:49:45.0314252
Update--656 10/10/2012 08:49:52.1258309
Update--702 10/10/2012 08:50:00.1902922
Update--900 10/10/2012 08:50:06.0106251
Update--839 10/10/2012 08:50:23.0636005
Update--817 10/10/2012 08:50:29.6359764
Update--575 10/10/2012 08:50:39.2815281
Update--017 10/10/2012 08:50:48.5980610
Update--126 10/10/2012 08:50:58.0165997
Update--128 10/10/2012 08:51:08.1251778
Update--129 10/10/2012 08:51:16.8916793
Update--130 10/10/2012 08:51:25.1451513
Update--123 10/10/2012 08:51:35.2517294
Update--124 10/10/2012 08:51:43.5012012
Update--103 10/10/2012 08:51:52.5637196
Update--567 10/10/2012 08:52:01.2672174
Update--555 10/10/2012 08:52:10.7687609
Update--816 10/10/2012 08:52:16.7371022
Update--858 10/10/2012 08:52:24.2415315
Update--666 10/10/2012 08:52:32.0459778
Update--778 10/10/2012 08:52:37.8553101
Update--784 10/10/2012 08:52:44.4376866
Update--670 10/10/2012 08:52:51.6100968
Update--834 10/10/2012 08:53:06.6519572
Update--876 10/10/2012 08:53:15.0734389
Update--953 10/10/2012 08:53:23.1849028
Update--109 10/10/2012 08:53:32.4724340
Update--112 10/10/2012 08:53:41.2999389
Update--115 10/10/2012 08:53:49.6914189
Update--117 10/10/2012 08:53:58.1909050
Update--118 10/10/2012 08:54:08.0184672
Update--119 10/10/2012 08:54:16.3479436
Update--104 10/10/2012 08:54:26.6445325
Update--096 10/10/2012 08:54:35.3320294
Update--097 10/10/2012 08:54:44.3315441
Update--098 10/10/2012 08:54:52.8630321
Update--099 10/10/2012 08:55:04.0986748
Update--100 10/10/2012 08:55:13.3012011
Update--101 10/10/2012 08:55:22.2597135
Update--549 10/10/2012 08:55:30.7782007
Update--566 10/10/2012 08:55:39.8797213
Update--947 10/10/2012 08:55:47.9891852
Update--812 10/10/2012 08:55:54.3745504
Update--836 10/10/2012 08:56:08.7333717
Update--837 10/10/2012 08:56:22.8311780
Update--838 10/10/2012 08:56:32.3667234
Update--559 10/10/2012 08:56:40.8972113
Update--107 10/10/2012 08:56:49.4737019
Update--110 10/10/2012 08:56:58.0991952
Update--111 10/10/2012 08:57:06.5536788
Update--116 10/10/2012 08:57:15.0371640
Update--113 10/10/2012 08:57:23.1196263
Update--114 10/10/2012 08:57:31.5371078
Update--507 10/10/2012 08:57:41.0536521
Update--569 10/10/2012 08:57:50.3661847
Update--621 10/10/2012 08:57:59.1016844
Update--384 10/10/2012 08:58:08.6012277
Update--861 10/10/2012 08:58:16.6406875
Update--933 10/10/2012 08:58:22.0199952
Update--889 10/10/2012 08:58:31.1635182
Update--772 10/10/2012 08:58:38.7109499
Update--773 10/10/2012 08:58:47.6264598
Update--883 10/10/2012 08:58:56.3039561
Update--956 10/10/2012 08:59:06.3205291
Update--841 10/10/2012 08:59:16.4101061
Update--820 10/10/2012 08:59:23.1394910
Update--385 10/10/2012 08:59:32.3530180
Update--386 10/10/2012 08:59:42.2115819
Update--388 10/10/2012 08:59:52.9921985
Update--389 10/10/2012 09:00:01.2426704
Update--390 10/10/2012 09:00:09.9001656
Update--331 10/10/2012 09:00:18.6496660
Update--383 10/10/2012 09:00:27.0561469
Update--629 10/10/2012 09:00:35.5316316
Update--626 10/10/2012 09:00:43.9511132
Update--538 10/10/2012 09:00:52.4626000
Update--220 10/10/2012 09:01:01.0400906
Update--271 10/10/2012 09:01:09.9936027
Update--332 10/10/2012 09:01:18.3870828
Update--324 10/10/2012 09:01:28.0256341
Update--330 10/10/2012 09:01:37.3541677
Update--860 10/10/2012 09:01:47.0607229
Update--911 10/10/2012 09:01:53.0840674
Update--771 10/10/2012 09:01:59.8164525
Update--760 10/10/2012 09:02:07.5668958
Update--791 10/10/2012 09:02:14.8143103
Update--723 10/10/2012 09:02:21.8137106
Update--739 10/10/2012 09:02:29.0771261
Update--661 10/10/2012 09:02:35.8855155
Update--602 10/10/2012 09:02:45.4350617
Update--286 10/10/2012 09:02:53.7025346
Update--301 10/10/2012 09:03:03.2620813
Update--303 10/10/2012 09:03:12.0595845
Update--306 10/10/2012 09:03:22.9192057
Update--308 10/10/2012 09:03:32.1387330
Update--316 10/10/2012 09:03:41.7612834
Update--136 10/10/2012 09:03:48.7936856
Update--302 10/10/2012 09:03:57.3241735
Update--540 10/10/2012 09:04:05.9806686
Update--515 10/10/2012 09:04:14.8401754
Update--329 10/10/2012 09:04:23.7966877
Update--333 10/10/2012 09:04:32.7622005
Update--334 10/10/2012 09:04:41.7627153
Update--326 10/10/2012 09:04:51.3552639
Update--327 10/10/2012 09:05:00.2957753
Update--792 10/10/2012 09:05:06.7951470
Update--893 10/10/2012 09:05:15.2636314
Update--805 10/10/2012 09:05:22.4140404
Update--802 10/10/2012 09:05:29.0404194
Update--701 10/10/2012 09:05:35.7908055
Update--319 10/10/2012 09:05:55.9979613
Update--320 10/10/2012 09:06:04.9204716
Update--321 10/10/2012 09:06:14.5610230
Update--322 10/10/2012 09:06:24.0805675
Update--426 10/10/2012 09:06:33.0930830
Update--307 10/10/2012 09:06:42.2176049
Update--315 10/10/2012 09:06:52.0611679
Update--311 10/10/2012 09:07:01.7187203
Update--312 10/10/2012 09:07:11.0302529
Update--313 10/10/2012 09:07:19.6577463
Update--314 10/10/2012 09:07:28.2492377
Update--310 10/10/2012 09:07:36.7037213
Update--317 10/10/2012 09:07:45.9842521
Update--148 10/10/2012 09:07:55.0317696
Update--323 10/10/2012 09:08:04.5313130
Update--517 10/10/2012 09:08:12.5767731
Update--590 10/10/2012 09:08:20.7692417
Update--709 10/10/2012 09:08:27.3286169
Update--671 10/10/2012 09:08:34.0089990
Update--890 10/10/2012 09:08:42.1094623
Update--891 10/10/2012 09:08:50.4219377
Update--959 10/10/2012 09:08:55.1472080
Update--894 10/10/2012 09:09:02.7826447
Update--624 10/10/2012 09:09:11.2531292
Update--541 10/10/2012 09:09:20.1646389
Update--527 10/10/2012 09:09:29.2201569
Update--328 10/10/2012 09:09:37.6116368
Update--127 10/10/2012 09:09:45.7040997
Update--309 10/10/2012 09:09:54.2525886
Update--298 10/10/2012 09:10:03.9701445
Update--299 10/10/2012 09:10:12.5656361
Update--300 10/10/2012 09:10:21.0521215
Update--293 10/10/2012 09:10:30.0026334
Update--267 10/10/2012 09:10:38.2361044
Update--273 10/10/2012 09:10:47.2836219
Update--274 10/10/2012 09:10:56.2211330
Update--275 10/10/2012 09:11:04.6736165
Update--262 10/10/2012 09:11:14.9082019
Update--259 10/10/2012 09:11:23.5196944
Update--102 10/10/2012 09:11:30.4560912
Update--543 10/10/2012 09:11:39.2845961
Update--522 10/10/2012 09:11:49.5501833
Update--897 10/10/2012 09:11:55.9745507
Update--745 10/10/2012 09:12:04.0500126
Update--766 10/10/2012 09:12:10.6353893
Update--676 10/10/2012 09:12:17.9848097
Update--828 10/10/2012 09:12:24.8021996
Update--563 10/10/2012 09:12:33.6917080
Update--263 10/10/2012 09:12:42.4422085
Update--261 10/10/2012 09:12:51.1647074
Update--255 10/10/2012 09:12:59.5971898
Update--256 10/10/2012 09:13:08.4886983
Update--257 10/10/2012 09:13:25.9906994
Update--258 10/10/2012 09:13:38.7704303
Update--266 10/10/2012 09:13:48.3959809
Update--269 10/10/2012 09:13:57.5365037
Update--272 10/10/2012 09:14:06.0979934
Update--265 10/10/2012 09:14:15.0675064
Update--294 10/10/2012 09:14:24.4460428
Update--277 10/10/2012 09:14:33.3485520
Update--278 10/10/2012 09:14:42.6920864
Update--279 10/10/2012 09:14:51.4435870
Update--296 10/10/2012 09:14:59.8810696
Update--514 10/10/2012 09:15:08.7255755
Update--775 10/10/2012 09:15:15.7409767
Update--783 10/10/2012 09:15:22.5893684
Update--779 10/10/2012 09:15:29.6787739
Update--786 10/10/2012 09:15:37.2662079
Update--787 10/10/2012 09:15:44.2116052
Update--693 10/10/2012 09:15:52.8350984
Update--827 10/10/2012 09:15:59.8414991
Update--557 10/10/2012 09:16:08.5559976
Update--253 10/10/2012 09:16:17.5845140
Update--249 10/10/2012 09:16:26.5900291
Update--241 10/10/2012 09:16:35.5065391
Update--242 10/10/2012 09:16:44.1480333
Update--243 10/10/2012 09:16:52.5385132
Update--244 10/10/2012 09:17:01.5700298
Update--245 10/10/2012 09:17:09.8355026
Update--268 10/10/2012 09:17:18.4329943
Update--276 10/10/2012 09:17:26.8834777
Update--295 10/10/2012 09:17:35.6199774
Update--044 10/10/2012 09:17:44.3364759
Update--523 10/10/2012 09:17:52.5239442
Update--509 10/10/2012 09:18:01.0544321
Update--510 10/10/2012 09:18:09.3519067
Update--842 10/10/2012 09:18:18.5244313
Update--662 10/10/2012 09:18:25.8098481
Update--788 10/10/2012 09:18:32.6772408
Update--729 10/10/2012 09:18:40.2596745
Update--001 10/10/2012 09:18:45.2309589
Update--207 10/10/2012 09:18:54.1644698
Update--208 10/10/2012 09:19:02.7429605
Update--209 10/10/2012 09:19:10.8534244
Update--210 10/10/2012 09:19:20.5899813
Update--215 10/10/2012 09:19:28.9154575
Update--216 10/10/2012 09:19:37.1189267
Update--217 10/10/2012 09:19:45.4314021
Update--218 10/10/2012 09:19:54.1188990
Update--650 10/10/2012 09:20:01.1753026
Update--651 10/10/2012 09:20:08.0526960
Update--674 10/10/2012 09:20:15.3991162
Update--675 10/10/2012 09:20:22.4285183
Update--796 10/10/2012 09:20:28.1088432
Update--797 10/10/2012 09:20:33.8211699
Update--874 10/10/2012 09:20:42.1356454
Update--996 10/10/2012 09:20:50.9731509
Update--193 10/10/2012 09:21:00.3706884
Update--194 10/10/2012 09:21:06.4010333
Update--195 10/10/2012 09:21:15.2765410
Update--196 10/10/2012 09:21:24.2190525
Update--197 10/10/2012 09:21:33.2925714
Update--198 10/10/2012 09:21:43.0891318
Update--199 10/10/2012 09:21:51.9496386
Update--191 10/10/2012 09:22:00.4331238
Update--201 10/10/2012 09:22:09.1366216
Update--202 10/10/2012 09:22:18.5431596
Update--203 10/10/2012 09:22:26.5756191
Update--204 10/10/2012 09:22:35.1701106
Update--205 10/10/2012 09:22:43.8566075
Update--219 10/10/2012 09:22:53.0121311
Update--222 10/10/2012 09:23:00.1875416
Update--223 10/10/2012 09:23:08.4921660
Update--224 10/10/2012 09:23:17.3841816
Update--225 10/10/2012 09:23:25.7457963
Update--226 10/10/2012 09:23:34.4662116
Update--227 10/10/2012 09:23:43.8106280
Update--228 10/10/2012 09:23:53.7634455
Update--229 10/10/2012 09:24:03.9190633
Update--230 10/10/2012 09:24:15.0262828
Update--634 10/10/2012 09:24:24.8075000
Update--698 10/10/2012 09:24:33.2003147
Update--753 10/10/2012 09:24:41.2343288
Update--754 10/10/2012 09:24:49.1747428
Update--755 10/10/2012 09:24:57.0215566
Update--645 10/10/2012 09:25:05.2583710
Update--872 10/10/2012 09:25:14.0879866
Update--949 10/10/2012 09:25:23.3544028
Update--993 10/10/2012 09:25:31.5444172
Update--212 10/10/2012 09:25:41.4036345
Update--221 10/10/2012 09:25:50.5920507
Update--206 10/10/2012 09:25:59.3748661
Update--214 10/10/2012 09:26:08.8440827
Update--007 10/10/2012 09:26:16.8936969
Update--012 10/10/2012 09:26:24.9277110
Update--013 10/10/2012 09:26:32.6653246
Update--014 10/10/2012 09:26:40.4497382
Update--382 10/10/2012 09:26:47.9221514
Update--899 10/10/2012 09:26:52.5241594
Update--844 10/10/2012 09:27:00.0901727
Update--851 10/10/2012 09:27:08.8105881
Update--862 10/10/2012 09:27:17.5466034
Update--909 10/10/2012 09:27:23.7242142
Update--892 10/10/2012 09:27:32.3978295
Update--939 10/10/2012 09:27:42.3194469
Update--568 10/10/2012 09:27:51.9134638
Update--005 10/10/2012 09:28:00.7430793
Update--006 10/10/2012 09:28:16.9983078
Update--008 10/10/2012 09:28:24.6423212
Update--009 10/10/2012 09:28:32.5671352
Update--010 10/10/2012 09:28:40.1643485
Update--011 10/10/2012 09:28:48.0111623
Update--015 10/10/2012 09:28:56.5131772
Update--016 10/10/2012 09:29:04.6095914
Update--369 10/10/2012 09:29:13.1428064
Update--946 10/10/2012 09:29:20.8336199
Update--853 10/10/2012 09:29:30.5056369
Update--806 10/10/2012 09:29:37.6348494
Update--678 10/10/2012 09:29:45.0136624
Update--764 10/10/2012 09:29:53.0236765
Update--595 10/10/2012 09:30:01.6348917
Update--539 10/10/2012 09:30:10.1525066
Update--149 10/10/2012 09:30:19.1225224
Update--151 10/10/2012 09:30:31.5089441
Update--152 10/10/2012 09:30:41.0717609
Update--147 10/10/2012 09:30:50.3693773
Update--157 10/10/2012 09:30:59.1521927
Update--145 10/10/2012 09:31:08.3874089
Update--159 10/10/2012 09:31:17.0610241
Update--160 10/10/2012 09:31:27.4194423
Update--161 10/10/2012 09:31:35.6718568
Update--146 10/10/2012 09:31:43.4250705
Update--144 10/10/2012 09:31:52.3794862
Update--153 10/10/2012 09:32:00.7879010
Update--154 10/10/2012 09:32:08.5411146
Update--529 10/10/2012 09:32:16.9183293
Update--530 10/10/2012 09:32:25.3891442
Update--588 10/10/2012 09:32:33.6415587
Update--584 10/10/2012 09:32:41.7691729
Update--744 10/10/2012 09:32:49.9123872
Update--657 10/10/2012 09:32:56.7919993
Update--716 10/10/2012 09:33:06.1364157
Update--808 10/10/2012 09:33:12.9536277
Update--798 10/10/2012 09:33:19.6928395
Update--813 10/10/2012 09:33:25.8392503
Update--758 10/10/2012 09:33:33.6860641
Update--155 10/10/2012 09:33:42.1880791
Update--156 10/10/2012 09:33:50.3780934
Update--158 10/10/2012 09:33:58.5681078
Update--305 10/10/2012 09:34:07.1481229
Update--176 10/10/2012 09:34:15.8373382
Update--177 10/10/2012 09:34:26.0709561
Update--178 10/10/2012 09:34:34.9161717
Update--180 10/10/2012 09:34:44.8845892
Update--163 10/10/2012 09:34:57.1618107
Update--597 10/10/2012 09:35:05.7886259
Update--609 10/10/2012 09:35:13.9786403
Update--738 10/10/2012 09:35:20.9674525
Update--809 10/10/2012 09:35:27.2542636
Update--801 10/10/2012 09:35:34.1182756
Update--870 10/10/2012 09:35:42.6826907
Update--751 10/10/2012 09:35:50.4671044
Update--636 10/10/2012 09:35:58.3607182
Update--181 10/10/2012 09:36:07.1747337
Update--182 10/10/2012 09:36:15.5987485
Update--183 10/10/2012 09:36:24.1319635
Update--184 10/10/2012 09:36:32.0255774
Update--185 10/10/2012 09:36:40.2623918
Update--186 10/10/2012 09:36:48.6084065
Update--188 10/10/2012 09:36:57.8592227
Update--189 10/10/2012 09:37:06.3924377
Update--190 10/10/2012 09:37:14.5824521
Update--179 10/10/2012 09:37:23.1000671
Update--173 10/10/2012 09:37:32.2884832
Update--174 10/10/2012 09:37:41.5080994
Update--614 10/10/2012 09:37:49.4953134
Update--601 10/10/2012 09:37:57.5605276
Update--580 10/10/2012 09:38:05.6725418
Update--705 10/10/2012 09:38:12.4117537
Update--823 10/10/2012 09:38:19.4941661
Update--901 10/10/2012 09:38:25.4533766
Update--994 10/10/2012 09:38:34.0801917
Update--987 10/10/2012 09:38:43.6118085
Update--707 10/10/2012 09:38:50.1014199
Update--685 10/10/2012 09:38:57.2930325
Update--686 10/10/2012 09:39:03.9698442
Update--669 10/10/2012 09:39:11.6918578
Update--736 10/10/2012 09:39:19.7726720
Update--737 10/10/2012 09:39:28.0562865
Update--603 10/10/2012 09:39:36.1683008
Update--504 10/10/2012 09:39:45.0291163
Update--374 10/10/2012 09:39:52.9539303
Update--171 10/10/2012 09:40:02.5791472
Update--318 10/10/2012 09:40:10.3947609
Update--164 10/10/2012 09:40:19.9419777
Update--165 10/10/2012 09:40:28.7871932
Update--166 10/10/2012 09:40:36.9304075
Update--167 10/10/2012 09:40:45.4792225
Update--168 10/10/2012 09:40:53.6848369
Update--169 10/10/2012 09:41:02.0152516
Update--170 10/10/2012 09:41:10.6576667
Update--337 10/10/2012 09:41:18.6136807
Update--505 10/10/2012 09:41:27.0688956
Update--635 10/10/2012 09:41:34.8221092
Update--706 10/10/2012 09:41:41.3273206
Update--999 10/10/2012 09:41:49.8605356
Update--647 10/10/2012 09:41:57.8945497
Update--743 10/10/2012 09:42:05.9597639
Update--824 10/10/2012 09:42:12.3557751
Update--607 10/10/2012 09:42:21.9965920
Update--544 10/10/2012 09:42:30.4050068
Update--556 10/10/2012 09:42:37.5186193
Update--232 10/10/2012 09:42:48.7662391
Update--236 10/10/2012 09:42:58.1730556
Update--237 10/10/2012 09:43:08.5158738
Update--234 10/10/2012 09:43:17.6106897
Update--525 10/10/2012 09:43:26.3311050
Update--534 10/10/2012 09:43:35.1295205
Update--596 10/10/2012 09:43:43.4911352
Update--873 10/10/2012 09:43:55.5655564
Update--762 10/10/2012 09:44:03.3811701
Update--998 10/10/2012 09:44:11.8675850
Update--655 10/10/2012 09:44:19.1683978
Update--700 10/10/2012 09:44:25.7828095
Update--799 10/10/2012 09:44:32.7716217
Update--594 10/10/2012 09:44:41.0552363
Update--598 10/10/2012 09:44:49.6820514
Update--503 10/10/2012 09:44:58.2620665
Update--235 10/10/2012 09:45:08.5580846
Update--231 10/10/2012 09:45:18.6201023
Update--238 10/10/2012 09:45:28.3701194
Update--239 10/10/2012 09:45:36.6225339
Update--192 10/10/2012 09:45:45.6393497
Update--617 10/10/2012 09:45:53.9697644
Update--825 10/10/2012 09:46:00.2097753
Update--704 10/10/2012 09:46:07.1985876
Update--648 10/10/2012 09:46:15.4354021
Update--646 10/10/2012 09:46:23.5006162
Update--767 10/10/2012 09:46:32.4394319
Update--859 10/10/2012 09:46:40.2238456
Update--955 10/10/2012 09:46:49.5994621
Update--375 10/10/2012 09:46:59.6302797
Update--376 10/10/2012 09:47:10.4254986
Update--377 10/10/2012 09:47:19.8479152
Update--378 10/10/2012 09:47:29.6603324
Update--381 10/10/2012 09:47:38.5679481
Update--372 10/10/2012 09:47:46.8359626
Update--422 10/10/2012 09:47:57.0227805
Update--200 10/10/2012 09:48:05.7587958
Update--175 10/10/2012 09:48:15.3840127
Update--404 10/10/2012 09:48:24.1980282
Update--444 10/10/2012 09:48:34.1352457
Update--397 10/10/2012 09:48:43.5264622
Update--398 10/10/2012 09:48:52.1064772
Update--399 10/10/2012 09:49:01.1700932
Update--400 10/10/2012 09:49:10.1869090
Update--401 10/10/2012 09:49:19.1101247
Update--625 10/10/2012 09:49:27.4109393
Update--600 10/10/2012 09:49:35.8973542
Update--863 10/10/2012 09:49:45.5225711
Update--742 10/10/2012 09:49:52.4957834
Update--667 10/10/2012 09:50:00.1553968
Update--740 10/10/2012 09:50:08.1270108
Update--903 10/10/2012 09:50:14.4138219
958 10/10/2012 09:50:19.5618309
Update--572 10/10/2012 09:50:28.9842475
Update--560 10/10/2012 09:50:37.8450630
Update--561 10/10/2012 09:50:46.9866791
Update--402 10/10/2012 09:50:55.6914944
Update--403 10/10/2012 09:51:03.9595089
Update--391 10/10/2012 09:51:13.9747265
Update--392 10/10/2012 09:51:23.6467435
Update--393 10/10/2012 09:51:32.0083582
Update--394 10/10/2012 09:51:41.9923757
Update--187 10/10/2012 09:51:51.0483912
Update--213 10/10/2012 09:52:01.2352091
Update--379 10/10/2012 09:52:10.1428247
Update--380 10/10/2012 09:52:18.7696399
Update--605 10/10/2012 09:52:27.1936547
914 10/10/2012 09:52:31.8580629
Update--849 10/10/2012 09:52:39.3772761
Update--803 10/10/2012 09:52:46.6312888
Update--641 10/10/2012 09:52:55.2581040
Update--703 10/10/2012 09:53:02.0633156
Update--652 10/10/2012 09:53:09.5513287
Update--653 10/10/2012 09:53:16.9301417
Update--781 10/10/2012 09:53:23.9189539
Update--833 10/10/2012 09:53:33.2321703
Update--623 10/10/2012 09:53:40.3925829
Update--632 10/10/2012 09:53:48.6917974
Update--579 10/10/2012 09:53:57.4902129
Update--562 10/10/2012 09:54:05.8282274
Update--547 10/10/2012 09:54:14.5022424
Update--003 10/10/2012 09:54:22.5830566
Update--004 10/10/2012 09:54:31.6346721
Update--533 10/10/2012 09:54:40.2770873
Update--519 10/10/2012 09:54:49.5159035
Update--574 10/10/2012 09:55:01.7307250
Update--373 10/10/2012 09:55:07.7679356
Update--346 10/10/2012 09:55:19.1247555
Update--347 10/10/2012 09:55:29.2335733
Update--349 10/10/2012 09:55:38.2191891
Update--350 10/10/2012 09:55:48.0160063
Update--351 10/10/2012 09:55:56.7676217
Update--352 10/10/2012 09:56:06.3616385
Update--353 10/10/2012 09:56:15.9088553
Update--896 10/10/2012 09:56:22.5700670
Update--880 10/10/2012 09:56:30.5104809
Update--881 10/10/2012 09:56:38.7004953
Update--790 10/10/2012 09:56:45.5333073
Update--342 10/10/2012 09:56:55.2521244
Update--338 10/10/2012 09:57:03.8945396
Update--339 10/10/2012 09:57:12.5837548
Update--627 10/10/2012 09:57:21.1949699
Update--604 10/10/2012 09:57:29.4629845
Update--528 10/10/2012 09:57:37.6061988
Update--550 10/10/2012 09:57:45.9678135
Update--355 10/10/2012 09:57:56.0142311
Update--356 10/10/2012 09:58:05.2338473
Update--359 10/10/2012 09:58:14.4378635
Update--360 10/10/2012 09:58:22.8462782
Update--361 10/10/2012 09:58:31.4262933
Update--362 10/10/2012 09:58:42.1591122
Update--365 10/10/2012 09:58:50.9263276
Update--785 10/10/2012 09:58:58.6327411
Update--795 10/10/2012 09:59:06.0115540
Update--687 10/10/2012 09:59:13.7335676
Update--688 10/10/2012 09:59:21.3619810
Update--689 10/10/2012 09:59:28.0855928
Update--811 10/10/2012 09:59:35.3864056
Update--344 10/10/2012 09:59:44.0756209
Update--340 10/10/2012 09:59:55.4012408
Update--341 10/10/2012 10:00:04.8548574
Update--335 10/10/2012 10:00:13.9184733
Update--336 10/10/2012 10:00:22.3268881
Update--558 10/10/2012 10:00:30.9381032
Update--640 10/10/2012 10:00:39.7209186
Update--172 10/10/2012 10:00:49.6341361
Update--354 10/10/2012 10:01:00.3045549
Update--343 10/10/2012 10:01:09.8517716
Update--348 10/10/2012 10:01:19.4145884
Update--364 10/10/2012 10:01:28.7278048
Update--879 10/10/2012 10:01:38.1034213
Update--654 10/10/2012 10:01:45.1858337
Update--765 10/10/2012 10:01:53.5786484
Update--658 10/10/2012 10:02:01.8466630
902 10/10/2012 10:02:07.0570721
Update--957 10/10/2012 10:02:15.7462874
Update--814 10/10/2012 10:02:22.8754999
Update--815 10/10/2012 10:02:29.3183112
Update--586 10/10/2012 10:02:39.5363292
Update--589 10/10/2012 10:02:47.6639434
Update--521 10/10/2012 10:02:58.2407620
Update--489 10/10/2012 10:03:09.2543813
Update--490 10/10/2012 10:03:18.8483982
Update--491 10/10/2012 10:03:55.2120621
Update--487 10/10/2012 10:04:04.6032786
Update--501 10/10/2012 10:04:14.2128954
Update--502 10/10/2012 10:04:23.8225123
Update--500 10/10/2012 10:04:32.8393282
Update--488 10/10/2012 10:04:43.9465477
Update--494 10/10/2012 10:04:52.9945636
Update--495 10/10/2012 10:05:02.4793802
Update--496 10/10/2012 10:05:10.4197942
Update--506 10/10/2012 10:05:18.9998092
Update--554 10/10/2012 10:05:27.8762248
Update--587 10/10/2012 10:05:36.3158396
Update--615 10/10/2012 10:05:45.2390553
Update--463 10/10/2012 10:05:53.9906707
Update--822 10/10/2012 10:06:01.3538836
Update--942 10/10/2012 10:06:09.3254976
Update--776 10/10/2012 10:06:18.1395131
Update--735 10/10/2012 10:06:26.2359273
Update--940 10/10/2012 10:06:34.5507419
910 10/10/2012 10:06:39.5895508
Update--830 10/10/2012 10:06:46.3131626
Update--831 10/10/2012 10:06:53.1303746
Update--992 10/10/2012 10:07:05.4855963
Update--599 10/10/2012 10:07:13.3636101
Update--531 10/10/2012 10:07:23.0980272
Update--542 10/10/2012 10:07:31.7716424
Update--493 10/10/2012 10:07:41.8336601
Update--498 10/10/2012 10:07:50.7724758
Update--499 10/10/2012 10:07:58.8064899
Update--497 10/10/2012 10:08:06.8249040
Update--546 10/10/2012 10:08:15.2021187
Update--469 10/10/2012 10:08:25.4357367
Update--470 10/10/2012 10:08:34.1405520
Update--472 10/10/2012 10:08:47.1821749
Update--473 10/10/2012 10:08:55.8869902
Update--474 10/10/2012 10:09:04.1082046
Update--465 10/10/2012 10:09:12.9222201
Update--826 10/10/2012 10:09:19.4430316
Update--819 10/10/2012 10:09:26.4942439
Update--882 10/10/2012 10:09:34.8246586
Update--913 10/10/2012 10:09:40.4718685
Update--665 10/10/2012 10:09:48.8490832
Update--684 10/10/2012 10:09:55.8690955
Update--692 10/10/2012 10:10:03.5287090
Update--759 10/10/2012 10:10:12.1087241
Update--906 10/10/2012 10:10:17.9275343
Update--840 10/10/2012 10:10:27.0847504
Update--480 10/10/2012 10:10:36.2263664
Update--481 10/10/2012 10:10:44.8375815
Update--483 10/10/2012 10:10:54.5875987
Update--484 10/10/2012 10:11:03.0584135
Update--485 10/10/2012 10:11:11.9816292
Update--486 10/10/2012 10:11:20.6552444
Update--476 10/10/2012 10:11:28.8296588
Update--368 10/10/2012 10:11:37.2848737
Update--370 10/10/2012 10:11:46.5512899
Update--371 10/10/2012 10:11:56.5041074
Update--366 10/10/2012 10:12:04.9905223
Update--363 10/10/2012 10:12:13.3677370
Update--552 10/10/2012 10:12:21.7293517
Update--905 10/10/2012 10:12:27.7821624
Update--948 10/10/2012 10:12:37.0329786
Update--985 10/10/2012 10:12:51.6034042
Update--782 10/10/2012 10:12:57.9994154
Update--694 10/10/2012 10:13:04.6294271
Update--649 10/10/2012 10:13:13.1626421
Update--995 10/10/2012 10:13:20.3386547
Update--695 10/10/2012 10:13:30.5566726
Update--746 10/10/2012 10:13:38.7934871
Update--733 10/10/2012 10:13:47.5919025
Update--986 10/10/2012 10:13:56.9987191
Update--904 10/10/2012 10:14:02.8799294
Update--877 10/10/2012 10:14:12.3959461
Update--818 10/10/2012 10:14:19.2911582
Update--551 10/10/2012 10:14:27.4811726
Update--581 10/10/2012 10:14:37.4027900
Update--367 10/10/2012 10:14:46.2948056
Update--477 10/10/2012 10:14:56.8404242
Update--478 10/10/2012 10:15:05.2020388
Update--475 10/10/2012 10:15:13.6104536
Update--482 10/10/2012 10:15:22.2996689
Update--850 10/10/2012 10:15:29.9436823
Update--907 10/10/2012 10:15:35.2632916
Update--983 10/10/2012 10:15:49.2721163
Update--984 10/10/2012 10:16:03.3277409
Update--732 10/10/2012 10:16:11.6425555
Update--763 10/10/2012 10:16:19.5829695
Update--789 10/10/2012 10:16:26.3065813
Update--691 10/10/2012 10:16:34.0285949
960 10/10/2012 10:16:39.0362037
Update--895 10/10/2012 10:16:45.2762146
Update--991 10/10/2012 10:16:54.2618304
Update--445 10/10/2012 10:17:05.2754497
Update--447 10/10/2012 10:17:14.7290663
Update--448 10/10/2012 10:17:23.2778814
Update--449 10/10/2012 10:17:32.2010970
Update--438 10/10/2012 10:17:40.8279122
Update--570 10/10/2012 10:17:48.5499258
Update--565 10/10/2012 10:17:57.7071418
Update--622 10/10/2012 10:18:06.0843565
Update--553 10/10/2012 10:18:14.6643716
Update--545 10/10/2012 10:18:22.8075859
Update--443 10/10/2012 10:18:31.4188010
Update--630 10/10/2012 10:18:40.0924163
Update--612 10/10/2012 10:18:48.4228309
Update--606 10/10/2012 10:18:56.9404459
Update--564 10/10/2012 10:19:05.8636615
Update--451 10/10/2012 10:19:14.0692760
Update--452 10/10/2012 10:19:23.3356922
Update--464 10/10/2012 10:19:33.6941104
Update--455 10/10/2012 10:19:41.8529248
Update--457 10/10/2012 10:19:50.8385405
Update--459 10/10/2012 10:20:00.5729576
Update--460 10/10/2012 10:20:08.9657724
Update--461 10/10/2012 10:20:17.2805870
Update--462 10/10/2012 10:20:27.4830049
Update--884 10/10/2012 10:20:35.6886193
Update--885 10/10/2012 10:20:43.7538335
Update--886 10/10/2012 10:20:52.1310482
Update--887 10/10/2012 10:21:00.4926629
Update--888 10/10/2012 10:21:08.4798769
Update--683 10/10/2012 10:21:15.1254886
Update--663 10/10/2012 10:21:21.3810996
Update--458 10/10/2012 10:21:29.7115142
Update--453 10/10/2012 10:21:39.3679312
Update--454 10/10/2012 10:21:47.4955454
Update--479 10/10/2012 10:21:55.9039602
Update--610 10/10/2012 10:22:03.9379743
Update--611 10/10/2012 10:22:12.0031885
Update--524 10/10/2012 10:22:20.3960032
Update--548 10/10/2012 10:22:29.6936196
Update--233 10/10/2012 10:22:37.7900338
Update--536 10/10/2012 10:22:46.4324490
Update--608 10/10/2012 10:22:54.9344639
Update--466 10/10/2012 10:23:05.0588817
Update--467 10/10/2012 10:23:13.4672964
Update--450 10/10/2012 10:23:21.8913112
Update--442 10/10/2012 10:23:30.5181264
Update--664 10/10/2012 10:23:37.5693388
Update--982 10/10/2012 10:23:51.3753630
Update--854 10/10/2012 10:24:00.3453788
Update Area--<none> 10/10/2012 10:24:03.2469839
Update Area--BOHOL-REGION-AREA1 10/10/2012 10:24:04.9005868
Update Area--BOHOL-REGION-AREA2 10/10/2012 10:24:06.5541897
Update Area--BOHOL-REGION-AREA3 10/10/2012 10:24:08.2233926
Update Area--CAAR-REGION-AREA1 10/10/2012 10:24:09.8769955
Update Area--CAAR-REGION-AREA2 10/10/2012 10:24:11.5305984
Update Area--CAAR-REGION-AREA3 10/10/2012 10:24:13.1842013
Update Area--CAAR-REGION-AREA4 10/10/2012 10:24:14.8378042
Update Area--CAAR-REGION-AREA5 10/10/2012 10:24:16.5070072
Update Area--CAGAYAN-REGION-AREA4 10/10/2012 10:24:18.1606101
Update Area--CARAGA-REGION-AREA1 10/10/2012 10:24:19.8142130
Update Area--CARAGA-REGION-AREA2 10/10/2012 10:24:21.4990159
Update Area--CARAGA-REGION-AREA3 10/10/2012 10:24:23.1838189
Update Area--CARAGA-REGION-AREA4 10/10/2012 10:24:25.1962224
Update Area--Cebu Central A 10/10/2012 10:24:26.8498253
Update Area--Cebu Central B 10/10/2012 10:24:28.5190283
Update Area--Cebu Central C 10/10/2012 10:24:30.1882312
Update Area--Cebu Central D 10/10/2012 10:24:31.8886342
Update Area--Cebu North A 10/10/2012 10:24:33.5890372
Update Area--Cebu North B 10/10/2012 10:24:35.2582401
Update Area--Cebu North C 10/10/2012 10:24:36.9118430
Update Area--Cebu North D 10/10/2012 10:24:38.5966460
Update Area--Cebu South A 10/10/2012 10:24:40.2814489
Update Area--Cebu South B 10/10/2012 10:24:41.9506519
Update Area--Cebu South C 10/10/2012 10:24:43.6042548
Update Area--CEBU SOUTH D 10/10/2012 10:24:45.2734577
Update Area--CEBU SOUTH E 10/10/2012 10:24:46.9426606
Update Area--COMADAVSUR-REGION-AREA1 10/10/2012 10:24:48.6118636
Update Area--COMADAVSUR-REGION-AREA2 10/10/2012 10:24:50.2654665
Update Area--COMADAVSUR-REGION-AREA3 10/10/2012 10:24:51.9814695
Update Area--DAVAO/COMVAL-REGION-AREA1 10/10/2012 10:24:53.6506724
Update Area--DAVAO/COMVAL-REGION-AREA2 10/10/2012 10:24:55.3510754
Update Area--DAVAO/COMVAL-REGION-AREA3 10/10/2012 10:24:57.0046783
Update Area--DAVAO/COMVAL-REGION-AREA4 10/10/2012 10:24:58.7050813
Update Area--DAVAO/COMVAL-REGION-AREA5 10/10/2012 10:25:00.4210843
Update Area--GUIMARAS-ILOILO-REGION-AREA1 10/10/2012 10:25:02.1370873
Update Area--GUIMARAS-ILOILO-REGION-AREA2 10/10/2012 10:25:03.7906902
Update Area--GUIMARAS-ILOILO-REGION-AREA3 10/10/2012 10:25:05.4598931
Update Area--GUIMARAS-ILOILO-REGION-AREA4 10/10/2012 10:25:07.1602961
Update Area--GUIMARAS-ILOILO-REGION-AREA5 10/10/2012 10:25:08.8138990
Update Area--HO 10/10/2012 10:25:10.5143020
Update Area--LEYTE-REGION-AREA1 10/10/2012 10:25:12.1835050
Update Area--LEYTE-REGION-AREA2 10/10/2012 10:25:13.8527079
Update Area--LEYTE-REGION-AREA3 10/10/2012 10:25:15.5063108
Update Area--LEYTE-REGION-AREA4 10/10/2012 10:25:17.1911137
Update Area--LUZON-SHOWROOMS 10/10/2012 10:25:18.8759167
Update Area--MINDANAO-SHOWROOMS 10/10/2012 10:25:20.5295196
Update Area--NCR-SHOWROOMS 10/10/2012 10:25:22.2143226
Update Area--NEG.OR-SIQUIJOR-REGION-AREA1 10/10/2012 10:25:23.8679255
Update Area--NEG.OR-SIQUIJOR-REGION-AREA2 10/10/2012 10:25:25.5683285
Update Area--NEG.OR-SIQUIJOR-REGION-AREA3 10/10/2012 10:25:27.2375314
Update Area--NEGROS-OCC-REGION-AREA1 10/10/2012 10:25:28.9223344
Update Area--NEGROS-OCC-REGION-AREA2 10/10/2012 10:25:30.6383374
Update Area--NEGROS-OCC-REGION-AREA3 10/10/2012 10:25:32.3231403
Update Area--NEGROS-OCC-REGION-AREA4 10/10/2012 10:25:34.0079433
Update Area--NEGROS-OCC-REGION-AREA5 10/10/2012 10:25:35.6927462
Update Area--SAMAR-REGION-AREA1 10/10/2012 10:25:37.3463491
Update Area--SAMAR-REGION-AREA2 10/10/2012 10:25:39.0155521
Update Area--SAMAR-REGION-AREA3 10/10/2012 10:25:40.7159551
Update Area--SAMAR-REGION-AREA4 10/10/2012 10:25:42.3851580
Update Area--SOCSKSARGEN-MINDANAO-AREA1 10/10/2012 10:25:44.0855610
Update Area--SOCSKSARGEN-MINDANAO-AREA2 10/10/2012 10:25:45.7391639
Update Area--SOCSKSARGEN-MINDANAO-AREA3 10/10/2012 10:25:47.4083668
Update Area--SOCSKSARGEN-MINDANAO-AREA4 10/10/2012 10:25:49.0775698
Update Area--VISAYAS-SHOWROOMS 10/10/2012 10:25:50.7623727
Update Area--YANGAN CAMBUNAO-REGION-AREA1 10/10/2012 10:25:52.4315756
Update Area--YANGAN CAMBUNAO-REGION-AREA2 10/10/2012 10:25:54.0851785
Update Area--YANGAN CAMBUNAO-REGION-AREA3 10/10/2012 10:25:55.7699815
Update Area--YANGAN CAMBUNAO-REGION-AREA4 10/10/2012 10:25:57.4391844
Update Area--YANGAN CAMBUNAO-REGION-AREA5 10/10/2012 10:25:59.0927873
Update Area--ZAMBASTA-MINDANAO-AREA1 10/10/2012 10:26:00.7619903
Update Area--ZAMBASTA-MINDANAO-AREA2 10/10/2012 10:26:02.4623933
Update Area--ZAMBASTA-MINDANAO-AREA3 10/10/2012 10:26:04.1315962
Update Area--ZAMISLAN-REGION-AREA1 10/10/2012 10:26:05.7851991
Update Area--ZAMISLAN-REGION-AREA2 10/10/2012 10:26:07.4856021
Update Area--ZAMISLAN-REGION-AREA3 10/10/2012 10:26:09.1392050
Update Area--ZAMISLAN-REGION-AREA4 10/10/2012 10:26:10.8240079
Update Area--ZAMISLAN-REGION-AREA5 10/10/2012 10:26:12.4776109
Update Area--ZAMSIBUGAY-REGION-AREA1 10/10/2012 10:26:14.1468138
Update Area--ZAMSIBUGAY-REGION-AREA2 10/10/2012 10:26:15.8004167
Update Area--ZAMSIBUGAY-REGION-AREA3 10/10/2012 10:26:17.4696196
Update Area--ZAMSIBUGAY-REGION-AREA4 10/10/2012 10:26:19.1544226
Update region--BOHOL-REGION 10/10/2012 10:26:19.7628236
Update region--CAAR-REGION 10/10/2012 10:26:20.0592242
Update region--CAGAYAN-REGION 10/10/2012 10:26:20.3712247
Update region--CARAGA-REGION 10/10/2012 10:26:20.6676252
Update region--Cebu Central 10/10/2012 10:26:20.9640258
Update region--Cebu North 10/10/2012 10:26:21.2916263
Update region--Cebu South 10/10/2012 10:26:21.5724268
Update region--COMADAVSUR-REGION 10/10/2012 10:26:21.8844274
Update region--DAVAO/COMVAL-MINDANAO-REGION 10/10/2012 10:26:22.1808279
Update region--GUIMARAS-ILOILO-REGION 10/10/2012 10:26:22.4772284
Update region--HO 10/10/2012 10:26:22.7736289
Update region--LA-SHOWROOMS 10/10/2012 10:26:23.0856295
Update region--LEYTE-REGION 10/10/2012 10:26:23.3976300
Update region--LUZON/NCR-SHOWROOMS 10/10/2012 10:26:23.6784305
Update region--NEG.OR-SIQUIJOR-REGION 10/10/2012 10:26:23.9904311
Update region--NEGROS-OCC-REGION 10/10/2012 10:26:24.2868316
Update region--SAMAR-REGION 10/10/2012 10:26:24.6144322
Update region--SOCSKSARGEN-MINDANAO-REGION 10/10/2012 10:26:24.9264327
Update region--VISMIN-SHOWROOMS 10/10/2012 10:26:25.2072332
Update region--YANGAN CAMBUNAO-REGION 10/10/2012 10:26:25.5348338
Update region--ZAMBASTA-MINDANAO-REGION 10/10/2012 10:26:25.8156343
Update region--ZAMISLAN-MINDANAO-REGION 10/10/2012 10:26:26.1276348
Update region--ZAMSIBUGAY-REGION 10/10/2012 10:26:26.4552354
Update--941 10/10/2012 11:02:45.6559435
Update--950 10/10/2012 11:02:54.4075589
Update--952 10/10/2012 11:03:03.6115750
Update--871 10/10/2012 11:03:12.0823899
Update--804 10/10/2012 11:03:18.3380009
Update--681 10/10/2012 11:03:25.4984135
Update--708 10/10/2012 11:03:32.4248256
Update--717 10/10/2012 11:03:39.3200377
Update--769 10/10/2012 11:03:46.8960524
Update--021 10/10/2012 11:03:55.6164678
Update--133 10/10/2012 11:04:04.8672840
Update--137 10/10/2012 11:04:16.0057036
Update--138 10/10/2012 11:04:24.6637188
Update--140 10/10/2012 11:04:33.1969338
Update--613 10/10/2012 11:04:41.2777480
Update--638 10/10/2012 11:04:49.6393626
Update--518 10/10/2012 11:04:57.8917771
Update--139 10/10/2012 11:05:06.9397930
Update--134 10/10/2012 11:05:15.8162086
Update--142 10/10/2012 11:05:24.9578247
Update--131 10/10/2012 11:05:33.6470399
Update--132 10/10/2012 11:05:42.3986553
Update--768 10/10/2012 11:05:49.1690672
Update--761 10/10/2012 11:05:56.8442807
Update--741 10/10/2012 11:06:03.5678925
Update--714 10/10/2012 11:06:10.9155054
Update--715 10/10/2012 11:06:17.1867164
Update--682 10/10/2012 11:06:24.1599287
Update--642 10/10/2012 11:06:32.0847426
Update--659 10/10/2012 11:06:39.1203549
Update--951 10/10/2012 11:06:47.2791693
Update--680 10/10/2012 11:06:53.8623808
Update--690 10/10/2012 11:07:00.6327927
Update--752 10/10/2012 11:07:08.0584058
Update--734 10/10/2012 11:07:16.7008209
Update--143 10/10/2012 11:07:25.3888366
Update--135 10/10/2012 11:07:33.6880512
Update--141 10/10/2012 11:07:42.2836663
Update--637 10/10/2012 11:07:50.1460801
Update--345 10/10/2012 11:07:58.6636951
Update--628 10/10/2012 11:08:07.2125101
Update--593 10/10/2012 11:08:15.6365249
Update--036 10/10/2012 11:08:24.0761397
Update--057 10/10/2012 11:08:32.7809550
Update--066 10/10/2012 11:08:41.2205698
Update--079 10/10/2012 11:08:49.2701839
Update--264 10/10/2012 11:08:58.6458004
Update--726 10/10/2012 11:09:07.0074151
Update--711 10/10/2012 11:09:13.9962274
Update--712 10/10/2012 11:09:20.7198392
Update--677 10/10/2012 11:09:28.2858525
Update--673 10/10/2012 11:09:36.4290668
Update--696 10/10/2012 11:09:43.1370785
Update--697 10/10/2012 11:09:49.7982902
Update--720 10/10/2012 11:09:56.7715025
Update--810 10/10/2012 11:10:03.3547141
Update--280 10/10/2012 11:10:11.6695287
Update--284 10/10/2012 11:10:20.1871436
Update--285 10/10/2012 11:10:28.8295588
Update--290 10/10/2012 11:10:37.8463746
Update--582 10/10/2012 11:10:45.8647887
Update--537 10/10/2012 11:10:54.2420034
Update--396 10/10/2012 11:11:02.8872190
Update--583 10/10/2012 11:11:11.1448333
Update--639 10/10/2012 11:11:18.8824469
Update--291 10/10/2012 11:11:27.3376617
Update--287 10/10/2012 11:11:35.6836764
Update--289 10/10/2012 11:11:45.1372930
Update--281 10/10/2012 11:11:53.3897075
Update--821 10/10/2012 11:12:00.2693196
Update--875 10/10/2012 11:12:09.0365350
Update--727 10/10/2012 11:12:16.8053486
Update--724 10/10/2012 11:12:24.6677624
Update--725 10/10/2012 11:12:32.2805758
Update--730 10/10/2012 11:12:40.1117896
Update--731 10/10/2012 11:12:48.1146036
Update--747 10/10/2012 11:12:56.4450182
Update--668 10/10/2012 11:13:03.7614311
Update--843 10/10/2012 11:13:14.4318498
Update--250 10/10/2012 11:13:23.4954658
Update--251 10/10/2012 11:13:31.9038805
Update--252 10/10/2012 11:13:41.0610966
Update--254 10/10/2012 11:13:49.0171106
Update--248 10/10/2012 11:13:57.0823247
Update--246 10/10/2012 11:14:05.3815393
Update--247 10/10/2012 11:14:14.6011555
Update--282 10/10/2012 11:14:22.8847701
Update--283 10/10/2012 11:14:31.0591844
Update--288 10/10/2012 11:14:38.9683983
Update--297 10/10/2012 11:14:47.8916140
Update--292 10/10/2012 11:14:56.1128284
Update--535 10/10/2012 11:15:04.4588431
Update--513 10/10/2012 11:15:14.0372599
Update--679 10/10/2012 11:15:20.4176711
Update--660 10/10/2012 11:15:27.8432842
Update--934 10/10/2012 11:15:32.8976930
Update--845 10/10/2012 11:15:41.5245082
Update--748 10/10/2012 11:15:49.5429223
Update--620 10/10/2012 11:15:57.8577369
Update--618 10/10/2012 11:16:06.6405523
Update--410 10/10/2012 11:16:15.7977684
Update--412 10/10/2012 11:16:22.5057802
Update--413 10/10/2012 11:16:30.9453950
Update--414 10/10/2012 11:16:39.5410101
Update--415 10/10/2012 11:16:47.8246246
Update--416 10/10/2012 11:16:56.7322403
Update--405 10/10/2012 11:17:04.9378547
Update--407 10/10/2012 11:17:13.7674702
Update--408 10/10/2012 11:17:23.9074880
Update--108 10/10/2012 11:17:32.2223026
Update--430 10/10/2012 11:17:41.6759192
Update--406 10/10/2012 11:17:50.1467341
Update--417 10/10/2012 11:17:58.4771487
Update--418 10/10/2012 11:18:07.4627645
Update--619 10/10/2012 11:18:15.7463791
Update--855 10/10/2012 11:18:21.9395899
Update--857 10/10/2012 11:18:29.0064024
Update--878 10/10/2012 11:18:37.7736178
Update--954 10/10/2012 11:18:46.3536328
Update--807 10/10/2012 11:18:51.6732422
Update--419 10/10/2012 11:19:00.1284570
Update--420 10/10/2012 11:19:09.2544730
Update--421 10/10/2012 11:19:17.6628878
Update--423 10/10/2012 11:19:28.2553064
Update--424 10/10/2012 11:19:37.3189223
Update--425 10/10/2012 11:19:45.9145374
Update--431 10/10/2012 11:19:54.3229522
Update--409 10/10/2012 11:20:03.1525677
Update--427 10/10/2012 11:20:12.5749843
Update--428 10/10/2012 11:20:23.0582027
Update--429 10/10/2012 11:20:31.5134175
Update--434 10/10/2012 11:20:39.9218323
Update--435 10/10/2012 11:20:48.1898468
Update--436 10/10/2012 11:20:56.0990607
Update--437 10/10/2012 11:21:04.5074755
Update--439 10/10/2012 11:21:14.7410935
Update--440 10/10/2012 11:21:24.0075097
Update--441 10/10/2012 11:21:32.8683253
Update--432 10/10/2012 11:21:40.9179394
Update--433 10/10/2012 11:21:49.9971554
Update--800 10/10/2012 11:21:56.1903663
Update--777 10/10/2012 11:22:02.6175775
Update--718 10/10/2012 11:22:09.3411894
Update--719 10/10/2012 11:22:15.7684006
Update--749 10/10/2012 11:22:23.8024148
Update--750 10/10/2012 11:22:31.5088283
Update--868 10/10/2012 11:22:39.7612428
Update--846 10/10/2012 11:22:48.4348580
Update--105 10/10/2012 11:22:57.5296740
Update--029 10/10/2012 11:23:07.2016910
Update--030 10/10/2012 11:23:17.2013085
Update--032 10/10/2012 11:23:24.4553213
Update--033 10/10/2012 11:23:32.7233358
Update--034 10/10/2012 11:23:42.3329527
Update--035 10/10/2012 11:23:49.3217650
Update--037 10/10/2012 11:23:57.1529787
Update--038 10/10/2012 11:24:05.3585931
Update--040 10/10/2012 11:24:14.3754090
Update--025 10/10/2012 11:24:22.6590235
Update--018 10/10/2012 11:24:31.3950389
Update--020 10/10/2012 11:24:41.6910569
Update--019 10/10/2012 11:24:52.5798761
Update--026 10/10/2012 11:25:01.0038909
Update--027 10/10/2012 11:25:09.5059058
Update--028 10/10/2012 11:25:17.8987205
Update--022 10/10/2012 11:25:25.3243336
Update--023 10/10/2012 11:25:33.9355487
Update--024 10/10/2012 11:25:42.4999637
Update--125 10/10/2012 11:25:51.5791797
Update--120 10/10/2012 11:26:01.1419965
Update--121 10/10/2012 11:26:09.8312118
Update--122 10/10/2012 11:26:18.5516271
Update--078 10/10/2012 11:26:28.3328442
Update--512 10/10/2012 11:26:36.5540587
Update--526 10/10/2012 11:26:46.3040758
Update--835 10/10/2012 11:26:56.4284936
Update--867 10/10/2012 11:27:05.8353101
Update--532 10/10/2012 11:27:14.3997252
Update--508 10/10/2012 11:27:22.6989397
Update--616 10/10/2012 11:27:31.6533555
Update--633 10/10/2012 11:27:40.0617702
Update--325 10/10/2012 11:27:48.3453848
Update--106 10/10/2012 11:27:57.4090007
Update--041 10/10/2012 11:28:05.9422157
Update--042 10/10/2012 11:28:14.5534308
Update--045 10/10/2012 11:28:25.4422499
Update--046 10/10/2012 11:28:33.4138639
Update--047 10/10/2012 11:28:41.7286785
Update--048 10/10/2012 11:28:50.2618935
Update--049 10/10/2012 11:28:58.9979089
Update--052 10/10/2012 11:29:07.5467239
Update--054 10/10/2012 11:29:16.3139393
Update--055 10/10/2012 11:29:24.6131539
Update--053 10/10/2012 11:29:33.0683687
Update--050 10/10/2012 11:29:41.5703837
Update--051 10/10/2012 11:29:50.5715995
Update--064 10/10/2012 11:29:59.0736144
Update--070 10/10/2012 11:30:07.5600293
Update--071 10/10/2012 11:30:17.8560474
Update--072 10/10/2012 11:30:26.0772618
Update--073 10/10/2012 11:30:36.4200800
Update--043 10/10/2012 11:30:45.5148960
Update--240 10/10/2012 11:30:53.5801101
Update--511 10/10/2012 11:31:01.9573248
Update--866 10/10/2012 11:31:10.1161392
Update--912 10/10/2012 11:31:14.8273474
Update--722 10/10/2012 11:31:23.4697626
Update--721 10/10/2012 11:31:33.5317803
Update--793 10/10/2012 11:31:38.8513896
Update--794 10/10/2012 11:31:46.1366024
Update--710 10/10/2012 11:31:53.5310154
Update--864 10/10/2012 11:32:02.1734306
Update--865 10/10/2012 11:32:10.2698448
Update--591 10/10/2012 11:32:18.8810600
Update--571 10/10/2012 11:32:25.9634724
Update--578 10/10/2012 11:32:34.3250871
Update--260 10/10/2012 11:32:42.4995014
Update--067 10/10/2012 11:32:54.6363228
Update--068 10/10/2012 11:33:04.0275392
Update--069 10/10/2012 11:33:15.7275598
Update--065 10/10/2012 11:33:24.4791752
Update--056 10/10/2012 11:33:32.9811901
Update--058 10/10/2012 11:33:43.3240083
Update--059 10/10/2012 11:33:53.1208255
Update--060 10/10/2012 11:34:01.6852405
Update--061 10/10/2012 11:34:10.1716554
Update--062 10/10/2012 11:34:18.7048704
Update--063 10/10/2012 11:34:27.3316856
Update--585 10/10/2012 11:34:36.2237012
Update--944 10/10/2012 11:34:44.9753166
Update--945 10/10/2012 11:34:53.2121310
Update--961 10/10/2012 11:34:58.6877406
Update--699 10/10/2012 11:35:06.2849540
Update--644 10/10/2012 11:35:16.1753714
Update--997 10/10/2012 11:35:25.3325874
Update--770 10/10/2012 11:35:30.8393971
Update--943 10/10/2012 11:35:39.4506122
Update--936 10/10/2012 11:35:48.0306273
Update--856 10/10/2012 11:35:55.5186405
Update--829 10/10/2012 11:36:02.4294526
Update--084 10/10/2012 11:36:11.7582690
Update--080 10/10/2012 11:36:21.3054857
Update--081 10/10/2012 11:36:30.6031021
Update--082 10/10/2012 11:36:39.2143172
Update--087 10/10/2012 11:36:47.7631322
Update--088 10/10/2012 11:36:56.0779468
Update--089 10/10/2012 11:37:05.3911632
Update--090 10/10/2012 11:37:14.4547791
Update--092 10/10/2012 11:37:24.7195971
Update--093 10/10/2012 11:37:33.4088124
Update--094 10/10/2012 11:37:41.5052266
Update--095 10/10/2012 11:37:50.2568420
Update--083 10/10/2012 11:37:58.5872566
Update--085 10/10/2012 11:38:07.3544720
Update--086 10/10/2012 11:38:15.7316867
Update--074 10/10/2012 11:38:24.6549024
Update--075 10/10/2012 11:38:32.8449168
Update--076 10/10/2012 11:38:42.0021329
Update--573 10/10/2012 11:38:50.7381482
Update--869 10/10/2012 11:38:59.0529628
Update--937 10/10/2012 11:39:07.5393777
Update--938 10/10/2012 11:39:16.0881927
Update--728 10/10/2012 11:39:23.7946063
Update--656 10/10/2012 11:39:30.7834186
Update--702 10/10/2012 11:39:38.8642327
Update--900 10/10/2012 11:39:44.8078432
Update--839 10/10/2012 11:40:02.2174738
Update--817 10/10/2012 11:40:08.8162854
Update--575 10/10/2012 11:40:18.4415023
Update--017 10/10/2012 11:40:27.7391186
Update--126 10/10/2012 11:40:37.3019354
Update--128 10/10/2012 11:40:47.7071537
Update--129 10/10/2012 11:40:56.4431690
Update--130 10/10/2012 11:41:05.1947844
Update--123 10/10/2012 12:03:31.9342315
Update--124 10/10/2012 12:03:40.3114462
Update--941 10/10/2012 12:12:49.3537696
Update--950 10/10/2012 12:12:57.7592503
Update--952 10/10/2012 12:13:06.9117738
Update--871 10/10/2012 12:13:15.3862586
Update--804 10/10/2012 12:13:21.6716181
Update--681 10/10/2012 12:13:28.7460227
Update--708 10/10/2012 12:13:35.7984261
Update--717 10/10/2012 12:13:42.6878201
Update--769 10/10/2012 12:13:50.2572531
Update--021 10/10/2012 12:13:58.7897411
Update--133 10/10/2012 12:14:08.0542710
Update--137 10/10/2012 12:14:19.3209154
Update--138 10/10/2012 12:14:28.1174185
Update--140 10/10/2012 12:14:36.5098986
Update--613 10/10/2012 12:14:44.7703710
Update--638 10/10/2012 12:14:53.0128425
Update--518 10/10/2012 12:15:01.2903159
Update--139 10/10/2012 12:15:10.5568459
Update--134 10/10/2012 12:15:19.2743445
Update--142 10/10/2012 12:15:28.2578584
Update--131 10/10/2012 12:15:36.9353547
Update--132 10/10/2012 12:15:45.7278576
Update--768 10/10/2012 12:15:52.5112456
Update--761 10/10/2012 12:16:00.1616832
Update--741 10/10/2012 12:16:06.8320647
Update--714 10/10/2012 12:16:14.2014862
Update--715 10/10/2012 12:16:20.6678561
Update--682 10/10/2012 12:16:27.7422607
Update--642 10/10/2012 12:16:35.7127166
Update--659 10/10/2012 12:16:42.6861154
Update--951 10/10/2012 12:16:50.9635889
Update--680 10/10/2012 12:16:57.5849676
Update--690 10/10/2012 12:17:04.3993574
Update--752 10/10/2012 12:17:11.8787852
Update--734 10/10/2012 12:17:20.2312629
Update--143 10/10/2012 12:17:28.8067534
Update--135 10/10/2012 12:17:36.9832210
Update--141 10/10/2012 12:17:45.3717008
Update--637 10/10/2012 12:17:53.1981485
Update--345 10/10/2012 12:18:01.2006062
Update--628 10/10/2012 12:18:09.6490894
Update--593 10/10/2012 12:18:17.7475526
Update--036 10/10/2012 12:18:25.8580165
Update--057 10/10/2012 12:18:34.3895045
Update--066 10/10/2012 12:18:42.8609890
Update--079 10/10/2012 12:18:51.1534633
Update--264 10/10/2012 12:19:00.2159817
Update--726 10/10/2012 12:19:08.5454581
Update--711 10/10/2012 12:19:15.5578592
Update--712 10/10/2012 12:19:22.1292351
Update--677 10/10/2012 12:19:29.6286640
Update--673 10/10/2012 12:19:37.8431338
Update--696 10/10/2012 12:19:44.7945314
Update--697 10/10/2012 12:19:51.4379114
Update--720 10/10/2012 12:19:58.3883090
Update--810 10/10/2012 12:20:04.8856806
Update--280 10/10/2012 12:20:13.2021563
Update--284 10/10/2012 12:20:21.6246380
Update--285 10/10/2012 12:20:30.4521429
Update--290 10/10/2012 12:20:39.5486632
Update--582 10/10/2012 12:20:47.5861229
Update--537 10/10/2012 12:20:55.9726026
Update--396 10/10/2012 12:21:04.0600652
Update--583 10/10/2012 12:21:12.4195433
Update--639 10/10/2012 12:21:20.1219839
Update--291 10/10/2012 12:21:28.5624666
Update--287 10/10/2012 12:21:36.9239449
Update--289 10/10/2012 12:21:46.2194765
Update--281 10/10/2012 12:21:54.5779546
Update--821 10/10/2012 12:22:01.4043451
Update--875 10/10/2012 12:22:10.1718465
Update--727 10/10/2012 12:22:17.8902880
Update--724 10/10/2012 12:22:25.7667385
Update--725 10/10/2012 12:22:33.4541782
Update--730 10/10/2012 12:22:41.1996212
Update--731 10/10/2012 12:22:49.1340751
Update--747 10/10/2012 12:22:57.4105484
Update--668 10/10/2012 12:23:04.6319615
Update--843 10/10/2012 12:23:15.2375681
Update--250 10/10/2012 12:23:24.2050810
Update--251 10/10/2012 12:23:32.7405692
Update--252 10/10/2012 12:23:41.8610909
Update--254 10/10/2012 12:23:49.7045395
Update--248 10/10/2012 12:23:58.0370161
Update--246 10/10/2012 12:24:06.2834877
Update--247 10/10/2012 12:24:15.7510293
Update--282 10/10/2012 12:24:23.9905005
Update--283 10/10/2012 12:24:32.2539732
Update--288 10/10/2012 12:24:40.3304351
Update--297 10/10/2012 12:24:49.1579400
Update--292 10/10/2012 12:24:57.2864049
Update--535 10/10/2012 12:25:05.5968803
Update--513 10/10/2012 12:25:14.9874174
Update--679 10/10/2012 12:25:21.3767828
Update--660 10/10/2012 12:25:28.8792120
Update--934 10/10/2012 12:25:33.8934988
Update--845 10/10/2012 12:25:42.5339930
Update--748 10/10/2012 12:25:50.5774530
Update--620 10/10/2012 12:25:58.9739333
Update--618 10/10/2012 12:26:07.7384346
Update--410 10/10/2012 12:26:16.8029530
Update--412 10/10/2012 12:26:23.5683400
Update--413 10/10/2012 12:26:32.0058226
Update--414 10/10/2012 12:26:40.5503113
Update--415 10/10/2012 12:26:48.8007832
Update--416 10/10/2012 12:26:57.6772909
Update--405 10/10/2012 12:27:05.8947609
Update--407 10/10/2012 12:27:14.5662569
Update--408 10/10/2012 12:27:24.7238379
Update--108 10/10/2012 12:27:33.2543258
Update--430 10/10/2012 12:27:42.7048663
Update--406 10/10/2012 12:27:51.5353714
Update--417 10/10/2012 12:27:59.9728540
Update--418 10/10/2012 12:28:09.3973931
Update--619 10/10/2012 12:28:17.5838613
Update--855 10/10/2012 12:28:23.5982053
Update--857 10/10/2012 12:28:30.5206012
Update--878 10/10/2012 12:28:38.9950860
Update--954 10/10/2012 12:28:47.5355744
Update--807 10/10/2012 12:28:52.7938752
Update--419 10/10/2012 12:29:01.2713601
Update--420 10/10/2012 12:29:10.4428847
Update--421 10/10/2012 12:29:18.7403593
Update--423 10/10/2012 12:29:29.4159699
Update--424 10/10/2012 12:29:38.3184791
Update--425 10/10/2012 12:29:46.9129706
Update--431 10/10/2012 12:29:58.3186230
Update--409 10/10/2012 12:30:07.1631289
Update--427 10/10/2012 12:30:16.5956684
Update--428 10/10/2012 12:30:27.0842683
Update--429 10/10/2012 12:30:35.4777484
Update--434 10/10/2012 12:30:43.8972300
Update--435 10/10/2012 12:30:52.1477019
Update--436 10/10/2012 12:30:59.9761496
Update--437 10/10/2012 12:31:11.3197984
Update--439 10/10/2012 12:31:21.6793910
Update--440 10/10/2012 12:31:33.9470926
Update--441 10/10/2012 12:31:42.8366011
Update--432 10/10/2012 12:31:51.1320756
Update--433 10/10/2012 12:32:00.3376021
Update--800 10/10/2012 12:32:06.5329564
Update--777 10/10/2012 12:32:13.1543352
Update--718 10/10/2012 12:32:19.8847201
Update--719 10/10/2012 12:32:26.6101048
Update--749 10/10/2012 12:32:34.6505647
Update--750 10/10/2012 12:32:42.4210091
Update--868 10/10/2012 12:32:51.0055001
Update--846 10/10/2012 12:32:59.6469944
Update--105 10/10/2012 12:33:08.5255022
Update--029 10/10/2012 12:33:18.2430580
Update--030 10/10/2012 12:33:28.6356524
Update--032 10/10/2012 12:33:36.2470878
Update--033 10/10/2012 12:33:44.4935595
Update--034 10/10/2012 12:33:54.1351109
Update--035 10/10/2012 12:34:01.3065211
Update--037 10/10/2012 12:34:09.2129733
Update--038 10/10/2012 12:34:17.4794462
Update--040 10/10/2012 12:34:26.5419645
Update--025 10/10/2012 12:34:34.7644348
Update--018 10/10/2012 12:34:43.3499259
Update--020 10/10/2012 12:34:53.8385258
Update--019 10/10/2012 12:35:04.5721397
Update--026 10/10/2012 12:35:13.0736260
Update--027 10/10/2012 12:35:21.4801068
Update--028 10/10/2012 12:35:29.9015885
Update--022 10/10/2012 12:35:37.3900168
Update--023 10/10/2012 12:35:46.1515179
Update--024 10/10/2012 12:35:54.5900006
Update--125 10/10/2012 12:36:03.4965100
Update--120 10/10/2012 12:36:12.8550453
Update--121 10/10/2012 12:36:21.3705323
Update--122 10/10/2012 12:36:30.2470400
Update--078 10/10/2012 12:36:39.9675960
Update--512 10/10/2012 12:36:48.0900606
Update--526 10/10/2012 12:36:57.9816264
Update--835 10/10/2012 12:37:08.1162060
Update--867 10/10/2012 12:37:17.4187381
Update--532 10/10/2012 12:37:26.1852395
Update--508 10/10/2012 12:37:34.4277110
Update--616 10/10/2012 12:37:43.3882235
Update--633 10/10/2012 12:37:51.9467130
Update--325 10/10/2012 12:38:00.3721949
Update--106 10/10/2012 12:38:09.4507142
Update--041 10/10/2012 12:38:18.0142040
Update--042 10/10/2012 12:38:26.6066954
Update--045 10/10/2012 12:38:37.7193310
Update--046 10/10/2012 12:38:45.6557850
Update--047 10/10/2012 12:38:54.1082684
Update--048 10/10/2012 12:39:02.6547572
Update--049 10/10/2012 12:39:11.3432542
Update--052 10/10/2012 12:39:19.9827484
Update--054 10/10/2012 12:39:28.8432551
Update--055 10/10/2012 12:39:37.1117281
Update--053 10/10/2012 12:39:48.6093857
Update--050 10/10/2012 12:39:57.1858763
Update--051 10/10/2012 12:40:06.2013919
Update--064 10/10/2012 12:40:14.6398746
Update--070 10/10/2012 12:40:23.0673566
Update--071 10/10/2012 12:40:33.2379383
Update--072 10/10/2012 12:40:41.5024110
Update--073 10/10/2012 12:40:51.9060061
Update--043 10/10/2012 12:41:01.0775306
Update--240 10/10/2012 12:41:09.2809999
Update--511 10/10/2012 12:41:17.5934753
Update--866 10/10/2012 12:41:25.7659427
Update--912 10/10/2012 12:41:30.5162144
Update--722 10/10/2012 12:41:39.2397134
Update--721 10/10/2012 12:41:49.3702928
Update--793 10/10/2012 12:41:54.6965975
Update--794 10/10/2012 12:42:01.9140103
Update--710 10/10/2012 12:42:09.2604305
Update--864 10/10/2012 12:42:17.9699286
Update--865 10/10/2012 12:42:26.1893988
Update--591 10/10/2012 12:42:34.8478940
Update--571 10/10/2012 12:42:41.8772961
Update--578 10/10/2012 12:42:50.1737706
Update--260 10/10/2012 12:42:58.2362317
Update--067 10/10/2012 12:43:10.3919270
Update--068 10/10/2012 12:43:19.6734579
Update--069 10/10/2012 12:43:31.3921281
Update--065 10/10/2012 12:43:40.1926315
Update--056 10/10/2012 12:43:48.6741166
Update--058 10/10/2012 12:43:59.0497101
Update--059 10/10/2012 12:44:08.8962733
Update--060 10/10/2012 12:44:17.4417620
Update--061 10/10/2012 12:44:25.6742329
Update--062 10/10/2012 12:44:34.0707132
Update--063 10/10/2012 12:44:42.5341972
Update--585 10/10/2012 12:44:51.4657081
Update--944 10/10/2012 12:45:00.0972018
Update--945 10/10/2012 12:45:08.2386675
Update--961 10/10/2012 12:45:13.6359762
Update--699 10/10/2012 12:45:21.1364052
Update--644 10/10/2012 12:45:31.0029695
Update--997 10/10/2012 12:45:40.1494926
Update--770 10/10/2012 12:45:45.5618022
Update--943 10/10/2012 12:45:53.9722833
Update--936 10/10/2012 12:46:02.4877703
Update--856 10/10/2012 12:46:09.9771987
Update--829 10/10/2012 12:46:16.8665927
Update--084 10/10/2012 12:46:25.9881145
Update--080 10/10/2012 12:46:35.4756571
Update--081 10/10/2012 12:46:44.7231861
Update--082 10/10/2012 12:46:53.1926705
Update--087 10/10/2012 12:47:01.5361477
Update--088 10/10/2012 12:47:09.8796249
Update--089 10/10/2012 12:47:19.1451549
Update--090 10/10/2012 12:47:27.7396465
Update--092 10/10/2012 12:47:37.7902213
Update--093 10/10/2012 12:47:46.4427162
Update--094 10/10/2012 12:47:54.4121720
Update--095 10/10/2012 12:48:03.1616725
Update--083 10/10/2012 12:48:11.3801425
Update--085 10/10/2012 12:48:20.0366377
Update--086 10/10/2012 12:48:28.4281176
Update--074 10/10/2012 12:48:37.7836527
Update--075 10/10/2012 12:48:45.8971168
Update--076 10/10/2012 12:48:54.7416227
Update--573 10/10/2012 12:49:03.4911231
Update--869 10/10/2012 12:49:11.6815916
Update--937 10/10/2012 12:49:20.2100794
Update--938 10/10/2012 12:49:28.6475620
Update--728 10/10/2012 12:49:36.1819929
Update--656 10/10/2012 12:49:43.0223842
Update--702 10/10/2012 12:49:51.1268477
Update--900 10/10/2012 12:49:56.9921832
Update--839 10/10/2012 13:02:20.3644222
Update--817 10/10/2012 13:02:26.9027962
Update--575 10/10/2012 13:02:36.4673432
Update--017 10/10/2012 13:02:45.9328846
Update--126 10/10/2012 13:02:55.1674128
Update--128 10/10/2012 13:03:05.5110044
Update--129 10/10/2012 13:03:14.3855120
Update--130 10/10/2012 13:03:22.6359839
Update--123 10/10/2012 13:03:32.9215722
Update--124 10/10/2012 13:03:41.2000457
Update--103 10/10/2012 13:03:50.3265677
Update--567 10/10/2012 13:03:58.8740566
Update--555 10/10/2012 13:04:08.5296089
Update--816 10/10/2012 13:04:14.7109624
Update--858 10/10/2012 13:04:22.3143973
Update--666 10/10/2012 13:04:30.2318502
Update--778 10/10/2012 13:04:36.1771902
Update--784 10/10/2012 13:04:42.7925686
Update--670 10/10/2012 13:04:50.0689848
Update--834 10/10/2012 13:05:05.1468472
Update--876 10/10/2012 13:05:13.7253379
Update--953 10/10/2012 13:05:21.9908106
Update--109 10/10/2012 13:05:31.2783418
Update--112 10/10/2012 13:05:40.2818568
Update--115 10/10/2012 13:05:48.6253340
Update--117 10/10/2012 13:05:56.9848122
Update--118 10/10/2012 13:06:06.5963619
Update--119 10/10/2012 13:06:14.9058372
Update--104 10/10/2012 13:06:24.8914083
Update--096 10/10/2012 13:06:33.6879115
Update--097 10/10/2012 13:06:42.6284228
Update--098 10/10/2012 13:06:51.0309034
Update--099 10/10/2012 13:07:02.2535453
Update--100 10/10/2012 13:07:11.2830618
Update--101 10/10/2012 13:07:20.1565693
Update--549 10/10/2012 13:07:28.8840685
Update--566 10/10/2012 13:07:38.0175909
Update--947 10/10/2012 13:07:46.1110538
Update--812 10/10/2012 13:07:52.4654173
Update--836 10/10/2012 13:08:06.6672296
Update--837 10/10/2012 13:08:20.7170332
Update--838 10/10/2012 13:08:30.2985812
Update--559 10/10/2012 13:08:38.9120739
Update--107 10/10/2012 13:08:47.5345670
Update--110 10/10/2012 13:08:56.0960567
Update--111 10/10/2012 13:09:04.4085322
Update--116 10/10/2012 13:09:13.0330255
Update--113 10/10/2012 13:09:21.1914921
Update--114 10/10/2012 13:09:29.7069792
Update--507 10/10/2012 13:09:39.5365414
Update--569 10/10/2012 13:09:48.7890706
Update--621 10/10/2012 13:09:57.6125753
Update--384 10/10/2012 13:10:07.0661160
Update--861 10/10/2012 13:10:15.0275714
Update--933 10/10/2012 13:10:20.4088792
Update--889 10/10/2012 13:10:29.7224119
Update--772 10/10/2012 13:10:37.3108459
Update--773 10/10/2012 13:10:46.4203669
Update--883 10/10/2012 13:10:55.1128641
Update--956 10/10/2012 13:11:05.2404434
Update--841 10/10/2012 13:11:15.2380152
Update--820 10/10/2012 13:11:22.1324095
Update--385 10/10/2012 13:11:31.3339358
Update--386 10/10/2012 13:11:41.3185069
Update--388 10/10/2012 13:11:52.0041181
Update--389 10/10/2012 13:12:00.3325945
Update--390 10/10/2012 13:12:08.9740887
Update--331 10/10/2012 13:12:17.7405901
Update--383 10/10/2012 13:12:26.2390762
Update--629 10/10/2012 13:12:34.7185612
Update--626 10/10/2012 13:12:43.1200418
Update--538 10/10/2012 13:12:51.7715366
Update--220 10/10/2012 13:13:00.4270317
Update--271 10/10/2012 13:13:09.4895500
Update--332 10/10/2012 13:13:17.8330272
Update--324 10/10/2012 13:13:27.6285875
Update--330 10/10/2012 13:13:36.8371142
Update--860 10/10/2012 13:13:46.7376805
Update--911 10/10/2012 13:13:52.8350292
Update--771 10/10/2012 13:13:59.5814151
Update--760 10/10/2012 13:14:07.3288582
Update--791 10/10/2012 13:14:14.7612833
Update--723 10/10/2012 13:14:21.8696899
Update--739 10/10/2012 13:14:29.1731077
Update--661 10/10/2012 13:14:36.0905033
Update--602 10/10/2012 13:14:45.4760401
Update--286 10/10/2012 13:14:53.8815209
Update--301 10/10/2012 13:15:03.5850759
Update--303 10/10/2012 13:15:12.5535889
Update--306 10/10/2012 13:15:23.5072154
Update--308 10/10/2012 13:15:32.8207481
Update--316 10/10/2012 13:15:42.5533048
Update--136 10/10/2012 13:15:49.7887186
Update--302 10/10/2012 13:15:58.4602146
Update--540 10/10/2012 13:16:07.1487115
Update--515 10/10/2012 13:16:16.1792281
Update--329 10/10/2012 13:16:25.1807429
Update--333 10/10/2012 13:16:34.1652568
Update--334 10/10/2012 13:16:43.0697661
Update--326 10/10/2012 13:16:52.7423193
Update--327 10/10/2012 13:17:01.5248217
Update--792 10/10/2012 13:17:07.9371884
Update--893 10/10/2012 13:17:16.7426921
Update--805 10/10/2012 13:17:24.0561104
Update--802 10/10/2012 13:17:31.0345095
Update--701 10/10/2012 13:17:37.8909017
Update--319 10/10/2012 13:17:58.1980632
Update--320 10/10/2012 13:18:07.1655761
Update--321 10/10/2012 13:18:16.6341177
Update--322 10/10/2012 13:18:26.1966646
Update--426 10/10/2012 13:18:35.2461822
Update--307 10/10/2012 13:18:44.3687040
Update--315 10/10/2012 13:18:54.3062724
Update--311 10/10/2012 13:19:03.9318230
Update--312 10/10/2012 13:19:13.1663511
Update--313 10/10/2012 13:19:22.0728606
Update--314 10/10/2012 13:19:30.7443565
Update--310 10/10/2012 13:19:39.2338421
Update--317 10/10/2012 13:19:48.8593927
Update--148 10/10/2012 13:19:57.8229053
Update--323 10/10/2012 13:20:07.4024533
Update--517 10/10/2012 13:20:15.4809153
Update--590 10/10/2012 13:20:23.8543943
Update--709 10/10/2012 13:20:30.5777788
Update--671 10/10/2012 13:20:37.3251647
Update--890 10/10/2012 13:20:45.7006438
Update--891 10/10/2012 13:20:54.0421209
Update--959 10/10/2012 13:20:58.7413897
Update--894 10/10/2012 13:21:06.9328582
Update--624 10/10/2012 13:21:15.6213552
Update--541 10/10/2012 13:21:24.6518717
Update--527 10/10/2012 13:21:33.4343740
Update--328 10/10/2012 13:21:41.9988639
Update--127 10/10/2012 13:21:50.2623365
Update--309 10/10/2012 13:21:58.8248263
Update--298 10/10/2012 13:22:08.4493768
Update--299 10/10/2012 13:22:17.0278674
Update--300 10/10/2012 13:22:25.7153643
Update--293 10/10/2012 13:22:34.6128732
Update--267 10/10/2012 13:22:43.0293546
Update--273 10/10/2012 13:22:52.2318810
Update--274 10/10/2012 13:23:01.2943993
Update--275 10/10/2012 13:23:09.7638837
Update--262 10/10/2012 13:23:20.2494835
Update--259 10/10/2012 13:23:29.0289856
Update--102 10/10/2012 13:23:36.0313862
Update--543 10/10/2012 13:23:45.0459018
Update--522 10/10/2012 13:23:55.2644862
Update--897 10/10/2012 13:24:01.7158552
Update--745 10/10/2012 13:24:09.7023120
Update--766 10/10/2012 13:24:16.4997008
Update--676 10/10/2012 13:24:23.9981297
Update--828 10/10/2012 13:24:30.7905182
Update--563 10/10/2012 13:24:39.8770379
Update--263 10/10/2012 13:24:48.7965481
Update--261 10/10/2012 13:24:57.5140467
Update--255 10/10/2012 13:25:06.1715419
Update--256 10/10/2012 13:25:15.4680736
Update--257 10/10/2012 13:25:33.1880871
Update--258 10/10/2012 13:25:46.1268272
Update--266 10/10/2012 13:25:55.9363883
Update--269 10/10/2012 13:26:05.2339201
Update--272 10/10/2012 13:26:13.7194054
Update--265 10/10/2012 13:26:22.8439273
Update--294 10/10/2012 13:26:32.4534769
Update--277 10/10/2012 13:26:41.3929882
Update--278 10/10/2012 13:26:50.8755306
Update--279 10/10/2012 13:26:59.7350373
Update--296 10/10/2012 13:27:08.4855378
Update--514 10/10/2012 13:27:17.2980419
Update--775 10/10/2012 13:27:24.3734466
Update--783 10/10/2012 13:27:31.3438453
Update--779 10/10/2012 13:27:38.4852537
Update--786 10/10/2012 13:27:45.9166788
Update--787 10/10/2012 13:27:53.0070843
Update--693 10/10/2012 13:28:01.7975871
Update--827 10/10/2012 13:28:08.6599796
Update--557 10/10/2012 13:28:17.4404818
Update--253 10/10/2012 13:28:26.3299903
Update--249 10/10/2012 13:28:35.4125098
Update--241 10/10/2012 13:28:44.3770225
Update--242 10/10/2012 13:28:53.0025159
Update--243 10/10/2012 13:29:01.3619940
Update--244 10/10/2012 13:29:10.2835043
Update--245 10/10/2012 13:29:18.6589833
Update--268 10/10/2012 13:29:27.3154785
Update--276 10/10/2012 13:29:35.5679505
Update--295 10/10/2012 13:29:44.3474526
Update--044 10/10/2012 13:29:52.8939415
Update--523 10/10/2012 13:30:01.1764152
Update--509 10/10/2012 13:30:09.5498941
Update--510 10/10/2012 13:30:17.9253732
Update--842 10/10/2012 13:30:27.0668960
Update--662 10/10/2012 13:30:34.3403121
Update--788 10/10/2012 13:30:41.4447184
Update--729 10/10/2012 13:30:49.0331524
Update--001 10/10/2012 13:30:54.0524395
Update--207 10/10/2012 13:31:02.9589490
Update--208 10/10/2012 13:31:11.5974430
Update--209 10/10/2012 13:31:19.7229078
Update--210 10/10/2012 13:31:29.5044673
Update--215 10/10/2012 13:31:37.8979474
Update--216 10/10/2012 13:31:46.1294182
Update--217 10/10/2012 13:31:54.3178865
Update--218 10/10/2012 13:32:03.0203843
Update--650 10/10/2012 13:32:10.1897943
Update--651 10/10/2012 13:32:17.4252082
Update--674 10/10/2012 13:32:24.7796288
Update--675 10/10/2012 13:32:31.9050364
Update--796 10/10/2012 13:32:37.6063625
Update--797 10/10/2012 13:32:43.3146890
Update--874 10/10/2012 13:32:51.7401709
Update--996 10/10/2012 13:33:00.5836767
Update--193 10/10/2012 13:33:10.0842201
Update--194 10/10/2012 13:33:16.1775686
Update--195 10/10/2012 13:33:25.0850781
Update--196 10/10/2012 13:33:34.0835928
Update--197 10/10/2012 13:33:43.0391050
Update--198 10/10/2012 13:33:52.5696501
Update--199 10/10/2012 13:34:01.6631703
Update--191 10/10/2012 13:34:10.1476555
Update--201 10/10/2012 13:34:18.8191515
Update--202 10/10/2012 13:34:28.2566913
Update--203 10/10/2012 13:34:36.2761500
Update--204 10/10/2012 13:34:44.9276448
Update--205 10/10/2012 13:34:53.7031468
Update--219 10/10/2012 13:35:03.8697283
Update--222 10/10/2012 13:35:13.2352639
Update--223 10/10/2012 13:35:23.1068286
Update--224 10/10/2012 13:35:33.8204413
Update--225 10/10/2012 13:35:43.2359799
Update--226 10/10/2012 13:35:52.3745026
Update--227 10/10/2012 13:36:03.0601138
Update--228 10/10/2012 13:36:14.0687434
Update--229 10/10/2012 13:36:25.7714128
Update--230 10/10/2012 13:36:36.4730249
Update--634 10/10/2012 13:36:44.7514984
Update--698 10/10/2012 13:36:52.4629394
Update--753 10/10/2012 13:37:00.4173944
Update--754 10/10/2012 13:37:08.3838501
Update--755 10/10/2012 13:37:16.2723013
Update--645 10/10/2012 13:37:24.4277677
Update--872 10/10/2012 13:37:33.5092872
Update--949 10/10/2012 13:37:42.7798174
Update--993 10/10/2012 13:37:50.9482846
Update--212 10/10/2012 13:38:01.0628631
Update--221 10/10/2012 13:38:10.1353820
Update--206 10/10/2012 13:38:19.1208960
Update--214 10/10/2012 13:38:28.5884375
Update--007 10/10/2012 13:38:36.7479042
Update--012 10/10/2012 13:38:44.8853696
Update--013 10/10/2012 13:38:52.7148175
Update--014 10/10/2012 13:39:00.5262642
Update--382 10/10/2012 13:39:08.0586951
Update--899 10/10/2012 13:39:12.1029264
Update--844 10/10/2012 13:39:19.1373287
Update--851 10/10/2012 13:39:27.5738113
Update--862 10/10/2012 13:39:36.4823208
Update--909 10/10/2012 13:39:42.8166831
Update--892 10/10/2012 13:39:51.6051858
Update--939 10/10/2012 13:40:01.7307649
Update--568 10/10/2012 13:40:11.2313083
Update--005 10/10/2012 13:40:20.0908151
Update--006 10/10/2012 13:40:36.4217491
Update--008 10/10/2012 13:40:44.1531914
Update--009 10/10/2012 13:40:52.1716500
Update--010 10/10/2012 13:40:59.9190931
Update--011 10/10/2012 13:41:07.8565471
Update--015 10/10/2012 13:41:16.2340263
Update--016 10/10/2012 13:41:24.3414900
Update--369 10/10/2012 13:41:32.7469708
Update--946 10/10/2012 13:41:40.4384107
Update--853 10/10/2012 13:41:50.0279592
Update--806 10/10/2012 13:41:56.7623444
Update--678 10/10/2012 13:42:04.1147649
Update--764 10/10/2012 13:42:12.2212286
Update--595 10/10/2012 13:42:20.8737235
Update--539 10/10/2012 13:42:29.4832159
Update--149 10/10/2012 13:42:38.7347451
Update--151 10/10/2012 13:42:51.6094814
Update--152 10/10/2012 13:43:01.2490328
Update--147 10/10/2012 13:43:10.4835610
Update--157 10/10/2012 13:43:19.3730694
Update--145 10/10/2012 13:43:28.7016030
Update--159 10/10/2012 13:43:37.3620983
Update--160 10/10/2012 13:43:47.9677050
Update--161 10/10/2012 13:43:56.2501787
Update--146 10/10/2012 13:44:03.9996219
Update--144 10/10/2012 13:44:13.0941421
Update--153 10/10/2012 13:44:21.5616264
Update--154 10/10/2012 13:44:29.4380769
Update--529 10/10/2012 13:44:37.8305569
Update--530 10/10/2012 13:44:46.1420323
Update--588 10/10/2012 13:44:54.3685029
Update--584 10/10/2012 13:45:02.6579770
Update--744 10/10/2012 13:45:10.6924365
Update--657 10/10/2012 13:45:17.6678355
Update--716 10/10/2012 13:45:27.0573726
Update--808 10/10/2012 13:45:34.0067700
Update--798 10/10/2012 13:45:40.7681568
Update--813 10/10/2012 13:45:47.0235146
Update--758 10/10/2012 13:45:54.9159660
Update--155 10/10/2012 13:46:03.4694552
Update--156 10/10/2012 13:46:11.7039262
Update--158 10/10/2012 13:46:19.9693990
Update--305 10/10/2012 13:46:28.4078816
Update--176 10/10/2012 13:46:37.1153796
Update--177 10/10/2012 13:46:47.3769666
Update--178 10/10/2012 13:46:56.2204724
Update--180 10/10/2012 13:47:06.0640354
Update--163 10/10/2012 13:47:18.6737566
Update--597 10/10/2012 13:47:27.2372465
Update--609 10/10/2012 13:47:35.6557280
Update--738 10/10/2012 13:47:42.7101315
Update--809 10/10/2012 13:47:49.0724954
Update--801 10/10/2012 13:47:55.7948799
Update--870 10/10/2012 13:48:04.4243734
Update--751 10/10/2012 13:48:12.1588158
Update--636 10/10/2012 13:48:20.0972699
Update--181 10/10/2012 13:48:28.8937730
Update--182 10/10/2012 13:48:37.3802584
Update--183 10/10/2012 13:48:46.0667552
Update--184 10/10/2012 13:48:54.1592181
Update--185 10/10/2012 13:49:02.2536811
Update--186 10/10/2012 13:49:10.7221655
Update--188 10/10/2012 13:49:20.0036963
Update--189 10/10/2012 13:49:28.5351843
Update--190 10/10/2012 13:49:36.6806502
Update--179 10/10/2012 13:49:45.1131325
Update--173 10/10/2012 13:49:54.2226535
Update--174 10/10/2012 13:50:03.3791773
Update--614 10/10/2012 13:50:11.4896412
Update--601 10/10/2012 13:50:19.6771094
Update--580 10/10/2012 13:50:27.7855732
Update--705 10/10/2012 13:50:34.6739672
Update--823 10/10/2012 13:50:41.8003748
Update--901 10/10/2012 13:50:47.7257137
Update--994 10/10/2012 13:50:56.2392007
Update--987 10/10/2012 13:51:05.7617453
Update--707 10/10/2012 13:51:12.3381215
Update--685 10/10/2012 13:51:19.6885419
Update--686 10/10/2012 13:51:26.4189269
Update--669 10/10/2012 13:51:34.2563751
Update--736 10/10/2012 13:51:42.3868402
Update--737 10/10/2012 13:51:50.3652965
Update--603 10/10/2012 13:51:58.4907613
Update--504 10/10/2012 13:52:07.2412618
Update--374 10/10/2012 13:52:15.2717211
Update--171 10/10/2012 13:52:24.8172671
Update--318 10/10/2012 13:52:32.6307140
Update--164 10/10/2012 13:52:42.3362691
Update--165 10/10/2012 13:52:51.2567793
Update--166 10/10/2012 13:52:59.4282467
Update--167 10/10/2012 13:53:08.0537400
Update--168 10/10/2012 13:53:16.3822164
Update--169 10/10/2012 13:53:24.6786909
Update--170 10/10/2012 13:53:33.3661878
Update--337 10/10/2012 13:53:41.2906411
Update--505 10/10/2012 13:53:49.6951218
Update--635 10/10/2012 13:53:57.4755668
Update--706 10/10/2012 13:54:03.9349363
Update--999 10/10/2012 13:54:12.4924257
Update--647 10/10/2012 13:54:20.6828942
Update--743 10/10/2012 13:54:28.7593561
Update--824 10/10/2012 13:54:35.2997302
Update--607 10/10/2012 13:54:44.9182804
Update--544 10/10/2012 13:54:53.5247726
Update--556 10/10/2012 13:55:00.5241730
Update--232 10/10/2012 13:55:11.9628272
Update--236 10/10/2012 13:55:21.5713768
Update--237 10/10/2012 13:55:32.2589881
Update--234 10/10/2012 13:55:41.5145175
Update--525 10/10/2012 13:55:50.2130150
Update--534 10/10/2012 13:55:58.9465145
Update--596 10/10/2012 13:56:07.3539954
Update--873 10/10/2012 13:56:16.6965298
Update--762 10/10/2012 13:56:24.4889755
Update--998 10/10/2012 13:56:33.0884674
Update--655 10/10/2012 13:56:40.3968854
Update--700 10/10/2012 13:56:47.0282647
Update--799 10/10/2012 13:56:54.0616670
Update--594 10/10/2012 13:57:02.5891547
Update--598 10/10/2012 13:57:11.2456498
Update--503 10/10/2012 13:57:19.9161457
Update--235 10/10/2012 13:57:29.9787213
Update--231 10/10/2012 13:57:40.0162954
Update--238 10/10/2012 13:57:49.7608528
Update--239 10/10/2012 13:57:58.0893291
Update--192 10/10/2012 13:58:07.0728430
Update--617 10/10/2012 13:58:15.3863185
Update--825 10/10/2012 13:58:21.5756725
Update--704 10/10/2012 13:58:28.7190810
Update--648 10/10/2012 13:58:36.9005490
Update--646 10/10/2012 13:58:45.1700220
Update--767 10/10/2012 13:58:54.2685424
Update--859 10/10/2012 13:59:02.2079965
Update--955 10/10/2012 13:59:11.7155403
Update--375 10/10/2012 13:59:21.5901051
Update--376 10/10/2012 13:59:32.7307423
Update--377 10/10/2012 13:59:42.2322858
Update--378 10/10/2012 13:59:51.9188398
Update--381 10/10/2012 14:00:00.8093483
Update--372 10/10/2012 14:00:09.1378247
Update--422 10/10/2012 14:00:19.5284190
Update--200 10/10/2012 14:00:28.2789195
Update--175 10/10/2012 14:00:37.7664621
Update--404 10/10/2012 14:00:46.4039562
Update--444 10/10/2012 14:00:56.4975335
Update--397 10/10/2012 14:01:06.1240841
Update--398 10/10/2012 14:01:14.7325765
Update--399 10/10/2012 14:01:23.8420975
Update--400 10/10/2012 14:01:32.8426123
Update--401 10/10/2012 14:01:41.8611281
Update--625 10/10/2012 14:01:50.0615972
Update--600 10/10/2012 14:01:58.6400878
Update--863 10/10/2012 14:02:08.2076351
Update--742 10/10/2012 14:02:15.7460662
Update--667 10/10/2012 14:02:23.5065101
Update--740 10/10/2012 14:02:31.6179741
Update--903 10/10/2012 14:02:37.9703374
Update--958 10/10/2012 14:02:43.0256266
Update--572 10/10/2012 14:02:52.6241756
Update--560 10/10/2012 14:03:01.5306850
Update--561 10/10/2012 14:03:10.6562069
Update--402 10/10/2012 14:03:19.4997127
Update--403 10/10/2012 14:03:27.8591909
Update--391 10/10/2012 14:03:38.0977765
Update--392 10/10/2012 14:03:47.8903366
Update--393 10/10/2012 14:03:56.4848282
Update--394 10/10/2012 14:04:06.2503867
Update--187 10/10/2012 14:04:15.2198998
Update--213 10/10/2012 14:04:25.5314896
Update--379 10/10/2012 14:04:34.5320044
Update--380 10/10/2012 14:04:43.3155067
Update--605 10/10/2012 14:04:51.5789794
Update--914 10/10/2012 14:04:56.2892488
Update--849 10/10/2012 14:05:03.9706881
Update--803 10/10/2012 14:05:11.3831121
Update--641 10/10/2012 14:05:20.0146058
Update--703 10/10/2012 14:05:26.9029998
Update--652 10/10/2012 14:05:34.3574262
Update--653 10/10/2012 14:05:41.6338424
Update--781 10/10/2012 14:05:48.7382487
Update--833 10/10/2012 14:05:57.9747770
Update--623 10/10/2012 14:06:05.0181799
Update--632 10/10/2012 14:06:13.2846527
Update--579 10/10/2012 14:06:22.0021513
Update--562 10/10/2012 14:06:30.3766303
Update--547 10/10/2012 14:06:39.2841398
Update--003 10/10/2012 14:06:47.4556071
Update--004 10/10/2012 14:06:56.1141024
Update--533 10/10/2012 14:07:04.7675973
Update--519 10/10/2012 14:07:14.0181264
Update--574 10/10/2012 14:07:26.3618325
Update--373 10/10/2012 14:07:32.3721762
Update--346 10/10/2012 14:07:44.0388435
Update--347 10/10/2012 14:07:54.1594224
Update--349 10/10/2012 14:08:03.1129345
Update--350 10/10/2012 14:08:12.8314904
Update--351 10/10/2012 14:08:21.5509891
Update--352 10/10/2012 14:08:31.0675334
Update--353 10/10/2012 14:08:41.1491100
Update--896 10/10/2012 14:08:48.1535107
Update--880 10/10/2012 14:08:56.0829642
Update--881 10/10/2012 14:09:04.3164351
Update--790 10/10/2012 14:09:11.4378425
Update--342 10/10/2012 14:09:21.2384030
Update--338 10/10/2012 14:09:29.8488955
Update--339 10/10/2012 14:09:38.6173970
Update--627 10/10/2012 14:09:47.1458848
Update--604 10/10/2012 14:09:55.5833674
Update--528 10/10/2012 14:10:03.8028376
Update--550 10/10/2012 14:10:12.0943118
Update--355 10/10/2012 14:10:22.2558930
Update--356 10/10/2012 14:10:31.6304292
Update--359 10/10/2012 14:10:40.9909646
Update--360 10/10/2012 14:10:49.3654436
Update--361 10/10/2012 14:10:58.0689414
Update--362 10/10/2012 14:11:09.1305741
Update--365 10/10/2012 14:11:18.3180996
Update--785 10/10/2012 14:11:26.1555479
Update--795 10/10/2012 14:11:33.7659832
Update--687 10/10/2012 14:11:41.3744183
Update--688 10/10/2012 14:11:48.9098493
Update--689 10/10/2012 14:11:55.7012378
Update--811 10/10/2012 14:12:03.1606644
Update--344 10/10/2012 14:12:11.8821633
Update--340 10/10/2012 14:12:23.4288237
Update--341 10/10/2012 14:12:32.9133662
Update--335 10/10/2012 14:12:41.9768846
Update--336 10/10/2012 14:12:50.5543752
Update--558 10/10/2012 14:12:59.2578730
Update--640 10/10/2012 14:13:08.1413811
Update--172 10/10/2012 14:13:17.3829097
Update--354 10/10/2012 14:13:25.9934022
Update--343 10/10/2012 14:13:34.9299133
Update--348 10/10/2012 14:13:43.8864256
Update--364 10/10/2012 14:13:52.6649277
Update--879 10/10/2012 14:14:01.8214515
Update--654 10/10/2012 14:14:09.0058624
Update--765 10/10/2012 14:14:17.5403505
Update--658 10/10/2012 14:14:25.3957998
Update--902 10/10/2012 14:14:30.4910913
Update--957 10/10/2012 14:14:39.1815883
Update--814 10/10/2012 14:14:46.3579988
Update--815 10/10/2012 14:14:52.5893552
Update--586 10/10/2012 14:15:01.8058824
Update--589 10/10/2012 14:15:09.6803328
Update--521 10/10/2012 14:15:19.5228957
Update--489 10/10/2012 14:15:30.4785223
Update--490 10/10/2012 14:15:39.9350632
Update--491 10/10/2012 14:16:02.7603688
Update--487 10/10/2012 14:16:11.2128522
Update--501 10/10/2012 14:16:19.7453402
Update--502 10/10/2012 14:16:28.4008353
Update--500 10/10/2012 14:16:36.8423181
Update--488 10/10/2012 14:16:48.0443714
Update--494 10/10/2012 14:16:57.0611872
Update--495 10/10/2012 14:17:06.3120035
Update--496 10/10/2012 14:17:15.5784198
Update--506 10/10/2012 14:17:24.1272348
Update--554 10/10/2012 14:17:33.1128506
Update--587 10/10/2012 14:17:41.6772656
Update--615 10/10/2012 14:17:50.7096815
Update--463 10/10/2012 14:17:59.6484972
Update--822 10/10/2012 14:18:07.1209103
Update--942 10/10/2012 14:18:15.1393244
Update--776 10/10/2012 14:18:23.9533399
Update--735 10/10/2012 14:18:32.0185540
Update--940 10/10/2012 14:18:40.2553685
Update--910 10/10/2012 14:18:45.2941773
Update--830 10/10/2012 14:18:52.3453897
Update--831 10/10/2012 14:18:59.1470017
Update--992 10/10/2012 14:19:11.6894237
Update--599 10/10/2012 14:19:19.5050374
Update--531 10/10/2012 14:19:29.0522542
Update--542 10/10/2012 14:19:37.6790693
Update--493 10/10/2012 14:19:47.9126873
Update--498 10/10/2012 14:19:57.1167035
Update--499 10/10/2012 14:20:05.1975177
Update--497 10/10/2012 14:20:13.3095319
Update--546 10/10/2012 14:20:21.7335467
Update--469 10/10/2012 14:20:32.0763649
Update--470 10/10/2012 14:20:40.6875800
Update--472 10/10/2012 14:20:53.9944034
Update--473 10/10/2012 14:21:02.8240189
Update--474 10/10/2012 14:21:11.3416339
Update--465 10/10/2012 14:21:20.1556493
Update--826 10/10/2012 14:21:26.7700610
Update--819 10/10/2012 14:21:33.6028730
Update--882 10/10/2012 14:21:42.0580878
Update--913 10/10/2012 14:21:47.7052977
Update--665 10/10/2012 14:21:56.1137125
Update--684 10/10/2012 14:22:03.0401247
Update--692 10/10/2012 14:22:10.7153381
Update--759 10/10/2012 14:22:19.2953532
Update--906 10/10/2012 14:22:25.2233636
Update--840 10/10/2012 14:22:34.5521800
Update--480 10/10/2012 14:22:43.6781960
Update--481 10/10/2012 14:22:52.2114110
Update--483 10/10/2012 14:23:01.9458281
Update--484 10/10/2012 14:23:10.5258432
Update--485 10/10/2012 14:23:19.5894591
Update--486 10/10/2012 14:23:28.3878746
Update--476 10/10/2012 14:23:36.7806893
Update--368 10/10/2012 14:23:45.2359042
Update--370 10/10/2012 14:23:54.5179205
Update--371 10/10/2012 14:24:04.5487381
Update--366 10/10/2012 14:24:12.9727529
Update--363 10/10/2012 14:24:21.4123677
Update--552 10/10/2012 14:24:29.9299827
Update--905 10/10/2012 14:24:36.1855936
Update--948 10/10/2012 14:24:45.5924102
Update--985 10/10/2012 14:25:00.4389350
Update--782 10/10/2012 14:25:06.9712524
Update--694 10/10/2012 14:25:13.6636642
Update--649 10/10/2012 14:25:21.9940788
Update--995 10/10/2012 14:25:29.1856914
Update--695 10/10/2012 14:25:39.5753097
Update--746 10/10/2012 14:25:47.9681244
Update--733 10/10/2012 14:25:56.7665399
Update--986 10/10/2012 14:26:06.3761568
Update--904 10/10/2012 14:26:12.1793670
Update--877 10/10/2012 14:26:21.4925833
Update--818 10/10/2012 14:26:28.5593957
Update--551 10/10/2012 14:26:36.8430103
Update--581 10/10/2012 14:26:46.5462273
Update--367 10/10/2012 14:26:55.4850430
Update--477 10/10/2012 14:27:06.0306615
Update--478 10/10/2012 14:27:14.3766762
Update--475 10/10/2012 14:27:22.8162910
Update--482 10/10/2012 14:27:31.2403058
Update--850 10/10/2012 14:27:38.8375192
Update--907 10/10/2012 14:27:44.2507287
Update--983 10/10/2012 14:27:58.3375534
Update--984 10/10/2012 14:28:12.3151780
Update--732 10/10/2012 14:28:20.9076688
Update--763 10/10/2012 14:28:28.8491230
Update--789 10/10/2012 14:28:35.5565066
Update--691 10/10/2012 14:28:43.4079557
Update--960 10/10/2012 14:28:48.5022471
Update--895 10/10/2012 14:28:54.8926126
Update--991 10/10/2012 14:29:03.9292406
Update--445 10/10/2012 14:29:14.9428599
Update--447 10/10/2012 14:29:24.3964765
Update--448 10/10/2012 14:29:33.1324919
Update--449 10/10/2012 14:29:42.1025076
Update--438 10/10/2012 14:29:50.5889226
Update--570 10/10/2012 14:29:58.3733362
Update--565 10/10/2012 14:30:07.5617524
Update--622 10/10/2012 14:30:16.0481673
Update--553 10/10/2012 14:30:24.6593824
Update--545 10/10/2012 14:30:32.9897970
Update--443 10/10/2012 14:30:41.4918120
Update--630 10/10/2012 14:30:50.1342271
Update--612 10/10/2012 14:30:58.4334417
Update--606 10/10/2012 14:31:06.9994572
Update--564 10/10/2012 14:31:16.2266743
Update--451 10/10/2012 14:31:24.2918884
Update--452 10/10/2012 14:31:33.7299050
Update--464 10/10/2012 14:31:43.9947230
Update--455 10/10/2012 14:31:52.1223373
Update--457 10/10/2012 14:32:01.1079531
Update--459 10/10/2012 14:32:10.9203703
Update--460 10/10/2012 14:32:19.9059861
Update--461 10/10/2012 14:32:28.0492004
Update--462 10/10/2012 14:32:38.1892182
Update--884 10/10/2012 14:32:46.4416327
Update--885 10/10/2012 14:32:54.3508466
Update--886 10/10/2012 14:33:02.7124613
Update--887 10/10/2012 14:33:10.9960758
Update--888 10/10/2012 14:33:18.8740897
Update--683 10/10/2012 14:33:25.6601016
Update--663 10/10/2012 14:33:31.7909124
Update--458 10/10/2012 14:33:39.9497267
Update--453 10/10/2012 14:33:49.7309439
Update--454 10/10/2012 14:33:57.8897582
Update--479 10/10/2012 14:34:06.3293730
Update--610 10/10/2012 14:34:14.3945872
Update--611 10/10/2012 14:34:22.4286013
Update--524 10/10/2012 14:34:30.8994162
Update--548 10/10/2012 14:34:39.9786321
Update--233 10/10/2012 14:34:48.1374465
Update--536 10/10/2012 14:34:56.8578618
Update--608 10/10/2012 14:35:05.3910768
Update--466 10/10/2012 14:35:15.3750943
Update--467 10/10/2012 14:35:23.9239093
Update--450 10/10/2012 14:35:32.3947242
Update--442 10/10/2012 14:35:41.1619396
Update--664 10/10/2012 14:35:48.0415517
Update--982 10/10/2012 14:36:01.9099760
Update--854 10/10/2012 14:36:10.7395915
Update Area--<none> 10/10/2012 14:36:13.7035968
Update Area--BOHOL-REGION-AREA1 10/10/2012 14:36:15.3727997
Update Area--BOHOL-REGION-AREA2 10/10/2012 14:36:17.0732027
Update Area--BOHOL-REGION-AREA3 10/10/2012 14:36:18.7424056
Update Area--CAAR-REGION-AREA1 10/10/2012 14:36:20.4272086
Update Area--CAAR-REGION-AREA2 10/10/2012 14:36:22.1120115
Update Area--CAAR-REGION-AREA3 10/10/2012 14:36:23.7968145
Update Area--CAAR-REGION-AREA4 10/10/2012 14:36:25.4660174
Update Area--CAAR-REGION-AREA5 10/10/2012 14:36:27.1664204
Update Area--CAGAYAN-REGION-AREA4 10/10/2012 14:36:28.8200233
Update Area--CARAGA-REGION-AREA1 10/10/2012 14:36:30.4892262
Update Area--CARAGA-REGION-AREA2 10/10/2012 14:36:32.2052292
Update Area--CARAGA-REGION-AREA3 10/10/2012 14:36:33.8588322
Update Area--CARAGA-REGION-AREA4 10/10/2012 14:36:35.5280351
Update Area--Cebu Central A 10/10/2012 14:36:37.1972380
Update Area--Cebu Central B 10/10/2012 14:36:38.8820410
Update Area--Cebu Central C 10/10/2012 14:36:40.5512439
Update Area--Cebu Central D 10/10/2012 14:36:42.2360469
Update Area--Cebu North A 10/10/2012 14:36:43.8896498
Update Area--Cebu North B 10/10/2012 14:36:45.5744527
Update Area--Cebu North C 10/10/2012 14:36:47.2280556
Update Area--Cebu North D 10/10/2012 14:36:48.9128586
Update Area--Cebu South A 10/10/2012 14:36:50.5820615
Update Area--Cebu South B 10/10/2012 14:36:52.2512645
Update Area--Cebu South C 10/10/2012 14:36:53.9360674
Update Area--CEBU SOUTH D 10/10/2012 14:36:55.5896703
Update Area--CEBU SOUTH E 10/10/2012 14:36:57.2744733
Update Area--COMADAVSUR-REGION-AREA1 10/10/2012 14:36:58.9436762
Update Area--COMADAVSUR-REGION-AREA2 10/10/2012 14:37:00.6128791
Update Area--COMADAVSUR-REGION-AREA3 10/10/2012 14:37:02.2664820
Update Area--DAVAO/COMVAL-REGION-AREA1 10/10/2012 14:37:03.9512850
Update Area--DAVAO/COMVAL-REGION-AREA2 10/10/2012 14:37:05.6048879
Update Area--DAVAO/COMVAL-REGION-AREA3 10/10/2012 14:37:07.2896909
Update Area--DAVAO/COMVAL-REGION-AREA4 10/10/2012 14:37:08.9744938
Update Area--DAVAO/COMVAL-REGION-AREA5 10/10/2012 14:37:10.6592968
Update Area--GUIMARAS-ILOILO-REGION-AREA1 10/10/2012 14:37:12.3596998
Update Area--GUIMARAS-ILOILO-REGION-AREA2 10/10/2012 14:37:14.0601028
Update Area--GUIMARAS-ILOILO-REGION-AREA3 10/10/2012 14:37:15.7449057
Update Area--GUIMARAS-ILOILO-REGION-AREA4 10/10/2012 14:37:17.3985086
Update Area--GUIMARAS-ILOILO-REGION-AREA5 10/10/2012 14:37:19.0833116
Update Area--HO 10/10/2012 14:37:20.7681145
Update Area--LEYTE-REGION-AREA1 10/10/2012 14:37:22.4217174
Update Area--LEYTE-REGION-AREA2 10/10/2012 14:37:24.1065204
Update Area--LEYTE-REGION-AREA3 10/10/2012 14:37:25.7913234
Update Area--LEYTE-REGION-AREA4 10/10/2012 14:37:27.4761263
Update Area--LUZON-SHOWROOMS 10/10/2012 14:37:29.1453293
Update Area--MINDANAO-SHOWROOMS 10/10/2012 14:37:30.8457322
Update Area--NCR-SHOWROOMS 10/10/2012 14:37:32.5305352
Update Area--NEG.OR-SIQUIJOR-REGION-AREA1 10/10/2012 14:37:34.1997381
Update Area--NEG.OR-SIQUIJOR-REGION-AREA2 10/10/2012 14:37:35.8689411
Update Area--NEG.OR-SIQUIJOR-REGION-AREA3 10/10/2012 14:37:37.5537440
Update Area--NEGROS-OCC-REGION-AREA1 10/10/2012 14:37:39.2385470
Update Area--NEGROS-OCC-REGION-AREA2 10/10/2012 14:37:40.9077499
Update Area--NEGROS-OCC-REGION-AREA3 10/10/2012 14:37:42.5613528
Update Area--NEGROS-OCC-REGION-AREA4 10/10/2012 14:37:44.2305558
Update Area--NEGROS-OCC-REGION-AREA5 10/10/2012 14:37:45.8997587
Update Area--SAMAR-REGION-AREA1 10/10/2012 14:37:47.5689616
Update Area--SAMAR-REGION-AREA2 10/10/2012 14:37:49.2537646
Update Area--SAMAR-REGION-AREA3 10/10/2012 14:37:50.9541676
Update Area--SAMAR-REGION-AREA4 10/10/2012 14:37:52.6389705
Update Area--SOCSKSARGEN-MINDANAO-AREA1 10/10/2012 14:37:54.3081735
Update Area--SOCSKSARGEN-MINDANAO-AREA2 10/10/2012 14:37:55.9773764
Update Area--SOCSKSARGEN-MINDANAO-AREA3 10/10/2012 14:37:57.6465793
Update Area--SOCSKSARGEN-MINDANAO-AREA4 10/10/2012 14:37:59.3157823
Update Area--VISAYAS-SHOWROOMS 10/10/2012 14:38:00.9849852
Update Area--YANGAN CAMBUNAO-REGION-AREA1 10/10/2012 14:38:02.6385881
Update Area--YANGAN CAMBUNAO-REGION-AREA2 10/10/2012 14:38:04.3233910
Update Area--YANGAN CAMBUNAO-REGION-AREA3 10/10/2012 14:38:06.0081940
Update Area--YANGAN CAMBUNAO-REGION-AREA4 10/10/2012 14:38:07.6617969
Update Area--YANGAN CAMBUNAO-REGION-AREA5 10/10/2012 14:38:09.3465999
Update Area--ZAMBASTA-MINDANAO-AREA1 10/10/2012 14:38:11.0158028
Update Area--ZAMBASTA-MINDANAO-AREA2 10/10/2012 14:38:12.7006058
Update Area--ZAMBASTA-MINDANAO-AREA3 10/10/2012 14:38:14.3698087
Update Area--ZAMISLAN-REGION-AREA1 10/10/2012 14:38:16.0390116
Update Area--ZAMISLAN-REGION-AREA2 10/10/2012 14:38:17.7082146
Update Area--ZAMISLAN-REGION-AREA3 10/10/2012 14:38:19.3930175
Update Area--ZAMISLAN-REGION-AREA4 10/10/2012 14:38:21.0934205
Update Area--ZAMISLAN-REGION-AREA5 10/10/2012 14:38:22.7626234
Update Area--ZAMSIBUGAY-REGION-AREA1 10/10/2012 14:38:24.4474264
Update Area--ZAMSIBUGAY-REGION-AREA2 10/10/2012 14:38:26.1322294
Update Area--ZAMSIBUGAY-REGION-AREA3 10/10/2012 14:38:27.8170323
Update Area--ZAMSIBUGAY-REGION-AREA4 10/10/2012 14:38:29.5018353
Update region--BOHOL-REGION 10/10/2012 14:38:30.2038365
Update region--CAAR-REGION 10/10/2012 14:38:30.5158371
Update region--CAGAYAN-REGION 10/10/2012 14:38:30.8122376
Update region--CARAGA-REGION 10/10/2012 14:38:31.1398381
Update region--Cebu Central 10/10/2012 14:38:31.4362387
Update region--Cebu North 10/10/2012 14:38:31.7638392
Update region--Cebu South 10/10/2012 14:38:32.0602398
Update region--COMADAVSUR-REGION 10/10/2012 14:38:32.3722403
Update region--DAVAO/COMVAL-MINDANAO-REGION 10/10/2012 14:38:32.6842409
Update region--GUIMARAS-ILOILO-REGION 10/10/2012 14:38:32.9806414
Update region--HO 10/10/2012 14:38:33.2926419
Update region--LA-SHOWROOMS 10/10/2012 14:38:33.5734424
Update region--LEYTE-REGION 10/10/2012 14:38:33.9322431
Update region--LUZON/NCR-SHOWROOMS 10/10/2012 14:38:34.2442436
Update region--NEG.OR-SIQUIJOR-REGION 10/10/2012 14:38:34.5250441
Update region--NEGROS-OCC-REGION 10/10/2012 14:38:34.8526447
Update region--SAMAR-REGION 10/10/2012 14:38:35.1490452
Update region--SOCSKSARGEN-MINDANAO-REGION 10/10/2012 14:38:35.4766458
Update region--VISMIN-SHOWROOMS 10/10/2012 14:38:35.7886463
Update region--YANGAN CAMBUNAO-REGION 10/10/2012 14:38:36.0694468
Update region--ZAMBASTA-MINDANAO-REGION 10/10/2012 14:38:36.4594475
Update region--ZAMISLAN-MINDANAO-REGION 10/10/2012 14:38:36.8182481
Update region--ZAMSIBUGAY-REGION 10/10/2012 14:38:37.1146486
Update Vismin Wide--  10/10/2012 15:41:29.7189497
