Update--941 10/9/2012 00:02:13.9941950
Update--950 10/9/2012 00:02:32.3554272
Update--952 10/9/2012 00:02:41.2786429
Update--871 10/9/2012 00:02:49.4218572
Insert Area--ZAMSIBUGAY-REGION-AREA4 10/9/2012 00:00:02.9211671
Insert region--ZAMSIBUGAY-REGION 10/9/2012 00:00:03.6802105
Update Vismin Wide--  10/9/2012 00:00:03.9342250
Insert Area--<none> 10/9/2012 00:00:02.4481400
Insert Area--BOHOL-REGION-AREA1 10/9/2012 00:00:04.3672497
Insert Area--BOHOL-REGION-AREA2 10/9/2012 00:00:13.2517579
Insert Area--BOHOL-REGION-AREA3 10/9/2012 00:00:15.1448662
Insert Area--CAAR-REGION-AREA1 10/9/2012 00:00:17.0469750
Insert Area--CAAR-REGION-AREA2 10/9/2012 00:00:18.9420834
Insert Area--CAAR-REGION-AREA3 10/9/2012 00:00:20.8281913
Insert Area--CAAR-REGION-AREA4 10/9/2012 00:00:22.7172993
Insert Area--CAAR-REGION-AREA5 10/9/2012 00:00:24.6064074
Insert Area--CAGAYAN-REGION-AREA4 10/9/2012 00:00:26.4825147
Insert Area--CARAGA-REGION-AREA1 10/9/2012 00:00:28.3596220
Insert Area--CARAGA-REGION-AREA2 10/9/2012 00:00:30.2527303
Insert Area--CARAGA-REGION-AREA3 10/9/2012 00:00:32.1318378
Insert Area--CARAGA-REGION-AREA4 10/9/2012 00:00:34.0429471
Insert Area--Cebu Central A 10/9/2012 00:00:35.9350553
Insert Area--Cebu Central B 10/9/2012 00:00:37.8221633
Insert Area--Cebu Central C 10/9/2012 00:00:39.7102712
Insert Area--Cebu Central D 10/9/2012 00:00:41.6613828
Insert Area--Cebu North A 10/9/2012 00:00:43.5444906
Insert Area--Cebu North B 10/9/2012 00:00:45.4405990
Insert Area--Cebu North C 10/9/2012 00:00:47.3737096
Insert Area--Cebu North D 10/9/2012 00:00:49.3158207
Insert Area--Cebu South A 10/9/2012 00:00:51.2179294
Insert Area--Cebu South B 10/9/2012 00:00:53.1260386
Insert Area--Cebu South C 10/9/2012 00:00:55.0481485
Insert Area--CEBU SOUTH D 10/9/2012 00:00:57.0012602
Insert Area--CEBU SOUTH E 10/9/2012 00:00:58.8983687
Insert Area--COMADAVSUR-REGION-AREA1 10/9/2012 00:01:00.7764762
Insert Area--COMADAVSUR-REGION-AREA2 10/9/2012 00:01:02.6705845
Insert Area--COMADAVSUR-REGION-AREA3 10/9/2012 00:01:04.5536922
Insert Area--DAVAO/COMVAL-REGION-AREA1 10/9/2012 00:01:06.4327997
Insert Area--DAVAO/COMVAL-REGION-AREA2 10/9/2012 00:01:08.3239079
Insert Area--DAVAO/COMVAL-REGION-AREA3 10/9/2012 00:01:10.2060155
Insert Area--DAVAO/COMVAL-REGION-AREA4 10/9/2012 00:01:12.0911233
Insert Area--DAVAO/COMVAL-REGION-AREA5 10/9/2012 00:01:14.0082330
Insert Area--GUIMARAS-ILOILO-REGION-AREA1 10/9/2012 00:01:15.9183422
Insert Area--GUIMARAS-ILOILO-REGION-AREA2 10/9/2012 00:01:17.7974497
Insert Area--GUIMARAS-ILOILO-REGION-AREA3 10/9/2012 00:01:19.6805574
Insert Area--GUIMARAS-ILOILO-REGION-AREA4 10/9/2012 00:01:21.5666653
Insert Area--GUIMARAS-ILOILO-REGION-AREA5 10/9/2012 00:01:23.4567734
Insert Area--HO 10/9/2012 00:01:25.3328807
Insert Area--LEYTE-REGION-AREA1 10/9/2012 00:01:27.2099881
Insert Area--LEYTE-REGION-AREA2 10/9/2012 00:01:29.0870954
Insert Area--LEYTE-REGION-AREA3 10/9/2012 00:01:30.9762035
Insert Area--LEYTE-REGION-AREA4 10/9/2012 00:01:32.8513107
Insert Area--LUZON-SHOWROOMS 10/9/2012 00:01:34.7464191
Insert Area--MINDANAO-SHOWROOMS 10/9/2012 00:01:36.6305269
Insert Area--NCR-SHOWROOMS 10/9/2012 00:01:38.5126346
Insert Area--NEG.OR-SIQUIJOR-REGION-AREA1 10/9/2012 00:01:40.3907420
Insert Area--NEG.OR-SIQUIJOR-REGION-AREA2 10/9/2012 00:01:42.2698495
Insert Area--NEG.OR-SIQUIJOR-REGION-AREA3 10/9/2012 00:01:44.1579574
Insert Area--NEGROS-OCC-REGION-AREA1 10/9/2012 00:01:46.8211098
Insert Area--NEGROS-OCC-REGION-AREA2 10/9/2012 00:01:48.7172182
Insert Area--NEGROS-OCC-REGION-AREA3 10/9/2012 00:01:51.3563692
Insert Area--NEGROS-OCC-REGION-AREA4 10/9/2012 00:01:57.1687016
Insert Area--NEGROS-OCC-REGION-AREA5 10/9/2012 00:01:59.1018122
Insert Area--SAMAR-REGION-AREA1 10/9/2012 00:02:00.9909202
Insert Area--SAMAR-REGION-AREA2 10/9/2012 00:02:03.0540382
Insert Area--SAMAR-REGION-AREA3 10/9/2012 00:02:05.0071500
Insert Area--SAMAR-REGION-AREA4 10/9/2012 00:02:07.0002640
Insert Area--SOCSKSARGEN-MINDANAO-AREA1 10/9/2012 00:02:12.2725655
Insert Area--SOCSKSARGEN-MINDANAO-AREA2 10/9/2012 00:02:14.1626736
Insert Area--SOCSKSARGEN-MINDANAO-AREA3 10/9/2012 00:02:16.0927840
Insert Area--SOCSKSARGEN-MINDANAO-AREA4 10/9/2012 00:02:18.0618966
Insert Area--VISAYAS-SHOWROOMS 10/9/2012 00:02:20.0280091
Insert Area--YANGAN CAMBUNAO-REGION-AREA1 10/9/2012 00:02:22.0051222
Insert Area--YANGAN CAMBUNAO-REGION-AREA2 10/9/2012 00:02:23.9282322
Insert Area--YANGAN CAMBUNAO-REGION-AREA3 10/9/2012 00:02:25.8553424
Insert Area--YANGAN CAMBUNAO-REGION-AREA4 10/9/2012 00:02:27.7674518
Insert Area--YANGAN CAMBUNAO-REGION-AREA5 10/9/2012 00:02:29.7125630
Insert Area--ZAMBASTA-MINDANAO-AREA1 10/9/2012 00:02:31.7276783
Insert Area--ZAMBASTA-MINDANAO-AREA2 10/9/2012 00:02:33.6317872
Insert Area--ZAMBASTA-MINDANAO-AREA3 10/9/2012 00:02:35.5208952
Insert Area--ZAMISLAN-REGION-AREA1 10/9/2012 00:02:37.4030029
Insert Area--ZAMISLAN-REGION-AREA2 10/9/2012 00:02:39.3231127
Insert Area--ZAMISLAN-REGION-AREA3 10/9/2012 00:02:41.2322219
Insert Area--ZAMISLAN-REGION-AREA4 10/9/2012 00:02:43.1423312
Insert Area--ZAMISLAN-REGION-AREA5 10/9/2012 00:02:45.0304392
Insert Area--ZAMSIBUGAY-REGION-AREA1 10/9/2012 00:02:46.8995461
Insert Area--ZAMSIBUGAY-REGION-AREA2 10/9/2012 00:02:48.7816537
Insert Area--ZAMSIBUGAY-REGION-AREA3 10/9/2012 00:02:50.6797623
Insert Area--ZAMSIBUGAY-REGION-AREA4 10/9/2012 00:02:52.5778708
Insert region--BOHOL-REGION 10/9/2012 00:02:53.3639158
Insert region--CAAR-REGION 10/9/2012 00:02:54.1309597
Insert region--CAGAYAN-REGION 10/9/2012 00:02:54.8950034
Insert region--CARAGA-REGION 10/9/2012 00:02:55.6620472
Insert region--Cebu Central 10/9/2012 00:02:56.4320913
Insert region--Cebu North 10/9/2012 00:02:57.1951349
Insert region--Cebu South 10/9/2012 00:02:57.9591786
Insert region--COMADAVSUR-REGION 10/9/2012 00:02:58.7812257
Insert region--DAVAO/COMVAL-MINDANAO-REGION 10/9/2012 00:02:59.6112731
Insert region--GUIMARAS-ILOILO-REGION 10/9/2012 00:03:00.3703165
Insert region--HO 10/9/2012 00:03:01.1893634
Insert region--LA-SHOWROOMS 10/9/2012 00:03:01.9934094
Insert region--LEYTE-REGION 10/9/2012 00:03:02.7764542
Insert region--LUZON/NCR-SHOWROOMS 10/9/2012 00:03:03.5554987
Insert region--NEG.OR-SIQUIJOR-REGION 10/9/2012 00:03:04.3195424
Insert region--NEGROS-OCC-REGION 10/9/2012 00:03:05.0745856
Insert region--SAMAR-REGION 10/9/2012 00:03:05.8476298
Insert region--SOCSKSARGEN-MINDANAO-REGION 10/9/2012 00:03:06.6116735
Insert region--VISMIN-SHOWROOMS 10/9/2012 00:03:07.3837177
Insert region--YANGAN CAMBUNAO-REGION 10/9/2012 00:03:08.1497615
Insert region--ZAMBASTA-MINDANAO-REGION 10/9/2012 00:03:08.9878094
Insert region--ZAMISLAN-MINDANAO-REGION 10/9/2012 00:03:09.7768546
Insert region--ZAMSIBUGAY-REGION 10/9/2012 00:03:10.5508988
Insert Vismin Wide--  10/9/2012 00:03:10.8519161
Insert Area--<none> 10/9/2012 00:00:02.8241615
Insert Area--BOHOL-REGION-AREA1 10/9/2012 00:00:04.8812791
