Update--941 10/10/2012 00:01:03.2856197
Update--950 10/10/2012 00:00:06.0883482
Update--952 10/10/2012 00:00:21.5012298
Update--871 10/10/2012 00:00:43.3304784
Update--804 10/10/2012 00:01:02.6465832
Update--681 10/10/2012 00:01:22.8317377
Update--708 10/10/2012 00:01:43.5059202
Update--717 10/10/2012 00:02:03.8290826
Update--769 10/10/2012 00:00:16.1389231
Update--021 10/10/2012 00:00:38.0291752
Update--133 10/10/2012 00:01:00.4314565
Update--137 10/10/2012 00:01:24.8548534
Update--138 10/10/2012 00:01:46.6821019
Update--140 10/10/2012 00:02:08.3413407
Update--613 10/10/2012 00:02:29.6485594
Update--638 10/10/2012 00:02:51.1577897
Update--518 10/10/2012 00:03:12.4530077
Update--139 10/10/2012 00:03:34.7502830
Update--134 10/10/2012 00:03:56.5945325
Update--142 10/10/2012 00:04:18.7027970
Update--131 10/10/2012 00:04:40.6410518
Update--132 10/10/2012 00:05:02.5933074
Update--768 10/10/2012 00:05:22.2624324
Update--761 10/10/2012 00:05:43.1626278
Update--741 10/10/2012 00:06:02.8687549
Update--714 10/10/2012 00:06:23.3939289
Update--715 10/10/2012 00:06:43.0020504
Update--682 10/10/2012 00:07:03.1242013
Update--642 10/10/2012 00:07:24.2064072
Update--659 10/10/2012 00:07:44.1415474
Update--951 10/10/2012 00:08:05.3447602
Update--680 10/10/2012 00:08:25.0628880
Update--690 10/10/2012 00:08:44.8840217
Update--752 10/10/2012 00:09:05.4081956
Update--734 10/10/2012 00:09:26.5864069
Update--143 10/10/2012 00:09:48.2036433
Update--135 10/10/2012 00:10:09.5948669
Update--141 10/10/2012 00:10:31.1731011
Update--637 10/10/2012 00:10:52.2033039
Update--345 10/10/2012 00:00:06.0413456
Update--628 10/10/2012 00:00:27.4755716
Update--593 10/10/2012 00:00:48.9808016
Update--036 10/10/2012 00:01:10.1990152
Update--057 10/10/2012 00:01:31.8402530
Update--066 10/10/2012 00:01:53.4854910
Update--079 10/10/2012 00:02:14.9657196
Update--264 10/10/2012 00:02:37.0449825
Update--726 10/10/2012 00:02:58.5082101
Update--711 10/10/2012 00:03:18.5703576
Update--712 10/10/2012 00:03:38.3474888
Update--677 10/10/2012 00:03:58.9506672
941 10/12/2012 00:02:05.8709983
950 10/12/2012 00:02:45.2862527
952 10/12/2012 00:03:06.2364510
871 10/12/2012 00:03:27.3336577
804 10/12/2012 00:03:45.9897248
681 10/12/2012 00:04:04.7918002
708 10/12/2012 00:04:23.7338836
717 10/12/2012 00:04:43.2069974
769 10/12/2012 00:05:02.2640874
021 10/12/2012 00:05:23.2552880
133 10/12/2012 00:05:44.6925142
137 10/12/2012 00:06:06.3337520
138 10/12/2012 00:06:27.1309415
140 10/12/2012 00:06:47.8021238
613 10/12/2012 00:07:08.4683059
638 10/12/2012 00:07:29.0544833
518 10/12/2012 00:07:49.5876578
139 10/12/2012 00:08:10.2848416
134 10/12/2012 00:08:31.2080383
142 10/12/2012 00:08:52.0392298
131 10/12/2012 00:09:12.9594264
132 10/12/2012 00:09:33.8666222
768 10/12/2012 00:09:52.4436847
761 10/12/2012 00:10:12.9258562
741 10/12/2012 00:10:31.8509387
714 10/12/2012 00:10:50.7100174
715 10/12/2012 00:11:09.5730963
682 10/12/2012 00:11:28.4911783
642 10/12/2012 00:11:49.2163637
659 10/12/2012 00:12:07.9584357
951 10/12/2012 00:12:28.5386128
680 10/12/2012 00:12:47.3146868
690 10/12/2012 00:13:06.1257627
752 10/12/2012 00:13:26.6139346
734 10/12/2012 00:13:47.5471319
143 10/12/2012 00:14:08.1533105
135 10/12/2012 00:14:28.9334990
141 10/12/2012 00:14:49.7156877
637 10/12/2012 00:15:10.2598628
345 10/12/2012 00:15:30.7160328
628 10/12/2012 00:15:51.5242230
593 10/12/2012 00:16:12.3414136
036 10/12/2012 00:16:33.1386032
057 10/12/2012 00:16:53.9847955
066 10/12/2012 00:17:14.9859967
079 10/12/2012 00:17:35.4981699
264 10/12/2012 00:17:56.4523684
726 10/12/2012 00:18:17.2205563
711 10/12/2012 00:18:36.1276377
712 10/12/2012 00:18:55.0677210
677 10/12/2012 00:19:14.0128046
673 10/12/2012 00:19:35.3030224
696 10/12/2012 00:19:55.3161671
697 10/12/2012 00:20:15.4313176
720 10/12/2012 00:20:35.9964938
810 10/12/2012 00:20:56.0276396
280 10/12/2012 00:21:17.8148857
284 10/12/2012 00:21:39.9091494
285 10/12/2012 00:22:02.1584220
290 10/12/2012 00:22:25.1427367
582 10/12/2012 00:22:47.1979981
537 10/12/2012 00:23:08.8652374
396 10/12/2012 00:23:30.4424716
583 10/12/2012 00:23:52.3287234
639 10/12/2012 00:24:13.5489371
291 10/12/2012 00:24:35.5051930
287 10/12/2012 00:24:57.2534369
289 10/12/2012 00:25:20.3017552
281 10/12/2012 00:25:42.2410100
821 10/12/2012 00:26:02.5441713
875 10/12/2012 00:26:24.8524473
727 10/12/2012 00:26:46.1456652
724 10/12/2012 00:27:07.4288825
725 10/12/2012 00:27:28.6430959
730 10/12/2012 00:27:49.8213072
731 10/12/2012 00:28:11.1725284
747 10/12/2012 00:28:32.9917764
668 10/12/2012 00:28:53.7199620
843 10/12/2012 00:29:18.0563540
250 10/12/2012 00:29:40.7906543
251 10/12/2012 00:30:02.8689171
252 10/12/2012 00:30:25.8062290
254 10/12/2012 00:30:47.3364605
248 10/12/2012 00:31:09.2827157
246 10/12/2012 00:31:31.4019809
247 10/12/2012 00:31:54.5413044
282 10/12/2012 00:32:16.1985431
283 10/12/2012 00:32:37.8537817
288 10/12/2012 00:32:59.3080088
297 10/12/2012 00:33:21.6532869
292 10/12/2012 00:33:43.4025309
535 10/12/2012 00:34:05.2327795
513 10/12/2012 00:34:28.5131111
679 10/12/2012 00:34:48.2312389
660 10/12/2012 00:35:09.0944322
934 10/12/2012 00:35:27.5824896
845 10/12/2012 00:35:49.7647584
748 10/12/2012 00:36:11.3359922
620 10/12/2012 00:36:33.0492341
618 10/12/2012 00:36:55.2655048
410 10/12/2012 00:37:17.9398017
412 10/12/2012 00:37:38.1409572
413 10/12/2012 00:38:00.1872181
414 10/12/2012 00:38:22.1724756
415 10/12/2012 00:38:43.8467153
416 10/12/2012 00:39:06.1739924
405 10/12/2012 00:39:27.8702333
407 10/12/2012 00:39:50.3375184
408 10/12/2012 00:40:14.0968773
108 10/12/2012 00:40:36.2301433
430 10/12/2012 00:40:59.3474655
406 10/12/2012 00:41:21.5047328
417 10/12/2012 00:41:43.7360044
418 10/12/2012 00:42:06.5203076
619 10/12/2012 00:42:28.1925472
855 10/12/2012 00:42:47.8796732
857 10/12/2012 00:43:08.5978582
878 10/12/2012 00:43:30.7851273
954 10/12/2012 00:43:52.9863971
807 10/12/2012 00:44:11.7564707
419 10/12/2012 00:44:33.9117379
420 10/12/2012 00:44:56.6780400
421 10/12/2012 00:45:18.6622975
423 10/12/2012 00:45:43.2247024
424 10/12/2012 00:46:06.1160117
425 10/12/2012 00:46:28.2412772
431 10/12/2012 00:46:50.2735373
409 10/12/2012 00:47:12.4148037
427 10/12/2012 00:47:35.3101133
428 10/12/2012 00:47:59.3854903
429 10/12/2012 00:48:10.4851252
434 10/12/2012 00:48:19.2826284
435 10/12/2012 00:48:27.7811145
436 10/12/2012 00:48:35.9555820
437 10/12/2012 00:48:44.6420788
439 10/12/2012 00:48:55.3766928
440 10/12/2012 00:49:05.2202559
441 10/12/2012 00:49:14.2827742
432 10/12/2012 00:49:22.6592533
433 10/12/2012 00:49:32.1127940
800 10/12/2012 00:49:38.6841699
777 10/12/2012 00:49:45.2075430
718 10/12/2012 00:49:52.0579348
719 10/12/2012 00:49:58.7573180
749 10/12/2012 00:50:07.1747994
750 10/12/2012 00:50:15.0912522
868 10/12/2012 00:50:24.0817665
846 10/12/2012 00:50:33.0172776
105 10/12/2012 00:50:42.3958140
029 10/12/2012 00:50:52.1903742
030 10/12/2012 00:51:02.8949865
032 10/12/2012 00:51:10.5044217
033 10/12/2012 00:51:19.1159142
034 10/12/2012 00:51:28.9734781
035 10/12/2012 00:51:36.3168981
037 10/12/2012 00:51:44.3933600
038 10/12/2012 00:51:52.8488437
040 10/12/2012 00:52:02.1463754
025 10/12/2012 00:52:10.7388669
018 10/12/2012 00:52:19.8963907
020 10/12/2012 00:52:30.8320162
019 10/12/2012 00:52:42.1616642
026 10/12/2012 00:52:50.8491611
027 10/12/2012 00:52:59.4576535
028 10/12/2012 00:53:10.2212691
022 10/12/2012 00:53:22.8669924
023 10/12/2012 00:53:31.8005034
024 10/12/2012 00:53:40.6000067
125 10/12/2012 00:53:49.8005329
120 10/12/2012 00:53:59.5480904
121 10/12/2012 00:54:08.2085858
122 10/12/2012 00:54:17.1630980
078 10/12/2012 00:54:27.5846940
512 10/12/2012 00:54:36.1921864
526 10/12/2012 00:54:46.2717629
835 10/12/2012 00:54:56.4043424
867 10/12/2012 00:55:05.9918908
532 10/12/2012 00:55:14.8593980
508 10/12/2012 00:55:23.3238821
616 10/12/2012 00:55:32.4284029
633 10/12/2012 00:55:41.2549077
325 10/12/2012 00:55:49.9444047
106 10/12/2012 00:55:59.9589775
041 10/12/2012 00:56:08.6184728
042 10/12/2012 00:56:17.2709677
045 10/12/2012 00:56:28.9066333
046 10/12/2012 00:56:37.0530992
047 10/12/2012 00:56:45.5845872
048 10/12/2012 00:56:54.3210869
049 10/12/2012 00:57:03.3666043
052 10/12/2012 00:57:12.2171105
054 10/12/2012 00:57:21.2436268
055 10/12/2012 00:57:29.8451187
053 10/12/2012 00:57:38.6046198
050 10/12/2012 00:57:47.3081176
051 10/12/2012 00:57:56.5386455
064 10/12/2012 00:58:05.1861401
070 10/12/2012 00:58:13.8876378
071 10/12/2012 00:58:24.4762435
072 10/12/2012 00:58:32.8697235
073 10/12/2012 00:58:43.4033260
043 10/12/2012 00:58:52.6868570
240 10/12/2012 00:59:01.2293456
511 10/12/2012 00:59:09.7478328
866 10/12/2012 00:59:18.1963161
912 10/12/2012 00:59:23.1676004
722 10/12/2012 00:59:31.9311017
721 10/12/2012 00:59:42.0816822
793 10/12/2012 00:59:47.7590070
794 10/12/2012 00:59:55.1734310
710 10/12/2012 01:00:02.5938555
864 10/12/2012 01:00:11.5093654
865 10/12/2012 01:00:19.9028455
591 10/12/2012 01:00:28.8303561
571 10/12/2012 01:00:36.2767820
578 10/12/2012 01:00:44.7452664
260 10/12/2012 01:00:53.1967498
067 10/12/2012 01:01:05.7144658
068 10/12/2012 01:01:15.4170207
069 10/12/2012 01:01:27.8857339
065 10/12/2012 01:01:36.7302398
056 10/12/2012 01:01:45.4017357
058 10/12/2012 01:01:56.0593453
059 10/12/2012 01:02:06.3229324
060 10/12/2012 01:02:14.9804275
061 10/12/2012 01:02:23.7139271
062 10/12/2012 01:02:32.4804285
063 10/12/2012 01:02:41.2139280
585 10/12/2012 01:02:50.2844468
944 10/12/2012 01:02:59.2679607
945 10/12/2012 01:03:07.8084491
961 10/12/2012 01:03:13.5707787
699 10/12/2012 01:03:22.0342628
644 10/12/2012 01:03:32.2148451
997 10/12/2012 01:03:41.3273663
770 10/12/2012 01:03:47.0846956
943 10/12/2012 01:03:55.8711982
936 10/12/2012 01:04:04.5456943
856 10/12/2012 01:04:12.2821368
829 10/12/2012 01:04:19.4205451
084 10/12/2012 01:04:28.9810919
080 10/12/2012 01:04:38.9496621
081 10/12/2012 01:04:48.5462110
082 10/12/2012 01:04:57.2337079
087 10/12/2012 01:05:05.8622014
088 10/12/2012 01:05:14.4526928
089 10/12/2012 01:05:23.9532362
090 10/12/2012 01:05:32.9217491
092 10/12/2012 01:05:43.0473283
093 10/12/2012 01:05:52.0148412
094 10/12/2012 01:06:00.2513123
095 10/12/2012 01:06:09.2348261
083 10/12/2012 01:06:17.9853266
085 10/12/2012 01:06:26.8578341
086 10/12/2012 01:06:35.6233355
074 10/12/2012 01:06:44.9218673
075 10/12/2012 01:06:53.2183418
076 10/12/2012 01:07:02.2048558
573 10/12/2012 01:07:11.2043706
869 10/12/2012 01:07:19.7388587
937 10/12/2012 01:07:28.3113491
938 10/12/2012 01:07:37.1118524
728 10/12/2012 01:07:45.0823083
656 10/12/2012 01:07:52.1807143
702 10/12/2012 01:08:00.3531817
900 10/12/2012 01:08:06.4165285
839 10/12/2012 01:08:23.6695154
817 10/12/2012 01:08:30.4939057
575 10/12/2012 01:08:40.7364915
017 10/12/2012 01:08:50.4380464
126 10/12/2012 01:09:00.0495962
128 10/12/2012 01:09:10.7982110
129 10/12/2012 01:09:19.8317277
130 10/12/2012 01:09:28.3312138
123 10/12/2012 01:09:39.0188251
124 10/12/2012 01:09:47.6133167
103 10/12/2012 01:09:56.8918474
567 10/12/2012 01:10:05.6613490
555 10/12/2012 01:10:15.2538976
816 10/12/2012 01:10:21.7522693
858 10/12/2012 01:10:29.5227137
666 10/12/2012 01:10:37.4031645
778 10/12/2012 01:10:43.3705058
784 10/12/2012 01:10:50.4419103
670 10/12/2012 01:10:57.8463338
834 10/12/2012 01:11:12.8441916
876 10/12/2012 01:11:21.4016811
953 10/12/2012 01:11:29.8681653
109 10/12/2012 01:11:39.2577024
112 10/12/2012 01:11:48.3482223
115 10/12/2012 01:11:56.9117121
117 10/12/2012 01:12:05.4562008
118 10/12/2012 01:12:15.3307656
119 10/12/2012 01:12:23.8182511
104 10/12/2012 01:12:34.0198346
096 10/12/2012 01:12:42.7543342
097 10/12/2012 01:12:52.1138695
098 10/12/2012 01:13:00.7553638
099 10/12/2012 01:13:12.4740340
100 10/12/2012 01:13:21.8635711
101 10/12/2012 01:13:31.0350957
549 10/12/2012 01:13:39.8736012
566 10/12/2012 01:13:49.2731388
947 10/12/2012 01:13:57.5856143
812 10/12/2012 01:14:04.1229882
836 10/12/2012 01:14:18.6718203
837 10/12/2012 01:14:32.8506313
838 10/12/2012 01:14:42.6321908
559 10/12/2012 01:14:51.3356886
107 10/12/2012 01:15:00.1171909
110 10/12/2012 01:15:08.8986931
111 10/12/2012 01:15:17.6001908
116 10/12/2012 01:15:26.3206896
113 10/12/2012 01:15:34.6171642
114 10/12/2012 01:15:43.2716592
507 10/12/2012 01:15:53.2112277
569 10/12/2012 01:16:02.6817694
621 10/12/2012 01:16:11.6172804
384 10/12/2012 01:16:21.0888222
861 10/12/2012 01:16:29.1892855
933 10/12/2012 01:16:34.7956062
889 10/12/2012 01:16:44.1631420
772 10/12/2012 01:16:51.7445756
773 10/12/2012 01:17:00.7960933
883 10/12/2012 01:17:09.9296157
956 10/12/2012 01:17:20.2752074
841 10/12/2012 01:17:30.5127930
820 10/12/2012 01:17:37.6722025
385 10/12/2012 01:17:47.1987474
386 10/12/2012 01:17:57.5393388
388 10/12/2012 01:18:08.7129779
389 10/12/2012 01:18:17.1034578
390 10/12/2012 01:18:26.5069957
331 10/12/2012 01:18:35.2904981
383 10/12/2012 01:18:43.7609826
629 10/12/2012 01:18:52.5194835
626 10/12/2012 01:19:01.1869793
538 10/12/2012 01:19:09.8524749
220 10/12/2012 01:19:18.6519782
271 10/12/2012 01:19:27.9325090
332 10/12/2012 01:19:36.4469960
324 10/12/2012 01:19:46.4795699
330 10/12/2012 01:19:56.0901196
860 10/12/2012 01:20:06.1956976
911 10/12/2012 01:20:12.2330429
771 10/12/2012 01:20:19.1554388
760 10/12/2012 01:20:27.1308950
791 10/12/2012 01:20:34.7393302
723 10/12/2012 01:20:41.9657435
739 10/12/2012 01:20:49.3081634
661 10/12/2012 01:20:56.2815623
602 10/12/2012 01:21:06.0761225
286 10/12/2012 01:21:14.3265944
301 10/12/2012 01:21:24.2941645
303 10/12/2012 01:21:33.0276641
306 10/12/2012 01:21:44.1693013
308 10/12/2012 01:21:53.3258250
316 10/12/2012 01:22:03.0763827
136 10/12/2012 01:22:10.5278089
302 10/12/2012 01:22:19.4193175
540 10/12/2012 01:22:28.1208152
515 10/12/2012 01:22:37.3893453
329 10/12/2012 01:22:46.4028609
333 10/12/2012 01:22:55.4043757
334 10/12/2012 01:23:04.5919012
326 10/12/2012 01:23:14.4044625
327 10/12/2012 01:23:23.2169665
792 10/12/2012 01:23:29.7703414
893 10/12/2012 01:23:38.3898344
805 10/12/2012 01:23:45.8182592
802 10/12/2012 01:23:52.7106535
701 10/12/2012 01:23:59.6650512
319 10/12/2012 01:24:20.6252501
320 10/12/2012 01:24:29.7497720
321 10/12/2012 01:24:39.5003297
322 10/12/2012 01:24:49.3108908
426 10/12/2012 01:24:58.4374128
307 10/12/2012 01:25:07.8439509
315 10/12/2012 01:25:17.9835308
311 10/12/2012 01:25:27.6400831
312 10/12/2012 01:25:37.1546273
313 10/12/2012 01:25:46.2041449
314 10/12/2012 01:25:55.0776525
310 10/12/2012 01:26:03.7191467
317 10/12/2012 01:26:13.5177072
148 10/12/2012 01:26:22.9072442
323 10/12/2012 01:26:32.6768030
517 10/12/2012 01:26:40.7802665
590 10/12/2012 01:26:49.2357501
709 10/12/2012 01:26:56.0571403
671 10/12/2012 01:27:02.8975315
890 10/12/2012 01:27:11.2830112
891 10/12/2012 01:27:19.9235054
959 10/12/2012 01:27:24.8987899
894 10/12/2012 01:27:33.2822694
624 10/12/2012 01:27:42.0497709
541 10/12/2012 01:27:51.2993000
527 10/12/2012 01:28:00.1298050
328 10/12/2012 01:28:08.9563099
127 10/12/2012 01:28:17.4087933
309 10/12/2012 01:28:26.1142913
298 10/12/2012 01:28:36.5658891
299 10/12/2012 01:28:45.4553975
300 10/12/2012 01:28:54.1288936
293 10/12/2012 01:29:03.1764111
267 10/12/2012 01:29:11.7269002
273 10/12/2012 01:29:21.0044308
274 10/12/2012 01:29:30.1749553
275 10/12/2012 01:29:41.1735844
262 10/12/2012 01:29:51.6141816
259 10/12/2012 01:30:00.5506927
102 10/12/2012 01:30:07.9281147
543 10/12/2012 01:30:17.3146516
522 10/12/2012 01:30:27.6302416
897 10/12/2012 01:30:34.2606208
745 10/12/2012 01:30:42.6280994
766 10/12/2012 01:30:49.6825029
676 10/12/2012 01:30:57.2099334
828 10/12/2012 01:31:04.1473302
563 10/12/2012 01:31:13.1938477
263 10/12/2012 01:31:22.2693668
261 10/12/2012 01:31:31.2568808
255 10/12/2012 01:31:40.0223822
256 10/12/2012 01:31:49.2239085
257 10/12/2012 01:32:07.1159318
258 10/12/2012 01:32:20.3506888
266 10/12/2012 01:32:30.5232707
269 10/12/2012 01:32:39.8808059
272 10/12/2012 01:32:48.5223001
265 10/12/2012 01:32:57.7868300
294 10/12/2012 01:33:07.6003913
277 10/12/2012 01:33:16.6469088
278 10/12/2012 01:33:26.4544697
279 10/12/2012 01:33:35.4909866
296 10/12/2012 01:33:44.1644827
514 10/12/2012 01:33:53.1319956
775 10/12/2012 01:34:00.1043944
783 10/12/2012 01:34:06.9017832
779 10/12/2012 01:34:14.0561924
786 10/12/2012 01:34:21.7426320
787 10/12/2012 01:34:28.8300374
693 10/12/2012 01:34:37.6625426
827 10/12/2012 01:34:44.5739379
557 10/12/2012 01:34:53.4934481
253 10/12/2012 01:35:02.7259762
249 10/12/2012 01:35:11.8514981
241 10/12/2012 01:35:20.9290173
242 10/12/2012 01:35:29.8985303
243 10/12/2012 01:35:38.3690148
244 10/12/2012 01:35:47.4615349
245 10/12/2012 01:35:55.9780220
268 10/12/2012 01:36:04.8505295
276 10/12/2012 01:36:13.3690167
295 10/12/2012 01:36:22.3835323
044 10/12/2012 01:36:31.2910418
523 10/12/2012 01:36:39.7115234
509 10/12/2012 01:36:48.2130097
510 10/12/2012 01:36:56.9785110
842 10/12/2012 01:37:06.1520357
662 10/12/2012 01:37:13.6234631
788 10/12/2012 01:37:20.9268808
729 10/12/2012 01:37:28.7683293
001 10/12/2012 01:37:34.0956340
207 10/12/2012 01:37:43.3361625
208 10/12/2012 01:37:52.0576614
209 10/12/2012 01:38:00.5101448
210 10/12/2012 01:38:10.7777321
215 10/12/2012 01:38:19.4482280
216 10/12/2012 01:38:27.8697097
217 10/12/2012 01:38:36.3541950
218 10/12/2012 01:38:45.2767053
650 10/12/2012 01:38:52.6411266
651 10/12/2012 01:38:59.7095308
674 10/12/2012 01:39:07.2439618
675 10/12/2012 01:39:14.3853702
796 10/12/2012 01:39:20.4367164
797 10/12/2012 01:39:26.2800506
874 10/12/2012 01:39:34.9015437
996 10/12/2012 01:39:43.9160593
193 10/12/2012 01:39:53.6996189
194 10/12/2012 01:40:00.2149916
195 10/12/2012 01:40:09.1995054
196 10/12/2012 01:40:18.3090265
197 10/12/2012 01:40:27.4965520
198 10/12/2012 01:40:37.5441267
199 10/12/2012 01:40:46.6536477
191 10/12/2012 01:40:55.4501508
201 10/12/2012 01:41:04.2316531
202 10/12/2012 01:41:14.0912170
203 10/12/2012 01:41:22.3726907
204 10/12/2012 01:41:31.2631992
205 10/12/2012 01:41:40.1377068
219 10/12/2012 01:41:49.7632574
222 10/12/2012 01:41:57.2326846
223 10/12/2012 01:42:05.6861681
224 10/12/2012 01:42:14.9516981
225 10/12/2012 01:42:23.6091932
226 10/12/2012 01:42:32.5147026
227 10/12/2012 01:42:42.1602543
228 10/12/2012 01:42:52.2488313
229 10/12/2012 01:43:02.5924229
230 10/12/2012 01:43:13.3260369
634 10/12/2012 01:43:21.8075220
698 10/12/2012 01:43:29.5429644
753 10/12/2012 01:43:37.8604402
754 10/12/2012 01:43:46.1409138
755 10/12/2012 01:43:54.2003748
645 10/12/2012 01:44:02.4798483
872 10/12/2012 01:44:11.7343776
949 10/12/2012 01:44:21.2959245
993 10/12/2012 01:44:29.6874045
212 10/12/2012 01:44:40.1100006
221 10/12/2012 01:44:49.0945145
206 10/12/2012 01:44:58.0160248
214 10/12/2012 01:45:07.7195798
007 10/12/2012 01:45:16.1260606
012 10/12/2012 01:45:24.5005396
013 10/12/2012 01:45:32.6410052
014 10/12/2012 01:45:40.7354682
382 10/12/2012 01:45:48.4699106
899 10/12/2012 01:45:53.3911921
844 10/12/2012 01:46:01.2356408
851 10/12/2012 01:46:10.1261493
862 10/12/2012 01:46:19.1946680
909 10/12/2012 01:46:25.5620321
892 10/12/2012 01:46:34.4855425
939 10/12/2012 01:46:45.0181450
568 10/12/2012 01:46:54.7837035
005 10/12/2012 01:47:03.9552281
006 10/12/2012 01:47:23.1903283
008 10/12/2012 01:47:31.3927974
009 10/12/2012 01:47:39.6902720
010 10/12/2012 01:47:47.5647224
011 10/12/2012 01:47:55.7841926
015 10/12/2012 01:48:04.6136976
016 10/12/2012 01:48:13.0191783
369 10/12/2012 01:48:22.0976976
946 10/12/2012 01:48:30.3621703
853 10/12/2012 01:48:39.9407182
806 10/12/2012 01:48:46.7861097
678 10/12/2012 01:48:54.1875330
764 10/12/2012 01:49:02.5700125
595 10/12/2012 01:49:11.3945172
539 10/12/2012 01:49:20.2860258
149 10/12/2012 01:49:29.8325718
151 10/12/2012 01:49:43.2393386
152 10/12/2012 01:49:52.7868847
147 10/12/2012 01:50:02.2704272
157 10/12/2012 01:50:11.2549410
145 10/12/2012 01:50:20.7394835
159 10/12/2012 01:50:29.5369867
160 10/12/2012 01:50:40.4426105
161 10/12/2012 01:50:48.9270958
146 10/12/2012 01:50:56.8805507
144 10/12/2012 01:51:05.9900717
153 10/12/2012 01:51:14.7715740
154 10/12/2012 01:51:22.9120396
529 10/12/2012 01:51:31.5065312
530 10/12/2012 01:51:40.1160236
588 10/12/2012 01:51:48.7185156
584 10/12/2012 01:51:57.2100013
744 10/12/2012 01:52:05.3534671
657 10/12/2012 01:52:12.6518845
716 10/12/2012 01:52:21.9224148
808 10/12/2012 01:52:28.8598116
798 10/12/2012 01:52:35.7612063
813 10/12/2012 01:52:42.2285762
758 10/12/2012 01:52:50.4700476
155 10/12/2012 01:52:59.2705510
156 10/12/2012 01:53:07.6960329
158 10/12/2012 01:53:16.1795181
305 10/12/2012 01:53:24.6490025
176 10/12/2012 01:53:33.6485173
177 10/12/2012 01:53:43.8981035
178 10/12/2012 01:53:52.9146192
180 10/12/2012 01:54:03.1272034
163 10/12/2012 01:54:16.0239410
597 10/12/2012 01:54:24.8834478
609 10/12/2012 01:54:33.3639328
738 10/12/2012 01:54:40.7213536
809 10/12/2012 01:54:47.2747285
801 10/12/2012 01:54:54.0961186
870 10/12/2012 01:55:02.8526195
751 10/12/2012 01:55:11.0080859
636 10/12/2012 01:55:19.1645525
181 10/12/2012 01:55:28.1810682
182 10/12/2012 01:55:36.7905606
183 10/12/2012 01:55:45.7900754
184 10/12/2012 01:55:54.1185517
185 10/12/2012 01:56:02.7280442
186 10/12/2012 01:56:11.1975286
188 10/12/2012 01:56:20.5880657
189 10/12/2012 01:56:29.2285599
190 10/12/2012 01:56:37.5880380
179 10/12/2012 01:56:46.1975305
173 10/12/2012 01:56:55.5880676
174 10/12/2012 01:57:04.9796047
614 10/12/2012 01:57:13.2850798
601 10/12/2012 01:57:21.8085673
580 10/12/2012 01:57:30.1200427
705 10/12/2012 01:57:37.0574395
823 10/12/2012 01:57:44.3178548
901 10/12/2012 01:57:50.5572116
994 10/12/2012 01:57:59.1837050
987 10/12/2012 01:58:08.8472578
707 10/12/2012 01:58:15.6106446
685 10/12/2012 01:58:23.0090678
686 10/12/2012 01:58:29.8174572
669 10/12/2012 01:58:37.7079085
736 10/12/2012 01:58:46.0933881
737 10/12/2012 01:58:54.2938572
603 10/12/2012 01:59:02.6843371
504 10/12/2012 01:59:11.7368548
374 10/12/2012 01:59:19.9813264
171 10/12/2012 01:59:29.8718921
318 10/12/2012 01:59:37.9653550
164 10/12/2012 01:59:47.7159127
165 10/12/2012 01:59:56.9174390
166 10/12/2012 02:00:05.3653564
167 10/12/2012 02:00:14.0389716
168 10/12/2012 02:00:22.4941865
169 10/12/2012 02:00:31.0742015
170 10/12/2012 02:00:40.0286173
337 10/12/2012 02:00:48.3278318
505 10/12/2012 02:00:57.1213558
635 10/12/2012 02:01:05.2161022
706 10/12/2012 02:01:11.8494816
999 10/12/2012 02:01:20.5299781
647 10/12/2012 02:01:28.9844617
743 10/12/2012 02:01:37.3909425
824 10/12/2012 02:01:44.0913258
607 10/12/2012 02:01:53.7656462
544 10/12/2012 02:02:02.4548615
556 10/12/2012 02:02:09.8024744
232 10/12/2012 02:02:21.5492950
236 10/12/2012 02:02:31.0497117
237 10/12/2012 02:02:41.6421303
234 10/12/2012 02:02:50.9839308
525 10/12/2012 02:03:00.0631467
534 10/12/2012 02:03:09.0799626
596 10/12/2012 02:03:17.9095781
873 10/12/2012 02:03:27.7687954
762 10/12/2012 02:03:35.7872095
998 10/12/2012 02:03:44.5544249
655 10/12/2012 02:03:52.0112380
700 10/12/2012 02:03:58.9844502
799 10/12/2012 02:04:06.1136628
594 10/12/2012 02:04:14.7404779
598 10/12/2012 02:04:23.5232933
503 10/12/2012 02:04:32.3217088
235 10/12/2012 02:04:42.4929267
231 10/12/2012 02:04:52.8045448
238 10/12/2012 02:05:02.7261622
239 10/12/2012 02:05:11.2749772
192 10/12/2012 02:05:20.5881936
617 10/12/2012 02:05:29.2150087
825 10/12/2012 02:05:35.6734201
704 10/12/2012 02:05:42.8962327
648 10/12/2012 02:05:51.3358476
646 10/12/2012 02:05:59.6194621
767 10/12/2012 02:06:08.7142781
859 10/12/2012 02:06:16.9510926
955 10/12/2012 02:06:26.5607094
375 10/12/2012 02:06:36.7943274
376 10/12/2012 02:06:48.1043473
377 10/12/2012 02:06:57.7451642
378 10/12/2012 02:07:07.8071819
381 10/12/2012 02:07:16.8395977
372 10/12/2012 02:07:25.3728127
422 10/12/2012 02:07:36.0276314
200 10/12/2012 02:07:45.0444473
175 10/12/2012 02:07:54.7944644
404 10/12/2012 02:08:03.7956802
444 10/12/2012 02:08:14.0916983
397 10/12/2012 02:08:23.8885155
398 10/12/2012 02:08:32.9209314
399 10/12/2012 02:08:42.0001473
400 10/12/2012 02:08:51.1729634
401 10/12/2012 02:09:00.2053793
625 10/12/2012 02:09:08.8477945
600 10/12/2012 02:09:17.7398101
863 10/12/2012 02:09:27.4118271
742 10/12/2012 02:09:34.6970399
667 10/12/2012 02:09:42.3098533
740 10/12/2012 02:09:50.4998676
903 10/12/2012 02:09:57.0050791
958 10/12/2012 02:10:02.3870885
572 10/12/2012 02:10:11.9967054
560 10/12/2012 02:10:21.1227214
561 10/12/2012 02:10:30.4515378
402 10/12/2012 02:10:39.5775538
403 10/12/2012 02:10:48.1263689
391 10/12/2012 02:10:58.6095873
392 10/12/2012 02:11:08.7184050
393 10/12/2012 02:11:17.3764202
394 10/12/2012 02:11:27.6256382
187 10/12/2012 02:11:36.8920545
213 10/12/2012 02:11:47.4388757
379 10/12/2012 02:11:56.5705357
380 10/12/2012 02:12:05.6341516
605 10/12/2012 02:12:14.2921668
914 10/12/2012 02:12:19.4089758
849 10/12/2012 02:12:27.4273899
803 10/12/2012 02:12:34.8962036
641 10/12/2012 02:12:43.8190202
703 10/12/2012 02:12:50.7578325
652 10/12/2012 02:12:58.6398464
653 10/12/2012 02:13:06.2994599
781 10/12/2012 02:13:13.4286724
833 10/12/2012 02:13:22.9446891
623 10/12/2012 02:13:30.4639023
632 10/12/2012 02:13:39.0723177
579 10/12/2012 02:13:48.0735335
562 10/12/2012 02:13:56.9343490
547 10/12/2012 02:14:06.0135650
003 10/12/2012 02:14:14.3595796
004 10/12/2012 02:14:23.2515953
533 10/12/2012 02:14:32.1280108
519 10/12/2012 02:14:41.5660274
574 10/12/2012 02:14:54.6388504
373 10/12/2012 02:15:00.9724615
346 10/12/2012 02:15:12.7504822
347 10/12/2012 02:15:22.9061000
349 10/12/2012 02:15:31.9697160
350 10/12/2012 02:15:42.0629337
351 10/12/2012 02:15:51.0641495
352 10/12/2012 02:16:00.8453667
353 10/12/2012 02:16:10.5485837
896 10/12/2012 02:16:17.3969957
880 10/12/2012 02:16:25.6182102
881 10/12/2012 02:16:34.0578250
790 10/12/2012 02:16:41.0154372
342 10/12/2012 02:16:50.8590545
338 10/12/2012 02:16:59.5326697
339 10/12/2012 02:17:08.4558854
627 10/12/2012 02:17:17.2855009
604 10/12/2012 02:17:25.9571163
528 10/12/2012 02:17:34.3799308
550 10/12/2012 02:17:42.8975458
355 10/12/2012 02:17:52.9907635
356 10/12/2012 02:18:02.5691803
359 10/12/2012 02:18:12.3035974
360 10/12/2012 02:18:20.8212124
361 10/12/2012 02:18:30.0720287
362 10/12/2012 02:18:41.6160489
365 10/12/2012 02:18:50.4768645
785 10/12/2012 02:18:58.3080782
795 10/12/2012 02:19:05.9052916
687 10/12/2012 02:19:13.4089048
688 10/12/2012 02:19:21.0997183
689 10/12/2012 02:19:28.0573305
811 10/12/2012 02:19:35.5765437
344 10/12/2012 02:19:44.4685593
340 10/12/2012 02:19:56.2309800
341 10/12/2012 02:20:06.1837975
335 10/12/2012 02:20:15.5126138
336 10/12/2012 02:20:24.4226329
558 10/12/2012 02:20:33.4810491
640 10/12/2012 02:20:42.4042648
172 10/12/2012 02:20:51.7174811
354 10/12/2012 02:21:00.7654970
343 10/12/2012 02:21:09.7667128
348 10/12/2012 02:21:19.0331291
364 10/12/2012 02:21:27.9251447
879 10/12/2012 02:21:37.2851612
654 10/12/2012 02:21:44.7731743
765 10/12/2012 02:21:53.3531894
658 10/12/2012 02:22:01.3404034
902 10/12/2012 02:22:06.5196125
957 10/12/2012 02:22:15.3336280
814 10/12/2012 02:22:22.7436410
815 10/12/2012 02:22:29.1240522
586 10/12/2012 02:22:38.6400689
589 10/12/2012 02:22:46.4400826
521 10/12/2012 02:22:56.3773001
489 10/12/2012 02:23:07.6249198
490 10/12/2012 02:23:17.0941365
491 10/12/2012 02:23:39.9481766
487 10/12/2012 02:23:48.7465921
501 10/12/2012 02:23:57.5918076
502 10/12/2012 02:24:06.2966229
500 10/12/2012 02:24:14.8142379
488 10/12/2012 02:24:27.0290593
494 10/12/2012 02:24:36.5450760
495 10/12/2012 02:24:46.0454927
496 10/12/2012 02:24:54.1731070
506 10/12/2012 02:25:03.1431227
554 10/12/2012 02:25:12.3627389
587 10/12/2012 02:25:20.9739541
615 10/12/2012 02:25:30.3651706
463 10/12/2012 02:25:39.3507863
822 10/12/2012 02:25:46.9011996
942 10/12/2012 02:25:55.1536141
776 10/12/2012 02:26:04.0300297
735 10/12/2012 02:26:12.3448443
940 10/12/2012 02:26:20.8936593
910 10/12/2012 02:26:26.1196685
830 10/12/2012 02:26:33.0460806
831 10/12/2012 02:26:39.9412928
992 10/12/2012 02:26:52.6709151
599 10/12/2012 02:27:00.6581291
531 10/12/2012 02:27:10.7201468
542 10/12/2012 02:27:19.7837627
493 10/12/2012 02:27:30.1265809
498 10/12/2012 02:27:39.7049977
499 10/12/2012 02:27:48.0354124
497 10/12/2012 02:27:56.2566268
546 10/12/2012 02:28:04.8678419
469 10/12/2012 02:28:15.3354603
470 10/12/2012 02:28:24.1338758
472 10/12/2012 02:28:37.9243000
473 10/12/2012 02:28:46.8007156
474 10/12/2012 02:28:55.6615311
465 10/12/2012 02:29:04.7407471
826 10/12/2012 02:29:11.6983593
819 10/12/2012 02:29:18.6559715
882 10/12/2012 02:29:27.2983867
913 10/12/2012 02:29:33.2419971
665 10/12/2012 02:29:41.9780125
684 10/12/2012 02:29:49.1852251
692 10/12/2012 02:29:57.0944390
759 10/12/2012 02:30:05.9864547
906 10/12/2012 02:30:11.9768652
840 10/12/2012 02:30:21.4288821
480 10/12/2012 02:30:31.0072990
481 10/12/2012 02:30:39.6965142
483 10/12/2012 02:30:49.7741319
484 10/12/2012 02:30:58.6973476
485 10/12/2012 02:31:07.6985634
486 10/12/2012 02:31:16.7465793
476 10/12/2012 02:31:25.4045945
368 10/12/2012 02:31:34.0470097
370 10/12/2012 02:31:43.5942265
371 10/12/2012 02:31:54.0774449
366 10/12/2012 02:32:02.6574599
363 10/12/2012 02:32:11.2374750
552 10/12/2012 02:32:20.0670905
905 10/12/2012 02:32:26.4319017
948 10/12/2012 02:32:35.8387182
985 10/12/2012 02:32:50.6275442
782 10/12/2012 02:32:57.0391555
694 10/12/2012 02:33:03.9187675
649 10/12/2012 02:33:12.5767827
995 10/12/2012 02:33:20.2207962
695 10/12/2012 02:33:31.0628152
746 10/12/2012 02:33:39.6740303
733 10/12/2012 02:33:48.6752461
986 10/12/2012 02:33:58.1600628
904 10/12/2012 02:34:04.2440735
877 10/12/2012 02:34:13.7444902
818 10/12/2012 02:34:20.8269026
551 10/12/2012 02:34:29.4069177
581 10/12/2012 02:34:39.2349350
367 10/12/2012 02:34:48.4233511
477 10/12/2012 02:34:59.3433703
478 10/12/2012 02:35:07.9545854
475 10/12/2012 02:35:16.6126006
482 10/12/2012 02:35:25.1146155
850 10/12/2012 02:35:33.1798297
907 10/12/2012 02:35:38.7958396
983 10/12/2012 02:35:52.7422641
984 10/12/2012 02:36:07.0942893
732 10/12/2012 02:36:15.7523045
763 10/12/2012 02:36:24.2075193
789 10/12/2012 02:36:31.1495315
691 10/12/2012 02:36:39.1523456
960 10/12/2012 02:36:44.4875549
895 10/12/2012 02:36:51.1799667
991 10/12/2012 02:37:00.4463830
445 10/12/2012 02:37:11.8032029
447 10/12/2012 02:37:21.2568195
448 10/12/2012 02:37:30.1800352
449 10/12/2012 02:37:39.2748512
438 10/12/2012 02:37:48.2604670
570 10/12/2012 02:37:56.3256811
565 10/12/2012 02:38:05.7792977
622 10/12/2012 02:38:14.5153131
553 10/12/2012 02:38:23.2669284
545 10/12/2012 02:38:31.7065433
443 10/12/2012 02:38:40.5205587
630 10/12/2012 02:38:49.6153747
612 10/12/2012 02:38:58.2421899
606 10/12/2012 02:39:07.0874054
564 10/12/2012 02:39:16.4630219
451 10/12/2012 02:39:24.9962369
452 10/12/2012 02:39:34.7774540
464 10/12/2012 02:39:45.3698726
455 10/12/2012 02:39:53.8562876
457 10/12/2012 02:40:03.0447037
459 10/12/2012 02:40:13.0131212
460 10/12/2012 02:40:21.9675369
461 10/12/2012 02:40:30.5163519
462 10/12/2012 02:40:40.9683703
884 10/12/2012 02:40:49.3767851
885 10/12/2012 02:40:57.5823995
886 10/12/2012 02:41:06.1936146
887 10/12/2012 02:41:15.0408307
888 10/12/2012 02:41:23.3244452
683 10/12/2012 02:41:30.3132575
663 10/12/2012 02:41:36.8028689
458 10/12/2012 02:41:45.1020835
453 10/12/2012 02:41:55.0549010
454 10/12/2012 02:42:03.2293153
479 10/12/2012 02:42:11.7313302
610 10/12/2012 02:42:20.0617449
611 10/12/2012 02:42:28.2985593
524 10/12/2012 02:42:36.8317743
548 10/12/2012 02:42:46.6285915
233 10/12/2012 02:42:55.3334068
536 10/12/2012 02:43:04.3346226
608 10/12/2012 02:43:13.2422383
466 10/12/2012 02:43:23.6162565
467 10/12/2012 02:43:32.2346720
450 10/12/2012 02:43:40.8402881
442 10/12/2012 02:43:49.7463038
664 10/12/2012 02:43:56.8443163
982 10/12/2012 02:44:10.6971406
854 10/12/2012 02:44:19.9791569
Insert Area--<none> 10/12/2012 02:44:23.3955629
Insert Area--BOHOL-REGION-AREA1 10/12/2012 02:44:25.2831662
Insert Area--BOHOL-REGION-AREA2 10/12/2012 02:44:27.3735699
Insert Area--BOHOL-REGION-AREA3 10/12/2012 02:44:29.2455732
Insert Area--CAAR-REGION-AREA1 10/12/2012 02:44:31.1331765
Insert Area--CAAR-REGION-AREA2 10/12/2012 02:44:33.0363798
Insert Area--CAAR-REGION-AREA3 10/12/2012 02:44:34.9395832
Insert Area--CAAR-REGION-AREA4 10/12/2012 02:44:36.8115865
Insert Area--CAAR-REGION-AREA5 10/12/2012 02:44:38.6991898
Insert Area--CAGAYAN-REGION-AREA4 10/12/2012 02:44:40.5711931
Insert Area--CARAGA-REGION-AREA1 10/12/2012 02:44:42.4587964
Insert Area--CARAGA-REGION-AREA2 10/12/2012 02:44:44.3463997
Insert Area--CARAGA-REGION-AREA3 10/12/2012 02:44:46.2184030
Insert Area--CARAGA-REGION-AREA4 10/12/2012 02:44:48.1216063
Insert Area--Cebu Central A 10/12/2012 02:44:49.9936096
Insert Area--Cebu Central B 10/12/2012 02:44:51.9904131
Insert Area--Cebu Central C 10/12/2012 02:44:53.8780164
Insert Area--Cebu Central D 10/12/2012 02:44:55.9060200
Insert Area--Cebu North A 10/12/2012 02:44:57.8404234
Insert Area--Cebu North B 10/12/2012 02:44:59.7748268
Insert Area--Cebu North C 10/12/2012 02:45:01.6780301
Insert Area--Cebu North D 10/12/2012 02:45:03.5968335
Insert Area--Cebu South A 10/12/2012 02:45:05.5936370
Insert Area--Cebu South B 10/12/2012 02:45:07.5436404
Insert Area--Cebu South C 10/12/2012 02:45:09.4000437
Insert Area--CEBU SOUTH D 10/12/2012 02:45:11.2720470
Insert Area--CEBU SOUTH E 10/12/2012 02:45:13.1752503
Insert Area--COMADAVSUR-REGION-AREA1 10/12/2012 02:45:15.0472536
Insert Area--COMADAVSUR-REGION-AREA2 10/12/2012 02:45:16.9192569
Insert Area--COMADAVSUR-REGION-AREA3 10/12/2012 02:45:18.7912602
Insert Area--DAVAO/COMVAL-REGION-AREA1 10/12/2012 02:45:20.6788635
Insert Area--DAVAO/COMVAL-REGION-AREA2 10/12/2012 02:45:22.5508668
Insert Area--DAVAO/COMVAL-REGION-AREA3 10/12/2012 02:45:24.4228701
Insert Area--DAVAO/COMVAL-REGION-AREA4 10/12/2012 02:45:26.2948734
Insert Area--DAVAO/COMVAL-REGION-AREA5 10/12/2012 02:45:28.1824767
Insert Area--GUIMARAS-ILOILO-REGION-AREA1 10/12/2012 02:45:30.0544800
Insert Area--GUIMARAS-ILOILO-REGION-AREA2 10/12/2012 02:45:32.0356835
Insert Area--GUIMARAS-ILOILO-REGION-AREA3 10/12/2012 02:45:33.9232868
Insert Area--GUIMARAS-ILOILO-REGION-AREA4 10/12/2012 02:45:35.7952901
Insert Area--GUIMARAS-ILOILO-REGION-AREA5 10/12/2012 02:45:37.7452935
Insert Area--HO 10/12/2012 02:45:39.7420970
Insert Area--LEYTE-REGION-AREA1 10/12/2012 02:45:41.6297003
Insert Area--LEYTE-REGION-AREA2 10/12/2012 02:45:43.5017036
Insert Area--LEYTE-REGION-AREA3 10/12/2012 02:45:45.3893069
Insert Area--LEYTE-REGION-AREA4 10/12/2012 02:45:47.2769102
Insert Area--LUZON-SHOWROOMS 10/12/2012 02:45:49.1645135
Insert Area--MINDANAO-SHOWROOMS 10/12/2012 02:45:51.0989169
Insert Area--NCR-SHOWROOMS 10/12/2012 02:45:53.0645204
Insert Area--NEG.OR-SIQUIJOR-REGION-AREA1 10/12/2012 02:45:55.0145238
Insert Area--NEG.OR-SIQUIJOR-REGION-AREA2 10/12/2012 02:45:56.9177272
Insert Area--NEG.OR-SIQUIJOR-REGION-AREA3 10/12/2012 02:45:58.7897305
Insert Area--NEGROS-OCC-REGION-AREA1 10/12/2012 02:46:00.6617337
Insert Area--NEGROS-OCC-REGION-AREA2 10/12/2012 02:46:02.5649371
Insert Area--NEGROS-OCC-REGION-AREA3 10/12/2012 02:46:04.4837405
Insert Area--NEGROS-OCC-REGION-AREA4 10/12/2012 02:46:06.3713438
Insert Area--NEGROS-OCC-REGION-AREA5 10/12/2012 02:46:08.2745471
Insert Area--SAMAR-REGION-AREA1 10/12/2012 02:46:10.1465504
Insert Area--SAMAR-REGION-AREA2 10/12/2012 02:46:12.0185537
Insert Area--SAMAR-REGION-AREA3 10/12/2012 02:46:13.8905570
Insert Area--SAMAR-REGION-AREA4 10/12/2012 02:46:15.7625603
Insert Area--SOCSKSARGEN-MINDANAO-AREA1 10/12/2012 02:46:17.6345636
Insert Area--SOCSKSARGEN-MINDANAO-AREA2 10/12/2012 02:46:19.5065668
Insert Area--SOCSKSARGEN-MINDANAO-AREA3 10/12/2012 02:46:21.3785701
Insert Area--SOCSKSARGEN-MINDANAO-AREA4 10/12/2012 02:46:23.2505734
Insert Area--VISAYAS-SHOWROOMS 10/12/2012 02:46:25.1381767
Insert Area--YANGAN CAMBUNAO-REGION-AREA1 10/12/2012 02:46:27.0101800
Insert Area--YANGAN CAMBUNAO-REGION-AREA2 10/12/2012 02:46:28.8977833
Insert Area--YANGAN CAMBUNAO-REGION-AREA3 10/12/2012 02:46:30.8477868
Insert Area--YANGAN CAMBUNAO-REGION-AREA4 10/12/2012 02:46:32.7821902
Insert Area--YANGAN CAMBUNAO-REGION-AREA5 10/12/2012 02:46:34.6697935
Insert Area--ZAMBASTA-MINDANAO-AREA1 10/12/2012 02:46:36.5417968
Insert Area--ZAMBASTA-MINDANAO-AREA2 10/12/2012 02:46:38.4294001
Insert Area--ZAMBASTA-MINDANAO-AREA3 10/12/2012 02:46:40.3014034
Insert Area--ZAMISLAN-REGION-AREA1 10/12/2012 02:46:42.1578066
Insert Area--ZAMISLAN-REGION-AREA2 10/12/2012 02:46:44.0298099
Insert Area--ZAMISLAN-REGION-AREA3 10/12/2012 02:46:45.9018132
Insert Area--ZAMISLAN-REGION-AREA4 10/12/2012 02:46:47.7738165
Insert Area--ZAMISLAN-REGION-AREA5 10/12/2012 02:46:49.6458198
Insert Area--ZAMSIBUGAY-REGION-AREA1 10/12/2012 02:46:51.5178231
Insert Area--ZAMSIBUGAY-REGION-AREA2 10/12/2012 02:46:53.3898264
Insert Area--ZAMSIBUGAY-REGION-AREA3 10/12/2012 02:46:55.2618296
Insert Area--ZAMSIBUGAY-REGION-AREA4 10/12/2012 02:46:57.1182329
Insert region--BOHOL-REGION 10/12/2012 02:46:57.8046341
Insert region--CAAR-REGION 10/12/2012 02:46:58.1322347
Insert region--CAGAYAN-REGION 10/12/2012 02:46:58.4286352
Insert region--CARAGA-REGION 10/12/2012 02:46:58.7406357
Insert region--Cebu Central 10/12/2012 02:46:59.0526363
Insert region--Cebu North 10/12/2012 02:46:59.3646368
Insert region--Cebu South 10/12/2012 02:46:59.6610374
Insert region--COMADAVSUR-REGION 10/12/2012 02:46:59.9730379
Insert region--DAVAO/COMVAL-MINDANAO-REGION 10/12/2012 02:47:00.2850385
Insert region--GUIMARAS-ILOILO-REGION 10/12/2012 02:47:00.5970390
Insert region--HO 10/12/2012 02:47:00.9090396
Insert region--LA-SHOWROOMS 10/12/2012 02:47:01.2210401
Insert region--LEYTE-REGION 10/12/2012 02:47:01.5330407
Insert region--LUZON/NCR-SHOWROOMS 10/12/2012 02:47:01.8450412
Insert region--NEG.OR-SIQUIJOR-REGION 10/12/2012 02:47:02.1570418
Insert region--NEGROS-OCC-REGION 10/12/2012 02:47:02.4690423
Insert region--SAMAR-REGION 10/12/2012 02:47:02.7966429
Insert region--SOCSKSARGEN-MINDANAO-REGION 10/12/2012 02:47:03.1086434
Insert region--VISMIN-SHOWROOMS 10/12/2012 02:47:03.4362440
Insert region--YANGAN CAMBUNAO-REGION 10/12/2012 02:47:03.7482445
Insert region--ZAMBASTA-MINDANAO-REGION 10/12/2012 02:47:04.0602451
Insert region--ZAMISLAN-MINDANAO-REGION 10/12/2012 02:47:04.3722456
Insert region--ZAMSIBUGAY-REGION 10/12/2012 02:47:04.6842462
Insert Vismin Wide--  10/12/2012 02:47:04.9962467
Insert Area--<none> 10/12/2012 00:00:02.4811419
Insert Area--BOHOL-REGION-AREA1 10/12/2012 00:00:04.4332536
Insert Area--BOHOL-REGION-AREA2 10/12/2012 00:00:13.0217448
Insert Area--BOHOL-REGION-AREA3 10/12/2012 00:00:19.9221395
Insert Area--CAAR-REGION-AREA1 10/12/2012 00:00:21.8052472
Insert Area--CAAR-REGION-AREA2 10/12/2012 00:00:23.7013556
Insert Area--CAAR-REGION-AREA3 10/12/2012 00:00:25.6014643
Insert Area--CAAR-REGION-AREA4 10/12/2012 00:00:27.4795717
Insert Area--CAAR-REGION-AREA5 10/12/2012 00:00:29.3586792
Insert Area--CAGAYAN-REGION-AREA4 10/12/2012 00:00:31.2577878
Insert Area--CARAGA-REGION-AREA1 10/12/2012 00:00:33.1368953
Insert Area--CARAGA-REGION-AREA2 10/12/2012 00:00:35.0340038
Insert Area--CARAGA-REGION-AREA3 10/12/2012 00:00:36.9141114
Insert Area--CARAGA-REGION-AREA4 10/12/2012 00:00:38.8052195
Insert Area--Cebu Central A 10/12/2012 00:00:40.6963277
Insert Area--Cebu Central B 10/12/2012 00:00:42.6374387
Insert Area--Cebu Central C 10/12/2012 00:00:44.6055513
Insert Area--Cebu Central D 10/12/2012 00:00:46.5376618
Insert Area--Cebu North A 10/12/2012 00:00:48.4187694
Insert Area--Cebu North B 10/12/2012 00:00:50.2828760
Insert Area--Cebu North C 10/12/2012 00:00:52.1699839
Insert Area--Cebu North D 10/12/2012 00:00:54.0380908
Insert Area--Cebu South A 10/12/2012 00:00:55.9441998
Insert Area--Cebu South B 10/12/2012 00:00:57.8213072
Insert Area--Cebu South C 10/12/2012 00:00:59.7104152
Insert Area--CEBU SOUTH D 10/12/2012 00:01:01.6145241
Insert Area--CEBU SOUTH E 10/12/2012 00:01:03.5026321
Insert Area--COMADAVSUR-REGION-AREA1 10/12/2012 00:01:05.5737506
Insert Area--COMADAVSUR-REGION-AREA2 10/12/2012 00:01:07.4878601
Insert Area--COMADAVSUR-REGION-AREA3 10/12/2012 00:01:09.3569670
Insert Area--DAVAO/COMVAL-REGION-AREA1 10/12/2012 00:01:11.2620759
Insert Area--DAVAO/COMVAL-REGION-AREA2 10/12/2012 00:01:13.1511840
Insert Area--DAVAO/COMVAL-REGION-AREA3 10/12/2012 00:01:15.0322916
Insert Area--DAVAO/COMVAL-REGION-AREA4 10/12/2012 00:01:16.9274000
Insert Area--DAVAO/COMVAL-REGION-AREA5 10/12/2012 00:01:18.7845062
Insert Area--GUIMARAS-ILOILO-REGION-AREA1 10/12/2012 00:01:20.6426125
Insert Area--GUIMARAS-ILOILO-REGION-AREA2 10/12/2012 00:01:22.5707228
Insert Area--GUIMARAS-ILOILO-REGION-AREA3 10/12/2012 00:01:24.4398297
Insert Area--GUIMARAS-ILOILO-REGION-AREA4 10/12/2012 00:01:26.3109367
Insert Area--GUIMARAS-ILOILO-REGION-AREA5 10/12/2012 00:01:28.2140455
Insert Area--HO 10/12/2012 00:01:30.0991534
Insert Area--LEYTE-REGION-AREA1 10/12/2012 00:01:31.9892615
Insert Area--LEYTE-REGION-AREA2 10/12/2012 00:01:33.8903702
Insert Area--LEYTE-REGION-AREA3 10/12/2012 00:01:35.7694777
Insert Area--LEYTE-REGION-AREA4 10/12/2012 00:01:37.6445849
Insert Area--LUZON-SHOWROOMS 10/12/2012 00:01:39.5326929
Insert Area--MINDANAO-SHOWROOMS 10/12/2012 00:01:41.4238011
Insert Area--NCR-SHOWROOMS 10/12/2012 00:01:43.3469111
Insert Area--NEG.OR-SIQUIJOR-REGION-AREA1 10/12/2012 00:01:45.2330190
Insert Area--NEG.OR-SIQUIJOR-REGION-AREA2 10/12/2012 00:01:47.1191269
Insert Area--NEG.OR-SIQUIJOR-REGION-AREA3 10/12/2012 00:01:49.0342364
Insert Area--NEGROS-OCC-REGION-AREA1 10/12/2012 00:01:51.0213500
Insert Area--NEGROS-OCC-REGION-AREA2 10/12/2012 00:01:52.9634611
Insert Area--NEGROS-OCC-REGION-AREA3 10/12/2012 00:01:54.8515691
Insert Area--NEGROS-OCC-REGION-AREA4 10/12/2012 00:01:56.7376770
Insert Area--NEGROS-OCC-REGION-AREA5 10/12/2012 00:01:58.6497864
Insert Area--SAMAR-REGION-AREA1 10/12/2012 00:02:00.5198933
Insert Area--SAMAR-REGION-AREA2 10/12/2012 00:02:02.3870001
Insert Area--SAMAR-REGION-AREA3 10/12/2012 00:02:04.2701078
Insert Area--SAMAR-REGION-AREA4 10/12/2012 00:02:06.1472152
Insert Area--SOCSKSARGEN-MINDANAO-AREA1 10/12/2012 00:02:08.0263227
Insert Area--SOCSKSARGEN-MINDANAO-AREA2 10/12/2012 00:02:11.6285287
Insert Area--SOCSKSARGEN-MINDANAO-AREA3 10/12/2012 00:02:13.5106364
Insert Area--SOCSKSARGEN-MINDANAO-AREA4 10/12/2012 00:02:15.3997444
Insert Area--VISAYAS-SHOWROOMS 10/12/2012 00:02:17.2928527
Insert Area--YANGAN CAMBUNAO-REGION-AREA1 10/12/2012 00:02:19.1749603
Insert Area--YANGAN CAMBUNAO-REGION-AREA2 10/12/2012 00:02:21.0630683
Insert Area--YANGAN CAMBUNAO-REGION-AREA3 10/12/2012 00:02:22.9661772
Insert Area--YANGAN CAMBUNAO-REGION-AREA4 10/12/2012 00:02:24.8532851
Insert Area--YANGAN CAMBUNAO-REGION-AREA5 10/12/2012 00:02:26.7463934
Insert Area--ZAMBASTA-MINDANAO-AREA1 10/12/2012 00:02:28.6385016
Insert Area--ZAMBASTA-MINDANAO-AREA2 10/12/2012 00:02:30.5086086
Insert Area--ZAMBASTA-MINDANAO-AREA3 10/12/2012 00:02:32.3807157
Insert Area--ZAMISLAN-REGION-AREA1 10/12/2012 00:02:34.2808243
Insert Area--ZAMISLAN-REGION-AREA2 10/12/2012 00:02:36.1549315
Insert Area--ZAMISLAN-REGION-AREA3 10/12/2012 00:02:38.0460397
Insert Area--ZAMISLAN-REGION-AREA4 10/12/2012 00:02:39.9261472
Insert Area--ZAMISLAN-REGION-AREA5 10/12/2012 00:02:41.8272560
Insert Area--ZAMSIBUGAY-REGION-AREA1 10/12/2012 00:02:43.7343651
Insert Area--ZAMSIBUGAY-REGION-AREA2 10/12/2012 00:02:45.6324736
Insert Area--ZAMSIBUGAY-REGION-AREA3 10/12/2012 00:02:47.6375883
Insert Area--ZAMSIBUGAY-REGION-AREA4 10/12/2012 00:02:49.5756992
Insert region--BOHOL-REGION 10/12/2012 00:02:50.3587440
Insert region--CAAR-REGION 10/12/2012 00:02:51.1387886
Insert region--CAGAYAN-REGION 10/12/2012 00:02:51.9318339
Insert region--CARAGA-REGION 10/12/2012 00:02:52.7028780
Insert region--Cebu Central 10/12/2012 00:02:53.4859228
Insert region--Cebu North 10/12/2012 00:02:54.2819683
Insert region--Cebu South 10/12/2012 00:02:55.0870144
Insert region--COMADAVSUR-REGION 10/12/2012 00:02:55.8680591
Insert region--DAVAO/COMVAL-MINDANAO-REGION 10/12/2012 00:02:56.6541040
Insert region--GUIMARAS-ILOILO-REGION 10/12/2012 00:02:57.4771511
Insert region--HO 10/12/2012 00:02:58.2491953
Insert region--LA-SHOWROOMS 10/12/2012 00:02:59.0352402
Insert region--LEYTE-REGION 10/12/2012 00:02:59.8582873
Insert region--LUZON/NCR-SHOWROOMS 10/12/2012 00:03:00.6333316
Insert region--NEG.OR-SIQUIJOR-REGION 10/12/2012 00:03:01.3913750
Insert region--NEGROS-OCC-REGION 10/12/2012 00:03:02.1634191
Insert region--SAMAR-REGION 10/12/2012 00:03:02.9514642
Insert region--SOCSKSARGEN-MINDANAO-REGION 10/12/2012 00:03:03.7195081
Insert region--VISMIN-SHOWROOMS 10/12/2012 00:03:04.4945525
Insert region--YANGAN CAMBUNAO-REGION 10/12/2012 00:03:05.2655966
Insert region--ZAMBASTA-MINDANAO-REGION 10/12/2012 00:03:06.0126393
Insert region--ZAMISLAN-MINDANAO-REGION 10/12/2012 00:03:06.7786831
Insert region--ZAMSIBUGAY-REGION 10/12/2012 00:03:07.5957299
Insert Vismin Wide--  10/12/2012 00:03:07.8677454
