Insert Area--<none> 10/5/2012 00:00:42.2066982
Insert Area--BOHOL-REGION-AREA1 10/5/2012 00:00:44.0728049
Insert Area--BOHOL-REGION-AREA2 10/5/2012 00:00:45.9349114
Insert Area--BOHOL-REGION-AREA3 10/5/2012 00:00:47.8370202
Insert Area--CAAR-REGION-AREA1 10/5/2012 00:00:49.7101273
Insert Area--CAAR-REGION-AREA2 10/5/2012 00:00:51.5972353
Insert Area--CAAR-REGION-AREA3 10/5/2012 00:00:53.4663422
Insert Area--CAAR-REGION-AREA4 10/5/2012 00:00:55.3514500
Insert Area--CAAR-REGION-AREA5 10/5/2012 00:00:57.2185568
Insert Area--CAGAYAN-REGION-AREA4 10/5/2012 00:00:59.1466671
Insert Area--CARAGA-REGION-AREA1 10/5/2012 00:01:01.0217743
Insert Area--CARAGA-REGION-AREA2 10/5/2012 00:01:02.8998818
Insert Area--CARAGA-REGION-AREA3 10/5/2012 00:01:04.7779892
Insert Area--CARAGA-REGION-AREA4 10/5/2012 00:01:06.6530964
Insert Area--Cebu Central A 10/5/2012 00:01:08.5402044
Insert Area--Cebu Central B 10/5/2012 00:01:10.4403130
Insert Area--Cebu Central C 10/5/2012 00:01:12.3774238
Insert Area--Cebu Central D 10/5/2012 00:01:14.2815328
Insert Area--Cebu North A 10/5/2012 00:01:16.1606402
Insert Area--Cebu North B 10/5/2012 00:01:18.0487482
Insert Area--Cebu North C 10/5/2012 00:01:19.9188552
Insert Area--Cebu North D 10/5/2012 00:01:21.7909623
Insert Area--Cebu South A 10/5/2012 00:01:23.6630693
Insert Area--Cebu South B 10/5/2012 00:01:25.5351764
Insert Area--Cebu South C 10/5/2012 00:01:27.4102837
Insert Area--CEBU SOUTH D 10/5/2012 00:01:29.2723902
Insert Area--CEBU SOUTH E 10/5/2012 00:01:31.1394970
Insert Area--COMADAVSUR-REGION-AREA1 10/5/2012 00:01:33.0066038
Insert Area--COMADAVSUR-REGION-AREA2 10/5/2012 00:01:34.9107127
Insert Area--COMADAVSUR-REGION-AREA3 10/5/2012 00:01:36.7798196
Insert Area--DAVAO/COMVAL-REGION-AREA1 10/5/2012 00:01:38.6529267
Insert Area--DAVAO/COMVAL-REGION-AREA2 10/5/2012 00:01:40.5490352
Insert Area--DAVAO/COMVAL-REGION-AREA3 10/5/2012 00:02:04.1003822
Insert Area--DAVAO/COMVAL-REGION-AREA4 10/5/2012 00:02:05.9694891
Insert Area--DAVAO/COMVAL-REGION-AREA5 10/5/2012 00:02:07.8395961
Insert Area--GUIMARAS-ILOILO-REGION-AREA1 10/5/2012 00:02:09.7027027
Insert Area--GUIMARAS-ILOILO-REGION-AREA2 10/5/2012 00:02:11.5658092
Insert Area--GUIMARAS-ILOILO-REGION-AREA3 10/5/2012 00:02:13.4379163
Insert Area--GUIMARAS-ILOILO-REGION-AREA4 10/5/2012 00:02:15.3230241
Insert Area--<none> 10/5/2012 00:00:28.6062930
Insert Area--BOHOL-REGION-AREA1 10/5/2012 00:00:30.4663994
Insert Area--BOHOL-REGION-AREA2 10/5/2012 00:00:32.3275058
Insert Area--BOHOL-REGION-AREA3 10/5/2012 00:00:34.1846121
Insert Area--CAAR-REGION-AREA1 10/5/2012 00:00:36.0697199
Insert Area--CAAR-REGION-AREA2 10/5/2012 00:00:37.9528276
Insert Area--CAAR-REGION-AREA3 10/5/2012 00:00:39.8269348
Insert Area--<none> 10/6/2012 00:01:06.6048354
Insert Area--BOHOL-REGION-AREA1 10/6/2012 00:01:08.4859430
Insert Area--BOHOL-REGION-AREA2 10/6/2012 00:01:10.3620503
Insert Area--BOHOL-REGION-AREA3 10/6/2012 00:01:12.3251626
Insert Area--CAAR-REGION-AREA1 10/6/2012 00:01:14.2382720
Insert Area--CAAR-REGION-AREA2 10/6/2012 00:01:16.1553816
Insert Area--CAAR-REGION-AREA3 10/6/2012 00:01:18.0244886
Insert Area--CAAR-REGION-AREA4 10/6/2012 00:01:19.8895952
Insert Area--CAAR-REGION-AREA5 10/6/2012 00:01:21.7717029
Insert Area--CAGAYAN-REGION-AREA4 10/6/2012 00:01:23.6418098
Insert Area--CARAGA-REGION-AREA1 10/6/2012 00:01:25.5099167
Insert Area--CARAGA-REGION-AREA2 10/6/2012 00:01:27.3740233
Insert Area--CARAGA-REGION-AREA3 10/6/2012 00:01:29.2531308
Insert Area--CARAGA-REGION-AREA4 10/6/2012 00:01:31.1262379
Insert Area--Cebu Central A 10/6/2012 00:01:33.0063455
Insert Area--Cebu Central B 10/6/2012 00:01:34.8744523
Insert Area--Cebu Central C 10/6/2012 00:01:36.7495596
Insert Area--Cebu Central D 10/6/2012 00:01:38.6316672
Insert Area--Cebu North A 10/6/2012 00:01:40.5147749
Insert Area--Cebu North B 10/6/2012 00:01:42.3878821
Insert Area--Cebu North C 10/6/2012 00:01:44.2599891
Insert Area--Cebu North D 10/6/2012 00:01:46.1340963
Insert Area--Cebu South A 10/6/2012 00:01:48.0052033
Insert Area--Cebu South B 10/6/2012 00:01:49.8743103
Insert Area--Cebu South C 10/6/2012 00:01:51.7504176
Insert Area--CEBU SOUTH D 10/6/2012 00:01:53.6225246
Insert Area--CEBU SOUTH E 10/6/2012 00:01:55.4966318
Insert Area--COMADAVSUR-REGION-AREA1 10/6/2012 00:01:57.3687389
Insert Area--COMADAVSUR-REGION-AREA2 10/6/2012 00:01:59.2418460
Insert Area--COMADAVSUR-REGION-AREA3 10/6/2012 00:02:01.1279539
Insert Area--DAVAO/COMVAL-REGION-AREA1 10/6/2012 00:02:03.0010611
Insert Area--DAVAO/COMVAL-REGION-AREA2 10/6/2012 00:02:04.8741682
Insert Area--<none> 10/6/2012 00:00:10.3891366
Insert Area--BOHOL-REGION-AREA1 10/6/2012 00:00:12.3122466
Insert Area--BOHOL-REGION-AREA2 10/6/2012 00:00:14.2093551
Insert Area--BOHOL-REGION-AREA3 10/6/2012 00:00:16.1324651
Insert Area--CAAR-REGION-AREA1 10/6/2012 00:00:18.0305737
Insert Area--CAAR-REGION-AREA2 10/6/2012 00:00:19.9566839
Insert Area--CAAR-REGION-AREA3 10/6/2012 00:00:21.9267965
Insert Area--CAAR-REGION-AREA4 10/6/2012 00:00:23.8599071
Insert Area--CAAR-REGION-AREA5 10/6/2012 00:00:25.7700164
Insert Area--CAGAYAN-REGION-AREA4 10/6/2012 00:00:27.6791255
Insert Area--CARAGA-REGION-AREA1 10/6/2012 00:00:29.5522327
Insert Area--CARAGA-REGION-AREA2 10/6/2012 00:00:31.4353404
Insert Area--CARAGA-REGION-AREA3 10/6/2012 00:00:33.3114477
Insert Area--CARAGA-REGION-AREA4 10/6/2012 00:00:35.1725541
Insert Area--Cebu Central A 10/6/2012 00:00:37.0416611
Insert Area--Cebu Central B 10/6/2012 00:00:38.9097679
Insert Area--Cebu Central C 10/6/2012 00:00:40.7778748
Insert Area--Cebu Central D 10/6/2012 00:00:42.6509819
Insert Area--Cebu North A 10/6/2012 00:00:44.5210889
Insert Area--Cebu North B 10/6/2012 00:00:46.4151972
Insert Area--Cebu North C 10/6/2012 00:00:48.3543081
Insert Area--Cebu North D 10/6/2012 00:00:50.2414160
Insert Area--Cebu South A 10/6/2012 00:00:52.1295240
Insert Area--Cebu South B 10/6/2012 00:00:54.0046313
Insert Area--Cebu South C 10/6/2012 00:00:55.8777384
Insert Area--CEBU SOUTH D 10/6/2012 00:00:57.8278500
Insert Area--CEBU SOUTH E 10/6/2012 00:00:59.7569603
Insert Area--COMADAVSUR-REGION-AREA1 10/6/2012 00:01:01.6900709
Insert Area--COMADAVSUR-REGION-AREA2 10/6/2012 00:01:03.5861793
Insert Area--COMADAVSUR-REGION-AREA3 10/6/2012 00:01:05.4672869
Insert Area--DAVAO/COMVAL-REGION-AREA1 10/6/2012 00:01:07.3443943
Insert Area--DAVAO/COMVAL-REGION-AREA2 10/6/2012 00:01:09.2395027
Insert Area--DAVAO/COMVAL-REGION-AREA3 10/6/2012 00:01:11.1166100
Insert Area--<none> 10/6/2012 00:00:57.8142753
Insert Area--<none> 10/6/2012 00:00:02.4541404
Insert Area--BOHOL-REGION-AREA1 10/6/2012 00:00:04.3662497
Insert Area--BOHOL-REGION-AREA2 10/6/2012 00:00:06.2933599
Insert Area--BOHOL-REGION-AREA3 10/6/2012 00:00:08.2034692
Insert Area--CAAR-REGION-AREA1 10/6/2012 00:00:10.0855769
Insert Area--CAAR-REGION-AREA2 10/6/2012 00:00:11.9636843
Insert Area--CAAR-REGION-AREA3 10/6/2012 00:00:13.8387915
Insert Area--CAAR-REGION-AREA4 10/6/2012 00:00:15.7138988
Insert Area--CAAR-REGION-AREA5 10/6/2012 00:00:17.5850058
Insert Area--CAGAYAN-REGION-AREA4 10/6/2012 00:00:19.4621132
Insert Area--CARAGA-REGION-AREA1 10/6/2012 00:00:21.3592217
Insert Area--CARAGA-REGION-AREA2 10/6/2012 00:00:23.2373291
Insert Area--CARAGA-REGION-AREA3 10/6/2012 00:00:25.1274372
Insert Area--CARAGA-REGION-AREA4 10/6/2012 00:00:27.0385465
Insert Area--Cebu Central A 10/6/2012 00:00:28.9176540
Insert Area--Cebu Central B 10/6/2012 00:00:30.8837664
Insert Area--Cebu Central C 10/6/2012 00:00:32.7958758
Insert Area--Cebu Central D 10/6/2012 00:00:34.6769834
Insert Area--Cebu North A 10/6/2012 00:00:36.5720918
Insert Area--Cebu North B 10/6/2012 00:00:38.4712004
Insert Area--Cebu North C 10/6/2012 00:00:40.3563082
Insert Area--Cebu North D 10/6/2012 00:00:42.2324155
Insert Area--Cebu South A 10/6/2012 00:00:44.1135231
Insert Area--Cebu South B 10/6/2012 00:00:46.0046313
Insert Area--Cebu South C 10/6/2012 00:00:47.8807386
Insert Area--CEBU SOUTH D 10/6/2012 00:00:49.7568459
Insert Area--CEBU SOUTH E 10/6/2012 00:00:51.6269529
Insert Area--COMADAVSUR-REGION-AREA1 10/6/2012 00:00:53.5000600
Insert Area--COMADAVSUR-REGION-AREA2 10/6/2012 00:00:55.3801676
Insert Area--COMADAVSUR-REGION-AREA3 10/6/2012 00:00:57.2512746
Insert Area--DAVAO/COMVAL-REGION-AREA1 10/6/2012 00:00:59.1313821
Insert Area--DAVAO/COMVAL-REGION-AREA2 10/6/2012 00:01:01.0124897
Insert Area--DAVAO/COMVAL-REGION-AREA3 10/6/2012 00:01:02.8905971
Insert Area--DAVAO/COMVAL-REGION-AREA4 10/6/2012 00:01:04.7687045
Insert Area--DAVAO/COMVAL-REGION-AREA5 10/6/2012 00:01:06.6678132
Insert Area--GUIMARAS-ILOILO-REGION-AREA1 10/6/2012 00:01:08.5599214
Insert Area--GUIMARAS-ILOILO-REGION-AREA2 10/6/2012 00:01:10.4610301
Insert Area--GUIMARAS-ILOILO-REGION-AREA3 10/6/2012 00:01:12.3821400
Insert Area--GUIMARAS-ILOILO-REGION-AREA4 10/6/2012 00:01:14.3002497
Insert Area--GUIMARAS-ILOILO-REGION-AREA5 10/6/2012 00:01:16.1973582
Insert Area--HO 10/6/2012 00:01:18.0814660
Insert Area--LEYTE-REGION-AREA1 10/6/2012 00:01:19.9615735
Insert Area--LEYTE-REGION-AREA2 10/6/2012 00:01:21.8456813
Insert Area--LEYTE-REGION-AREA3 10/6/2012 00:01:23.7377895
Insert Area--LEYTE-REGION-AREA4 10/6/2012 00:01:25.6318979
Insert Area--LUZON-SHOWROOMS 10/6/2012 00:01:27.5120054
Insert Area--MINDANAO-SHOWROOMS 10/6/2012 00:01:29.3931130
Insert Area--NCR-SHOWROOMS 10/6/2012 00:01:31.2662201
Insert Area--NEG.OR-SIQUIJOR-REGION-AREA1 10/6/2012 00:01:33.1453276
Insert Area--NEG.OR-SIQUIJOR-REGION-AREA2 10/6/2012 00:01:35.0564369
Insert Area--NEG.OR-SIQUIJOR-REGION-AREA3 10/6/2012 00:01:36.9485451
Insert Area--NEGROS-OCC-REGION-AREA1 10/6/2012 00:01:38.8426535
Insert Area--NEGROS-OCC-REGION-AREA2 10/6/2012 00:01:40.7257612
Insert Area--NEGROS-OCC-REGION-AREA3 10/6/2012 00:01:42.6078688
Insert Area--NEGROS-OCC-REGION-AREA4 10/6/2012 00:01:44.4859762
Insert Area--NEGROS-OCC-REGION-AREA5 10/6/2012 00:01:46.3780845
Insert Area--SAMAR-REGION-AREA1 10/6/2012 00:01:48.2681926
Insert Area--SAMAR-REGION-AREA2 10/6/2012 00:01:50.1603008
Insert Area--SAMAR-REGION-AREA3 10/6/2012 00:01:52.0544091
Insert Area--SAMAR-REGION-AREA4 10/6/2012 00:01:53.9325166
Insert Area--SOCSKSARGEN-MINDANAO-AREA1 10/6/2012 00:01:55.8126241
Insert Area--SOCSKSARGEN-MINDANAO-AREA2 10/6/2012 00:01:57.6967319
Insert Area--SOCSKSARGEN-MINDANAO-AREA3 10/6/2012 00:01:59.5748393
Insert Area--SOCSKSARGEN-MINDANAO-AREA4 10/6/2012 00:02:01.4519466
Insert Area--VISAYAS-SHOWROOMS 10/6/2012 00:02:03.3280540
Insert Area--YANGAN CAMBUNAO-REGION-AREA1 10/6/2012 00:02:05.2101616
Insert Area--YANGAN CAMBUNAO-REGION-AREA2 10/6/2012 00:02:07.1032699
Insert Area--YANGAN CAMBUNAO-REGION-AREA3 10/6/2012 00:02:08.9883777
Insert Area--YANGAN CAMBUNAO-REGION-AREA4 10/6/2012 00:02:10.8654851
Insert Area--YANGAN CAMBUNAO-REGION-AREA5 10/6/2012 00:02:12.7435925
Insert Area--ZAMBASTA-MINDANAO-AREA1 10/6/2012 00:02:14.6427011
Insert Area--ZAMBASTA-MINDANAO-AREA2 10/6/2012 00:02:16.5388096
Insert Area--ZAMBASTA-MINDANAO-AREA3 10/6/2012 00:02:18.5139225
Insert Area--ZAMISLAN-REGION-AREA1 10/6/2012 00:02:20.4730346
Insert Area--ZAMISLAN-REGION-AREA2 10/6/2012 00:02:22.4061452
Insert Area--ZAMISLAN-REGION-AREA3 10/6/2012 00:02:24.2802523
Insert Area--ZAMISLAN-REGION-AREA4 10/6/2012 00:02:26.1733606
Insert Area--ZAMISLAN-REGION-AREA5 10/6/2012 00:02:28.0474678
Insert Area--ZAMSIBUGAY-REGION-AREA1 10/6/2012 00:02:29.9255752
Insert Area--ZAMSIBUGAY-REGION-AREA2 10/6/2012 00:02:31.8056828
Insert Area--ZAMSIBUGAY-REGION-AREA3 10/6/2012 00:02:33.6817901
Insert Area--ZAMSIBUGAY-REGION-AREA4 10/6/2012 00:02:35.5538972
Insert Area--<none> 10/6/2012 00:02:37.4300045
Insert Area--BOHOL-REGION-AREA1 10/6/2012 00:02:39.3111121
Insert Area--BOHOL-REGION-AREA2 10/6/2012 00:02:41.2082206
Insert Area--BOHOL-REGION-AREA3 10/6/2012 00:02:43.1053291
Insert Area--CAAR-REGION-AREA1 10/6/2012 00:02:44.9794363
Insert Area--CAAR-REGION-AREA2 10/6/2012 00:02:46.8645441
Insert Area--CAAR-REGION-AREA3 10/6/2012 00:02:48.7376512
Insert Area--CAAR-REGION-AREA4 10/6/2012 00:02:50.6257592
Insert Area--CAAR-REGION-AREA5 10/6/2012 00:02:52.5168674
Insert Area--CAGAYAN-REGION-AREA4 10/6/2012 00:02:54.3929747
Insert Area--CARAGA-REGION-AREA1 10/6/2012 00:02:56.2750823
Insert Area--CARAGA-REGION-AREA2 10/6/2012 00:02:58.1771911
Insert Area--CARAGA-REGION-AREA3 10/6/2012 00:03:00.0883005
Insert Area--CARAGA-REGION-AREA4 10/6/2012 00:03:02.2954267
Insert Area--Cebu Central A 10/6/2012 00:03:04.1805345
Insert Area--Cebu Central B 10/6/2012 00:03:06.0846434
Insert Area--Cebu Central C 10/6/2012 00:03:07.9747515
Insert Area--Cebu Central D 10/6/2012 00:03:09.8628595
Insert Area--Cebu North A 10/6/2012 00:03:11.7669684
Insert Area--Cebu North B 10/6/2012 00:03:13.6420757
Insert Area--Cebu North C 10/6/2012 00:03:15.5181830
Insert Area--Cebu North D 10/6/2012 00:03:17.4082911
Insert Area--Cebu South A 10/6/2012 00:03:19.2923989
Insert Area--Cebu South B 10/6/2012 00:03:21.1835070
Insert Area--Cebu South C 10/6/2012 00:03:23.0716150
Insert Area--CEBU SOUTH D 10/6/2012 00:03:24.9877246
Insert Area--CEBU SOUTH E 10/6/2012 00:03:26.9518370
Insert Area--COMADAVSUR-REGION-AREA1 10/6/2012 00:03:28.8579460
Insert Area--COMADAVSUR-REGION-AREA2 10/6/2012 00:03:30.7630549
Insert Area--COMADAVSUR-REGION-AREA3 10/6/2012 00:03:32.6471627
Insert Area--DAVAO/COMVAL-REGION-AREA1 10/6/2012 00:03:34.5572720
Insert Area--DAVAO/COMVAL-REGION-AREA2 10/6/2012 00:03:36.4593808
Insert Area--DAVAO/COMVAL-REGION-AREA3 10/6/2012 00:03:38.3814907
Insert Area--DAVAO/COMVAL-REGION-AREA4 10/6/2012 00:03:40.2966002
Insert Area--DAVAO/COMVAL-REGION-AREA5 10/6/2012 00:03:42.1927087
Insert Area--GUIMARAS-ILOILO-REGION-AREA1 10/6/2012 00:03:44.0718162
Insert Area--GUIMARAS-ILOILO-REGION-AREA2 10/6/2012 00:03:45.9809254
Insert Area--GUIMARAS-ILOILO-REGION-AREA3 10/6/2012 00:03:47.8820341
Insert Area--GUIMARAS-ILOILO-REGION-AREA4 10/6/2012 00:03:49.7811427
Insert Area--GUIMARAS-ILOILO-REGION-AREA5 10/6/2012 00:03:51.7182535
Insert Area--HO 10/6/2012 00:03:53.6143620
Insert Area--LEYTE-REGION-AREA1 10/6/2012 00:03:55.5104704
Insert Area--LEYTE-REGION-AREA2 10/6/2012 00:03:57.4395808
Insert Area--LEYTE-REGION-AREA3 10/6/2012 00:03:59.3596906
Insert Area--LEYTE-REGION-AREA4 10/6/2012 00:04:01.2687998
Insert Area--LUZON-SHOWROOMS 10/6/2012 00:04:03.1839093
Insert Area--MINDANAO-SHOWROOMS 10/6/2012 00:04:05.0670170
Insert Area--NCR-SHOWROOMS 10/6/2012 00:04:07.0041278
Insert Area--NEG.OR-SIQUIJOR-REGION-AREA1 10/6/2012 00:04:08.9172372
Insert Area--NEG.OR-SIQUIJOR-REGION-AREA2 10/6/2012 00:04:10.8293466
Insert Area--NEG.OR-SIQUIJOR-REGION-AREA3 10/6/2012 00:04:12.7294553
Insert Area--NEGROS-OCC-REGION-AREA1 10/6/2012 00:04:14.6445648
Insert Area--NEGROS-OCC-REGION-AREA2 10/6/2012 00:04:16.5796755
Insert Area--NEGROS-OCC-REGION-AREA3 10/6/2012 00:04:18.4957851
Insert Area--NEGROS-OCC-REGION-AREA4 10/6/2012 00:04:20.4128948
Insert Area--NEGROS-OCC-REGION-AREA5 10/6/2012 00:04:22.3130034
Insert Area--SAMAR-REGION-AREA1 10/6/2012 00:04:24.3261186
Insert Area--SAMAR-REGION-AREA2 10/6/2012 00:04:26.2462284
Insert Area--SAMAR-REGION-AREA3 10/6/2012 00:04:28.1563377
Insert Area--SAMAR-REGION-AREA4 10/6/2012 00:04:30.1254503
Insert Area--SOCSKSARGEN-MINDANAO-AREA1 10/6/2012 00:04:32.0525605
Insert Area--SOCSKSARGEN-MINDANAO-AREA2 10/6/2012 00:04:33.9846710
Insert Area--SOCSKSARGEN-MINDANAO-AREA3 10/6/2012 00:04:35.9337825
Insert Area--SOCSKSARGEN-MINDANAO-AREA4 10/6/2012 00:04:37.8638929
Insert Area--VISAYAS-SHOWROOMS 10/6/2012 00:04:39.7950033
Insert Area--YANGAN CAMBUNAO-REGION-AREA1 10/6/2012 00:04:41.7251137
Insert Area--YANGAN CAMBUNAO-REGION-AREA2 10/6/2012 00:04:43.6752253
Insert Area--YANGAN CAMBUNAO-REGION-AREA3 10/6/2012 00:04:45.5953351
Insert Area--YANGAN CAMBUNAO-REGION-AREA4 10/6/2012 00:04:47.4854432
Insert Area--YANGAN CAMBUNAO-REGION-AREA5 10/6/2012 00:04:49.3665508
Insert Area--ZAMBASTA-MINDANAO-AREA1 10/6/2012 00:04:51.2606591
Insert Area--ZAMBASTA-MINDANAO-AREA2 10/6/2012 00:04:53.1877694
Insert Area--ZAMBASTA-MINDANAO-AREA3 10/6/2012 00:04:55.0848779
Insert Area--ZAMISLAN-REGION-AREA1 10/6/2012 00:04:56.9659855
Insert Area--ZAMISLAN-REGION-AREA2 10/6/2012 00:04:58.8420928
Insert Area--ZAMISLAN-REGION-AREA3 10/6/2012 00:05:00.7212003
Insert Area--ZAMISLAN-REGION-AREA4 10/6/2012 00:05:02.6023079
Insert Area--ZAMISLAN-REGION-AREA5 10/6/2012 00:05:04.4944161
Insert Area--ZAMSIBUGAY-REGION-AREA1 10/6/2012 00:05:06.4385273
Insert Area--ZAMSIBUGAY-REGION-AREA2 10/6/2012 00:05:08.3736380
Insert Area--ZAMSIBUGAY-REGION-AREA3 10/6/2012 00:05:10.2567457
Insert Area--ZAMSIBUGAY-REGION-AREA4 10/6/2012 00:05:12.1428535
Insert region--BOHOL-REGION 10/6/2012 00:05:12.9088974
Insert region--CAAR-REGION 10/6/2012 00:05:13.6709409
Insert region--CAGAYAN-REGION 10/6/2012 00:05:14.4319845
Insert region--CARAGA-REGION 10/6/2012 00:05:15.1940281
Insert region--Cebu Central 10/6/2012 00:05:15.9600719
Insert region--Cebu North 10/6/2012 00:05:16.7231155
Insert region--Cebu South 10/6/2012 00:05:17.4951597
Insert region--COMADAVSUR-REGION 10/6/2012 00:05:18.2542031
Insert region--DAVAO/COMVAL-MINDANAO-REGION 10/6/2012 00:05:19.0152466
Insert region--GUIMARAS-ILOILO-REGION 10/6/2012 00:05:19.7872908
Insert region--HO 10/6/2012 00:05:20.5443341
Insert region--LA-SHOWROOMS 10/6/2012 00:05:21.3063777
Insert region--LEYTE-REGION 10/6/2012 00:05:22.0654211
Insert region--LUZON/NCR-SHOWROOMS 10/6/2012 00:05:22.8404654
Insert region--NEG.OR-SIQUIJOR-REGION 10/6/2012 00:05:23.6065092
Insert region--NEGROS-OCC-REGION 10/6/2012 00:05:24.3665527
Insert region--SAMAR-REGION 10/6/2012 00:05:25.1305964
Insert region--SOCSKSARGEN-MINDANAO-REGION 10/6/2012 00:05:25.9106410
Insert region--VISMIN-SHOWROOMS 10/6/2012 00:05:26.6736847
Insert region--YANGAN CAMBUNAO-REGION 10/6/2012 00:05:27.4457288
Insert region--ZAMBASTA-MINDANAO-REGION 10/6/2012 00:05:28.2277735
Insert region--ZAMISLAN-MINDANAO-REGION 10/6/2012 00:05:29.0128184
Insert region--ZAMSIBUGAY-REGION 10/6/2012 00:05:29.8168644
Insert region--BOHOL-REGION 10/6/2012 00:05:30.6069096
Insert region--CAAR-REGION 10/6/2012 00:05:31.3869542
Insert region--CAGAYAN-REGION 10/6/2012 00:05:32.1769994
Insert region--CARAGA-REGION 10/6/2012 00:05:32.9590442
Insert region--Cebu Central 10/6/2012 00:05:33.7390888
Insert region--Cebu North 10/6/2012 00:05:34.5071327
Insert region--Cebu South 10/6/2012 00:05:35.2771767
Insert region--COMADAVSUR-REGION 10/6/2012 00:05:36.0472208
Insert region--DAVAO/COMVAL-MINDANAO-REGION 10/6/2012 00:05:36.8632675
Insert region--GUIMARAS-ILOILO-REGION 10/6/2012 00:05:37.7173163
Insert region--HO 10/6/2012 00:05:38.5073615
Insert region--LA-SHOWROOMS 10/6/2012 00:05:39.4134133
Insert region--LEYTE-REGION 10/6/2012 00:05:40.2544614
Insert region--LUZON/NCR-SHOWROOMS 10/6/2012 00:05:41.0505070
Insert region--NEG.OR-SIQUIJOR-REGION 10/6/2012 00:05:41.8365519
Insert region--NEGROS-OCC-REGION 10/6/2012 00:05:42.6245970
Insert region--SAMAR-REGION 10/6/2012 00:05:43.3986413
Insert region--SOCSKSARGEN-MINDANAO-REGION 10/6/2012 00:05:44.1626850
Insert region--VISMIN-SHOWROOMS 10/6/2012 00:05:44.9417295
Insert region--YANGAN CAMBUNAO-REGION 10/6/2012 00:05:45.7277745
Insert region--ZAMBASTA-MINDANAO-REGION 10/6/2012 00:05:46.5038189
Insert region--ZAMISLAN-MINDANAO-REGION 10/6/2012 00:05:47.2778631
Insert region--ZAMSIBUGAY-REGION 10/6/2012 00:05:48.0489072
Insert Vismin Wide--  10/6/2012 00:05:48.3199228
Insert Area--ZAMSIBUGAY-REGION-AREA4 10/6/2012 00:00:02.4911425
Insert region--ZAMSIBUGAY-REGION 10/6/2012 00:00:03.3331906
Insert Vismin Wide--  10/6/2012 00:00:03.5962057
Insert Area--ZAMSIBUGAY-REGION-AREA4 10/6/2012 00:00:06.8833937
Insert region--ZAMSIBUGAY-REGION 10/6/2012 00:00:07.6944401
Update Vismin Wide--  10/6/2012 00:00:07.9564551
Insert Area--ZAMSIBUGAY-REGION-AREA4 10/6/2012 00:00:11.2726447
Insert region--ZAMSIBUGAY-REGION 10/6/2012 00:00:12.0276879
Update Vismin Wide--  10/6/2012 00:00:12.2747021
Insert Area--ZAMSIBUGAY-REGION-AREA4 10/6/2012 00:00:15.7709020
Insert region--ZAMSIBUGAY-REGION 10/6/2012 00:00:16.5439462
Update Vismin Wide--  10/6/2012 00:00:17.1609815
Insert Area--ZAMSIBUGAY-REGION-AREA4 10/6/2012 00:00:20.5261740
Insert region--ZAMSIBUGAY-REGION 10/6/2012 00:00:21.2842174
Update Vismin Wide--  10/6/2012 00:00:21.5512326
Insert Area--ZAMSIBUGAY-REGION-AREA4 10/6/2012 00:00:25.0254314
Insert region--ZAMSIBUGAY-REGION 10/6/2012 00:00:25.7884750
Update Vismin Wide--  10/6/2012 00:00:26.0504900
Insert Area--ZAMSIBUGAY-REGION-AREA4 10/6/2012 00:00:29.4916868
Insert region--ZAMSIBUGAY-REGION 10/6/2012 00:00:30.2607308
Update Vismin Wide--  10/6/2012 00:00:30.5067449
Insert Area--ZAMSIBUGAY-REGION-AREA4 10/6/2012 00:00:33.8299349
Insert region--ZAMSIBUGAY-REGION 10/6/2012 00:00:34.6009790
Update Vismin Wide--  10/6/2012 00:00:34.8639941
Insert Area--ZAMSIBUGAY-REGION-AREA4 10/6/2012 00:00:38.1071796
Insert region--ZAMSIBUGAY-REGION 10/6/2012 00:00:38.8682231
Update Vismin Wide--  10/6/2012 00:00:39.1102370
Insert Area--ZAMSIBUGAY-REGION-AREA4 10/6/2012 00:00:42.4824298
Insert region--ZAMSIBUGAY-REGION 10/6/2012 00:00:43.2494737
Update Vismin Wide--  10/6/2012 00:00:43.5164890
Insert Area--ZAMSIBUGAY-REGION-AREA4 10/6/2012 00:00:46.8606803
Insert region--ZAMSIBUGAY-REGION 10/6/2012 00:00:47.6157234
Update Vismin Wide--  10/6/2012 00:00:47.8897391
Insert Area--ZAMSIBUGAY-REGION-AREA4 10/6/2012 00:00:51.1549259
Insert region--ZAMSIBUGAY-REGION 10/6/2012 00:00:51.9079689
Update Vismin Wide--  10/6/2012 00:00:52.1719840
Insert Area--ZAMSIBUGAY-REGION-AREA4 10/6/2012 00:00:55.3351650
Insert region--ZAMSIBUGAY-REGION 10/6/2012 00:00:56.0892081
Update Vismin Wide--  10/6/2012 00:00:56.3952256
Insert Area--ZAMSIBUGAY-REGION-AREA4 10/6/2012 00:00:59.8664241
Insert region--ZAMSIBUGAY-REGION 10/6/2012 00:01:00.6224674
Update Vismin Wide--  10/6/2012 00:01:00.8884826
Insert Area--<none> 10/6/2012 00:00:02.8801647
Insert Area--BOHOL-REGION-AREA1 10/6/2012 00:00:04.9122810
Insert Area--BOHOL-REGION-AREA2 10/6/2012 00:00:06.7883883
Insert Area--BOHOL-REGION-AREA3 10/6/2012 00:00:08.6854968
Insert Area--CAAR-REGION-AREA1 10/6/2012 00:00:10.6446088
Insert Area--CAAR-REGION-AREA2 10/6/2012 00:00:12.5687189
Insert Area--CAAR-REGION-AREA3 10/6/2012 00:00:14.5058297
Insert Area--CAAR-REGION-AREA4 10/6/2012 00:00:16.4169390
Insert Area--CAAR-REGION-AREA5 10/6/2012 00:00:18.3880517
Insert Area--CAGAYAN-REGION-AREA4 10/6/2012 00:00:20.2631590
Insert Area--CARAGA-REGION-AREA1 10/6/2012 00:00:22.1332659
Insert Area--CARAGA-REGION-AREA2 10/6/2012 00:00:24.0073731
Insert Area--CARAGA-REGION-AREA3 10/6/2012 00:00:25.8794802
Insert Area--CARAGA-REGION-AREA4 10/6/2012 00:00:27.7925896
Insert Area--Cebu Central A 10/6/2012 00:00:29.6846979
Insert Area--Cebu Central B 10/6/2012 00:00:31.5618052
Insert Area--Cebu Central C 10/6/2012 00:00:33.4719145
Insert Area--Cebu Central D 10/6/2012 00:00:35.3690230
Insert Area--Cebu North A 10/6/2012 00:00:37.2591311
Insert Area--Cebu North B 10/6/2012 00:00:39.1772408
Insert Area--Cebu North C 10/6/2012 00:00:41.0883501
Insert Area--Cebu North D 10/6/2012 00:00:43.0544626
Insert Area--Cebu South A 10/6/2012 00:00:44.9645718
Insert Area--Cebu South B 10/6/2012 00:00:46.8856817
Insert Area--Cebu South C 10/6/2012 00:00:48.8587946
Insert Area--CEBU SOUTH D 10/6/2012 00:00:50.7879049
Insert Area--CEBU SOUTH E 10/6/2012 00:00:52.6520115
Insert Area--COMADAVSUR-REGION-AREA1 10/6/2012 00:00:54.5281188
Insert Area--COMADAVSUR-REGION-AREA2 10/6/2012 00:00:56.4202270
Insert Area--COMADAVSUR-REGION-AREA3 10/6/2012 00:00:58.4793448
Insert Area--DAVAO/COMVAL-REGION-AREA1 10/6/2012 00:01:00.3864539
Insert Area--DAVAO/COMVAL-REGION-AREA2 10/6/2012 00:01:02.2505605
Insert Area--DAVAO/COMVAL-REGION-AREA3 10/6/2012 00:01:04.1606698
Insert Area--DAVAO/COMVAL-REGION-AREA4 10/6/2012 00:01:06.5288052
Insert Area--DAVAO/COMVAL-REGION-AREA5 10/6/2012 00:01:08.5209192
Insert Area--GUIMARAS-ILOILO-REGION-AREA1 10/6/2012 00:01:10.4780311
Insert Area--GUIMARAS-ILOILO-REGION-AREA2 10/6/2012 00:01:12.4011411
Insert Area--GUIMARAS-ILOILO-REGION-AREA3 10/6/2012 00:01:14.3362518
Insert Area--GUIMARAS-ILOILO-REGION-AREA4 10/6/2012 00:01:16.3653678
Insert Area--GUIMARAS-ILOILO-REGION-AREA5 10/6/2012 00:01:18.3614820
Insert Area--HO 10/6/2012 00:01:20.3285945
Insert Area--LEYTE-REGION-AREA1 10/6/2012 00:01:22.2227029
Insert Area--LEYTE-REGION-AREA2 10/6/2012 00:01:24.1318121
Insert Area--LEYTE-REGION-AREA3 10/6/2012 00:01:26.2899355
Insert Area--LEYTE-REGION-AREA4 10/6/2012 00:01:28.5100625
Insert Area--LUZON-SHOWROOMS 10/6/2012 00:01:30.3681688
Insert Area--MINDANAO-SHOWROOMS 10/6/2012 00:01:32.2562767
Insert Area--NCR-SHOWROOMS 10/6/2012 00:01:34.1203834
Insert Area--NEG.OR-SIQUIJOR-REGION-AREA1 10/6/2012 00:01:36.0104915
Insert Area--NEG.OR-SIQUIJOR-REGION-AREA2 10/6/2012 00:01:37.8875988
Insert Area--NEG.OR-SIQUIJOR-REGION-AREA3 10/6/2012 00:01:39.7547056
Insert Area--NEGROS-OCC-REGION-AREA1 10/6/2012 00:01:41.6308129
Insert Area--NEGROS-OCC-REGION-AREA2 10/6/2012 00:01:43.5339218
Insert Area--NEGROS-OCC-REGION-AREA3 10/6/2012 00:01:45.3960283
Insert Area--NEGROS-OCC-REGION-AREA4 10/6/2012 00:01:47.3001372
Insert Area--NEGROS-OCC-REGION-AREA5 10/6/2012 00:01:49.1872451
Insert Area--SAMAR-REGION-AREA1 10/6/2012 00:01:51.0863538
Insert Area--SAMAR-REGION-AREA2 10/6/2012 00:01:53.0364653
Insert Area--SAMAR-REGION-AREA3 10/6/2012 00:01:54.9285735
Insert Area--SAMAR-REGION-AREA4 10/6/2012 00:01:56.8716847
Insert Area--SOCSKSARGEN-MINDANAO-AREA1 10/6/2012 00:01:58.8297967
Insert Area--SOCSKSARGEN-MINDANAO-AREA2 10/6/2012 00:02:00.7929089
Insert Area--SOCSKSARGEN-MINDANAO-AREA3 10/6/2012 00:02:02.7700220
Insert Area--SOCSKSARGEN-MINDANAO-AREA4 10/6/2012 00:02:04.6881317
Insert Area--VISAYAS-SHOWROOMS 10/6/2012 00:02:06.6902463
Insert Area--YANGAN CAMBUNAO-REGION-AREA1 10/6/2012 00:02:08.5753541
Insert Area--YANGAN CAMBUNAO-REGION-AREA2 10/6/2012 00:02:10.4544616
Insert Area--YANGAN CAMBUNAO-REGION-AREA3 10/6/2012 00:02:12.3415695
Insert Area--YANGAN CAMBUNAO-REGION-AREA4 10/6/2012 00:02:14.2626794
Insert Area--YANGAN CAMBUNAO-REGION-AREA5 10/6/2012 00:02:16.1737887
Insert Area--ZAMBASTA-MINDANAO-AREA1 10/6/2012 00:02:18.0618967
Insert Area--ZAMBASTA-MINDANAO-AREA2 10/6/2012 00:02:19.9580051
Insert Area--ZAMBASTA-MINDANAO-AREA3 10/6/2012 00:02:21.8771149
Insert Area--ZAMISLAN-REGION-AREA1 10/6/2012 00:02:23.7742234
Insert Area--ZAMISLAN-REGION-AREA2 10/6/2012 00:02:25.6583312
Insert Area--ZAMISLAN-REGION-AREA3 10/6/2012 00:02:27.5404388
Insert Area--ZAMISLAN-REGION-AREA4 10/6/2012 00:02:29.6015567
Insert Area--ZAMISLAN-REGION-AREA5 10/6/2012 00:02:31.4836644
Insert Area--ZAMSIBUGAY-REGION-AREA1 10/6/2012 00:02:33.3637719
Insert Area--ZAMSIBUGAY-REGION-AREA2 10/6/2012 00:02:35.2578802
Insert Area--ZAMSIBUGAY-REGION-AREA3 10/6/2012 00:02:37.1389878
Insert Area--ZAMSIBUGAY-REGION-AREA4 10/6/2012 00:02:39.0350963
Insert region--BOHOL-REGION 10/6/2012 00:02:39.8021401
Insert region--CAAR-REGION 10/6/2012 00:02:40.6081863
Insert region--CAGAYAN-REGION 10/6/2012 00:02:41.5312390
Insert region--CARAGA-REGION 10/6/2012 00:02:42.2752816
Insert region--Cebu Central 10/6/2012 00:02:43.0163240
Insert region--Cebu North 10/6/2012 00:02:43.7923684
Insert region--Cebu South 10/6/2012 00:02:44.5614124
Insert region--COMADAVSUR-REGION 10/6/2012 00:02:45.3154555
Insert region--DAVAO/COMVAL-MINDANAO-REGION 10/6/2012 00:02:46.0654984
Insert region--GUIMARAS-ILOILO-REGION 10/6/2012 00:02:46.8075408
Insert region--HO 10/6/2012 00:02:47.5495833
Insert region--LA-SHOWROOMS 10/6/2012 00:02:48.2996262
Insert region--LEYTE-REGION 10/6/2012 00:02:49.0446688
Insert region--LUZON/NCR-SHOWROOMS 10/6/2012 00:02:49.8037122
Insert region--NEG.OR-SIQUIJOR-REGION 10/6/2012 00:02:50.5697560
Insert region--NEGROS-OCC-REGION 10/6/2012 00:02:51.3097984
Insert region--SAMAR-REGION 10/6/2012 00:02:52.2408516
Insert region--SOCSKSARGEN-MINDANAO-REGION 10/6/2012 00:02:52.9878943
Insert region--VISMIN-SHOWROOMS 10/6/2012 00:02:53.7399373
Insert region--YANGAN CAMBUNAO-REGION 10/6/2012 00:02:54.5179818
Insert region--ZAMBASTA-MINDANAO-REGION 10/6/2012 00:02:55.2750251
Insert region--ZAMISLAN-MINDANAO-REGION 10/6/2012 00:02:56.0300683
Insert region--ZAMSIBUGAY-REGION 10/6/2012 00:02:56.8191135
Insert Vismin Wide--  10/6/2012 00:02:57.1591329
Insert Area--<none> 10/6/2012 00:00:02.4331392
Insert Area--BOHOL-REGION-AREA1 10/6/2012 00:00:04.3952514
Insert Area--BOHOL-REGION-AREA2 10/6/2012 00:00:11.9486835
Insert Area--BOHOL-REGION-AREA3 10/6/2012 00:00:13.8327912
Insert Area--CAAR-REGION-AREA1 10/6/2012 00:00:15.7228993
Insert Area--CAAR-REGION-AREA2 10/6/2012 00:00:17.6060070
Insert Area--CAAR-REGION-AREA3 10/6/2012 00:00:19.4981153
Insert Area--CAAR-REGION-AREA4 10/6/2012 00:00:21.3812230
Insert Area--CAAR-REGION-AREA5 10/6/2012 00:00:23.2653307
Insert Area--CAGAYAN-REGION-AREA4 10/6/2012 00:00:25.1444382
Insert Area--CARAGA-REGION-AREA1 10/6/2012 00:00:27.0255458
Insert Area--CARAGA-REGION-AREA2 10/6/2012 00:00:28.9446556
Insert Area--CARAGA-REGION-AREA3 10/6/2012 00:00:30.8757660
Insert Area--CARAGA-REGION-AREA4 10/6/2012 00:00:32.8268776
Insert Area--Cebu Central A 10/6/2012 00:00:34.7049850
Insert Area--Cebu Central B 10/6/2012 00:00:36.5880928
Insert Area--Cebu Central C 10/6/2012 00:00:38.4632000
Insert Area--Cebu Central D 10/6/2012 00:00:40.3433075
Insert Area--Cebu North A 10/6/2012 00:00:42.2474164
Insert Area--Cebu North B 10/6/2012 00:00:44.1225237
Insert Area--Cebu North C 10/6/2012 00:00:46.0056314
Insert Area--Cebu North D 10/6/2012 00:00:47.8837388
Insert Area--Cebu South A 10/6/2012 00:00:49.7718468
Insert Area--Cebu South B 10/6/2012 00:00:51.6589548
Insert Area--<none> 10/6/2012 00:00:02.5751473
Insert Area--BOHOL-REGION-AREA1 10/6/2012 00:00:04.5102580
Insert Area--BOHOL-REGION-AREA2 10/6/2012 00:00:06.4103666
Insert Area--BOHOL-REGION-AREA3 10/6/2012 00:00:08.2854739
Insert Area--CAAR-REGION-AREA1 10/6/2012 00:00:10.1635813
Insert Area--CAAR-REGION-AREA2 10/6/2012 00:00:12.0476891
Insert Area--CAAR-REGION-AREA3 10/6/2012 00:00:13.9347970
Insert Area--CAAR-REGION-AREA4 10/6/2012 00:00:15.8519067
Insert Area--CAAR-REGION-AREA5 10/6/2012 00:00:17.7510153
Insert Area--CAGAYAN-REGION-AREA4 10/6/2012 00:00:19.9261397
Insert Area--CARAGA-REGION-AREA1 10/6/2012 00:00:21.8072473
Insert Area--CARAGA-REGION-AREA2 10/6/2012 00:00:23.7413579
Insert Area--CARAGA-REGION-AREA3 10/6/2012 00:00:25.6794688
Insert Area--CARAGA-REGION-AREA4 10/6/2012 00:00:27.6155795
Insert Area--Cebu Central A 10/6/2012 00:00:29.5336892
Insert Area--Cebu Central B 10/6/2012 00:00:31.4187970
Insert Area--Cebu Central C 10/6/2012 00:00:33.2999046
Insert Area--Cebu Central D 10/6/2012 00:00:35.1670114
Insert Area--Cebu North A 10/6/2012 00:00:37.0371184
Insert Area--Cebu North B 10/6/2012 00:00:38.9552281
Insert Area--Cebu North C 10/6/2012 00:00:40.8573369
Insert Area--Cebu North D 10/6/2012 00:00:42.8034482
Insert Area--Cebu South A 10/6/2012 00:00:44.6965565
Insert Area--Cebu South B 10/6/2012 00:00:46.6116660
Insert Area--Cebu South C 10/6/2012 00:00:48.4827730
Insert Area--CEBU SOUTH D 10/6/2012 00:00:50.4228840
Insert Area--CEBU SOUTH E 10/6/2012 00:00:52.3109920
Insert Area--COMADAVSUR-REGION-AREA1 10/6/2012 00:00:54.1790989
Insert Area--COMADAVSUR-REGION-AREA2 10/6/2012 00:00:56.0692070
Insert Area--COMADAVSUR-REGION-AREA3 10/6/2012 00:00:57.9783162
Insert Area--DAVAO/COMVAL-REGION-AREA1 10/6/2012 00:00:59.8644240
Insert Area--DAVAO/COMVAL-REGION-AREA2 10/6/2012 00:01:01.7815337
Insert Area--DAVAO/COMVAL-REGION-AREA3 10/6/2012 00:01:03.6786422
Insert Area--DAVAO/COMVAL-REGION-AREA4 10/6/2012 00:01:05.6187532
Insert Area--DAVAO/COMVAL-REGION-AREA5 10/6/2012 00:01:07.5138616
Insert Area--GUIMARAS-ILOILO-REGION-AREA1 10/6/2012 00:01:09.4309712
Insert Area--GUIMARAS-ILOILO-REGION-AREA2 10/6/2012 00:01:11.3190792
Insert Area--GUIMARAS-ILOILO-REGION-AREA3 10/6/2012 00:01:13.2011869
Insert Area--GUIMARAS-ILOILO-REGION-AREA4 10/6/2012 00:01:15.1012955
Insert Area--GUIMARAS-ILOILO-REGION-AREA5 10/6/2012 00:01:16.9884035
Insert Area--HO 10/6/2012 00:01:18.8835119
Insert Area--LEYTE-REGION-AREA1 10/6/2012 00:01:20.7806204
Insert Area--LEYTE-REGION-AREA2 10/6/2012 00:01:22.6607279
Insert Area--LEYTE-REGION-AREA3 10/6/2012 00:01:24.5418355
Insert Area--LEYTE-REGION-AREA4 10/6/2012 00:01:26.4189429
Insert Area--LUZON-SHOWROOMS 10/6/2012 00:01:28.3070509
Insert Area--MINDANAO-SHOWROOMS 10/6/2012 00:01:30.1911586
Insert Area--NCR-SHOWROOMS 10/6/2012 00:01:32.0712662
Insert Area--NEG.OR-SIQUIJOR-REGION-AREA1 10/6/2012 00:01:33.9433732
Insert Area--NEG.OR-SIQUIJOR-REGION-AREA2 10/6/2012 00:01:35.8514824
Insert Area--NEG.OR-SIQUIJOR-REGION-AREA3 10/6/2012 00:01:37.7485909
Insert Area--NEGROS-OCC-REGION-AREA1 10/6/2012 00:01:39.6737010
Insert Area--NEGROS-OCC-REGION-AREA2 10/6/2012 00:01:41.5628091
Insert Area--NEGROS-OCC-REGION-AREA3 10/6/2012 00:01:43.4539172
Insert Area--NEGROS-OCC-REGION-AREA4 10/6/2012 00:01:45.3360249
Insert Area--NEGROS-OCC-REGION-AREA5 10/6/2012 00:01:47.2091320
Insert Area--SAMAR-REGION-AREA1 10/6/2012 00:01:49.0882395
Insert Area--SAMAR-REGION-AREA2 10/6/2012 00:01:50.9653468
Insert Area--SAMAR-REGION-AREA3 10/6/2012 00:01:52.8444543
Insert Area--SAMAR-REGION-AREA4 10/6/2012 00:01:54.7255619
Insert Area--SOCSKSARGEN-MINDANAO-AREA1 10/6/2012 00:01:56.6086696
Insert Area--SOCSKSARGEN-MINDANAO-AREA2 10/6/2012 00:01:58.4987777
Insert Area--SOCSKSARGEN-MINDANAO-AREA3 10/6/2012 00:02:00.3738850
Insert Area--SOCSKSARGEN-MINDANAO-AREA4 10/6/2012 00:02:02.2599929
Insert Area--VISAYAS-SHOWROOMS 10/6/2012 00:02:04.1491009
Insert Area--YANGAN CAMBUNAO-REGION-AREA1 10/6/2012 00:02:10.1874463
Insert Area--YANGAN CAMBUNAO-REGION-AREA2 10/6/2012 00:02:12.1215569
Insert Area--YANGAN CAMBUNAO-REGION-AREA3 10/6/2012 00:02:14.0086649
Insert Area--YANGAN CAMBUNAO-REGION-AREA4 10/6/2012 00:02:15.8997730
Insert Area--YANGAN CAMBUNAO-REGION-AREA5 10/6/2012 00:02:17.7968815
Insert Area--ZAMBASTA-MINDANAO-AREA1 10/6/2012 00:02:19.6799892
Insert Area--ZAMBASTA-MINDANAO-AREA2 10/6/2012 00:02:21.5610968
Insert Area--ZAMBASTA-MINDANAO-AREA3 10/6/2012 00:02:23.4482048
Insert Area--ZAMISLAN-REGION-AREA1 10/6/2012 00:02:25.3393129
Insert Area--ZAMISLAN-REGION-AREA2 10/6/2012 00:02:27.2134201
Insert Area--ZAMISLAN-REGION-AREA3 10/6/2012 00:02:29.0865273
Insert Area--ZAMISLAN-REGION-AREA4 10/6/2012 00:02:40.9072034
Insert Area--ZAMISLAN-REGION-AREA5 10/6/2012 00:02:42.7793104
Insert Area--ZAMSIBUGAY-REGION-AREA1 10/6/2012 00:02:44.6614181
Insert Area--ZAMSIBUGAY-REGION-AREA2 10/6/2012 00:02:46.5445258
Insert Area--ZAMSIBUGAY-REGION-AREA3 10/6/2012 00:02:48.4166329
Insert Area--ZAMSIBUGAY-REGION-AREA4 10/6/2012 00:02:50.2827396
Insert region--BOHOL-REGION 10/6/2012 00:02:51.0467833
Insert region--CAAR-REGION 10/6/2012 00:02:51.8108270
Insert region--CAGAYAN-REGION 10/6/2012 00:02:52.5678703
Insert region--CARAGA-REGION 10/6/2012 00:02:53.3139130
Insert region--Cebu Central 10/6/2012 00:02:54.0759566
Insert region--Cebu North 10/6/2012 00:02:54.8370001
Insert region--Cebu South 10/6/2012 00:02:55.5950435
Insert region--COMADAVSUR-REGION 10/6/2012 00:02:56.3550869
Insert region--DAVAO/COMVAL-MINDANAO-REGION 10/6/2012 00:02:57.1131303
Insert region--GUIMARAS-ILOILO-REGION 10/6/2012 00:02:57.8821743
Insert region--HO 10/6/2012 00:02:58.6422177
Insert region--LA-SHOWROOMS 10/6/2012 00:02:59.4082616
Insert region--LEYTE-REGION 10/6/2012 00:03:00.1733053
Insert region--LUZON/NCR-SHOWROOMS 10/6/2012 00:03:00.9363490
Insert region--NEG.OR-SIQUIJOR-REGION 10/6/2012 00:03:01.6893920
Insert region--NEGROS-OCC-REGION 10/6/2012 00:03:02.4604361
Insert region--SAMAR-REGION 10/6/2012 00:03:03.2164794
Insert region--SOCSKSARGEN-MINDANAO-REGION 10/6/2012 00:03:03.9655222
Insert region--VISMIN-SHOWROOMS 10/6/2012 00:03:04.7245656
Insert region--YANGAN CAMBUNAO-REGION 10/6/2012 00:03:05.4876093
Insert region--ZAMBASTA-MINDANAO-REGION 10/6/2012 00:03:06.2446526
Insert region--ZAMISLAN-MINDANAO-REGION 10/6/2012 00:03:06.9946955
Insert region--ZAMSIBUGAY-REGION 10/6/2012 00:03:07.7517388
Insert Vismin Wide--  10/6/2012 00:03:08.0257545
Insert Area--<none> 10/6/2012 00:00:03.1451799
Insert Area--BOHOL-REGION-AREA1 10/6/2012 00:00:05.1072922
Insert Area--BOHOL-REGION-AREA2 10/6/2012 00:00:07.0214016
Insert Area--BOHOL-REGION-AREA3 10/6/2012 00:00:08.9055094
Insert Area--CAAR-REGION-AREA1 10/6/2012 00:00:10.7846169
Insert Area--CAAR-REGION-AREA2 10/6/2012 00:00:12.6817254
Insert Area--CAAR-REGION-AREA3 10/6/2012 00:00:14.5628330
Insert Area--CAAR-REGION-AREA4 10/6/2012 00:00:16.4559413
Insert Area--CAAR-REGION-AREA5 10/6/2012 00:00:18.3470494
Insert Area--CAGAYAN-REGION-AREA4 10/6/2012 00:00:20.2571587
Insert Area--CARAGA-REGION-AREA1 10/6/2012 00:00:22.1582674
Insert Area--CARAGA-REGION-AREA2 10/6/2012 00:00:24.0773772
Insert Area--CARAGA-REGION-AREA3 10/6/2012 00:00:25.9824861
Insert Area--CARAGA-REGION-AREA4 10/6/2012 00:00:27.8655939
Insert Area--Cebu Central A 10/6/2012 00:00:29.7457014
Insert Area--Cebu Central B 10/6/2012 00:00:31.6278090
Insert Area--Cebu Central C 10/6/2012 00:00:33.5199173
Insert Area--Cebu Central D 10/6/2012 00:00:35.4100254
Insert Area--Cebu North A 10/6/2012 00:00:37.3301352
Insert Area--Cebu North B 10/6/2012 00:00:39.2182432
Insert Area--Cebu North C 10/6/2012 00:00:41.1063512
Insert Area--Cebu North D 10/6/2012 00:00:42.9884588
Insert Area--Cebu South A 10/6/2012 00:00:44.8715665
Insert Area--Cebu South B 10/6/2012 00:00:46.7776756
Insert Area--Cebu South C 10/6/2012 00:00:48.6567830
Insert Area--CEBU SOUTH D 10/6/2012 00:00:50.5318903
Insert Area--CEBU SOUTH E 10/6/2012 00:00:52.4259986
Insert Area--COMADAVSUR-REGION-AREA1 10/6/2012 00:00:54.3121065
Insert Area--COMADAVSUR-REGION-AREA2 10/6/2012 00:00:56.1932141
Insert Area--COMADAVSUR-REGION-AREA3 10/6/2012 00:00:58.0863224
Insert Area--DAVAO/COMVAL-REGION-AREA1 10/6/2012 00:00:59.9704301
Insert Area--DAVAO/COMVAL-REGION-AREA2 10/6/2012 00:01:01.8575381
Insert Area--DAVAO/COMVAL-REGION-AREA3 10/6/2012 00:01:03.7546466
Insert Area--DAVAO/COMVAL-REGION-AREA4 10/6/2012 00:01:05.6547553
Insert Area--DAVAO/COMVAL-REGION-AREA5 10/6/2012 00:01:07.5418632
Insert Area--GUIMARAS-ILOILO-REGION-AREA1 10/6/2012 00:01:09.4339714
941 10/6/2012 00:01:34.6884159
950 10/6/2012 00:01:53.2614782
952 10/6/2012 00:02:00.9339171
871 10/6/2012 00:02:07.9813201
804 10/6/2012 00:02:12.7205912
681 10/6/2012 00:02:18.5409241
708 10/6/2012 00:02:24.0212376
717 10/6/2012 00:02:29.3705435
769 10/6/2012 00:02:35.3968882
021 10/6/2012 00:02:42.6683041
133 10/6/2012 00:02:50.2167359
137 10/6/2012 00:02:59.6722767
138 10/6/2012 00:03:06.7946841
140 10/6/2012 00:03:13.8090853
613 10/6/2012 00:03:20.4914675
638 10/6/2012 00:03:27.1878505
518 10/6/2012 00:03:33.8422311
139 10/6/2012 00:03:41.4666672
134 10/6/2012 00:03:48.8410890
142 10/6/2012 00:03:56.4515243
131 10/6/2012 00:04:03.6849380
132 10/6/2012 00:04:10.9353527
768 10/6/2012 00:04:16.1496510
761 10/6/2012 00:04:22.2750013
741 10/6/2012 00:04:27.4472971
714 10/6/2012 00:04:33.4176386
715 10/6/2012 00:04:38.3679218
682 10/6/2012 00:04:43.7912320
642 10/6/2012 00:04:50.2806031
659 10/6/2012 00:04:55.7069135
951 10/6/2012 00:05:02.3422930
680 10/6/2012 00:05:07.3585799
690 10/6/2012 00:05:12.6228810
752 10/6/2012 00:05:18.6322247
734 10/6/2012 00:05:25.2676043
143 10/6/2012 00:05:32.2500036
135 10/6/2012 00:05:39.1083959
141 10/6/2012 00:05:46.0297918
637 10/6/2012 00:05:52.4031563
345 10/6/2012 00:05:59.0175347
628 10/6/2012 00:06:05.9019284
593 10/6/2012 00:06:12.8573262
036 10/6/2012 00:06:19.5317080
057 10/6/2012 00:06:26.5161075
066 10/6/2012 00:06:33.5495098
079 10/6/2012 00:06:40.4069020
264 10/6/2012 00:06:47.9853355
726 10/6/2012 00:06:54.8617288
711 10/6/2012 00:07:00.3780443
712 10/6/2012 00:07:05.6443455
677 10/6/2012 00:07:11.8937029
673 10/6/2012 00:07:18.5050811
696 10/6/2012 00:07:23.6553757
697 10/6/2012 00:07:28.7296659
720 10/6/2012 00:07:34.2159797
810 10/6/2012 00:07:39.1692630
280 10/6/2012 00:07:45.9326499
284 10/6/2012 00:07:53.0210553
285 10/6/2012 00:08:00.4074778
290 10/6/2012 00:08:08.1589211
582 10/6/2012 00:08:14.6512925
537 10/6/2012 00:08:21.5376863
396 10/6/2012 00:08:28.1580650
583 10/6/2012 00:08:35.2024679
639 10/6/2012 00:08:41.4978280
291 10/6/2012 00:08:48.3302188
287 10/6/2012 00:08:55.2056120
289 10/6/2012 00:09:03.2230706
281 10/6/2012 00:09:10.0644619
821 10/6/2012 00:09:15.4087676
875 10/6/2012 00:09:22.5491760
727 10/6/2012 00:09:28.8645372
724 10/6/2012 00:09:35.1948993
725 10/6/2012 00:09:41.3422509
730 10/6/2012 00:09:47.6226101
731 10/6/2012 00:09:53.9029693
747 10/6/2012 00:10:00.6893575
668 10/6/2012 00:10:06.3766828
843 10/6/2012 00:10:15.5342066
250 10/6/2012 00:10:22.8616257
251 10/6/2012 00:10:30.2850503
252 10/6/2012 00:10:38.0634952
254 10/6/2012 00:10:44.5338653
248 10/6/2012 00:10:51.3382544
246 10/6/2012 00:10:58.1906464
247 10/6/2012 00:11:05.9990930
282 10/6/2012 00:11:12.5814695
283 10/6/2012 00:11:19.2238494
288 10/6/2012 00:11:25.7702238
297 10/6/2012 00:11:33.0826421
292 10/6/2012 00:11:39.8640300
535 10/6/2012 00:11:46.8194278
513 10/6/2012 00:11:54.7378807
679 10/6/2012 00:11:59.5671569
660 10/6/2012 00:12:05.7035079
934 10/6/2012 00:12:09.2657116
845 10/6/2012 00:12:16.5361275
748 10/6/2012 00:12:23.2665124
620 10/6/2012 00:12:30.1299050
618 10/6/2012 00:12:37.6003323
410 10/6/2012 00:12:45.1447638
412 10/6/2012 00:12:50.4590678
413 10/6/2012 00:12:57.4144656
414 10/6/2012 00:13:04.5208721
415 10/6/2012 00:13:11.2572574
416 10/6/2012 00:13:18.8186898
405 10/6/2012 00:13:25.5980776
407 10/6/2012 00:13:32.8654933
408 10/6/2012 00:13:41.5989928
108 10/6/2012 00:13:48.8184057
430 10/6/2012 00:13:56.8318641
406 10/6/2012 00:14:04.0222753
417 10/6/2012 00:14:10.7866622
418 10/6/2012 00:14:18.3670958
619 10/6/2012 00:14:25.1324828
855 10/6/2012 00:14:29.8687537
857 10/6/2012 00:14:35.4270716
878 10/6/2012 00:14:42.6474846
954 10/6/2012 00:14:49.8948991
807 10/6/2012 00:14:53.6381132
419 10/6/2012 00:15:00.6625150
420 10/6/2012 00:15:08.2099467
421 10/6/2012 00:15:15.0233364
423 10/6/2012 00:15:23.9448467
424 10/6/2012 00:15:31.4602765
425 10/6/2012 00:15:38.4756778
431 10/6/2012 00:15:45.3840729
409 10/6/2012 00:15:52.8825018
427 10/6/2012 00:16:00.8349566
428 10/6/2012 00:16:10.0554840
429 10/6/2012 00:16:17.1828917
434 10/6/2012 00:16:24.3983044
435 10/6/2012 00:16:31.2596968
436 10/6/2012 00:16:37.7740694
437 10/6/2012 00:16:44.6654636
439 10/6/2012 00:16:53.6499775
440 10/6/2012 00:17:01.4844256
441 10/6/2012 00:17:08.6498354
432 10/6/2012 00:17:15.1642080
433 10/6/2012 00:17:22.6636370
800 10/6/2012 00:17:27.5549167
777 10/6/2012 00:17:32.2311842
718 10/6/2012 00:17:37.4114805
719 10/6/2012 00:17:42.3477628
749 10/6/2012 00:17:48.9161385
750 10/6/2012 00:17:55.1414946
868 10/6/2012 00:18:01.9128819
846 10/6/2012 00:18:09.0902924
105 10/6/2012 00:18:16.6667258
029 10/6/2012 00:18:24.8061913
030 10/6/2012 00:18:33.2136722
032 10/6/2012 00:18:38.9640011
033 10/6/2012 00:18:45.8383943
034 10/6/2012 00:18:54.0258626
035 10/6/2012 00:18:59.4641737
037 10/6/2012 00:19:05.8855409
038 10/6/2012 00:19:12.6049253
040 10/6/2012 00:19:20.2463623
025 10/6/2012 00:19:26.9947483
018 10/6/2012 00:19:34.2141612
020 10/6/2012 00:19:42.7916518
019 10/6/2012 00:19:52.1041845
026 10/6/2012 00:19:59.2765947
027 10/6/2012 00:20:06.2929960
028 10/6/2012 00:20:13.3093974
022 10/6/2012 00:20:19.2457369
023 10/6/2012 00:20:26.4331480
024 10/6/2012 00:20:33.3735450
125 10/6/2012 00:20:41.0269827
120 10/6/2012 00:20:48.9964385
121 10/6/2012 00:20:55.8558309
122 10/6/2012 00:21:03.0912447
078 10/6/2012 00:21:11.0777015
512 10/6/2012 00:21:17.8090865
526 10/6/2012 00:21:26.1075612
835 10/6/2012 00:21:34.7390549
867 10/6/2012 00:21:42.6215057
532 10/6/2012 00:21:49.7939160
508 10/6/2012 00:21:56.7083114
616 10/6/2012 00:22:04.2787444
633 10/6/2012 00:22:11.4471544
325 10/6/2012 00:22:18.2785452
106 10/6/2012 00:22:26.0289885
041 10/6/2012 00:22:32.9663853
042 10/6/2012 00:22:40.1707973
045 10/6/2012 00:22:49.3113202
046 10/6/2012 00:22:55.8096918
047 10/6/2012 00:23:02.4510717
048 10/6/2012 00:23:09.4514721
049 10/6/2012 00:23:16.8578957
052 10/6/2012 00:23:24.0183053
054 10/6/2012 00:23:31.3287234
055 10/6/2012 00:23:38.2821211
053 10/6/2012 00:23:45.3565258
050 10/6/2012 00:23:52.4199298
051 10/6/2012 00:23:59.7643498
064 10/6/2012 00:24:06.6857457
070 10/6/2012 00:24:13.7241483
071 10/6/2012 00:24:22.3586422
072 10/6/2012 00:24:28.9860212
073 10/6/2012 00:24:37.6595173
043 10/6/2012 00:24:45.3589577
240 10/6/2012 00:24:52.0633412
511 10/6/2012 00:24:58.9857371
866 10/6/2012 00:25:05.6871204
912 10/6/2012 00:25:09.0093104
722 10/6/2012 00:25:16.0937156
721 10/6/2012 00:25:24.6182032
793 10/6/2012 00:25:28.4074199
794 10/6/2012 00:25:34.0837446
710 10/6/2012 00:25:39.8840764
864 10/6/2012 00:25:46.9374798
865 10/6/2012 00:25:53.6098614
591 10/6/2012 00:26:00.7502698
571 10/6/2012 00:26:06.2665854
578 10/6/2012 00:26:13.2499848
260 10/6/2012 00:26:19.8593628
067 10/6/2012 00:26:29.3289044
068 10/6/2012 00:26:37.1433514
069 10/6/2012 00:26:46.8149046
065 10/6/2012 00:26:54.0653193
056 10/6/2012 00:27:01.1437241
058 10/6/2012 00:27:09.7682174
059 10/6/2012 00:27:17.7516741
060 10/6/2012 00:27:24.9240843
061 10/6/2012 00:27:31.9544864
062 10/6/2012 00:27:39.0018895
063 10/6/2012 00:27:46.0322916
585 10/6/2012 00:27:53.5887238
944 10/6/2012 00:28:00.8311381
945 10/6/2012 00:28:07.5485223
961 10/6/2012 00:28:11.5137491
699 10/6/2012 00:28:17.4870907
644 10/6/2012 00:28:25.8785707
997 10/6/2012 00:28:33.3299969
770 10/6/2012 00:28:37.3052243
943 10/6/2012 00:28:44.3476271
936 10/6/2012 00:28:51.2730232
856 10/6/2012 00:28:57.2273637
829 10/6/2012 00:29:02.6026712
084 10/6/2012 00:29:10.4871222
080 10/6/2012 00:29:18.8476004
081 10/6/2012 00:29:26.5180391
082 10/6/2012 00:29:33.2844261
087 10/6/2012 00:29:40.3008274
088 10/6/2012 00:29:47.0992163
089 10/6/2012 00:29:54.8316585
090 10/6/2012 00:30:01.9260643
092 10/6/2012 00:30:10.0985317
093 10/6/2012 00:30:17.2539410
094 10/6/2012 00:30:23.9093217
095 10/6/2012 00:30:31.3487472
083 10/6/2012 00:30:38.1901385
085 10/6/2012 00:30:45.3325470
086 10/6/2012 00:30:52.0979340
074 10/6/2012 00:30:59.7233701
075 10/6/2012 00:31:06.4117527
076 10/6/2012 00:31:14.3512068
573 10/6/2012 00:31:21.5846205
869 10/6/2012 00:31:28.3660084
937 10/6/2012 00:31:35.3034052
938 10/6/2012 00:31:42.3648091
728 10/6/2012 00:31:48.5111606
656 10/6/2012 00:31:54.0674784
702 10/6/2012 00:32:00.5288480
900 10/6/2012 00:32:04.7730908
839 10/6/2012 00:32:20.4229859
817 10/6/2012 00:32:25.4792751
575 10/6/2012 00:32:33.4117288
017 10/6/2012 00:32:41.2241756
126 10/6/2012 00:32:49.0376225
128 10/6/2012 00:32:57.5371087
129 10/6/2012 00:33:04.6935180
130 10/6/2012 00:33:11.4599050
123 10/6/2012 00:33:20.0683974
124 10/6/2012 00:33:26.9127889
103 10/6/2012 00:33:34.4472198
567 10/6/2012 00:33:41.4826222
555 10/6/2012 00:33:49.4440776
816 10/6/2012 00:33:54.1293456
858 10/6/2012 00:34:00.1676909
666 10/6/2012 00:34:06.5490559
778 10/6/2012 00:34:10.8613026
784 10/6/2012 00:34:15.9815954
670 10/6/2012 00:34:21.6179178
834 10/6/2012 00:34:34.9026777
876 10/6/2012 00:34:41.8120729
953 10/6/2012 00:34:48.6084616
109 10/6/2012 00:34:56.2428983
112 10/6/2012 00:35:03.6493219
115 10/6/2012 00:35:10.3987079
117 10/6/2012 00:35:17.2120976
118 10/6/2012 00:35:25.1995545
119 10/6/2012 00:35:31.9149386
104 10/6/2012 00:35:39.9183964
096 10/6/2012 00:35:46.9938010
097 10/6/2012 00:35:54.4782291
098 10/6/2012 00:36:01.3366214
099 10/6/2012 00:36:10.6051515
100 10/6/2012 00:36:18.1195813
101 10/6/2012 00:36:25.4309995
549 10/6/2012 00:36:32.5184049
566 10/6/2012 00:36:40.1038388
947 10/6/2012 00:36:46.8692257
812 10/6/2012 00:36:51.7235034
836 10/6/2012 00:37:04.3932280
837 10/6/2012 00:37:16.9109440
838 10/6/2012 00:37:24.8373974
559 10/6/2012 00:37:31.8097962
107 10/6/2012 00:37:38.7441928
110 10/6/2012 00:37:45.7605941
111 10/6/2012 00:37:52.7449936
116 10/6/2012 00:37:59.6503886
113 10/6/2012 00:38:06.3707730
114 10/6/2012 00:38:13.3861742
507 10/6/2012 00:38:21.5576416
569 10/6/2012 00:38:30.0661283
621 10/6/2012 00:38:37.3865470
384 10/6/2012 00:38:45.3080000
861 10/6/2012 00:38:51.8033716
933 10/6/2012 00:38:55.6605922
889 10/6/2012 00:39:03.1530207
772 10/6/2012 00:39:08.9873544
773 10/6/2012 00:39:16.3007727
883 10/6/2012 00:39:23.4811834
956 10/6/2012 00:39:31.9176660
841 10/6/2012 00:39:40.2001397
820 10/6/2012 00:39:45.4614406
385 10/6/2012 00:39:53.0898769
386 10/6/2012 00:40:01.4653560
388 10/6/2012 00:40:10.0278457
389 10/6/2012 00:40:16.6842265
390 10/6/2012 00:40:23.8566367
331 10/6/2012 00:40:31.0420477
383 10/6/2012 00:40:37.8414366
629 10/6/2012 00:40:44.8098352
626 10/6/2012 00:40:51.6412259
538 10/6/2012 00:40:58.6236253
220 10/6/2012 00:41:05.6850291
271 10/6/2012 00:41:13.1064536
332 10/6/2012 00:41:19.8878415
324 10/6/2012 00:41:27.8412964
330 10/6/2012 00:41:35.4357308
860 10/6/2012 00:41:43.7142043
911 10/6/2012 00:41:48.0994551
771 10/6/2012 00:41:53.3067530
760 10/6/2012 00:41:59.7131194
791 10/6/2012 00:42:05.5584537
723 10/6/2012 00:42:11.0847698
739 10/6/2012 00:42:16.9241038
661 10/6/2012 00:42:22.2704096
602 10/6/2012 00:42:30.2498660
286 10/6/2012 00:42:37.0782565
301 10/6/2012 00:42:45.2337230
303 10/6/2012 00:42:52.4211341
306 10/6/2012 00:43:01.4256491
308 10/6/2012 00:43:08.6870645
316 10/6/2012 00:43:16.4535087
136 10/6/2012 00:43:22.0468286
302 10/6/2012 00:43:29.0152272
540 10/6/2012 00:43:36.0776311
515 10/6/2012 00:43:43.4220512
329 10/6/2012 00:43:50.6414641
333 10/6/2012 00:43:57.9378814
334 10/6/2012 00:44:05.2402991
326 10/6/2012 00:44:13.2187555
327 10/6/2012 00:44:20.3511634
792 10/6/2012 00:44:25.2284424
893 10/6/2012 00:44:32.2028413
805 10/6/2012 00:44:37.7671595
802 10/6/2012 00:44:42.8944528
701 10/6/2012 00:44:48.2347583
319 10/6/2012 00:45:05.4447426
320 10/6/2012 00:45:12.7831623
321 10/6/2012 00:45:20.8296226
322 10/6/2012 00:45:28.7670766
426 10/6/2012 00:45:36.2205029
307 10/6/2012 00:45:43.8299381
315 10/6/2012 00:45:52.1274127
311 10/6/2012 00:46:00.2828792
312 10/6/2012 00:46:08.0483233
313 10/6/2012 00:46:15.7727651
314 10/6/2012 00:46:22.8771715
310 10/6/2012 00:46:29.7685657
317 10/6/2012 00:46:37.7210205
148 10/6/2012 00:46:45.2064487
323 10/6/2012 00:46:53.0648981
517 10/6/2012 00:46:59.5642699
590 10/6/2012 00:47:06.3476579
709 10/6/2012 00:47:11.4649506
671 10/6/2012 00:47:16.5972441
890 10/6/2012 00:47:23.2536248
891 10/6/2012 00:47:30.0660145
959 10/6/2012 00:47:33.3552026
894 10/6/2012 00:47:39.9905821
624 10/6/2012 00:47:47.1609923
541 10/6/2012 00:47:54.4104069
527 10/6/2012 00:48:01.5198135
328 10/6/2012 00:48:08.5512157
127 10/6/2012 00:48:15.2545991
309 10/6/2012 00:48:22.3020022
298 10/6/2012 00:48:30.3794642
299 10/6/2012 00:48:37.4718699
300 10/6/2012 00:48:44.5482746
293 10/6/2012 00:48:52.0357029
267 10/6/2012 00:48:58.9260970
273 10/6/2012 00:49:06.4885295
274 10/6/2012 00:49:13.9609569
275 10/6/2012 00:49:20.7713465
262 10/6/2012 00:49:29.5358478
259 10/6/2012 00:49:36.8502661
102 10/6/2012 00:49:42.3795824
543 10/6/2012 00:49:49.6769998
522 10/6/2012 00:49:58.2554904
897 10/6/2012 00:50:03.3397812
745 10/6/2012 00:50:09.8641544
766 10/6/2012 00:50:14.9084429
676 10/6/2012 00:50:20.7967797
828 10/6/2012 00:50:25.9580749
563 10/6/2012 00:50:33.3494977
263 10/6/2012 00:50:40.6649161
261 10/6/2012 00:50:47.8833290
255 10/6/2012 00:50:55.0397383
256 10/6/2012 00:51:02.4431618
257 10/6/2012 00:51:12.2087203
258 10/6/2012 00:51:22.6013147
266 10/6/2012 00:51:30.6777767
269 10/6/2012 00:51:38.1322031
272 10/6/2012 00:51:45.1956071
265 10/6/2012 00:51:52.6950360
294 10/6/2012 00:52:00.4454793
277 10/6/2012 00:52:07.8509029
278 10/6/2012 00:52:15.6933514
279 10/6/2012 00:52:22.9447662
296 10/6/2012 00:52:29.8951637
514 10/6/2012 00:52:37.2115822
775 10/6/2012 00:52:42.5978903
783 10/6/2012 00:52:47.9041938
779 10/6/2012 00:52:53.2755010
786 10/6/2012 00:52:59.2368420
787 10/6/2012 00:53:04.4501402
693 10/6/2012 00:53:11.5065438
827 10/6/2012 00:53:16.7738450
557 10/6/2012 00:53:24.1182651
253 10/6/2012 00:53:31.4296833
249 10/6/2012 00:53:38.9301123
241 10/6/2012 00:53:46.3675377
242 10/6/2012 00:53:53.6169523
243 10/6/2012 00:54:00.5263475
244 10/6/2012 00:54:07.9147701
245 10/6/2012 00:54:14.6081530
268 10/6/2012 00:54:21.7275602
276 10/6/2012 00:54:28.5549507
295 10/6/2012 00:54:35.7273609
044 10/6/2012 00:54:42.7897649
523 10/6/2012 00:54:49.5231500
509 10/6/2012 00:54:56.5255505
510 10/6/2012 00:55:03.4309455
842 10/6/2012 00:55:10.9033729
662 10/6/2012 00:55:16.8167111
788 10/6/2012 00:55:22.2920243
729 10/6/2012 00:55:28.3803725
001 10/6/2012 00:55:31.8895732
207 10/6/2012 00:55:39.2439939
208 10/6/2012 00:55:46.2123924
209 10/6/2012 00:55:52.6967633
210 10/6/2012 00:56:00.8692308
215 10/6/2012 00:56:07.7636251
216 10/6/2012 00:56:14.4800092
217 10/6/2012 00:56:21.1823926
218 10/6/2012 00:56:28.2137948
650 10/6/2012 00:56:33.7141094
651 10/6/2012 00:56:39.1544205
674 10/6/2012 00:56:44.9247506
675 10/6/2012 00:56:50.3790626
796 10/6/2012 00:56:54.5573015
797 10/6/2012 00:56:58.6715369
874 10/6/2012 00:57:05.5409298
996 10/6/2012 00:57:12.8223462
193 10/6/2012 00:57:20.6887962
194 10/6/2012 00:57:25.3270615
195 10/6/2012 00:57:32.8394912
196 10/6/2012 00:57:40.1209076
197 10/6/2012 00:57:47.5903349
198 10/6/2012 00:57:55.5427897
199 10/6/2012 00:58:03.0762206
191 10/6/2012 00:58:10.0136174
201 10/6/2012 00:58:17.0440195
202 10/6/2012 00:58:24.7464601
203 10/6/2012 00:58:31.1218247
204 10/6/2012 00:58:38.2642332
205 10/6/2012 00:58:45.5756514
219 10/6/2012 00:58:53.0110767
222 10/6/2012 00:58:58.6704004
223 10/6/2012 00:59:05.4977909
224 10/6/2012 00:59:13.1562289
225 10/6/2012 00:59:19.9806193
226 10/6/2012 00:59:27.1070269
227 10/6/2012 00:59:34.8094674
228 10/6/2012 00:59:42.9849350
229 10/6/2012 00:59:51.4504192
230 10/6/2012 01:00:00.1219152
634 10/6/2012 01:00:06.8813018
698 10/6/2012 01:00:12.9026462
753 10/6/2012 01:00:19.4380200
754 10/6/2012 01:00:25.9193908
755 10/6/2012 01:00:32.2447525
645 10/6/2012 01:00:38.8231288
872 10/6/2012 01:00:46.2485535
949 10/6/2012 01:00:54.0920021
993 10/6/2012 01:01:00.7953855
212 10/6/2012 01:01:09.5618870
221 10/6/2012 01:01:16.9373088
206 10/6/2012 01:01:24.2347262
214 10/6/2012 01:01:31.9211658
007 10/6/2012 01:01:38.5935475
012 10/6/2012 01:01:45.1859245
013 10/6/2012 01:01:51.5932910
014 10/6/2012 01:01:58.0156584
382 10/6/2012 01:02:04.0320025
899 10/6/2012 01:02:07.1291796
844 10/6/2012 01:02:13.2655306
851 10/6/2012 01:02:20.5959499
862 10/6/2012 01:02:27.9393699
909 10/6/2012 01:02:32.6556397
892 10/6/2012 01:02:39.9060544
939 10/6/2012 01:02:48.3455371
568 10/6/2012 01:02:56.5630071
005 10/6/2012 01:03:04.1714423
006 10/6/2012 01:03:19.6733289
008 10/6/2012 01:03:25.9986907
009 10/6/2012 01:03:32.7040742
010 10/6/2012 01:03:38.8284245
011 10/6/2012 01:03:45.2667928
015 10/6/2012 01:03:52.3131958
016 10/6/2012 01:03:59.0625818
369 10/6/2012 01:04:06.0639823
946 10/6/2012 01:04:12.3943444
853 10/6/2012 01:04:20.3287982
806 10/6/2012 01:04:25.5270955
678 10/6/2012 01:04:31.3704298
764 10/6/2012 01:04:37.9778077
595 10/6/2012 01:04:45.0982149
539 10/6/2012 01:04:52.2206223
149 10/6/2012 01:04:59.8770602
151 10/6/2012 01:05:09.8616313
152 10/6/2012 01:05:17.7060800
147 10/6/2012 01:05:25.4875251
157 10/6/2012 01:05:32.6589353
145 10/6/2012 01:05:40.3653760
159 10/6/2012 01:05:47.6297915
160 10/6/2012 01:05:56.5653026
161 10/6/2012 01:06:03.3306896
146 10/6/2012 01:06:09.5810471
144 10/6/2012 01:06:17.0344734
153 10/6/2012 01:06:24.0028720
154 10/6/2012 01:06:30.3472348
529 10/6/2012 01:06:37.3046328
530 10/6/2012 01:06:44.3470356
588 10/6/2012 01:06:51.0144169
584 10/6/2012 01:06:57.9108114
744 10/6/2012 01:07:04.3831816
657 10/6/2012 01:07:09.7414881
716 10/6/2012 01:07:17.4219274
808 10/6/2012 01:07:22.7682331
798 10/6/2012 01:07:27.8015210
813 10/6/2012 01:07:32.5647935
758 10/6/2012 01:07:39.0291632
155 10/6/2012 01:07:46.1605711
156 10/6/2012 01:07:52.8639545
158 10/6/2012 01:07:59.9263585
305 10/6/2012 01:08:06.8477543
176 10/6/2012 01:08:14.1141700
177 10/6/2012 01:08:22.5356516
178 10/6/2012 01:08:29.8170681
180 10/6/2012 01:08:38.1455445
163 10/6/2012 01:08:48.0981137
597 10/6/2012 01:08:55.2255214
609 10/6/2012 01:09:02.0319107
738 10/6/2012 01:09:07.5992291
809 10/6/2012 01:09:12.2204935
801 10/6/2012 01:09:17.3367861
870 10/6/2012 01:09:24.2721828
751 10/6/2012 01:09:30.6055450
636 10/6/2012 01:09:37.2559254
181 10/6/2012 01:09:44.5533428
182 10/6/2012 01:09:51.5217414
183 10/6/2012 01:09:58.6311480
184 10/6/2012 01:10:05.1315198
185 10/6/2012 01:10:11.8369033
186 10/6/2012 01:10:18.7102965
188 10/6/2012 01:10:26.2087253
189 10/6/2012 01:10:33.2421276
190 10/6/2012 01:10:39.8965082
179 10/6/2012 01:10:46.9129096
173 10/6/2012 01:10:54.3043323
174 10/6/2012 01:11:02.0537756
614 10/6/2012 01:11:08.6241514
601 10/6/2012 01:11:15.2425299
580 10/6/2012 01:11:21.9629143
705 10/6/2012 01:11:27.3932249
823 10/6/2012 01:11:32.7715325
901 10/6/2012 01:11:37.3147924
994 10/6/2012 01:11:44.2901913
987 10/6/2012 01:11:52.2786483
707 10/6/2012 01:11:57.3529385
685 10/6/2012 01:12:02.8902552
686 10/6/2012 01:12:08.1275548
669 10/6/2012 01:12:14.2099027
736 10/6/2012 01:12:20.7142747
737 10/6/2012 01:12:27.1496428
603 10/6/2012 01:12:33.7580207
504 10/6/2012 01:12:40.9454318
374 10/6/2012 01:12:47.4328029
171 10/6/2012 01:12:55.3682568
318 10/6/2012 01:13:01.7426214
164 10/6/2012 01:13:09.7440790
165 10/6/2012 01:13:17.0714981
166 10/6/2012 01:13:23.8838878
167 10/6/2012 01:13:30.9942945
168 10/6/2012 01:13:37.8996894
169 10/6/2012 01:13:44.7950838
170 10/6/2012 01:13:52.1025018
337 10/6/2012 01:13:58.5878727
505 10/6/2012 01:14:05.5112687
635 10/6/2012 01:14:11.7746270
706 10/6/2012 01:14:16.8719185
999 10/6/2012 01:14:23.7123098
647 10/6/2012 01:14:30.3406889
743 10/6/2012 01:14:36.8910636
824 10/6/2012 01:14:41.9083505
607 10/6/2012 01:14:50.0098139
544 10/6/2012 01:14:56.9802126
556 10/6/2012 01:15:02.4165235
232 10/6/2012 01:15:12.1980830
236 10/6/2012 01:15:20.0105298
237 10/6/2012 01:15:28.5580187
234 10/6/2012 01:15:36.0724485
525 10/6/2012 01:15:43.5268749
534 10/6/2012 01:15:50.8412933
596 10/6/2012 01:15:57.8706953
873 10/6/2012 01:16:05.7801477
762 10/6/2012 01:16:12.5075325
998 10/6/2012 01:16:19.6079386
655 10/6/2012 01:16:25.3272657
700 10/6/2012 01:16:30.3495530
799 10/6/2012 01:16:35.6598567
594 10/6/2012 01:16:42.3882416
598 10/6/2012 01:16:49.4966482
503 10/6/2012 01:16:56.9820763
235 10/6/2012 01:17:05.2915516
231 10/6/2012 01:17:13.7320343
238 10/6/2012 01:17:21.9355036
239 10/6/2012 01:17:28.8248976
192 10/6/2012 01:17:36.2313212
617 10/6/2012 01:17:43.1067145
825 10/6/2012 01:17:47.9999944
704 10/6/2012 01:17:53.5913142
648 10/6/2012 01:18:00.2916974
646 10/6/2012 01:18:06.9520784
767 10/6/2012 01:18:14.3004987
859 10/6/2012 01:18:20.6308607
955 10/6/2012 01:18:28.2492965
375 10/6/2012 01:18:36.5127691
376 10/6/2012 01:18:45.4992831
377 10/6/2012 01:18:53.1537209
378 10/6/2012 01:19:01.2471839
381 10/6/2012 01:19:08.7326120
372 10/6/2012 01:19:15.4199945
422 10/6/2012 01:19:23.9834843
200 10/6/2012 01:19:31.2008971
175 10/6/2012 01:19:38.9043377
404 10/6/2012 01:19:46.2797596
444 10/6/2012 01:19:54.5002298
397 10/6/2012 01:20:02.2336721
398 10/6/2012 01:20:09.5140885
399 10/6/2012 01:20:16.9045112
400 10/6/2012 01:20:24.1549259
401 10/6/2012 01:20:31.5303478
625 10/6/2012 01:20:38.2497321
600 10/6/2012 01:20:45.2491324
863 10/6/2012 01:20:53.2045875
742 10/6/2012 01:20:59.5729517
667 10/6/2012 01:21:05.4222863
740 10/6/2012 01:21:11.9986624
903 10/6/2012 01:21:16.8129378
958 10/6/2012 01:21:20.5321505
572 10/6/2012 01:21:28.3155957
560 10/6/2012 01:21:35.6110130
561 10/6/2012 01:21:43.2364491
402 10/6/2012 01:21:50.3798577
403 10/6/2012 01:21:57.3122542
391 10/6/2012 01:22:05.6407306
392 10/6/2012 01:22:13.8912025
393 10/6/2012 01:22:20.7965974
394 10/6/2012 01:22:28.9250624
187 10/6/2012 01:22:36.2974840
213 10/6/2012 01:22:44.5829579
379 10/6/2012 01:22:51.9533795
380 10/6/2012 01:22:59.0467852
605 10/6/2012 01:23:05.8921767
914 10/6/2012 01:23:09.1543633
849 10/6/2012 01:23:15.5057266
803 10/6/2012 01:23:21.2500552
641 10/6/2012 01:23:28.3644621
703 10/6/2012 01:23:33.7417697
652 10/6/2012 01:23:39.5621026
653 10/6/2012 01:23:45.3044310
781 10/6/2012 01:23:50.6827386
833 10/6/2012 01:23:58.3341763
623 10/6/2012 01:24:04.0335022
632 10/6/2012 01:24:10.7368857
579 10/6/2012 01:24:17.9412977
562 10/6/2012 01:24:24.9867007
547 10/6/2012 01:24:32.3021191
003 10/6/2012 01:24:38.8934961
004 10/6/2012 01:24:46.0339045
533 10/6/2012 01:24:53.1103093
519 10/6/2012 01:25:00.5967375
574 10/6/2012 01:25:10.3162934
373 10/6/2012 01:25:14.9245570
346 10/6/2012 01:25:25.1921443
347 10/6/2012 01:25:34.2556627
349 10/6/2012 01:25:42.7421481
350 10/6/2012 01:25:50.9886197
351 10/6/2012 01:25:58.4410460
352 10/6/2012 01:26:06.4095017
353 10/6/2012 01:26:14.3629567
896 10/6/2012 01:26:19.6262577
880 10/6/2012 01:26:26.0986279
881 10/6/2012 01:26:32.9310187
790 10/6/2012 01:26:38.4113321
342 10/6/2012 01:26:46.3477861
338 10/6/2012 01:26:53.5301969
339 10/6/2012 01:27:00.8166137
627 10/6/2012 01:27:07.6920069
604 10/6/2012 01:27:14.4893957
528 10/6/2012 01:27:21.0677720
550 10/6/2012 01:27:27.9971683
355 10/6/2012 01:27:36.3026433
356 10/6/2012 01:27:44.0050839
359 10/6/2012 01:27:51.7645277
360 10/6/2012 01:27:58.6349207
361 10/6/2012 01:28:05.5993190
362 10/6/2012 01:28:14.8338472
365 10/6/2012 01:28:22.0662609
785 10/6/2012 01:28:28.2396140
795 10/6/2012 01:28:34.1599526
687 10/6/2012 01:28:39.9902861
688 10/6/2012 01:28:46.0216310
689 10/6/2012 01:28:51.3819376
811 10/6/2012 01:28:57.2002704
344 10/6/2012 01:29:04.2536739
340 10/6/2012 01:29:13.8502227
341 10/6/2012 01:29:21.7566750
335 10/6/2012 01:29:29.1310968
336 10/6/2012 01:29:36.0844945
558 10/6/2012 01:29:43.3519101
640 10/6/2012 01:29:50.6223260
172 10/6/2012 01:29:57.9287439
354 10/6/2012 01:30:05.0851532
343 10/6/2012 01:30:12.3975715
348 10/6/2012 01:30:19.7879942
364 10/6/2012 01:30:27.0074071
879 10/6/2012 01:30:34.6798459
654 10/6/2012 01:30:40.3091679
765 10/6/2012 01:30:47.2425645
658 10/6/2012 01:30:53.4989223
902 10/6/2012 01:30:57.0801272
957 10/6/2012 01:31:04.4465485
814 10/6/2012 01:31:10.4668928
815 10/6/2012 01:31:15.1941632
586 10/6/2012 01:31:22.6965923
589 10/6/2012 01:31:29.0539560
521 10/6/2012 01:31:37.0724146
489 10/6/2012 01:31:45.9159204
490 10/6/2012 01:31:53.7753699
491 10/6/2012 01:32:11.1993665
487 10/6/2012 01:32:18.2897721
501 10/6/2012 01:32:25.2141681
502 10/6/2012 01:32:32.0245577
500 10/6/2012 01:32:38.9459535
488 10/6/2012 01:32:48.3684925
494 10/6/2012 01:32:56.0869340
495 10/6/2012 01:33:03.7593728
496 10/6/2012 01:33:10.3687508
506 10/6/2012 01:33:17.3061476
554 10/6/2012 01:33:24.6675687
587 10/6/2012 01:33:31.4649575
615 10/6/2012 01:33:38.9473854
463 10/6/2012 01:33:46.2288019
822 10/6/2012 01:33:52.2181445
942 10/6/2012 01:33:58.6975151
776 10/6/2012 01:34:05.8579246
735 10/6/2012 01:34:12.4953043
940 10/6/2012 01:34:19.4006992
910 10/6/2012 01:34:22.9779038
830 10/6/2012 01:34:28.3012083
831 10/6/2012 01:34:33.8025230
992 10/6/2012 01:34:44.1511149
599 10/6/2012 01:34:50.4894774
531 10/6/2012 01:34:58.4809345
542 10/6/2012 01:35:05.4793348
493 10/6/2012 01:35:13.7768094
498 10/6/2012 01:35:21.3092402
499 10/6/2012 01:35:27.9806218
497 10/6/2012 01:35:34.4949944
546 10/6/2012 01:35:41.3873886
469 10/6/2012 01:35:49.9658793
470 10/6/2012 01:35:57.2482958
472 10/6/2012 01:36:07.6088884
473 10/6/2012 01:36:14.9183065
474 10/6/2012 01:36:21.9037060
465 10/6/2012 01:36:29.4211360
826 10/6/2012 01:36:34.4264223
819 10/6/2012 01:36:39.6927235
882 10/6/2012 01:36:46.6841234
913 10/6/2012 01:36:50.9253659
665 10/6/2012 01:36:57.8487619
684 10/6/2012 01:37:03.2840728
692 10/6/2012 01:37:09.5214296
759 10/6/2012 01:37:16.6138352
906 10/6/2012 01:37:20.9830852
840 10/6/2012 01:37:28.6705248
480 10/6/2012 01:37:36.5599761
481 10/6/2012 01:37:43.7943899
483 10/6/2012 01:37:51.9658573
484 10/6/2012 01:37:59.1222666
485 10/6/2012 01:38:06.5076890
486 10/6/2012 01:38:13.7161013
476 10/6/2012 01:38:20.4504865
368 10/6/2012 01:38:27.3568815
370 10/6/2012 01:38:34.9073134
371 10/6/2012 01:38:43.1717861
366 10/6/2012 01:38:50.2481908
363 10/6/2012 01:38:57.0915822
552 10/6/2012 01:39:04.3119952
905 10/6/2012 01:39:08.8892570
948 10/6/2012 01:39:16.5616959
985 10/6/2012 01:39:29.5294376
782 10/6/2012 01:39:34.4167171
694 10/6/2012 01:39:39.6260151
649 10/6/2012 01:39:46.4054028
995 10/6/2012 01:39:52.1107292
695 10/6/2012 01:40:01.0972432
746 10/6/2012 01:40:07.9296339
733 10/6/2012 01:40:15.2020499
986 10/6/2012 01:40:22.7894839
904 10/6/2012 01:40:27.0297264
877 10/6/2012 01:40:34.8291725
818 10/6/2012 01:40:40.2444823
551 10/6/2012 01:40:47.0778731
581 10/6/2012 01:40:55.1563352
367 10/6/2012 01:41:02.4997552
477 10/6/2012 01:41:11.0002414
478 10/6/2012 01:41:17.9706401
475 10/6/2012 01:41:24.7200261
482 10/6/2012 01:41:31.5004139
850 10/6/2012 01:41:37.5947625
907 10/6/2012 01:41:41.5929912
983 10/6/2012 01:41:54.1197077
984 10/6/2012 01:42:06.7754315
732 10/6/2012 01:42:13.5438187
763 10/6/2012 01:42:20.0951934
789 10/6/2012 01:42:25.1944850
691 10/6/2012 01:42:31.3188353
960 10/6/2012 01:42:34.7680326
895 10/6/2012 01:42:39.6373111
991 10/6/2012 01:42:46.8777253
445 10/6/2012 01:42:56.1892578
447 10/6/2012 01:43:03.7676913
448 10/6/2012 01:43:10.8160945
449 10/6/2012 01:43:18.1275126
438 10/6/2012 01:43:25.2849220
570 10/6/2012 01:43:31.5962830
565 10/6/2012 01:43:39.2377201
622 10/6/2012 01:43:46.2541214
553 10/6/2012 01:43:53.2845235
545 10/6/2012 01:44:00.0499105
443 10/6/2012 01:44:07.0653117
630 10/6/2012 01:44:14.3157264
612 10/6/2012 01:44:21.0351108
606 10/6/2012 01:44:28.0505120
564 10/6/2012 01:44:35.4409347
451 10/6/2012 01:44:42.1123163
452 10/6/2012 01:44:50.0047677
464 10/6/2012 01:44:58.5042539
455 10/6/2012 01:45:05.2076373
457 10/6/2012 01:45:12.5510573
459 10/6/2012 01:45:20.5985176
460 10/6/2012 01:45:27.4879116
461 10/6/2012 01:45:34.2692995
462 10/6/2012 01:45:42.8167884
884 10/6/2012 01:45:49.4751692
885 10/6/2012 01:45:55.9415391
886 10/6/2012 01:46:02.7379278
887 10/6/2012 01:46:09.8253332
888 10/6/2012 01:46:16.3647072
683 10/6/2012 01:46:21.5050012
663 10/6/2012 01:46:26.2402721
458 10/6/2012 01:46:32.9416554
453 10/6/2012 01:46:40.8961103
454 10/6/2012 01:46:47.4584857
479 10/6/2012 01:46:54.3478797
610 10/6/2012 01:47:00.9092550
611 10/6/2012 01:47:07.5006320
524 10/6/2012 01:47:14.4260281
548 10/6/2012 01:47:21.9424581
233 10/6/2012 01:47:28.5218344
536 10/6/2012 01:47:35.7412473
608 10/6/2012 01:47:42.9446593
466 10/6/2012 01:47:51.3331391
467 10/6/2012 01:47:58.3495404
450 10/6/2012 01:48:05.2399345
442 10/6/2012 01:48:12.5693538
664 10/6/2012 01:48:18.0716685
982 10/6/2012 01:48:30.4973792
854 10/6/2012 01:48:38.1508169
Insert Area--<none> 10/6/2012 01:48:41.2739956
Insert Area--BOHOL-REGION-AREA1 10/6/2012 01:48:43.3021116
Insert Area--BOHOL-REGION-AREA2 10/6/2012 01:48:45.2012202
Insert Area--BOHOL-REGION-AREA3 10/6/2012 01:48:47.1183298
Insert Area--CAAR-REGION-AREA1 10/6/2012 01:48:49.0324393
Insert Area--CAAR-REGION-AREA2 10/6/2012 01:48:50.9555493
Insert Area--CAAR-REGION-AREA3 10/6/2012 01:48:52.8926601
Insert Area--CAAR-REGION-AREA4 10/6/2012 01:48:54.8007693
Insert Area--CAAR-REGION-AREA5 10/6/2012 01:48:56.7378800
Insert Area--CAGAYAN-REGION-AREA4 10/6/2012 01:48:58.6499894
Insert Area--CARAGA-REGION-AREA1 10/6/2012 01:49:00.5700992
Insert Area--CARAGA-REGION-AREA2 10/6/2012 01:49:02.4842087
Insert Area--CARAGA-REGION-AREA3 10/6/2012 01:49:04.3803172
Insert Area--CARAGA-REGION-AREA4 10/6/2012 01:49:06.2744255
Insert Area--Cebu Central A 10/6/2012 01:49:08.1895350
Insert Area--Cebu Central B 10/6/2012 01:49:10.0896437
Insert Area--Cebu Central C 10/6/2012 01:49:11.9967528
Insert Area--Cebu Central D 10/6/2012 01:49:13.9208629
Insert Area--Cebu North A 10/6/2012 01:49:15.8169713
Insert Area--Cebu North B 10/6/2012 01:49:17.7200802
Insert Area--Cebu North C 10/6/2012 01:49:19.6241891
Insert Area--Cebu North D 10/6/2012 01:49:21.5252978
Insert Area--Cebu South A 10/6/2012 01:49:23.4254065
Insert Area--Cebu South B 10/6/2012 01:49:25.3265152
Insert Area--Cebu South C 10/6/2012 01:49:27.2396246
Insert Area--CEBU SOUTH D 10/6/2012 01:49:29.1397333
Insert Area--CEBU SOUTH E 10/6/2012 01:49:31.0338417
Insert Area--COMADAVSUR-REGION-AREA1 10/6/2012 01:49:32.9379506
Insert Area--COMADAVSUR-REGION-AREA2 10/6/2012 01:49:34.8480598
Insert Area--COMADAVSUR-REGION-AREA3 10/6/2012 01:49:36.7471684
Insert Area--DAVAO/COMVAL-REGION-AREA1 10/6/2012 01:49:38.6422768
Insert Area--DAVAO/COMVAL-REGION-AREA2 10/6/2012 01:49:40.5433856
Insert Area--DAVAO/COMVAL-REGION-AREA3 10/6/2012 01:49:42.4964973
Insert Area--DAVAO/COMVAL-REGION-AREA4 10/6/2012 01:49:44.4366083
Insert Area--DAVAO/COMVAL-REGION-AREA5 10/6/2012 01:49:46.3347168
Insert Area--GUIMARAS-ILOILO-REGION-AREA1 10/6/2012 01:49:48.2408258
Insert Area--GUIMARAS-ILOILO-REGION-AREA2 10/6/2012 01:49:50.1769366
Insert Area--GUIMARAS-ILOILO-REGION-AREA3 10/6/2012 01:49:52.0990465
Insert Area--GUIMARAS-ILOILO-REGION-AREA4 10/6/2012 01:49:53.9991552
Insert Area--GUIMARAS-ILOILO-REGION-AREA5 10/6/2012 01:49:55.8952637
Insert Area--HO 10/6/2012 01:49:57.7983725
Insert Area--LEYTE-REGION-AREA1 10/6/2012 01:49:59.7044815
Insert Area--LEYTE-REGION-AREA2 10/6/2012 01:50:01.5995899
Insert Area--LEYTE-REGION-AREA3 10/6/2012 01:50:03.5337006
Insert Area--LEYTE-REGION-AREA4 10/6/2012 01:50:05.4968128
Insert Area--LUZON-SHOWROOMS 10/6/2012 01:50:07.4519247
Insert Area--MINDANAO-SHOWROOMS 10/6/2012 01:50:09.3480331
Insert Area--NCR-SHOWROOMS 10/6/2012 01:50:11.2581424
Insert Area--NEG.OR-SIQUIJOR-REGION-AREA1 10/6/2012 01:50:13.1652514
Insert Area--NEG.OR-SIQUIJOR-REGION-AREA2 10/6/2012 01:50:15.0673602
Insert Area--NEG.OR-SIQUIJOR-REGION-AREA3 10/6/2012 01:50:16.9624686
Insert Area--NEGROS-OCC-REGION-AREA1 10/6/2012 01:50:18.8645774
Insert Area--NEGROS-OCC-REGION-AREA2 10/6/2012 01:50:20.7646861
Insert Area--NEGROS-OCC-REGION-AREA3 10/6/2012 01:50:22.6707951
Insert Area--NEGROS-OCC-REGION-AREA4 10/6/2012 01:50:24.5649035
Insert Area--NEGROS-OCC-REGION-AREA5 10/6/2012 01:50:26.4640121
Insert Area--SAMAR-REGION-AREA1 10/6/2012 01:50:28.3731213
Insert Area--SAMAR-REGION-AREA2 10/6/2012 01:50:30.2832305
Insert Area--SAMAR-REGION-AREA3 10/6/2012 01:50:32.1813391
Insert Area--SAMAR-REGION-AREA4 10/6/2012 01:50:34.0874481
Insert Area--SOCSKSARGEN-MINDANAO-AREA1 10/6/2012 01:50:35.9895569
Insert Area--SOCSKSARGEN-MINDANAO-AREA2 10/6/2012 01:50:37.8876655
Insert Area--SOCSKSARGEN-MINDANAO-AREA3 10/6/2012 01:50:39.7937745
Insert Area--SOCSKSARGEN-MINDANAO-AREA4 10/6/2012 01:50:41.6888829
Insert Area--VISAYAS-SHOWROOMS 10/6/2012 01:50:43.6079927
Insert Area--YANGAN CAMBUNAO-REGION-AREA1 10/6/2012 01:50:45.5491037
Insert Area--YANGAN CAMBUNAO-REGION-AREA2 10/6/2012 01:50:47.4592129
Insert Area--YANGAN CAMBUNAO-REGION-AREA3 10/6/2012 01:50:49.3633219
Insert Area--YANGAN CAMBUNAO-REGION-AREA4 10/6/2012 01:50:51.2624305
Insert Area--YANGAN CAMBUNAO-REGION-AREA5 10/6/2012 01:50:53.1655393
Insert Area--ZAMBASTA-MINDANAO-AREA1 10/6/2012 01:50:55.0706483
Insert Area--ZAMBASTA-MINDANAO-AREA2 10/6/2012 01:50:56.9657567
Insert Area--ZAMBASTA-MINDANAO-AREA3 10/6/2012 01:50:58.8648653
Insert Area--ZAMISLAN-REGION-AREA1 10/6/2012 01:51:00.7669741
Insert Area--ZAMISLAN-REGION-AREA2 10/6/2012 01:51:02.6690829
Insert Area--ZAMISLAN-REGION-AREA3 10/6/2012 01:51:04.5711917
Insert Area--ZAMISLAN-REGION-AREA4 10/6/2012 01:51:06.4773007
Insert Area--ZAMISLAN-REGION-AREA5 10/6/2012 01:51:08.3904101
Insert Area--ZAMSIBUGAY-REGION-AREA1 10/6/2012 01:51:10.3335213
Insert Area--ZAMSIBUGAY-REGION-AREA2 10/6/2012 01:51:12.2626316
Insert Area--ZAMSIBUGAY-REGION-AREA3 10/6/2012 01:51:14.2487452
Insert Area--ZAMSIBUGAY-REGION-AREA4 10/6/2012 01:51:16.1478538
Insert region--BOHOL-REGION 10/6/2012 01:51:17.2709181
Insert region--CAAR-REGION 10/6/2012 01:51:18.0449624
Insert region--CAGAYAN-REGION 10/6/2012 01:51:18.8260070
Insert region--CARAGA-REGION 10/6/2012 01:51:19.5990512
Insert region--Cebu Central 10/6/2012 01:51:20.3750956
Insert region--Cebu North 10/6/2012 01:51:21.1431396
Insert region--Cebu South 10/6/2012 01:51:21.9171838
Insert region--COMADAVSUR-REGION 10/6/2012 01:51:22.6872279
Insert region--DAVAO/COMVAL-MINDANAO-REGION 10/6/2012 01:51:23.4612721
Insert region--GUIMARAS-ILOILO-REGION 10/6/2012 01:51:24.2283160
Insert region--HO 10/6/2012 01:51:25.0103607
Insert region--LA-SHOWROOMS 10/6/2012 01:51:25.7824049
Insert region--LEYTE-REGION 10/6/2012 01:51:26.5734502
Insert region--LUZON/NCR-SHOWROOMS 10/6/2012 01:51:27.3614952
Insert region--NEG.OR-SIQUIJOR-REGION 10/6/2012 01:51:28.1265390
Insert region--NEGROS-OCC-REGION 10/6/2012 01:51:28.9005833
Insert region--SAMAR-REGION 10/6/2012 01:51:29.6716274
Insert region--SOCSKSARGEN-MINDANAO-REGION 10/6/2012 01:51:30.4416714
Insert region--VISMIN-SHOWROOMS 10/6/2012 01:51:31.2107154
Insert region--YANGAN CAMBUNAO-REGION 10/6/2012 01:51:31.9887599
Insert region--ZAMBASTA-MINDANAO-REGION 10/6/2012 01:51:32.7758049
Insert region--ZAMISLAN-MINDANAO-REGION 10/6/2012 01:51:33.5528494
Insert region--ZAMSIBUGAY-REGION 10/6/2012 01:51:34.3308939
Insert Vismin Wide--  10/6/2012 01:51:34.6709133
