Insert Area--ZAMSIBUGAY-REGION-AREA4 10/7/2012 00:00:02.4811419
Insert region--ZAMSIBUGAY-REGION 10/7/2012 00:00:03.2461856
Insert Vismin Wide--  10/7/2012 00:00:03.5042004
Insert Area--ZAMSIBUGAY-REGION-AREA4 10/7/2012 00:00:06.7823879
Insert region--ZAMSIBUGAY-REGION 10/7/2012 00:00:07.5934343
Update Vismin Wide--  10/7/2012 00:00:07.8434486
Insert Area--ZAMSIBUGAY-REGION-AREA4 10/7/2012 00:00:11.1276364
Insert region--ZAMSIBUGAY-REGION 10/7/2012 00:00:11.8856798
Update Vismin Wide--  10/7/2012 00:00:12.1406944
Insert Area--ZAMSIBUGAY-REGION-AREA4 10/7/2012 00:00:15.4208820
Insert region--ZAMSIBUGAY-REGION 10/7/2012 00:00:16.1829256
Update Vismin Wide--  10/7/2012 00:00:16.4479407
Insert Area--ZAMSIBUGAY-REGION-AREA4 10/7/2012 00:00:19.7351287
Insert region--ZAMSIBUGAY-REGION 10/7/2012 00:00:20.5181735
Update Vismin Wide--  10/7/2012 00:00:20.7871889
Insert Area--ZAMSIBUGAY-REGION-AREA4 10/7/2012 00:00:24.0293744
Insert region--ZAMSIBUGAY-REGION 10/7/2012 00:00:24.7934181
Update Vismin Wide--  10/7/2012 00:00:25.0654336
Insert Area--ZAMSIBUGAY-REGION-AREA4 10/7/2012 00:00:28.4116250
Insert region--ZAMSIBUGAY-REGION 10/7/2012 00:00:29.1856693
Update Vismin Wide--  10/7/2012 00:00:29.4356836
Insert Area--ZAMSIBUGAY-REGION-AREA4 10/7/2012 00:00:32.7088708
Insert region--ZAMSIBUGAY-REGION 10/7/2012 00:00:33.4729145
Update Vismin Wide--  10/7/2012 00:00:33.7319293
Insert Area--ZAMSIBUGAY-REGION-AREA4 10/7/2012 00:00:37.0291179
Insert region--ZAMSIBUGAY-REGION 10/7/2012 00:00:37.8381642
Update Vismin Wide--  10/7/2012 00:00:38.1081796
Insert Area--ZAMSIBUGAY-REGION-AREA4 10/7/2012 00:00:41.3943676
Insert region--ZAMSIBUGAY-REGION 10/7/2012 00:00:42.1504108
Update Vismin Wide--  10/7/2012 00:00:42.3944248
Insert Area--ZAMSIBUGAY-REGION-AREA4 10/7/2012 00:00:45.5836072
Insert region--ZAMSIBUGAY-REGION 10/7/2012 00:00:46.3446507
Update Vismin Wide--  10/7/2012 00:00:46.6066657
Insert Area--ZAMSIBUGAY-REGION-AREA4 10/7/2012 00:00:49.7828474
Insert region--ZAMSIBUGAY-REGION 10/7/2012 00:00:50.5368905
Update Vismin Wide--  10/7/2012 00:00:50.7929052
Insert Area--ZAMSIBUGAY-REGION-AREA4 10/7/2012 00:00:54.0590920
Insert region--ZAMSIBUGAY-REGION 10/7/2012 00:00:54.8301361
Update Vismin Wide--  10/7/2012 00:00:55.0991515
Insert Area--ZAMSIBUGAY-REGION-AREA4 10/7/2012 00:00:58.3403368
Insert region--ZAMSIBUGAY-REGION 10/7/2012 00:00:59.0983802
Update Vismin Wide--  10/7/2012 00:00:59.3613952
Insert Area--Cebu South C 10/6/2012 00:00:01.0380594
Insert Area--CEBU SOUTH D 10/6/2012 00:00:02.9511688
Insert Area--CEBU SOUTH E 10/6/2012 00:00:04.8342765
Insert Area--COMADAVSUR-REGION-AREA1 10/6/2012 00:00:06.7123839
Insert Area--COMADAVSUR-REGION-AREA2 10/6/2012 00:00:08.6204931
Insert Area--COMADAVSUR-REGION-AREA3 10/6/2012 00:00:10.5026007
Insert Area--DAVAO/COMVAL-REGION-AREA1 10/6/2012 00:00:12.4167102
Insert Area--DAVAO/COMVAL-REGION-AREA2 10/6/2012 00:00:14.3098185
Insert Area--DAVAO/COMVAL-REGION-AREA3 10/6/2012 00:00:16.2129273
Insert Area--DAVAO/COMVAL-REGION-AREA4 10/6/2012 00:00:18.1230366
Insert Area--DAVAO/COMVAL-REGION-AREA5 10/6/2012 00:00:20.0091444
Insert Area--GUIMARAS-ILOILO-REGION-AREA1 10/6/2012 00:00:21.8922522
Insert Area--GUIMARAS-ILOILO-REGION-AREA2 10/6/2012 00:00:23.7813602
Insert Area--GUIMARAS-ILOILO-REGION-AREA3 10/6/2012 00:00:25.6644679
Insert Area--GUIMARAS-ILOILO-REGION-AREA4 10/6/2012 00:00:27.5515758
Insert Area--GUIMARAS-ILOILO-REGION-AREA5 10/6/2012 00:00:29.4416840
Insert Area--HO 10/6/2012 00:00:31.3647940
Insert Area--LEYTE-REGION-AREA1 10/6/2012 00:00:33.2749032
Insert Area--LEYTE-REGION-AREA2 10/6/2012 00:00:35.1690115
Insert Area--LEYTE-REGION-AREA3 10/6/2012 00:00:37.0861212
Insert Area--LEYTE-REGION-AREA4 10/6/2012 00:00:38.9662287
Insert Area--LUZON-SHOWROOMS 10/6/2012 00:00:40.8493364
Insert Area--MINDANAO-SHOWROOMS 10/6/2012 00:00:42.7664461
Insert Area--NCR-SHOWROOMS 10/6/2012 00:00:44.6765553
Insert Area--NEG.OR-SIQUIJOR-REGION-AREA1 10/6/2012 00:00:46.5716637
Insert Area--NEG.OR-SIQUIJOR-REGION-AREA2 10/6/2012 00:00:48.4987740
Insert Area--NEG.OR-SIQUIJOR-REGION-AREA3 10/6/2012 00:00:50.4318845
Insert Area--NEGROS-OCC-REGION-AREA1 10/6/2012 00:00:52.4199982
Insert Area--NEGROS-OCC-REGION-AREA2 10/6/2012 00:00:54.3311076
Insert Area--GUIMARAS-ILOILO-REGION-AREA2 10/6/2012 00:00:01.8141038
Insert Area--GUIMARAS-ILOILO-REGION-AREA3 10/6/2012 00:00:03.7252131
Insert Area--GUIMARAS-ILOILO-REGION-AREA4 10/6/2012 00:00:05.6053206
Insert Area--GUIMARAS-ILOILO-REGION-AREA5 10/6/2012 00:00:07.4874282
Insert Area--HO 10/6/2012 00:00:09.3665357
Insert Area--LEYTE-REGION-AREA1 10/6/2012 00:00:11.2656444
Insert Area--LEYTE-REGION-AREA2 10/6/2012 00:00:13.1587526
Insert Area--LEYTE-REGION-AREA3 10/6/2012 00:00:15.0648617
Insert Area--LEYTE-REGION-AREA4 10/6/2012 00:00:16.9649703
Insert Area--LUZON-SHOWROOMS 10/6/2012 00:00:18.8990810
Insert Area--MINDANAO-SHOWROOMS 10/6/2012 00:00:20.8341916
Insert Area--NCR-SHOWROOMS 10/6/2012 00:00:22.7463010
Insert Area--NEG.OR-SIQUIJOR-REGION-AREA1 10/6/2012 00:00:24.6264085
Insert Area--NEG.OR-SIQUIJOR-REGION-AREA2 10/6/2012 00:00:26.5345177
Insert Area--NEG.OR-SIQUIJOR-REGION-AREA3 10/6/2012 00:00:28.4136252
Insert Area--NEGROS-OCC-REGION-AREA1 10/6/2012 00:00:30.2897325
Insert Area--NEGROS-OCC-REGION-AREA2 10/6/2012 00:00:32.1628396
Insert Area--NEGROS-OCC-REGION-AREA3 10/6/2012 00:00:34.0359467
Insert Area--NEGROS-OCC-REGION-AREA4 10/6/2012 00:00:35.9220546
Insert Area--NEGROS-OCC-REGION-AREA5 10/6/2012 00:00:37.8061624
Insert Area--SAMAR-REGION-AREA1 10/6/2012 00:00:39.6832697
Insert Area--<none> 10/7/2012 00:00:09.3595353
Insert Area--BOHOL-REGION-AREA1 10/7/2012 00:00:11.2616441
Insert Area--BOHOL-REGION-AREA2 10/7/2012 00:00:13.1767537
Insert Area--BOHOL-REGION-AREA3 10/7/2012 00:00:15.0568612
Insert Area--CAAR-REGION-AREA1 10/7/2012 00:00:16.9319685
Insert Area--CAAR-REGION-AREA2 10/7/2012 00:00:18.8570786
Insert Area--CAAR-REGION-AREA3 10/7/2012 00:00:20.8171907
Insert Area--CAAR-REGION-AREA4 10/7/2012 00:00:22.7373005
Insert Area--CAAR-REGION-AREA5 10/7/2012 00:00:24.6854119
Insert Area--CAGAYAN-REGION-AREA4 10/7/2012 00:00:26.5685196
Insert Area--CARAGA-REGION-AREA1 10/7/2012 00:00:28.4486272
Insert Area--CARAGA-REGION-AREA2 10/7/2012 00:00:30.3417355
Insert Area--CARAGA-REGION-AREA3 10/7/2012 00:00:32.2308435
Insert Area--CARAGA-REGION-AREA4 10/7/2012 00:00:34.1119511
Insert Area--Cebu Central A 10/7/2012 00:00:35.9900585
Insert Area--Cebu Central B 10/7/2012 00:00:37.9321696
Insert Area--Cebu Central C 10/7/2012 00:00:39.8122771
Insert Area--Cebu Central D 10/7/2012 00:00:41.6933847
Insert Area--Cebu North A 10/7/2012 00:00:43.6064942
Insert Area--Cebu North B 10/7/2012 00:00:45.4976023
Insert Area--Cebu North C 10/7/2012 00:00:47.3847103
Insert Area--Cebu North D 10/7/2012 00:00:49.2808187
Insert Area--Cebu South A 10/7/2012 00:00:51.1849276
Insert Area--Cebu South B 10/7/2012 00:00:53.0700354
Insert Area--Cebu South C 10/7/2012 00:00:54.9551433
Insert Area--CEBU SOUTH D 10/7/2012 00:00:56.8482515
Insert Area--CEBU SOUTH E 10/7/2012 00:00:58.7383597
Insert Area--COMADAVSUR-REGION-AREA1 10/7/2012 00:01:00.6404684
Insert Area--COMADAVSUR-REGION-AREA2 10/7/2012 00:01:02.5485776
Insert Area--COMADAVSUR-REGION-AREA3 10/7/2012 00:01:04.4436860
Insert Area--DAVAO/COMVAL-REGION-AREA1 10/7/2012 00:01:06.3307939
Insert Area--DAVAO/COMVAL-REGION-AREA2 10/7/2012 00:01:08.2039011
Insert Area--DAVAO/COMVAL-REGION-AREA3 10/7/2012 00:01:10.0840086
Insert Area--DAVAO/COMVAL-REGION-AREA4 10/7/2012 00:01:11.9771169
Insert Area--DAVAO/COMVAL-REGION-AREA5 10/7/2012 00:01:13.8492239
Insert Area--GUIMARAS-ILOILO-REGION-AREA1 10/7/2012 00:01:15.7293315
Insert Area--GUIMARAS-ILOILO-REGION-AREA2 10/7/2012 00:01:17.6024386
Insert Area--GUIMARAS-ILOILO-REGION-AREA3 10/7/2012 00:01:19.4765458
Insert Area--GUIMARAS-ILOILO-REGION-AREA4 10/7/2012 00:01:21.3546532
Insert Area--GUIMARAS-ILOILO-REGION-AREA5 10/7/2012 00:01:23.2337607
Insert Area--HO 10/7/2012 00:01:25.1298692
Insert Area--LEYTE-REGION-AREA1 10/7/2012 00:01:27.0419785
Insert Area--LEYTE-REGION-AREA2 10/7/2012 00:01:28.9880898
Insert Area--LEYTE-REGION-AREA3 10/7/2012 00:01:30.9282008
Insert Area--LEYTE-REGION-AREA4 10/7/2012 00:01:32.8133086
Insert Area--LUZON-SHOWROOMS 10/7/2012 00:01:34.6934162
Insert Area--MINDANAO-SHOWROOMS 10/7/2012 00:01:36.5755238
Insert Area--NCR-SHOWROOMS 10/7/2012 00:01:38.4676320
Insert Area--NEG.OR-SIQUIJOR-REGION-AREA1 10/7/2012 00:01:40.3557400
Insert Area--NEG.OR-SIQUIJOR-REGION-AREA2 10/7/2012 00:01:42.2388477
Insert Area--NEG.OR-SIQUIJOR-REGION-AREA3 10/7/2012 00:01:44.1229555
Insert Area--NEGROS-OCC-REGION-AREA1 10/7/2012 00:01:46.0230642
Insert Area--NEGROS-OCC-REGION-AREA2 10/7/2012 00:01:47.9001715
Insert Area--NEGROS-OCC-REGION-AREA3 10/7/2012 00:01:49.7872795
Insert Area--NEGROS-OCC-REGION-AREA4 10/7/2012 00:01:51.6803878
Insert Area--NEGROS-OCC-REGION-AREA5 10/7/2012 00:01:53.5604953
Insert Area--SAMAR-REGION-AREA1 10/7/2012 00:01:55.4396028
Insert Area--SAMAR-REGION-AREA2 10/7/2012 00:01:57.3177102
Insert Area--SAMAR-REGION-AREA3 10/7/2012 00:01:59.1938175
Insert Area--SAMAR-REGION-AREA4 10/7/2012 00:02:01.0659246
Insert Area--SOCSKSARGEN-MINDANAO-AREA1 10/7/2012 00:02:02.9420319
Insert Area--SOCSKSARGEN-MINDANAO-AREA2 10/7/2012 00:02:04.8331401
Insert Area--SOCSKSARGEN-MINDANAO-AREA3 10/7/2012 00:02:06.7172478
Insert Area--SOCSKSARGEN-MINDANAO-AREA4 10/7/2012 00:02:08.6383577
Insert Area--VISAYAS-SHOWROOMS 10/7/2012 00:02:10.5604676
Insert Area--YANGAN CAMBUNAO-REGION-AREA1 10/7/2012 00:02:12.4625764
Insert Area--YANGAN CAMBUNAO-REGION-AREA2 10/7/2012 00:02:14.3556847
Insert Area--YANGAN CAMBUNAO-REGION-AREA3 10/7/2012 00:02:16.2637939
Insert Area--YANGAN CAMBUNAO-REGION-AREA4 10/7/2012 00:02:18.1719030
Insert Area--YANGAN CAMBUNAO-REGION-AREA5 10/7/2012 00:02:20.1000133
Insert Area--ZAMBASTA-MINDANAO-AREA1 10/7/2012 00:02:22.0021221
Insert Area--ZAMBASTA-MINDANAO-AREA2 10/7/2012 00:02:23.8982305
Insert Area--ZAMBASTA-MINDANAO-AREA3 10/7/2012 00:02:25.7933389
Insert Area--ZAMISLAN-REGION-AREA1 10/7/2012 00:02:27.6754466
Insert Area--ZAMISLAN-REGION-AREA2 10/7/2012 00:02:29.5555541
Insert Area--ZAMISLAN-REGION-AREA3 10/7/2012 00:02:31.5076658
Insert Area--ZAMISLAN-REGION-AREA4 10/7/2012 00:02:33.4117747
Insert Area--ZAMISLAN-REGION-AREA5 10/7/2012 00:02:35.3518856
Insert Area--ZAMSIBUGAY-REGION-AREA1 10/7/2012 00:02:37.2639950
Insert Area--ZAMSIBUGAY-REGION-AREA2 10/7/2012 00:02:39.1401023
Insert Area--ZAMSIBUGAY-REGION-AREA3 10/7/2012 00:02:41.0162096
Insert Area--ZAMSIBUGAY-REGION-AREA4 10/7/2012 00:02:42.8883167
Insert region--BOHOL-REGION 10/7/2012 00:02:43.6823621
Insert region--CAAR-REGION 10/7/2012 00:02:44.4494060
Insert region--CAGAYAN-REGION 10/7/2012 00:02:45.2084494
Insert region--CARAGA-REGION 10/7/2012 00:02:45.9664928
Insert region--Cebu Central 10/7/2012 00:02:46.7285363
Insert region--Cebu North 10/7/2012 00:02:47.4945802
Insert region--Cebu South 10/7/2012 00:02:48.2566237
Insert region--COMADAVSUR-REGION 10/7/2012 00:02:49.0426687
Insert region--DAVAO/COMVAL-MINDANAO-REGION 10/7/2012 00:02:49.8127127
Insert region--GUIMARAS-ILOILO-REGION 10/7/2012 00:02:50.5857570
Insert region--HO 10/7/2012 00:02:51.3458004
Insert region--LA-SHOWROOMS 10/7/2012 00:02:52.1048438
Insert region--LEYTE-REGION 10/7/2012 00:02:52.8698876
Insert region--LUZON/NCR-SHOWROOMS 10/7/2012 00:02:53.6329312
Insert region--NEG.OR-SIQUIJOR-REGION 10/7/2012 00:02:54.4009752
Insert region--NEGROS-OCC-REGION 10/7/2012 00:02:55.1650189
Insert region--SAMAR-REGION 10/7/2012 00:02:55.9220622
Insert region--SOCSKSARGEN-MINDANAO-REGION 10/7/2012 00:02:56.6771054
Insert region--VISMIN-SHOWROOMS 10/7/2012 00:02:57.4371488
Insert region--YANGAN CAMBUNAO-REGION 10/7/2012 00:02:58.1991924
Insert region--ZAMBASTA-MINDANAO-REGION 10/7/2012 00:02:58.9662363
Insert region--ZAMISLAN-MINDANAO-REGION 10/7/2012 00:02:59.7362803
Insert region--ZAMSIBUGAY-REGION 10/7/2012 00:03:00.4953238
Insert Vismin Wide--  10/7/2012 00:03:00.7763398
941 10/7/2012 00:01:26.8599681
950 10/7/2012 00:01:43.7049316
952 10/7/2012 00:01:51.5183785
871 10/7/2012 00:01:58.6907887
804 10/7/2012 00:02:03.4940635
681 10/7/2012 00:02:09.2523928
708 10/7/2012 00:02:14.8187112
717 10/7/2012 00:02:20.3460273
769 10/7/2012 00:02:26.5533824
021 10/7/2012 00:02:33.8788014
133 10/7/2012 00:02:41.7682526
137 10/7/2012 00:02:51.4878085
138 10/7/2012 00:02:58.9262340
140 10/7/2012 00:03:06.2546532
613 10/7/2012 00:03:13.1260462
638 10/7/2012 00:03:20.1634487
518 10/7/2012 00:03:26.9098346
139 10/7/2012 00:03:34.8012859
134 10/7/2012 00:03:42.2087096
142 10/7/2012 00:03:50.1781654
131 10/7/2012 00:03:57.6155908
132 10/7/2012 00:04:05.1030191
768 10/7/2012 00:04:10.4393243
761 10/7/2012 00:04:16.6536798
741 10/7/2012 00:04:21.9089803
714 10/7/2012 00:04:27.8163182
715 10/7/2012 00:04:32.8806079
682 10/7/2012 00:04:38.5309311
642 10/7/2012 00:04:45.1133075
659 10/7/2012 00:04:50.7906323
951 10/7/2012 00:04:57.5830208
680 10/7/2012 00:05:02.6953132
690 10/7/2012 00:05:07.9366130
752 10/7/2012 00:05:14.0909650
734 10/7/2012 00:05:20.8683526
143 10/7/2012 00:05:27.9267563
135 10/7/2012 00:05:34.9271567
141 10/7/2012 00:05:42.0985669
637 10/7/2012 00:05:48.7069449
345 10/7/2012 00:05:55.3493248
628 10/7/2012 00:06:02.3477251
593 10/7/2012 00:06:09.6311417
036 10/7/2012 00:06:16.5545377
057 10/7/2012 00:06:23.7089469
066 10/7/2012 00:06:31.0073643
079 10/7/2012 00:06:38.0547674
264 10/7/2012 00:06:45.8962159
726 10/7/2012 00:06:53.3246408
711 10/7/2012 00:06:58.9639634
712 10/7/2012 00:07:04.2732670
677 10/7/2012 00:07:10.4516204
673 10/7/2012 00:07:17.0369971
696 10/7/2012 00:07:22.2702964
697 10/7/2012 00:07:27.4135906
720 10/7/2012 00:07:32.9909096
810 10/7/2012 00:07:37.9491932
280 10/7/2012 00:07:44.7715834
284 10/7/2012 00:07:51.9289928
285 10/7/2012 00:07:59.6164325
290 10/7/2012 00:08:07.3828767
582 10/7/2012 00:08:14.0312570
537 10/7/2012 00:08:21.0116562
396 10/7/2012 00:08:27.7120395
583 10/7/2012 00:08:34.7694431
639 10/7/2012 00:08:41.0838043
291 10/7/2012 00:08:48.1512085
287 10/7/2012 00:08:55.2096122
289 10/7/2012 00:09:03.4760851
281 10/7/2012 00:09:10.5554900
821 10/7/2012 00:09:15.8557931
875 10/7/2012 00:09:23.1032077
727 10/7/2012 00:09:29.6325811
724 10/7/2012 00:09:36.1959565
725 10/7/2012 00:09:42.5223184
730 10/7/2012 00:09:49.1296963
731 10/7/2012 00:09:55.7040723
747 10/7/2012 00:10:02.6214680
668 10/7/2012 00:10:08.3447953
843 10/7/2012 00:10:17.4173143
250 10/7/2012 00:10:24.9937476
251 10/7/2012 00:10:32.1501569
252 10/7/2012 00:10:40.2586207
254 10/7/2012 00:10:46.8699988
248 10/7/2012 00:10:53.7823942
246 10/7/2012 00:11:00.6967897
247 10/7/2012 00:11:08.7132482
282 10/7/2012 00:11:15.6346441
283 10/7/2012 00:11:22.3530284
288 10/7/2012 00:11:29.0404109
297 10/7/2012 00:11:36.6358453
292 10/7/2012 00:11:43.5102385
535 10/7/2012 00:11:50.5086388
513 10/7/2012 00:11:58.4210913
679 10/7/2012 00:12:03.3583737
660 10/7/2012 00:12:09.6077312
934 10/7/2012 00:12:13.2349386
845 10/7/2012 00:12:20.6823646
748 10/7/2012 00:12:27.4277504
620 10/7/2012 00:12:34.3861484
618 10/7/2012 00:12:41.9055785
410 10/7/2012 00:12:49.5730171
412 10/7/2012 00:12:54.9643254
413 10/7/2012 00:13:02.1377357
414 10/7/2012 00:13:09.3861503
415 10/7/2012 00:13:16.1045346
416 10/7/2012 00:13:23.6999690
405 10/7/2012 00:13:30.6653674
407 10/7/2012 00:13:38.0897921
408 10/7/2012 00:13:47.1063078
108 10/7/2012 00:13:54.4037252
430 10/7/2012 00:14:02.6371961
406 10/7/2012 00:14:09.9976171
417 10/7/2012 00:14:17.0750219
418 10/7/2012 00:14:24.6844571
619 10/7/2012 00:14:31.6688566
855 10/7/2012 00:14:36.6681426
857 10/7/2012 00:14:42.3084652
878 10/7/2012 00:14:49.5908817
954 10/7/2012 00:14:56.8542971
807 10/7/2012 00:15:00.7285187
419 10/7/2012 00:15:07.8879282
420 10/7/2012 00:15:15.4993636
421 10/7/2012 00:15:22.3877576
423 10/7/2012 00:15:31.4022732
424 10/7/2012 00:15:39.2347212
425 10/7/2012 00:15:46.6071428
431 10/7/2012 00:15:53.5595405
409 10/7/2012 00:16:01.0779705
427 10/7/2012 00:16:09.0934290
428 10/7/2012 00:16:18.3109562
429 10/7/2012 00:16:25.2943556
434 10/7/2012 00:16:32.4047623
435 10/7/2012 00:16:39.3891618
436 10/7/2012 00:16:46.0135407
437 10/7/2012 00:16:53.0939457
439 10/7/2012 00:17:01.9984550
440 10/7/2012 00:17:10.0459153
441 10/7/2012 00:17:17.3283318
432 10/7/2012 00:17:24.0937187
433 10/7/2012 00:17:31.8591629
800 10/7/2012 00:17:36.7804444
777 10/7/2012 00:17:41.6787246
718 10/7/2012 00:17:47.0130297
719 10/7/2012 00:17:52.1663244
749 10/7/2012 00:17:58.9217108
750 10/7/2012 00:18:05.3490784
868 10/7/2012 00:18:12.4184828
846 10/7/2012 00:18:19.6738978
105 10/7/2012 00:18:27.4533427
029 10/7/2012 00:18:35.6568119
030 10/7/2012 00:18:44.4243134
032 10/7/2012 00:18:50.3916547
033 10/7/2012 00:18:57.5970668
034 10/7/2012 00:19:05.9705458
035 10/7/2012 00:19:11.6118684
037 10/7/2012 00:19:18.1572428
038 10/7/2012 00:19:25.1266414
040 10/7/2012 00:19:32.7690786
025 10/7/2012 00:19:39.6114699
018 10/7/2012 00:19:47.0008926
020 10/7/2012 00:19:56.1284146
019 10/7/2012 00:20:05.5489535
026 10/7/2012 00:20:12.8763726
027 10/7/2012 00:20:20.0957855
028 10/7/2012 00:20:27.2691958
022 10/7/2012 00:20:33.3135415
023 10/7/2012 00:20:40.6119589
024 10/7/2012 00:20:47.6903638
125 10/7/2012 00:20:55.4558080
120 10/7/2012 00:21:03.8452878
121 10/7/2012 00:21:10.7826846
122 10/7/2012 00:21:18.3311164
078 10/7/2012 00:21:26.7065954
512 10/7/2012 00:21:33.5899891
526 10/7/2012 00:21:41.9094650
835 10/7/2012 00:21:50.6929674
867 10/7/2012 00:21:58.7214266
532 10/7/2012 00:22:05.9898423
508 10/7/2012 00:22:13.0572465
616 10/7/2012 00:22:20.8316912
633 10/7/2012 00:22:28.0651049
325 10/7/2012 00:22:35.0815062
106 10/7/2012 00:22:42.9879585
041 10/7/2012 00:22:50.3173777
042 10/7/2012 00:22:57.5987941
045 10/7/2012 00:23:07.3163500
046 10/7/2012 00:23:13.9417289
047 10/7/2012 00:23:20.7851203
048 10/7/2012 00:23:28.0985386
049 10/7/2012 00:23:35.7079739
052 10/7/2012 00:23:42.9123859
054 10/7/2012 00:23:50.4898193
055 10/7/2012 00:23:57.5202215
053 10/7/2012 00:24:04.6286280
050 10/7/2012 00:24:11.9890490
051 10/7/2012 00:24:19.5354807
064 10/7/2012 00:24:26.6768891
070 10/7/2012 00:24:33.8863015
071 10/7/2012 00:24:42.5207953
072 10/7/2012 00:24:49.4911940
073 10/7/2012 00:24:58.2706962
043 10/7/2012 00:25:05.8961323
240 10/7/2012 00:25:12.7555247
511 10/7/2012 00:25:19.9589367
866 10/7/2012 00:25:26.8343299
912 10/7/2012 00:25:30.1985224
722 10/7/2012 00:25:37.5669438
721 10/7/2012 00:25:46.0774306
793 10/7/2012 00:25:50.0316567
794 10/7/2012 00:25:55.7099815
710 10/7/2012 00:26:01.5273143
864 10/7/2012 00:26:09.0067421
865 10/7/2012 00:26:15.9061367
591 10/7/2012 00:26:23.1365502
571 10/7/2012 00:26:28.8978798
578 10/7/2012 00:26:36.0062863
260 10/7/2012 00:26:42.8356770
067 10/7/2012 00:26:52.9282542
068 10/7/2012 00:27:01.1647253
069 10/7/2012 00:27:11.3513080
065 10/7/2012 00:27:18.8527370
056 10/7/2012 00:27:26.1171525
058 10/7/2012 00:27:34.8346511
059 10/7/2012 00:27:43.3231366
060 10/7/2012 00:27:50.5835519
061 10/7/2012 00:27:57.8379668
062 10/7/2012 00:28:04.9923761
063 10/7/2012 00:28:12.1807872
585 10/7/2012 00:28:19.8152239
944 10/7/2012 00:28:27.2736505
945 10/7/2012 00:28:34.1180419
961 10/7/2012 00:28:38.2032756
699 10/7/2012 00:28:44.3976299
644 10/7/2012 00:28:52.9011163
997 10/7/2012 00:29:00.6955621
770 10/7/2012 00:29:04.6997911
943 10/7/2012 00:29:11.9772074
936 10/7/2012 00:29:19.2126212
856 10/7/2012 00:29:25.4029753
829 10/7/2012 00:29:30.9752940
084 10/7/2012 00:29:38.9307490
080 10/7/2012 00:29:47.1022164
081 10/7/2012 00:29:55.0406705
082 10/7/2012 00:30:02.1690782
087 10/7/2012 00:30:09.5104981
088 10/7/2012 00:30:16.6039038
089 10/7/2012 00:30:24.4943551
090 10/7/2012 00:30:31.8387752
092 10/7/2012 00:30:40.4002649
093 10/7/2012 00:30:47.7456850
094 10/7/2012 00:30:54.3390621
095 10/7/2012 00:31:01.8084894
083 10/7/2012 00:31:08.9008950
085 10/7/2012 00:31:16.2963180
086 10/7/2012 00:31:23.4637280
074 10/7/2012 00:31:31.3381784
075 10/7/2012 00:31:38.1985707
076 10/7/2012 00:31:45.7600032
573 10/7/2012 00:31:53.1674269
869 10/7/2012 00:32:00.1068238
937 10/7/2012 00:32:07.2302313
938 10/7/2012 00:32:14.5586504
728 10/7/2012 00:32:20.7330036
656 10/7/2012 00:32:26.4713318
702 10/7/2012 00:32:33.0417076
900 10/7/2012 00:32:37.3739554
839 10/7/2012 00:32:53.1008549
817 10/7/2012 00:32:58.2811512
575 10/7/2012 00:33:06.4496184
017 10/7/2012 00:33:14.3560706
126 10/7/2012 00:33:22.3735292
128 10/7/2012 00:33:31.0740269
129 10/7/2012 00:33:38.4034461
130 10/7/2012 00:33:45.3248420
123 10/7/2012 00:33:54.2643533
124 10/7/2012 00:34:01.2027501
103 10/7/2012 00:34:08.9041906
567 10/7/2012 00:34:15.9685947
555 10/7/2012 00:34:24.0130548
816 10/7/2012 00:34:28.7433254
858 10/7/2012 00:34:35.1266905
666 10/7/2012 00:34:41.4660530
778 10/7/2012 00:34:45.9873117
784 10/7/2012 00:34:51.1926094
670 10/7/2012 00:34:57.0809462
834 10/7/2012 00:35:10.5037139
876 10/7/2012 00:35:17.6921251
953 10/7/2012 00:35:24.5525175
109 10/7/2012 00:35:32.4049666
112 10/7/2012 00:35:39.9513982
115 10/7/2012 00:35:46.9667995
117 10/7/2012 00:35:54.0922070
118 10/7/2012 00:36:02.4196833
119 10/7/2012 00:36:09.4030828
104 10/7/2012 00:36:17.5445484
096 10/7/2012 00:36:25.0769793
097 10/7/2012 00:36:32.8114216
098 10/7/2012 00:36:39.8428238
099 10/7/2012 00:36:49.5103768
100 10/7/2012 00:36:57.6288411
101 10/7/2012 00:37:05.2332761
549 10/7/2012 00:37:12.4676898
566 10/7/2012 00:37:20.3751421
947 10/7/2012 00:37:27.3435407
812 10/7/2012 00:37:32.2668223
836 10/7/2012 00:37:45.2125627
837 10/7/2012 00:37:57.7632806
838 10/7/2012 00:38:06.0007518
559 10/7/2012 00:38:13.2511665
107 10/7/2012 00:38:20.3905748
110 10/7/2012 00:38:27.5479842
111 10/7/2012 00:38:34.7503962
116 10/7/2012 00:38:41.8608028
113 10/7/2012 00:38:48.7571973
114 10/7/2012 00:38:56.0926169
507 10/7/2012 00:39:04.2050809
569 10/7/2012 00:39:12.2515411
621 10/7/2012 00:39:19.6419638
384 10/7/2012 00:39:27.6414213
861 10/7/2012 00:39:34.2417989
933 10/7/2012 00:39:38.2990309
889 10/7/2012 00:39:46.0934767
772 10/7/2012 00:39:52.0318164
773 10/7/2012 00:39:59.5562468
883 10/7/2012 00:40:07.0956780
956 10/7/2012 00:40:15.9241830
841 10/7/2012 00:40:24.5346755
820 10/7/2012 00:40:30.0069885
385 10/7/2012 00:40:37.9394422
386 10/7/2012 00:40:46.5029320
388 10/7/2012 00:40:55.2364315
389 10/7/2012 00:41:02.1448266
390 10/7/2012 00:41:09.4202428
331 10/7/2012 00:41:16.6436559
383 10/7/2012 00:41:23.7070599
629 10/7/2012 00:41:30.8844704
626 10/7/2012 00:41:37.8678699
538 10/7/2012 00:41:45.0962833
220 10/7/2012 00:41:52.2376918
271 10/7/2012 00:41:59.7841234
332 10/7/2012 00:42:06.8925300
324 10/7/2012 00:42:14.9569912
330 10/7/2012 00:42:22.9414479
860 10/7/2012 00:42:31.2649240
911 10/7/2012 00:42:35.7091782
771 10/7/2012 00:42:41.0204820
760 10/7/2012 00:42:47.5778571
791 10/7/2012 00:42:53.3881894
723 10/7/2012 00:42:59.0595138
739 10/7/2012 00:43:04.8368442
661 10/7/2012 00:43:10.3451593
602 10/7/2012 00:43:18.4116206
286 10/7/2012 00:43:25.3480174
301 10/7/2012 00:43:33.6564926
303 10/7/2012 00:43:41.1299201
306 10/7/2012 00:43:50.0834322
308 10/7/2012 00:43:57.6298638
316 10/7/2012 00:44:05.7773298
136 10/7/2012 00:44:11.5046574
302 10/7/2012 00:44:18.6660670
540 10/7/2012 00:44:25.9114814
515 10/7/2012 00:44:33.3979096
329 10/7/2012 00:44:40.8653367
333 10/7/2012 00:44:48.4267692
334 10/7/2012 00:44:55.9762010
326 10/7/2012 00:45:04.0816646
327 10/7/2012 00:45:11.2890769
792 10/7/2012 00:45:16.0503492
893 10/7/2012 00:45:23.1307542
805 10/7/2012 00:45:29.0020900
802 10/7/2012 00:45:34.2463899
701 10/7/2012 00:45:39.5896956
319 10/7/2012 00:45:55.5856105
320 10/7/2012 00:46:03.1310421
321 10/7/2012 00:46:11.3655130
322 10/7/2012 00:46:19.5539814
426 10/7/2012 00:46:27.3344264
307 10/7/2012 00:46:34.9598626
315 10/7/2012 00:46:43.3353416
311 10/7/2012 00:46:51.6478171
312 10/7/2012 00:46:59.4762648
313 10/7/2012 00:47:06.8666875
314 10/7/2012 00:47:14.0230969
310 10/7/2012 00:47:20.9614937
317 10/7/2012 00:47:29.0409558
148 10/7/2012 00:47:36.8214008
323 10/7/2012 00:47:44.8358592
517 10/7/2012 00:47:51.5122411
590 10/7/2012 00:47:58.3356314
709 10/7/2012 00:48:03.4389233
671 10/7/2012 00:48:08.6332204
890 10/7/2012 00:48:15.4486102
891 10/7/2012 00:48:22.3520050
959 10/7/2012 00:48:25.7602000
894 10/7/2012 00:48:32.5745897
624 10/7/2012 00:48:39.9170097
541 10/7/2012 00:48:48.0614755
527 10/7/2012 00:48:55.4318971
328 10/7/2012 00:49:03.0243314
127 10/7/2012 00:49:09.8977245
309 10/7/2012 00:49:17.1811411
298 10/7/2012 00:49:25.5736211
299 10/7/2012 00:49:32.7900339
300 10/7/2012 00:49:40.2634613
293 10/7/2012 00:49:47.9789026
267 10/7/2012 00:49:55.0093047
273 10/7/2012 00:50:02.8367524
274 10/7/2012 00:50:10.4941904
275 10/7/2012 00:50:17.5885962
262 10/7/2012 00:50:26.5771103
259 10/7/2012 00:50:34.0565381
102 10/7/2012 00:50:39.7598643
543 10/7/2012 00:50:47.3853005
522 10/7/2012 00:50:56.1378011
897 10/7/2012 00:51:01.1230862
745 10/7/2012 00:51:07.7444649
766 10/7/2012 00:51:12.9297615
676 10/7/2012 00:51:18.9071034
828 10/7/2012 00:51:24.1994061
563 10/7/2012 00:51:31.7298368
263 10/7/2012 00:51:39.1522614
261 10/7/2012 00:51:46.4486787
255 10/7/2012 00:51:53.8711032
256 10/7/2012 00:52:01.3545313
257 10/7/2012 00:52:10.9690812
258 10/7/2012 00:52:21.4646815
266 10/7/2012 00:52:29.8861632
269 10/7/2012 00:52:37.6606079
272 10/7/2012 00:52:44.8560194
265 10/7/2012 00:52:52.4494537
294 10/7/2012 00:53:01.0459454
277 10/7/2012 00:53:09.7024405
278 10/7/2012 00:53:18.0879202
279 10/7/2012 00:53:29.8115907
296 10/7/2012 00:53:38.0130598
514 10/7/2012 00:53:46.6915562
775 10/7/2012 00:53:54.0659780
783 10/7/2012 00:54:00.9313707
779 10/7/2012 00:54:07.0437203
786 10/7/2012 00:54:13.5940949
787 10/7/2012 00:54:19.9484584
693 10/7/2012 00:54:29.1019819
827 10/7/2012 00:54:35.1753293
557 10/7/2012 00:54:44.1508427
253 10/7/2012 00:54:54.0044063
249 10/7/2012 00:55:03.1069269
241 10/7/2012 00:55:11.5434094
242 10/7/2012 00:55:20.9969502
243 10/7/2012 00:55:30.6105000
244 10/7/2012 00:55:38.7899679
245 10/7/2012 00:55:46.2403940
268 10/7/2012 00:55:56.6759909
276 10/7/2012 00:56:04.9984669
295 10/7/2012 00:56:13.0449271
044 10/7/2012 00:56:22.4844670
523 10/7/2012 00:56:32.4860391
509 10/7/2012 00:56:40.0764733
510 10/7/2012 00:56:48.0609299
842 10/7/2012 00:56:59.1125621
662 10/7/2012 00:57:06.8210030
788 10/7/2012 00:57:13.4993849
729 10/7/2012 00:57:20.4397819
001 10/7/2012 00:57:24.8920366
207 10/7/2012 00:57:35.3826366
208 10/7/2012 00:57:45.1921977
209 10/7/2012 00:57:52.6026215
210 10/7/2012 00:58:02.2831752
215 10/7/2012 00:58:13.0397904
216 10/7/2012 00:58:22.8503516
217 10/7/2012 00:58:34.3920117
218 10/7/2012 00:58:42.8274942
650 10/7/2012 00:58:51.5569935
651 10/7/2012 00:59:04.7847501
674 10/7/2012 00:59:12.5701954
675 10/7/2012 00:59:19.7636068
796 10/7/2012 00:59:24.5568810
797 10/7/2012 00:59:29.0151360
874 10/7/2012 00:59:37.6126277
996 10/7/2012 00:59:45.2480645
193 10/7/2012 00:59:57.4557627
194 10/7/2012 01:00:04.5271672
195 10/7/2012 01:00:16.3468432
196 10/7/2012 01:00:28.1065158
197 10/7/2012 01:00:37.0490273
198 10/7/2012 01:00:51.7098659
199 10/7/2012 01:01:01.5954313
191 10/7/2012 01:01:13.2150959
201 10/7/2012 01:01:23.1266628
202 10/7/2012 01:01:31.5821464
203 10/7/2012 01:01:40.0156288
204 10/7/2012 01:01:49.7471854
205 10/7/2012 01:01:58.5966916
219 10/7/2012 01:02:07.2211849
222 10/7/2012 01:02:16.3637078
223 10/7/2012 01:02:27.0603196
224 10/7/2012 01:02:37.7349301
225 10/7/2012 01:02:45.5353763
226 10/7/2012 01:02:56.1349826
227 10/7/2012 01:03:04.7154733
228 10/7/2012 01:03:13.9510016
229 10/7/2012 01:03:24.6346127
230 10/7/2012 01:03:37.3193382
634 10/7/2012 01:03:45.8268248
698 10/7/2012 01:03:52.7022180
753 10/7/2012 01:04:02.0917551
754 10/7/2012 01:04:10.6842465
755 10/7/2012 01:04:18.0126657
645 10/7/2012 01:04:25.3700865
872 10/7/2012 01:04:35.3066549
949 10/7/2012 01:04:44.5331826
993 10/7/2012 01:04:52.2236225
212 10/7/2012 01:05:03.5852723
221 10/7/2012 01:05:12.1767637
206 10/7/2012 01:05:20.1982225
214 10/7/2012 01:05:31.0878454
007 10/7/2012 01:05:38.7612843
012 10/7/2012 01:05:46.1707081
013 10/7/2012 01:05:53.6411353
014 10/7/2012 01:06:01.6075910
382 10/7/2012 01:06:10.2290841
899 10/7/2012 01:06:14.0423022
844 10/7/2012 01:06:21.5787333
851 10/7/2012 01:06:29.3221762
862 10/7/2012 01:06:38.8097188
909 10/7/2012 01:06:45.9501272
892 10/7/2012 01:06:55.5956789
939 10/7/2012 01:07:04.9002111
568 10/7/2012 01:07:17.0339051
005 10/7/2012 01:07:25.6473978
006 10/7/2012 01:07:42.4623596
008 10/7/2012 01:07:52.9629602
009 10/7/2012 01:08:00.4233869
010 10/7/2012 01:08:08.3198385
011 10/7/2012 01:08:17.7583784
015 10/7/2012 01:08:27.6029415
016 10/7/2012 01:08:37.6825180
369 10/7/2012 01:08:45.2959534
946 10/7/2012 01:08:54.6654893
853 10/7/2012 01:09:04.8260705
806 10/7/2012 01:09:10.7044067
678 10/7/2012 01:09:16.9877661
764 10/7/2012 01:09:27.9673941
595 10/7/2012 01:09:37.0149116
539 10/7/2012 01:09:45.5814016
149 10/7/2012 01:09:56.4930257
151 10/7/2012 01:10:09.5797742
152 10/7/2012 01:10:20.4803977
147 10/7/2012 01:10:31.8870501
157 10/7/2012 01:10:42.5616606
145 10/7/2012 01:10:53.2602726
159 10/7/2012 01:11:02.7938179
160 10/7/2012 01:11:13.7004417
161 10/7/2012 01:11:22.1829269
146 10/7/2012 01:11:32.7935337
144 10/7/2012 01:11:43.0341195
153 10/7/2012 01:11:54.1977580
154 10/7/2012 01:12:03.2242743
529 10/7/2012 01:12:12.0237776
530 10/7/2012 01:12:22.9814043
588 10/7/2012 01:12:32.4789476
584 10/7/2012 01:12:45.9507181
744 10/7/2012 01:12:56.1783031
657 10/7/2012 01:13:04.2127626
716 10/7/2012 01:13:14.6673606
808 10/7/2012 01:13:23.5328677
798 10/7/2012 01:13:32.0193531
813 10/7/2012 01:13:37.2046497
758 10/7/2012 01:13:51.5864722
155 10/7/2012 01:14:01.0610142
156 10/7/2012 01:14:13.1877078
158 10/7/2012 01:14:22.2172242
305 10/7/2012 01:14:37.0150706
176 10/7/2012 01:14:46.6256203
177 10/7/2012 01:14:56.9292096
178 10/7/2012 01:15:07.4028087
180 10/7/2012 01:15:19.2684874
163 10/7/2012 01:15:33.7283144
597 10/7/2012 01:15:45.5659915
609 10/7/2012 01:15:55.4475567
738 10/7/2012 01:16:02.3969542
809 10/7/2012 01:16:09.0443344
801 10/7/2012 01:16:14.9796739
870 10/7/2012 01:16:25.8912980
751 10/7/2012 01:16:32.8796977
636 10/7/2012 01:16:48.3755840
181 10/7/2012 01:16:58.9381882
182 10/7/2012 01:17:07.6956891
183 10/7/2012 01:17:17.8142678
184 10/7/2012 01:17:28.5788835
185 10/7/2012 01:17:38.5994566
186 10/7/2012 01:17:48.2600092
188 10/7/2012 01:17:56.8985033
189 10/7/2012 01:18:07.7501240
190 10/7/2012 01:18:18.8377581
179 10/7/2012 01:18:28.2162946
173 10/7/2012 01:18:41.1300332
174 10/7/2012 01:18:52.0506578
614 10/7/2012 01:19:02.7302687
601 10/7/2012 01:19:10.8777347
580 10/7/2012 01:19:20.7703005
705 10/7/2012 01:19:27.6736953
823 10/7/2012 01:19:34.5730900
901 10/7/2012 01:19:39.6303792
994 10/7/2012 01:19:49.8889660
987 10/7/2012 01:20:03.7287576
707 10/7/2012 01:20:12.2532451
685 10/7/2012 01:20:20.6307243
686 10/7/2012 01:20:29.0622066
669 10/7/2012 01:20:37.1956718
736 10/7/2012 01:20:50.0874091
737 10/7/2012 01:21:02.8011363
603 10/7/2012 01:21:13.0097202
504 10/7/2012 01:21:23.5513232
374 10/7/2012 01:21:34.6819598
171 10/7/2012 01:21:47.8247115
318 10/7/2012 01:21:58.5533252
164 10/7/2012 01:22:11.7100777
165 10/7/2012 01:22:23.9897800
166 10/7/2012 01:22:34.6353889
167 10/7/2012 01:22:49.9582654
168 10/7/2012 01:23:00.8918907
169 10/7/2012 01:23:11.6555064
170 10/7/2012 01:23:25.5593016
337 10/7/2012 01:23:35.5278718
505 10/7/2012 01:23:50.5597316
635 10/7/2012 01:24:01.4103522
706 10/7/2012 01:24:08.1397371
999 10/7/2012 01:24:19.1353660
647 10/7/2012 01:24:35.8513221
743 10/7/2012 01:24:48.2770328
824 10/7/2012 01:24:54.4423854
607 10/7/2012 01:25:04.7739764
544 10/7/2012 01:25:15.6675995
556 10/7/2012 01:25:23.1810292
232 10/7/2012 01:25:38.3098945
236 10/7/2012 01:25:49.8775561
237 10/7/2012 01:26:05.9974782
234 10/7/2012 01:26:18.8312122
525 10/7/2012 01:26:29.6348301
534 10/7/2012 01:26:42.6075721
596 10/7/2012 01:26:52.7381516
873 10/7/2012 01:27:08.4190485
762 10/7/2012 01:27:18.4556225
998 10/7/2012 01:27:31.1713498
655 10/7/2012 01:27:41.1429202
700 10/7/2012 01:27:47.8203021
799 10/7/2012 01:27:54.7987012
594 10/7/2012 01:28:07.7454417
598 10/7/2012 01:28:19.1480939
503 10/7/2012 01:28:28.2656154
235 10/7/2012 01:28:43.3924806
231 10/7/2012 01:28:56.9952587
238 10/7/2012 01:29:09.5609774
239 10/7/2012 01:29:23.8497947
192 10/7/2012 01:29:38.0116047
617 10/7/2012 01:29:57.1987021
825 10/7/2012 01:30:05.2811644
704 10/7/2012 01:30:12.0065491
648 10/7/2012 01:30:32.0366947
646 10/7/2012 01:30:44.0383812
767 10/7/2012 01:30:58.8152264
859 10/7/2012 01:31:09.7718531
955 10/7/2012 01:31:24.5256969
375 10/7/2012 01:31:35.9303492
376 10/7/2012 01:31:54.2733984
377 10/7/2012 01:32:05.1950231
378 10/7/2012 01:32:27.4962986
381 10/7/2012 01:32:38.2159118
372 10/7/2012 01:32:55.1508804
422 10/7/2012 01:33:10.9157821
200 10/7/2012 01:33:32.4540140
175 10/7/2012 01:33:43.0566204
404 10/7/2012 01:33:50.9120697
444 10/7/2012 01:34:08.9821033
397 10/7/2012 01:34:22.1398559
398 10/7/2012 01:34:37.3577263
399 10/7/2012 01:34:48.9833912
400 10/7/2012 01:34:59.4119877
401 10/7/2012 01:35:10.6476304
625 10/7/2012 01:35:27.1565746
600 10/7/2012 01:35:37.2381513
863 10/7/2012 01:35:50.5639134
742 10/7/2012 01:35:58.1933498
667 10/7/2012 01:36:06.2368099
740 10/7/2012 01:36:14.4312786
903 10/7/2012 01:36:22.6837506
958 10/7/2012 01:36:28.2440686
572 10/7/2012 01:36:41.7868432
560 10/7/2012 01:36:51.3483901
561 10/7/2012 01:37:05.8302184
402 10/7/2012 01:37:14.6267216
403 10/7/2012 01:37:24.9283108
391 10/7/2012 01:37:35.5909206
392 10/7/2012 01:37:45.9405126
393 10/7/2012 01:37:57.6911847
394 10/7/2012 01:38:07.7657609
187 10/7/2012 01:38:21.0155188
213 10/7/2012 01:38:32.9161995
379 10/7/2012 01:38:42.4387441
380 10/7/2012 01:38:54.5004340
605 10/7/2012 01:39:01.9598607
914 10/7/2012 01:39:07.9272020
849 10/7/2012 01:39:16.2486779
803 10/7/2012 01:39:25.8762286
641 10/7/2012 01:39:38.2449361
703 10/7/2012 01:39:46.8644291
652 10/7/2012 01:39:53.6258158
653 10/7/2012 01:40:00.1451887
781 10/7/2012 01:40:08.4746651
833 10/7/2012 01:40:17.5621849
623 10/7/2012 01:40:25.7526533
632 10/7/2012 01:40:33.7921132
579 10/7/2012 01:40:43.1556487
562 10/7/2012 01:40:53.1032177
547 10/7/2012 01:41:03.7048241
003 10/7/2012 01:41:16.8615766
004 10/7/2012 01:41:25.3810639
533 10/7/2012 01:41:37.5737613
519 10/7/2012 01:41:54.0367029
574 10/7/2012 01:42:05.2463441
373 10/7/2012 01:42:12.3097481
346 10/7/2012 01:42:28.6126805
347 10/7/2012 01:42:41.6574266
349 10/7/2012 01:42:50.1319114
350 10/7/2012 01:43:02.7516332
351 10/7/2012 01:43:11.3011222
352 10/7/2012 01:43:26.5839963
353 10/7/2012 01:43:39.1357142
896 10/7/2012 01:43:47.1401720
880 10/7/2012 01:43:55.0356236
881 10/7/2012 01:44:17.5829133
790 10/7/2012 01:44:27.0944573
342 10/7/2012 01:44:40.7722396
338 10/7/2012 01:44:52.7719260
339 10/7/2012 01:45:03.7685549
627 10/7/2012 01:45:12.6650638
604 10/7/2012 01:45:21.4035636
528 10/7/2012 01:45:33.0502298
550 10/7/2012 01:45:42.2697571
355 10/7/2012 01:45:51.7602999
356 10/7/2012 01:46:03.6829818
359 10/7/2012 01:46:13.3125326
360 10/7/2012 01:46:21.5240023
361 10/7/2012 01:46:33.7427012
362 10/7/2012 01:46:44.7253293
365 10/7/2012 01:46:56.0909794
785 10/7/2012 01:47:04.0554350
795 10/7/2012 01:47:11.7838770
687 10/7/2012 01:47:18.1332402
688 10/7/2012 01:47:25.7806776
689 10/7/2012 01:47:32.7260748
811 10/7/2012 01:47:40.7465336
344 10/7/2012 01:47:48.9070003
340 10/7/2012 01:48:02.0727534
341 10/7/2012 01:48:11.0522670
335 10/7/2012 01:48:22.1459015
336 10/7/2012 01:48:30.6013851
558 10/7/2012 01:48:40.1249298
640 10/7/2012 01:48:51.3005690
172 10/7/2012 01:49:01.5421548
354 10/7/2012 01:49:11.1247029
343 10/7/2012 01:49:20.5772436
348 10/7/2012 01:49:29.9027769
364 10/7/2012 01:49:39.4023203
879 10/7/2012 01:49:50.1729363
654 10/7/2012 01:49:56.8583187
765 10/7/2012 01:50:06.1988530
658 10/7/2012 01:50:14.6783380
902 10/7/2012 01:50:19.4336099
957 10/7/2012 01:50:29.1521658
814 10/7/2012 01:50:36.6765962
815 10/7/2012 01:50:42.6449376
586 10/7/2012 01:50:53.4365548
589 10/7/2012 01:51:00.7509732
521 10/7/2012 01:51:10.9115543
489 10/7/2012 01:51:22.6472256
490 10/7/2012 01:51:33.3998406
491 10/7/2012 01:51:53.0329635
487 10/7/2012 01:52:02.8265237
501 10/7/2012 01:52:10.8169807
502 10/7/2012 01:52:20.2495202
500 10/7/2012 01:52:30.6471149
488 10/7/2012 01:52:45.0129366
494 10/7/2012 01:52:53.4384185
495 10/7/2012 01:53:03.0289671
496 10/7/2012 01:53:10.2643809
506 10/7/2012 01:53:22.0790567
554 10/7/2012 01:53:33.1686910
587 10/7/2012 01:53:42.4902241
615 10/7/2012 01:53:52.9948249
463 10/7/2012 01:54:03.0814019
822 10/7/2012 01:54:10.7568409
942 10/7/2012 01:54:20.1263768
776 10/7/2012 01:54:30.5899753
735 10/7/2012 01:54:43.0466878
940 10/7/2012 01:54:52.9682552
910 10/7/2012 01:54:57.3725071
830 10/7/2012 01:55:04.4679130
831 10/7/2012 01:55:11.8523353
992 10/7/2012 01:55:28.5932929
599 10/7/2012 01:55:46.5413194
531 10/7/2012 01:55:58.4640014
542 10/7/2012 01:56:08.3615675
493 10/7/2012 01:56:24.6965018
498 10/7/2012 01:56:37.4842332
499 10/7/2012 01:56:51.7550494
497 10/7/2012 01:57:00.2385347
546 10/7/2012 01:57:16.2554508
469 10/7/2012 01:57:26.0650119
470 10/7/2012 01:57:39.4547777
472 10/7/2012 01:57:52.2385089
473 10/7/2012 01:58:02.7471100
474 10/7/2012 01:58:11.8776322
465 10/7/2012 01:58:26.0194411
826 10/7/2012 01:58:34.3709187
819 10/7/2012 01:58:40.1322483
882 10/7/2012 01:58:51.4088933
913 10/7/2012 01:58:57.6982530
665 10/7/2012 01:59:07.2267980
684 10/7/2012 01:59:15.8942937
692 10/7/2012 01:59:27.2239418
759 10/7/2012 01:59:34.9553840
906 10/7/2012 01:59:42.2658021
840 10/7/2012 01:59:53.0704201
480 10/7/2012 02:00:02.0809355
481 10/7/2012 02:00:12.9895594
483 10/7/2012 02:00:24.2142014
484 10/7/2012 02:00:38.3950125
485 10/7/2012 02:00:49.2966361
486 10/7/2012 02:00:59.4412163
476 10/7/2012 02:01:09.9888196
368 10/7/2012 02:01:19.3603556
370 10/7/2012 02:01:31.2920381
371 10/7/2012 02:01:41.6916329
366 10/7/2012 02:01:55.8484426
363 10/7/2012 02:02:04.5229387
552 10/7/2012 02:02:14.9735365
905 10/7/2012 02:02:23.5700282
948 10/7/2012 02:02:35.8507306
985 10/7/2012 02:02:55.7658697
782 10/7/2012 02:03:01.7672129
694 10/7/2012 02:03:07.6495494
649 10/7/2012 02:03:16.6800659
995 10/7/2012 02:03:24.7665284
695 10/7/2012 02:03:34.3250751
746 10/7/2012 02:03:44.6576661
733 10/7/2012 02:03:53.2701587
986 10/7/2012 02:04:06.0278884
904 10/7/2012 02:04:12.3772516
877 10/7/2012 02:04:21.6777836
818 10/7/2012 02:04:32.4904020
551 10/7/2012 02:04:42.2079578
581 10/7/2012 02:04:53.9496294
367 10/7/2012 02:05:05.0772659
477 10/7/2012 02:05:15.4758606
478 10/7/2012 02:05:25.9044571
475 10/7/2012 02:05:34.0639238
482 10/7/2012 02:05:46.4466321
850 10/7/2012 02:05:55.9771772
907 10/7/2012 02:06:00.2714228
983 10/7/2012 02:06:16.3663434
984 10/7/2012 02:06:35.1494177
732 10/7/2012 02:06:44.8689736
763 10/7/2012 02:06:54.2215086
789 10/7/2012 02:07:00.3078567
691 10/7/2012 02:07:08.0182977
960 10/7/2012 02:07:12.5315558
895 10/7/2012 02:07:20.3920054
991 10/7/2012 02:07:30.1515636
445 10/7/2012 02:07:41.7322260
447 10/7/2012 02:07:54.5129570
448 10/7/2012 02:08:04.1485082
449 10/7/2012 02:08:16.4022090
438 10/7/2012 02:08:25.0247022
570 10/7/2012 02:08:33.3551787
565 10/7/2012 02:08:45.3228632
622 10/7/2012 02:08:54.1173662
553 10/7/2012 02:09:03.4168981
545 10/7/2012 02:09:14.8535523
443 10/7/2012 02:09:22.6099959
630 10/7/2012 02:09:33.8256374
612 10/7/2012 02:09:44.2382330
606 10/7/2012 02:09:53.7687781
564 10/7/2012 02:10:05.3914429
451 10/7/2012 02:10:15.1570014
452 10/7/2012 02:10:27.3256974
464 10/7/2012 02:10:40.3754438
455 10/7/2012 02:10:50.8750444
457 10/7/2012 02:11:02.4247050
459 10/7/2012 02:11:12.6682909
460 10/7/2012 02:11:23.6749204
461 10/7/2012 02:11:32.9264496
462 10/7/2012 02:11:43.8720756
884 10/7/2012 02:11:52.7415829
885 10/7/2012 02:12:00.7330400
886 10/7/2012 02:12:11.1876380
887 10/7/2012 02:12:20.1651515
888 10/7/2012 02:12:31.8428194
683 10/7/2012 02:12:37.9301676
663 10/7/2012 02:12:44.1765248
458 10/7/2012 02:12:52.8140189
453 10/7/2012 02:13:10.6720403
454 10/7/2012 02:13:18.9405132
479 10/7/2012 02:13:28.9360849
610 10/7/2012 02:13:38.3596239
611 10/7/2012 02:13:46.3260796
524 10/7/2012 02:13:58.4667740
548 10/7/2012 02:14:07.6863013
233 10/7/2012 02:14:16.1597860
536 10/7/2012 02:14:26.3273675
608 10/7/2012 02:14:34.6718448
466 10/7/2012 02:14:47.4895779
467 10/7/2012 02:14:55.3280263
450 10/7/2012 02:15:04.3745437
442 10/7/2012 02:15:13.5170666
664 10/7/2012 02:15:20.7124782
982 10/7/2012 02:15:37.1524185
854 10/7/2012 02:15:46.5809578
Insert Area--<none> 10/7/2012 02:15:50.8192002
Insert Area--BOHOL-REGION-AREA1 10/7/2012 02:15:52.7573110
Insert Area--BOHOL-REGION-AREA2 10/7/2012 02:15:54.7734264
Insert Area--BOHOL-REGION-AREA3 10/7/2012 02:15:56.7175376
Insert Area--CAAR-REGION-AREA1 10/7/2012 02:15:58.6446478
Insert Area--CAAR-REGION-AREA2 10/7/2012 02:16:00.5867589
Insert Area--CAAR-REGION-AREA3 10/7/2012 02:16:02.5638719
Insert Area--CAAR-REGION-AREA4 10/7/2012 02:16:04.6379906
Insert Area--CAAR-REGION-AREA5 10/7/2012 02:16:06.5921024
Insert Area--CAGAYAN-REGION-AREA4 10/7/2012 02:16:08.5312133
Insert Area--CARAGA-REGION-AREA1 10/7/2012 02:16:10.5023260
Insert Area--CARAGA-REGION-AREA2 10/7/2012 02:16:12.4824393
Insert Area--CARAGA-REGION-AREA3 10/7/2012 02:16:14.4885540
Insert Area--CARAGA-REGION-AREA4 10/7/2012 02:16:16.5206702
Insert Area--Cebu Central A 10/7/2012 02:16:18.4627813
Insert Area--Cebu Central B 10/7/2012 02:16:20.4038923
Insert Area--Cebu Central C 10/7/2012 02:16:22.3940062
Insert Area--Cebu Central D 10/7/2012 02:16:24.3771196
Insert Area--Cebu North A 10/7/2012 02:16:26.3362317
Insert Area--Cebu North B 10/7/2012 02:16:28.2913435
Insert Area--Cebu North C 10/7/2012 02:16:30.4464667
Insert Area--Cebu North D 10/7/2012 02:16:32.4005785
Insert Area--Cebu South A 10/7/2012 02:16:34.3436897
Insert Area--Cebu South B 10/7/2012 02:16:36.2998015
Insert Area--Cebu South C 10/7/2012 02:16:38.2579135
Insert Area--CEBU SOUTH D 10/7/2012 02:16:40.2690286
Insert Area--CEBU SOUTH E 10/7/2012 02:16:42.2871440
Insert Area--COMADAVSUR-REGION-AREA1 10/7/2012 02:16:44.3042594
Insert Area--COMADAVSUR-REGION-AREA2 10/7/2012 02:16:46.2533708
Insert Area--COMADAVSUR-REGION-AREA3 10/7/2012 02:16:48.2794867
Insert Area--DAVAO/COMVAL-REGION-AREA1 10/7/2012 02:16:50.2575999
Insert Area--DAVAO/COMVAL-REGION-AREA2 10/7/2012 02:16:52.2547141
Insert Area--DAVAO/COMVAL-REGION-AREA3 10/7/2012 02:16:54.2258268
Insert Area--DAVAO/COMVAL-REGION-AREA4 10/7/2012 02:16:56.1529371
Insert Area--DAVAO/COMVAL-REGION-AREA5 10/7/2012 02:16:58.2240555
Insert Area--GUIMARAS-ILOILO-REGION-AREA1 10/7/2012 02:17:00.2021687
Insert Area--GUIMARAS-ILOILO-REGION-AREA2 10/7/2012 02:17:02.2132837
Insert Area--GUIMARAS-ILOILO-REGION-AREA3 10/7/2012 02:17:04.4274103
Insert Area--GUIMARAS-ILOILO-REGION-AREA4 10/7/2012 02:17:06.4245246
Insert Area--GUIMARAS-ILOILO-REGION-AREA5 10/7/2012 02:17:08.4726417
Insert Area--HO 10/7/2012 02:17:10.4777564
Insert Area--LEYTE-REGION-AREA1 10/7/2012 02:17:12.5158730
Insert Area--LEYTE-REGION-AREA2 10/7/2012 02:17:14.5349885
Insert Area--LEYTE-REGION-AREA3 10/7/2012 02:17:16.5951063
Insert Area--LEYTE-REGION-AREA4 10/7/2012 02:17:18.5472179
Insert Area--LUZON-SHOWROOMS 10/7/2012 02:17:20.4913291
Insert Area--MINDANAO-SHOWROOMS 10/7/2012 02:17:22.4114390
Insert Area--NCR-SHOWROOMS 10/7/2012 02:17:24.4195538
Insert Area--NEG.OR-SIQUIJOR-REGION-AREA1 10/7/2012 02:17:26.4546702
Insert Area--NEG.OR-SIQUIJOR-REGION-AREA2 10/7/2012 02:17:28.5267887
Insert Area--NEG.OR-SIQUIJOR-REGION-AREA3 10/7/2012 02:17:30.4779003
Insert Area--NEGROS-OCC-REGION-AREA1 10/7/2012 02:17:32.4720144
Insert Area--NEGROS-OCC-REGION-AREA2 10/7/2012 02:17:34.5681343
Insert Area--NEGROS-OCC-REGION-AREA3 10/7/2012 02:17:36.5442473
Insert Area--NEGROS-OCC-REGION-AREA4 10/7/2012 02:17:38.5343611
Insert Area--NEGROS-OCC-REGION-AREA5 10/7/2012 02:17:40.9094970
Insert Area--SAMAR-REGION-AREA1 10/7/2012 02:17:42.8866101
Insert Area--SAMAR-REGION-AREA2 10/7/2012 02:17:44.9217265
Insert Area--SAMAR-REGION-AREA3 10/7/2012 02:17:46.9178407
Insert Area--SAMAR-REGION-AREA4 10/7/2012 02:17:49.0509627
Insert Area--SOCSKSARGEN-MINDANAO-AREA1 10/7/2012 02:17:50.9920737
Insert Area--SOCSKSARGEN-MINDANAO-AREA2 10/7/2012 02:17:53.3442082
Insert Area--SOCSKSARGEN-MINDANAO-AREA3 10/7/2012 02:17:55.6033374
Insert Area--SOCSKSARGEN-MINDANAO-AREA4 10/7/2012 02:17:57.5624495
Insert Area--VISAYAS-SHOWROOMS 10/7/2012 02:17:59.4975602
Insert Area--YANGAN CAMBUNAO-REGION-AREA1 10/7/2012 02:18:01.5566779
Insert Area--YANGAN CAMBUNAO-REGION-AREA2 10/7/2012 02:18:03.4917886
Insert Area--YANGAN CAMBUNAO-REGION-AREA3 10/7/2012 02:18:05.4719019
Insert Area--YANGAN CAMBUNAO-REGION-AREA4 10/7/2012 02:18:07.4400145
Insert Area--YANGAN CAMBUNAO-REGION-AREA5 10/7/2012 02:18:09.7011438
Insert Area--ZAMBASTA-MINDANAO-AREA1 10/7/2012 02:18:11.7192592
Insert Area--ZAMBASTA-MINDANAO-AREA2 10/7/2012 02:18:13.6863717
Insert Area--ZAMBASTA-MINDANAO-AREA3 10/7/2012 02:18:15.9875033
Insert Area--ZAMISLAN-REGION-AREA1 10/7/2012 02:18:17.9876177
Insert Area--ZAMISLAN-REGION-AREA2 10/7/2012 02:18:20.0067332
Insert Area--ZAMISLAN-REGION-AREA3 10/7/2012 02:18:22.0218485
Insert Area--ZAMISLAN-REGION-AREA4 10/7/2012 02:18:23.9849608
Insert Area--ZAMISLAN-REGION-AREA5 10/7/2012 02:18:25.9820750
Insert Area--ZAMSIBUGAY-REGION-AREA1 10/7/2012 02:18:27.9451873
Insert Area--ZAMSIBUGAY-REGION-AREA2 10/7/2012 02:18:30.2503191
Insert Area--ZAMSIBUGAY-REGION-AREA3 10/7/2012 02:18:32.2984363
Insert Area--ZAMSIBUGAY-REGION-AREA4 10/7/2012 02:18:34.2775495
Insert region--BOHOL-REGION 10/7/2012 02:18:35.8256380
Insert region--CAAR-REGION 10/7/2012 02:18:36.6676862
Insert region--CAGAYAN-REGION 10/7/2012 02:18:37.5307355
Insert region--CARAGA-REGION 10/7/2012 02:18:38.4037855
Insert region--Cebu Central 10/7/2012 02:18:39.6218552
Insert region--Cebu North 10/7/2012 02:18:40.6339130
Insert region--Cebu South 10/7/2012 02:18:41.5509655
Insert region--COMADAVSUR-REGION 10/7/2012 02:18:42.8780414
Insert region--DAVAO/COMVAL-MINDANAO-REGION 10/7/2012 02:18:44.3771271
Insert region--GUIMARAS-ILOILO-REGION 10/7/2012 02:18:45.2211754
Insert region--HO 10/7/2012 02:18:46.1122264
Insert region--LA-SHOWROOMS 10/7/2012 02:18:46.9872764
Insert region--LEYTE-REGION 10/7/2012 02:18:48.0043346
Insert region--LUZON/NCR-SHOWROOMS 10/7/2012 02:18:49.0043918
Insert region--NEG.OR-SIQUIJOR-REGION 10/7/2012 02:18:49.7824363
Insert region--NEGROS-OCC-REGION 10/7/2012 02:18:50.7054891
Insert region--SAMAR-REGION 10/7/2012 02:18:51.5365366
Insert region--SOCSKSARGEN-MINDANAO-REGION 10/7/2012 02:18:52.3755846
Insert region--VISMIN-SHOWROOMS 10/7/2012 02:18:53.2196329
Insert region--YANGAN CAMBUNAO-REGION 10/7/2012 02:18:54.0976831
Insert region--ZAMBASTA-MINDANAO-REGION 10/7/2012 02:18:54.9037292
Insert region--ZAMISLAN-MINDANAO-REGION 10/7/2012 02:18:55.7757791
Insert region--ZAMSIBUGAY-REGION 10/7/2012 02:18:56.5918258
Insert Vismin Wide--  10/7/2012 02:18:57.2278622
