Insert Area--ZAMSIBUGAY-REGION-AREA4 10/8/2012 00:00:02.5081435
Insert region--ZAMSIBUGAY-REGION 10/8/2012 00:00:03.2471857
Insert Vismin Wide--  10/8/2012 00:00:03.4992001
Insert Area--ZAMSIBUGAY-REGION-AREA4 10/8/2012 00:00:06.7943886
Insert region--ZAMSIBUGAY-REGION 10/8/2012 00:00:07.5544321
Update Vismin Wide--  10/8/2012 00:00:07.8114468
Insert Area--ZAMSIBUGAY-REGION-AREA4 10/8/2012 00:00:12.5007150
Insert region--ZAMSIBUGAY-REGION 10/8/2012 00:00:13.2627586
Update Vismin Wide--  10/8/2012 00:00:13.5257736
Insert Area--ZAMSIBUGAY-REGION-AREA4 10/8/2012 00:00:16.8559641
Insert region--ZAMSIBUGAY-REGION 10/8/2012 00:00:17.6010067
Update Vismin Wide--  10/8/2012 00:00:17.8570214
Insert Area--ZAMSIBUGAY-REGION-AREA4 10/8/2012 00:00:21.2432150
Insert region--ZAMSIBUGAY-REGION 10/8/2012 00:00:21.9942580
Update Vismin Wide--  10/8/2012 00:00:22.2502726
Insert Area--ZAMSIBUGAY-REGION-AREA4 10/8/2012 00:00:25.7184710
Insert region--ZAMSIBUGAY-REGION 10/8/2012 00:00:26.4885151
Update Vismin Wide--  10/8/2012 00:00:26.7395294
Insert Area--ZAMSIBUGAY-REGION-AREA4 10/8/2012 00:00:30.0917211
Insert region--ZAMSIBUGAY-REGION 10/8/2012 00:00:30.8347636
Update Vismin Wide--  10/8/2012 00:00:31.0917783
Insert Area--ZAMSIBUGAY-REGION-AREA4 10/8/2012 00:00:34.3679657
Insert region--ZAMSIBUGAY-REGION 10/8/2012 00:00:35.1130083
Update Vismin Wide--  10/8/2012 00:00:35.3630226
Insert Area--ZAMSIBUGAY-REGION-AREA4 10/8/2012 00:00:38.7902187
Insert region--ZAMSIBUGAY-REGION 10/8/2012 00:00:39.5282609
Update Vismin Wide--  10/8/2012 00:00:39.7902759
Insert Area--ZAMSIBUGAY-REGION-AREA4 10/8/2012 00:00:43.1804698
Insert region--ZAMSIBUGAY-REGION 10/8/2012 00:00:43.9355130
Update Vismin Wide--  10/8/2012 00:00:44.1985280
Insert Area--ZAMSIBUGAY-REGION-AREA4 10/8/2012 00:00:47.6167235
Insert region--ZAMSIBUGAY-REGION 10/8/2012 00:00:48.4257698
Update Vismin Wide--  10/8/2012 00:00:48.7217867
Insert Area--ZAMSIBUGAY-REGION-AREA4 10/8/2012 00:00:52.2959912
Insert region--ZAMSIBUGAY-REGION 10/8/2012 00:00:53.1210383
Update Vismin Wide--  10/8/2012 00:00:53.3790531
Insert Area--ZAMSIBUGAY-REGION-AREA4 10/8/2012 00:00:56.8352508
Insert region--ZAMSIBUGAY-REGION 10/8/2012 00:00:57.5992945
Update Vismin Wide--  10/8/2012 00:00:57.8713100
Insert Area--ZAMSIBUGAY-REGION-AREA4 10/8/2012 00:01:01.3445087
Insert region--ZAMSIBUGAY-REGION 10/8/2012 00:01:02.2505605
Update Vismin Wide--  10/8/2012 00:01:02.5665786
Insert Area--<none> 10/8/2012 00:00:02.4941426
Insert Area--BOHOL-REGION-AREA1 10/8/2012 00:00:04.4612551
Insert Area--BOHOL-REGION-AREA2 10/8/2012 00:00:06.3523633
Insert Area--BOHOL-REGION-AREA3 10/8/2012 00:00:08.2394712
Insert Area--CAAR-REGION-AREA1 10/8/2012 00:00:10.1145785
Insert Area--CAAR-REGION-AREA2 10/8/2012 00:00:12.0096869
Insert Area--CAAR-REGION-AREA3 10/8/2012 00:00:13.8977949
Insert Area--CAAR-REGION-AREA4 10/8/2012 00:00:15.7889030
Insert Area--CAAR-REGION-AREA5 10/8/2012 00:00:17.6850115
Insert Area--CAGAYAN-REGION-AREA4 10/8/2012 00:00:19.5761197
Insert Area--CARAGA-REGION-AREA1 10/8/2012 00:00:21.4372261
Insert Area--CARAGA-REGION-AREA2 10/8/2012 00:00:23.3053330
Insert Area--CARAGA-REGION-AREA3 10/8/2012 00:00:25.2154422
Insert Area--CARAGA-REGION-AREA4 10/8/2012 00:00:27.1335519
Insert Area--Cebu Central A 10/8/2012 00:00:29.0116593
Insert Area--Cebu Central B 10/8/2012 00:00:30.9047676
Insert Area--Cebu Central C 10/8/2012 00:00:32.8168770
Insert Area--Cebu Central D 10/8/2012 00:00:34.7369868
Insert Area--Cebu North A 10/8/2012 00:00:36.6240948
Insert Area--Cebu North B 10/8/2012 00:00:38.5142029
Insert Area--Cebu North C 10/8/2012 00:00:40.3883101
Insert Area--Cebu North D 10/8/2012 00:00:42.2634173
Insert Area--Cebu South A 10/8/2012 00:00:44.1305241
Insert Area--Cebu South B 10/8/2012 00:00:46.0126317
Insert Area--Cebu South C 10/8/2012 00:00:47.9177407
Insert Area--CEBU SOUTH D 10/8/2012 00:00:49.8028485
Insert Area--CEBU SOUTH E 10/8/2012 00:00:51.6949568
Insert Area--COMADAVSUR-REGION-AREA1 10/8/2012 00:00:53.5680639
Insert Area--COMADAVSUR-REGION-AREA2 10/8/2012 00:00:55.4571719
Insert Area--COMADAVSUR-REGION-AREA3 10/8/2012 00:00:57.4112837
Insert Area--DAVAO/COMVAL-REGION-AREA1 10/8/2012 00:00:59.3223930
Insert Area--DAVAO/COMVAL-REGION-AREA2 10/8/2012 00:01:01.2555036
Insert Area--DAVAO/COMVAL-REGION-AREA3 10/8/2012 00:01:03.1986147
Insert Area--DAVAO/COMVAL-REGION-AREA4 10/8/2012 00:01:05.0877228
Insert Area--DAVAO/COMVAL-REGION-AREA5 10/8/2012 00:01:06.9638301
Insert Area--GUIMARAS-ILOILO-REGION-AREA1 10/8/2012 00:01:08.8469378
Insert Area--GUIMARAS-ILOILO-REGION-AREA2 10/8/2012 00:01:10.7230451
Insert Area--GUIMARAS-ILOILO-REGION-AREA3 10/8/2012 00:01:12.6111531
Insert Area--GUIMARAS-ILOILO-REGION-AREA4 10/8/2012 00:01:14.4932607
Insert Area--GUIMARAS-ILOILO-REGION-AREA5 10/8/2012 00:01:16.3793686
Insert Area--HO 10/8/2012 00:01:18.2484755
Insert Area--LEYTE-REGION-AREA1 10/8/2012 00:01:20.1205826
Insert Area--LEYTE-REGION-AREA2 10/8/2012 00:01:21.9936897
Insert Area--LEYTE-REGION-AREA3 10/8/2012 00:01:23.8587964
Insert Area--LEYTE-REGION-AREA4 10/8/2012 00:01:25.7389040
Insert Area--LUZON-SHOWROOMS 10/8/2012 00:01:27.6090109
Insert Area--MINDANAO-SHOWROOMS 10/8/2012 00:01:29.4721175
Insert Area--NCR-SHOWROOMS 10/8/2012 00:01:31.3422245
Insert Area--NEG.OR-SIQUIJOR-REGION-AREA1 10/8/2012 00:01:33.2313325
Insert Area--NEG.OR-SIQUIJOR-REGION-AREA2 10/8/2012 00:01:35.1154403
Insert Area--NEG.OR-SIQUIJOR-REGION-AREA3 10/8/2012 00:01:36.9975479
Insert Area--NEGROS-OCC-REGION-AREA1 10/8/2012 00:01:38.8696550
Insert Area--NEGROS-OCC-REGION-AREA2 10/8/2012 00:01:40.7297614
Insert Area--NEGROS-OCC-REGION-AREA3 10/8/2012 00:01:42.6128691
Insert Area--NEGROS-OCC-REGION-AREA4 10/8/2012 00:01:44.4909765
Insert Area--NEGROS-OCC-REGION-AREA5 10/8/2012 00:01:46.3680839
Insert Area--SAMAR-REGION-AREA1 10/8/2012 00:01:48.4082006
Insert Area--SAMAR-REGION-AREA2 10/8/2012 00:01:50.2983087
Insert Area--SAMAR-REGION-AREA3 10/8/2012 00:01:52.3674270
Insert Area--SAMAR-REGION-AREA4 10/8/2012 00:01:54.3365396
Insert Area--SOCSKSARGEN-MINDANAO-AREA1 10/8/2012 00:01:56.2906514
Insert Area--SOCSKSARGEN-MINDANAO-AREA2 10/8/2012 00:01:58.1597583
Insert Area--SOCSKSARGEN-MINDANAO-AREA3 10/8/2012 00:02:00.0298653
Insert Area--SOCSKSARGEN-MINDANAO-AREA4 10/8/2012 00:02:01.8899717
Insert Area--VISAYAS-SHOWROOMS 10/8/2012 00:02:03.7510781
Insert Area--YANGAN CAMBUNAO-REGION-AREA1 10/8/2012 00:02:05.6611874
Insert Area--YANGAN CAMBUNAO-REGION-AREA2 10/8/2012 00:02:07.5752969
Insert Area--YANGAN CAMBUNAO-REGION-AREA3 10/8/2012 00:02:09.5074074
Insert Area--YANGAN CAMBUNAO-REGION-AREA4 10/8/2012 00:02:11.3865149
Insert Area--YANGAN CAMBUNAO-REGION-AREA5 10/8/2012 00:02:13.2706226
Insert Area--ZAMBASTA-MINDANAO-AREA1 10/8/2012 00:02:15.1387295
Insert Area--ZAMBASTA-MINDANAO-AREA2 10/8/2012 00:02:17.0058363
Insert Area--ZAMBASTA-MINDANAO-AREA3 10/8/2012 00:02:18.8849437
Insert Area--ZAMISLAN-REGION-AREA1 10/8/2012 00:02:20.7660513
Insert Area--ZAMISLAN-REGION-AREA2 10/8/2012 00:02:22.6491590
Insert Area--ZAMISLAN-REGION-AREA3 10/8/2012 00:02:24.5172659
Insert Area--ZAMISLAN-REGION-AREA4 10/8/2012 00:02:26.4123743
Insert Area--ZAMISLAN-REGION-AREA5 10/8/2012 00:02:28.2794811
Insert Area--ZAMSIBUGAY-REGION-AREA1 10/8/2012 00:02:30.1565884
Insert Area--ZAMSIBUGAY-REGION-AREA2 10/8/2012 00:02:32.0676977
Insert Area--ZAMSIBUGAY-REGION-AREA3 10/8/2012 00:02:33.9498054
Insert Area--ZAMSIBUGAY-REGION-AREA4 10/8/2012 00:02:35.8229125
Insert region--BOHOL-REGION 10/8/2012 00:02:36.5679551
Insert region--CAAR-REGION 10/8/2012 00:02:37.3149979
Insert region--CAGAYAN-REGION 10/8/2012 00:02:38.0740413
Insert region--CARAGA-REGION 10/8/2012 00:02:38.8240842
Insert region--Cebu Central 10/8/2012 00:02:39.5831276
Insert region--Cebu North 10/8/2012 00:02:40.3381708
Insert region--Cebu South 10/8/2012 00:02:41.0982143
Insert region--COMADAVSUR-REGION 10/8/2012 00:02:41.8542575
Insert region--DAVAO/COMVAL-MINDANAO-REGION 10/8/2012 00:02:42.6113008
Insert region--GUIMARAS-ILOILO-REGION 10/8/2012 00:02:43.3633438
Insert region--HO 10/8/2012 00:02:44.1213872
Insert region--LA-SHOWROOMS 10/8/2012 00:02:44.8804306
Insert region--LEYTE-REGION 10/8/2012 00:02:45.6244732
Insert region--LUZON/NCR-SHOWROOMS 10/8/2012 00:02:46.3935171
Insert region--NEG.OR-SIQUIJOR-REGION 10/8/2012 00:02:47.1435600
Insert region--NEGROS-OCC-REGION 10/8/2012 00:02:47.8936029
Insert region--SAMAR-REGION 10/8/2012 00:02:48.6406457
Insert region--SOCSKSARGEN-MINDANAO-REGION 10/8/2012 00:02:49.3866883
Insert region--VISMIN-SHOWROOMS 10/8/2012 00:02:50.1387314
Insert region--YANGAN CAMBUNAO-REGION 10/8/2012 00:02:50.8857741
Insert region--ZAMBASTA-MINDANAO-REGION 10/8/2012 00:02:51.6428174
Insert region--ZAMISLAN-MINDANAO-REGION 10/8/2012 00:02:52.3918602
Insert region--ZAMSIBUGAY-REGION 10/8/2012 00:02:53.1409031
Insert Vismin Wide--  10/8/2012 00:02:53.3889173
