808 10/11/2012 15:55:03.4931998
798 10/11/2012 15:55:10.1085782
813 10/11/2012 15:55:16.2769310
758 10/11/2012 15:50:40.0534088
155 10/11/2012 15:50:49.7019606
156 10/11/2012 15:50:57.9024297
158 10/11/2012 15:51:06.0458955
305 10/11/2012 15:51:14.6073852
176 10/11/2012 15:51:23.3568856
177 10/11/2012 15:51:33.5444683
178 10/11/2012 15:51:42.4219761
180 10/11/2012 15:51:52.2945407
163 10/11/2012 15:52:04.7962558
597 10/11/2012 15:52:13.4767523
609 10/11/2012 15:52:21.9042343
738 10/11/2012 15:52:28.8346307
809 10/11/2012 15:52:35.0079838
801 10/11/2012 15:52:41.6513638
870 10/11/2012 15:52:50.2898579
751 10/11/2012 15:52:58.1333065
636 10/11/2012 15:53:06.1767666
181 10/11/2012 15:53:15.1722811
182 10/11/2012 15:53:23.7237702
183 10/11/2012 15:53:32.4532695
184 10/11/2012 15:53:40.6877405
185 10/11/2012 15:53:49.0162168
186 10/11/2012 15:53:57.6597112
188 10/11/2012 15:54:06.9692437
189 10/11/2012 15:54:15.5617352
190 10/11/2012 15:54:23.6871999
179 10/11/2012 15:54:32.1926864
173 10/11/2012 15:54:41.2182026
174 10/11/2012 15:54:50.3237234
614 10/11/2012 15:54:58.3361817
601 10/11/2012 15:55:06.6726585
580 10/11/2012 15:55:14.8011235
705 10/11/2012 15:55:21.7235194
823 10/11/2012 15:55:28.8089247
901 10/11/2012 15:55:35.5033075
994 10/11/2012 15:55:44.4128171
987 10/11/2012 15:55:54.2473796
707 10/11/2012 15:56:00.7287504
685 10/11/2012 15:56:07.8361569
686 10/11/2012 15:56:14.4335342
669 10/11/2012 15:56:22.0889721
736 10/11/2012 15:56:30.1934356
737 10/11/2012 15:56:38.0488850
603 10/11/2012 15:56:46.5363704
504 10/11/2012 15:56:55.5348851
374 10/11/2012 15:57:03.7073525
171 10/11/2012 15:57:13.3489040
318 10/11/2012 15:57:21.2843579
164 10/11/2012 15:57:30.9529109
165 10/11/2012 15:57:39.8984225
166 10/11/2012 15:57:48.1938970
167 10/11/2012 15:57:56.7073840
168 10/11/2012 15:58:05.0568615
169 10/11/2012 15:58:13.3393353
170 10/11/2012 15:58:22.0818353
337 10/11/2012 15:58:29.9752868
505 10/11/2012 15:58:38.4307704
635 10/11/2012 15:58:46.5542350
706 10/11/2012 15:58:53.0056040
999 10/11/2012 15:59:01.4430866
647 10/11/2012 15:59:09.5415498
743 10/11/2012 15:59:17.5760094
824 10/11/2012 15:59:23.9523741
607 10/11/2012 15:59:33.5099207
544 10/11/2012 15:59:41.9904058
556 10/11/2012 15:59:48.8998010
232 10/11/2012 16:00:00.7474786
236 10/11/2012 16:02:31.9941295
237 10/11/2012 16:02:42.7957473
234 10/11/2012 16:02:52.0112744
525 10/11/2012 16:03:00.8677809
534 10/11/2012 16:03:09.7462888
596 10/11/2012 16:03:18.1047668
873 10/11/2012 16:03:27.3972983
762 10/11/2012 16:03:35.2577479
998 10/11/2012 16:03:43.7722349
655 10/11/2012 16:03:51.0356504
700 10/11/2012 16:03:57.5230214
799 10/11/2012 16:04:04.3684130
594 10/11/2012 16:04:12.5558813
598 10/11/2012 16:04:21.2423781
503 10/11/2012 16:04:29.8828723
235 10/11/2012 16:04:39.8384417
231 10/11/2012 16:04:50.4630494
238 10/11/2012 16:05:00.8376428
239 10/11/2012 16:05:09.2921264
192 10/11/2012 16:05:19.3237002
617 10/11/2012 16:05:27.8371871
825 10/11/2012 16:05:34.1085458
704 10/11/2012 16:05:40.9929396
648 10/11/2012 16:05:49.1834080
646 10/11/2012 16:05:57.2458692
767 10/11/2012 16:06:06.1463783
859 10/11/2012 16:06:14.2708430
955 10/11/2012 16:06:23.6373787
375 10/11/2012 16:06:33.6379507
376 10/11/2012 16:06:45.0746048
377 10/11/2012 16:06:54.6751540
378 10/11/2012 16:07:04.3747087
381 10/11/2012 16:07:13.2012136
372 10/11/2012 16:07:21.3546799
422 10/11/2012 16:07:31.7222729
200 10/11/2012 16:07:40.5287766
175 10/11/2012 16:07:49.9503155
404 10/11/2012 16:07:58.8548248
Insert Area--BOHOL-REGION-AREA3 10/11/2012 16:40:19.2810161
Insert Area--CAAR-REGION-AREA1 10/11/2012 16:40:21.2391281
Insert Area--CAAR-REGION-AREA2 10/11/2012 16:40:23.1292362
Insert Area--CAAR-REGION-AREA3 10/11/2012 16:40:25.0733474
Insert Area--CAAR-REGION-AREA4 10/11/2012 16:40:27.0304593
Insert Area--CAAR-REGION-AREA5 10/11/2012 16:40:28.9645699
Insert Area--CAGAYAN-REGION-AREA4 10/11/2012 16:40:30.8956804
Insert Area--CARAGA-REGION-AREA1 10/11/2012 16:40:32.7907888
Insert Area--CARAGA-REGION-AREA2 10/11/2012 16:40:34.6938976
Insert Area--CARAGA-REGION-AREA3 10/11/2012 16:40:36.5690049
Insert Area--CARAGA-REGION-AREA4 10/11/2012 16:40:38.4721137
Insert Area--Cebu Central A 10/11/2012 16:40:40.5582330
Insert Area--Cebu Central B 10/11/2012 16:40:42.4573417
Insert Area--Cebu Central C 10/11/2012 16:40:44.3494499
Insert Area--Cebu Central D 10/11/2012 16:40:46.2145566
Insert Area--Cebu North A 10/11/2012 16:40:48.1636681
Insert Area--Cebu North B 10/11/2012 16:40:50.1257803
Insert Area--Cebu North C 10/11/2012 16:40:52.0348895
Insert Area--Cebu North D 10/11/2012 16:40:53.9419986
Insert Area--Cebu South A 10/11/2012 16:40:55.9681144
Insert Area--Cebu South B 10/11/2012 16:40:57.8752235
Insert Area--Cebu South C 10/11/2012 16:40:59.7753322
Insert Area--CEBU SOUTH D 10/11/2012 16:41:01.7134431
Insert Area--CEBU SOUTH E 10/11/2012 16:41:03.6485537
Insert Area--COMADAVSUR-REGION-AREA1 10/11/2012 16:41:05.5466623
Insert Area--COMADAVSUR-REGION-AREA2 10/11/2012 16:41:07.4407706
Insert Area--COMADAVSUR-REGION-AREA3 10/11/2012 16:41:09.3458796
Insert Area--DAVAO/COMVAL-REGION-AREA1 10/11/2012 16:41:11.2419881
Insert Area--DAVAO/COMVAL-REGION-AREA2 10/11/2012 16:41:13.1870993
Insert Area--DAVAO/COMVAL-REGION-AREA3 10/11/2012 16:41:15.1422111
Insert Area--DAVAO/COMVAL-REGION-AREA4 10/11/2012 16:41:17.0433199
Insert Area--DAVAO/COMVAL-REGION-AREA5 10/11/2012 16:41:18.9444286
Insert Area--GUIMARAS-ILOILO-REGION-AREA1 10/11/2012 16:41:20.8675386
Insert Area--GUIMARAS-ILOILO-REGION-AREA2 10/11/2012 16:41:22.7616469
Insert Area--GUIMARAS-ILOILO-REGION-AREA3 10/11/2012 16:41:24.6777565
Insert Area--GUIMARAS-ILOILO-REGION-AREA4 10/11/2012 16:41:31.5961522
Insert Area--GUIMARAS-ILOILO-REGION-AREA5 10/11/2012 16:41:33.6492697
Insert Area--HO 10/11/2012 16:41:35.5713796
Insert Area--LEYTE-REGION-AREA1 10/11/2012 16:41:37.4614877
Insert Area--LEYTE-REGION-AREA2 10/11/2012 16:41:39.3545960
Insert Area--LEYTE-REGION-AREA3 10/11/2012 16:41:41.2607050
Insert Area--LEYTE-REGION-AREA4 10/11/2012 16:41:43.5108337
Insert Area--LUZON-SHOWROOMS 10/11/2012 16:41:45.3969416
Insert Area--MINDANAO-SHOWROOMS 10/11/2012 16:41:47.3110511
Insert Area--NCR-SHOWROOMS 10/11/2012 16:41:49.1901586
Insert Area--NEG.OR-SIQUIJOR-REGION-AREA1 10/11/2012 16:41:51.0822668
Insert Area--NEG.OR-SIQUIJOR-REGION-AREA2 10/11/2012 16:41:52.9773752
Insert Area--NEG.OR-SIQUIJOR-REGION-AREA3 10/11/2012 16:41:54.8604829
Insert Area--NEGROS-OCC-REGION-AREA1 10/11/2012 16:41:56.7615916
Insert Area--NEGROS-OCC-REGION-AREA2 10/11/2012 16:41:58.6657005
Insert Area--NEGROS-OCC-REGION-AREA3 10/11/2012 16:42:00.5618090
Insert Area--NEGROS-OCC-REGION-AREA4 10/11/2012 16:42:02.4609176
Insert Area--NEGROS-OCC-REGION-AREA5 10/11/2012 16:42:04.3560260
Insert Area--SAMAR-REGION-AREA1 10/11/2012 16:42:06.2411338
Insert Area--SAMAR-REGION-AREA2 10/11/2012 16:42:08.1432426
Insert Area--SAMAR-REGION-AREA3 10/11/2012 16:42:10.0443514
Insert Area--SAMAR-REGION-AREA4 10/11/2012 16:42:12.0534663
Insert Area--SOCSKSARGEN-MINDANAO-AREA1 10/11/2012 16:42:14.2025892
Insert Area--SOCSKSARGEN-MINDANAO-AREA2 10/11/2012 16:42:16.0976976
Insert Area--SOCSKSARGEN-MINDANAO-AREA3 10/11/2012 16:42:18.0158073
Insert Area--SOCSKSARGEN-MINDANAO-AREA4 10/11/2012 16:42:19.9429175
Insert Area--VISAYAS-SHOWROOMS 10/11/2012 16:42:21.8380259
Insert Area--YANGAN CAMBUNAO-REGION-AREA1 10/11/2012 16:42:23.9211451
Insert Area--YANGAN CAMBUNAO-REGION-AREA2 10/11/2012 16:42:26.1512726
Insert Area--YANGAN CAMBUNAO-REGION-AREA3 10/11/2012 16:42:28.1503870
Insert Area--YANGAN CAMBUNAO-REGION-AREA4 10/11/2012 16:42:30.0964983
Insert Area--YANGAN CAMBUNAO-REGION-AREA5 10/11/2012 16:42:32.3046246
Insert Area--ZAMBASTA-MINDANAO-AREA1 10/11/2012 16:42:34.5957556
Insert Area--ZAMBASTA-MINDANAO-AREA2 10/11/2012 16:42:36.5408669
Insert Area--ZAMBASTA-MINDANAO-AREA3 10/11/2012 16:42:38.4939786
Insert Area--ZAMISLAN-REGION-AREA1 10/11/2012 16:42:40.4650913
Insert Area--ZAMISLAN-REGION-AREA2 10/11/2012 16:42:42.3662001
Insert Area--ZAMISLAN-REGION-AREA3 10/11/2012 16:42:44.2843098
Insert Area--ZAMISLAN-REGION-AREA4 10/11/2012 16:42:46.1764180
Insert Area--ZAMISLAN-REGION-AREA5 10/11/2012 16:42:48.0755266
Insert Area--ZAMSIBUGAY-REGION-AREA1 10/11/2012 16:42:49.9796355
Insert Area--ZAMSIBUGAY-REGION-AREA2 10/11/2012 16:42:51.8817443
Insert Area--ZAMSIBUGAY-REGION-AREA3 10/11/2012 16:42:53.8068544
Insert Area--ZAMSIBUGAY-REGION-AREA4 10/11/2012 16:42:55.7089632
Insert region--BOHOL-REGION 10/11/2012 16:42:56.4670066
Insert region--CAAR-REGION 10/11/2012 16:43:01.0532689
Insert region--CAGAYAN-REGION 10/11/2012 16:43:01.3482858
Insert region--CARAGA-REGION 10/11/2012 16:43:01.6433027
Insert region--Cebu Central 10/11/2012 16:43:01.9913226
Insert region--Cebu North 10/11/2012 16:43:02.3493430
Insert region--Cebu South 10/11/2012 16:43:02.6533604
Insert region--COMADAVSUR-REGION 10/11/2012 16:43:03.0273818
Insert region--DAVAO/COMVAL-MINDANAO-REGION 10/11/2012 16:43:03.3464001
Insert region--GUIMARAS-ILOILO-REGION 10/11/2012 16:43:03.6534176
Insert region--HO 10/11/2012 16:43:04.0174384
Insert region--LA-SHOWROOMS 10/11/2012 16:43:04.3164555
Insert region--LEYTE-REGION 10/11/2012 16:43:04.6464744
Insert region--LUZON/NCR-SHOWROOMS 10/11/2012 16:43:04.9944943
Insert region--NEG.OR-SIQUIJOR-REGION 10/11/2012 16:43:05.2905113
Insert region--NEGROS-OCC-REGION 10/11/2012 16:43:05.6235303
Insert region--SAMAR-REGION 10/11/2012 16:43:05.9295478
Insert region--SOCSKSARGEN-MINDANAO-REGION 10/11/2012 16:43:06.2295650
Insert region--VISMIN-SHOWROOMS 10/11/2012 16:43:06.5935858
Insert region--YANGAN CAMBUNAO-REGION 10/11/2012 16:43:06.9306051
Insert region--ZAMBASTA-MINDANAO-REGION 10/11/2012 16:43:07.4176329
Insert region--ZAMISLAN-MINDANAO-REGION 10/11/2012 16:43:07.7126498
Insert region--ZAMSIBUGAY-REGION 10/11/2012 16:43:08.1906771
Insert Vismin Wide--  10/11/2012 16:43:08.6217018
