Update--941 10/1/2012 08:57:25.8286848
Update--950 10/1/2012 08:57:56.4827386
Update--952 10/1/2012 08:58:05.0003536
Update--871 10/1/2012 08:58:13.1903680
Update--804 10/1/2012 08:58:16.6535740
Update--681 10/1/2012 08:58:21.6299828
Update--708 10/1/2012 08:58:25.4831896
Update--717 10/1/2012 08:58:29.6639969
Update--769 10/1/2012 08:58:35.0772064
Update--021 10/1/2012 08:58:43.7040216
Update--133 10/1/2012 08:58:53.5008388
Update--137 10/1/2012 08:59:04.7328585
Update--138 10/1/2012 08:59:12.3612719
Update--140 10/1/2012 08:59:19.4124843
Update--613 10/1/2012 08:59:26.5572968
Update--638 10/1/2012 08:59:33.7801095
Update--518 10/1/2012 08:59:40.7845218
Update--139 10/1/2012 08:59:48.7717358
Update--134 10/1/2012 08:59:56.5873496
Update--142 10/1/2012 09:00:04.1533629
Update--131 10/1/2012 09:00:11.9689766
Update--132 10/1/2012 09:00:19.5973900
Update--768 10/1/2012 09:00:23.0449960
Update--761 10/1/2012 09:00:29.4410073
Update--741 10/1/2012 09:00:32.8106132
Update--714 10/1/2012 09:00:37.0070206
Update--715 10/1/2012 09:00:40.1270260
Update--682 10/1/2012 09:00:43.8866327
Update--642 10/1/2012 09:00:50.7818448
Update--659 10/1/2012 09:00:54.4166511
Update--951 10/1/2012 09:01:01.2494631
Update--680 10/1/2012 09:01:04.5098689
Update--690 10/1/2012 09:01:08.0822751
Update--752 10/1/2012 09:01:14.3846862
Update--734 10/1/2012 09:01:21.5762988
Update--143 10/1/2012 09:01:28.8147116
Update--135 10/1/2012 09:01:36.0687243
Update--141 10/1/2012 09:01:43.2135369
Update--637 10/1/2012 09:01:50.0151488
Update--345 10/1/2012 09:01:56.8323608
Update--628 10/1/2012 09:02:04.1955737
Update--593 10/1/2012 09:02:11.5899867
Update--036 10/1/2012 09:02:18.7191992
Update--057 10/1/2012 09:02:26.0200120
Update--066 10/1/2012 09:02:33.5860253
Update--079 10/1/2012 09:02:40.5436375
Update--264 10/1/2012 09:02:48.3748513
Update--726 10/1/2012 09:02:55.9252646
Update--711 10/1/2012 09:02:59.6692711
Update--712 10/1/2012 09:03:03.0232770
Update--677 10/1/2012 09:03:07.3756847
Update--673 10/1/2012 09:03:12.6553566
Update--696 10/1/2012 09:03:16.0495507
Update--697 10/1/2012 09:03:19.2840501
Update--720 10/1/2012 09:03:23.1619223
Update--810 10/1/2012 09:03:26.2891012
Update--280 10/1/2012 09:03:33.1954962
Update--284 10/1/2012 09:03:40.4659120
Update--285 10/1/2012 09:03:48.4433683
Update--290 10/1/2012 09:03:56.4298251
Update--582 10/1/2012 09:04:03.4852287
Update--537 10/1/2012 09:04:11.7847034
Update--396 10/1/2012 09:04:18.9151112
Update--583 10/1/2012 09:04:26.3035338
Update--639 10/1/2012 09:04:33.0219181
Update--291 10/1/2012 09:04:41.5414053
Update--287 10/1/2012 09:04:48.9158271
Update--289 10/1/2012 09:04:56.9622874
Update--281 10/1/2012 09:05:03.9156851
Update--821 10/1/2012 09:05:07.4748887
Update--875 10/1/2012 09:05:16.5874099
Update--727 10/1/2012 09:05:23.2897932
Update--724 10/1/2012 09:05:30.0731812
Update--725 10/1/2012 09:05:36.7095608
Update--730 10/1/2012 09:05:43.5219504
Update--731 10/1/2012 09:05:50.3143389
Update--747 10/1/2012 09:05:57.6027558
Update--668 10/1/2012 09:06:01.6889895
Update--843 10/1/2012 09:06:11.3595426
Update--250 10/1/2012 09:06:29.1045576
Update--251 10/1/2012 09:06:36.2609669
Update--252 10/1/2012 09:06:43.9324057
Update--254 10/1/2012 09:06:50.8838033
Update--248 10/1/2012 09:07:01.1723918
Update--246 10/1/2012 09:07:08.2297954
Update--247 10/1/2012 09:07:16.3092576
Update--282 10/1/2012 09:07:29.7150243
Update--283 10/1/2012 09:07:36.7924291
Update--288 10/1/2012 09:07:43.5738170
Update--297 10/1/2012 09:07:51.1372496
Update--292 10/1/2012 09:08:01.9028654
Update--535 10/1/2012 09:08:09.0462739
Update--513 10/1/2012 09:08:17.2447429
Update--679 10/1/2012 09:08:20.3859225
Update--660 10/1/2012 09:08:24.6551667
Update--934 10/1/2012 09:08:26.6722821
Update--845 10/1/2012 09:08:34.3157193
Update--748 10/1/2012 09:08:41.3981244
Update--620 10/1/2012 09:08:48.7485448
Update--618 10/1/2012 09:08:56.5389904
Update--410 10/1/2012 09:09:04.2484313
Update--412 10/1/2012 09:09:09.8587522
Update--413 10/1/2012 09:09:16.9821597
Update--414 10/1/2012 09:09:24.3255797
Update--415 10/1/2012 09:09:31.1539702
Update--416 10/1/2012 09:09:38.7474046
Update--405 10/1/2012 09:09:45.6067969
Update--407 10/1/2012 09:09:53.0602232
Update--408 10/1/2012 09:10:01.6857166
Update--108 10/1/2012 09:10:08.9391314
Update--430 10/1/2012 09:10:16.9355888
Update--406 10/1/2012 09:10:24.2010044
Update--417 10/1/2012 09:10:31.2004047
Update--418 10/1/2012 09:10:38.7638373
Update--619 10/1/2012 09:10:45.8902449
Update--855 10/1/2012 09:10:51.0285388
Update--857 10/1/2012 09:10:56.8258704
Update--878 10/1/2012 09:11:03.9832798
Update--954 10/1/2012 09:11:11.5467124
Update--807 10/1/2012 09:11:13.3988183
Update--419 10/1/2012 09:11:20.3902182
Update--420 10/1/2012 09:11:28.1096597
Update--421 10/1/2012 09:11:35.0470565
Update--423 10/1/2012 09:11:43.8125579
Update--424 10/1/2012 09:11:51.5149984
Update--425 10/1/2012 09:11:58.8434176
Update--431 10/1/2012 09:12:05.9368233
Update--409 10/1/2012 09:12:13.4392524
Update--427 10/1/2012 09:12:21.2496992
Update--428 10/1/2012 09:12:29.8451908
Update--429 10/1/2012 09:12:37.0626036
Update--434 10/1/2012 09:12:44.2190129
Update--435 10/1/2012 09:12:51.1884116
Update--436 10/1/2012 09:12:57.8437922
Update--437 10/1/2012 09:13:05.0792061
Update--439 10/1/2012 09:13:14.0677202
Update--440 10/1/2012 09:13:22.0161748
Update--441 10/1/2012 09:13:29.4866021
Update--432 10/1/2012 09:13:36.2349881
Update--433 10/1/2012 09:13:43.8144216
Update--800 10/1/2012 09:13:46.7975922
Update--777 10/1/2012 09:13:49.9037699
Update--718 10/1/2012 09:13:53.2339604
Update--719 10/1/2012 09:13:56.4931468
Update--749 10/1/2012 09:14:03.4545449
Update--750 10/1/2012 09:14:10.1049253
Update--868 10/1/2012 09:14:17.2793357
Update--846 10/1/2012 09:14:24.8777703
Update--105 10/1/2012 09:14:32.2671929
Update--029 10/1/2012 09:14:40.5016639
Update--030 10/1/2012 09:14:49.0021501
Update--032 10/1/2012 09:14:55.3755146
Update--033 10/1/2012 09:15:02.3789152
Update--034 10/1/2012 09:15:24.9102039
Update--035 10/1/2012 09:15:30.7535382
Update--037 10/1/2012 09:15:37.4419207
Update--038 10/1/2012 09:15:44.6593335
Update--040 10/1/2012 09:15:53.7538537
Update--025 10/1/2012 09:16:01.3782898
Update--018 10/1/2012 09:16:08.7227099
Update--020 10/1/2012 09:16:20.5693875
Update--019 10/1/2012 09:16:29.2858860
Update--026 10/1/2012 09:16:36.7383123
Update--027 10/1/2012 09:16:56.1454223
Update--028 10/1/2012 09:17:03.4418396
Update--022 10/1/2012 09:17:09.7261991
Update--023 10/1/2012 09:17:17.3666361
Update--024 10/1/2012 09:17:24.9270685
Update--125 10/1/2012 09:17:32.5835064
Update--120 10/1/2012 09:17:40.5829640
Update--121 10/1/2012 09:17:48.9114403
Update--122 10/1/2012 09:17:56.6448827
Update--078 10/1/2012 09:18:04.6613412
Update--512 10/1/2012 09:18:11.4937320
Update--526 10/1/2012 09:18:31.7558909
Update--835 10/1/2012 09:18:38.7472908
Update--867 10/1/2012 09:18:46.6927452
Update--532 10/1/2012 09:18:54.3181814
Update--508 10/1/2012 09:19:04.6377716
Update--616 10/1/2012 09:19:12.6672309
Update--633 10/1/2012 09:19:20.0806549
Update--325 10/1/2012 09:19:27.1470591
Update--106 10/1/2012 09:19:34.9445051
Update--041 10/1/2012 09:19:42.5229385
Update--042 10/1/2012 09:19:50.0223675
Update--045 10/1/2012 09:19:59.3038984
Update--046 10/1/2012 09:20:05.9912809
Update--047 10/1/2012 09:20:13.6597195
Update--048 10/1/2012 09:20:20.8501307
Update--049 10/1/2012 09:20:28.4285642
Update--052 10/1/2012 09:20:35.9139923
Update--054 10/1/2012 09:20:43.8514463
Update--055 10/1/2012 09:20:51.0228565
Update--053 10/1/2012 09:20:58.5702882
Update--050 10/1/2012 09:21:05.7576993
Update--051 10/1/2012 09:21:13.5101427
Update--064 10/1/2012 09:21:20.6485510
Update--070 10/1/2012 09:21:28.1219785
Update--071 10/1/2012 09:21:36.7424715
Update--072 10/1/2012 09:21:43.8058755
Update--073 10/1/2012 09:21:52.4923724
Update--043 10/1/2012 09:22:00.0708058
Update--240 10/1/2012 09:22:06.6171803
Update--511 10/1/2012 09:22:13.7925907
Update--866 10/1/2012 09:22:20.8659952
Update--912 10/1/2012 09:22:22.3470800
Update--722 10/1/2012 09:22:29.5394913
Update--721 10/1/2012 09:22:36.1718707
Update--793 10/1/2012 09:22:38.1079814
Update--794 10/1/2012 09:22:42.0712081
Update--710 10/1/2012 09:22:46.5094620
Update--864 10/1/2012 09:23:01.2603057
Update--865 10/1/2012 09:23:08.5717239
Update--591 10/1/2012 09:23:16.0921540
Update--571 10/1/2012 09:23:22.3805137
Update--578 10/1/2012 09:23:32.3850859
Update--260 10/1/2012 09:23:39.2904809
Update--067 10/1/2012 09:23:48.5100082
Update--068 10/1/2012 09:23:59.7126490
Update--069 10/1/2012 09:24:08.8691727
Update--065 10/1/2012 09:24:16.2025921
Update--056 10/1/2012 09:24:24.0260396
Update--058 10/1/2012 09:24:32.6035302
Update--059 10/1/2012 09:24:40.8390012
Update--060 10/1/2012 09:24:51.5746153
Update--061 10/1/2012 09:24:58.6670209
Update--062 10/1/2012 09:25:06.1674499
Update--063 10/1/2012 09:25:13.6688790
Update--585 10/1/2012 09:25:21.7083388
Update--944 10/1/2012 09:25:29.4957843
Update--945 10/1/2012 09:25:36.5741891
Update--961 10/1/2012 09:25:38.9783266
Update--699 10/1/2012 09:25:43.2155690
Update--644 10/1/2012 09:25:52.0740757
Update--997 10/1/2012 09:25:59.7155127
Update--770 10/1/2012 09:26:01.6256220
Update--943 10/1/2012 09:26:08.8870373
Update--936 10/1/2012 09:26:16.3274629
Update--856 10/1/2012 09:26:22.5778204
Update--829 10/1/2012 09:26:26.2450301
Update--084 10/1/2012 09:26:34.3244922
Update--080 10/1/2012 09:26:42.4189552
Update--081 10/1/2012 09:26:50.2634039
Update--082 10/1/2012 09:26:57.4028122
Update--087 10/1/2012 09:27:04.8262368
Update--088 10/1/2012 09:27:11.9066418
Update--089 10/1/2012 09:27:19.7630912
Update--090 10/1/2012 09:27:27.1695148
Update--092 10/1/2012 09:27:35.3419822
Update--093 10/1/2012 09:27:42.5603951
Update--094 10/1/2012 09:27:49.2787794
Update--095 10/1/2012 09:27:56.7012039
Update--083 10/1/2012 09:28:03.8566132
Update--085 10/1/2012 09:28:11.2960387
Update--086 10/1/2012 09:28:18.3414417
Update--074 10/1/2012 09:28:26.0138805
Update--075 10/1/2012 09:28:32.9202755
Update--076 10/1/2012 09:28:40.4997091
Update--573 10/1/2012 09:28:48.1551469
Update--869 10/1/2012 09:28:55.4405636
Update--937 10/1/2012 09:29:03.0459986
Update--938 10/1/2012 09:29:10.3924188
Update--728 10/1/2012 09:29:14.6246609
Update--656 10/1/2012 09:29:18.2868704
Update--702 10/1/2012 09:29:22.9551374
Update--900 10/1/2012 09:29:25.2712698
Update--839 10/1/2012 09:29:39.7470978
Update--817 10/1/2012 09:29:42.8732766
Update--575 10/1/2012 09:29:51.1247486
Update--017 10/1/2012 09:29:59.2962160
Update--126 10/1/2012 09:30:07.2336700
Update--128 10/1/2012 09:30:15.6021486
Update--129 10/1/2012 09:30:23.3915941
Update--130 10/1/2012 09:30:30.5780052
Update--123 10/1/2012 09:30:39.2034985
Update--124 10/1/2012 09:30:46.3279060
Update--103 10/1/2012 09:30:54.1713546
Update--567 10/1/2012 09:31:01.8597944
Update--555 10/1/2012 09:31:10.4902880
Update--816 10/1/2012 09:31:13.2884481
Update--858 10/1/2012 09:31:19.6138099
Update--666 10/1/2012 09:31:24.2880772
Update--778 10/1/2012 09:31:26.8192220
Update--784 10/1/2012 09:31:30.1204108
Update--670 10/1/2012 09:31:34.0986383
Update--834 10/1/2012 09:31:46.5103483
Update--876 10/1/2012 09:31:59.1800729
Update--953 10/1/2012 09:32:06.3054805
Update--109 10/1/2012 09:32:14.4259449
Update--112 10/1/2012 09:32:22.0803827
Update--115 10/1/2012 09:32:29.0637822
Update--117 10/1/2012 09:32:36.1271862
Update--118 10/1/2012 09:32:44.1266437
Update--119 10/1/2012 09:32:54.6892479
Update--104 10/1/2012 09:33:02.6737045
Update--096 10/1/2012 09:33:09.9081183
Update--097 10/1/2012 09:33:17.4725510
Update--098 10/1/2012 09:33:24.5799575
Update--099 10/1/2012 09:33:33.5804723
Update--100 10/1/2012 09:33:41.2679120
Update--101 10/1/2012 09:33:58.3308880
Update--549 10/1/2012 09:34:05.8233165
Update--566 10/1/2012 09:34:14.0057845
Update--947 10/1/2012 09:34:20.7241688
Update--812 10/1/2012 09:34:26.9475247
Update--836 10/1/2012 09:34:38.1991683
Update--837 10/1/2012 09:34:52.3909800
Update--838 10/1/2012 09:34:58.9063527
Update--559 10/1/2012 09:35:06.4727855
Update--107 10/1/2012 09:35:14.1842265
Update--110 10/1/2012 09:35:21.4256407
Update--111 10/1/2012 09:35:28.4880447
Update--116 10/1/2012 09:35:35.7854620
Update--113 10/1/2012 09:35:42.6448544
Update--114 10/1/2012 09:35:50.1452834
Update--507 10/1/2012 09:35:58.0977382
Update--569 10/1/2012 09:36:06.5362209
Update--621 10/1/2012 09:36:14.1646572
Update--384 10/1/2012 09:36:22.4581316
Update--861 10/1/2012 09:36:29.1845163
Update--933 10/1/2012 09:36:31.2556348
Update--889 10/1/2012 09:36:38.9270735
Update--772 10/1/2012 09:36:43.0933118
Update--773 10/1/2012 09:36:48.6846316
Update--883 10/1/2012 09:36:56.3030674
Update--956 10/1/2012 09:37:04.8175544
Update--841 10/1/2012 09:37:13.1330300
Update--820 10/1/2012 09:37:16.5842274
Update--385 10/1/2012 09:37:24.8336992
Update--386 10/1/2012 09:37:33.4431917
Update--388 10/1/2012 09:37:41.6616617
Update--389 10/1/2012 09:37:48.5370550
Update--390 10/1/2012 09:37:55.8184715
Update--331 10/1/2012 09:38:03.1468906
Update--383 10/1/2012 09:38:10.4003055
Update--629 10/1/2012 09:38:17.8097293
Update--626 10/1/2012 09:38:25.0901457
Update--538 10/1/2012 09:38:32.4595672
Update--220 10/1/2012 09:38:39.8349891
Update--271 10/1/2012 09:38:47.5064279
Update--332 10/1/2012 09:38:54.6008336
Update--324 10/1/2012 09:39:02.8193037
Update--330 10/1/2012 09:39:10.4137381
Update--860 10/1/2012 09:39:19.2582440
Update--911 10/1/2012 09:39:21.8253908
Update--771 10/1/2012 09:39:25.2125845
Update--760 10/1/2012 09:39:31.7219568
Update--791 10/1/2012 09:39:35.5781774
Update--723 10/1/2012 09:39:39.1573821
Update--739 10/1/2012 09:39:42.9866011
Update--661 10/1/2012 09:39:46.3577940
Update--602 10/1/2012 09:39:54.9932879
Update--286 10/1/2012 09:40:01.8986828
Update--301 10/1/2012 09:40:10.2731618
Update--303 10/1/2012 09:40:17.8055927
Update--306 10/1/2012 09:40:26.6490985
Update--308 10/1/2012 09:40:33.9925185
Update--316 10/1/2012 09:40:42.0089770
Update--136 10/1/2012 09:40:48.0393219
Update--302 10/1/2012 09:40:55.2747358
Update--540 10/1/2012 09:41:02.5871540
Update--515 10/1/2012 09:41:10.2275910
Update--329 10/1/2012 09:41:17.8570274
Update--333 10/1/2012 09:41:25.3224544
Update--334 10/1/2012 09:41:32.8528851
Update--326 10/1/2012 09:41:40.9453480
Update--327 10/1/2012 09:41:48.1337591
Update--792 10/1/2012 09:41:51.1589322
Update--893 10/1/2012 09:41:58.5563553
Update--805 10/1/2012 09:42:02.3935748
Update--802 10/1/2012 09:42:05.6407605
Update--701 10/1/2012 09:42:09.0019527
Update--319 10/1/2012 09:42:32.2612831
Update--320 10/1/2012 09:42:39.9007200
Update--321 10/1/2012 09:42:51.0693589
Update--322 10/1/2012 09:42:59.7758568
Update--426 10/1/2012 09:43:07.3852921
Update--307 10/1/2012 09:43:15.0437301
Update--315 10/1/2012 09:43:23.4962136
Update--311 10/1/2012 09:43:31.8226898
Update--312 10/1/2012 09:43:39.4951287
Update--313 10/1/2012 09:43:46.8705505
Update--314 10/1/2012 09:43:54.4329830
Update--310 10/1/2012 09:44:01.6993987
Update--317 10/1/2012 09:44:09.7618598
Update--148 10/1/2012 09:44:17.6503110
Update--323 10/1/2012 09:44:26.6838277
Update--517 10/1/2012 09:44:33.5592209
Update--590 10/1/2012 09:44:40.4966177
Update--709 10/1/2012 09:44:43.8008067
Update--671 10/1/2012 09:44:47.1850003
Update--890 10/1/2012 09:44:54.1834006
Update--891 10/1/2012 09:45:01.0277921
Update--959 10/1/2012 09:45:02.4748748
Update--894 10/1/2012 09:45:09.3252666
Update--624 10/1/2012 09:45:16.8456968
Update--541 10/1/2012 09:45:24.4511318
Update--527 10/1/2012 09:45:32.0445661
Update--328 10/1/2012 09:45:39.2169763
Update--127 10/1/2012 09:45:45.9973642
Update--309 10/1/2012 09:45:53.1997761
Update--298 10/1/2012 09:46:01.5142517
Update--299 10/1/2012 09:46:08.7316645
Update--300 10/1/2012 09:46:15.8150696
Update--293 10/1/2012 09:46:23.6545180
Update--267 10/1/2012 09:46:30.8109274
Update--273 10/1/2012 09:46:38.6693768
Update--274 10/1/2012 09:46:46.2638112
Update--275 10/1/2012 09:46:53.3262152
Update--262 10/1/2012 09:47:02.0457139
Update--259 10/1/2012 09:47:09.4511374
Update--102 10/1/2012 09:47:15.1414629
Update--543 10/1/2012 09:47:22.7638989
Update--522 10/1/2012 09:47:31.3113878
Update--897 10/1/2012 09:47:34.4395667
Update--745 10/1/2012 09:47:41.3269606
Update--766 10/1/2012 09:47:44.7191547
Update--676 10/1/2012 09:47:48.7893875
Update--828 10/1/2012 09:47:52.1725810
Update--563 10/1/2012 09:48:00.1090349
Update--263 10/1/2012 09:48:07.6714675
Update--261 10/1/2012 09:48:15.0328885
Update--255 10/1/2012 09:48:22.2493013
Update--256 10/1/2012 09:48:29.7497303
Update--257 10/1/2012 09:48:38.9522566
Update--258 10/1/2012 09:48:48.7948196
Update--266 10/1/2012 09:48:57.0462915
Update--269 10/1/2012 09:49:04.7807339
Update--272 10/1/2012 09:49:11.8151363
Update--265 10/1/2012 09:49:19.5155767
Update--294 10/1/2012 09:49:27.4700317
Update--277 10/1/2012 09:49:34.9544598
Update--278 10/1/2012 09:49:42.9849191
Update--279 10/1/2012 09:49:50.5483517
Update--296 10/1/2012 09:49:57.8907716
Update--514 10/1/2012 09:50:05.2831945
Update--775 10/1/2012 09:50:08.9574046
Update--783 10/1/2012 09:50:12.4046018
Update--779 10/1/2012 09:50:17.9139169
Update--786 10/1/2012 09:50:22.1411587
Update--787 10/1/2012 09:50:25.8263695
Update--693 10/1/2012 09:50:33.5838132
Update--827 10/1/2012 09:50:37.1200154
Update--557 10/1/2012 09:50:44.8454573
Update--253 10/1/2012 09:50:52.4088899
Update--249 10/1/2012 09:51:00.0793286
Update--241 10/1/2012 09:51:07.5957585
Update--242 10/1/2012 09:51:14.9111770
Update--243 10/1/2012 09:51:21.8925763
Update--244 10/1/2012 09:51:29.2359963
Update--245 10/1/2012 09:51:36.2673985
Update--268 10/1/2012 09:51:43.5018122
Update--276 10/1/2012 09:51:50.5492153
Update--295 10/1/2012 09:51:57.7526273
Update--044 10/1/2012 09:52:04.8460331
Update--523 10/1/2012 09:52:11.5964192
Update--509 10/1/2012 09:52:18.7218267
Update--510 10/1/2012 09:52:25.7532289
Update--842 10/1/2012 09:52:34.0347026
Update--662 10/1/2012 09:52:38.0699334
Update--788 10/1/2012 09:52:41.7341429
Update--729 10/1/2012 09:52:46.0053872
Update--001 10/1/2012 09:52:47.8264914
Update--207 10/1/2012 09:52:55.5969359
Update--208 10/1/2012 09:53:02.7223434
Update--209 10/1/2012 09:53:09.4257268
Update--210 10/1/2012 09:53:17.8032060
Update--215 10/1/2012 09:53:25.0196187
Update--216 10/1/2012 09:53:31.7690048
Update--217 10/1/2012 09:53:38.6133963
Update--218 10/1/2012 09:53:45.9888181
Update--650 10/1/2012 09:53:49.7030305
Update--651 10/1/2012 09:53:53.1232262
Update--674 10/1/2012 09:53:57.0174489
Update--675 10/1/2012 09:54:00.8156662
Update--796 10/1/2012 09:54:03.1417992
Update--797 10/1/2012 09:54:05.4139292
Update--874 10/1/2012 09:54:12.8673555
Update--996 10/1/2012 09:54:20.2227762
Update--193 10/1/2012 09:54:28.2702365
Update--194 10/1/2012 09:54:32.8324974
Update--195 10/1/2012 09:54:40.8479559
Update--196 10/1/2012 09:54:48.7714091
Update--197 10/1/2012 09:54:56.7398648
Update--198 10/1/2012 09:55:05.2123494
Update--199 10/1/2012 09:55:13.1468033
Update--191 10/1/2012 09:55:20.6772340
Update--201 10/1/2012 09:55:27.9896522
Update--202 10/1/2012 09:55:35.8181000
Update--203 10/1/2012 09:55:42.3804753
Update--204 10/1/2012 09:55:49.5678864
Update--205 10/1/2012 09:55:56.9273074
Update--219 10/1/2012 09:56:04.3187301
Update--222 10/1/2012 09:56:10.5070841
Update--223 10/1/2012 09:56:17.8205024
Update--224 10/1/2012 09:56:25.8199599
Update--225 10/1/2012 09:56:33.2563853
Update--226 10/1/2012 09:56:41.1938393
Update--227 10/1/2012 09:56:49.1312933
Update--228 10/1/2012 09:56:57.5847768
Update--229 10/1/2012 09:57:06.0692621
Update--230 10/1/2012 09:57:14.4787430
Update--634 10/1/2012 09:57:21.6411527
Update--698 10/1/2012 09:57:25.8453932
Update--753 10/1/2012 09:57:32.8527940
Update--754 10/1/2012 09:57:39.6321817
Update--755 10/1/2012 09:57:46.4435713
Update--645 10/1/2012 09:57:53.4269708
Update--872 10/1/2012 09:58:01.1164106
Update--949 10/1/2012 09:58:09.1328691
Update--993 10/1/2012 09:58:15.9792607
Update--212 10/1/2012 09:58:24.3057369
Update--221 10/1/2012 09:58:31.7891649
Update--206 10/1/2012 09:58:39.4466029
Update--214 10/1/2012 09:58:47.1960462
Update--007 10/1/2012 09:58:54.1494439
Update--012 10/1/2012 09:59:00.8368264
Update--013 10/1/2012 09:59:07.2111910
Update--014 10/1/2012 09:59:13.7325640
Update--382 10/1/2012 09:59:20.1649319
Update--899 10/1/2012 09:59:21.5190093
Update--844 10/1/2012 09:59:28.1183868
Update--851 10/1/2012 09:59:35.8058265
Update--862 10/1/2012 09:59:43.5862715
Update--909 10/1/2012 09:59:46.4924377
Update--892 10/1/2012 09:59:53.8678596
Update--939 10/1/2012 10:00:02.0713288
Update--568 10/1/2012 10:00:10.8378302
Update--005 10/1/2012 10:00:18.3542601
Update--006 10/1/2012 10:00:38.1973951
Update--008 10/1/2012 10:00:44.6817660
Update--009 10/1/2012 10:00:51.4001502
Update--010 10/1/2012 10:00:57.7285122
Update--011 10/1/2012 10:01:04.2758867
Update--015 10/1/2012 10:01:11.5103005
Update--016 10/1/2012 10:01:18.3106894
Update--369 10/1/2012 10:01:25.4630985
Update--946 10/1/2012 10:01:31.8854659
Update--853 10/1/2012 10:01:40.0729342
Update--806 10/1/2012 10:01:43.4781289
Update--678 10/1/2012 10:01:47.5483617
Update--764 10/1/2012 10:01:54.6887701
Update--595 10/1/2012 10:02:02.1831988
Update--539 10/1/2012 10:02:09.9016403
Update--149 10/1/2012 10:02:17.5780793
Update--151 10/1/2012 10:02:27.0426207
Update--152 10/1/2012 10:02:34.9650738
Update--147 10/1/2012 10:02:42.8395242
Update--157 10/1/2012 10:02:50.3559541
Update--145 10/1/2012 10:02:58.1363991
Update--159 10/1/2012 10:03:05.5908255
Update--160 10/1/2012 10:03:14.3443262
Update--161 10/1/2012 10:03:21.3567273
Update--146 10/1/2012 10:03:27.6840892
Update--144 10/1/2012 10:03:35.2925243
Update--153 10/1/2012 10:03:42.5909418
Update--154 10/1/2012 10:03:49.0283100
Update--529 10/1/2012 10:03:56.5127381
Update--530 10/1/2012 10:04:03.8731591
Update--588 10/1/2012 10:04:10.9595644
Update--584 10/1/2012 10:04:18.0779715
Update--744 10/1/2012 10:04:24.9543648
Update--657 10/1/2012 10:04:28.6755777
Update--716 10/1/2012 10:04:34.7549254
Update--808 10/1/2012 10:04:38.1541198
Update--798 10/1/2012 10:04:41.5053115
Update--813 10/1/2012 10:04:44.3004714
Update--758 10/1/2012 10:04:51.1318621
Update--155 10/1/2012 10:04:58.2792709
Update--156 10/1/2012 10:05:05.1066614
Update--158 10/1/2012 10:05:12.1390637
Update--305 10/1/2012 10:05:19.6094909
Update--176 10/1/2012 10:05:27.1229207
Update--177 10/1/2012 10:05:35.7634149
Update--178 10/1/2012 10:05:43.2018403
Update--180 10/1/2012 10:05:51.8113328
Update--163 10/1/2012 10:06:01.5608904
Update--597 10/1/2012 10:06:09.0773203
Update--609 10/1/2012 10:06:16.1847269
Update--738 10/1/2012 10:06:19.9839442
Update--809 10/1/2012 10:06:22.8501081
Update--801 10/1/2012 10:06:26.2233010
Update--870 10/1/2012 10:06:33.4677154
Update--751 10/1/2012 10:06:40.2011005
Update--636 10/1/2012 10:06:47.0764938
Update--181 10/1/2012 10:06:54.5619219
Update--182 10/1/2012 10:07:01.5933241
Update--183 10/1/2012 10:07:08.9847468
Update--184 10/1/2012 10:07:15.6561284
Update--185 10/1/2012 10:07:22.5155208
Update--186 10/1/2012 10:07:29.4529176
Update--188 10/1/2012 10:07:37.2973662
Update--189 10/1/2012 10:07:44.7497925
Update--190 10/1/2012 10:07:51.8441983
Update--179 10/1/2012 10:07:59.1246147
Update--173 10/1/2012 10:08:07.0010652
Update--174 10/1/2012 10:08:14.7225068
Update--614 10/1/2012 10:08:21.6329021
Update--601 10/1/2012 10:08:28.7043065
Update--580 10/1/2012 10:08:35.3596872
Update--705 10/1/2012 10:08:38.9318915
Update--823 10/1/2012 10:08:42.6811060
Update--901 10/1/2012 10:08:45.3052561
Update--994 10/1/2012 10:08:52.6426757
Update--987 10/1/2012 10:09:01.0531568
Update--707 10/1/2012 10:09:04.3843473
Update--685 10/1/2012 10:09:08.1975654
Update--686 10/1/2012 10:09:11.5827591
Update--669 10/1/2012 10:09:16.0770161
Update--736 10/1/2012 10:09:23.0984177
Update--737 10/1/2012 10:09:29.9858116
Update--603 10/1/2012 10:09:37.1582219
Update--504 10/1/2012 10:09:44.5176428
Update--374 10/1/2012 10:09:51.2520280
Update--171 10/1/2012 10:09:59.2514855
Update--318 10/1/2012 10:10:05.7048547
Update--164 10/1/2012 10:10:13.7543151
Update--165 10/1/2012 10:10:21.2207421
Update--166 10/1/2012 10:10:28.0021300
Update--167 10/1/2012 10:10:35.1745402
Update--168 10/1/2012 10:10:42.2679459
Update--169 10/1/2012 10:10:49.2373446
Update--170 10/1/2012 10:10:56.5787645
Update--337 10/1/2012 10:11:03.2681471
Update--505 10/1/2012 10:11:10.7225735
Update--635 10/1/2012 10:11:17.3479524
Update--706 10/1/2012 10:11:20.5351347
Update--999 10/1/2012 10:11:27.7065449
Update--647 10/1/2012 10:11:34.6789437
Update--743 10/1/2012 10:11:41.6443421
Update--824 10/1/2012 10:11:44.8865275
Update--607 10/1/2012 10:11:53.5990259
Update--544 10/1/2012 10:12:00.8644414
Update--556 10/1/2012 10:12:06.9577899
Update--232 10/1/2012 10:12:16.5383379
Update--236 10/1/2012 10:12:24.4587909
Update--237 10/1/2012 10:12:33.3843014
Update--234 10/1/2012 10:12:41.3647579
Update--525 10/1/2012 10:12:49.5512261
Update--534 10/1/2012 10:12:56.9296482
Update--596 10/1/2012 10:13:04.2860689
Update--873 10/1/2012 10:13:12.1145167
Update--762 10/1/2012 10:13:18.7838981
Update--998 10/1/2012 10:13:25.9623087
Update--655 10/1/2012 10:13:29.9095345
Update--700 10/1/2012 10:13:33.1897221
Update--799 10/1/2012 10:13:36.8549318
Update--594 10/1/2012 10:13:44.2713559
Update--598 10/1/2012 10:13:51.7557840
Update--503 10/1/2012 10:13:59.0832031
Update--235 10/1/2012 10:14:07.6343722
Update--231 10/1/2012 10:14:16.1987873
Update--238 10/1/2012 10:14:24.4512018
Update--239 10/1/2012 10:14:31.6584144
Update--192 10/1/2012 10:14:39.8172288
Update--617 10/1/2012 10:14:47.1960417
Update--825 10/1/2012 10:14:50.1600469
Update--704 10/1/2012 10:14:53.8884535
Update--648 10/1/2012 10:15:00.8832657
Update--646 10/1/2012 10:15:07.8132794
Update--767 10/1/2012 10:15:13.5732894
Update--859 10/1/2012 10:15:20.2501012
Update--955 10/1/2012 10:15:28.1441148
Update--375 10/1/2012 10:15:36.4649309
Update--376 10/1/2012 10:15:45.4021466
Update--377 10/1/2012 10:15:53.4985608
Update--378 10/1/2012 10:16:01.7149754
Update--381 10/1/2012 10:16:09.7213893
Update--372 10/1/2012 10:16:16.6634015
Update--422 10/1/2012 10:16:25.2746167
Update--200 10/1/2012 10:16:32.9498301
Update--175 10/1/2012 10:16:40.5782435
Update--404 10/1/2012 10:16:48.1442568
Update--444 10/1/2012 10:16:56.2718711
Update--397 10/1/2012 10:17:04.1186849
Update--398 10/1/2012 10:17:11.4662978
Update--399 10/1/2012 10:17:19.0947112
Update--400 10/1/2012 10:17:26.6607245
Update--401 10/1/2012 10:17:34.1019375
Update--625 10/1/2012 10:17:40.9191495
Update--600 10/1/2012 10:17:48.4383627
Update--863 10/1/2012 10:17:56.5971770
Update--742 10/1/2012 10:18:00.4035837
Update--667 10/1/2012 10:18:04.6311912
Update--740 10/1/2012 10:18:09.4827997
Update--903 10/1/2012 10:18:12.3532047
Update--958 10/1/2012 10:18:14.3500082
Update--572 10/1/2012 10:18:22.4308224
Update--560 10/1/2012 10:18:30.1996361
Update--561 10/1/2012 10:18:38.4520506
Update--402 10/1/2012 10:18:45.7528634
Update--403 10/1/2012 10:18:52.6480755
Update--391 10/1/2012 10:19:00.9940902
Update--392 10/1/2012 10:19:09.2465047
Update--393 10/1/2012 10:19:16.4069172
Update--394 10/1/2012 10:19:24.5813316
Update--187 10/1/2012 10:19:32.0537447
Update--213 10/1/2012 10:19:40.3373593
Update--379 10/1/2012 10:19:47.8253724
Update--380 10/1/2012 10:19:55.0793852
Update--605 10/1/2012 10:20:02.4581981
Update--914 10/1/2012 10:20:03.8622006
Update--849 10/1/2012 10:20:10.4142121
Update--803 10/1/2012 10:20:14.8758199
Update--641 10/1/2012 10:20:22.5510334
Update--703 10/1/2012 10:20:26.2014398
Update--652 10/1/2012 10:20:30.2886470
Update--653 10/1/2012 10:20:34.2198539
Update--781 10/1/2012 10:20:37.8546603
Update--833 10/1/2012 10:20:44.0946712
Update--623 10/1/2012 10:20:50.4438824
Update--632 10/1/2012 10:20:57.4638947
Update--579 10/1/2012 10:21:04.9207078
Update--562 10/1/2012 10:21:11.9407202
Update--547 10/1/2012 10:21:19.3195331
Update--003 10/1/2012 10:21:25.9963448
Update--004 10/1/2012 10:21:33.2191575
Update--533 10/1/2012 10:21:40.8787710
Update--519 10/1/2012 10:21:48.6007845
Update--574 10/1/2012 10:21:57.9764010
Update--373 10/1/2012 10:22:02.3132086
Update--346 10/1/2012 10:22:11.8292253
Update--347 10/1/2012 10:22:20.1752400
Update--349 10/1/2012 10:22:27.7412533
Update--350 10/1/2012 10:22:35.9936678
Update--351 10/1/2012 10:22:43.5596811
Update--352 10/1/2012 10:22:51.8120956
Update--353 10/1/2012 10:22:59.8929098
Update--896 10/1/2012 10:23:03.2625157
Update--880 10/1/2012 10:23:10.0017275
Update--881 10/1/2012 10:23:16.8189395
Update--790 10/1/2012 10:23:20.4381458
Update--342 10/1/2012 10:23:28.6905603
Update--338 10/1/2012 10:23:36.0537733
Update--339 10/1/2012 10:23:43.4169862
Update--627 10/1/2012 10:23:50.8113992
Update--604 10/1/2012 10:23:58.0966120
Update--528 10/1/2012 10:24:05.2102245
Update--550 10/1/2012 10:24:12.5422374
Update--355 10/1/2012 10:24:21.1846525
Update--356 10/1/2012 10:24:29.0158663
Update--359 10/1/2012 10:24:36.9250802
Update--360 10/1/2012 10:24:43.8826924
Update--361 10/1/2012 10:24:51.2147053
Update--362 10/1/2012 10:25:00.3407213
Update--365 10/1/2012 10:25:07.8287345
Update--785 10/1/2012 10:25:12.3371424
Update--795 10/1/2012 10:25:16.4243496
Update--687 10/1/2012 10:25:20.4959567
Update--688 10/1/2012 10:25:24.8327643
Update--689 10/1/2012 10:25:28.3427705
Update--811 10/1/2012 10:25:32.4767778
Update--344 10/1/2012 10:25:39.9803909
Update--340 10/1/2012 10:25:49.1220070
Update--341 10/1/2012 10:25:57.3120214
Update--335 10/1/2012 10:26:05.0652350
Update--336 10/1/2012 10:26:12.2880477
Update--558 10/1/2012 10:26:20.1660615
Update--640 10/1/2012 10:26:27.9660752
Update--172 10/1/2012 10:26:35.4228883
Update--354 10/1/2012 10:26:42.6145010
Update--343 10/1/2012 10:26:50.0089139
Update--348 10/1/2012 10:26:57.6217273
Update--364 10/1/2012 10:27:04.9537402
Update--879 10/1/2012 10:27:12.6601537
Update--654 10/1/2012 10:27:16.3417602
Update--765 10/1/2012 10:27:23.5645729
Update--658 10/1/2012 10:27:28.0885808
Update--902 10/1/2012 10:27:29.7421837
Update--957 10/1/2012 10:27:37.2145969
Update--814 10/1/2012 10:27:40.9430034
Update--815 10/1/2012 10:27:43.8446085
Update--586 10/1/2012 10:27:52.0034228
Update--589 10/1/2012 10:27:58.7426347
Update--521 10/1/2012 10:28:06.5738484
Update--489 10/1/2012 10:28:14.9198631
Update--490 10/1/2012 10:28:22.4702763
Update--491 10/1/2012 10:28:45.3399165
Update--487 10/1/2012 10:28:52.6719294
Update--501 10/1/2012 10:28:59.8323420
Update--502 10/1/2012 10:29:06.9459545
Update--500 10/1/2012 10:29:14.1687671
Update--488 10/1/2012 10:29:23.3727833
Update--494 10/1/2012 10:29:30.9699967
Update--495 10/1/2012 10:29:38.8012104
Update--496 10/1/2012 10:29:45.4936222
Update--506 10/1/2012 10:29:52.6696348
Update--554 10/1/2012 10:30:00.1888480
Update--587 10/1/2012 10:30:07.5988610
Update--615 10/1/2012 10:30:15.2740745
Update--463 10/1/2012 10:30:22.7464876
Update--822 10/1/2012 10:30:26.8492948
Update--942 10/1/2012 10:30:33.5729066
Update--776 10/1/2012 10:30:39.0641163
Update--735 10/1/2012 10:30:46.3025290
Update--940 10/1/2012 10:30:53.3381413
Update--910 10/1/2012 10:30:55.0229443
Update--830 10/1/2012 10:30:58.5953506
Update--831 10/1/2012 10:31:02.0429566
Update--992 10/1/2012 10:31:11.6681735
Update--599 10/1/2012 10:31:18.4229854
Update--531 10/1/2012 10:31:26.4881995
Update--542 10/1/2012 10:31:33.7578123
Update--493 10/1/2012 10:31:42.1194270
Update--498 10/1/2012 10:31:49.6074402
Update--499 10/1/2012 10:31:56.4870522
Update--497 10/1/2012 10:32:03.1326639
Update--546 10/1/2012 10:32:10.1526762
Update--469 10/1/2012 10:32:18.7482913
Update--470 10/1/2012 10:32:26.0179041
Update--472 10/1/2012 10:32:35.7679212
Update--473 10/1/2012 10:32:43.3183345
Update--474 10/1/2012 10:32:50.5723472
Update--465 10/1/2012 10:32:57.9823602
Update--826 10/1/2012 10:33:01.1803659
Update--819 10/1/2012 10:33:04.5031717
Update--882 10/1/2012 10:33:11.6323842
Update--913 10/1/2012 10:33:13.9255883
Update--665 10/1/2012 10:33:21.2108010
Update--684 10/1/2012 10:33:24.9548076
Update--692 10/1/2012 10:33:29.5256157
Update--759 10/1/2012 10:33:37.1228290
Update--906 10/1/2012 10:33:39.6812335
Update--840 10/1/2012 10:33:47.6684475
Update--480 10/1/2012 10:33:55.6556615
Update--481 10/1/2012 10:34:03.0344745
Update--483 10/1/2012 10:34:11.3492891
Update--484 10/1/2012 10:34:18.7125020
Update--485 10/1/2012 10:34:26.5749159
Update--486 10/1/2012 10:34:34.1565292
Update--476 10/1/2012 10:34:41.7693425
Update--368 10/1/2012 10:34:55.0605659
Update--370 10/1/2012 10:35:04.0149816
Update--371 10/1/2012 10:35:12.6261967
Update--366 10/1/2012 10:35:20.9722114
Update--363 10/1/2012 10:35:28.1638240
Update--552 10/1/2012 10:35:35.3710367
Update--905 10/1/2012 10:35:38.1634416
Update--948 10/1/2012 10:35:46.0882555
Update--985 10/1/2012 10:35:57.9130763
Update--782 10/1/2012 10:36:00.9550816
Update--694 10/1/2012 10:36:04.3246875
Update--649 10/1/2012 10:36:11.6099003
Update--995 10/1/2012 10:36:17.4755106
Update--695 10/1/2012 10:36:24.6047232
Update--746 10/1/2012 10:36:32.0615363
Update--733 10/1/2012 10:36:39.7991498
Update--986 10/1/2012 10:36:47.8331640
Update--904 10/1/2012 10:36:50.6879690
Update--877 10/1/2012 10:37:05.6171952
Update--818 10/1/2012 10:37:09.7200024
Update--551 10/1/2012 10:37:16.5996145
Update--581 10/1/2012 10:37:24.9612292
Update--367 10/1/2012 10:37:32.6364427
Update--477 10/1/2012 10:37:41.4504581
Update--478 10/1/2012 10:37:48.5952707
Update--475 10/1/2012 10:37:55.8288861
Update--482 10/1/2012 10:38:03.1608990
Update--850 10/1/2012 10:38:09.6661104
Update--907 10/1/2012 10:38:11.6785140
Update--983 10/1/2012 10:38:22.8573346
Update--984 10/1/2012 10:38:35.1501562
Update--732 10/1/2012 10:38:43.4649708
Update--763 10/1/2012 10:38:51.6393852
Update--789 10/1/2012 10:38:55.7421924
Update--691 10/1/2012 10:39:01.1086018
Update--960 10/1/2012 10:39:03.0118052
Update--895 10/1/2012 10:39:06.0226104
Update--991 10/1/2012 10:39:14.0426246
Update--445 10/1/2012 10:39:24.8690436
Update--447 10/1/2012 10:39:34.7906610
Update--448 10/1/2012 10:39:42.9962754
Update--449 10/1/2012 10:39:51.4046902
Update--438 10/1/2012 10:40:00.1407056
Update--570 10/1/2012 10:40:07.3323182
Update--565 10/1/2012 10:40:17.5503361
Update--622 10/1/2012 10:40:27.3627534
Update--553 10/1/2012 10:40:37.0503704
Update--545 10/1/2012 10:40:45.2559848
Update--443 10/1/2012 10:40:55.3960026
Update--630 10/1/2012 10:41:04.1320179
Update--612 10/1/2012 10:41:12.9928335
Update--606 10/1/2012 10:41:22.3996500
Update--564 10/1/2012 10:41:32.6020680
Update--451 10/1/2012 10:41:41.6656847
Update--452 10/1/2012 10:41:50.6357005
Update--464 10/1/2012 10:42:02.2577209
Update--455 10/1/2012 10:42:10.4321352
Update--457 10/1/2012 10:42:20.0105521
Update--459 10/1/2012 10:42:29.7761692
Update--460 10/1/2012 10:42:38.4965845
Update--461 10/1/2012 10:42:46.6865989
Update--462 10/1/2012 10:42:57.5754180
Update--884 10/1/2012 10:43:06.3738335
Update--885 10/1/2012 10:43:13.6434463
Update--886 10/1/2012 10:43:22.1298612
Update--887 10/1/2012 10:43:30.1794753
Update--888 10/1/2012 10:43:38.8062905
Update--683 10/1/2012 10:43:43.0182979
Update--663 10/1/2012 10:43:47.2147052
Update--458 10/1/2012 10:43:56.3875213
Update--453 10/1/2012 10:44:06.9955400
Update--454 10/1/2012 10:44:14.6395534
Update--479 10/1/2012 10:44:23.9995698
Update--610 10/1/2012 10:44:33.2347861
Update--611 10/1/2012 10:44:42.8444029
Update--524 10/1/2012 10:44:51.1904176
Update--548 10/1/2012 10:45:02.1728369
Update--233 10/1/2012 10:45:11.7356537
Update--536 10/1/2012 10:45:21.0800701
Update--608 10/1/2012 10:45:31.1732878
Update--466 10/1/2012 10:45:43.9497103
Update--467 10/1/2012 10:45:53.4813270
Update--450 10/1/2012 10:46:01.9989420
Update--442 10/1/2012 10:46:11.3277583
Update--664 10/1/2012 10:46:16.1013667
Update--982 10/1/2012 10:46:29.3457900
Update--854 10/1/2012 10:46:39.2206073
Update Area--<none> 10/1/2012 10:46:42.1534125
Update Area--BOHOL-REGION-AREA1 10/1/2012 10:46:43.8538155
Update Area--BOHOL-REGION-AREA2 10/1/2012 10:46:45.6166186
Update Area--BOHOL-REGION-AREA3 10/1/2012 10:46:47.3170216
Update Area--CAAR-REGION-AREA1 10/1/2012 10:46:48.9862245
Update Area--CAAR-REGION-AREA2 10/1/2012 10:46:50.7022275
Update Area--CAAR-REGION-AREA3 10/1/2012 10:46:52.4182305
Update Area--CAAR-REGION-AREA4 10/1/2012 10:46:54.1342335
Update Area--CAAR-REGION-AREA5 10/1/2012 10:46:55.8034365
Update Area--CAGAYAN-REGION-AREA4 10/1/2012 10:46:57.5194395
Update Area--CARAGA-REGION-AREA1 10/1/2012 10:46:59.2042424
Update Area--CARAGA-REGION-AREA2 10/1/2012 10:47:00.8890454
Update Area--CARAGA-REGION-AREA3 10/1/2012 10:47:02.6050484
Update Area--CARAGA-REGION-AREA4 10/1/2012 10:47:04.3678515
Update Area--Cebu Central A 10/1/2012 10:47:06.1618547
Update Area--Cebu Central B 10/1/2012 10:47:07.8154576
Update Area--Cebu Central C 10/1/2012 10:47:09.5626606
Update Area--Cebu Central D 10/1/2012 10:47:11.2630636
Update Area--Cebu North A 10/1/2012 10:47:12.9322666
Update Area--Cebu North B 10/1/2012 10:47:14.6326695
Update Area--Cebu North C 10/1/2012 10:47:16.3486726
Update Area--Cebu North D 10/1/2012 10:47:18.0490755
Update Area--Cebu South A 10/1/2012 10:47:19.7962786
Update Area--Cebu South B 10/1/2012 10:47:21.5122816
Update Area--Cebu South C 10/1/2012 10:47:23.2282846
Update Area--CEBU SOUTH D 10/1/2012 10:47:25.0066878
Update Area--CEBU SOUTH E 10/1/2012 10:47:26.6758907
Update Area--COMADAVSUR-REGION-AREA1 10/1/2012 10:47:28.3450936
Update Area--COMADAVSUR-REGION-AREA2 10/1/2012 10:47:30.0454966
Update Area--COMADAVSUR-REGION-AREA3 10/1/2012 10:47:31.7926997
Update Area--DAVAO/COMVAL-REGION-AREA1 10/1/2012 10:47:33.4931027
Update Area--DAVAO/COMVAL-REGION-AREA2 10/1/2012 10:47:35.1779056
Update Area--DAVAO/COMVAL-REGION-AREA3 10/1/2012 10:47:36.8627086
Update Area--DAVAO/COMVAL-REGION-AREA4 10/1/2012 10:47:38.5943116
Update Area--DAVAO/COMVAL-REGION-AREA5 10/1/2012 10:47:40.2947146
Update Area--GUIMARAS-ILOILO-REGION-AREA1 10/1/2012 10:47:42.0263177
Update Area--GUIMARAS-ILOILO-REGION-AREA2 10/1/2012 10:47:43.7579207
Update Area--GUIMARAS-ILOILO-REGION-AREA3 10/1/2012 10:47:45.4271236
Update Area--GUIMARAS-ILOILO-REGION-AREA4 10/1/2012 10:47:47.2055267
Update Area--GUIMARAS-ILOILO-REGION-AREA5 10/1/2012 10:47:48.8903297
Update Area--HO 10/1/2012 10:47:50.5751327
Update Area--LEYTE-REGION-AREA1 10/1/2012 10:47:52.3223357
Update Area--LEYTE-REGION-AREA2 10/1/2012 10:47:54.0071387
Update Area--LEYTE-REGION-AREA3 10/1/2012 10:47:55.7543418
Update Area--LEYTE-REGION-AREA4 10/1/2012 10:47:57.4391447
Update Area--LUZON-SHOWROOMS 10/1/2012 10:47:59.1083477
Update Area--MINDANAO-SHOWROOMS 10/1/2012 10:48:00.8087506
Update Area--NCR-SHOWROOMS 10/1/2012 10:48:02.4779536
Update Area--NEG.OR-SIQUIJOR-REGION-AREA1 10/1/2012 10:48:04.2407567
Update Area--NEG.OR-SIQUIJOR-REGION-AREA2 10/1/2012 10:48:06.0035598
Update Area--NEG.OR-SIQUIJOR-REGION-AREA3 10/1/2012 10:48:07.7351628
Update Area--NEGROS-OCC-REGION-AREA1 10/1/2012 10:48:09.4511658
Update Area--NEGROS-OCC-REGION-AREA2 10/1/2012 10:48:11.1983689
Update Area--NEGROS-OCC-REGION-AREA3 10/1/2012 10:48:12.8987719
Update Area--NEGROS-OCC-REGION-AREA4 10/1/2012 10:48:14.6147749
Update Area--NEGROS-OCC-REGION-AREA5 10/1/2012 10:48:16.3151779
Update Area--SAMAR-REGION-AREA1 10/1/2012 10:48:18.0155809
Update Area--SAMAR-REGION-AREA2 10/1/2012 10:48:19.7627839
Update Area--SAMAR-REGION-AREA3 10/1/2012 10:48:21.5099870
Update Area--SAMAR-REGION-AREA4 10/1/2012 10:48:23.2103900
Update Area--SOCSKSARGEN-MINDANAO-AREA1 10/1/2012 10:48:24.9419930
Update Area--SOCSKSARGEN-MINDANAO-AREA2 10/1/2012 10:48:26.6423960
Update Area--SOCSKSARGEN-MINDANAO-AREA3 10/1/2012 10:48:28.3583990
Update Area--SOCSKSARGEN-MINDANAO-AREA4 10/1/2012 10:48:30.1368022
Update Area--VISAYAS-SHOWROOMS 10/1/2012 10:48:31.8528052
Update Area--YANGAN CAMBUNAO-REGION-AREA1 10/1/2012 10:48:33.6936084
Update Area--YANGAN CAMBUNAO-REGION-AREA2 10/1/2012 10:48:35.4096114
Update Area--YANGAN CAMBUNAO-REGION-AREA3 10/1/2012 10:48:37.1100144
Update Area--YANGAN CAMBUNAO-REGION-AREA4 10/1/2012 10:48:38.7948174
Update Area--YANGAN CAMBUNAO-REGION-AREA5 10/1/2012 10:48:40.4952203
Update Area--ZAMBASTA-MINDANAO-AREA1 10/1/2012 10:48:42.2112234
Update Area--ZAMBASTA-MINDANAO-AREA2 10/1/2012 10:48:43.9272264
Update Area--ZAMBASTA-MINDANAO-AREA3 10/1/2012 10:48:45.5964293
Update Area--ZAMISLAN-REGION-AREA1 10/1/2012 10:48:47.3904325
Update Area--ZAMISLAN-REGION-AREA2 10/1/2012 10:48:49.0908354
Update Area--ZAMISLAN-REGION-AREA3 10/1/2012 10:48:50.8692386
Update Area--ZAMISLAN-REGION-AREA4 10/1/2012 10:48:52.6008416
Update Area--ZAMISLAN-REGION-AREA5 10/1/2012 10:48:54.3948448
Update Area--ZAMSIBUGAY-REGION-AREA1 10/1/2012 10:48:56.1420478
Update Area--ZAMSIBUGAY-REGION-AREA2 10/1/2012 10:48:57.9984511
Update Area--ZAMSIBUGAY-REGION-AREA3 10/1/2012 10:48:59.6988541
Update Area--ZAMSIBUGAY-REGION-AREA4 10/1/2012 10:49:01.4148571
Update region--BOHOL-REGION 10/1/2012 11:07:28.8296022
Update region--CAAR-REGION 10/1/2012 11:07:31.2632064
Update--941 10/1/2012 11:37:43.9004023
Update--950 10/1/2012 11:37:50.4992139
Update--952 10/1/2012 11:37:57.8000267
Update--871 10/1/2012 11:38:05.1164395
Update--804 10/1/2012 11:38:07.8464443
Update--681 10/1/2012 11:38:11.5436508
Update--708 10/1/2012 11:38:15.0068569
Update--717 10/1/2012 11:38:18.5808645
Update--769 10/1/2012 11:38:22.6056716
Update--021 10/1/2012 11:38:30.2340850
Update--133 10/1/2012 11:38:38.6892998
Update--137 10/1/2012 11:38:47.2225148
Update--138 10/1/2012 11:38:54.1957271
Update--140 10/1/2012 11:39:00.9950591
Update--613 10/1/2012 11:39:08.1556626
Update--638 10/1/2012 11:39:15.1160607
Update--518 10/1/2012 11:39:21.6744358
Update--139 10/1/2012 11:39:29.0658586
Update--134 10/1/2012 11:39:36.3752767
Update--142 10/1/2012 11:39:43.5156851
Update--131 10/1/2012 11:39:50.9851123
Update--132 10/1/2012 11:39:58.2815296
Update--768 10/1/2012 11:40:01.4677119
Update--761 10/1/2012 11:40:07.8390763
Update--741 10/1/2012 11:40:10.9722555
Update--714 10/1/2012 11:40:14.9824849
Update--715 10/1/2012 11:40:17.8986517
Update--682 10/1/2012 11:40:21.4998577
Update--642 10/1/2012 11:40:28.2072413
Update--659 10/1/2012 11:40:31.5084301
Update--951 10/1/2012 11:40:38.0028016
Update--680 10/1/2012 11:40:41.1619823
Update--690 10/1/2012 11:40:44.4211687
Update--752 10/1/2012 11:40:50.6815267
Update--734 10/1/2012 11:40:57.5199179
Update--143 10/1/2012 11:41:04.2653037
Update--135 10/1/2012 11:41:11.2827051
Update--141 10/1/2012 11:41:18.0640929
Update--637 10/1/2012 11:41:24.5834658
Update--345 10/1/2012 11:41:30.9398294
Update--628 10/1/2012 11:41:38.0922385
Update--593 10/1/2012 11:41:45.4716606
Update--036 10/1/2012 11:41:52.5970681
Update--057 10/1/2012 11:41:59.8604836
Update--066 10/1/2012 11:42:07.2059037
Update--079 10/1/2012 11:42:14.2213050
Update--264 10/1/2012 11:42:21.8807430
Update--726 10/1/2012 11:42:29.1141568
Update--711 10/1/2012 11:42:32.9473760
Update--712 10/1/2012 11:42:36.3225691
Update--677 10/1/2012 11:42:40.6498166
Update--673 10/1/2012 11:42:45.7101060
Update--696 10/1/2012 11:42:48.9052888
Update--697 10/1/2012 11:42:52.1804761
Update--720 10/1/2012 11:42:55.9916941
Update--810 10/1/2012 11:42:59.0318680
Update--280 10/1/2012 11:43:06.1002723
Update--284 10/1/2012 11:43:13.8257141
Update--285 10/1/2012 11:43:22.1711915
Update--290 10/1/2012 11:43:30.6626771
Update--582 10/1/2012 11:43:37.9730953
Update--537 10/1/2012 11:43:45.8015430
Update--396 10/1/2012 11:43:53.0069552
Update--583 10/1/2012 11:44:00.5883888
Update--639 10/1/2012 11:44:07.6967954
Update--291 10/1/2012 11:44:15.6162483
Update--287 10/1/2012 11:44:22.9956704
Update--289 10/1/2012 11:44:31.6811672
Update--281 10/1/2012 11:44:39.2075977
Update--821 10/1/2012 11:44:42.6717958
Update--875 10/1/2012 11:44:49.9272108
Update--727 10/1/2012 11:44:56.5665906
Update--724 10/1/2012 11:45:03.2399723
Update--725 10/1/2012 11:45:09.7833465
Update--730 10/1/2012 11:45:16.5177317
Update--731 10/1/2012 11:45:23.2031141
Update--747 10/1/2012 11:45:30.4275273
Update--668 10/1/2012 11:45:34.4937599
Update--843 10/1/2012 11:45:44.0223049
Update--250 10/1/2012 11:45:51.5997383
Update--251 10/1/2012 11:45:58.7711485
Update--252 10/1/2012 11:46:06.6635999
Update--254 10/1/2012 11:46:13.3029796
Update--248 10/1/2012 11:46:20.5583946
Update--246 10/1/2012 11:46:27.4777904
Update--247 10/1/2012 11:46:35.5222505
Update--282 10/1/2012 11:46:42.6466580
Update--283 10/1/2012 11:46:49.7560646
Update--288 10/1/2012 11:46:56.4284463
Update--297 10/1/2012 11:47:03.9288753
Update--292 10/1/2012 11:47:10.9602774
Update--535 10/1/2012 11:47:18.0226814
Update--513 10/1/2012 11:47:25.9651357
Update--679 10/1/2012 11:47:29.0753136
Update--660 10/1/2012 11:47:33.3825599
Update--934 10/1/2012 11:47:35.4006754
Update--845 10/1/2012 11:47:43.1651195
Update--748 10/1/2012 11:47:50.0815151
Update--620 10/1/2012 11:47:57.4429361
Update--618 10/1/2012 11:48:05.2893849
Update--410 10/1/2012 11:48:12.9618237
Update--412 10/1/2012 11:48:18.5551437
Update--413 10/1/2012 11:48:25.6665504
Update--414 10/1/2012 11:48:33.0859748
Update--415 10/1/2012 11:48:40.0243716
Update--416 10/1/2012 11:48:47.5708033
Update--405 10/1/2012 11:48:54.5082001
Update--407 10/1/2012 11:49:01.9306246
Update--408 10/1/2012 11:49:10.5561179
Update--108 10/1/2012 11:49:17.7755309
Update--430 10/1/2012 11:49:25.8089904
Update--406 10/1/2012 11:49:33.1344093
Update--417 10/1/2012 11:49:40.2438160
Update--418 10/1/2012 11:49:47.7432449
Update--619 10/1/2012 11:49:54.8986542
Update--855 10/1/2012 11:49:59.9759446
Update--857 10/1/2012 11:50:05.7742762
Update--878 10/1/2012 11:50:12.9626874
Update--954 10/1/2012 11:50:20.4291144
Update--807 10/1/2012 11:50:22.3442240
Update--419 10/1/2012 11:50:29.5416357
Update--420 10/1/2012 11:50:37.0720664
Update--421 10/1/2012 11:50:43.9944623
Update--423 10/1/2012 11:50:52.8379681
Update--424 10/1/2012 11:51:00.5574097
Update--425 10/1/2012 11:51:07.9468323
Update--431 10/1/2012 11:51:15.0132365
Update--409 10/1/2012 11:51:22.5736689
Update--427 10/1/2012 11:51:30.5421247
Update--428 10/1/2012 11:51:39.1206153
Update--429 10/1/2012 11:51:46.1820192
Update--434 10/1/2012 11:51:53.2604241
Update--435 10/1/2012 11:52:00.2608245
Update--436 10/1/2012 11:52:06.8702025
Update--437 10/1/2012 11:52:14.0266119
Update--439 10/1/2012 11:52:22.8591170
Update--440 10/1/2012 11:52:30.6985654
Update--441 10/1/2012 11:52:38.6220186
Update--432 10/1/2012 11:52:45.3864055
Update--433 10/1/2012 11:52:52.8708336
Update--800 10/1/2012 11:52:55.8630048
Update--777 10/1/2012 11:52:59.0871892
Update--718 10/1/2012 11:53:02.5343863
Update--719 10/1/2012 11:53:05.7445700
Update--749 10/1/2012 11:53:12.7769722
Update--750 10/1/2012 11:53:19.3313471
Update--868 10/1/2012 11:53:26.5577604
Update--846 10/1/2012 11:53:34.0131868
Update--105 10/1/2012 11:53:41.4806139
Update--029 10/1/2012 11:53:49.6220796
Update--030 10/1/2012 11:53:58.1205657
Update--032 10/1/2012 11:54:04.3419215
Update--033 10/1/2012 11:54:11.2003138
Update--034 10/1/2012 11:54:19.8568089
Update--035 10/1/2012 11:54:25.8291505
Update--037 10/1/2012 11:54:32.4975319
Update--038 10/1/2012 11:54:39.6379403
Update--040 10/1/2012 11:54:47.8574105
Update--025 10/1/2012 11:54:55.0138198
Update--018 10/1/2012 11:55:02.4202434
Update--020 10/1/2012 11:55:10.8577260
Update--019 10/1/2012 11:55:19.9822479
Update--026 10/1/2012 11:55:27.4226735
Update--027 10/1/2012 11:55:34.5770827
Update--028 10/1/2012 11:55:41.9055018
Update--022 10/1/2012 11:55:48.0138512
Update--023 10/1/2012 11:55:55.5932847
Update--024 10/1/2012 11:56:03.1087146
Update--125 10/1/2012 11:56:10.7801534
Update--120 10/1/2012 11:56:18.7486092
Update--121 10/1/2012 11:56:26.0790284
Update--122 10/1/2012 11:56:33.8584734
Update--078 10/1/2012 11:56:41.8899328
Update--512 10/1/2012 11:56:48.6553197
Update--526 10/1/2012 11:56:57.5008257
Update--835 10/1/2012 11:57:04.6172327
Update--867 10/1/2012 11:57:12.4996835
Update--532 10/1/2012 11:57:20.0471152
Update--508 10/1/2012 11:57:27.2295260
Update--616 10/1/2012 11:57:35.0939759
Update--633 10/1/2012 11:57:42.3563912
Update--325 10/1/2012 11:57:49.3127891
Update--106 10/1/2012 11:57:57.0482316
Update--041 10/1/2012 11:58:04.5326597
Update--042 10/1/2012 11:58:11.7820743
Update--045 10/1/2012 11:58:20.7815890
Update--046 10/1/2012 11:58:27.4399699
Update--047 10/1/2012 11:58:34.3603657
Update--048 10/1/2012 11:58:41.4847732
Update--049 10/1/2012 11:58:48.9391996
Update--052 10/1/2012 11:58:56.3626242
Update--054 10/1/2012 11:59:04.2200736
Update--055 10/1/2012 11:59:11.3304803
Update--053 10/1/2012 11:59:18.7669056
Update--050 10/1/2012 11:59:25.8623114
Update--051 10/1/2012 11:59:33.4077430
Update--064 10/1/2012 11:59:40.5171497
Update--070 10/1/2012 11:59:47.8505691
Update--071 10/1/2012 11:59:56.3920576
Update--072 10/1/2012 12:00:03.5024643
Update--073 10/1/2012 12:00:12.2509647
Update--043 10/1/2012 12:00:19.7203919
Update--240 10/1/2012 12:00:26.4107746
Update--511 10/1/2012 12:00:33.4081748
Update--866 10/1/2012 12:00:40.4615783
Update--912 10/1/2012 12:00:42.0136671
Update--722 10/1/2012 12:00:49.1590757
Update--721 10/1/2012 12:00:56.1524757
Update--793 10/1/2012 12:00:58.1025873
Update--794 10/1/2012 12:01:02.0288119
Update--710 10/1/2012 12:01:06.0440415
Update--864 10/1/2012 12:01:13.7534825
Update--865 10/1/2012 12:01:21.0659007
Update--591 10/1/2012 12:01:28.6143325
Update--571 10/1/2012 12:01:34.5506720
Update--578 10/1/2012 12:01:41.5660733
Update--260 10/1/2012 12:01:48.4724683
Update--067 10/1/2012 12:01:57.7219973
Update--068 10/1/2012 12:02:05.6484507
Update--069 10/1/2012 12:02:14.6289643
Update--065 10/1/2012 12:02:22.0353880
Update--056 10/1/2012 12:02:29.5858198
Update--058 10/1/2012 12:02:38.2073129
Update--059 10/1/2012 12:02:46.3337778
Update--060 10/1/2012 12:02:53.8642085
Update--061 10/1/2012 12:03:00.9586142
Update--062 10/1/2012 12:03:08.4580432
Update--063 10/1/2012 12:03:15.8834679
Update--585 10/1/2012 12:03:23.8109213
Update--944 10/1/2012 12:03:31.4903606
Update--945 10/1/2012 12:03:38.6157681
Update--961 10/1/2012 12:03:41.0249059
Update--699 10/1/2012 12:03:45.2951502
Update--644 10/1/2012 12:03:54.0206492
Update--997 10/1/2012 12:04:01.6930881
Update--770 10/1/2012 12:04:03.6632007
Update--943 10/1/2012 12:04:10.8176100
Update--936 10/1/2012 12:04:18.2560354
Update--856 10/1/2012 12:04:24.5113932
Update--829 10/1/2012 12:04:28.1215997
Update--084 10/1/2012 12:04:36.1310578
Update--080 10/1/2012 12:04:44.2875243
Update--081 10/1/2012 12:04:52.1469739
Update--082 10/1/2012 12:04:59.2103779
Update--087 10/1/2012 12:05:06.5227961
Update--088 10/1/2012 12:05:13.5842000
Update--089 10/1/2012 12:05:21.6156594
Update--090 10/1/2012 12:05:28.9320778
Update--092 10/1/2012 12:05:36.8345298
Update--093 10/1/2012 12:05:44.1949508
Update--094 10/1/2012 12:05:50.9603378
Update--095 10/1/2012 12:05:58.3197587
Update--083 10/1/2012 12:06:05.3351600
Update--085 10/1/2012 12:06:12.6795801
Update--086 10/1/2012 12:06:19.6169769
Update--074 10/1/2012 12:06:27.2764149
Update--075 10/1/2012 12:06:34.0388017
Update--076 10/1/2012 12:06:41.5072289
Update--573 10/1/2012 12:06:49.1336651
Update--869 10/1/2012 12:06:56.2610728
Update--937 10/1/2012 12:07:03.8375061
Update--938 10/1/2012 12:07:11.0079162
Update--728 10/1/2012 12:07:15.1631539
Update--656 10/1/2012 12:07:18.8293636
Update--702 10/1/2012 12:07:23.4896302
Update--900 10/1/2012 12:07:25.8767667
Update--839 10/1/2012 12:07:41.0206329
Update--817 10/1/2012 12:07:44.1958145
Update--575 10/1/2012 12:07:52.4922890
Update--017 10/1/2012 12:08:00.4147422
Update--126 10/1/2012 12:08:08.1801863
Update--128 10/1/2012 12:08:16.5716663
Update--129 10/1/2012 12:08:24.2781071
Update--130 10/1/2012 12:08:31.4155153
Update--123 10/1/2012 12:08:40.0560095
Update--124 10/1/2012 12:08:47.0244081
Update--103 10/1/2012 12:08:54.6968469
Update--567 10/1/2012 12:09:02.0882697
Update--555 10/1/2012 12:09:10.5417532
Update--816 10/1/2012 12:09:13.3599144
Update--858 10/1/2012 12:09:19.7012771
Update--666 10/1/2012 12:09:24.4035460
Update--778 10/1/2012 12:09:26.8866881
Update--784 10/1/2012 12:09:30.2338795
Update--670 10/1/2012 12:09:34.2471091
Update--834 10/1/2012 12:09:46.4698082
Update--876 10/1/2012 12:09:53.8922327
Update--953 10/1/2012 12:10:00.9846384
Update--109 10/1/2012 12:10:08.8230867
Update--112 10/1/2012 12:10:16.4165210
Update--115 10/1/2012 12:10:23.3229160
Update--117 10/1/2012 12:10:30.4343228
Update--118 10/1/2012 12:10:38.3867776
Update--119 10/1/2012 12:10:45.3391753
Update--104 10/1/2012 12:10:53.3706347
Update--096 10/1/2012 12:11:00.7140547
Update--097 10/1/2012 12:11:08.3704926
Update--098 10/1/2012 12:11:15.4648984
Update--099 10/1/2012 12:11:24.5774196
Update--100 10/1/2012 12:11:32.3558645
Update--101 10/1/2012 12:11:39.8242917
Update--549 10/1/2012 12:11:47.2067139
Update--566 10/1/2012 12:11:55.3251783
Update--947 10/1/2012 12:12:02.0905652
Update--812 10/1/2012 12:12:04.9597293
Update--836 10/1/2012 12:12:16.1463692
Update--837 10/1/2012 12:12:27.1219969
Update--838 10/1/2012 12:12:33.5283634
Update--559 10/1/2012 12:12:41.0607942
Update--107 10/1/2012 12:12:48.0911963
Update--110 10/1/2012 12:12:55.2626065
Update--111 10/1/2012 12:13:02.2940087
Update--116 10/1/2012 12:13:09.4194162
Update--113 10/1/2012 12:13:16.1698023
Update--114 10/1/2012 12:13:23.4052162
Update--507 10/1/2012 12:13:31.5136799
Update--569 10/1/2012 12:13:39.7951536
Update--621 10/1/2012 12:13:47.4835934
Update--384 10/1/2012 12:13:55.8100696
Update--861 10/1/2012 12:14:02.4274481
Update--933 10/1/2012 12:14:04.5065670
Update--889 10/1/2012 12:14:12.0900008
Update--772 10/1/2012 12:14:16.2072363
Update--773 10/1/2012 12:14:21.8185572
Update--883 10/1/2012 12:14:29.3299868
Update--956 10/1/2012 12:14:37.8744756
Update--841 10/1/2012 12:14:46.2639554
Update--820 10/1/2012 12:14:49.8201588
Update--385 10/1/2012 12:14:57.9986266
Update--386 10/1/2012 12:15:06.5301146
Update--388 10/1/2012 12:15:14.7335838
Update--389 10/1/2012 12:15:21.7179833
Update--390 10/1/2012 12:15:28.9233954
Update--331 10/1/2012 12:15:36.1558091
Update--383 10/1/2012 12:15:43.4682273
Update--629 10/1/2012 12:15:50.6946406
Update--626 10/1/2012 12:15:57.9250542
Update--538 10/1/2012 12:16:05.1244660
Update--220 10/1/2012 12:16:12.3278780
Update--271 10/1/2012 12:16:19.7813043
Update--332 10/1/2012 12:16:26.8457084
Update--324 10/1/2012 12:16:35.0001748
Update--330 10/1/2012 12:16:42.6716135
Update--860 10/1/2012 12:16:51.3871120
Update--911 10/1/2012 12:16:53.9222570
Update--771 10/1/2012 12:16:57.3564535
Update--760 10/1/2012 12:17:03.9798323
Update--791 10/1/2012 12:17:07.8220521
Update--723 10/1/2012 12:17:11.2812499
Update--739 10/1/2012 12:17:15.1844732
Update--661 10/1/2012 12:17:18.5226641
Update--602 10/1/2012 12:17:27.1141555
Update--286 10/1/2012 12:17:34.0315512
Update--301 10/1/2012 12:17:42.2510213
Update--303 10/1/2012 12:17:49.5334378
Update--306 10/1/2012 12:17:58.3299410
Update--308 10/1/2012 12:18:05.6583601
Update--316 10/1/2012 12:18:13.7198212
Update--136 10/1/2012 12:18:19.6111582
Update--302 10/1/2012 12:18:26.7085641
Update--540 10/1/2012 12:18:33.9239768
Update--515 10/1/2012 12:18:41.4704084
Update--329 10/1/2012 12:18:48.9548365
Update--333 10/1/2012 12:18:56.4402647
Update--334 10/1/2012 12:19:03.9396936
Update--326 10/1/2012 12:19:11.9391512
Update--327 10/1/2012 12:19:19.1435632
Update--792 10/1/2012 12:19:22.1127331
Update--893 10/1/2012 12:19:29.5361576
Update--805 10/1/2012 12:19:33.3623765
Update--802 10/1/2012 12:19:36.6185627
Update--701 10/1/2012 12:19:40.0477589
Update--319 10/1/2012 12:20:03.0660754
Update--320 10/1/2012 12:20:10.5665044
Update--321 10/1/2012 12:20:18.6289656
Update--322 10/1/2012 12:20:26.4114107
Update--426 10/1/2012 12:20:33.9268406
Update--307 10/1/2012 12:20:41.5662775
Update--315 10/1/2012 12:20:49.8957540
Update--311 10/1/2012 12:20:58.0352195
Update--312 10/1/2012 12:21:05.6926575
Update--313 10/1/2012 12:21:13.1910864
Update--314 10/1/2012 12:21:20.3484958
Update--310 10/1/2012 12:21:27.4439016
Update--317 10/1/2012 12:21:35.3493538
Update--148 10/1/2012 12:21:42.9257871
Update--323 10/1/2012 12:21:50.9742474
Update--517 10/1/2012 12:21:57.7236335
Update--590 10/1/2012 12:22:04.5210223
Update--709 10/1/2012 12:22:07.8512128
Update--671 10/1/2012 12:22:11.1994043
Update--890 10/1/2012 12:22:17.9887926
Update--891 10/1/2012 12:22:24.8991878
Update--959 10/1/2012 12:22:26.3262695
Update--894 10/1/2012 12:22:33.2096632
Update--624 10/1/2012 12:22:41.5061377
Update--541 10/1/2012 12:22:48.9275622
Update--527 10/1/2012 12:22:56.4599930
Update--328 10/1/2012 12:23:03.5063960
Update--127 10/1/2012 12:23:10.3487874
Update--309 10/1/2012 12:23:17.3971906
Update--298 10/1/2012 12:23:25.6806643
Update--299 10/1/2012 12:23:33.0690869
Update--300 10/1/2012 12:23:40.2874998
Update--293 10/1/2012 12:23:48.1639503
Update--267 10/1/2012 12:23:55.1003471
Update--273 10/1/2012 12:24:02.7567850
Update--274 10/1/2012 12:24:10.3032166
Update--275 10/1/2012 12:24:17.4446251
Update--262 10/1/2012 12:24:26.0421168
Update--259 10/1/2012 12:24:33.4915429
Update--102 10/1/2012 12:24:39.1468664
Update--543 10/1/2012 12:24:46.6712967
Update--522 10/1/2012 12:24:55.1477816
Update--897 10/1/2012 12:24:58.2409585
Update--745 10/1/2012 12:25:04.9913446
Update--766 10/1/2012 12:25:08.3785383
Update--676 10/1/2012 12:25:12.4417707
Update--828 10/1/2012 12:25:15.7699611
Update--563 10/1/2012 12:25:23.6804135
Update--263 10/1/2012 12:25:31.0728364
Update--261 10/1/2012 12:25:38.3672536
Update--255 10/1/2012 12:25:45.4766602
Update--256 10/1/2012 12:25:52.9300865
Update--257 10/1/2012 12:26:02.0706093
Update--258 10/1/2012 12:26:11.9921768
Update--266 10/1/2012 12:26:20.0546380
Update--269 10/1/2012 12:26:27.6200707
Update--272 10/1/2012 12:26:34.6174709
Update--265 10/1/2012 12:26:42.1649026
Update--294 10/1/2012 12:26:49.9933504
Update--277 10/1/2012 12:26:57.3997740
Update--278 10/1/2012 12:27:05.3372280
Update--279 10/1/2012 12:27:12.7436516
Update--296 10/1/2012 12:27:19.9470636
Update--514 10/1/2012 12:27:27.3544873
Update--775 10/1/2012 12:27:31.0276974
Update--783 10/1/2012 12:27:34.4758946
Update--779 10/1/2012 12:27:38.2541107
Update--786 10/1/2012 12:27:42.5383558
Update--787 10/1/2012 12:27:46.0885588
Update--693 10/1/2012 12:27:53.8220011
Update--827 10/1/2012 12:27:57.3732043
Update--557 10/1/2012 12:28:05.0396428
Update--253 10/1/2012 12:28:12.6350772
Update--249 10/1/2012 12:28:20.1825089
Update--241 10/1/2012 12:28:27.6689371
Update--242 10/1/2012 12:28:34.9643544
Update--243 10/1/2012 12:28:41.9317529
Update--244 10/1/2012 12:28:49.3081748
Update--245 10/1/2012 12:28:56.3385769
Update--268 10/1/2012 12:29:03.6829970
Update--276 10/1/2012 12:29:10.7133991
Update--295 10/1/2012 12:29:17.8708085
Update--044 10/1/2012 12:29:24.9042108
Update--523 10/1/2012 12:29:31.7146003
Update--509 10/1/2012 12:29:38.8390078
Update--510 10/1/2012 12:29:45.8704100
Update--842 10/1/2012 12:29:54.0588783
Update--662 10/1/2012 12:29:58.1751137
Update--788 10/1/2012 12:30:01.8143219
Update--729 10/1/2012 12:30:05.9365577
Update--001 10/1/2012 12:30:07.7726627
Update--207 10/1/2012 12:30:15.5271062
Update--208 10/1/2012 12:30:22.6365129
Update--209 10/1/2012 12:30:29.3258955
Update--210 10/1/2012 12:30:37.5903682
Update--215 10/1/2012 12:30:44.7927801
Update--216 10/1/2012 12:30:51.5121644
Update--217 10/1/2012 12:30:58.3715568
Update--218 10/1/2012 12:31:05.6689742
Update--650 10/1/2012 12:31:09.3751862
Update--651 10/1/2012 12:31:12.8543851
Update--674 10/1/2012 12:31:16.7766095
Update--675 10/1/2012 12:31:20.5108231
Update--796 10/1/2012 12:31:22.8229553
Update--797 10/1/2012 12:31:25.1220868
Update--874 10/1/2012 12:31:32.5595122
Update--996 10/1/2012 12:31:39.9189332
Update--193 10/1/2012 12:31:47.8873889
Update--194 10/1/2012 12:31:52.3406436
Update--195 10/1/2012 12:32:00.2000932
Update--196 10/1/2012 12:32:08.2165517
Update--197 10/1/2012 12:32:16.0600003
Update--198 10/1/2012 12:32:24.6074892
Update--199 10/1/2012 12:32:32.4039351
Update--191 10/1/2012 12:32:39.9363660
Update--201 10/1/2012 12:32:47.2947868
Update--202 10/1/2012 12:32:55.1082337
Update--203 10/1/2012 12:33:01.7016109
Update--204 10/1/2012 12:33:08.9210238
Update--205 10/1/2012 12:33:16.2484429
Update--219 10/1/2012 12:33:23.6998691
Update--222 10/1/2012 12:33:29.8762224
Update--223 10/1/2012 16:42:28.9765716
