Update--941 10/2/2012 08:53:18.3973011
Update--950 10/2/2012 08:53:41.9826501
Update--952 10/2/2012 08:53:47.6989770
Update--871 10/2/2012 08:53:53.3723015
Update--804 10/2/2012 08:53:57.0885141
Update--681 10/2/2012 08:54:01.5747707
Update--708 10/2/2012 08:54:05.8010124
Update--717 10/2/2012 08:54:10.0282542
Update--769 10/2/2012 08:54:14.9575361
Update--021 10/2/2012 08:54:20.9508789
Update--133 10/2/2012 08:54:27.4052481
Update--137 10/2/2012 08:54:35.1696922
Update--138 10/2/2012 08:54:41.0910309
Update--140 10/2/2012 08:54:46.7933570
Update--613 10/2/2012 08:54:52.1836653
Update--638 10/2/2012 08:54:57.7359829
Update--518 10/2/2012 08:55:03.0742882
Update--139 10/2/2012 08:55:09.3876493
Update--134 10/2/2012 08:55:15.3299892
Update--142 10/2/2012 08:55:21.5733463
Update--131 10/2/2012 08:55:27.5006853
Update--132 10/2/2012 08:55:33.5750328
Update--768 10/2/2012 08:55:37.6832678
Update--761 10/2/2012 08:55:42.6325508
Update--741 10/2/2012 08:55:46.5677759
Update--714 10/2/2012 08:55:51.3060469
Update--715 10/2/2012 08:55:55.0862631
Update--682 10/2/2012 08:55:59.3945096
Update--642 10/2/2012 08:56:04.5128023
Update--659 10/2/2012 08:56:08.6660399
Update--951 10/2/2012 08:56:13.7903330
Update--680 10/2/2012 08:56:17.6525539
Update--690 10/2/2012 08:56:21.8727953
Update--752 10/2/2012 08:56:26.6630692
Update--734 10/2/2012 08:56:32.0793790
Update--143 10/2/2012 08:56:37.6546979
Update--135 10/2/2012 08:56:43.2010152
Update--141 10/2/2012 08:56:48.8923407
Update--637 10/2/2012 08:56:53.9796317
Update--345 10/2/2012 08:56:59.4039419
Update--628 10/2/2012 08:57:04.9462589
Update--593 10/2/2012 08:57:10.5655803
Update--036 10/2/2012 08:57:15.8728839
Update--057 10/2/2012 08:57:21.4742043
Update--066 10/2/2012 08:57:27.1875310
Update--079 10/2/2012 08:57:32.8578554
Update--264 10/2/2012 08:57:39.1852173
Update--726 10/2/2012 08:57:44.7465354
Update--711 10/2/2012 08:57:49.3207970
Update--712 10/2/2012 08:57:53.3270261
Update--677 10/2/2012 08:57:58.3053109
Update--673 10/2/2012 08:58:03.7486222
Update--696 10/2/2012 08:58:07.7248496
Update--697 10/2/2012 08:58:11.4580632
Update--720 10/2/2012 08:58:15.7303075
Update--810 10/2/2012 08:58:19.5595265
Update--280 10/2/2012 08:58:24.9548351
Update--284 10/2/2012 08:58:30.6611615
Update--285 10/2/2012 08:58:36.7525099
Update--290 10/2/2012 08:58:43.0168682
Update--582 10/2/2012 08:58:48.1341609
Update--537 10/2/2012 08:58:53.8214862
Update--396 10/2/2012 08:58:59.1457908
Update--583 10/2/2012 08:59:04.9211211
Update--639 10/2/2012 08:59:09.8104007
Update--291 10/2/2012 08:59:15.3777192
Update--287 10/2/2012 08:59:21.0350427
Update--289 10/2/2012 08:59:27.5654163
Update--281 10/2/2012 08:59:33.0987327
Update--821 10/2/2012 08:59:37.1849665
Update--875 10/2/2012 08:59:43.4333239
Update--727 10/2/2012 08:59:48.7216263
Update--724 10/2/2012 08:59:53.9689265
Update--725 10/2/2012 08:59:59.1102205
Update--730 10/2/2012 09:00:04.2615152
Update--731 10/2/2012 09:00:09.4288107
Update--747 10/2/2012 09:00:15.1551382
Update--668 10/2/2012 09:00:19.7824029
Update--843 10/2/2012 09:00:27.4098392
Update--250 10/2/2012 09:00:35.8423215
Update--251 10/2/2012 09:00:42.1876844
Update--252 10/2/2012 09:00:48.6880562
Update--254 10/2/2012 09:00:53.8433511
Update--248 10/2/2012 09:00:59.3336651
Update--246 10/2/2012 09:01:04.8599812
Update--247 10/2/2012 09:01:11.3593529
Update--282 10/2/2012 09:01:16.6876577
Update--283 10/2/2012 09:01:21.9999615
Update--288 10/2/2012 09:01:27.1262548
Update--297 10/2/2012 09:01:33.1736006
Update--292 10/2/2012 09:01:38.5789098
Update--535 10/2/2012 09:01:44.1882306
Update--513 10/2/2012 09:01:50.9096151
Update--679 10/2/2012 09:01:54.6348282
Update--660 10/2/2012 09:01:59.3480977
934 10/2/2012 09:02:01.7132330
Update--845 10/2/2012 09:02:07.4365604
Update--748 10/2/2012 09:02:12.6198568
Update--620 10/2/2012 09:02:18.2521790
Update--618 10/2/2012 09:02:24.3845297
Update--410 10/2/2012 09:02:30.6908904
Update--412 10/2/2012 09:02:34.5961138
Update--413 10/2/2012 09:02:40.2274359
Update--414 10/2/2012 09:02:45.9847652
Update--415 10/2/2012 09:02:51.5170816
Update--416 10/2/2012 09:02:58.8465008
Update--405 10/2/2012 09:03:05.2468669
Update--407 10/2/2012 09:03:16.9725376
Update--408 10/2/2012 09:03:24.0649433
Update--108 10/2/2012 09:03:30.4403079
Update--430 10/2/2012 09:03:37.2987002
Update--406 10/2/2012 09:03:43.0780307
Update--417 10/2/2012 09:03:48.6453492
Update--418 10/2/2012 09:03:54.8767056
Update--619 10/2/2012 09:04:00.2390123
Update--855 10/2/2012 09:04:03.8572192
Update--857 10/2/2012 09:04:08.0924615
Update--878 10/2/2012 09:04:13.8277895
Update--954 10/2/2012 09:04:19.5461166
Update--807 10/2/2012 09:04:21.9022514
Update--419 10/2/2012 09:04:27.5825763
Update--420 10/2/2012 09:04:33.7899313
Update--421 10/2/2012 09:04:39.2972463
Update--423 10/2/2012 09:04:46.5936636
Update--424 10/2/2012 09:04:52.7360150
Update--425 10/2/2012 09:04:58.5733488
Update--431 10/2/2012 09:05:04.2406730
Update--409 10/2/2012 09:05:10.0830071
Update--427 10/2/2012 09:05:16.6743842
Update--428 10/2/2012 09:05:23.9227987
Update--429 10/2/2012 09:05:29.5981233
Update--434 10/2/2012 09:05:35.2544469
Update--435 10/2/2012 09:05:40.7367604
Update--436 10/2/2012 09:05:45.8470527
Update--437 10/2/2012 09:05:51.4863753
Update--439 10/2/2012 09:05:58.6767866
Update--440 10/2/2012 09:06:05.1431564
Update--441 10/2/2012 09:06:11.0824961
Update--432 10/2/2012 09:06:16.2837936
Update--433 10/2/2012 09:06:22.3161386
Update--800 10/2/2012 09:06:25.8563411
Update--777 10/2/2012 09:06:29.5655533
Update--718 10/2/2012 09:06:33.3717710
Update--719 10/2/2012 09:06:37.1119849
Update--749 10/2/2012 09:06:42.4942928
Update--750 10/2/2012 09:06:47.3835724
Update--868 10/2/2012 09:06:52.8908874
Update--846 10/2/2012 09:06:58.7132204
Update--105 10/2/2012 09:07:04.7845677
Update--029 10/2/2012 09:07:11.6429600
Update--030 10/2/2012 09:07:18.5723563
Update--032 10/2/2012 09:07:22.9886089
Update--033 10/2/2012 09:07:28.4729226
Update--034 10/2/2012 09:07:35.2523104
Update--035 10/2/2012 09:07:39.4255491
Update--037 10/2/2012 09:07:44.4888387
Update--038 10/2/2012 09:07:50.0341558
Update--040 10/2/2012 09:07:56.1155037
Update--025 10/2/2012 09:08:01.5668155
Update--018 10/2/2012 09:08:07.5821595
Update--020 10/2/2012 09:08:14.6605644
Update--019 10/2/2012 09:08:22.1459925
Update--026 10/2/2012 09:08:27.8953214
Update--027 10/2/2012 09:08:33.4266377
Update--028 10/2/2012 09:08:39.1299639
Update--022 10/2/2012 09:08:43.6792242
Update--023 10/2/2012 09:08:49.4105520
Update--024 10/2/2012 09:08:55.1768818
Update--125 10/2/2012 09:09:01.5652472
Update--120 10/2/2012 09:09:08.2526297
Update--121 10/2/2012 09:09:13.7859462
Update--122 10/2/2012 09:09:19.8012902
Update--078 10/2/2012 09:09:26.3316637
Update--512 10/2/2012 09:09:31.6439676
Update--526 10/2/2012 09:09:38.5693637
Update--835 10/2/2012 09:09:45.8237786
Update--867 10/2/2012 09:09:52.2411457
Update--532 10/2/2012 09:09:58.0054754
Update--508 10/2/2012 09:10:03.5667935
Update--616 10/2/2012 09:10:09.6931439
Update--633 10/2/2012 09:10:15.4294720
Update--325 10/2/2012 09:10:20.9267864
Update--106 10/2/2012 09:10:27.2391474
Update--041 10/2/2012 09:10:33.0394792
Update--042 10/2/2012 09:10:38.8488115
Update--045 10/2/2012 09:10:46.4912486
Update--046 10/2/2012 09:10:51.6185419
Update--047 10/2/2012 09:10:57.0208509
Update--048 10/2/2012 09:11:02.5711683
Update--049 10/2/2012 09:11:08.6775176
Update--052 10/2/2012 09:11:14.4128456
Update--054 10/2/2012 09:11:20.4751924
Update--055 10/2/2012 09:11:25.8805015
Update--053 10/2/2012 09:11:31.5528260
Update--050 10/2/2012 09:11:37.2561522
Update--051 10/2/2012 09:11:43.2564954
Update--064 10/2/2012 09:11:49.0058242
Update--070 10/2/2012 09:11:54.7371520
Update--071 10/2/2012 09:12:01.8845608
Update--072 10/2/2012 09:12:07.2778693
Update--073 10/2/2012 09:12:14.6962936
Update--043 10/2/2012 09:12:21.0856591
Update--240 10/2/2012 09:12:26.3669612
Update--511 10/2/2012 09:12:31.9442802
Update--866 10/2/2012 09:12:37.2555840
Update--912 10/2/2012 09:12:39.2026953
Update--722 10/2/2012 09:12:44.8820202
Update--721 10/2/2012 09:12:51.9994273
Update--793 10/2/2012 09:12:54.4435671
Update--794 10/2/2012 09:12:58.9128227
Update--710 10/2/2012 09:13:03.3710777
Update--864 10/2/2012 09:13:09.2124118
Update--865 10/2/2012 09:13:14.5397165
Update--591 10/2/2012 09:13:20.4440542
Update--571 10/2/2012 09:13:24.6432944
Update--578 10/2/2012 09:13:30.3096185
Update--260 10/2/2012 09:13:35.6669249
Update--067 10/2/2012 09:13:43.5723771
Update--068 10/2/2012 09:13:50.2407585
Update--069 10/2/2012 09:13:58.0072027
Update--065 10/2/2012 09:14:03.8525370
Update--056 10/2/2012 09:14:09.5718641
Update--058 10/2/2012 09:14:16.7122726
Update--059 10/2/2012 09:14:23.5706648
Update--060 10/2/2012 09:14:29.4470009
Update--061 10/2/2012 09:14:35.0403209
Update--062 10/2/2012 09:14:40.6966444
Update--063 10/2/2012 09:14:46.4169716
Update--585 10/2/2012 09:14:52.5013196
Update--944 10/2/2012 09:14:58.3846561
Update--945 10/2/2012 09:15:03.7589635
961 10/2/2012 09:15:06.4961200
Update--699 10/2/2012 09:15:11.0423801
Update--644 10/2/2012 09:15:17.9927776
Update--997 10/2/2012 09:15:24.1971325
Update--770 10/2/2012 09:15:26.6732741
Update--943 10/2/2012 09:15:32.4496045
Update--936 10/2/2012 09:15:38.1479304
Update--856 10/2/2012 09:15:42.7481935
Update--829 10/2/2012 09:15:46.8984309
Update--084 10/2/2012 09:15:53.4018029
Update--080 10/2/2012 09:16:00.2131925
Update--081 10/2/2012 09:16:06.5725562
Update--082 10/2/2012 09:16:12.2748824
Update--087 10/2/2012 09:16:17.9022042
Update--088 10/2/2012 09:16:23.3855178
Update--089 10/2/2012 09:16:29.8068851
Update--090 10/2/2012 09:16:35.6342184
Update--092 10/2/2012 09:16:42.3856046
Update--093 10/2/2012 09:16:48.3359449
Update--094 10/2/2012 09:16:53.6822507
Update--095 10/2/2012 09:16:59.5735877
Update--083 10/2/2012 09:17:05.1349058
Update--085 10/2/2012 09:17:11.1192481
Update--086 10/2/2012 09:17:16.7135680
Update--074 10/2/2012 09:17:22.9009219
Update--075 10/2/2012 09:17:28.2592284
Update--076 10/2/2012 09:17:34.3535770
Update--573 10/2/2012 09:17:40.3239185
Update--869 10/2/2012 09:17:45.7962315
Update--937 10/2/2012 09:17:51.6695674
Update--938 10/2/2012 09:17:57.4808998
Update--728 10/2/2012 09:18:02.2481725
Update--656 10/2/2012 09:18:06.3994099
Update--702 10/2/2012 09:18:11.6847122
Update--900 10/2/2012 09:18:14.5398755
Update--839 10/2/2012 09:18:28.8836959
Update--817 10/2/2012 09:18:32.9309274
Update--575 10/2/2012 09:18:39.4953029
Update--017 10/2/2012 09:18:46.0316767
Update--126 10/2/2012 09:18:52.6990581
Update--128 10/2/2012 09:18:59.7204597
Update--129 10/2/2012 09:19:05.8088079
Update--130 10/2/2012 09:19:11.1841154
Update--123 10/2/2012 09:19:18.4045284
Update--124 10/2/2012 09:19:23.9968482
Update--103 10/2/2012 09:19:30.3102093
Update--567 10/2/2012 09:19:36.0125355
Update--555 10/2/2012 09:19:42.5759109
Update--816 10/2/2012 09:19:45.8770997
Update--858 10/2/2012 09:19:50.5153650
Update--666 10/2/2012 09:19:55.6316576
Update--778 10/2/2012 09:19:58.6408297
Update--784 10/2/2012 09:20:02.4670486
Update--670 10/2/2012 09:20:06.9103027
Update--834 10/2/2012 09:20:19.1600034
Update--876 10/2/2012 09:20:24.8023261
Update--953 10/2/2012 09:20:30.0826281
Update--109 10/2/2012 09:20:36.4819941
Update--112 10/2/2012 09:20:42.6523471
Update--115 10/2/2012 09:20:48.2176654
Update--117 10/2/2012 09:20:53.9199915
Update--118 10/2/2012 09:21:00.4673660
Update--119 10/2/2012 09:21:06.0286841
Update--104 10/2/2012 09:21:12.6710640
Update--096 10/2/2012 09:21:18.5604009
Update--097 10/2/2012 09:21:24.6857512
Update--098 10/2/2012 09:21:30.3090729
Update--099 10/2/2012 09:21:37.9065074
Update--100 10/2/2012 09:21:44.2468701
Update--101 10/2/2012 09:21:50.2172116
Update--549 10/2/2012 09:21:55.9905418
Update--566 10/2/2012 09:22:02.3159036
Update--947 10/2/2012 09:22:07.7002115
Update--812 10/2/2012 09:22:11.4354252
Update--836 10/2/2012 09:22:23.0710907
Update--837 10/2/2012 09:22:34.2947326
Update--838 10/2/2012 09:22:41.1851267
Update--559 10/2/2012 09:22:46.9644573
Update--107 10/2/2012 09:22:52.4677721
Update--110 10/2/2012 09:22:58.2651037
Update--111 10/2/2012 09:23:03.8574235
Update--116 10/2/2012 09:23:09.5007463
Update--113 10/2/2012 09:23:14.8810540
Update--114 10/2/2012 09:23:20.5933808
Update--507 10/2/2012 09:23:27.2957641
Update--569 10/2/2012 09:23:33.7191315
Update--621 10/2/2012 09:23:39.5784667
Update--384 10/2/2012 09:23:46.1878447
Update--861 10/2/2012 09:23:51.2911366
Update--933 10/2/2012 09:23:53.8512830
Update--889 10/2/2012 09:23:59.9536321
Update--772 10/2/2012 09:24:04.7879086
Update--773 10/2/2012 09:24:10.9662619
Update--883 10/2/2012 09:24:17.0336090
Update--956 10/2/2012 09:24:24.1240145
Update--841 10/2/2012 09:24:31.1124142
Update--820 10/2/2012 09:24:35.0716407
Update--385 10/2/2012 09:24:41.2989969
Update--386 10/2/2012 09:24:48.2893967
Update--388 10/2/2012 09:24:54.9367769
Update--389 10/2/2012 09:25:00.3790882
Update--390 10/2/2012 09:25:06.2394234
Update--331 10/2/2012 09:25:12.1557618
Update--383 10/2/2012 09:25:17.6590765
Update--629 10/2/2012 09:25:23.2633971
Update--626 10/2/2012 09:25:28.7847129
Update--538 10/2/2012 09:25:34.5180408
Update--220 10/2/2012 09:25:40.3303733
Update--271 10/2/2012 09:25:46.4397227
Update--332 10/2/2012 09:25:51.9810397
Update--324 10/2/2012 09:25:58.6264197
Update--330 10/2/2012 09:26:04.7207683
Update--860 10/2/2012 09:26:11.6071622
Update--911 10/2/2012 09:26:14.6533364
Update--771 10/2/2012 09:26:18.6045624
Update--760 10/2/2012 09:26:23.4178377
Update--791 10/2/2012 09:26:27.9550973
Update--723 10/2/2012 09:26:32.2173410
Update--739 10/2/2012 09:26:36.5745903
Update--661 10/2/2012 09:26:40.7188273
Update--602 10/2/2012 09:26:47.3642074
Update--286 10/2/2012 09:26:52.7705166
Update--301 10/2/2012 09:26:59.5509044
Update--303 10/2/2012 09:27:05.4702430
Update--306 10/2/2012 09:27:13.0026738
Update--308 10/2/2012 09:27:19.0180179
Update--316 10/2/2012 09:27:25.5343906
Update--136 10/2/2012 09:27:29.6746274
Update--302 10/2/2012 09:27:35.2529465
Update--540 10/2/2012 09:27:41.0592786
Update--515 10/2/2012 09:27:47.2206310
Update--329 10/2/2012 09:27:53.2839778
Update--333 10/2/2012 09:27:59.3473246
Update--334 10/2/2012 09:28:05.4076712
Update--326 10/2/2012 09:28:12.0860532
Update--327 10/2/2012 09:28:17.9103863
Update--792 10/2/2012 09:28:21.4625895
Update--893 10/2/2012 09:28:27.0679101
Update--805 10/2/2012 09:28:31.4801625
Update--802 10/2/2012 09:28:35.3133817
Update--701 10/2/2012 09:28:39.2506069
Update--319 10/2/2012 09:28:58.8167260
Update--320 10/2/2012 09:29:04.8630719
Update--321 10/2/2012 09:29:11.4884508
Update--322 10/2/2012 09:29:17.9728217
Update--426 10/2/2012 09:29:24.0821711
Update--307 10/2/2012 09:29:30.3345288
Update--315 10/2/2012 09:29:37.3009272
Update--311 10/2/2012 09:29:44.0523134
Update--312 10/2/2012 09:29:50.3176717
Update--313 10/2/2012 09:29:56.3780184
Update--314 10/2/2012 09:30:02.1763500
Update--310 10/2/2012 09:30:07.7236673
Update--317 10/2/2012 09:30:14.2400400
Update--148 10/2/2012 09:30:20.3493894
Update--323 10/2/2012 09:30:26.8797630
Update--517 10/2/2012 09:30:32.1790661
Update--590 10/2/2012 09:30:37.6143769
Update--709 10/2/2012 09:30:41.4945989
Update--671 10/2/2012 09:30:45.4058226
Update--890 10/2/2012 09:30:50.7091259
Update--891 10/2/2012 09:30:56.0834333
Update--959 10/2/2012 09:30:58.0185440
Update--894 10/2/2012 09:31:03.4558550
Update--624 10/2/2012 09:31:09.1931831
Update--541 10/2/2012 09:31:15.1605245
Update--527 10/2/2012 09:31:21.0698625
Update--328 10/2/2012 09:31:26.6321806
Update--127 10/2/2012 09:31:31.9464846
Update--309 10/2/2012 09:31:37.7398159
Update--298 10/2/2012 09:31:44.5882076
Update--299 10/2/2012 09:31:50.3965398
Update--300 10/2/2012 09:31:55.9438571
Update--293 10/2/2012 09:32:01.8991978
Update--267 10/2/2012 09:32:07.4595158
Update--273 10/2/2012 09:32:13.6758713
Update--274 10/2/2012 09:32:19.7412183
Update--275 10/2/2012 09:32:25.8805694
Update--262 10/2/2012 09:32:39.8193667
Update--259 10/2/2012 09:32:46.0067206
Update--102 10/2/2012 09:32:50.1949601
Update--543 10/2/2012 09:32:56.5653245
Update--522 10/2/2012 09:33:05.2248198
Update--897 10/2/2012 09:33:09.6830748
Update--745 10/2/2012 09:33:16.2684514
Update--766 10/2/2012 09:33:20.9917216
Update--676 10/2/2012 09:33:26.1000138
Update--828 10/2/2012 09:33:30.3292557
Update--563 10/2/2012 09:33:36.2405938
Update--263 10/2/2012 09:33:42.1979345
Update--261 10/2/2012 09:33:48.1172731
Update--255 10/2/2012 09:33:53.9466065
Update--256 10/2/2012 09:34:00.0239541
Update--257 10/2/2012 09:34:07.7293948
Update--258 10/2/2012 09:34:16.3988907
Update--266 10/2/2012 09:34:23.1332759
Update--269 10/2/2012 09:34:29.3416310
Update--272 10/2/2012 09:34:34.9619524
Update--265 10/2/2012 09:34:41.0443003
Update--294 10/2/2012 09:34:47.5096701
Update--277 10/2/2012 09:34:53.6180195
Update--278 10/2/2012 09:35:00.1343922
Update--279 10/2/2012 09:35:06.0197289
Update--296 10/2/2012 09:35:11.8840643
Update--514 10/2/2012 09:35:17.8704067
Update--775 10/2/2012 09:35:22.0216441
Update--783 10/2/2012 09:35:26.0308734
Update--779 10/2/2012 09:35:30.4691273
Update--786 10/2/2012 09:35:35.2484006
Update--787 10/2/2012 09:35:39.3616359
Update--693 10/2/2012 09:35:45.3399778
Update--827 10/2/2012 09:35:49.4132108
Update--557 10/2/2012 09:35:55.3385497
Update--253 10/2/2012 09:36:01.5419045
Update--249 10/2/2012 09:36:07.7002568
Update--241 10/2/2012 09:36:13.7766043
Update--242 10/2/2012 09:36:19.6679413
Update--243 10/2/2012 09:36:25.1982576
Update--244 10/2/2012 09:36:30.9785882
Update--245 10/2/2012 09:36:36.7489183
Update--268 10/2/2012 09:36:42.5552504
Update--276 10/2/2012 09:36:48.0575651
Update--295 10/2/2012 09:36:53.9329011
Update--044 10/2/2012 09:36:59.5732237
Update--523 10/2/2012 09:37:04.9955339
Update--509 10/2/2012 09:37:10.5438512
Update--510 10/2/2012 09:37:16.0931686
Update--842 10/2/2012 09:37:22.5405374
Update--662 10/2/2012 09:37:27.1338001
Update--788 10/2/2012 09:37:31.3670422
Update--729 10/2/2012 09:37:36.1523159
Update--001 10/2/2012 09:37:38.4144453
Update--207 10/2/2012 09:37:44.5267949
Update--208 10/2/2012 09:37:50.3081256
Update--209 10/2/2012 09:37:55.5294243
Update--210 10/2/2012 09:38:02.3868165
Update--215 10/2/2012 09:38:08.0581409
Update--216 10/2/2012 09:38:13.5054524
Update--217 10/2/2012 09:38:18.9627646
Update--218 10/2/2012 09:38:24.8701024
Update--650 10/2/2012 09:38:29.1233457
Update--651 10/2/2012 09:38:33.2575822
Update--674 10/2/2012 09:38:37.8318438
Update--675 10/2/2012 09:38:42.1970935
Update--796 10/2/2012 09:38:45.0932591
Update--797 10/2/2012 09:38:48.0084259
Update--874 10/2/2012 09:38:53.5277416
Update--996 10/2/2012 09:38:59.5130839
Update--193 10/2/2012 09:39:06.1704647
Update--194 10/2/2012 09:39:09.4806540
Update--195 10/2/2012 09:39:15.7350117
Update--196 10/2/2012 09:39:21.8283603
Update--197 10/2/2012 09:39:27.9797121
Update--198 10/2/2012 09:39:34.6690947
Update--199 10/2/2012 09:39:40.8134462
Update--191 10/2/2012 09:39:46.6077776
Update--201 10/2/2012 09:39:52.3581065
Update--202 10/2/2012 09:39:58.8104755
Update--203 10/2/2012 09:40:03.9657704
Update--204 10/2/2012 09:40:09.7791029
Update--205 10/2/2012 09:40:15.7324434
Update--219 10/2/2012 09:40:21.7787892
Update--222 10/2/2012 09:40:26.1230377
Update--223 10/2/2012 09:40:31.5453479
Update--224 10/2/2012 09:40:37.8117063
Update--225 10/2/2012 09:40:43.4680298
Update--226 10/2/2012 09:40:49.3893685
Update--227 10/2/2012 09:40:55.8897403
Update--228 10/2/2012 09:41:02.9051415
Update--229 10/2/2012 09:41:09.9055419
Update--230 10/2/2012 09:41:16.7179316
Update--634 10/2/2012 09:41:22.0252351
Update--698 10/2/2012 09:41:26.8225095
Update--753 10/2/2012 09:41:31.9698039
Update--754 10/2/2012 09:41:37.0290933
Update--755 10/2/2012 09:41:42.0583810
Update--645 10/2/2012 09:41:47.4006865
Update--872 10/2/2012 09:41:53.6080416
Update--949 10/2/2012 09:42:00.1714170
Update--993 10/2/2012 09:42:05.4987217
Update--212 10/2/2012 09:42:12.3571140
Update--221 10/2/2012 09:42:18.2964537
Update--206 10/2/2012 09:42:24.2977969
Update--214 10/2/2012 09:42:30.6091579
Update--007 10/2/2012 09:42:35.8434573
Update--012 10/2/2012 09:42:41.1567612
Update--013 10/2/2012 09:42:46.0360403
Update--014 10/2/2012 09:42:50.9063188
Update--382 10/2/2012 09:42:55.5785861
Update--899 10/2/2012 09:42:57.4616938
Update--844 10/2/2012 09:43:02.1859640
Update--851 10/2/2012 09:43:08.1563055
Update--862 10/2/2012 09:43:14.1886505
Update--909 10/2/2012 09:43:17.7128521
Update--892 10/2/2012 09:43:23.4841822
Update--939 10/2/2012 09:43:30.2055666
Update--568 10/2/2012 09:43:37.0799598
Update--005 10/2/2012 09:43:43.1423066
Update--006 10/2/2012 09:44:00.1102771
Update--008 10/2/2012 09:44:05.1395647
Update--009 10/2/2012 09:44:10.2818589
Update--010 10/2/2012 09:44:15.0471314
Update--011 10/2/2012 09:44:20.0634183
Update--015 10/2/2012 09:44:25.5637329
Update--016 10/2/2012 09:44:30.8610359
Update--369 10/2/2012 09:44:36.4383549
Update--946 10/2/2012 09:44:41.3316348
Update--853 10/2/2012 09:44:47.9070109
Update--806 10/2/2012 09:44:51.8312354
Update--678 10/2/2012 09:44:56.3194921
Update--764 10/2/2012 09:45:01.5227897
Update--595 10/2/2012 09:45:07.2991201
Update--539 10/2/2012 09:45:13.0664499
Update--149 10/2/2012 09:45:19.1747993
Update--151 10/2/2012 09:45:27.2842632
Update--152 10/2/2012 09:45:33.6596278
Update--147 10/2/2012 09:45:40.1129969
Update--157 10/2/2012 09:45:46.3313526
Update--145 10/2/2012 09:45:52.6437136
Update--159 10/2/2012 09:45:58.5030488
Update--160 10/2/2012 09:46:05.7384626
Update--161 10/2/2012 09:46:11.3947861
Update--146 10/2/2012 09:46:16.2840658
Update--144 10/2/2012 09:46:22.4124163
Update--153 10/2/2012 09:46:28.0667397
Update--154 10/2/2012 09:46:33.1920329
Update--529 10/2/2012 09:46:38.8623572
Update--530 10/2/2012 09:46:44.4566772
Update--588 10/2/2012 09:46:49.8709868
Update--584 10/2/2012 09:46:55.3623009
Update--744 10/2/2012 09:47:00.4885941
Update--657 10/2/2012 09:47:04.7358371
Update--716 10/2/2012 09:47:11.2452094
Update--808 10/2/2012 09:47:15.2564388
Update--798 10/2/2012 09:47:19.0606564
Update--813 10/2/2012 09:47:22.4308492
Update--758 10/2/2012 09:47:27.5131398
Update--155 10/2/2012 09:47:33.2074655
Update--156 10/2/2012 09:47:38.6107746
Update--158 10/2/2012 09:47:44.2230956
Update--305 10/2/2012 09:47:49.8774190
Update--176 10/2/2012 09:47:55.9277651
Update--177 10/2/2012 09:48:03.0981752
Update--178 10/2/2012 09:48:09.0505157
Update--180 10/2/2012 09:48:16.0509161
Update--163 10/2/2012 09:48:24.3793924
Update--597 10/2/2012 09:48:30.6197493
Update--609 10/2/2012 09:48:36.1720669
Update--738 10/2/2012 09:48:40.5173154
Update--809 10/2/2012 09:48:44.0075151
Update--801 10/2/2012 09:48:47.9317395
Update--870 10/2/2012 09:48:53.5980636
Update--751 10/2/2012 09:48:58.6453523
Update--636 10/2/2012 09:49:03.8186482
Update--181 10/2/2012 09:49:09.8169913
Update--182 10/2/2012 09:49:15.4893157
Update--183 10/2/2012 09:49:21.2856473
Update--184 10/2/2012 09:49:26.4459424
Update--185 10/2/2012 09:49:31.9272559
Update--186 10/2/2012 09:49:37.4895741
Update--188 10/2/2012 09:49:43.7569325
Update--189 10/2/2012 09:49:49.4582586
Update--190 10/2/2012 09:49:54.9755742
Update--179 10/2/2012 09:50:00.6618995
Update--173 10/2/2012 09:50:06.9112569
Update--174 10/2/2012 09:50:13.1616144
Update--614 10/2/2012 09:50:18.3279099
Update--601 10/2/2012 09:50:23.6152123
Update--580 10/2/2012 09:50:28.8805135
Update--705 10/2/2012 09:50:32.9617469
Update--823 10/2/2012 09:50:37.1579869
Update--901 10/2/2012 09:50:40.4111730
Update--994 10/2/2012 09:50:46.1935037
Update--987 10/2/2012 09:50:52.7608793
Update--707 10/2/2012 09:50:56.6181000
Update--685 10/2/2012 09:51:01.1433588
Update--686 10/2/2012 09:51:05.0795839
Update--669 10/2/2012 09:51:10.1008711
Update--736 10/2/2012 09:51:15.2741670
Update--737 10/2/2012 09:51:20.4594636
Update--603 10/2/2012 09:51:25.7727675
Update--504 10/2/2012 09:51:31.6791053
Update--374 10/2/2012 09:51:36.8974038
Update--171 10/2/2012 09:51:43.5537845
Update--318 10/2/2012 09:51:48.6160741
Update--164 10/2/2012 09:51:55.2414530
Update--165 10/2/2012 09:52:01.3218008
Update--166 10/2/2012 09:52:06.6761071
Update--167 10/2/2012 09:52:12.3974343
Update--168 10/2/2012 09:52:17.9287507
Update--169 10/2/2012 09:52:23.3820626
Update--170 10/2/2012 09:52:29.3674049
Update--337 10/2/2012 09:52:34.4446953
Update--505 10/2/2012 09:52:40.0550162
Update--635 10/2/2012 09:52:44.9912986
Update--706 10/2/2012 09:52:48.6945104
Update--999 10/2/2012 09:52:54.3978366
Update--647 10/2/2012 09:52:59.7301416
Update--743 10/2/2012 09:53:04.9144381
Update--824 10/2/2012 09:53:08.5876482
Update--607 10/2/2012 09:53:15.4000378
Update--544 10/2/2012 09:53:20.9463551
Update--556 10/2/2012 09:53:25.0865919
Update--232 10/2/2012 09:53:33.2590593
Update--236 10/2/2012 09:53:39.7274293
Update--237 10/2/2012 09:53:46.9318414
Update--234 10/2/2012 09:53:53.2742041
Update--525 10/2/2012 09:53:59.1655411
Update--534 10/2/2012 09:54:05.2608897
Update--596 10/2/2012 09:54:10.8842114
Update--873 10/2/2012 09:54:17.2325745
Update--762 10/2/2012 09:54:22.3178653
Update--998 10/2/2012 09:54:28.0091908
Update--655 10/2/2012 09:54:32.4324438
Update--700 10/2/2012 09:54:36.1966591
Update--799 10/2/2012 09:54:40.1858873
Update--594 10/2/2012 09:54:45.5411936
Update--598 10/2/2012 09:54:51.2285189
Update--503 10/2/2012 09:54:57.0558522
Update--235 10/2/2012 09:55:04.0732536
Update--231 10/2/2012 09:55:11.0096503
Update--238 10/2/2012 09:55:17.7750373
Update--239 10/2/2012 09:55:23.1363439
Update--192 10/2/2012 09:55:29.3376986
Update--617 10/2/2012 09:55:34.8700151
Update--825 10/2/2012 09:55:38.3392135
Update--704 10/2/2012 09:55:42.6354592
Update--648 10/2/2012 09:55:47.9437628
Update--646 10/2/2012 09:55:53.2800681
Update--767 10/2/2012 09:55:59.5024240
Update--859 10/2/2012 09:56:04.5027100
Update--955 10/2/2012 09:56:10.9330778
Update--375 10/2/2012 09:56:17.7764692
Update--376 10/2/2012 09:56:25.2298955
Update--377 10/2/2012 09:56:31.6082603
Update--378 10/2/2012 09:56:38.2666411
Update--381 10/2/2012 09:56:44.3719904
Update--372 10/2/2012 09:56:49.7762995
Update--422 10/2/2012 09:56:56.9187080
Update--200 10/2/2012 09:57:02.7660424
Update--175 10/2/2012 09:57:09.2144113
Update--404 10/2/2012 09:57:15.1057482
Update--444 10/2/2012 09:57:21.8891362
Update--397 10/2/2012 09:57:28.4965141
Update--398 10/2/2012 09:57:34.3288477
Update--399 10/2/2012 09:57:40.4982006
Update--400 10/2/2012 09:57:46.5755482
Update--401 10/2/2012 09:57:52.5128878
Update--625 10/2/2012 09:57:57.9521989
Update--600 10/2/2012 09:58:03.6865269
Update--863 10/2/2012 09:58:10.3719093
Update--742 10/2/2012 09:58:14.6581544
Update--667 10/2/2012 09:58:19.5544345
Update--740 10/2/2012 09:58:24.8917398
Update--903 10/2/2012 09:58:28.3289364
958 10/2/2012 09:58:30.7160729
Update--572 10/2/2012 09:58:36.8724250
Update--560 10/2/2012 09:58:42.8557672
Update--561 10/2/2012 09:58:49.1711285
Update--402 10/2/2012 09:58:54.9974617
Update--403 10/2/2012 09:59:00.5137772
Update--391 10/2/2012 09:59:07.5131776
Update--392 10/2/2012 09:59:14.1695583
Update--393 10/2/2012 09:59:19.6858738
Update--394 10/2/2012 09:59:26.3712562
Update--187 10/2/2012 09:59:32.3866002
Update--213 10/2/2012 09:59:39.1389865
Update--379 10/2/2012 09:59:45.2323350
Update--380 10/2/2012 09:59:51.0756692
Update--605 10/2/2012 09:59:56.6689891
914 10/2/2012 09:59:58.5920991
Update--849 10/2/2012 10:00:03.2493655
Update--803 10/2/2012 10:00:07.7266216
Update--641 10/2/2012 10:00:13.4489489
Update--703 10/2/2012 10:00:17.4931802
Update--652 10/2/2012 10:00:21.9464349
Update--653 10/2/2012 10:00:26.4676935
Update--781 10/2/2012 10:00:30.5829289
Update--833 10/2/2012 10:00:37.0342979
Update--623 10/2/2012 10:00:41.3585452
Update--632 10/2/2012 10:00:46.6698490
Update--579 10/2/2012 10:00:52.4981824
Update--562 10/2/2012 10:00:58.0915023
Update--547 10/2/2012 10:01:03.9838393
Update--003 10/2/2012 10:01:09.2471403
Update--004 10/2/2012 10:01:14.8744622
Update--533 10/2/2012 10:01:20.6707937
Update--519 10/2/2012 10:01:26.8891494
Update--574 10/2/2012 10:01:34.8466046
Update--373 10/2/2012 10:01:38.1387929
Update--346 10/2/2012 10:01:45.7972309
Update--347 10/2/2012 10:01:52.7336276
Update--349 10/2/2012 10:01:58.9069807
Update--350 10/2/2012 10:02:05.8163759
Update--351 10/2/2012 10:02:11.7187135
Update--352 10/2/2012 10:02:18.3100905
Update--353 10/2/2012 10:02:25.0344751
Update--896 10/2/2012 10:02:28.9937016
Update--880 10/2/2012 10:02:34.1089942
Update--881 10/2/2012 10:02:39.5473052
Update--790 10/2/2012 10:02:43.5625349
Update--342 10/2/2012 10:02:50.1729130
Update--338 10/2/2012 10:02:55.8932402
Update--339 10/2/2012 10:03:01.7185733
Update--627 10/2/2012 10:03:07.4208995
Update--604 10/2/2012 10:03:13.0012187
Update--528 10/2/2012 10:03:18.3295234
Update--550 10/2/2012 10:03:23.7908358
Update--355 10/2/2012 10:03:31.2972651
Update--356 10/2/2012 10:03:37.6106263
Update--359 10/2/2012 10:03:43.9069864
Update--360 10/2/2012 10:03:49.3582982
Update--361 10/2/2012 10:03:55.1576299
Update--362 10/2/2012 10:04:02.8450696
Update--365 10/2/2012 10:04:08.8764146
Update--785 10/2/2012 10:04:13.7526935
Update--795 10/2/2012 10:04:18.4849641
Update--687 10/2/2012 10:04:23.1372302
Update--688 10/2/2012 10:04:28.0295100
Update--689 10/2/2012 10:04:32.0027373
Update--811 10/2/2012 10:04:36.4829936
Update--344 10/2/2012 10:04:42.2983262
Update--340 10/2/2012 10:04:50.0467694
Update--341 10/2/2012 10:04:56.6111448
Update--335 10/2/2012 10:05:02.7354951
Update--336 10/2/2012 10:05:08.4098197
Update--558 10/2/2012 10:05:14.3731608
Update--640 10/2/2012 10:05:20.3845046
Update--172 10/2/2012 10:05:26.3778474
Update--354 10/2/2012 10:05:32.2691843
Update--343 10/2/2012 10:05:38.2215248
Update--348 10/2/2012 10:05:44.6408920
Update--364 10/2/2012 10:05:50.5512300
Update--879 10/2/2012 10:05:56.7835865
Update--654 10/2/2012 10:06:01.1158343
Update--765 10/2/2012 10:06:06.6281496
Update--658 10/2/2012 10:06:11.5274298
902 10/2/2012 10:06:13.7425565
Update--957 10/2/2012 10:06:19.5038860
Update--814 10/2/2012 10:06:23.7421284
Update--815 10/2/2012 10:06:27.2083267
Update--586 10/2/2012 10:06:33.7236993
Update--589 10/2/2012 10:06:38.5949780
Update--521 10/2/2012 10:06:44.8943383
Update--489 10/2/2012 10:06:52.0687486
Update--490 10/2/2012 10:06:58.3651088
Update--491 10/2/2012 10:07:18.0672356
Update--487 10/2/2012 10:07:23.6925574
Update--501 10/2/2012 10:07:29.4458865
Update--502 10/2/2012 10:07:35.0982098
Update--500 10/2/2012 10:07:40.6925297
Update--488 10/2/2012 10:07:48.4849754
Update--494 10/2/2012 10:07:54.5053198
Update--495 10/2/2012 10:08:00.7716782
Update--496 10/2/2012 10:08:05.8799704
Update--506 10/2/2012 10:08:11.6142984
Update--554 10/2/2012 10:08:17.6766451
Update--587 10/2/2012 10:08:23.2899662
Update--615 10/2/2012 10:08:29.4893208
Update--463 10/2/2012 10:08:35.4576621
Update--822 10/2/2012 10:08:40.1089282
Update--942 10/2/2012 10:08:45.4422332
Update--776 10/2/2012 10:08:51.4475767
Update--735 10/2/2012 10:08:56.7558803
Update--940 10/2/2012 10:09:02.2701957
910 10/2/2012 10:09:04.5203244
Update--830 10/2/2012 10:09:08.4315481
Update--831 10/2/2012 10:09:12.5167818
Update--992 10/2/2012 10:09:21.0062674
Update--599 10/2/2012 10:09:26.0015531
Update--531 10/2/2012 10:09:32.6169315
Update--542 10/2/2012 10:09:38.3512594
Update--493 10/2/2012 10:09:45.3816616
Update--498 10/2/2012 10:09:51.2709984
Update--499 10/2/2012 10:09:56.6463059
Update--497 10/2/2012 10:10:01.7725991
Update--546 10/2/2012 10:10:07.4749252
Update--469 10/2/2012 10:10:14.5743313
Update--470 10/2/2012 10:10:20.4056648
Update--472 10/2/2012 10:10:29.0421588
Update--473 10/2/2012 10:10:35.0395018
Update--474 10/2/2012 10:10:40.6958253
Update--465 10/2/2012 10:10:46.6941684
Update--826 10/2/2012 10:10:50.5083866
Update--819 10/2/2012 10:10:54.5066153
Update--882 10/2/2012 10:11:00.1159361
Update--913 10/2/2012 10:11:03.0371032
Update--665 10/2/2012 10:11:08.6984270
Update--684 10/2/2012 10:11:12.9466700
Update--692 10/2/2012 10:11:17.9649570
Update--759 10/2/2012 10:11:23.7072855
Update--906 10/2/2012 10:11:26.8564656
Update--840 10/2/2012 10:11:33.2258299
Update--480 10/2/2012 10:11:39.6321963
Update--481 10/2/2012 10:11:45.4755305
Update--483 10/2/2012 10:11:52.1949149
Update--484 10/2/2012 10:11:57.8672393
Update--485 10/2/2012 10:12:04.1025959
Update--486 10/2/2012 10:12:09.9279291
Update--476 10/2/2012 10:12:15.4282437
Update--368 10/2/2012 10:12:20.9765611
Update--370 10/2/2012 10:12:27.2889221
Update--371 10/2/2012 10:12:34.2406990
Update--366 10/2/2012 10:12:40.0595092
Update--363 10/2/2012 10:12:45.7067191
Update--552 10/2/2012 10:12:51.4163291
Update--905 10/2/2012 10:12:54.7703350
Update--948 10/2/2012 10:13:01.1039462
Update--985 10/2/2012 10:13:13.1315673
Update--782 10/2/2012 10:13:16.6883735
Update--694 10/2/2012 10:13:20.4947802
Update--649 10/2/2012 10:13:25.9859899
Update--995 10/2/2012 10:13:30.3539975
Update--695 10/2/2012 10:13:37.9980110
Update--746 10/2/2012 10:13:43.5048206
Update--733 10/2/2012 10:13:49.4484311
Update--986 10/2/2012 10:13:55.8444423
Update--904 10/2/2012 10:13:58.7772475
Update--877 10/2/2012 10:14:05.1732587
Update--818 10/2/2012 10:14:09.3696661
Update--551 10/2/2012 10:14:14.7672755
Update--581 10/2/2012 10:14:21.6468876
Update--367 10/2/2012 10:14:27.7464983
Update--477 10/2/2012 10:14:35.1409113
Update--478 10/2/2012 10:14:40.7725212
Update--475 10/2/2012 10:14:46.3573310
Update--482 10/2/2012 10:14:52.0825411
Update--850 10/2/2012 10:14:56.8405494
Update--907 10/2/2012 10:14:59.4769541
Update--983 10/2/2012 10:15:10.7245738
Update--984 10/2/2012 10:15:22.2061940
Update--732 10/2/2012 10:15:27.6194035
Update--763 10/2/2012 10:15:32.7362125
Update--789 10/2/2012 10:15:36.4646190
Update--691 10/2/2012 10:15:41.3942277
960 10/2/2012 10:15:43.6562317
Update--895 10/2/2012 10:15:47.0726377
Update--991 10/2/2012 10:15:53.0786482
Update--445 10/2/2012 10:16:00.9098620
Update--447 10/2/2012 10:16:07.4462735
Update--448 10/2/2012 10:16:13.6706844
Update--449 10/2/2012 10:16:19.7546951
Update--438 10/2/2012 10:16:25.6515054
Update--570 10/2/2012 10:16:30.6279142
Update--565 10/2/2012 10:16:37.0239254
Update--622 10/2/2012 10:16:42.6087352
Update--553 10/2/2012 10:16:48.5679457
Update--545 10/2/2012 10:16:53.9655552
Update--443 10/2/2012 10:16:59.5971651
Update--630 10/2/2012 10:17:05.4159753
Update--612 10/2/2012 10:17:10.8759849
Update--606 10/2/2012 10:17:16.7259951
Update--564 10/2/2012 10:17:22.8568059
Update--451 10/2/2012 10:17:28.2388154
Update--452 10/2/2012 10:17:34.8532270
Update--464 10/2/2012 10:17:42.0136396
Update--455 10/2/2012 10:17:47.3020488
Update--457 10/2/2012 10:17:53.1832592
Update--459 10/2/2012 10:17:59.8132708
Update--460 10/2/2012 10:18:05.4136807
Update--461 10/2/2012 10:18:10.8892903
Update--462 10/2/2012 10:18:18.1589030
Update--884 10/2/2012 10:18:23.4785124
Update--885 10/2/2012 10:18:28.5797213
Update--886 10/2/2012 10:18:34.4453316
Update--887 10/2/2012 10:18:40.0457415
Update--888 10/2/2012 10:18:45.1313504
Update--683 10/2/2012 10:18:49.2029576
Update--663 10/2/2012 10:18:52.6193636
Update--458 10/2/2012 10:18:57.9545729
Update--453 10/2/2012 10:19:04.7405849
Update--454 10/2/2012 10:19:10.0601942
Update--479 10/2/2012 10:19:15.6450040
Update--610 10/2/2012 10:19:20.8554132
Update--611 10/2/2012 10:19:26.0814223
Update--524 10/2/2012 10:19:31.5882320
Update--548 10/2/2012 10:19:37.6098426
Update--233 10/2/2012 10:19:42.8514518
Update--536 10/2/2012 10:19:48.6858620
Update--608 10/2/2012 10:19:54.4266721
Update--466 10/2/2012 10:20:01.2594841
Update--467 10/2/2012 10:20:06.9534941
Update--450 10/2/2012 10:20:12.4135037
Update--442 10/2/2012 10:20:18.1855139
Update--664 10/2/2012 10:20:22.1791209
Update--982 10/2/2012 10:20:33.2707404
Update--854 10/2/2012 10:20:39.2455508
Update Area--<none> 10/2/2012 10:20:42.2407561
Update Area--BOHOL-REGION-AREA1 10/2/2012 10:20:43.9567591
Update Area--BOHOL-REGION-AREA2 10/2/2012 10:20:45.6883622
Update Area--BOHOL-REGION-AREA3 10/2/2012 10:20:47.4199652
Update Area--CAAR-REGION-AREA1 10/2/2012 10:20:49.1515682
Update Area--CAAR-REGION-AREA2 10/2/2012 10:20:50.9455714
Update Area--CAAR-REGION-AREA3 10/2/2012 10:20:52.7083745
Update Area--CAAR-REGION-AREA4 10/2/2012 10:20:54.5023776
Update Area--CAAR-REGION-AREA5 10/2/2012 10:20:56.2651807
Update Area--CAGAYAN-REGION-AREA4 10/2/2012 10:20:58.0123838
Update Area--CARAGA-REGION-AREA1 10/2/2012 10:20:59.7283868
Update Area--CARAGA-REGION-AREA2 10/2/2012 10:21:01.4755899
Update Area--CARAGA-REGION-AREA3 10/2/2012 10:21:03.2227930
Update Area--CARAGA-REGION-AREA4 10/2/2012 10:21:04.9699960
Update Area--Cebu Central A 10/2/2012 10:21:06.7171991
Update Area--Cebu Central B 10/2/2012 10:21:08.4644022
Update Area--Cebu Central C 10/2/2012 10:21:10.2116052
Update Area--Cebu Central D 10/2/2012 10:21:11.9588083
Update Area--Cebu North A 10/2/2012 10:21:13.7060114
Update Area--Cebu North B 10/2/2012 10:21:15.4376144
Update Area--Cebu North C 10/2/2012 10:21:17.1848175
Update Area--Cebu North D 10/2/2012 10:21:18.9164205
Update Area--Cebu South A 10/2/2012 10:21:20.6636236
Update Area--Cebu South B 10/2/2012 10:21:22.4108267
Update Area--Cebu South C 10/2/2012 10:21:24.1580297
Update Area--CEBU SOUTH D 10/2/2012 10:21:25.8896328
Update Area--CEBU SOUTH E 10/2/2012 10:21:27.6368358
Update Area--COMADAVSUR-REGION-AREA1 10/2/2012 10:21:29.3840389
Update Area--COMADAVSUR-REGION-AREA2 10/2/2012 10:21:31.1312420
Update Area--COMADAVSUR-REGION-AREA3 10/2/2012 10:21:32.8628450
Update Area--DAVAO/COMVAL-REGION-AREA1 10/2/2012 10:21:34.6100481
Update Area--DAVAO/COMVAL-REGION-AREA2 10/2/2012 10:21:36.3572512
Update Area--DAVAO/COMVAL-REGION-AREA3 10/2/2012 10:21:38.1044542
Update Area--DAVAO/COMVAL-REGION-AREA4 10/2/2012 10:21:39.8516573
Update Area--DAVAO/COMVAL-REGION-AREA5 10/2/2012 10:21:41.5832603
Update Area--GUIMARAS-ILOILO-REGION-AREA1 10/2/2012 10:21:43.3460634
Update Area--GUIMARAS-ILOILO-REGION-AREA2 10/2/2012 10:21:45.0932665
Update Area--GUIMARAS-ILOILO-REGION-AREA3 10/2/2012 10:21:46.8404696
Update Area--GUIMARAS-ILOILO-REGION-AREA4 10/2/2012 10:21:48.6032727
Update Area--GUIMARAS-ILOILO-REGION-AREA5 10/2/2012 10:21:50.3504757
Update Area--HO 10/2/2012 10:21:52.0820788
Update Area--LEYTE-REGION-AREA1 10/2/2012 10:21:53.8292818
Update Area--LEYTE-REGION-AREA2 10/2/2012 10:21:55.5764849
Update Area--LEYTE-REGION-AREA3 10/2/2012 10:21:57.3860881
Update Area--LEYTE-REGION-AREA4 10/2/2012 10:21:59.1488912
Update Area--LUZON-SHOWROOMS 10/2/2012 10:22:00.9740944
Update Area--MINDANAO-SHOWROOMS 10/2/2012 10:22:02.7056974
Update Area--NCR-SHOWROOMS 10/2/2012 10:22:04.4685005
Update Area--NEG.OR-SIQUIJOR-REGION-AREA1 10/2/2012 10:22:06.2157036
Update Area--NEG.OR-SIQUIJOR-REGION-AREA2 10/2/2012 10:22:07.9785067
Update Area--NEG.OR-SIQUIJOR-REGION-AREA3 10/2/2012 10:22:09.7257098
Update Area--NEGROS-OCC-REGION-AREA1 10/2/2012 10:22:11.4729128
Update Area--NEGROS-OCC-REGION-AREA2 10/2/2012 10:22:13.2201159
Update Area--NEGROS-OCC-REGION-AREA3 10/2/2012 10:22:14.9517189
Update Area--NEGROS-OCC-REGION-AREA4 10/2/2012 10:22:16.6989220
Update Area--NEGROS-OCC-REGION-AREA5 10/2/2012 10:22:18.4461251
Update Area--SAMAR-REGION-AREA1 10/2/2012 10:22:20.1933282
Update Area--SAMAR-REGION-AREA2 10/2/2012 10:22:21.9405312
Update Area--SAMAR-REGION-AREA3 10/2/2012 10:22:23.6877343
Update Area--SAMAR-REGION-AREA4 10/2/2012 10:22:25.4349374
Update Area--SOCSKSARGEN-MINDANAO-AREA1 10/2/2012 10:22:27.1821404
Update Area--SOCSKSARGEN-MINDANAO-AREA2 10/2/2012 10:22:28.9293435
Update Area--SOCSKSARGEN-MINDANAO-AREA3 10/2/2012 10:22:30.6921466
Update Area--SOCSKSARGEN-MINDANAO-AREA4 10/2/2012 10:22:32.4237496
Update Area--VISAYAS-SHOWROOMS 10/2/2012 10:22:34.2021528
Update Area--YANGAN CAMBUNAO-REGION-AREA1 10/2/2012 10:22:35.9805559
Update Area--YANGAN CAMBUNAO-REGION-AREA2 10/2/2012 10:22:37.7433590
Update Area--YANGAN CAMBUNAO-REGION-AREA3 10/2/2012 10:22:39.4749620
Update Area--YANGAN CAMBUNAO-REGION-AREA4 10/2/2012 10:22:41.2221651
Update Area--YANGAN CAMBUNAO-REGION-AREA5 10/2/2012 10:22:42.9693682
Update Area--ZAMBASTA-MINDANAO-AREA1 10/2/2012 10:22:44.7009712
Update Area--ZAMBASTA-MINDANAO-AREA2 10/2/2012 10:22:46.4481743
Update Area--ZAMBASTA-MINDANAO-AREA3 10/2/2012 10:22:48.1953773
Update Area--ZAMISLAN-REGION-AREA1 10/2/2012 10:22:49.9269804
Update Area--ZAMISLAN-REGION-AREA2 10/2/2012 10:22:51.7053835
Update Area--ZAMISLAN-REGION-AREA3 10/2/2012 10:22:53.4993866
Update Area--ZAMISLAN-REGION-AREA4 10/2/2012 10:22:55.2465897
Update Area--ZAMISLAN-REGION-AREA5 10/2/2012 10:22:56.9937928
Update Area--ZAMSIBUGAY-REGION-AREA1 10/2/2012 10:22:58.7409959
Update Area--ZAMSIBUGAY-REGION-AREA2 10/2/2012 10:23:00.4881989
Update Area--ZAMSIBUGAY-REGION-AREA3 10/2/2012 10:23:02.2354020
Update Area--ZAMSIBUGAY-REGION-AREA4 10/2/2012 10:23:04.0606052
Update region--BOHOL-REGION 10/2/2012 10:23:04.6534062
Update region--CAAR-REGION 10/2/2012 10:23:05.0122069
