021 8/2/2012 04:15:59.0398250
133 8/2/2012 04:16:21.0202636
137 8/2/2012 04:16:35.5438891
138 8/2/2012 04:16:45.7151070
140 8/2/2012 04:16:56.0423251
613 8/2/2012 04:17:04.3259397
638 8/2/2012 04:17:13.2491554
681 8/2/2012 04:17:20.4719680
708 8/2/2012 04:17:25.0427761
717 8/2/2012 04:17:30.0191848
769 8/2/2012 04:17:37.4603979
804 8/2/2012 04:17:41.9064057
871 8/2/2012 04:17:50.0964201
950 8/2/2012 04:17:58.8168354
952 8/2/2012 04:18:07.2564502
951 8/2/2012 04:18:14.4168628
768 8/2/2012 04:18:17.6148684
761 8/2/2012 04:18:23.6208790
741 8/2/2012 04:18:27.0684850
714 8/2/2012 04:18:30.9060918
715 8/2/2012 04:18:33.9948972
682 8/2/2012 04:18:38.3629049
642 8/2/2012 04:18:44.8213162
659 8/2/2012 04:18:48.5809228
139 8/2/2012 04:18:57.8941392
134 8/2/2012 04:19:05.6629528
131 8/2/2012 04:19:14.4769683
132 8/2/2012 04:19:21.9649814
142 8/2/2012 04:19:30.8101970
518 8/2/2012 04:19:38.3918103
345 8/2/2012 04:19:45.7706232
143 8/2/2012 04:19:52.0262342
135 8/2/2012 04:19:59.3426471
141 8/2/2012 04:20:07.1426608
637 8/2/2012 04:20:15.4574754
690 8/2/2012 04:20:19.1702819
680 8/2/2012 04:20:22.5710879
734 8/2/2012 04:20:31.1823030
752 8/2/2012 04:20:38.8107164
726 8/2/2012 04:20:48.9663342
711 8/2/2012 04:20:53.0691415
712 8/2/2012 04:20:56.4387474
677 8/2/2012 04:21:00.9783553
628 8/2/2012 04:21:10.8219726
036 8/2/2012 04:21:20.0103888
057 8/2/2012 04:21:28.0132028
066 8/2/2012 04:21:35.9692168
079 8/2/2012 04:21:44.2840314
593 8/2/2012 04:21:55.4224510
264 8/2/2012 04:22:05.4688686
280 8/2/2012 04:22:15.6868866
281 8/2/2012 04:22:25.1717032
582 8/2/2012 04:22:34.0013187
537 8/2/2012 04:22:43.5329355
396 8/2/2012 04:22:53.3609527
284 8/2/2012 04:23:01.6601673
285 8/2/2012 04:23:11.0513838
290 8/2/2012 04:23:19.9669996
673 8/2/2012 04:23:25.4738093
696 8/2/2012 04:23:29.5922165
697 8/2/2012 04:23:32.9774225
720 8/2/2012 04:23:37.4234303
810 8/2/2012 04:23:40.9334365
821 8/2/2012 04:23:44.5214428
875 8/2/2012 04:23:53.0546577
727 8/2/2012 04:24:00.7766713
730 8/2/2012 04:24:08.4518848
731 8/2/2012 04:24:31.8519259
724 8/2/2012 04:24:39.5739395
725 8/2/2012 04:24:45.5331499
639 8/2/2012 04:24:51.5859605
291 8/2/2012 04:24:59.2299740
287 8/2/2012 04:25:06.0627860
289 8/2/2012 04:25:14.3308005
583 8/2/2012 04:25:22.3804146
288 8/2/2012 04:25:30.2272284
292 8/2/2012 04:25:37.4812412
282 8/2/2012 04:25:44.3452532
283 8/2/2012 04:25:51.6148660
246 8/2/2012 04:25:57.8860770
248 8/2/2012 04:26:04.7032890
250 8/2/2012 04:26:11.9729017
251 8/2/2012 04:26:19.5857151
252 8/2/2012 04:26:27.5261291
254 8/2/2012 04:26:34.9517421
668 8/2/2012 04:26:40.0997511
679 8/2/2012 04:26:42.9545562
747 8/2/2012 04:26:49.7873682
843 8/2/2012 04:26:58.5077835
807 8/2/2012 04:27:00.7385874
749 8/2/2012 04:27:09.0534020
750 8/2/2012 04:27:22.8750263
846 8/2/2012 04:27:34.5438468
868 8/2/2012 04:27:44.4966643
105 8/2/2012 04:28:00.9702932
037 8/2/2012 04:28:22.1707304
038 8/2/2012 04:28:30.8911457
040 8/2/2012 04:28:39.8923615
018 8/2/2012 04:28:48.5347767
020 8/2/2012 04:28:55.8355896
025 8/2/2012 04:29:02.7152016
029 8/2/2012 04:29:10.6400156
030 8/2/2012 04:29:19.0172303
032 8/2/2012 04:29:26.4272433
033 8/2/2012 04:29:34.4924574
034 8/2/2012 04:29:43.1192726
035 8/2/2012 04:29:49.5620839
026 8/2/2012 04:29:58.8129002
027 8/2/2012 04:30:06.4725136
028 8/2/2012 04:30:13.8045265
019 8/2/2012 04:30:22.7901423
022 8/2/2012 04:30:29.2173536
023 8/2/2012 04:30:37.1577675
024 8/2/2012 04:30:44.0621899
120 8/2/2012 04:30:52.7202051
121 8/2/2012 04:31:00.1770182
122 8/2/2012 04:31:07.9770319
125 8/2/2012 04:31:16.7130472
078 8/2/2012 04:31:24.7158613
512 8/2/2012 04:31:32.3910747
526 8/2/2012 04:31:40.0350882
867 8/2/2012 04:31:49.8163054
835 8/2/2012 04:31:59.1607218
633 8/2/2012 04:32:11.0791427
616 8/2/2012 04:32:20.2987589
532 8/2/2012 04:32:28.0675725
508 8/2/2012 04:32:35.2435851
325 8/2/2012 04:32:42.0919972
041 8/2/2012 04:32:49.2680098
042 8/2/2012 04:32:56.6780228
045 8/2/2012 04:33:05.9288390
046 8/2/2012 04:33:12.9332513
047 8/2/2012 04:33:20.2496642
048 8/2/2012 04:33:28.1276780
049 8/2/2012 04:33:35.9588918
052 8/2/2012 04:33:44.0709060
054 8/2/2012 04:33:54.4761243
106 8/2/2012 04:34:02.7909389
064 8/2/2012 04:34:09.9201514
070 8/2/2012 04:34:16.7217634
071 8/2/2012 04:34:26.1753800
072 8/2/2012 04:34:33.9129936
073 8/2/2012 04:34:43.9906113
055 8/2/2012 04:34:53.1010273
053 8/2/2012 04:35:03.0226447
050 8/2/2012 04:35:10.5262579
051 8/2/2012 04:35:17.1874696
043 8/2/2012 04:35:25.9390850
511 8/2/2012 04:35:33.5674984
240 8/2/2012 04:35:40.9307113
722 8/2/2012 04:35:49.1519257
866 8/2/2012 04:35:56.3591384
864 8/2/2012 04:36:04.5023527
865 8/2/2012 04:36:11.8967657
793 8/2/2012 04:36:13.5035685
794 8/2/2012 04:36:17.0759748
591 8/2/2012 04:36:29.9771974
721 8/2/2012 04:36:44.8128235
710 8/2/2012 04:36:48.8844306
260 8/2/2012 04:37:05.6232600
578 8/2/2012 04:37:17.9628817
571 8/2/2012 04:37:27.8844991
067 8/2/2012 04:37:43.0321257
068 8/2/2012 04:37:52.0177415
069 8/2/2012 04:38:01.8457588
065 8/2/2012 04:38:08.6785708
058 8/2/2012 04:38:17.5393864
059 8/2/2012 04:38:25.8698010
060 8/2/2012 04:38:33.2798140
061 8/2/2012 04:38:39.9410257
062 8/2/2012 04:38:46.8518378
063 8/2/2012 04:38:55.0886523
056 8/2/2012 04:39:01.4690635
585 8/2/2012 04:39:08.7230763
699 8/2/2012 04:39:13.0598839
644 8/2/2012 04:39:21.1406981
944 8/2/2012 04:39:29.1747122
945 8/2/2012 04:39:35.6487235
997 8/2/2012 04:39:43.2615369
936 8/2/2012 04:39:51.4827514
943 8/2/2012 04:39:59.9847663
856 8/2/2012 04:40:06.2871774
829 8/2/2012 04:40:09.4695829
080 8/2/2012 04:40:18.5175988
081 8/2/2012 04:40:28.3144160
082 8/2/2012 04:40:42.1516404
084 8/2/2012 04:40:50.5756551
087 8/2/2012 04:40:58.2508686
088 8/2/2012 04:41:06.5500832
089 8/2/2012 04:41:15.4576988
090 8/2/2012 04:41:23.6633133
092 8/2/2012 04:41:32.2121283
093 8/2/2012 04:41:40.9325436
094 8/2/2012 04:41:48.5297569
095 8/2/2012 04:41:56.8445715
085 8/2/2012 04:42:04.5509851
086 8/2/2012 04:42:12.2105985
083 8/2/2012 04:42:20.0262123
074 8/2/2012 04:42:27.8262260
075 8/2/2012 04:42:35.1738389
076 8/2/2012 04:42:43.7382539
573 8/2/2012 04:42:50.9922666
728 8/2/2012 04:42:54.9078735
656 8/2/2012 04:42:58.3554796
869 8/2/2012 04:43:04.8294910
937 8/2/2012 04:43:12.3175041
938 8/2/2012 04:43:20.6167187
900 8/2/2012 04:43:22.7695225
702 8/2/2012 04:43:26.5291291
839 8/2/2012 04:43:43.6891592
817 8/2/2012 04:43:46.3255638
575 8/2/2012 04:43:55.7167803
017 8/2/2012 04:44:03.8755947
126 8/2/2012 04:44:12.1592092
128 8/2/2012 04:44:21.2696252
129 8/2/2012 04:44:30.8948421
130 8/2/2012 04:44:38.2580550
123 8/2/2012 04:44:47.7116717
124 8/2/2012 04:44:55.3556851
103 8/2/2012 04:45:03.5768995
567 8/2/2012 04:45:11.8137140
555 8/2/2012 04:45:21.3765308
816 8/2/2012 04:45:23.8569351
778 8/2/2012 04:45:25.9629388
666 8/2/2012 04:45:31.0329477
858 8/2/2012 04:45:38.0685601
876 8/2/2012 04:45:45.4785731
953 8/2/2012 04:45:53.1069865
670 8/2/2012 04:45:56.7417929
834 8/2/2012 04:46:12.1702200
784 8/2/2012 04:46:15.1654253
109 8/2/2012 04:46:22.7470386
112 8/2/2012 04:46:29.8762511
115 8/2/2012 04:46:36.6778630
117 8/2/2012 04:46:44.2906764
118 8/2/2012 04:46:53.7910931
119 8/2/2012 04:47:01.8095072
104 8/2/2012 04:47:10.2179220
096 8/2/2012 04:47:17.3471345
097 8/2/2012 04:47:24.8819477
098 8/2/2012 04:47:32.3543608
099 8/2/2012 04:47:42.0263778
100 8/2/2012 04:47:51.1611941
101 8/2/2012 04:47:58.4464069
549 8/2/2012 04:48:05.6848196
566 8/2/2012 04:48:13.8436340
812 8/2/2012 04:48:16.8700393
947 8/2/2012 04:48:23.5468510
836 8/2/2012 04:48:39.4120789
837 8/2/2012 04:49:01.7861197
838 8/2/2012 04:49:09.8577342
559 8/2/2012 04:49:17.3369475
107 8/2/2012 04:49:24.3569598
116 8/2/2012 04:49:31.7871895
113 8/2/2012 04:49:39.3728029
114 8/2/2012 04:49:45.7728143
110 8/2/2012 04:49:53.4012277
111 8/2/2012 04:50:01.3416416
102 8/2/2012 04:50:07.0864518
543 8/2/2012 04:50:16.6376716
522 8/2/2012 04:50:25.5648873
293 8/2/2012 04:50:33.8629024
262 8/2/2012 04:50:44.1057201
273 8/2/2012 04:50:52.0305340
274 8/2/2012 04:51:00.9765495
275 8/2/2012 04:51:08.0433619
259 8/2/2012 04:51:16.3269764
267 8/2/2012 04:51:24.5013908
269 8/2/2012 04:51:33.3154063
745 8/2/2012 04:51:40.8034194
729 8/2/2012 04:51:44.9686267
897 8/2/2012 04:51:47.7922317
766 8/2/2012 04:51:50.6314367
828 8/2/2012 04:51:54.0946428
676 8/2/2012 04:51:58.2910501
266 8/2/2012 04:52:05.5918630
263 8/2/2012 04:52:13.8754775
261 8/2/2012 04:52:20.0530884
255 8/2/2012 04:52:26.4958997
256 8/2/2012 04:52:34.6079139
257 8/2/2012 04:52:43.3751293
258 8/2/2012 04:52:53.0939464
563 8/2/2012 04:53:00.1139587
514 8/2/2012 04:53:07.7931723
535 8/2/2012 04:53:15.3831857
294 8/2/2012 04:53:24.4236017
277 8/2/2012 04:53:32.7444171
278 8/2/2012 04:53:40.6380310
279 8/2/2012 04:53:48.1416442
296 8/2/2012 04:53:56.2848585
297 8/2/2012 04:54:03.3984710
265 8/2/2012 04:54:10.5432835
272 8/2/2012 04:54:20.1841004
783 8/2/2012 04:54:23.0233054
775 8/2/2012 04:54:25.8001103
779 8/2/2012 04:54:29.4349167
786 8/2/2012 04:54:33.0229230
787 8/2/2012 04:54:35.8153279
827 8/2/2012 04:54:39.7153347
693 8/2/2012 04:54:47.2933486
660 8/2/2012 04:54:51.3181556
253 8/2/2012 04:54:59.7265704
249 8/2/2012 04:55:08.0413850
247 8/2/2012 04:55:16.5277999
241 8/2/2012 04:55:24.9518147
242 8/2/2012 04:55:33.8750304
243 8/2/2012 04:55:41.5658439
244 8/2/2012 04:55:50.7682601
245 8/2/2012 04:55:58.2390733
513 8/2/2012 04:56:05.9554866
557 8/2/2012 04:56:13.4434998
523 8/2/2012 04:56:21.9631169
509 8/2/2012 04:56:30.9683328
510 8/2/2012 04:56:40.2267520
295 8/2/2012 04:56:47.4383655
268 8/2/2012 04:56:56.0823820
276 8/2/2012 04:57:03.0399942
044 8/2/2012 04:57:10.7776078
662 8/2/2012 04:57:14.7556148
842 8/2/2012 04:57:23.3980300
788 8/2/2012 04:57:27.0548369
645 8/2/2012 04:57:34.5296502
650 8/2/2012 04:57:38.0552564
651 8/2/2012 04:57:41.3312622
674 8/2/2012 04:57:45.0752687
675 8/2/2012 04:57:48.3044744
949 8/2/2012 04:57:56.2604884
207 8/2/2012 04:58:03.9357019
208 8/2/2012 04:58:10.6281136
209 8/2/2012 04:58:17.4765256
210 8/2/2012 04:58:25.2921394
212 8/2/2012 04:58:34.1061549
214 8/2/2012 04:58:42.4349696
215 8/2/2012 04:58:49.5485821
216 8/2/2012 04:58:57.2705956
217 8/2/2012 04:59:05.2578096
218 8/2/2012 04:59:13.0578233
191 8/2/2012 04:59:20.3118361
193 8/2/2012 04:59:27.9714495
194 8/2/2012 04:59:32.4486574
195 8/2/2012 04:59:39.4530697
196 8/2/2012 04:59:46.1766815
197 8/2/2012 04:59:53.6490946
198 8/2/2012 05:00:02.3951097
199 8/2/2012 05:00:10.1795234
201 8/2/2012 05:00:17.4179361
202 8/2/2012 05:00:25.3895501
203 8/2/2012 05:00:32.3783624
204 8/2/2012 05:00:39.9443757
205 8/2/2012 05:00:48.2123902
874 8/2/2012 05:00:55.9032037
996 8/2/2012 05:01:04.1712182
796 8/2/2012 05:01:05.7000209
753 8/2/2012 05:01:13.0632338
754 8/2/2012 05:01:19.6308454
755 8/2/2012 05:01:27.1032585
698 8/2/2012 05:01:31.7208666
634 8/2/2012 05:01:38.8656792
993 8/2/2012 05:01:46.6188928
872 8/2/2012 05:01:54.3097063
206 8/2/2012 05:02:01.8757196
219 8/2/2012 05:02:09.6601332
221 8/2/2012 05:02:17.3197467
222 8/2/2012 05:02:24.5425594
223 8/2/2012 05:02:32.0773726
224 8/2/2012 05:02:40.8913881
225 8/2/2012 05:02:49.7834037
226 8/2/2012 05:02:57.8190179
227 8/2/2012 05:03:06.6330334
228 8/2/2012 05:03:15.4470489
229 8/2/2012 05:03:23.8590632
230 8/2/2012 05:03:32.9226792
909 8/2/2012 05:03:36.3702852
853 8/2/2012 05:03:44.7006999
678 8/2/2012 05:03:48.8659072
764 8/2/2012 05:03:55.9483196
806 8/2/2012 05:03:59.2555254
813 8/2/2012 05:04:02.2195306
539 8/2/2012 05:04:10.2911453
595 8/2/2012 05:04:17.7167584
155 8/2/2012 05:04:25.9691729
156 8/2/2012 05:04:33.1919855
157 8/2/2012 05:04:40.6331986
158 8/2/2012 05:04:47.8872114
159 8/2/2012 05:04:55.9524255
145 8/2/2012 05:05:03.8772394
147 8/2/2012 05:05:11.1936523
149 8/2/2012 05:05:18.0264643
151 8/2/2012 05:05:25.2648770
152 8/2/2012 05:05:31.7544884
153 8/2/2012 05:05:37.9632993
154 8/2/2012 05:05:43.5793092
146 8/2/2012 05:05:48.8989185
144 8/2/2012 05:05:55.3417298
160 8/2/2012 05:06:02.2057419
161 8/2/2012 05:06:08.2897526
588 8/2/2012 05:06:13.9057624
584 8/2/2012 05:06:19.6153725
529 8/2/2012 05:06:25.6525831
530 8/2/2012 05:06:31.2841930
305 8/2/2012 05:06:37.6022041
808 8/2/2012 05:06:40.6010095
798 8/2/2012 05:06:43.3602142
758 8/2/2012 05:06:49.3210246
744 8/2/2012 05:06:56.2026364
716 8/2/2012 05:07:03.7062496
657 8/2/2012 05:07:07.0290554
609 8/2/2012 05:07:12.7542655
614 8/2/2012 05:07:18.4482755
705 8/2/2012 05:07:21.6930812
738 8/2/2012 05:07:26.1546890
809 8/2/2012 05:07:29.1966944
870 8/2/2012 05:07:36.4663071
901 8/2/2012 05:07:39.0575117
597 8/2/2012 05:07:46.4675248
176 8/2/2012 05:07:54.0179380
177 8/2/2012 05:08:02.0363521
178 8/2/2012 05:08:23.7827903
163 8/2/2012 05:09:24.5916971
180 8/2/2012 05:09:32.5945112
181 8/2/2012 05:09:39.9421241
182 8/2/2012 05:09:46.5409357
183 8/2/2012 05:09:53.6233481
184 8/2/2012 05:10:00.1129595
185 8/2/2012 05:10:07.6009726
186 8/2/2012 05:10:15.0733858
188 8/2/2012 05:10:24.6830027
189 8/2/2012 05:10:32.4674163
190 8/2/2012 05:10:39.5654288
801 8/2/2012 05:10:44.0270366
751 8/2/2012 05:10:53.3714530
636 8/2/2012 05:11:00.2198651
601 8/2/2012 05:11:07.4114777
685 8/2/2012 05:11:12.2786862
737 8/2/2012 05:11:19.6106991
823 8/2/2012 05:11:22.9491050
994 8/2/2012 05:11:29.8131170
987 8/2/2012 05:11:38.1279317
164 8/2/2012 05:11:46.3803461
173 8/2/2012 05:11:55.6467624
174 8/2/2012 05:12:03.5403763
179 8/2/2012 05:12:10.7631890
580 8/2/2012 05:12:17.3776006
318 8/2/2012 05:12:24.4132129
504 8/2/2012 05:12:32.2444267
374 8/2/2012 05:12:38.5156377
171 8/2/2012 05:12:47.0800528
167 8/2/2012 05:12:54.2716654
168 8/2/2012 05:13:02.5240799
165 8/2/2012 05:13:11.2912953
736 8/2/2012 05:13:18.3581077
686 8/2/2012 05:13:22.7729154
707 8/2/2012 05:13:27.0161229
603 8/2/2012 05:13:37.2341408
669 8/2/2012 05:13:42.8657507
635 8/2/2012 05:13:52.1321670
706 8/2/2012 05:13:56.8613755
999 8/2/2012 05:14:07.1729936
166 8/2/2012 05:14:17.2194112
169 8/2/2012 05:14:29.1378322
170 8/2/2012 05:14:39.3246501
505 8/2/2012 05:14:49.3242676
337 8/2/2012 05:14:59.1640858
544 8/2/2012 05:15:09.5861042
556 8/2/2012 05:15:17.3393178
192 8/2/2012 05:15:28.7273378
232 8/2/2012 05:16:22.4382322
234 8/2/2012 05:16:34.7194544
236 8/2/2012 05:16:46.7782756
237 8/2/2012 05:17:00.2486992
704 8/2/2012 05:17:04.5479060
607 8/2/2012 05:17:14.9283247
647 8/2/2012 05:17:23.8223404
648 8/2/2012 05:17:42.8331736
743 8/2/2012 05:17:55.9823973
824 8/2/2012 05:17:59.8200040
825 8/2/2012 05:18:03.6420107
762 8/2/2012 05:18:12.6588266
646 8/2/2012 05:18:23.1108449
617 8/2/2012 05:18:33.4068630
998 8/2/2012 05:18:44.4516824
873 8/2/2012 05:18:53.9520991
238 8/2/2012 05:19:05.6693198
239 8/2/2012 05:19:16.4957388
534 8/2/2012 05:19:27.2909577
596 8/2/2012 05:19:37.7429761
525 8/2/2012 05:19:48.9749958
503 8/2/2012 05:19:58.8498132
598 8/2/2012 05:20:08.8650307
594 8/2/2012 05:20:18.7242481
235 8/2/2012 05:20:31.2822701
231 8/2/2012 05:20:44.8386939
655 8/2/2012 05:20:49.0039012
700 8/2/2012 05:20:52.7947079
799 8/2/2012 05:20:56.8195150
Insert Area--BOHOL-REGION-AREA1 8/2/2012 05:21:01.2187227
Insert Area--BOHOL-REGION-AREA2 8/2/2012 05:21:05.1343296
Insert Area--BOHOL-REGION-AREA3 8/2/2012 05:21:09.5179373
Insert Area--CAAR-REGION-AREA1 8/2/2012 05:21:13.2151438
Insert Area--CAAR-REGION-AREA2 8/2/2012 05:21:16.8967502
Insert Area--CAAR-REGION-AREA3 8/2/2012 05:21:21.0463575
Insert Area--CAAR-REGION-AREA4 8/2/2012 05:21:24.7123640
Insert Area--CARAGA-REGION-AREA3 8/2/2012 05:21:28.6591709
Insert Area--Cebu Central A 8/2/2012 05:21:32.2783773
Insert Area--Cebu Central B 8/2/2012 05:21:36.5215847
Insert Area--Cebu Central C 8/2/2012 05:21:40.1407911
Insert Area--Cebu Central D 8/2/2012 05:21:44.0755976
Insert Area--Cebu North A 8/2/2012 05:21:47.7104040
Insert Area--Cebu North B 8/2/2012 05:21:52.0852114
Insert Area--Cebu North C 8/2/2012 05:21:55.8984180
Insert Area--Cebu North D 8/2/2012 05:22:00.2352256
Insert Area--Cebu South A 8/2/2012 05:22:04.0104322
Insert Area--Cebu South B 8/2/2012 05:22:08.0544389
Insert Area--Cebu South C 8/2/2012 05:22:11.8600452
Insert Area--CEBU SOUTH D 8/2/2012 05:22:15.9940525
Insert Area--CEBU SOUTH E 8/2/2012 05:22:19.8004592
Insert Area--GUIMARAS-ILOILO-REGION-AREA1 8/2/2012 05:22:24.1372668
Insert Area--GUIMARAS-ILOILO-REGION-AREA2 8/2/2012 05:22:27.9528731
Insert Area--GUIMARAS-ILOILO-REGION-AREA3 8/2/2012 05:22:32.2896807
Insert Area--GUIMARAS-ILOILO-REGION-AREA4 8/2/2012 05:22:36.0648874
Insert Area--GUIMARAS-ILOILO-REGION-AREA5 8/2/2012 05:22:40.4172950
Insert Area--LEYTE-REGION-AREA1 8/2/2012 05:22:44.0833015
Insert Area--LEYTE-REGION-AREA2 8/2/2012 05:22:48.1549086
Insert Area--LEYTE-REGION-AREA3 8/2/2012 05:22:51.7897150
Insert Area--MINDANAO-SHOWROOMS 8/2/2012 05:22:55.4245214
Insert Area--NEG.OR-SIQUIJOR-REGION-AREA1 8/2/2012 05:22:59.6053287
Insert Area--NEG.OR-SIQUIJOR-REGION-AREA2 8/2/2012 05:23:03.2401351
Insert Area--NEGROS-OCC-REGION-AREA1 8/2/2012 05:23:07.0777418
Insert Area--NEGROS-OCC-REGION-AREA2 8/2/2012 05:23:10.6969482
Insert Area--NEGROS-OCC-REGION-AREA3 8/2/2012 05:23:14.3941547
Insert Area--NEGROS-OCC-REGION-AREA4 8/2/2012 05:23:18.4657618
Insert Area--NEGROS-OCC-REGION-AREA5 8/2/2012 05:23:22.2565685
Insert Area--SAMAR-REGION-AREA1 8/2/2012 05:23:26.5465760
Insert Area--SAMAR-REGION-AREA2 8/2/2012 05:23:30.3373827
Insert Area--SAMAR-REGION-AREA3 8/2/2012 05:23:34.4089899
Insert region--BOHOL-REGION 8/2/2012 05:23:34.8769907
Insert region--CAAR-REGION 8/2/2012 05:23:35.3137914
Insert region--CARAGA-REGION 8/2/2012 05:23:35.7817923
Insert region--Cebu Central 8/2/2012 05:23:36.2185930
Insert region--Cebu North 8/2/2012 05:23:36.6397938
Insert region--Cebu South 8/2/2012 05:23:37.0921946
Insert region--GUIMARAS-ILOILO-REGION 8/2/2012 05:23:37.5289953
Insert region--LEYTE-REGION 8/2/2012 05:23:37.9657961
Insert region--NEG.OR-SIQUIJOR-REGION 8/2/2012 05:23:38.4025969
Insert region--NEGROS-OCC-REGION 8/2/2012 05:23:38.8393976
Insert region--SAMAR-REGION 8/2/2012 05:23:39.2761984
Update region--VISMIN-SHOWROOMS 8/2/2012 05:23:39.6973991
021 8/9/2012 04:21:14.6107439
133 8/9/2012 04:32:51.9283703
137 8/9/2012 04:44:27.2995917
138 8/9/2012 04:56:26.6168551
140 8/9/2012 05:18:34.0387866
613 8/9/2012 05:35:13.7821425
638 8/9/2012 05:46:49.9645653
681 8/9/2012 05:58:18.6121748
708 8/9/2012 06:10:34.5122674
717 8/9/2012 06:22:23.0187118
769 8/9/2012 06:38:05.1355666
804 8/9/2012 06:59:30.6514256
871 8/9/2012 07:13:35.8141100
950 8/9/2012 07:24:46.4748880
952 8/9/2012 07:36:25.0909150
951 8/9/2012 07:48:52.9874286
768 8/9/2012 08:01:06.5631171
761 8/9/2012 08:22:28.3705685
741 8/9/2012 08:39:31.8923668
714 8/9/2012 08:51:53.0496686
715 8/9/2012 09:03:29.0292910
682 8/9/2012 09:15:31.8253606
642 8/9/2012 09:27:44.5002477
659 8/9/2012 09:39:34.2234942
139 8/9/2012 10:00:03.4900533
134 8/9/2012 10:18:38.2680113
131 8/9/2012 10:31:02.9353193
132 8/9/2012 10:44:02.4374884
142 8/9/2012 10:56:47.1508315
518 8/9/2012 11:08:48.8236991
345 8/9/2012 11:21:05.3633927
143 8/9/2012 11:44:03.4386132
135 8/9/2012 11:59:41.0802606
141 8/9/2012 12:11:45.1409324
637 8/9/2012 12:23:03.5081239
690 8/9/2012 12:35:17.3802129
680 8/9/2012 12:46:23.1893823
734 8/9/2012 13:02:52.6055201
752 8/9/2012 13:24:03.4929523
726 8/9/2012 13:37:06.5675277
711 8/9/2012 13:47:44.1250475
712 8/9/2012 13:59:10.0738523
677 8/9/2012 14:10:39.8682641
628 8/9/2012 14:22:41.7907321
036 8/9/2012 14:41:03.8546677
057 8/9/2012 15:01:42.6528436
066 8/9/2012 15:13:39.2557022
079 8/9/2012 15:25:33.1909562
593 8/9/2012 15:37:09.6073794
264 8/9/2012 15:48:55.2902188
280 8/9/2012 16:00:33.3602449
281 8/9/2012 16:20:13.0811170
582 8/9/2012 16:38:46.1586720
537 8/9/2012 16:50:48.9547415
396 8/9/2012 17:02:47.6168038
284 8/9/2012 17:14:22.7540247
285 8/9/2012 17:26:10.1216672
290 8/9/2012 17:38:12.9177367
673 8/9/2012 18:00:55.2213294
696 8/9/2012 18:16:56.4482178
697 8/9/2012 18:29:38.8995569
720 8/9/2012 18:42:29.3381101
810 8/9/2012 18:55:18.2166606
821 8/9/2012 19:07:54.4435888
875 8/9/2012 19:30:03.8623238
727 8/9/2012 19:48:23.3210549
730 8/9/2012 20:00:19.2063123
731 8/9/2012 20:12:12.3927650
724 8/9/2012 20:24:14.5804334
725 8/9/2012 20:35:59.1868710
639 8/9/2012 20:53:30.8471181
291 8/9/2012 21:15:02.9037875
287 8/9/2012 21:27:37.0715121
289 8/9/2012 21:39:36.7943763
583 8/9/2012 21:51:27.3288243
288 8/9/2012 22:03:15.7884686
292 8/9/2012 22:14:48.4764852
282 8/9/2012 22:37:35.0856856
283 8/9/2012 22:52:43.0384803
246 8/9/2012 23:05:11.4809949
248 8/9/2012 23:18:01.6699476
250 8/9/2012 23:29:54.7472001
251 8/9/2012 23:42:35.2797359
