Insert region--BOHOL-REGION 6/6/2013 06:27:09.9322865
Insert region--CAAR-REGION 6/6/2013 06:27:10.3534873
Insert region--Cebu Central 6/6/2013 06:27:10.7746880
Insert region--Cebu North 6/6/2013 06:27:11.1958887
Insert region--Cebu South 6/6/2013 06:27:11.6170895
Insert region--GUIMARAS-ILOILO-REGION 6/6/2013 06:27:12.0382902
Insert region--LEYTE-REGION 6/6/2013 06:27:12.4594909
Insert region--NEG.OR-SIQUIJOR-REGION 6/6/2013 06:27:12.8650917
Insert region--NEGROS-OCC-REGION 6/6/2013 06:27:13.3018924
Insert region--SAMAR-REGION 6/6/2013 06:27:13.7230932
Insert region--BOHOL-REGION 6/6/2013 06:33:56.1564016
Insert region--CAAR-REGION 6/6/2013 06:33:56.5844261
Insert region--Cebu Central 6/6/2013 06:33:57.0084504
Insert region--Cebu North 6/6/2013 06:33:57.4284744
Insert region--Cebu South 6/6/2013 06:33:57.8524986
Insert region--GUIMARAS-ILOILO-REGION 6/6/2013 06:33:58.2695225
Insert region--LEYTE-REGION 6/6/2013 06:33:58.6985470
Insert region--NEG.OR-SIQUIJOR-REGION 6/6/2013 06:33:59.1585733
Insert region--NEGROS-OCC-REGION 6/6/2013 06:33:59.6696026
Insert region--SAMAR-REGION 6/6/2013 06:34:00.1406295
Update--021 6/6/2013 07:06:59.8568628
Update--133 6/6/2013 07:07:17.0698473
Update--137 6/6/2013 07:07:36.1189369
Update--138 6/6/2013 07:07:53.1649118
Update--140 6/6/2013 07:08:10.1478832
Update--613 6/6/2013 07:08:24.7737198
Update--638 6/6/2013 07:08:39.1505421
Update--681 6/6/2013 07:08:50.2921793
Update--708 6/6/2013 07:09:01.3818136
Update--717 6/6/2013 07:09:12.6114559
Update--769 6/6/2013 07:09:23.8490987
Update--804 6/6/2013 07:09:34.4097027
Update--871 6/6/2013 07:09:49.1505458
Update--950 6/6/2013 07:10:06.3665305
Update--952 6/6/2013 07:10:23.9905386
Update--951 6/6/2013 07:10:41.1035174
Update--768 6/6/2013 07:10:51.9971405
Update--761 6/6/2013 07:11:02.7497555
Update--741 6/6/2013 07:11:16.8985647
Update--714 6/6/2013 07:11:28.1602089
Update--715 6/6/2013 07:11:39.1298363
Update--682 6/6/2013 07:11:50.3134760
Update--642 6/6/2013 07:12:04.6332950
Update--659 6/6/2013 07:12:18.8071057
Update--142 6/6/2013 07:12:36.0060894
Update--139 6/6/2013 07:12:53.2080733
Update--134 6/6/2013 07:13:10.4110573
Update--131 6/6/2013 07:13:25.0078922
Update--132 6/6/2013 07:13:39.7587359
Update--518 6/6/2013 07:13:56.7447074
Update--345 6/6/2013 07:14:13.6926768
Update--135 6/6/2013 07:14:28.2575098
Update--143 6/6/2013 07:14:45.3634883
Update--141 6/6/2013 07:15:02.6594775
Update--637 6/6/2013 07:15:16.9922973
Update--021 6/6/2013 07:22:42.5557821
Update--133 6/6/2013 07:22:59.3937452
Update--137 6/6/2013 07:23:18.0708134
Update--138 6/6/2013 07:23:34.8937757
Update--140 6/6/2013 07:23:51.6737354
Update--613 6/6/2013 07:24:05.6775364
Update--638 6/6/2013 07:24:19.6433352
Update--681 6/6/2013 07:24:30.4859553
Update--708 6/6/2013 07:24:41.2595716
Update--717 6/6/2013 07:24:52.3542061
Update--769 6/6/2013 07:25:03.4018380
Update--804 6/6/2013 07:25:13.7494299
Update--871 6/6/2013 07:25:27.8772379
Update--950 6/6/2013 07:25:45.2522317
