021 10/12/2012 00:01:58.4323865
133 10/12/2012 00:02:09.7922066
137 10/12/2012 00:02:23.2726304
138 10/12/2012 00:02:30.1064425
140 10/12/2012 00:02:36.7374542
613 10/12/2012 00:02:43.5244661
638 10/12/2012 00:02:50.3124782
681 10/12/2012 00:02:56.7094895
708 10/12/2012 00:03:03.0295007
717 10/12/2012 00:03:09.5855124
769 10/12/2012 00:03:16.3101243
804 10/12/2012 00:03:21.9583342
871 10/12/2012 00:03:28.4957458
950 10/12/2012 00:03:34.7221568
952 10/12/2012 00:03:45.3009755
951 10/12/2012 00:03:51.7033880
768 10/12/2012 00:03:57.4607982
761 10/12/2012 00:04:03.5302089
741 10/12/2012 00:04:09.6620197
714 10/12/2012 00:04:16.3252315
715 10/12/2012 00:04:22.3010421
682 10/12/2012 00:04:28.3392527
642 10/12/2012 00:04:34.8766643
659 10/12/2012 00:04:41.1810754
139 10/12/2012 00:04:48.1864878
134 10/12/2012 00:04:55.5985009
131 10/12/2012 00:05:02.5415132
132 10/12/2012 00:05:09.5157255
142 10/12/2012 00:05:16.7561383
518 10/12/2012 00:05:23.3091499
345 10/12/2012 00:05:29.4877608
143 10/12/2012 00:05:36.1353726
135 10/12/2012 00:05:43.0783848
141 10/12/2012 00:05:49.6001963
637 10/12/2012 00:05:55.8880074
690 10/12/2012 00:06:02.1602185
680 10/12/2012 00:06:08.1672291
734 10/12/2012 00:06:14.7514407
752 10/12/2012 00:06:20.7740514
726 10/12/2012 00:06:27.6616639
677 10/12/2012 00:06:34.2302755
711 10/12/2012 00:06:40.8144871
712 10/12/2012 00:06:47.0790986
628 10/12/2012 00:06:53.8817106
036 10/12/2012 00:07:00.7935228
057 10/12/2012 00:07:07.6303351
066 10/12/2012 00:07:14.5109472
079 10/12/2012 00:07:21.3135592
593 10/12/2012 00:07:28.1015712
264 10/12/2012 00:07:34.9509833
582 10/12/2012 00:07:41.4883949
537 10/12/2012 00:07:48.2140068
396 10/12/2012 00:07:54.3146175
280 10/12/2012 00:08:00.6024286
284 10/12/2012 00:08:07.5932410
285 10/12/2012 00:08:14.7546537
290 10/12/2012 00:08:22.0242664
720 10/12/2012 00:08:28.5314780
673 10/12/2012 00:08:35.1322897
696 10/12/2012 00:08:41.3723006
697 10/12/2012 00:08:47.8795122
810 10/12/2012 00:08:53.8945232
821 10/12/2012 00:09:00.2125343
727 10/12/2012 00:09:06.7343459
724 10/12/2012 00:09:13.3663576
725 10/12/2012 00:09:19.8881691
730 10/12/2012 00:09:26.3631806
731 10/12/2012 00:09:33.0107923
639 10/12/2012 00:09:39.3298035
875 10/12/2012 00:09:46.5682162
291 10/12/2012 00:09:53.0120276
289 10/12/2012 00:10:00.5166408
287 10/12/2012 00:10:07.0852524
281 10/12/2012 00:10:13.4052636
583 10/12/2012 00:10:20.3794759
246 10/12/2012 00:10:27.1352878
250 10/12/2012 00:10:34.0939001
251 10/12/2012 00:10:40.9151123
252 10/12/2012 00:10:47.8425246
254 10/12/2012 00:10:53.9441354
248 10/12/2012 00:11:00.7935475
843 10/12/2012 00:11:09.0947622
668 10/12/2012 00:11:15.4449734
747 10/12/2012 00:11:22.1851853
660 10/12/2012 00:11:28.7839968
679 10/12/2012 00:11:34.9012077
247 10/12/2012 00:11:41.9378201
513 10/12/2012 00:11:49.0680327
535 10/12/2012 00:11:55.6894447
282 10/12/2012 00:12:02.1176561
021 10/12/2012 00:02:36.9209968
133 10/12/2012 00:02:43.0850078
137 10/12/2012 00:02:49.9656199
021 10/12/2012 00:05:06.1118610
133 10/12/2012 00:05:12.1032716
137 10/12/2012 00:05:18.6718832
138 10/12/2012 00:05:24.7890941
140 10/12/2012 00:05:30.8117047
613 10/12/2012 00:05:36.8217155
638 10/12/2012 00:05:42.8287261
681 10/12/2012 00:05:48.5081361
708 10/12/2012 00:05:54.1875461
717 10/12/2012 00:06:00.1175567
769 10/12/2012 00:06:05.7189666
804 10/12/2012 00:06:10.9227762
871 10/12/2012 00:06:17.1013871
950 10/12/2012 00:06:22.8587973
952 10/12/2012 00:06:29.0520081
951 10/12/2012 00:06:34.9976187
768 10/12/2012 00:06:40.5054284
761 10/12/2012 00:06:45.9830382
741 10/12/2012 00:06:51.5698481
714 10/12/2012 00:06:57.1868580
715 10/12/2012 00:07:02.7882679
682 10/12/2012 00:07:08.5310781
642 10/12/2012 00:07:14.5536887
659 10/12/2012 00:07:20.3266989
139 10/12/2012 00:07:26.7549103
134 10/12/2012 00:07:33.3235219
131 10/12/2012 00:07:39.5333328
132 10/12/2012 00:07:45.3999432
142 10/12/2012 00:07:51.6575543
518 10/12/2012 00:07:57.4617645
345 10/12/2012 00:08:03.1099745
143 10/12/2012 00:08:09.2417853
135 10/12/2012 00:08:15.6251967
141 10/12/2012 00:08:21.4460071
637 10/12/2012 00:08:27.1410171
690 10/12/2012 00:08:32.7806275
680 10/12/2012 00:08:38.4288374
734 10/12/2012 00:08:44.3734479
752 10/12/2012 00:08:49.8188576
726 10/12/2012 00:08:55.8570682
677 10/12/2012 00:09:01.6778785
711 10/12/2012 00:09:07.2948885
712 10/12/2012 00:09:13.1302988
628 10/12/2012 00:09:19.1997095
036 10/12/2012 00:09:25.6435209
057 10/12/2012 00:09:31.6651314
066 10/12/2012 00:09:37.6775432
079 10/12/2012 00:09:43.7313539
593 10/12/2012 00:09:49.8787648
264 10/12/2012 00:09:56.1353758
582 10/12/2012 00:10:02.2057866
537 10/12/2012 00:10:08.1513971
396 10/12/2012 00:10:13.9088073
280 10/12/2012 00:10:19.6662175
284 10/12/2012 00:10:25.6732281
285 10/12/2012 00:10:32.0244393
290 10/12/2012 00:10:38.4526507
720 10/12/2012 00:10:44.3972612
673 10/12/2012 00:10:50.6382722
696 10/12/2012 00:10:56.2552821
697 10/12/2012 00:11:01.8586921
810 10/12/2012 00:11:07.3343017
821 10/12/2012 00:11:12.8743116
727 10/12/2012 00:11:18.9905224
724 10/12/2012 00:11:25.0131330
725 10/12/2012 00:11:31.0981438
730 10/12/2012 00:11:37.0739543
731 10/12/2012 00:11:42.9561647
639 10/12/2012 00:11:48.5741747
875 10/12/2012 00:11:54.6435854
291 10/12/2012 00:12:00.5257958
289 10/12/2012 00:12:06.6108065
287 10/12/2012 00:12:12.5554170
281 10/12/2012 00:12:18.5634277
583 10/12/2012 00:12:24.5080382
246 10/12/2012 00:12:30.2186483
250 10/12/2012 00:12:35.9760584
251 10/12/2012 00:12:41.8270688
252 10/12/2012 00:12:47.9578795
254 10/12/2012 00:12:53.7162898
248 10/12/2012 00:12:59.6765003
843 10/12/2012 00:13:05.7781111
668 10/12/2012 00:13:11.2869209
747 10/12/2012 00:13:17.2159314
660 10/12/2012 00:13:23.1605419
679 10/12/2012 00:13:28.7931518
247 10/12/2012 00:13:34.9259627
513 10/12/2012 00:13:40.9017732
535 10/12/2012 00:13:46.7879839
282 10/12/2012 00:13:52.2177935
283 10/12/2012 00:13:57.9596036
288 10/12/2012 00:14:03.4808150
297 10/12/2012 00:14:09.8184263
292 10/12/2012 00:14:16.2778377
105 10/12/2012 00:14:23.2208500
037 10/12/2012 00:14:29.7904616
038 10/12/2012 00:14:36.8270740
040 10/12/2012 00:14:43.5828859
018 10/12/2012 00:14:50.4020980
020 10/12/2012 00:14:58.7229130
025 10/12/2012 00:15:05.4641249
029 10/12/2012 00:15:12.6255376
030 10/12/2012 00:15:21.2075528
032 10/12/2012 00:15:26.8089626
033 10/12/2012 00:15:33.5813747
034 10/12/2012 00:15:40.6033871
035 10/12/2012 00:15:46.1423969
749 10/12/2012 00:15:53.0542091
750 10/12/2012 00:15:59.5760206
846 10/12/2012 00:16:07.4716346
868 10/12/2012 00:16:14.2274465
867 10/12/2012 00:16:21.1090587
835 10/12/2012 00:16:27.8532708
026 10/12/2012 00:16:34.9738837
027 10/12/2012 00:16:41.9958961
028 10/12/2012 00:16:49.0169085
019 10/12/2012 00:16:57.3493233
022 10/12/2012 00:17:03.6215344
023 10/12/2012 00:17:10.2213460
024 10/12/2012 00:17:16.8065577
120 10/12/2012 00:17:23.8587701
121 10/12/2012 00:17:30.5521819
122 10/12/2012 00:17:37.5897944
125 10/12/2012 00:17:44.5796067
078 10/12/2012 00:17:52.0852200
512 10/12/2012 00:17:58.6372315
526 10/12/2012 00:18:05.7986442
532 10/12/2012 00:18:12.3682558
508 10/12/2012 00:18:18.8276672
325 10/12/2012 00:18:25.3806788
041 10/12/2012 00:18:31.6060898
042 10/12/2012 00:18:38.3775017
045 10/12/2012 00:18:49.0499206
046 10/12/2012 00:18:55.7433324
047 10/12/2012 00:19:02.8433450
048 10/12/2012 00:19:10.2699581
049 10/12/2012 00:19:17.1193702
052 10/12/2012 00:19:24.0965826
054 10/12/2012 00:19:31.3349953
106 10/12/2012 00:19:38.4038079
633 10/12/2012 00:19:45.5808205
616 10/12/2012 00:19:52.8710336
722 10/12/2012 00:20:00.2196466
866 10/12/2012 00:20:06.5532577
912 10/12/2012 00:20:11.3434662
064 10/12/2012 00:20:18.2250784
070 10/12/2012 00:20:25.1056905
071 10/12/2012 00:20:32.8629044
072 10/12/2012 00:20:39.6041163
073 10/12/2012 00:20:47.9979311
055 10/12/2012 00:20:54.3949424
053 10/12/2012 00:21:01.2971549
050 10/12/2012 00:21:08.1153669
051 10/12/2012 00:21:15.1217794
043 10/12/2012 00:21:21.9867915
511 10/12/2012 00:21:28.5564031
240 10/12/2012 00:21:34.6102138
260 10/12/2012 00:21:40.8512248
578 10/12/2012 00:21:47.2326361
571 10/12/2012 00:21:52.6156456
591 10/12/2012 00:21:59.7936583
067 10/12/2012 00:22:09.4540755
068 10/12/2012 00:22:16.6838886
069 10/12/2012 00:22:25.3293039
065 10/12/2012 00:22:32.0539158
864 10/12/2012 00:22:39.1529283
865 10/12/2012 00:22:45.8151401
721 10/12/2012 00:22:52.9765527
710 10/12/2012 00:22:59.4763673
793 10/12/2012 00:23:05.4833779
794 10/12/2012 00:23:12.0519895
699 10/12/2012 00:23:18.6518012
644 10/12/2012 00:23:25.8600139
944 10/12/2012 00:23:32.7718261
945 10/12/2012 00:23:39.0908372
961 10/12/2012 00:23:45.2296484
997 10/12/2012 00:23:52.2350608
058 10/12/2012 00:23:59.9580744
059 10/12/2012 00:24:07.0726870
060 10/12/2012 00:24:14.0156992
061 10/12/2012 00:24:20.9627117
062 10/12/2012 00:24:27.7497237
063 10/12/2012 00:24:34.7239360
056 10/12/2012 00:24:41.9688797
585 10/12/2012 00:24:49.3072994
080 10/12/2012 00:24:56.3567026
081 10/12/2012 00:25:03.4821102
082 10/12/2012 00:25:10.0784874
084 10/12/2012 00:25:16.9228789
087 10/12/2012 00:25:24.1452920
088 10/12/2012 00:25:31.6027186
089 10/12/2012 00:25:38.5621166
090 10/12/2012 00:25:45.1534936
092 10/12/2012 00:25:52.7209265
093 10/12/2012 00:25:59.4543116
094 10/12/2012 00:26:05.5236587
936 10/12/2012 00:26:15.5872343
943 10/12/2012 00:26:22.1876119
856 10/12/2012 00:26:27.9289402
829 10/12/2012 00:26:34.1852981
770 10/12/2012 00:26:39.4255978
728 10/12/2012 00:26:45.9479709
656 10/12/2012 00:26:52.3043344
869 10/12/2012 00:26:58.5956943
937 10/12/2012 00:27:10.0033468
938 10/12/2012 00:27:25.1292119
095 10/12/2012 00:27:31.9346012
085 10/12/2012 00:27:39.3220237
086 10/12/2012 00:27:46.6374421
083 10/12/2012 00:27:53.2128182
074 10/12/2012 00:28:00.1822168
075 10/12/2012 00:28:06.8435978
076 10/12/2012 00:28:13.7549931
573 10/12/2012 00:28:20.5183800
575 10/12/2012 00:28:27.7847956
017 10/12/2012 00:28:34.7741954
126 10/12/2012 00:28:41.9716070
128 10/12/2012 00:28:49.5220389
129 10/12/2012 00:28:56.6054440
130 10/12/2012 00:29:03.2958267
900 10/12/2012 00:29:09.1461613
702 10/12/2012 00:29:16.1445616
839 10/12/2012 00:29:23.9970108
817 10/12/2012 00:29:30.0053544
816 10/12/2012 00:29:35.7876851
778 10/12/2012 00:29:41.5510148
666 10/12/2012 00:29:48.4374087
858 10/12/2012 00:29:54.3237453
123 10/12/2012 00:30:02.1611936
124 10/12/2012 00:30:08.8135741
103 10/12/2012 00:30:15.5349586
567 10/12/2012 00:30:22.2613433
555 10/12/2012 00:30:29.2817448
109 10/12/2012 00:30:36.0011292
112 10/12/2012 00:30:43.0335314
115 10/12/2012 00:30:49.5539043
117 10/12/2012 00:30:56.2732887
118 10/12/2012 00:31:03.6287094
119 10/12/2012 00:31:10.0590772
852 10/12/2012 00:31:15.4933880
876 10/12/2012 00:31:22.1287675
953 10/12/2012 00:31:28.2741190
670 10/12/2012 00:31:34.7264881
834 10/12/2012 00:31:41.4368719
784 10/12/2012 00:31:47.3562104
812 10/12/2012 00:31:53.2955501
947 10/12/2012 00:31:59.9229292
104 10/12/2012 00:32:07.5503655
096 10/12/2012 00:32:14.3567548
097 10/12/2012 00:32:21.3621555
098 10/12/2012 00:32:27.8665275
099 10/12/2012 00:32:36.5740255
100 10/12/2012 00:32:43.6374295
101 10/12/2012 00:32:50.2728091
549 10/12/2012 00:32:57.2192064
566 10/12/2012 00:33:04.0595976
559 10/12/2012 00:33:10.9019890
107 10/12/2012 00:33:17.6163730
116 10/12/2012 00:33:24.2407519
113 10/12/2012 00:33:30.7481241
114 10/12/2012 00:33:37.4865095
110 10/12/2012 00:33:44.2888986
111 10/12/2012 00:33:51.0212837
836 10/12/2012 00:33:58.2226956
837 10/12/2012 00:34:05.3211016
838 10/12/2012 00:34:11.8434746
962 10/12/2012 00:34:17.0177706
897 10/12/2012 00:34:23.0371149
745 10/12/2012 00:34:30.4425384
102 10/12/2012 00:34:36.0978619
543 10/12/2012 00:34:43.2112688
522 10/12/2012 00:34:51.0627178
293 10/12/2012 00:34:57.7941029
262 10/12/2012 00:35:06.4145959
259 10/12/2012 00:35:13.6460095
267 10/12/2012 00:35:20.3903953
273 10/12/2012 00:35:27.2897899
274 10/12/2012 00:35:34.1831842
275 10/12/2012 00:35:40.5995512
266 10/12/2012 00:35:48.2609894
263 10/12/2012 00:35:55.1543837
261 10/12/2012 00:36:02.0957807
255 10/12/2012 00:36:08.7911637
256 10/12/2012 00:36:15.8855694
257 10/12/2012 00:36:24.8810839
258 10/12/2012 00:36:34.7366477
563 10/12/2012 00:36:41.3200242
766 10/12/2012 00:36:47.6203846
828 10/12/2012 00:36:53.9467464
676 10/12/2012 00:37:00.3941152
783 10/12/2012 00:37:06.5524674
775 10/12/2012 00:37:12.8808294
514 10/12/2012 00:37:19.4672061
294 10/12/2012 00:37:27.2456510
296 10/12/2012 00:37:33.8550290
265 10/12/2012 00:37:40.8504291
269 10/12/2012 00:37:48.1538469
272 10/12/2012 00:37:54.7252227
277 10/12/2012 00:38:01.4736087
278 10/12/2012 00:38:08.6160172
279 10/12/2012 00:38:15.6044170
249 10/12/2012 00:38:22.2597976
253 10/12/2012 00:38:29.3162012
241 10/12/2012 00:38:36.5236135
242 10/12/2012 00:38:43.6730224
243 10/12/2012 00:38:50.2373979
244 10/12/2012 00:38:57.0927900
245 10/12/2012 00:39:04.1561940
557 10/12/2012 00:39:11.2676007
779 10/12/2012 00:39:17.4859564
786 10/12/2012 00:39:24.2153413
787 10/12/2012 00:39:30.5087012
827 10/12/2012 00:39:36.6600531
693 10/12/2012 00:39:44.0194740
662 10/12/2012 00:39:51.1088795
842 10/12/2012 00:39:57.7102571
788 10/12/2012 00:40:04.1986282
729 10/12/2012 00:40:11.3450369
295 10/12/2012 00:40:18.1264248
523 10/12/2012 00:40:24.6347971
509 10/12/2012 00:40:31.4231853
510 10/12/2012 00:40:38.1635709
276 10/12/2012 00:40:44.8979561
268 10/12/2012 00:40:51.8483536
044 10/12/2012 00:40:58.7917507
207 10/12/2012 00:41:06.0171640
208 10/12/2012 00:41:12.6405428
209 10/12/2012 00:41:19.0649103
210 10/12/2012 00:41:26.7093475
215 10/12/2012 00:41:33.6407440
216 10/12/2012 00:41:40.2851240
217 10/12/2012 00:41:47.1875188
218 10/12/2012 00:41:53.8318989
796 10/12/2012 00:41:59.6702328
797 10/12/2012 00:42:05.3575581
650 10/12/2012 00:42:11.9349343
651 10/12/2012 00:42:18.4713081
674 10/12/2012 00:42:24.9426783
675 10/12/2012 00:42:31.7130655
874 10/12/2012 00:42:38.8884759
996 10/12/2012 00:42:45.9508799
193 10/12/2012 00:42:53.2052948
194 10/12/2012 00:42:58.2575838
195 10/12/2012 00:43:05.5760024
196 10/12/2012 00:43:12.9974269
197 10/12/2012 00:43:20.4658540
198 10/12/2012 00:43:27.8362756
199 10/12/2012 00:43:34.4986567
201 10/12/2012 00:43:41.3630493
202 10/12/2012 00:43:48.6664670
203 10/12/2012 00:43:55.5858628
204 10/12/2012 00:44:02.5392605
205 10/12/2012 00:44:09.4786574
191 10/12/2012 00:44:15.9630283
219 10/12/2012 00:44:23.8584799
222 10/12/2012 00:44:29.6068087
223 10/12/2012 00:44:36.3081920
224 10/12/2012 00:44:43.0795793
225 10/12/2012 00:44:49.7389602
226 10/12/2012 00:44:56.4053415
227 10/12/2012 00:45:03.6687569
228 10/12/2012 00:45:11.4342011
229 10/12/2012 00:45:19.1816442
230 10/12/2012 00:45:26.9290873
698 10/12/2012 00:45:33.5404655
634 10/12/2012 00:45:40.4638615
753 10/12/2012 00:45:47.4282598
754 10/12/2012 00:45:54.3476556
755 10/12/2012 00:46:01.1530448
645 10/12/2012 00:46:07.6934189
993 10/12/2012 00:46:14.6748182
949 10/12/2012 00:46:21.7692240
872 10/12/2012 00:46:29.5736704
221 10/12/2012 00:46:37.2671104
212 10/12/2012 00:46:44.8535443
214 10/12/2012 00:46:52.0389553
206 10/12/2012 00:46:58.9993534
595 10/12/2012 00:47:06.2657691
539 10/12/2012 00:47:13.7211955
157 10/12/2012 00:47:20.8176014
159 10/12/2012 00:47:28.0370143
145 10/12/2012 00:47:34.6393919
147 10/12/2012 00:47:41.9938126
149 10/12/2012 00:47:49.1242204
151 10/12/2012 00:47:59.0847901
853 10/12/2012 00:48:06.4582119
678 10/12/2012 00:48:13.0635897
764 10/12/2012 00:48:19.8719791
806 10/12/2012 00:48:26.0573329
808 10/12/2012 00:48:32.1256800
798 10/12/2012 00:48:38.2800320
744 10/12/2012 00:48:45.1574253
716 10/12/2012 00:48:52.1618260
657 10/12/2012 00:48:58.9032115
146 10/12/2012 00:49:04.9425570
144 10/12/2012 00:49:12.1419688
160 10/12/2012 00:49:20.1704280
161 10/12/2012 00:49:27.0418210
153 10/12/2012 00:49:34.9572737
154 10/12/2012 00:49:41.5256494
529 10/12/2012 00:49:48.5540514
530 10/12/2012 00:49:55.7114608
588 10/12/2012 00:50:02.3538407
584 10/12/2012 00:50:09.7762653
305 10/12/2012 00:50:16.3786429
155 10/12/2012 00:50:23.4130452
156 10/12/2012 00:50:30.4104455
158 10/12/2012 00:50:37.2808384
152 10/12/2012 00:50:44.4432481
758 10/12/2012 00:50:51.0466258
813 10/12/2012 00:50:57.0209675
972 10/12/2012 00:51:02.1932633
974 10/12/2012 00:51:07.1435465
870 10/12/2012 00:51:14.1969499
801 10/12/2012 00:51:20.4893098
809 10/12/2012 00:51:26.2346384
738 10/12/2012 00:51:32.7410106
609 10/12/2012 00:51:39.5494000
597 10/12/2012 00:51:46.5858024
163 10/12/2012 00:51:56.9583957
176 10/12/2012 00:52:03.6437781
177 10/12/2012 00:52:11.4022219
178 10/12/2012 00:52:18.7146401
180 10/12/2012 00:52:26.3270755
181 10/12/2012 00:52:32.9864564
182 10/12/2012 00:52:39.9128526
183 10/12/2012 00:52:46.5522323
184 10/12/2012 00:52:53.2206137
185 10/12/2012 00:52:59.8229914
186 10/12/2012 00:53:06.5123740
188 10/12/2012 00:53:13.3897673
189 10/12/2012 00:53:20.4401706
190 10/12/2012 00:53:26.7565319
636 10/12/2012 00:53:33.3369083
751 10/12/2012 00:53:39.6052668
823 10/12/2012 00:53:45.9636305
601 10/12/2012 00:53:52.6530131
614 10/12/2012 00:53:59.3013933
705 10/12/2012 00:54:05.7317611
901 10/12/2012 00:54:11.6611003
987 10/12/2012 00:54:23.6177842
994 10/12/2012 00:54:30.4811767
179 10/12/2012 00:54:37.1205565
173 10/12/2012 00:54:44.2069618
174 10/12/2012 00:54:51.3203687
580 10/12/2012 00:54:57.6227291
318 10/12/2012 00:55:04.7021340
374 10/12/2012 00:55:11.0564975
504 10/12/2012 00:55:18.0218959
164 10/12/2012 00:55:25.6273309
171 10/12/2012 00:55:32.9017470
707 10/12/2012 00:55:39.3361150
685 10/12/2012 00:55:45.9614939
686 10/12/2012 00:55:52.2878558
603 10/12/2012 00:55:58.8312301
669 10/12/2012 00:56:06.0526431
736 10/12/2012 00:56:12.5310136
737 10/12/2012 00:56:19.2103957
635 10/12/2012 00:56:25.6947666
706 10/12/2012 00:56:31.8031159
999 10/12/2012 00:56:38.6295064
165 10/12/2012 00:56:45.6539082
166 10/12/2012 00:56:52.0402734
167 10/12/2012 00:56:58.7636580
168 10/12/2012 00:57:05.4380397
169 10/12/2012 00:57:11.9424118
170 10/12/2012 00:57:19.0608189
505 10/12/2012 00:57:25.5621908
337 10/12/2012 00:57:31.9295550
556 10/12/2012 00:57:37.3798667
544 10/12/2012 00:57:44.1232524
236 10/12/2012 00:57:51.0136465
237 10/12/2012 00:57:58.5620783
232 10/12/2012 00:58:07.2595757
234 10/12/2012 00:58:14.5519928
607 10/12/2012 00:58:21.4673884
647 10/12/2012 00:58:27.9197574
743 10/12/2012 00:58:34.6561427
824 10/12/2012 00:58:40.9235012
762 10/12/2012 00:58:47.3628695
998 10/12/2012 00:58:54.1352569
969 10/12/2012 00:58:59.4095585
873 10/12/2012 00:59:06.3899578
534 10/12/2012 00:59:13.1763460
596 10/12/2012 00:59:20.1827467
525 10/12/2012 00:59:26.9051312
503 10/12/2012 00:59:33.8885306
594 10/12/2012 00:59:40.8329278
235 10/12/2012 00:59:48.3363570
231 10/12/2012 00:59:55.5417691
799 10/12/2012 01:00:01.7471240
655 10/12/2012 01:00:08.5865152
598 10/12/2012 01:00:15.7839269
700 10/12/2012 01:00:21.8242724
704 10/12/2012 01:00:28.2446396
617 10/12/2012 01:00:35.0060263
648 10/12/2012 01:00:41.6904087
646 10/12/2012 01:00:48.4797970
825 10/12/2012 01:00:54.4801402
238 10/12/2012 01:01:01.4765404
239 10/12/2012 01:01:08.0219147
192 10/12/2012 01:01:15.0373160
Insert Area--BOHOL-REGION-AREA1 10/12/2012 01:01:17.2784442
Insert Area--BOHOL-REGION-AREA2 10/12/2012 01:01:19.4115662
Insert Area--BOHOL-REGION-AREA3 10/12/2012 01:01:21.5446882
Insert Area--CAAR-REGION-AREA1 10/12/2012 01:01:23.6738100
Insert Area--CAAR-REGION-AREA2 10/12/2012 01:01:25.8069320
Insert Area--CAAR-REGION-AREA3 10/12/2012 01:01:27.9400540
Insert Area--CAAR-REGION-AREA4 10/12/2012 01:01:30.0871768
Insert Area--CAAR-REGION-AREA5 10/12/2012 01:01:32.2342996
Insert Area--Cebu Central A 10/12/2012 01:01:34.3784223
Insert Area--Cebu Central B 10/12/2012 01:01:36.5235449
Insert Area--Cebu Central C 10/12/2012 01:01:38.6626673
Insert Area--Cebu Central D 10/12/2012 01:01:40.7997895
Insert Area--Cebu North A 10/12/2012 01:01:42.9609131
Insert Area--Cebu North B 10/12/2012 01:01:45.1120362
Insert Area--Cebu North C 10/12/2012 01:01:47.2701596
Insert Area--Cebu North D 10/12/2012 01:01:49.4112821
Insert Area--Cebu South A 10/12/2012 01:01:51.5594050
Insert Area--Cebu South B 10/12/2012 01:01:53.7035276
Insert Area--Cebu South C 10/12/2012 01:01:55.8596509
Insert Area--CEBU SOUTH D 10/12/2012 01:01:58.0067737
Insert Area--CEBU SOUTH E 10/12/2012 01:02:00.2249006
Insert Area--COMADAVSUR-REGION-AREA3 10/12/2012 01:02:02.3900244
Insert Area--GUIMARAS-ILOILO-REGION-AREA1 10/12/2012 01:02:04.5891502
Insert Area--GUIMARAS-ILOILO-REGION-AREA2 10/12/2012 01:02:06.7352730
Insert Area--GUIMARAS-ILOILO-REGION-AREA3 10/12/2012 01:02:08.9063971
Insert Area--GUIMARAS-ILOILO-REGION-AREA4 10/12/2012 01:02:11.3115347
Insert Area--GUIMARAS-ILOILO-REGION-AREA5 10/12/2012 01:02:13.4856591
Insert Area--LEYTE-REGION-AREA1 10/12/2012 01:02:15.6577833
Insert Area--LEYTE-REGION-AREA2 10/12/2012 01:02:17.8179069
Insert Area--LEYTE-REGION-AREA3 10/12/2012 01:02:19.9870309
Insert Area--LEYTE-REGION-AREA4 10/12/2012 01:02:22.1511547
Insert Area--NEG.OR-SIQUIJOR-REGION-AREA1 10/12/2012 01:02:24.3852825
Insert Area--NEG.OR-SIQUIJOR-REGION-AREA2 10/12/2012 01:02:26.5724076
Insert Area--NEG.OR-SIQUIJOR-REGION-AREA3 10/12/2012 01:02:28.7135300
Insert Area--NEGROS-OCC-REGION-AREA1 10/12/2012 01:02:30.8636530
Insert Area--NEGROS-OCC-REGION-AREA2 10/12/2012 01:02:32.9937749
Insert Area--NEGROS-OCC-REGION-AREA3 10/12/2012 01:02:35.1268969
Insert Area--NEGROS-OCC-REGION-AREA4 10/12/2012 01:02:37.2870204
Insert Area--NEGROS-OCC-REGION-AREA5 10/12/2012 01:02:39.4281429
Insert Area--SAMAR-REGION-AREA1 10/12/2012 01:02:41.5762658
Insert Area--SAMAR-REGION-AREA2 10/12/2012 01:02:43.7523902
Insert Area--SAMAR-REGION-AREA3 10/12/2012 01:02:45.9095136
Insert Area--SAMAR-REGION-AREA4 10/12/2012 01:02:48.0526362
Insert region--BOHOL-REGION 10/12/2012 01:02:48.8256804
Insert region--CAAR-REGION 10/12/2012 01:02:49.1366982
Insert region--Cebu Central 10/12/2012 01:02:49.4397155
Insert region--Cebu North 10/12/2012 01:02:49.7677343
Insert region--Cebu South 10/12/2012 01:02:50.0807522
Insert region--COMADAVSUR-REGION 10/12/2012 01:02:50.3897699
Insert region--GUIMARAS-ILOILO-REGION 10/12/2012 01:02:50.6947873
Insert region--LEYTE-REGION 10/12/2012 01:02:51.0198059
Insert region--NEG.OR-SIQUIJOR-REGION 10/12/2012 01:02:51.3348239
Insert region--NEGROS-OCC-REGION 10/12/2012 01:02:51.6648428
Insert region--SAMAR-REGION 10/12/2012 01:02:51.9758606
Insert Vismin Wide--  10/12/2012 01:07:21.5002765
Update--021 10/11/2012 01:08:29.3471571
Update--133 10/11/2012 01:08:39.6867485
Update--137 10/11/2012 01:08:51.5944296
Update--138 10/11/2012 01:08:58.0948014
Update--140 10/11/2012 01:09:04.5981734
Update--613 10/11/2012 01:09:11.0805441
Update--638 10/11/2012 01:09:17.6839218
Update--681 10/11/2012 01:09:24.1452914
Update--708 10/11/2012 01:09:30.3776479
Update--717 10/11/2012 01:09:36.7410118
Update--769 10/11/2012 01:09:43.3103876
Update--804 10/11/2012 01:09:48.9797118
Update--871 10/11/2012 01:09:55.5880898
Update--950 10/11/2012 01:10:02.0264581
Update--952 10/11/2012 01:10:08.9988569
Update--951 10/11/2012 01:10:15.2862165
Update--768 10/11/2012 01:10:21.3795650
Update--761 10/11/2012 01:10:27.1518952
Update--741 10/11/2012 01:10:33.4072529
Update--714 10/11/2012 01:10:39.9156252
Update--715 10/11/2012 01:10:45.9439700
Update--682 10/11/2012 01:10:52.2413302
Update--642 10/11/2012 01:10:58.7887047
Update--659 10/11/2012 01:11:04.9050545
Update--139 10/11/2012 01:11:11.7594466
Update--134 10/11/2012 01:11:19.1448690
Update--131 10/11/2012 01:11:26.3072786
Update--132 10/11/2012 01:11:33.3156795
Update--142 10/11/2012 01:11:40.2570765
Update--518 10/11/2012 01:11:46.5054339
Update--345 10/11/2012 01:11:52.6407848
Update--143 10/11/2012 01:11:59.0561518
Update--135 10/11/2012 01:12:06.0405513
Update--141 10/11/2012 01:12:12.6709305
Update--637 10/11/2012 01:12:19.0712966
Update--690 10/11/2012 01:12:25.4186596
Update--680 10/11/2012 01:12:31.3229973
Update--734 10/11/2012 01:12:37.8013679
Update--752 10/11/2012 01:12:43.6907047
Update--726 10/11/2012 01:12:50.5850991
Update--677 10/11/2012 01:12:57.2294791
Update--711 10/11/2012 01:13:03.7198503
Update--712 10/11/2012 01:13:09.7601958
Update--628 10/11/2012 01:13:16.5555845
Update--036 10/11/2012 01:13:23.3679741
Update--057 10/11/2012 01:13:30.1223605
Update--066 10/11/2012 01:13:36.8917477
Update--079 10/11/2012 01:13:43.8141436
Update--593 10/11/2012 01:13:50.7015375
Update--264 10/11/2012 01:13:57.6249335
Update--582 10/11/2012 01:14:04.2953150
Update--537 10/11/2012 01:14:10.7616849
Update--396 10/11/2012 01:14:17.0170427
Update--280 10/11/2012 01:14:23.2824010
Update--284 10/11/2012 01:14:30.1817957
Update--285 10/11/2012 01:14:37.4212097
Update--290 10/11/2012 01:14:44.5536177
Update--720 10/11/2012 01:14:50.9479834
Update--673 10/11/2012 01:14:57.7583730
Update--696 10/11/2012 01:15:03.8507214
Update--697 10/11/2012 01:15:09.8310635
Update--810 10/11/2012 01:15:15.7554023
Update--821 10/11/2012 01:15:21.9267553
Update--727 10/11/2012 01:15:28.5731355
Update--724 10/11/2012 01:15:35.2705185
Update--725 10/11/2012 01:15:41.8818967
Update--730 10/11/2012 01:15:48.3812684
Update--731 10/11/2012 01:15:54.9886463
Update--639 10/11/2012 01:16:01.3510103
Update--875 10/11/2012 01:16:08.9644457
Update--291 10/11/2012 01:16:15.8058370
Update--289 10/11/2012 01:16:23.1032544
Update--287 10/11/2012 01:16:29.6306278
Update--281 10/11/2012 01:16:36.1199989
Update--583 10/11/2012 01:16:43.1424006
Update--246 10/11/2012 01:16:49.9297888
Update--250 10/11/2012 01:16:56.7061764
Update--251 10/11/2012 01:17:03.2155487
Update--252 10/11/2012 01:17:10.1289441
Update--254 10/11/2012 01:17:16.6553174
Update--248 10/11/2012 01:17:23.4417056
Update--843 10/11/2012 01:17:33.9153046
Update--668 10/11/2012 01:17:40.4146764
Update--747 10/11/2012 01:17:47.2480672
Update--660 10/11/2012 01:17:53.9864526
Update--679 10/11/2012 01:18:00.1218036
Update--247 10/11/2012 01:18:07.3392164
Update--513 10/11/2012 01:18:14.4576235
Update--535 10/11/2012 01:18:20.9849969
Update--282 10/11/2012 01:18:27.4893689
Update--283 10/11/2012 01:18:34.2237541
Update--288 10/11/2012 01:18:40.4511103
Update--297 10/11/2012 01:18:47.2374984
Update--292 10/11/2012 01:18:53.5148575
Update--105 10/11/2012 01:19:00.4632549
Update--037 10/11/2012 01:19:07.1266360
Update--038 10/11/2012 01:19:14.2460432
Update--040 10/11/2012 01:19:21.1054355
Update--018 10/11/2012 01:19:27.9168251
Update--020 10/11/2012 01:19:35.4612567
Update--025 10/11/2012 01:19:42.1536394
Update--029 10/11/2012 01:19:49.1180378
Update--030 10/11/2012 01:19:57.1384965
Update--032 10/11/2012 01:20:02.7308164
Update--033 10/11/2012 01:20:09.3321940
Update--034 10/11/2012 01:20:16.2295885
Update--035 10/11/2012 01:20:21.8409094
Update--749 10/11/2012 01:20:28.7603052
Update--750 10/11/2012 01:20:35.1486706
Update--846 10/11/2012 01:20:42.8961137
Update--868 10/11/2012 01:20:49.4244871
Update--867 10/11/2012 01:20:56.3038806
Update--835 10/11/2012 01:21:02.9932632
Update--026 10/11/2012 01:21:09.8866575
Update--027 10/11/2012 01:21:16.7530502
Update--028 10/11/2012 01:21:23.7184486
Update--019 10/11/2012 01:21:31.5258952
Update--022 10/11/2012 01:21:37.6472453
Update--023 10/11/2012 01:21:43.9486057
Update--024 10/11/2012 01:21:50.3269705
Update--120 10/11/2012 01:21:57.5603843
Update--121 10/11/2012 01:22:04.2617676
Update--122 10/11/2012 01:22:11.2331663
Update--125 10/11/2012 01:22:18.1725632
Update--078 10/11/2012 01:22:26.0410133
Update--512 10/11/2012 01:22:32.4883820
Update--526 10/11/2012 01:22:39.2877709
Update--532 10/11/2012 01:22:45.8581467
Update--508 10/11/2012 01:22:52.1195049
Update--325 10/11/2012 01:22:58.5568731
Update--041 10/11/2012 01:23:04.8992358
Update--042 10/11/2012 01:23:11.5846182
Update--045 10/11/2012 01:23:22.1522226
Update--046 10/11/2012 01:23:28.6385936
Update--047 10/11/2012 01:23:35.7790020
Update--048 10/11/2012 01:23:42.9984150
Update--049 10/11/2012 01:23:49.6827973
Update--052 10/11/2012 01:23:56.6991986
Update--054 10/11/2012 01:24:03.9736147
Update--106 10/11/2012 01:24:10.9830156
Update--633 10/11/2012 01:24:17.8714096
Update--616 10/11/2012 01:24:25.3878395
Update--722 10/11/2012 01:24:32.1462261
Update--866 10/11/2012 01:24:38.6045955
Update--912 10/11/2012 01:24:43.4408721
Update--064 10/11/2012 01:24:50.4102707
Update--070 10/11/2012 01:24:57.3006648
Update--071 10/11/2012 01:25:04.5900817
Update--072 10/11/2012 01:25:11.3594689
Update--073 10/11/2012 01:25:19.3969287
Update--055 10/11/2012 01:25:25.8522979
Update--053 10/11/2012 01:25:32.7636932
Update--050 10/11/2012 01:25:39.4760771
Update--051 10/11/2012 01:25:46.3414698
Update--043 10/11/2012 01:25:53.5358813
Update--511 10/11/2012 01:26:00.2522654
Update--240 10/11/2012 01:26:06.4186181
Update--260 10/11/2012 01:26:12.7379796
Update--578 10/11/2012 01:26:19.2563524
Update--571 10/11/2012 01:26:24.6996638
Update--591 10/11/2012 01:26:31.8250713
Update--067 10/11/2012 01:26:41.3046135
Update--068 10/11/2012 01:26:48.4710234
Update--069 10/11/2012 01:26:56.7164950
Update--065 10/11/2012 01:27:03.5058833
Update--864 10/11/2012 01:27:10.5502863
Update--865 10/11/2012 01:27:17.2896717
Update--721 10/11/2012 01:27:24.3840775
Update--710 10/11/2012 01:27:30.9184513
Update--793 10/11/2012 01:27:36.7557851
Update--794 10/11/2012 01:27:43.1501509
Update--699 10/11/2012 01:27:49.7815302
Update--644 10/11/2012 01:27:56.8829363
Update--944 10/11/2012 01:28:03.9473404
Update--945 10/11/2012 01:28:10.3497066
Update--961 10/11/2012 01:28:16.4750569
Update--997 10/11/2012 01:28:23.4084535
Update--058 10/11/2012 01:28:31.1798980
Update--059 10/11/2012 01:28:38.5743209
Update--060 10/11/2012 01:28:45.6047231
Update--061 10/11/2012 01:28:52.8081351
Update--062 10/11/2012 01:28:59.5715219
Update--063 10/11/2012 01:29:06.5169192
Update--056 10/11/2012 01:29:13.3393094
Update--585 10/11/2012 01:29:20.6917299
Update--080 10/11/2012 01:29:27.9381444
Update--081 10/11/2012 01:29:35.1925593
Update--082 10/11/2012 01:29:41.8349392
Update--084 10/11/2012 01:29:49.0813537
Update--087 10/11/2012 01:29:55.6957320
Update--088 10/11/2012 01:30:02.9561473
Update--089 10/11/2012 01:30:10.0885553
Update--090 10/11/2012 01:30:16.6699317
Update--092 10/11/2012 01:30:24.3303698
Update--093 10/11/2012 01:30:31.0137521
Update--094 10/11/2012 01:30:37.2191070
Update--936 10/11/2012 01:30:47.5656988
Update--943 10/11/2012 01:30:54.0650706
Update--856 10/11/2012 01:31:00.3184282
Update--829 10/11/2012 01:31:07.5178400
Update--770 10/11/2012 01:31:13.1721634
Update--728 10/11/2012 01:31:20.3645748
Update--656 10/11/2012 01:31:27.8190012
Update--869 10/11/2012 01:31:35.0644156
Update--937 10/11/2012 01:31:47.4331231
Update--938 10/11/2012 01:32:04.4070939
Update--095 10/11/2012 01:32:12.0195293
Update--085 10/11/2012 01:32:20.5870193
Update--086 10/11/2012 01:32:28.5104725
Update--083 10/11/2012 01:32:35.5448749
Update--074 10/11/2012 01:32:42.9482983
Update--075 10/11/2012 01:32:50.0797062
Update--076 10/11/2012 01:32:57.7351441
Update--573 10/11/2012 01:33:05.6405963
Update--575 10/11/2012 01:33:13.7200584
Update--017 10/11/2012 01:33:21.4234990
Update--126 10/11/2012 01:33:29.3149504
Update--128 10/11/2012 01:33:38.4434725
Update--129 10/11/2012 01:33:46.7969503
Update--130 10/11/2012 01:33:53.8463535
Update--900 10/11/2012 01:34:00.2177179
Update--702 10/11/2012 01:34:07.8041518
Update--839 10/11/2012 01:34:16.2446346
Update--817 10/11/2012 01:34:22.5679963
Update--816 10/11/2012 01:34:28.6623448
Update--778 10/11/2012 01:34:34.7416926
Update--666 10/11/2012 01:34:42.5391385
Update--858 10/11/2012 01:34:48.9965079
Update--123 10/11/2012 01:34:57.6450025
Update--124 10/11/2012 01:35:04.5483974
Update--103 10/11/2012 01:35:11.4077897
Update--567 10/11/2012 01:35:19.1032299
Update--555 10/11/2012 01:35:26.3776460
Update--109 10/11/2012 01:35:34.4841096
Update--112 10/11/2012 01:35:42.1095458
Update--115 10/11/2012 01:35:49.0829446
Update--117 10/11/2012 01:35:56.0763446
Update--118 10/11/2012 01:36:04.1138043
Update--119 10/11/2012 01:36:10.7011811
Update--852 10/11/2012 01:36:16.4005071
Update--876 10/11/2012 01:36:23.5469159
Update--953 10/11/2012 01:36:30.0522879
Update--670 10/11/2012 01:36:37.0976909
Update--834 10/11/2012 01:36:44.3001029
Update--784 10/11/2012 01:36:50.1404369
Update--812 10/11/2012 01:36:56.2827882
Update--947 10/11/2012 01:37:03.3451922
Update--104 10/11/2012 01:37:11.6266659
Update--096 10/11/2012 01:37:18.6300664
Update--097 10/11/2012 01:37:26.7725322
Update--098 10/11/2012 01:37:33.7549315
Update--099 10/11/2012 01:37:43.6844995
Update--100 10/11/2012 01:37:51.0579212
Update--101 10/11/2012 01:37:58.7023584
Update--549 10/11/2012 01:38:06.3457956
Update--566 10/11/2012 01:38:13.8342239
Update--559 10/11/2012 01:38:22.2157033
Update--107 10/11/2012 01:38:29.9791474
Update--116 10/11/2012 01:38:37.5195787
Update--113 10/11/2012 01:38:44.6059840
Update--114 10/11/2012 01:38:51.9804058
Update--110 10/11/2012 01:38:59.3648281
Update--111 10/11/2012 01:39:07.0292665
Update--836 10/11/2012 01:39:14.9447193
Update--837 10/11/2012 01:39:23.5652123
Update--838 10/11/2012 01:39:30.6456173
Update--962 10/11/2012 01:39:35.9679217
Update--897 10/11/2012 01:39:42.1722766
Update--745 10/11/2012 01:39:50.0787288
Update--102 10/11/2012 01:39:55.7940557
Update--543 10/11/2012 01:40:03.0364699
Update--522 10/11/2012 01:40:11.1729353
Update--293 10/11/2012 01:40:17.9223214
Update--262 10/11/2012 01:40:25.8397742
Update--259 10/11/2012 01:40:33.0021839
Update--267 10/11/2012 01:40:39.6045615
Update--273 10/11/2012 01:40:46.4439527
Update--274 10/11/2012 01:40:53.1693374
Update--275 10/11/2012 01:40:59.5587028
Update--266 10/11/2012 01:41:07.1121349
Update--263 10/11/2012 01:41:14.0335307
Update--261 10/11/2012 01:41:20.8869227
Update--255 10/11/2012 01:41:27.5583043
Update--256 10/11/2012 01:41:34.5317032
Update--257 10/11/2012 01:41:43.0331894
Update--258 10/11/2012 01:41:52.4097257
Update--563 10/11/2012 01:41:58.8560944
Update--766 10/11/2012 01:42:04.8784389
Update--828 10/11/2012 01:42:10.8937830
Update--676 10/11/2012 01:42:17.0351342
Update--783 10/11/2012 01:42:23.0244768
Update--775 10/11/2012 01:42:29.2978356
Update--514 10/11/2012 01:42:35.9432157
Update--294 10/11/2012 01:42:43.5446505
Update--296 10/11/2012 01:42:50.1050257
Update--265 10/11/2012 01:42:56.9564176
Update--269 10/11/2012 01:43:04.2178329
Update--272 10/11/2012 01:43:10.7532067
Update--277 10/11/2012 01:43:17.4215881
Update--278 10/11/2012 01:43:24.6089992
Update--279 10/11/2012 01:43:31.4643913
Update--249 10/11/2012 01:43:38.2077770
Update--253 10/11/2012 01:43:45.0281671
Update--241 10/11/2012 01:43:51.9965657
Update--242 10/11/2012 01:43:58.9719647
Update--243 10/11/2012 01:44:05.3973322
Update--244 10/11/2012 01:44:12.3307288
Update--245 10/11/2012 01:44:19.4561363
Update--557 10/11/2012 01:44:26.5585425
Update--779 10/11/2012 01:44:32.8139003
Update--786 10/11/2012 01:44:39.4072774
Update--787 10/11/2012 01:44:45.5356280
Update--827 10/11/2012 01:44:51.6359769
Update--693 10/11/2012 01:44:58.8133874
Update--662 10/11/2012 01:45:05.8427895
Update--842 10/11/2012 01:45:12.3631624
Update--788 10/11/2012 01:45:18.8095311
Update--729 10/11/2012 01:45:25.6939249
Update--295 10/11/2012 01:45:32.5693181
Update--523 10/11/2012 01:45:39.0756903
Update--509 10/11/2012 01:45:45.7290708
Update--510 10/11/2012 01:45:52.4094529
Update--276 10/11/2012 01:45:58.9758285
Update--268 10/11/2012 01:46:05.8222201
Update--044 10/11/2012 01:46:12.5756064
Update--207 10/11/2012 01:46:19.7160148
Update--208 10/11/2012 01:46:26.1823846
Update--209 10/11/2012 01:46:32.5577493
Update--210 10/11/2012 01:46:39.6891572
Update--215 10/11/2012 01:46:46.5575500
Update--216 10/11/2012 01:46:53.2149308
Update--217 10/11/2012 01:47:00.0303206
Update--218 10/11/2012 01:47:06.8217091
Update--796 10/11/2012 01:47:12.6110402
Update--797 10/11/2012 01:47:18.2283615
Update--650 10/11/2012 01:47:24.7577350
Update--651 10/11/2012 01:47:31.1671015
Update--674 10/11/2012 01:47:37.5254652
Update--675 10/11/2012 01:47:44.0468382
Update--874 10/11/2012 01:47:51.2892525
Update--996 10/11/2012 01:47:58.3226548
Update--193 10/11/2012 01:48:05.5140661
Update--194 10/11/2012 01:48:10.4813502
Update--195 10/11/2012 01:48:17.7327650
Update--196 10/11/2012 01:48:25.0801852
Update--197 10/11/2012 01:48:32.1955922
Update--198 10/11/2012 01:48:39.3690025
Update--199 10/11/2012 01:48:45.7963701
Update--201 10/11/2012 01:48:52.3337440
Update--202 10/11/2012 01:48:59.3201436
Update--203 10/11/2012 01:49:06.1515343
Update--204 10/11/2012 01:49:12.9119210
Update--205 10/11/2012 01:49:19.6773080
Update--191 10/11/2012 01:49:25.8676620
Update--219 10/11/2012 01:49:33.6311061
Update--222 10/11/2012 01:49:39.0934185
Update--223 10/11/2012 01:49:45.6837955
Update--224 10/11/2012 01:49:52.4271812
Update--225 10/11/2012 01:49:58.8465483
Update--226 10/11/2012 01:50:05.4159241
Update--227 10/11/2012 01:50:12.4903287
Update--228 10/11/2012 01:50:19.8497496
Update--229 10/11/2012 01:50:27.3041760
Update--230 10/11/2012 01:50:34.9386127
Update--698 10/11/2012 01:50:41.3669804
Update--634 10/11/2012 01:50:48.2143720
Update--753 10/11/2012 01:50:54.9517574
Update--754 10/11/2012 01:51:01.7221446
Update--755 10/11/2012 01:51:08.4365286
Update--645 10/11/2012 01:51:14.9529014
Update--993 10/11/2012 01:51:21.8242944
Update--949 10/11/2012 01:51:28.8526964
Update--872 10/11/2012 01:51:36.5711379
Update--221 10/11/2012 01:51:44.2305760
Update--212 10/11/2012 01:51:51.5459944
Update--214 10/11/2012 01:51:58.7774080
Update--206 10/11/2012 01:52:05.6468009
Update--595 10/11/2012 01:52:12.7342063
Update--539 10/11/2012 01:52:19.9196172
Update--157 10/11/2012 01:52:27.2310354
Update--159 10/11/2012 01:52:34.3034400
Update--145 10/11/2012 01:52:40.7868108
Update--147 10/11/2012 01:52:48.1542322
Update--149 10/11/2012 01:52:54.9586214
Update--151 10/11/2012 01:53:04.7051788
Update--853 10/11/2012 01:53:12.2586109
Update--678 10/11/2012 01:53:18.6499764
Update--764 10/11/2012 01:53:25.2493539
Update--806 10/11/2012 01:53:31.1586919
Update--808 10/11/2012 01:53:37.0460286
Update--798 10/11/2012 01:53:43.2033808
Update--744 10/11/2012 01:53:49.7237537
Update--716 10/11/2012 01:53:56.3871349
Update--657 10/11/2012 01:54:02.7755003
Update--146 10/11/2012 01:54:08.5608312
Update--144 10/11/2012 01:54:15.1862101
Update--160 10/11/2012 01:54:22.7676438
Update--161 10/11/2012 01:54:29.5510317
Update--153 10/11/2012 01:54:37.2514722
Update--154 10/11/2012 01:54:43.6348373
Update--529 10/11/2012 01:54:50.4432267
Update--530 10/11/2012 01:54:57.1046077
Update--588 10/11/2012 01:55:03.6549824
Update--584 10/11/2012 01:55:10.1223523
Update--305 10/11/2012 01:55:16.5047173
Update--155 10/11/2012 01:55:23.2911055
Update--156 10/11/2012 01:55:29.9974891
Update--158 10/11/2012 01:55:36.5568643
Update--152 10/11/2012 01:55:43.4812603
Update--758 10/11/2012 01:55:49.7656198
Update--813 10/11/2012 01:55:55.3869413
Update--972 10/11/2012 01:56:00.4252294
Update--974 10/11/2012 01:56:05.2825073
Update--870 10/11/2012 01:56:12.1699012
Update--801 10/11/2012 01:56:18.2062465
Update--809 10/11/2012 01:56:23.8645701
Update--738 10/11/2012 01:56:30.1179278
Update--609 10/11/2012 01:56:36.7823090
Update--597 10/11/2012 01:56:43.6297006
Update--163 10/11/2012 01:56:53.3792582
Update--176 10/11/2012 01:57:00.2126491
Update--177 10/11/2012 01:57:07.8790876
Update--178 10/11/2012 01:57:14.9614927
Update--180 10/11/2012 01:57:22.5689278
Update--181 10/11/2012 01:57:29.6243313
Update--182 10/11/2012 01:57:36.4687228
Update--183 10/11/2012 01:57:43.0370985
Update--184 10/11/2012 01:57:49.6334758
Update--185 10/11/2012 01:57:56.1798502
Update--186 10/11/2012 01:58:02.7312249
Update--188 10/11/2012 01:58:09.5586155
Update--189 10/11/2012 01:58:16.4520097
Update--190 10/11/2012 01:58:22.7943725
Update--636 10/11/2012 01:58:29.3837494
Update--751 10/11/2012 01:58:35.6941103
Update--823 10/11/2012 01:58:41.8364616
Update--601 10/11/2012 01:58:48.4348390
Update--614 10/11/2012 01:58:55.0642182
Update--705 10/11/2012 01:59:01.4465833
Update--901 10/11/2012 01:59:07.3059184
Update--987 10/11/2012 01:59:19.2205999
Update--994 10/11/2012 01:59:26.0009877
Update--179 10/11/2012 01:59:32.6343671
Update--173 10/11/2012 01:59:39.6367676
Update--174 10/11/2012 01:59:46.7031718
Update--580 10/11/2012 01:59:53.0915372
Update--318 10/11/2012 01:59:59.9619302
Update--374 10/11/2012 02:00:06.2122877
Update--504 10/11/2012 02:00:13.1726858
Update--164 10/11/2012 02:00:20.7901215
Update--171 10/11/2012 02:00:28.0755382
Update--707 10/11/2012 02:00:34.3388964
Update--685 10/11/2012 02:00:40.8282676
Update--686 10/11/2012 02:00:47.1256278
Update--603 10/11/2012 02:00:53.6269996
Update--669 10/11/2012 02:01:00.8004099
Update--736 10/11/2012 02:01:07.1147711
Update--737 10/11/2012 02:01:13.5521393
