021 10/10/2011 04:00:55.9400991
133 10/10/2011 04:01:05.6765163
137 10/10/2011 04:01:12.9023291
138 10/10/2011 04:01:19.3461405
140 10/10/2011 04:01:25.5559515
613 10/10/2011 04:01:31.9373627
638 10/10/2011 04:01:38.2623742
681 10/10/2011 04:01:44.5345853
708 10/10/2011 04:01:50.4791958
717 10/10/2011 04:01:56.7514069
769 10/10/2011 04:02:02.8570179
804 10/10/2011 04:02:08.1776273
871 10/10/2011 04:02:14.9132398
950 10/10/2011 04:02:21.0802509
952 10/10/2011 04:02:27.8682630
951 10/10/2011 04:02:33.7504734
768 10/10/2011 04:02:39.2894831
761 10/10/2011 04:02:44.8128929
741 10/10/2011 04:02:50.7887035
714 10/10/2011 04:02:57.0141144
715 10/10/2011 04:03:02.9139250
682 10/10/2011 04:03:08.9365356
642 10/10/2011 04:03:15.1619466
659 10/10/2011 04:03:21.1749575
139 10/10/2011 04:03:27.7903692
134 10/10/2011 04:03:34.8279817
131 10/10/2011 04:03:41.1197930
132 10/10/2011 04:03:47.4066041
142 10/10/2011 04:03:54.0406159
518 10/10/2011 04:04:00.0788266
345 10/10/2011 04:04:05.8830368
143 10/10/2011 04:04:12.0616478
135 10/10/2011 04:04:18.8878602
141 10/10/2011 04:04:25.1912714
637 10/10/2011 04:04:31.2480822
690 10/10/2011 04:04:37.1458926
680 10/10/2011 04:04:42.9189028
734 10/10/2011 04:04:49.3637143
752 10/10/2011 04:04:55.1523245
726 10/10/2011 04:05:01.9081364
677 10/10/2011 04:05:08.3207477
711 10/10/2011 04:05:14.6251589
712 10/10/2011 04:05:20.4293692
628 10/10/2011 04:05:27.0135808
036 10/10/2011 04:05:33.7693927
057 10/10/2011 04:05:40.3858044
066 10/10/2011 04:05:46.9856161
079 10/10/2011 04:05:53.7258280
593 10/10/2011 04:06:00.6230402
264 10/10/2011 04:06:08.3762538
582 10/10/2011 04:06:14.6952650
537 10/10/2011 04:06:21.0152762
396 10/10/2011 04:06:27.0690869
280 10/10/2011 04:06:33.2320978
284 10/10/2011 04:06:39.4887088
285 10/10/2011 04:06:45.9491203
290 10/10/2011 04:06:53.0481328
720 10/10/2011 04:06:59.1955436
673 10/10/2011 04:07:05.8119554
696 10/10/2011 04:07:11.7409658
697 10/10/2011 04:07:17.4983760
810 10/10/2011 04:07:23.0061857
821 10/10/2011 04:07:28.6543957
727 10/10/2011 04:07:35.2386073
724 10/10/2011 04:07:41.6824187
725 10/10/2011 04:07:47.9878299
730 10/10/2011 04:07:54.2912411
731 10/10/2011 04:08:00.5634521
639 10/10/2011 04:08:06.7888631
875 10/10/2011 04:08:13.9970758
291 10/10/2011 04:08:20.3472871
289 10/10/2011 04:08:27.0612992
287 10/10/2011 04:08:33.4739105
281 10/10/2011 04:08:39.8709218
583 10/10/2011 04:08:46.5215338
246 10/10/2011 04:08:53.4021459
250 10/10/2011 04:08:59.8615573
251 10/10/2011 04:09:06.1095687
252 10/10/2011 04:09:12.9121807
254 10/10/2011 04:09:19.1873920
248 10/10/2011 04:09:25.6936034
843 10/10/2011 04:09:34.4940190
668 10/10/2011 04:09:40.7350300
747 10/10/2011 04:09:47.4450419
660 10/10/2011 04:09:54.2788540
679 10/10/2011 04:10:00.3014646
247 10/10/2011 04:10:07.2142769
513 10/10/2011 04:10:13.9544888
535 10/10/2011 04:10:20.1330997
282 10/10/2011 04:10:25.9997100
283 10/10/2011 04:10:32.0067206
288 10/10/2011 04:10:37.9523312
297 10/10/2011 04:10:44.4947430
292 10/10/2011 04:10:50.5485537
105 10/10/2011 04:10:57.1171653
037 10/10/2011 04:11:03.7979772
038 10/10/2011 04:11:10.6941894
040 10/10/2011 04:11:17.0766007
018 10/10/2011 04:11:23.5420125
020 10/10/2011 04:11:30.6098250
025 10/10/2011 04:11:37.0380363
029 10/10/2011 04:11:43.6544480
030 10/10/2011 04:11:50.7866607
032 10/10/2011 04:11:56.2476704
033 10/10/2011 04:12:02.4252812
034 10/10/2011 04:12:09.0260929
035 10/10/2011 04:12:14.4403025
749 10/10/2011 04:12:21.0245141
750 10/10/2011 04:12:27.0471247
846 10/10/2011 04:12:34.5361380
868 10/10/2011 04:12:40.7927490
867 10/10/2011 04:12:47.3009606
835 10/10/2011 04:12:53.6209718
026 10/10/2011 04:13:00.2831836
027 10/10/2011 04:13:06.8255954
028 10/10/2011 04:13:13.4566071
019 10/10/2011 04:13:20.8530202
022 10/10/2011 04:13:26.9536310
023 10/10/2011 04:13:33.1644420
024 10/10/2011 04:13:39.1900528
120 10/10/2011 04:13:45.9166648
121 10/10/2011 04:13:51.8768753
122 10/10/2011 04:13:57.9628861
125 10/10/2011 04:14:04.6416979
078 10/10/2011 04:14:11.5535101
512 10/10/2011 04:14:17.8725213
526 10/10/2011 04:14:24.4567329
532 10/10/2011 04:14:30.7797443
508 10/10/2011 04:14:36.8179549
325 10/10/2011 04:14:42.9497658
041 10/10/2011 04:14:48.9763766
042 10/10/2011 04:14:55.4679881
045 10/10/2011 04:15:05.3760057
046 10/10/2011 04:15:11.4298163
047 10/10/2011 04:15:17.5616272
048 10/10/2011 04:15:23.8796383
049 10/10/2011 04:15:30.1060493
052 10/10/2011 04:15:36.9428615
054 10/10/2011 04:15:44.0564740
106 10/10/2011 04:15:50.7030858
633 10/10/2011 04:15:57.3652975
616 10/10/2011 04:16:04.4799101
722 10/10/2011 04:16:10.8467214
866 10/10/2011 04:16:17.1647325
912 10/10/2011 04:16:21.6897405
064 10/10/2011 04:16:28.0545517
070 10/10/2011 04:16:34.6231632
071 10/10/2011 04:16:41.4735754
072 10/10/2011 04:16:47.8705867
073 10/10/2011 04:16:55.0787994
055 10/10/2011 04:17:01.3832106
053 10/10/2011 04:17:07.9674222
050 10/10/2011 04:17:14.2396333
051 10/10/2011 04:17:20.8228448
043 10/10/2011 04:17:27.3144563
511 10/10/2011 04:17:33.6022674
240 10/10/2011 04:17:39.4678778
260 10/10/2011 04:17:45.3812882
578 10/10/2011 04:17:51.6076992
571 10/10/2011 04:17:56.6555086
591 10/10/2011 04:18:03.6141209
067 10/10/2011 04:18:11.1655342
068 10/10/2011 04:18:17.6883458
069 10/10/2011 04:18:25.0213587
065 10/10/2011 04:18:31.4027700
864 10/10/2011 04:18:38.2771835
865 10/10/2011 04:18:44.5961946
721 10/10/2011 04:18:51.4612068
710 10/10/2011 04:18:57.7344179
793 10/10/2011 04:19:03.1486274
794 10/10/2011 04:19:08.9754381
699 10/10/2011 04:19:15.3568494
644 10/10/2011 04:19:22.1126613
944 10/10/2011 04:19:28.8694733
945 10/10/2011 04:19:35.0792842
961 10/10/2011 04:19:41.1174949
997 10/10/2011 04:19:48.1561074
058 10/10/2011 04:19:55.2721209
059 10/10/2011 04:20:02.1683331
060 10/10/2011 04:20:08.4103442
061 10/10/2011 04:20:14.7947556
062 10/10/2011 04:20:20.9577665
063 10/10/2011 04:20:27.1509774
056 10/10/2011 04:20:33.9701895
585 10/10/2011 04:20:40.9912018
080 10/10/2011 04:20:47.7314137
081 10/10/2011 04:20:54.5038257
082 10/10/2011 04:21:00.8248370
084 10/10/2011 04:21:07.5952489
087 10/10/2011 04:21:13.6812597
088 10/10/2011 04:21:19.9544708
089 10/10/2011 04:21:26.7102828
090 10/10/2011 04:21:32.8596937
092 10/10/2011 04:21:39.6165057
093 10/10/2011 04:21:45.9903174
094 10/10/2011 04:21:51.9193279
936 10/10/2011 04:22:01.9737460
943 10/10/2011 04:22:08.2605570
856 10/10/2011 04:22:13.5997666
829 10/10/2011 04:22:19.3425768
770 10/10/2011 04:22:24.3269860
728 10/10/2011 04:22:30.9579977
656 10/10/2011 04:22:37.0430085
869 10/10/2011 04:22:43.5376201
937 10/10/2011 04:22:54.8898407
938 10/10/2011 04:23:10.3056679
095 10/10/2011 04:23:16.7494793
085 10/10/2011 04:23:23.2244907
086 10/10/2011 04:23:29.4499017
083 10/10/2011 04:23:35.7065128
074 10/10/2011 04:23:42.3999246
075 10/10/2011 04:23:48.4381352
076 10/10/2011 04:23:54.8663466
573 10/10/2011 04:24:01.0147575
575 10/10/2011 04:24:07.9265697
017 10/10/2011 04:24:14.6043815
126 10/10/2011 04:24:21.3339936
128 10/10/2011 04:24:28.1678057
129 10/10/2011 04:24:34.5180169
130 10/10/2011 04:24:40.4792275
900 10/10/2011 04:24:45.7998369
702 10/10/2011 04:24:52.4786487
839 10/10/2011 04:24:59.9832620
817 10/10/2011 04:25:05.3818715
816 10/10/2011 04:25:10.5932807
778 10/10/2011 04:25:15.7890899
666 10/10/2011 04:25:22.3899016
858 10/10/2011 04:25:27.7261110
123 10/10/2011 04:25:35.0787242
124 10/10/2011 04:25:41.2895352
103 10/10/2011 04:25:47.8113467
567 10/10/2011 04:25:54.3643583
555 10/10/2011 04:26:00.9173699
109 10/10/2011 04:26:07.6273818
112 10/10/2011 04:26:14.2145936
115 10/10/2011 04:26:20.5014046
117 10/10/2011 04:26:26.8838159
118 10/10/2011 04:26:33.4836276
119 10/10/2011 04:26:39.5932389
852 10/10/2011 04:26:44.8046481
876 10/10/2011 04:26:51.2016594
953 10/10/2011 04:26:57.1160698
670 10/10/2011 04:27:03.3414808
834 10/10/2011 04:27:09.6448920
784 10/10/2011 04:27:14.8875012
812 10/10/2011 04:27:20.1759105
947 10/10/2011 04:27:26.6665220
104 10/10/2011 04:27:33.2829337
096 10/10/2011 04:27:39.6331449
097 10/10/2011 04:27:46.2641566
098 10/10/2011 04:27:52.5373677
099 10/10/2011 04:27:59.8859807
100 10/10/2011 04:28:06.6885927
101 10/10/2011 04:28:13.1978044
549 10/10/2011 04:28:19.9536163
566 10/10/2011 04:28:26.4130277
559 10/10/2011 04:28:33.0450394
107 10/10/2011 04:28:39.4888508
116 10/10/2011 04:28:45.9482622
113 10/10/2011 04:28:52.0176729
114 10/10/2011 04:28:58.2908841
110 10/10/2011 04:29:04.5630951
111 10/10/2011 04:29:10.8509062
836 10/10/2011 04:29:17.5287180
837 10/10/2011 04:29:24.4259302
838 10/10/2011 04:29:30.4953410
962 10/10/2011 04:29:35.3011495
897 10/10/2011 04:29:40.6217589
745 10/10/2011 04:29:47.7675715
102 10/10/2011 04:29:53.2441811
543 10/10/2011 04:30:00.0165931
522 10/10/2011 04:30:07.1166057
293 10/10/2011 04:30:13.6394173
262 10/10/2011 04:30:21.3000308
259 10/10/2011 04:30:28.0276428
267 10/10/2011 04:30:34.5192544
273 10/10/2011 04:30:40.9318657
274 10/10/2011 04:30:47.3338773
275 10/10/2011 04:30:53.6674884
266 10/10/2011 04:31:00.7675010
263 10/10/2011 04:31:07.3547128
261 10/10/2011 04:31:13.7985241
255 10/10/2011 04:31:20.1341354
256 10/10/2011 04:31:26.8621483
257 10/10/2011 04:31:34.7421622
258 10/10/2011 04:31:42.6211761
563 10/10/2011 04:31:48.7373869
766 10/10/2011 04:31:54.6673975
828 10/10/2011 04:32:00.3156074
676 10/10/2011 04:32:06.4630183
783 10/10/2011 04:32:11.9562280
775 10/10/2011 04:32:17.9632387
514 10/10/2011 04:32:24.4226501
294 10/10/2011 04:32:31.6162628
296 10/10/2011 04:32:38.0288741
265 10/10/2011 04:32:44.6442858
269 10/10/2011 04:32:51.4322978
272 10/10/2011 04:32:57.7855092
277 10/10/2011 04:33:04.2917207
278 10/10/2011 04:33:11.4229333
279 10/10/2011 04:33:18.0695451
249 10/10/2011 04:33:24.5913566
253 10/10/2011 04:33:31.0829681
241 10/10/2011 04:33:38.0425804
242 10/10/2011 04:33:44.8295924
243 10/10/2011 04:33:51.1496036
244 10/10/2011 04:33:57.7806153
245 10/10/2011 04:34:04.8172277
557 10/10/2011 04:34:11.7144399
779 10/10/2011 04:34:17.9242509
786 10/10/2011 04:34:24.1340619
787 10/10/2011 04:34:29.6886717
827 10/10/2011 04:34:35.1818814
693 10/10/2011 04:34:42.3442941
662 10/10/2011 04:34:49.1469061
842 10/10/2011 04:34:55.6531176
788 10/10/2011 04:35:01.4271279
729 10/10/2011 04:35:08.1673398
295 10/10/2011 04:35:14.6735512
523 10/10/2011 04:35:20.9447623
509 10/10/2011 04:35:27.4363738
510 10/10/2011 04:35:33.9425853
276 10/10/2011 04:35:40.3863966
268 10/10/2011 04:35:47.0184084
044 10/10/2011 04:35:53.5402199
207 10/10/2011 04:36:00.4988322
208 10/10/2011 04:36:06.8646434
209 10/10/2011 04:36:12.8258540
210 10/10/2011 04:36:19.6762661
215 10/10/2011 04:36:26.2916778
216 10/10/2011 04:36:32.6272891
217 10/10/2011 04:36:39.2261006
218 10/10/2011 04:36:45.5451118
796 10/10/2011 04:36:50.8183219
797 10/10/2011 04:36:55.9517310
650 10/10/2011 04:37:02.4423425
651 10/10/2011 04:37:08.4815532
674 10/10/2011 04:37:14.7225642
675 10/10/2011 04:37:20.9635752
874 10/10/2011 04:37:27.8451874
996 10/10/2011 04:37:34.7257996
193 10/10/2011 04:37:41.5752117
194 10/10/2011 04:37:46.3498201
195 10/10/2011 04:37:53.6994331
196 10/10/2011 04:38:00.9076458
197 10/10/2011 04:38:08.0222584
198 10/10/2011 04:38:14.8092704
199 10/10/2011 04:38:21.2218817
201 10/10/2011 04:38:27.6812931
202 10/10/2011 04:38:34.4089051
203 10/10/2011 04:38:40.9931167
204 10/10/2011 04:38:47.5149282
205 10/10/2011 04:38:54.1313400
191 10/10/2011 04:39:00.3255509
219 10/10/2011 04:39:06.6289620
222 10/10/2011 04:39:12.1553720
223 10/10/2011 04:39:18.2871828
224 10/10/2011 04:39:24.6539941
225 10/10/2011 04:39:30.7234048
226 10/10/2011 04:39:37.1672162
227 10/10/2011 04:39:44.0010282
228 10/10/2011 04:39:50.8826404
229 10/10/2011 04:39:57.7632526
230 10/10/2011 04:40:04.6916649
698 10/10/2011 04:40:11.1510763
634 10/10/2011 04:40:17.8288880
753 10/10/2011 04:40:24.5836999
754 10/10/2011 04:40:31.2021117
755 10/10/2011 04:40:37.4431228
645 10/10/2011 04:40:43.8557341
993 10/10/2011 04:40:50.5189459
949 10/10/2011 04:40:57.2747578
872 10/10/2011 04:41:04.7013709
221 10/10/2011 04:41:11.5049830
212 10/10/2011 04:41:18.3855951
214 10/10/2011 04:41:24.8918066
206 10/10/2011 04:41:31.4926183
595 10/10/2011 04:41:38.4678307
539 10/10/2011 04:41:44.9730421
157 10/10/2011 04:41:51.8078542
159 10/10/2011 04:41:58.1736654
145 10/10/2011 04:42:04.6798769
147 10/10/2011 04:42:11.2026885
149 10/10/2011 04:42:17.7713001
151 10/10/2011 04:42:25.6347140
853 10/10/2011 04:42:32.6411264
678 10/10/2011 04:42:38.9133374
764 10/10/2011 04:42:45.2791487
806 10/10/2011 04:42:50.8493585
808 10/10/2011 04:42:56.4049684
798 10/10/2011 04:43:02.0063783
744 10/10/2011 04:43:08.5281898
716 10/10/2011 04:43:15.2266019
657 10/10/2011 04:43:21.6870134
146 10/10/2011 04:43:27.4756236
144 10/10/2011 04:43:34.4810359
160 10/10/2011 04:43:41.8930491
161 10/10/2011 04:43:48.5708608
153 10/10/2011 04:43:55.7166735
154 10/10/2011 04:44:01.8514844
529 10/10/2011 04:44:08.6384964
530 10/10/2011 04:44:15.4411084
588 10/10/2011 04:44:21.8391198
584 10/10/2011 04:44:28.2049310
305 10/10/2011 04:44:34.4917421
155 10/10/2011 04:44:41.1539538
156 10/10/2011 04:44:47.7889657
158 10/10/2011 04:44:53.9363766
152 10/10/2011 04:45:00.6141884
758 10/10/2011 04:45:06.8083993
813 10/10/2011 04:45:12.2694090
972 10/10/2011 04:45:17.1220175
974 10/10/2011 04:45:21.8810260
870 10/10/2011 04:45:28.7314381
801 10/10/2011 04:45:34.6916486
809 10/10/2011 04:45:40.1400584
738 10/10/2011 04:45:46.4746696
609 10/10/2011 04:45:52.9974812
597 10/10/2011 04:45:59.7894934
163 10/10/2011 04:46:08.1531082
176 10/10/2011 04:46:14.5969196
177 10/10/2011 04:46:22.0235327
178 10/10/2011 04:46:28.4995442
180 10/10/2011 04:46:35.8013571
181 10/10/2011 04:46:42.4323688
182 10/10/2011 04:46:48.7991801
183 10/10/2011 04:46:55.1493913
184 10/10/2011 04:47:01.5554031
185 10/10/2011 04:47:07.8900143
186 10/10/2011 04:47:14.4128258
188 10/10/2011 04:47:20.8626375
189 10/10/2011 04:47:27.1504486
021 10/10/2011 04:01:23.6917595
133 10/10/2011 04:01:30.2613711
137 10/10/2011 04:01:37.4695838
138 10/10/2011 04:01:43.9289952
140 10/10/2011 04:01:50.2736070
613 10/10/2011 04:01:56.6862183
638 10/10/2011 04:02:03.1300297
681 10/10/2011 04:02:09.3086406
708 10/10/2011 04:02:15.5350516
717 10/10/2011 04:02:21.8072627
769 10/10/2011 04:02:27.8142733
804 10/10/2011 04:02:33.0256825
871 10/10/2011 04:02:39.3758937
950 10/10/2011 04:02:45.3517043
952 10/10/2011 04:02:51.8745159
951 10/10/2011 04:02:58.0989268
768 10/10/2011 04:03:03.6223365
761 10/10/2011 04:03:09.0833462
741 10/10/2011 04:03:14.9343565
714 10/10/2011 04:03:21.2855678
715 10/10/2011 04:03:27.0741780
682 10/10/2011 04:03:33.1757888
642 10/10/2011 04:03:39.5884002
659 10/10/2011 04:03:45.5954108
139 10/10/2011 04:03:52.3522227
134 10/10/2011 04:03:59.4824353
131 10/10/2011 04:04:05.8794466
132 10/10/2011 04:04:12.0122575
142 10/10/2011 04:04:18.3936688
518 10/10/2011 04:04:24.3382793
345 10/10/2011 04:04:30.1268895
021 10/10/2011 04:06:21.6250873
133 10/10/2011 04:06:27.6954981
137 10/10/2011 04:06:36.0893129
138 10/10/2011 04:06:41.8311230
140 10/10/2011 04:06:48.4661350
613 10/10/2011 04:06:54.1767450
638 10/10/2011 04:06:59.7781549
681 10/10/2011 04:07:05.7247655
708 10/10/2011 04:07:10.7489744
717 10/10/2011 04:07:16.4907846
769 10/10/2011 04:07:21.6613940
804 10/10/2011 04:07:26.5920027
871 10/10/2011 04:07:33.4736149
950 10/10/2011 04:07:39.3090253
952 10/10/2011 04:07:45.7372366
951 10/10/2011 04:07:52.1654479
768 10/10/2011 04:07:57.0960567
761 10/10/2011 04:08:01.6366647
741 10/10/2011 04:08:07.2224746
714 10/10/2011 04:08:12.6064841
715 10/10/2011 04:08:17.6950932
682 10/10/2011 04:08:23.9683044
642 10/10/2011 04:08:29.4917141
659 10/10/2011 04:08:36.2631261
139 10/10/2011 04:08:43.4869388
134 10/10/2011 04:08:51.3045526
131 10/10/2011 04:08:58.0135645
132 10/10/2011 04:09:04.2867756
142 10/10/2011 04:09:10.9333873
518 10/10/2011 04:09:16.2861969
345 10/10/2011 04:09:22.3088075
143 10/10/2011 04:09:29.0490194
135 10/10/2011 04:09:39.1598373
141 10/10/2011 04:09:45.8698492
637 10/10/2011 04:09:53.3744624
690 10/10/2011 04:10:00.6928754
680 10/10/2011 04:10:07.6358876
734 10/10/2011 04:10:14.2708995
752 10/10/2011 04:10:20.3569103
726 10/10/2011 04:10:27.4247228
677 10/10/2011 04:10:33.9621343
711 10/10/2011 04:10:40.6187466
712 10/10/2011 04:10:47.4681587
628 10/10/2011 04:10:54.3799709
036 10/10/2011 04:11:02.4767860
057 10/10/2011 04:11:10.2933998
066 10/10/2011 04:11:18.2046138
079 10/10/2011 04:11:26.0690277
593 10/10/2011 04:11:33.9958418
264 10/10/2011 04:11:42.1098561
582 10/10/2011 04:11:49.0060683
537 10/10/2011 04:11:55.6058800
396 10/10/2011 04:12:02.0808914
280 10/10/2011 04:12:08.5871029
284 10/10/2011 04:12:15.8733157
285 10/10/2011 04:12:24.3607307
290 10/10/2011 04:12:32.2407446
720 10/10/2011 04:12:40.0261584
673 10/10/2011 04:12:47.9997725
696 10/10/2011 04:12:54.1939834
697 10/10/2011 04:13:00.2165941
810 10/10/2011 04:13:06.6770055
821 10/10/2011 04:13:12.6206159
727 10/10/2011 04:13:20.4528298
724 10/10/2011 04:13:27.3968421
725 10/10/2011 04:13:34.9014553
730 10/10/2011 04:13:43.0778698
731 10/10/2011 04:13:50.2548824
639 10/10/2011 04:13:57.3080949
875 10/10/2011 04:14:05.0467086
291 10/10/2011 04:14:13.6755239
289 10/10/2011 04:14:22.9595403
287 10/10/2011 04:14:32.1645565
281 10/10/2011 04:14:40.6715717
583 10/10/2011 04:14:48.6763859
246 10/10/2011 04:14:57.5714017
250 10/10/2011 04:15:05.7936162
251 10/10/2011 04:15:12.8624287
252 10/10/2011 04:15:20.9240435
254 10/10/2011 04:15:27.8212557
248 10/10/2011 04:15:34.9514683
843 10/10/2011 04:15:43.0644826
668 10/10/2011 04:15:51.2710971
747 10/10/2011 04:15:59.6825120
660 10/10/2011 04:16:08.1387269
679 10/10/2011 04:16:15.2075395
247 10/10/2011 04:16:24.3043556
513 10/10/2011 04:16:31.7611687
535 10/10/2011 04:16:38.7519810
282 10/10/2011 04:16:45.3985928
283 10/10/2011 04:16:53.1372064
288 10/10/2011 04:16:59.4884177
297 10/10/2011 04:17:07.4308318
292 10/10/2011 04:17:15.2006455
105 10/10/2011 04:17:23.3136598
037 10/10/2011 04:17:31.2716738
038 10/10/2011 04:17:39.9326892
040 10/10/2011 04:17:47.7025029
018 10/10/2011 04:17:55.2705163
020 10/10/2011 04:18:03.8827315
025 10/10/2011 04:18:11.7003454
029 10/10/2011 04:18:19.7207596
030 10/10/2011 04:18:30.0499778
032 10/10/2011 04:18:35.8687880
033 10/10/2011 04:18:43.6230017
034 10/10/2011 04:18:51.7682161
035 10/10/2011 04:18:57.9624271
749 10/10/2011 04:19:05.4680403
750 10/10/2011 04:19:12.2394523
846 10/10/2011 04:19:20.4616668
868 10/10/2011 04:19:27.3578790
867 10/10/2011 04:19:34.7844921
835 10/10/2011 04:19:43.5371075
026 10/10/2011 04:19:52.5559234
027 10/10/2011 04:20:00.8787385
028 10/10/2011 04:20:09.8341543
019 10/10/2011 04:20:19.6329716
022 10/10/2011 04:20:28.1223867
023 10/10/2011 04:20:35.2837993
024 10/10/2011 04:20:43.5538140
120 10/10/2011 04:20:52.5570299
121 10/10/2011 04:20:59.7808426
122 10/10/2011 04:21:07.7876569
125 10/10/2011 04:21:15.5740707
078 10/10/2011 04:21:24.0790858
512 10/10/2011 04:21:31.9122997
526 10/10/2011 04:21:40.1189141
532 10/10/2011 04:21:47.4529271
508 10/10/2011 04:21:54.8639402
325 10/10/2011 04:22:01.6207522
041 10/10/2011 04:22:10.3733676
042 10/10/2011 04:22:18.0817813
045 10/10/2011 04:22:30.2362027
046 10/10/2011 04:22:37.2894152
047 10/10/2011 04:22:44.6068281
048 10/10/2011 04:22:52.1124414
049 10/10/2011 04:22:59.8042550
052 10/10/2011 04:23:08.5734705
054 10/10/2011 04:23:17.9822871
106 10/10/2011 04:23:26.2357017
633 10/10/2011 04:23:34.6023167
616 10/10/2011 04:23:43.3559321
722 10/10/2011 04:23:51.9681473
866 10/10/2011 04:23:59.8169612
912 10/10/2011 04:24:04.0611687
064 10/10/2011 04:24:11.2225814
070 10/10/2011 04:24:20.2871973
071 10/10/2011 04:24:29.6240142
072 10/10/2011 04:24:39.6568319
073 10/10/2011 04:24:50.2200506
055 10/10/2011 04:24:57.8026640
053 10/10/2011 04:25:05.0576768
050 10/10/2011 04:25:13.2652913
051 10/10/2011 04:25:21.6903061
043 10/10/2011 04:25:30.6155219
511 10/10/2011 04:25:37.9641349
240 10/10/2011 04:25:44.4713464
260 10/10/2011 04:25:51.8979595
578 10/10/2011 04:26:00.2323744
571 10/10/2011 04:26:05.5997839
591 10/10/2011 04:26:14.4157995
067 10/10/2011 04:26:25.3378188
068 10/10/2011 04:26:32.9516322
069 10/10/2011 04:26:44.3290525
065 10/10/2011 04:26:51.8960658
864 10/10/2011 04:27:01.4346829
865 10/10/2011 04:27:09.2200967
721 10/10/2011 04:27:17.8333119
710 10/10/2011 04:27:24.6359239
793 10/10/2011 04:27:30.8623350
794 10/10/2011 04:27:37.1657461
699 10/10/2011 04:27:44.2803586
644 10/10/2011 04:27:52.5191732
944 10/10/2011 04:28:01.9435899
945 10/10/2011 04:28:09.5262033
961 10/10/2011 04:28:16.9070163
997 10/10/2011 04:28:25.6606318
058 10/10/2011 04:28:35.0684484
059 10/10/2011 04:28:43.3696631
060 10/10/2011 04:28:49.7510744
061 10/10/2011 04:28:57.6154883
062 10/10/2011 04:29:04.7301008
063 10/10/2011 04:29:11.8613135
056 10/10/2011 04:29:19.5843271
585 10/10/2011 04:29:27.4965411
080 10/10/2011 04:29:35.7343557
081 10/10/2011 04:29:43.9107701
082 10/10/2011 04:29:52.7423858
084 10/10/2011 04:30:02.4320029
087 10/10/2011 04:30:08.9070143
088 10/10/2011 04:30:15.9748268
089 10/10/2011 04:30:24.4944419
090 10/10/2011 04:30:32.4680560
092 10/10/2011 04:30:42.0952730
093 10/10/2011 04:30:49.8806867
094 10/10/2011 04:30:56.2776980
936 10/10/2011 04:31:08.2303192
943 10/10/2011 04:31:15.6257322
856 10/10/2011 04:31:21.9457434
829 10/10/2011 04:31:28.7639555
770 10/10/2011 04:31:34.1771650
728 10/10/2011 04:31:41.6193781
656 10/10/2011 04:31:48.6881906
869 10/10/2011 04:31:56.0534037
937 10/10/2011 04:32:09.0824267
938 10/10/2011 04:32:26.6354577
095 10/10/2011 04:32:34.2210713
085 10/10/2011 04:32:41.8036846
086 10/10/2011 04:32:49.8396989
083 10/10/2011 04:32:57.1883118
074 10/10/2011 04:33:05.0089258
075 10/10/2011 04:33:12.8879397
076 10/10/2011 04:33:21.4699549
573 10/10/2011 04:33:28.6947677
575 10/10/2011 04:33:38.3209847
017 10/10/2011 04:33:47.0776003
126 10/10/2011 04:33:55.3944151
128 10/10/2011 04:34:03.5698295
129 10/10/2011 04:34:11.3914436
130 10/10/2011 04:34:18.2096556
900 10/10/2011 04:34:23.7174653
702 10/10/2011 04:34:30.7550778
839 10/10/2011 04:34:39.2746929
817 10/10/2011 04:34:44.9219028
816 10/10/2011 04:34:50.6325129
778 10/10/2011 04:34:56.5771234
666 10/10/2011 04:35:04.7867380
858 10/10/2011 04:35:10.5597482
123 10/10/2011 04:35:19.6409643
124 10/10/2011 04:35:27.1299775
103 10/10/2011 04:35:34.6199907
567 10/10/2011 04:35:42.6394049
555 10/10/2011 04:35:50.6814194
109 10/10/2011 04:35:58.7476337
112 10/10/2011 04:36:06.7056478
115 10/10/2011 04:36:14.1790609
117 10/10/2011 04:36:22.3710754
118 10/10/2011 04:36:29.8132886
119 10/10/2011 04:36:36.7739010
852 10/10/2011 04:36:42.5469111
876 10/10/2011 04:36:51.0655262
953 10/10/2011 04:36:58.7417397
670 10/10/2011 04:37:06.7309538
834 10/10/2011 04:37:13.9693666
784 10/10/2011 04:37:19.6331766
812 10/10/2011 04:37:25.3125866
947 10/10/2011 04:37:32.1503989
104 10/10/2011 04:37:40.2800133
096 10/10/2011 04:37:47.1510257
097 10/10/2011 04:37:55.4356403
098 10/10/2011 04:38:02.7384533
099 10/10/2011 04:38:12.9282713
100 10/10/2011 04:38:20.8072852
101 10/10/2011 04:38:29.1125002
549 10/10/2011 04:38:36.8833139
566 10/10/2011 04:38:45.6983294
559 10/10/2011 04:38:54.0775443
107 10/10/2011 04:39:01.9575582
116 10/10/2011 04:39:09.1657709
113 10/10/2011 04:39:18.3093871
114 10/10/2011 04:39:26.0002006
110 10/10/2011 04:39:33.6306141
111 10/10/2011 04:39:40.8544269
836 10/10/2011 04:39:49.2522419
837 10/10/2011 04:39:57.1634559
838 10/10/2011 04:40:04.1708684
962 10/10/2011 04:40:08.9298768
897 10/10/2011 04:40:14.8588873
745 10/10/2011 04:40:24.0493035
102 10/10/2011 04:40:30.3839147
543 10/10/2011 04:40:38.5759292
522 10/10/2011 04:40:48.2071465
293 10/10/2011 04:40:55.6025595
262 10/10/2011 04:41:05.1049763
259 10/10/2011 04:41:13.0161903
267 10/10/2011 04:41:20.2868031
273 10/10/2011 04:41:29.3992192
274 10/10/2011 04:41:37.5746337
275 10/10/2011 04:41:45.3142474
266 10/10/2011 04:41:54.6606639
263 10/10/2011 04:42:01.9156767
261 10/10/2011 04:42:09.6240903
255 10/10/2011 04:42:17.8151048
256 10/10/2011 04:42:26.8761214
257 10/10/2011 04:42:37.7825407
258 10/10/2011 04:42:47.1757573
563 10/10/2011 04:42:55.8669727
766 10/10/2011 04:43:02.6071846
828 10/10/2011 04:43:09.5979970
676 10/10/2011 04:43:16.3538089
783 10/10/2011 04:43:23.0160206
775 10/10/2011 04:43:30.1150332
514 10/10/2011 04:43:38.1032472
294 10/10/2011 04:43:47.6252643
296 10/10/2011 04:43:54.7408769
265 10/10/2011 04:44:01.9958897
269 10/10/2011 04:44:09.4069028
272 10/10/2011 04:44:18.5993191
277 10/10/2011 04:44:26.2785329
278 10/10/2011 04:44:35.3753489
279 10/10/2011 04:44:43.1139626
249 10/10/2011 04:44:52.1015785
253 10/10/2011 04:45:00.7917938
241 10/10/2011 04:45:10.1694104
242 10/10/2011 04:45:18.5008251
243 10/10/2011 04:45:26.7396397
244 10/10/2011 04:45:35.0242543
245 10/10/2011 04:45:43.5272693
557 10/10/2011 04:45:53.2324864
779 10/10/2011 04:45:59.7074978
786 10/10/2011 04:46:06.4487098
787 10/10/2011 04:46:12.6429207
827 10/10/2011 04:46:19.1959323
693 10/10/2011 04:46:27.0915463
662 10/10/2011 04:46:35.5789612
842 10/10/2011 04:46:43.6617755
788 10/10/2011 04:46:51.3233891
729 10/10/2011 04:46:58.6720021
295 10/10/2011 04:47:07.1916171
523 10/10/2011 04:47:15.1642312
509 10/10/2011 04:47:22.5450443
510 10/10/2011 04:47:30.5644584
276 10/10/2011 04:47:38.5842735
268 10/10/2011 04:47:46.6660877
044 10/10/2011 04:47:56.6365053
207 10/10/2011 04:48:05.1863204
208 10/10/2011 04:48:12.8791340
209 10/10/2011 04:48:20.3213471
210 10/10/2011 04:48:29.9641642
215 10/10/2011 04:48:37.6337782
216 10/10/2011 04:48:45.2943917
217 10/10/2011 04:48:53.6736066
218 10/10/2011 04:49:00.8662192
796 10/10/2011 04:49:06.5144292
797 10/10/2011 04:49:12.3186395
650 10/10/2011 04:49:18.5938507
651 10/10/2011 04:49:25.6304631
674 10/10/2011 04:49:33.4168769
675 10/10/2011 04:49:40.8464902
874 10/10/2011 04:49:48.3365035
996 10/10/2011 04:49:55.8879168
193 10/10/2011 04:50:04.2253318
194 10/10/2011 04:50:08.8595400
195 10/10/2011 04:50:17.0973545
196 10/10/2011 04:50:25.9601702
197 10/10/2011 04:50:34.9321861
198 10/10/2011 04:50:42.7799999
199 10/10/2011 04:50:49.7240122
201 10/10/2011 04:50:57.4938259
202 10/10/2011 04:51:06.2630414
203 10/10/2011 04:51:14.0056553
204 10/10/2011 04:51:22.1966698
205 10/10/2011 04:51:30.2950841
191 10/10/2011 04:51:39.2202999
219 10/10/2011 04:51:47.0057136
222 10/10/2011 04:51:52.8879240
223 10/10/2011 04:52:01.5469393
224 10/10/2011 04:52:10.4877551
225 10/10/2011 04:52:17.8831681
226 10/10/2011 04:52:24.9675807
227 10/10/2011 04:52:33.9697965
228 10/10/2011 04:52:42.9896125
229 10/10/2011 04:52:51.4926275
230 10/10/2011 04:53:00.5114435
698 10/10/2011 04:53:08.2968572
634 10/10/2011 04:53:16.0404712
753 10/10/2011 04:53:24.2938857
754 10/10/2011 04:53:32.6263005
755 10/10/2011 04:53:40.2567140
645 10/10/2011 04:53:48.1513279
993 10/10/2011 04:53:56.0021419
949 10/10/2011 04:54:03.9747560
872 10/10/2011 04:54:12.2759706
221 10/10/2011 04:54:20.1081845
212 10/10/2011 04:54:30.4374027
214 10/10/2011 04:54:40.3766203
206 10/10/2011 04:54:48.5218347
595 10/10/2011 04:54:56.4642488
539 10/10/2011 04:55:03.8752618
157 10/10/2011 04:55:12.4406769
159 10/10/2011 04:55:20.1012904
145 10/10/2011 04:55:28.3889052
147 10/10/2011 04:55:36.5029196
149 10/10/2011 04:55:44.6939340
151 10/10/2011 04:55:54.6331516
853 10/10/2011 04:56:04.8687697
678 10/10/2011 04:56:11.7045819
764 10/10/2011 04:56:19.3495953
806 10/10/2011 04:56:25.3410059
808 10/10/2011 04:56:31.5352168
798 10/10/2011 04:56:37.2458269
744 10/10/2011 04:56:45.8580421
716 10/10/2011 04:56:54.3816574
657 10/10/2011 04:57:02.2460713
146 10/10/2011 04:57:08.0970817
144 10/10/2011 04:57:16.9120972
160 10/10/2011 04:57:26.4301140
161 10/10/2011 04:57:36.5097319
153 10/10/2011 04:57:48.2957530
154 10/10/2011 04:57:58.1569704
529 10/10/2011 04:58:09.5625906
530 10/10/2011 04:58:21.2334112
588 10/10/2011 04:58:30.4550275
584 10/10/2011 04:58:41.1470466
305 10/10/2011 04:58:51.5854651
155 10/10/2011 04:59:02.4314843
156 10/10/2011 04:59:13.1361033
158 10/10/2011 04:59:23.5599218
152 10/10/2011 04:59:35.2357427
758 10/10/2011 04:59:45.3153605
813 10/10/2011 04:59:53.2879745
972 10/10/2011 05:00:00.8307882
974 10/10/2011 05:00:08.2730014
870 10/10/2011 05:00:19.8814219
801 10/10/2011 05:00:27.4016351
809 10/10/2011 05:00:33.7050462
738 10/10/2011 05:00:41.3032596
609 10/10/2011 05:00:50.2782757
597 10/10/2011 05:01:02.2132967
163 10/10/2011 05:01:21.0611300
176 10/10/2011 05:01:34.8701544
177 10/10/2011 05:01:48.2413780
178 10/10/2011 05:01:55.7635914
180 10/10/2011 05:02:05.0632078
181 10/10/2011 05:02:12.6302212
182 10/10/2011 05:02:20.0724343
183 10/10/2011 05:02:27.5000474
184 10/10/2011 05:02:34.9422606
185 10/10/2011 05:02:42.1826734
186 10/10/2011 05:02:49.5936865
188 10/10/2011 05:02:57.3489002
189 10/10/2011 05:03:04.4947128
190 10/10/2011 05:03:11.2203247
636 10/10/2011 05:03:18.0385368
751 10/10/2011 05:03:24.1391475
823 10/10/2011 05:03:30.0837580
601 10/10/2011 05:03:37.0689710
614 10/10/2011 05:03:43.9027830
705 10/10/2011 05:03:50.2061942
901 10/10/2011 05:03:55.5424036
987 10/10/2011 05:04:09.5114285
994 10/10/2011 05:04:17.1116420
179 10/10/2011 05:04:24.0390542
173 10/10/2011 05:04:31.9502682
174 10/10/2011 05:04:39.8604822
580 10/10/2011 05:04:46.8834947
318 10/10/2011 05:04:54.3257078
374 10/10/2011 05:05:01.0971198
504 10/10/2011 05:05:08.8367335
164 10/10/2011 05:05:18.1675500
171 10/10/2011 05:05:26.8421653
707 10/10/2011 05:05:32.6151755
685 10/10/2011 05:05:45.8303988
686 10/10/2011 05:05:52.7432110
603 10/10/2011 05:06:01.7766270
669 10/10/2011 05:06:11.2936437
736 10/10/2011 05:06:18.5964567
737 10/10/2011 05:06:24.9768679
635 10/10/2011 05:06:32.3566809
706 10/10/2011 05:06:39.5190936
999 10/10/2011 05:06:47.7649086
165 10/10/2011 05:06:55.5659223
166 10/10/2011 05:07:03.5863365
167 10/10/2011 05:07:12.8537529
168 10/10/2011 05:07:20.4051662
169 10/10/2011 05:07:27.9565795
170 10/10/2011 05:07:37.0845956
505 10/10/2011 05:07:44.6566093
337 10/10/2011 05:07:51.3082213
556 10/10/2011 05:07:57.7666326
544 10/10/2011 05:08:05.5842465
236 10/10/2011 05:08:13.6982608
237 10/10/2011 05:08:22.4664763
232 10/10/2011 05:08:34.7350982
234 10/10/2011 05:08:43.8777143
607 10/10/2011 05:08:52.1321289
647 10/10/2011 05:08:59.4193419
743 10/10/2011 05:09:07.0039553
824 10/10/2011 05:09:13.9469676
762 10/10/2011 05:09:21.2185805
998 10/10/2011 05:09:29.4095949
969 10/10/2011 05:09:35.3436057
873 10/10/2011 05:09:43.6282203
534 10/10/2011 05:09:51.3522340
596 10/10/2011 05:09:59.8562490
525 10/10/2011 05:10:08.8272648
503 10/10/2011 05:10:17.0348793
594 10/10/2011 05:10:25.0240935
235 10/10/2011 05:10:33.6831088
231 10/10/2011 05:10:45.1385292
799 10/10/2011 05:10:51.0841397
655 10/10/2011 05:10:58.9163535
598 10/10/2011 05:11:06.7183673
700 10/10/2011 05:11:13.4887792
704 10/10/2011 05:11:20.6989921
617 10/10/2011 05:11:27.6732044
648 10/10/2011 05:11:34.5548166
646 10/10/2011 05:11:41.3740286
825 10/10/2011 05:11:47.6462397
238 10/10/2011 05:11:56.1034547
239 10/10/2011 05:12:03.8732684
192 10/10/2011 05:12:12.3772834
Insert Area--BOHOL-REGION-AREA1 10/10/2011 05:12:20.8802984
Insert Area--BOHOL-REGION-AREA2 10/10/2011 05:12:26.1073077
Insert Area--BOHOL-REGION-AREA3 10/10/2011 05:12:31.2447170
Insert Area--CAAR-REGION-AREA1 10/10/2011 05:12:36.1899256
Insert Area--CAAR-REGION-AREA2 10/10/2011 05:12:41.3087347
Insert Area--CAAR-REGION-AREA3 10/10/2011 05:12:46.9101446
Insert Area--CAAR-REGION-AREA4 10/10/2011 05:12:52.3399542
Insert Area--CAAR-REGION-AREA5 10/10/2011 05:12:57.2871630
Insert Area--Cebu Central A 10/10/2011 05:13:02.4673722
Insert Area--Cebu Central B 10/10/2011 05:13:07.5383812
Insert Area--Cebu Central C 10/10/2011 05:13:12.8121905
Insert Area--Cebu Central D 10/10/2011 05:13:18.0225996
Insert Area--Cebu North A 10/10/2011 05:13:22.8012083
Insert Area--Cebu North B 10/10/2011 05:13:28.0906176
Insert Area--Cebu North C 10/10/2011 05:13:33.1616266
Insert Area--Cebu North D 10/10/2011 05:13:38.3886358
Insert Area--Cebu South A 10/10/2011 05:13:43.6634452
Insert Area--Cebu South B 10/10/2011 05:13:48.8778546
Insert Area--Cebu South C 10/10/2011 05:13:54.2608641
Insert Area--CEBU SOUTH D 10/10/2011 05:13:59.4410733
Insert Area--CEBU SOUTH E 10/10/2011 05:14:04.9020829
Insert Area--COMADAVSUR-REGION-AREA3 10/10/2011 05:14:09.8950917
Insert Area--GUIMARAS-ILOILO-REGION-AREA1 10/10/2011 05:14:15.2781012
Insert Area--GUIMARAS-ILOILO-REGION-AREA2 10/10/2011 05:14:20.5695107
Insert Area--GUIMARAS-ILOILO-REGION-AREA3 10/10/2011 05:14:25.9525202
Insert Area--GUIMARAS-ILOILO-REGION-AREA4 10/10/2011 05:14:31.3823298
Insert Area--GUIMARAS-ILOILO-REGION-AREA5 10/10/2011 05:14:36.2515385
Insert Area--LEYTE-REGION-AREA1 10/10/2011 05:14:41.5711478
Insert Area--LEYTE-REGION-AREA2 10/10/2011 05:14:46.4861565
Insert Area--LEYTE-REGION-AREA3 10/10/2011 05:14:51.9003661
Insert Area--LEYTE-REGION-AREA4 10/10/2011 05:14:57.1897754
Insert Area--NEG.OR-SIQUIJOR-REGION-AREA1 10/10/2011 05:15:02.8691854
Insert Area--NEG.OR-SIQUIJOR-REGION-AREA2 10/10/2011 05:15:07.8621943
Insert Area--NEG.OR-SIQUIJOR-REGION-AREA3 10/10/2011 05:15:13.0580034
Insert Area--NEGROS-OCC-REGION-AREA1 10/10/2011 05:15:18.3172128
Insert Area--NEGROS-OCC-REGION-AREA2 10/10/2011 05:15:23.6066221
Insert Area--NEGROS-OCC-REGION-AREA3 10/10/2011 05:15:28.6776311
Insert Area--NEGROS-OCC-REGION-AREA4 10/10/2011 05:15:34.0918407
Insert Area--NEGROS-OCC-REGION-AREA5 10/10/2011 05:15:39.2564498
Insert Area--SAMAR-REGION-AREA1 10/10/2011 05:15:44.4366589
Insert Area--SAMAR-REGION-AREA2 10/10/2011 05:15:49.5232679
Insert Area--SAMAR-REGION-AREA3 10/10/2011 05:15:54.7814772
Insert Area--SAMAR-REGION-AREA4 10/10/2011 05:15:59.8836862
Insert region--BOHOL-REGION 10/10/2011 05:16:01.3812889
Insert region--CAAR-REGION 10/10/2011 05:16:01.9584899
Insert region--Cebu Central 10/10/2011 05:16:02.7228912
Insert region--Cebu North 10/10/2011 05:16:03.4726926
Insert region--Cebu South 10/10/2011 05:16:04.0342936
Insert region--COMADAVSUR-REGION 10/10/2011 05:16:04.5178944
Insert region--GUIMARAS-ILOILO-REGION 10/10/2011 05:16:05.1262955
Insert region--LEYTE-REGION 10/10/2011 05:16:05.8126967
Insert region--NEG.OR-SIQUIJOR-REGION 10/10/2011 05:16:06.5770981
Insert region--NEGROS-OCC-REGION 10/10/2011 05:16:07.0606989
Insert region--SAMAR-REGION 10/10/2011 05:16:07.5754998
Insert Vismin Wide--  10/10/2011 05:21:17.5128483
021 10/9/2011 05:21:26.7968647
133 10/9/2011 05:21:34.6446785
137 10/9/2011 05:21:44.5682961
138 10/9/2011 05:21:52.4639101
140 10/9/2011 05:22:00.4677242
613 10/9/2011 05:22:06.8657355
638 10/9/2011 05:22:13.7775477
681 10/9/2011 05:22:20.2213591
708 10/9/2011 05:22:26.0245693
717 10/9/2011 05:22:33.2961822
Update--769 10/9/2011 05:22:39.5683932
Update--804 10/9/2011 05:22:45.1542031
871 10/9/2011 05:22:53.7050182
950 10/9/2011 05:23:00.5232303
952 10/9/2011 05:23:08.8858450
951 10/9/2011 05:23:16.0472576
Update--768 10/9/2011 05:23:22.1166684
761 10/9/2011 05:23:27.7678785
741 10/9/2011 05:23:34.0088895
714 10/9/2011 05:23:40.4059008
715 10/9/2011 05:23:46.6001118
682 10/9/2011 05:23:52.7641227
642 10/9/2011 05:23:59.6603349
659 10/9/2011 05:24:06.0407461
139 10/9/2011 05:24:13.9363600
134 10/9/2011 05:24:21.7841739
131 10/9/2011 05:24:28.5097858
132 10/9/2011 05:24:34.8443970
142 10/9/2011 05:24:42.1306098
518 10/9/2011 05:24:48.0284203
345 10/9/2011 05:24:53.6776303
143 10/9/2011 05:25:00.4178422
135 10/9/2011 05:25:07.9536555
141 10/9/2011 05:25:14.8820678
637 10/9/2011 05:25:22.6986815
690 10/9/2011 05:25:28.8938925
680 10/9/2011 05:25:35.8047047
734 10/9/2011 05:25:42.3733163
752 10/9/2011 05:25:49.2237284
726 10/9/2011 05:25:56.5617416
677 10/9/2011 05:26:04.2233552
711 10/9/2011 05:26:11.3379677
712 10/9/2011 05:26:17.8753793
628 10/9/2011 05:26:25.8947934
036 10/9/2011 05:26:33.8110077
057 10/9/2011 05:26:41.2074208
066 10/9/2011 05:26:48.6496339
079 10/9/2011 05:26:55.9368469
593 10/9/2011 05:27:02.7082588
264 10/9/2011 05:27:11.1654738
582 10/9/2011 05:27:17.4904853
537 10/9/2011 05:27:24.1224970
396 10/9/2011 05:27:30.8169089
280 10/9/2011 05:27:37.6195209
284 10/9/2011 05:27:44.8745337
285 10/9/2011 05:27:52.2699467
290 10/9/2011 05:27:59.8369601
720 10/9/2011 05:28:07.4205735
673 10/9/2011 05:28:14.7535865
696 10/9/2011 05:28:21.4947984
697 10/9/2011 05:28:27.5330091
Update--810 10/9/2011 05:28:33.3362193
Update--821 10/9/2011 05:28:39.1872296
727 10/9/2011 05:28:47.2232438
724 10/9/2011 05:28:55.7106588
725 10/9/2011 05:29:02.7628712
730 10/9/2011 05:29:09.2846827
731 10/9/2011 05:29:15.8386944
639 10/9/2011 05:29:22.5165061
875 10/9/2011 05:29:29.8651191
291 10/9/2011 05:29:37.9323334
289 10/9/2011 05:29:45.8425473
287 10/9/2011 05:29:53.3491607
281 10/9/2011 05:30:00.2141728
583 10/9/2011 05:30:06.9085847
246 10/9/2011 05:30:15.2510000
250 10/9/2011 05:30:24.3946162
251 10/9/2011 05:30:31.9158295
252 10/9/2011 05:30:39.7480433
254 10/9/2011 05:30:47.5958571
248 10/9/2011 05:30:55.0536703
843 10/9/2011 05:31:05.2414882
668 10/9/2011 05:31:11.4044991
747 10/9/2011 05:31:19.8139139
660 10/9/2011 05:31:28.0527285
679 10/9/2011 05:31:35.6403422
247 10/9/2011 05:31:45.7979601
513 10/9/2011 05:31:54.6773759
535 10/9/2011 05:32:01.8221884
282 10/9/2011 05:32:08.5478004
283 10/9/2011 05:32:14.9936119
288 10/9/2011 05:32:21.1868227
297 10/9/2011 05:32:28.1776351
292 10/9/2011 05:32:34.2998463
105 10/9/2011 05:32:41.4758589
037 10/9/2011 05:32:48.7162717
038 10/9/2011 05:32:57.2192867
040 10/9/2011 05:33:04.8653002
018 10/9/2011 05:33:12.4791137
020 10/9/2011 05:33:21.4979296
025 10/9/2011 05:33:28.6291422
029 10/9/2011 05:33:35.9943553
030 10/9/2011 05:33:44.8727710
032 10/9/2011 05:33:50.6925813
033 10/9/2011 05:33:57.8851940
034 10/9/2011 05:34:05.3908073
035 10/9/2011 05:34:11.3510178
749 10/9/2011 05:34:18.1692298
750 10/9/2011 05:34:24.8178417
846 10/9/2011 05:34:33.5548571
868 10/9/2011 05:34:40.0308685
867 10/9/2011 05:34:47.6446820
835 10/9/2011 05:34:54.7436945
026 10/9/2011 05:35:02.6539084
027 10/9/2011 05:35:10.3059223
028 10/9/2011 05:35:18.6061370
019 10/9/2011 05:35:27.7703534
022 10/9/2011 05:35:35.4475670
023 10/9/2011 05:35:42.8283801
024 10/9/2011 05:35:48.7729906
120 10/9/2011 05:35:56.5282043
121 10/9/2011 05:36:02.8014155
122 10/9/2011 05:36:09.3388270
125 10/9/2011 05:36:16.6572400
078 10/9/2011 05:36:25.1612550
512 10/9/2011 05:36:31.8546668
526 10/9/2011 05:36:39.2656799
532 10/9/2011 05:36:45.6948913
508 10/9/2011 05:36:51.9359023
325 10/9/2011 05:36:59.4561156
041 10/9/2011 05:37:06.0111273
042 10/9/2011 05:37:13.8277411
045 10/9/2011 05:37:25.2177612
046 10/9/2011 05:37:31.4753723
047 10/9/2011 05:37:38.5899848
048 10/9/2011 05:37:45.5017970
049 10/9/2011 05:37:52.8992102
052 10/9/2011 05:38:00.0782230
054 10/9/2011 05:38:09.2374391
106 10/9/2011 05:38:17.4762537
633 10/9/2011 05:38:25.6828682
616 10/9/2011 05:38:34.3896836
722 10/9/2011 05:38:42.4412979
866 10/9/2011 05:38:49.6339105
Update--912 10/9/2011 05:38:54.2681187
064 10/9/2011 05:39:01.8205321
070 10/9/2011 05:39:08.9819448
071 10/9/2011 05:39:19.5919635
072 10/9/2011 05:39:27.4719774
073 10/9/2011 05:39:35.5693917
055 10/9/2011 05:39:41.9216030
053 10/9/2011 05:39:48.5526148
050 10/9/2011 05:39:55.4800270
051 10/9/2011 05:40:03.7032415
043 10/9/2011 05:40:11.7694558
511 10/9/2011 05:40:18.6198679
240 10/9/2011 05:40:25.1416794
260 10/9/2011 05:40:30.9770897
578 10/9/2011 05:40:37.7485017
571 10/9/2011 05:40:42.7883106
591 10/9/2011 05:40:50.1525236
067 10/9/2011 05:40:58.8779392
068 10/9/2011 05:41:06.3669524
069 10/9/2011 05:41:15.3545683
065 10/9/2011 05:41:22.9537817
864 10/9/2011 05:41:30.8639957
865 10/9/2011 05:41:38.3852090
721 10/9/2011 05:41:47.3406248
710 10/9/2011 05:41:54.1754369
Update--793 10/9/2011 05:41:59.7154467
Update--794 10/9/2011 05:42:05.8618575
699 10/9/2011 05:42:13.9914719
644 10/9/2011 05:42:22.4476868
944 10/9/2011 05:42:29.8803003
945 10/9/2011 05:42:37.0417129
Update--961 10/9/2011 05:42:43.0331235
997 10/9/2011 05:42:51.8793391
058 10/9/2011 05:42:59.9777534
059 10/9/2011 05:43:08.0127676
060 10/9/2011 05:43:14.5405794
061 10/9/2011 05:43:21.6707920
062 10/9/2011 05:43:28.4110039
063 10/9/2011 05:43:35.3308166
056 10/9/2011 05:43:42.8042297
585 10/9/2011 05:43:50.1694428
080 10/9/2011 05:43:57.5844561
081 10/9/2011 05:44:06.2288714
082 10/9/2011 05:44:13.1406836
084 10/9/2011 05:44:21.0050975
087 10/9/2011 05:44:27.5269090
088 10/9/2011 05:44:35.5941233
089 10/9/2011 05:44:44.3935388
090 10/9/2011 05:44:51.5715515
092 10/9/2011 05:44:59.0605647
093 10/9/2011 05:45:07.3833798
094 10/9/2011 05:45:14.4355922
936 10/9/2011 05:45:25.7486123
943 10/9/2011 05:45:33.5340260
Update--856 10/9/2011 05:45:38.8702354
Update--829 10/9/2011 05:45:44.7680458
Update--770 10/9/2011 05:45:50.1978554
728 10/9/2011 05:45:57.2666680
