021 10/1/2012 04:08:28.5730020
133 10/1/2012 04:08:32.1342057
137 10/1/2012 04:08:45.1959528
138 10/1/2012 04:09:30.1885262
140 10/1/2012 04:09:33.3187053
613 10/1/2012 04:09:36.3988814
638 10/1/2012 04:09:39.3130481
681 10/1/2012 04:09:42.0462045
708 10/1/2012 04:09:44.5683487
717 10/1/2012 04:09:47.5075168
769 10/1/2012 04:09:50.4996880
804 10/1/2012 04:09:52.5488052
871 10/1/2012 04:09:55.7459880
950 10/1/2012 04:09:58.7931623
952 10/1/2012 04:10:01.9343420
951 10/1/2012 04:10:04.9075120
768 10/1/2012 04:10:07.1816421
761 10/1/2012 04:10:09.5407770
741 10/1/2012 04:10:11.8829110
714 10/1/2012 04:10:14.8380800
715 10/1/2012 04:10:17.2612186
682 10/1/2012 04:11:10.3572556
642 10/1/2012 04:11:13.4134304
659 10/1/2012 04:11:15.9415750
139 10/1/2012 04:11:19.9058017
134 10/1/2012 04:11:24.1870466
131 10/1/2012 04:11:27.7392497
132 10/1/2012 04:11:30.9914358
142 10/1/2012 04:11:34.7706519
518 10/1/2012 04:11:37.3217978
345 10/1/2012 04:11:40.0329529
143 10/1/2012 04:11:42.8851160
135 10/1/2012 04:11:46.6253300
141 10/1/2012 04:11:49.5604979
637 10/1/2012 04:11:52.2256503
690 10/1/2012 04:11:54.8658013
680 10/1/2012 04:11:57.2289365
734 10/1/2012 04:12:00.5381257
752 10/1/2012 04:12:51.0640157
726 10/1/2012 04:12:54.1631929
677 10/1/2012 04:12:57.1043611
711 10/1/2012 04:12:59.9365231
712 10/1/2012 04:13:02.2686565
628 10/1/2012 04:13:05.3638336
036 10/1/2012 04:13:08.6780231
057 10/1/2012 04:13:12.1842237
066 10/1/2012 04:13:15.7724289
079 10/1/2012 04:13:19.2906301
593 10/1/2012 04:13:22.9328384
264 10/1/2012 04:13:26.1650233
582 10/1/2012 04:13:29.1001912
537 10/1/2012 04:13:31.9423538
396 10/1/2012 04:13:34.4384965
280 10/1/2012 04:13:36.9936427
284 10/1/2012 04:13:40.3378340
285 10/1/2012 04:14:33.5848795
290 10/1/2012 04:14:37.9131271
720 10/1/2012 04:14:40.9122986
673 10/1/2012 04:14:44.0794798
696 10/1/2012 04:14:46.4286141
697 10/1/2012 04:14:48.8127505
810 10/1/2012 04:14:51.0558788
821 10/1/2012 04:14:53.6020244
727 10/1/2012 04:14:56.5621937
724 10/1/2012 04:14:59.5173628
725 10/1/2012 04:15:02.3475246
730 10/1/2012 04:15:05.2446903
731 10/1/2012 04:15:08.0918532
639 10/1/2012 04:15:10.8410104
875 10/1/2012 04:15:14.7522341
291 10/1/2012 04:15:18.4034430
289 10/1/2012 04:15:22.8826992
287 10/1/2012 04:16:13.9746215
281 10/1/2012 04:16:17.0998002
583 10/1/2012 04:16:20.9070180
246 10/1/2012 04:16:24.5692275
250 10/1/2012 04:16:28.3004409
251 10/1/2012 04:16:31.7546384
252 10/1/2012 04:16:36.0228826
254 10/1/2012 04:16:38.8360435
248 10/1/2012 04:16:41.9752230
843 10/1/2012 04:16:45.6294320
668 10/1/2012 04:16:48.4355925
747 10/1/2012 04:16:52.0367985
660 10/1/2012 04:16:55.3439877
679 10/1/2012 04:16:57.8071285
247 10/1/2012 04:17:01.4273356
513 10/1/2012 04:17:55.1664093
535 10/1/2012 04:17:58.7246128
282 10/1/2012 04:18:01.5187726
283 10/1/2012 04:18:04.4539405
288 10/1/2012 04:18:06.8690787
297 10/1/2012 04:18:10.3062753
292 10/1/2012 04:18:12.9174246
105 10/1/2012 04:18:15.8995952
037 10/1/2012 04:18:18.8277627
038 10/1/2012 04:18:22.3709653
040 10/1/2012 04:18:25.9381694
018 10/1/2012 04:18:29.2883610
020 10/1/2012 04:18:33.1175800
025 10/1/2012 04:18:36.5577768
029 10/1/2012 04:18:39.9699719
030 10/1/2012 04:18:44.9362560
032 10/1/2012 04:19:34.5220921
033 10/1/2012 04:19:37.6672720
034 10/1/2012 04:19:40.8004512
035 10/1/2012 04:19:42.7775643
749 10/1/2012 04:19:45.9197440
750 10/1/2012 04:19:48.4318877
846 10/1/2012 04:19:52.6891312
868 10/1/2012 04:19:55.6593011
867 10/1/2012 04:19:58.9614900
835 10/1/2012 04:20:02.2106758
026 10/1/2012 04:20:05.9798914
027 10/1/2012 04:20:09.4710911
028 10/1/2012 04:20:13.0982986
019 10/1/2012 04:20:17.1445300
022 10/1/2012 04:20:19.7246776
023 10/1/2012 04:20:22.6168430
024 10/1/2012 04:20:26.0120372
120 10/1/2012 04:21:17.3389729
121 10/1/2012 04:21:20.3801469
122 10/1/2012 04:21:23.9073486
125 10/1/2012 04:21:27.7115662
078 10/1/2012 04:21:31.1507629
512 10/1/2012 04:21:34.4729529
526 10/1/2012 04:21:38.2131669
532 10/1/2012 04:21:41.8513750
508 10/1/2012 04:21:44.6005322
325 10/1/2012 04:21:47.1126759
041 10/1/2012 04:21:49.8788341
042 10/1/2012 04:21:53.3490326
045 10/1/2012 04:22:00.8354608
046 10/1/2012 04:22:03.7096252
047 10/1/2012 04:22:07.1438216
048 10/1/2012 04:22:59.0497904
049 10/1/2012 04:23:02.2019707
052 10/1/2012 04:23:05.8561798
054 10/1/2012 04:23:09.9784155
106 10/1/2012 04:23:13.3836103
633 10/1/2012 04:23:16.5307903
616 10/1/2012 04:23:20.7000288
722 10/1/2012 04:23:24.2322308
866 10/1/2012 04:23:27.2844054
912 10/1/2012 04:23:28.4554724
064 10/1/2012 04:23:32.0096756
070 10/1/2012 04:23:35.1958579
071 10/1/2012 04:23:38.8130648
072 10/1/2012 04:23:42.1542559
073 10/1/2012 04:23:45.9744744
055 10/1/2012 04:24:39.1215142
053 10/1/2012 04:24:42.8027248
050 10/1/2012 04:24:46.2289207
051 10/1/2012 04:24:50.1811468
043 10/1/2012 04:24:53.8753581
511 10/1/2012 04:24:57.7025770
240 10/1/2012 04:25:00.1067145
260 10/1/2012 04:25:02.7258643
578 10/1/2012 04:25:05.4800218
571 10/1/2012 04:25:07.2801248
591 10/1/2012 04:25:11.0723417
067 10/1/2012 04:25:15.1915773
068 10/1/2012 04:25:18.6977779
069 10/1/2012 04:25:22.7010068
065 10/1/2012 04:25:26.0601990
864 10/1/2012 04:25:29.9184196
865 10/1/2012 04:26:20.4063074
721 10/1/2012 04:26:23.8835063
710 10/1/2012 04:26:26.4976558
793 10/1/2012 04:26:28.6497789
794 10/1/2012 04:26:31.3559337
699 10/1/2012 04:26:34.3121027
644 10/1/2012 04:26:38.2703291
944 10/1/2012 04:26:41.9735410
945 10/1/2012 04:26:45.0577174
961 10/1/2012 04:26:48.0088862
997 10/1/2012 04:26:51.8931083
058 10/1/2012 04:26:55.6023205
059 10/1/2012 04:26:59.1885256
060 10/1/2012 04:27:02.6207219
061 10/1/2012 04:27:06.1869259
062 10/1/2012 04:27:09.2270998
063 10/1/2012 04:28:01.4010840
056 10/1/2012 04:28:05.0342918
585 10/1/2012 04:28:08.9065132
080 10/1/2012 04:28:12.2987073
081 10/1/2012 04:28:16.3279377
082 10/1/2012 04:28:19.6211261
084 10/1/2012 04:28:23.3403388
087 10/1/2012 04:28:26.2345043
088 10/1/2012 04:28:29.8917135
089 10/1/2012 04:28:33.4199153
090 10/1/2012 04:28:36.4080862
092 10/1/2012 04:28:39.7202757
093 10/1/2012 04:28:43.0274648
094 10/1/2012 04:28:45.7306195
936 10/1/2012 04:28:52.5690106
943 10/1/2012 04:29:42.3148559
856 10/1/2012 04:29:44.3949749
829 10/1/2012 04:29:46.9901233
770 10/1/2012 04:29:48.6662192
728 10/1/2012 04:29:51.7283943
656 10/1/2012 04:29:54.3615449
869 10/1/2012 04:29:57.4197198
937 10/1/2012 04:30:05.6231891
938 10/1/2012 04:30:18.0619005
095 10/1/2012 04:30:21.7221099
085 10/1/2012 04:30:25.3453171
086 10/1/2012 04:30:29.1895370
083 10/1/2012 04:30:32.2027093
074 10/1/2012 04:31:23.8486633
075 10/1/2012 04:31:26.6828254
076 10/1/2012 04:31:30.2930319
573 10/1/2012 04:31:33.8882375
575 10/1/2012 04:31:38.2104847
017 10/1/2012 04:31:42.3397209
126 10/1/2012 04:31:46.4469558
128 10/1/2012 04:31:50.1961703
129 10/1/2012 04:31:53.7673745
130 10/1/2012 04:31:56.6555397
900 10/1/2012 04:31:58.6206521
702 10/1/2012 04:32:01.9098403
839 10/1/2012 04:32:06.4511000
817 10/1/2012 04:32:08.6522259
816 10/1/2012 04:32:10.6943427
778 10/1/2012 04:33:03.0513374
666 10/1/2012 04:33:06.6075408
858 10/1/2012 04:33:08.8216674
123 10/1/2012 04:33:12.3568696
124 10/1/2012 04:33:15.3820426
103 10/1/2012 04:33:18.5052213
567 10/1/2012 04:33:21.9994211
555 10/1/2012 04:33:25.6546302
109 10/1/2012 04:33:28.9438183
112 10/1/2012 04:33:32.8820436
115 10/1/2012 04:33:36.0982275
117 10/1/2012 04:33:39.5994278
118 10/1/2012 04:33:43.8986737
119 10/1/2012 04:33:47.0368532
852 10/1/2012 04:33:48.9339617
876 10/1/2012 04:33:51.9221326
953 10/1/2012 04:34:44.4871392
670 10/1/2012 04:34:47.1442911
834 10/1/2012 04:34:50.7874995
784 10/1/2012 04:34:52.8246160
812 10/1/2012 04:34:54.9157356
947 10/1/2012 04:34:58.1329197
104 10/1/2012 04:35:01.5491150
096 10/1/2012 04:35:05.0413148
097 10/1/2012 04:35:09.3365605
098 10/1/2012 04:35:12.6997528
099 10/1/2012 04:35:16.7789861
100 10/1/2012 04:35:21.1202344
101 10/1/2012 04:35:25.0214576
549 10/1/2012 04:35:28.5196577
566 10/1/2012 04:35:31.9828558
559 10/1/2012 04:35:35.6920679
107 10/1/2012 04:36:26.5529770
116 10/1/2012 04:36:30.0351762
113 10/1/2012 04:36:33.1693554
114 10/1/2012 04:36:36.3245359
110 10/1/2012 04:36:39.7357310
111 10/1/2012 04:36:43.1839282
836 10/1/2012 04:36:47.1451548
837 10/1/2012 04:36:50.9753739
838 10/1/2012 04:36:53.7995354
962 10/1/2012 04:36:55.2966210
897 10/1/2012 04:36:57.4177424
745 10/1/2012 04:37:01.1949584
102 10/1/2012 04:37:02.8820549
543 10/1/2012 04:37:06.9552879
522 10/1/2012 04:37:10.7995077
293 10/1/2012 04:37:14.1016966
262 10/1/2012 04:38:08.1747894
259 10/1/2012 04:38:12.3680293
267 10/1/2012 04:38:15.7972254
273 10/1/2012 04:38:19.5844420
274 10/1/2012 04:38:22.6596179
275 10/1/2012 04:38:25.9008033
266 10/1/2012 04:38:29.6270164
263 10/1/2012 04:38:32.8922032
261 10/1/2012 04:38:36.6064156
255 10/1/2012 04:38:39.9376062
256 10/1/2012 04:38:43.7418237
257 10/1/2012 04:38:52.0262976
258 10/1/2012 04:38:56.1095311
563 10/1/2012 04:39:48.2055109
766 10/1/2012 04:39:50.6576511
828 10/1/2012 04:39:53.0567883
676 10/1/2012 04:39:55.7749438
783 10/1/2012 04:39:58.1850817
775 10/1/2012 04:40:00.8562344
514 10/1/2012 04:40:04.0834190
294 10/1/2012 04:40:08.5086721
296 10/1/2012 04:40:11.9038663
265 10/1/2012 04:40:15.1610526
269 10/1/2012 04:40:18.7572583
272 10/1/2012 04:40:22.0924491
277 10/1/2012 04:40:25.3276341
278 10/1/2012 04:40:29.9118963
279 10/1/2012 04:40:33.7691169
249 10/1/2012 04:40:37.0333036
253 10/1/2012 04:41:30.0503360
241 10/1/2012 04:41:34.1215689
242 10/1/2012 04:41:38.1147973
243 10/1/2012 04:41:41.1109687
244 10/1/2012 04:41:44.4501597
245 10/1/2012 04:41:48.2023743
557 10/1/2012 04:41:52.1355992
779 10/1/2012 04:41:54.7427484
786 10/1/2012 04:41:57.6409141
787 10/1/2012 04:41:59.9930487
827 10/1/2012 04:42:02.3651843
693 10/1/2012 04:42:05.9083870
662 10/1/2012 04:42:09.2725794
842 10/1/2012 04:42:12.2987525
788 10/1/2012 04:42:14.9419037
729 10/1/2012 04:42:18.2280917
295 10/1/2012 04:43:10.5380836
523 10/1/2012 04:43:13.5422554
509 10/1/2012 04:43:16.9144483
510 10/1/2012 04:43:20.7376670
276 10/1/2012 04:43:24.3238721
268 10/1/2012 04:43:27.9450792
044 10/1/2012 04:43:31.3692751
207 10/1/2012 04:43:35.1564917
208 10/1/2012 04:43:38.1796646
209 10/1/2012 04:43:40.8188156
210 10/1/2012 04:43:44.4120211
215 10/1/2012 04:43:47.5882028
216 10/1/2012 04:43:50.6203762
217 10/1/2012 04:43:53.9185648
218 10/1/2012 04:43:57.1737510
796 10/1/2012 04:43:59.2148678
797 10/1/2012 04:44:50.3227910
650 10/1/2012 04:44:53.1939552
651 10/1/2012 04:44:55.9841148
674 10/1/2012 04:44:58.6252658
675 10/1/2012 04:45:01.4954300
874 10/1/2012 04:45:05.1486390
996 10/1/2012 04:45:08.9928588
193 10/1/2012 04:45:12.4890588
194 10/1/2012 04:45:13.6881274
195 10/1/2012 04:45:17.6523541
196 10/1/2012 04:45:21.7575889
197 10/1/2012 04:45:25.7018145
198 10/1/2012 04:45:28.8969973
199 10/1/2012 04:45:32.9522292
201 10/1/2012 04:45:36.8124500
202 10/1/2012 04:45:40.2636474
203 10/1/2012 04:46:32.5356372
204 10/1/2012 04:46:35.9008297
205 10/1/2012 04:46:39.4520328
191 10/1/2012 04:46:42.6032130
219 10/1/2012 04:46:46.4834350
222 10/1/2012 04:46:48.4035448
223 10/1/2012 04:46:51.4277178
224 10/1/2012 04:46:54.5928988
225 10/1/2012 04:46:57.4640630
226 10/1/2012 04:47:00.5402390
227 10/1/2012 04:47:04.7494797
228 10/1/2012 04:47:08.2486799
229 10/1/2012 04:47:11.9898939
230 10/1/2012 04:47:15.7101067
698 10/1/2012 04:47:18.6222732
634 10/1/2012 04:47:21.8464576
753 10/1/2012 04:48:13.5004121
754 10/1/2012 04:48:16.5775881
755 10/1/2012 04:48:19.6117616
645 10/1/2012 04:48:22.5809314
993 10/1/2012 04:48:26.1121334
949 10/1/2012 04:48:30.4903838
872 10/1/2012 04:48:34.8066307
221 10/1/2012 04:48:39.1868813
212 10/1/2012 04:48:42.6700805
214 10/1/2012 04:48:46.0392732
206 10/1/2012 04:48:49.6614804
595 10/1/2012 04:48:53.4746985
539 10/1/2012 04:48:57.4029231
157 10/1/2012 04:49:00.8161184
159 10/1/2012 04:49:04.6103354
145 10/1/2012 04:49:54.5781934
147 10/1/2012 04:49:58.9384428
149 10/1/2012 04:50:02.8846685
151 10/1/2012 04:50:09.7800629
853 10/1/2012 04:50:13.7362892
678 10/1/2012 04:50:16.4424440
764 10/1/2012 04:50:19.5726230
806 10/1/2012 04:50:21.9327580
808 10/1/2012 04:50:24.2648914
798 10/1/2012 04:50:26.6110256
744 10/1/2012 04:50:29.6121972
716 10/1/2012 04:50:32.9273868
657 10/1/2012 04:50:35.7655492
146 10/1/2012 04:50:38.1506856
144 10/1/2012 04:50:42.1769159
160 10/1/2012 04:51:36.2050061
161 10/1/2012 04:51:39.8842165
153 10/1/2012 04:51:44.0144528
154 10/1/2012 04:51:46.7596098
529 10/1/2012 04:51:50.4888231
530 10/1/2012 04:51:54.2340373
588 10/1/2012 04:51:57.3302144
584 10/1/2012 04:52:00.3723884
305 10/1/2012 04:52:03.4905668
155 10/1/2012 04:52:06.8527591
156 10/1/2012 04:52:10.1909500
158 10/1/2012 04:52:13.4061339
152 10/1/2012 04:52:16.6643202
758 10/1/2012 04:52:19.5164834
813 10/1/2012 04:52:21.6546057
972 10/1/2012 04:52:23.2946995
974 10/1/2012 04:53:15.0286585
870 10/1/2012 04:53:18.6158637
801 10/1/2012 04:53:21.0490028
809 10/1/2012 04:53:23.1591235
738 10/1/2012 04:53:25.9592837
609 10/1/2012 04:53:28.9774563
597 10/1/2012 04:53:32.5426602
163 10/1/2012 04:53:37.3979379
176 10/1/2012 04:53:40.3781084
177 10/1/2012 04:53:44.1013214
178 10/1/2012 04:53:47.4225113
180 10/1/2012 04:53:50.9327121
181 10/1/2012 04:53:54.0488903
182 10/1/2012 04:53:57.1180659
183 10/1/2012 04:54:00.1012365
184 10/1/2012 04:54:03.4834300
185 10/1/2012 04:54:54.5433504
186 10/1/2012 04:54:57.8145375
188 10/1/2012 04:55:01.3837417
189 10/1/2012 04:55:04.7589347
190 10/1/2012 04:55:07.6931025
636 10/1/2012 04:55:10.5322649
751 10/1/2012 04:55:13.0164070
823 10/1/2012 04:55:15.4965489
601 10/1/2012 04:55:18.5707247
614 10/1/2012 04:55:21.3448834
705 10/1/2012 04:55:23.9990352
901 10/1/2012 04:55:26.0171506
987 10/1/2012 04:55:34.5646395
994 10/1/2012 04:55:37.8598280
179 10/1/2012 04:55:40.6249861
173 10/1/2012 04:55:44.6632171
174 10/1/2012 04:56:35.5571281
580 10/1/2012 04:56:38.1882786
318 10/1/2012 04:56:41.6234750
374 10/1/2012 04:56:44.4426363
504 10/1/2012 04:56:48.2278528
164 10/1/2012 04:56:52.2940854
171 10/1/2012 04:56:55.8292876
707 10/1/2012 04:56:58.4694386
685 10/1/2012 04:57:01.8496319
686 10/1/2012 04:57:04.4887829
603 10/1/2012 04:57:07.7009666
669 10/1/2012 04:57:11.1901662
736 10/1/2012 04:57:14.1113332
737 10/1/2012 04:57:17.0935038
635 10/1/2012 04:57:19.8646623
706 10/1/2012 04:57:22.2447985
999 10/1/2012 04:57:25.7890012
165 10/1/2012 04:58:16.5859066
166 10/1/2012 04:58:19.3750661
167 10/1/2012 04:58:22.4942445
168 10/1/2012 04:58:25.8924389
169 10/1/2012 04:58:29.1466250
170 10/1/2012 04:58:33.1318530
505 10/1/2012 04:58:35.9410136
337 10/1/2012 04:58:38.4741585
556 10/1/2012 04:58:40.4372708
544 10/1/2012 04:58:43.6064521
236 10/1/2012 04:58:46.9556436
237 10/1/2012 04:58:50.8278651
232 10/1/2012 04:58:55.1761138
234 10/1/2012 04:58:59.2013440
607 10/1/2012 04:59:03.0405636
647 10/1/2012 04:59:05.9087277
743 10/1/2012 04:59:57.6106849
824 10/1/2012 04:59:59.9488186
762 10/1/2012 05:00:02.6089708
998 10/1/2012 05:00:05.9031592
969 10/1/2012 05:00:07.5932558
873 10/1/2012 05:00:10.8244407
534 10/1/2012 05:00:14.8446706
596 10/1/2012 05:00:18.2748668
525 10/1/2012 05:00:21.3820445
503 10/1/2012 05:00:25.2172639
594 10/1/2012 05:00:28.7744673
235 10/1/2012 05:00:32.4946801
231 10/1/2012 05:00:35.9908801
799 10/1/2012 05:00:38.4240193
655 10/1/2012 05:00:41.3721879
598 10/1/2012 05:00:45.1974067
700 10/1/2012 05:00:47.5415408
704 10/1/2012 05:01:38.6384633
617 10/1/2012 05:01:41.8376463
648 10/1/2012 05:01:44.6968098
646 10/1/2012 05:01:47.6759802
825 10/1/2012 05:01:49.9011075
238 10/1/2012 05:01:53.3893070
239 10/1/2012 05:01:56.4874842
192 10/1/2012 05:02:00.8627345
Insert Area--BOHOL-REGION-AREA1 10/1/2012 05:02:03.0368588
Insert Area--BOHOL-REGION-AREA2 10/1/2012 05:02:05.1249783
Insert Area--BOHOL-REGION-AREA3 10/1/2012 05:02:07.2170979
Insert Area--CAAR-REGION-AREA1 10/1/2012 05:02:09.3022172
Insert Area--CAAR-REGION-AREA2 10/1/2012 05:02:11.3773359
Insert Area--CAAR-REGION-AREA3 10/1/2012 05:02:13.4834564
Insert Area--CAAR-REGION-AREA4 10/1/2012 05:02:15.5685756
Insert Area--CAAR-REGION-AREA5 10/1/2012 05:02:17.6476945
Insert Area--Cebu Central A 10/1/2012 05:02:19.7488147
Insert Area--Cebu Central B 10/1/2012 05:02:21.8619356
Insert Area--Cebu Central C 10/1/2012 05:02:23.9840570
Insert Area--Cebu Central D 10/1/2012 05:02:26.0911775
Insert Area--Cebu North A 10/1/2012 05:02:28.1982980
Insert Area--Cebu North B 10/1/2012 05:02:30.2804171
Insert Area--Cebu North C 10/1/2012 05:03:21.7523611
Insert Area--Cebu North D 10/1/2012 05:03:23.8364803
Insert Area--Cebu South A 10/1/2012 05:03:25.9105989
Insert Area--Cebu South B 10/1/2012 05:03:28.0297202
Insert Area--Cebu South C 10/1/2012 05:03:30.1168395
Insert Area--CEBU SOUTH D 10/1/2012 05:03:32.2549618
Insert Area--CEBU SOUTH E 10/1/2012 05:03:34.3450814
Insert Area--COMADAVSUR-REGION-AREA3 10/1/2012 05:03:36.4322007
Insert Area--GUIMARAS-ILOILO-REGION-AREA1 10/1/2012 05:03:38.5303208
Insert Area--GUIMARAS-ILOILO-REGION-AREA2 10/1/2012 05:03:40.6174401
Insert Area--GUIMARAS-ILOILO-REGION-AREA3 10/1/2012 05:03:42.6965590
Insert Area--GUIMARAS-ILOILO-REGION-AREA4 10/1/2012 05:03:44.7956791
Insert Area--GUIMARAS-ILOILO-REGION-AREA5 10/1/2012 05:03:46.8867987
Insert Area--LEYTE-REGION-AREA1 10/1/2012 05:03:48.9669177
Insert Area--LEYTE-REGION-AREA2 10/1/2012 05:03:51.0510369
Insert Area--LEYTE-REGION-AREA3 10/1/2012 05:03:53.1381563
Insert Area--LEYTE-REGION-AREA4 10/1/2012 05:03:55.2172752
Insert Area--NEG.OR-SIQUIJOR-REGION-AREA1 10/1/2012 05:03:57.3043946
Insert Area--NEG.OR-SIQUIJOR-REGION-AREA2 10/1/2012 05:03:59.4005145
Insert Area--NEG.OR-SIQUIJOR-REGION-AREA3 10/1/2012 05:04:01.4826336
Insert Area--NEGROS-OCC-REGION-AREA1 10/1/2012 05:04:03.5637526
Insert Area--NEGROS-OCC-REGION-AREA2 10/1/2012 05:04:05.6698730
Insert Area--NEGROS-OCC-REGION-AREA3 10/1/2012 05:04:07.7609927
Insert Area--NEGROS-OCC-REGION-AREA4 10/1/2012 05:04:09.8471120
Insert Area--NEGROS-OCC-REGION-AREA5 10/1/2012 05:04:11.9392316
Insert Area--SAMAR-REGION-AREA1 10/1/2012 05:05:02.7871400
Insert Area--SAMAR-REGION-AREA2 10/1/2012 05:05:04.8782596
Insert Area--SAMAR-REGION-AREA3 10/1/2012 05:05:06.9813799
Insert Area--SAMAR-REGION-AREA4 10/1/2012 05:05:09.0684992
Insert region--BOHOL-REGION 10/1/2012 05:05:09.4185193
Insert region--CAAR-REGION 10/1/2012 05:05:09.7175364
Insert region--Cebu Central 10/1/2012 05:05:09.9995525
Insert region--Cebu North 10/1/2012 05:05:10.2865689
Insert region--Cebu South 10/1/2012 05:05:10.5795857
Insert region--COMADAVSUR-REGION 10/1/2012 05:05:10.8716024
Insert region--GUIMARAS-ILOILO-REGION 10/1/2012 05:05:11.1656192
Insert region--LEYTE-REGION 10/1/2012 05:05:11.4506355
Insert region--NEG.OR-SIQUIJOR-REGION 10/1/2012 05:05:11.7376519
Insert region--NEGROS-OCC-REGION 10/1/2012 05:05:12.0326688
Insert region--SAMAR-REGION 10/1/2012 05:05:12.3216853
Insert Vismin Wide--  10/1/2012 05:05:24.4633798
Update--021 10/11/2011 04:08:00.4285542
Update--133 10/11/2011 04:08:14.4171791
Update--137 10/11/2011 04:08:29.1194053
Update--138 10/11/2011 04:08:40.5250255
Update--140 10/11/2011 04:08:50.6816434
Update--613 10/11/2011 04:08:59.4196588
Update--638 10/11/2011 04:09:06.8462719
Update--681 10/11/2011 04:09:14.0066845
Update--708 10/11/2011 04:09:20.6230962
Update--717 10/11/2011 04:09:27.5303090
769 10/11/2011 04:09:34.1925208
804 10/11/2011 04:09:39.6701305
Update--871 10/11/2011 04:09:46.8189433
Update--950 10/11/2011 04:09:53.5591552
Update--952 10/11/2011 04:10:00.6747678
Update--951 10/11/2011 04:10:07.4461797
768 10/11/2011 04:10:13.6237906
Update--761 10/11/2011 04:10:19.4270008
Update--741 10/11/2011 04:10:25.9694126
Update--714 10/11/2011 04:10:32.9748250
Update--715 10/11/2011 04:10:39.4186363
Update--682 10/11/2011 04:10:46.1024485
Update--642 10/11/2011 04:10:53.2794611
Update--659 10/11/2011 04:11:00.0664731
Update--139 10/11/2011 04:11:07.6998868
Update--134 10/11/2011 04:11:15.6921011
Update--131 10/11/2011 04:11:22.6975135
Update--132 10/11/2011 04:11:29.5625256
Update--142 10/11/2011 04:11:36.6177382
Update--518 10/11/2011 04:11:43.2799499
Update--345 10/11/2011 04:11:49.8173615
Update--143 10/11/2011 04:11:56.5897735
Update--135 10/11/2011 04:12:03.8447863
Update--141 10/11/2011 04:12:10.6785983
Update--637 10/11/2011 04:12:17.4364104
Update--690 10/11/2011 04:12:24.0206220
Update--680 10/11/2011 04:12:30.4800334
Update--734 10/11/2011 04:12:37.4406458
Update--752 10/11/2011 04:12:43.9312572
Update--726 10/11/2011 04:12:51.1082699
Update--677 10/11/2011 04:12:58.1538828
Update--711 10/11/2011 04:13:05.2060953
Update--712 10/11/2011 04:13:11.6509067
Update--628 10/11/2011 04:13:18.8933197
Update--036 10/11/2011 04:13:26.1483325
Update--057 10/11/2011 04:13:33.3439453
Update--066 10/11/2011 04:13:40.4585579
Update--079 10/11/2011 04:13:47.8705710
Update--593 10/11/2011 04:13:55.3127841
Update--264 10/11/2011 04:14:02.7423974
Update--582 10/11/2011 04:14:09.6698096
Update--537 10/11/2011 04:14:16.0814209
Update--396 10/11/2011 04:14:22.7154327
Update--280 10/11/2011 04:14:29.3464444
Update--284 10/11/2011 04:14:36.1500565
Update--285 10/11/2011 04:14:43.2198691
Update--290 10/11/2011 04:14:50.9896828
Update--720 10/11/2011 04:14:57.8702949
Update--673 10/11/2011 04:15:05.1409078
Update--696 10/11/2011 04:15:11.6939193
Update--697 10/11/2011 04:15:18.2479310
810 10/11/2011 04:15:24.2393415
821 10/11/2011 04:15:30.3555523
Update--727 10/11/2011 04:15:37.1737644
Update--724 10/11/2011 04:15:44.2415768
Update--725 10/11/2011 04:15:51.2167892
Update--730 10/11/2011 04:15:58.1442014
Update--731 10/11/2011 04:16:05.1194138
Update--639 10/11/2011 04:16:11.9220258
Update--875 10/11/2011 04:16:19.7864397
Update--291 10/11/2011 04:16:26.7918521
Update--289 10/11/2011 04:16:34.2818653
Update--287 10/11/2011 04:16:41.2560776
Update--281 10/11/2011 04:16:48.1210897
Update--583 10/11/2011 04:16:55.3459025
Update--246 10/11/2011 04:17:02.6633155
Update--250 10/11/2011 04:17:09.6853279
Update--251 10/11/2011 04:17:16.6283402
Update--252 10/11/2011 04:17:23.9457531
Update--254 10/11/2011 04:17:30.6557650
Update--248 10/11/2011 04:17:37.7391775
Update--843 10/11/2011 04:17:45.2291907
Update--668 10/11/2011 04:17:52.1098029
Update--747 10/11/2011 04:17:59.4282158
Update--660 10/11/2011 04:18:06.6052285
Update--679 10/11/2011 04:18:13.2362402
Update--247 10/11/2011 04:18:20.7126535
Update--513 10/11/2011 04:18:27.9988664
Update--535 10/11/2011 04:18:34.7868784
Update--282 10/11/2011 04:18:41.1838897
Update--283 10/11/2011 04:18:47.8607014
Update--288 10/11/2011 04:18:54.2889128
Update--297 10/11/2011 04:19:01.5137256
Update--292 10/11/2011 04:19:08.1281372
Update--105 10/11/2011 04:19:15.0243494
Update--037 10/11/2011 04:19:22.0785619
Update--038 10/11/2011 04:19:29.6913753
Update--040 10/11/2011 04:19:36.6821877
Update--018 10/11/2011 04:19:43.7666002
Update--020 10/11/2011 04:19:51.4750139
Update--025 10/11/2011 04:19:58.6520266
Update--029 10/11/2011 04:20:05.7882395
Update--030 10/11/2011 04:20:13.6204533
Update--032 10/11/2011 04:20:19.7366641
Update--033 10/11/2011 04:20:26.7586765
Update--034 10/11/2011 04:20:33.8968896
Update--035 10/11/2011 04:20:39.9507003
Update--749 10/11/2011 04:20:47.2535132
Update--750 10/11/2011 04:20:53.9469250
Update--846 10/11/2011 04:21:02.0609394
Update--868 10/11/2011 04:21:09.0975518
Update--867 10/11/2011 04:21:16.2755645
Update--835 10/11/2011 04:21:23.3579769
Update--026 10/11/2011 04:21:30.7377900
Update--027 10/11/2011 04:21:38.0250029
Update--028 10/11/2011 04:21:45.3112157
Update--019 10/11/2011 04:21:53.3628300
Update--022 10/11/2011 04:22:00.1342419
Update--023 10/11/2011 04:22:07.1270544
Update--024 10/11/2011 04:22:13.8984664
Update--120 10/11/2011 04:22:21.1846792
Update--121 10/11/2011 04:22:27.8624910
Update--122 10/11/2011 04:22:34.7587032
Update--125 10/11/2011 04:22:42.0137160
Update--078 10/11/2011 04:22:49.3069292
Update--512 10/11/2011 04:22:56.1241412
Update--526 10/11/2011 04:23:03.3167539
Update--532 10/11/2011 04:23:10.7433670
Update--508 10/11/2011 04:23:17.3431786
Update--325 10/11/2011 04:23:24.0229905
Update--041 10/11/2011 04:23:30.7310023
Update--042 10/11/2011 04:23:37.9090150
Update--045 10/11/2011 04:23:48.3524338
Update--046 10/11/2011 04:23:55.0302456
Update--047 10/11/2011 04:24:01.8484576
Update--048 10/11/2011 04:24:08.9016701
Update--049 10/11/2011 04:24:15.9382825
Update--052 10/11/2011 04:24:23.2566955
Update--054 10/11/2011 04:24:30.9329090
Update--106 10/11/2011 04:24:38.1889219
Update--633 10/11/2011 04:24:45.5063348
Update--616 10/11/2011 04:24:53.2293484
Update--722 10/11/2011 04:25:00.2669609
Update--866 10/11/2011 04:25:07.1943731
912 10/11/2011 04:25:12.4837824
Update--064 10/11/2011 04:25:19.2873945
Update--070 10/11/2011 04:25:26.5580073
Update--071 10/11/2011 04:25:34.1572208
Update--072 10/11/2011 04:25:41.1158331
Update--073 10/11/2011 04:25:48.7764466
Update--055 10/11/2011 04:25:55.6736588
Update--053 10/11/2011 04:26:02.7248712
Update--050 10/11/2011 04:26:09.6688835
Update--051 10/11/2011 04:26:16.8302961
Update--043 10/11/2011 04:26:24.0893091
Update--511 10/11/2011 04:26:31.1581217
Update--240 10/11/2011 04:26:37.6955332
Update--260 10/11/2011 04:26:44.2641448
Update--578 10/11/2011 04:26:50.9741567
Update--571 10/11/2011 04:26:56.6535667
Update--591 10/11/2011 04:27:04.0821799
Update--067 10/11/2011 04:27:12.2117943
Update--068 10/11/2011 04:27:19.4512071
Update--069 10/11/2011 04:27:27.3624211
Update--065 10/11/2011 04:27:34.5706338
Update--864 10/11/2011 04:27:41.9982470
Update--865 10/11/2011 04:27:49.0036593
Update--721 10/11/2011 04:27:56.4598733
Update--710 10/11/2011 04:28:03.0596849
793 10/11/2011 04:28:09.0354955
794 10/11/2011 04:28:15.2297064
Update--699 10/11/2011 04:28:21.8773182
Update--644 10/11/2011 04:28:29.1957312
Update--944 10/11/2011 04:28:36.5297441
Update--945 10/11/2011 04:28:43.3479562
961 10/11/2011 04:28:49.8541677
Update--997 10/11/2011 04:28:57.0165804
Update--058 10/11/2011 04:29:04.5523936
Update--059 10/11/2011 04:29:11.8708066
Update--060 10/11/2011 04:29:18.6734186
Update--061 10/11/2011 04:29:25.4448306
Update--062 10/11/2011 04:29:32.0924423
Update--063 10/11/2011 04:29:38.8794543
Update--056 10/11/2011 04:29:46.1188671
Update--585 10/11/2011 04:29:53.6556804
Update--080 10/11/2011 04:30:01.0354935
Update--081 10/11/2011 04:30:08.4309065
Update--082 10/11/2011 04:30:15.5299190
Update--084 10/11/2011 04:30:22.8483320
Update--087 10/11/2011 04:30:29.5573438
Update--088 10/11/2011 04:30:36.4077560
Update--089 10/11/2011 04:30:43.7875690
Update--090 10/11/2011 04:30:50.5961813
Update--092 10/11/2011 04:30:57.8345941
Update--093 10/11/2011 04:31:04.9804067
Update--094 10/11/2011 04:31:11.4866181
Update--936 10/11/2011 04:31:22.1600371
Update--943 10/11/2011 04:31:29.1966495
856 10/11/2011 04:31:35.1412600
829 10/11/2011 04:31:41.1950707
770 10/11/2011 04:31:46.5492811
Update--728 10/11/2011 04:31:53.2748930
Update--656 10/11/2011 04:32:00.0151049
Update--869 10/11/2011 04:32:06.9893172
Update--937 10/11/2011 04:32:19.1447388
Update--938 10/11/2011 04:32:35.1377670
Update--095 10/11/2011 04:32:42.4863800
Update--085 10/11/2011 04:32:49.5073924
Update--086 10/11/2011 04:32:56.3880045
Update--083 10/11/2011 04:33:03.1292165
Update--074 10/11/2011 04:33:10.3570294
Update--075 10/11/2011 04:33:17.2376416
Update--076 10/11/2011 04:33:24.2284540
Update--573 10/11/2011 04:33:31.0310660
Update--575 10/11/2011 04:33:38.6926795
Update--017 10/11/2011 04:33:45.8852922
Update--126 10/11/2011 04:33:53.2963053
Update--128 10/11/2011 04:34:00.6303183
Update--129 10/11/2011 04:34:07.6981307
Update--130 10/11/2011 04:34:14.3769426
900 10/11/2011 04:34:20.2747530
Update--702 10/11/2011 04:34:27.1397651
Update--839 10/11/2011 04:34:35.0187790
817 10/11/2011 04:34:41.1505898
816 10/11/2011 04:34:46.7987998
778 10/11/2011 04:34:52.2286094
Update--666 10/11/2011 04:34:59.2078220
858 10/11/2011 04:35:05.1368325
Update--123 10/11/2011 04:35:12.6258457
Update--124 10/11/2011 04:35:19.4606578
Update--103 10/11/2011 04:35:26.4962701
Update--567 10/11/2011 04:35:33.7512829
Update--555 10/11/2011 04:35:40.9604957
Update--109 10/11/2011 04:35:48.2467086
Update--112 10/11/2011 04:35:55.4861213
Update--115 10/11/2011 04:36:02.3979335
Update--117 10/11/2011 04:36:09.3409458
Update--118 10/11/2011 04:36:16.5813586
Update--119 10/11/2011 04:36:23.4619708
852 10/11/2011 04:36:29.3119810
Update--876 10/11/2011 04:36:36.0219929
Update--953 10/11/2011 04:36:42.4658043
Update--670 10/11/2011 04:36:49.1622163
Update--834 10/11/2011 04:36:56.1882290
784 10/11/2011 04:37:02.0548393
812 10/11/2011 04:37:07.6562492
Update--947 10/11/2011 04:37:14.3340610
Update--104 10/11/2011 04:37:21.5422737
Update--096 10/11/2011 04:37:28.4696859
Update--097 10/11/2011 04:37:35.6310986
Update--098 10/11/2011 04:37:42.5595108
Update--099 10/11/2011 04:37:50.4541248
Update--100 10/11/2011 04:37:57.6653377
Update--101 10/11/2011 04:38:04.8111503
Update--549 10/11/2011 04:38:12.1909633
Update--566 10/11/2011 04:38:19.2275757
Update--559 10/11/2011 04:38:26.4679885
Update--107 10/11/2011 04:38:33.4734009
Update--116 10/11/2011 04:38:40.3228130
Update--113 10/11/2011 04:38:47.1400249
Update--114 10/11/2011 04:38:53.9622372
Update--110 10/11/2011 04:39:00.7804492
Update--111 10/11/2011 04:39:07.6308614
Update--836 10/11/2011 04:39:14.9638743
Update--837 10/11/2011 04:39:22.1574871
Update--838 10/11/2011 04:39:28.8664989
962 10/11/2011 04:39:34.2183084
897 10/11/2011 04:39:39.8831184
Update--745 10/11/2011 04:39:47.3927319
Update--102 10/11/2011 04:39:53.4933427
Update--543 10/11/2011 04:40:00.7015554
Update--522 10/11/2011 04:40:08.4687698
Update--293 10/11/2011 04:40:15.6301825
Update--262 10/11/2011 04:40:23.8533970
Update--259 10/11/2011 04:40:31.1552099
Update--267 10/11/2011 04:40:38.2094225
Update--273 10/11/2011 04:40:45.4020352
Update--274 10/11/2011 04:40:52.4230475
Update--275 10/11/2011 04:40:59.0862594
Update--266 10/11/2011 04:41:06.6532727
Update--263 10/11/2011 04:41:13.6772853
Update--261 10/11/2011 04:41:20.6826976
Update--255 10/11/2011 04:41:27.6725100
Update--256 10/11/2011 04:41:34.9783231
Update--257 10/11/2011 04:41:43.3721379
Update--258 10/11/2011 04:41:53.1543551
Update--563 10/11/2011 04:42:00.3745685
Update--766 10/11/2011 04:42:07.2853806
828 10/11/2011 04:42:13.4905922
Update--676 10/11/2011 04:42:20.1060039
783 10/11/2011 04:42:26.3158148
Update--775 10/11/2011 04:42:32.7596262
Update--514 10/11/2011 04:42:39.8440388
Update--294 10/11/2011 04:42:47.5412535
Update--296 10/11/2011 04:42:54.5008658
Update--265 10/11/2011 04:43:01.5062782
Update--269 10/11/2011 04:43:09.0420915
Update--272 10/11/2011 04:43:15.8925036
Update--277 10/11/2011 04:43:22.8979160
Update--278 10/11/2011 04:43:30.5585295
Update--279 10/11/2011 04:43:37.7667422
Update--249 10/11/2011 04:43:44.8043547
Update--253 10/11/2011 04:43:51.8253671
Update--241 10/11/2011 04:43:59.2363802
Update--242 10/11/2011 04:44:06.5391931
Update--243 10/11/2011 04:44:13.2950050
Update--244 10/11/2011 04:44:20.6290180
Update--245 10/11/2011 04:44:28.6016321
Update--557 10/11/2011 04:44:35.9668451
Update--779 10/11/2011 04:44:42.6602569
786 10/11/2011 04:44:49.2288685
787 10/11/2011 04:44:55.1618792
827 10/11/2011 04:45:01.0430895
Update--693 10/11/2011 04:45:08.1421021
Update--662 10/11/2011 04:45:15.4761151
Update--842 10/11/2011 04:45:22.6309282
788 10/11/2011 04:45:28.9811394
Update--729 10/11/2011 04:45:36.1435521
Update--295 10/11/2011 04:45:43.2455648
Update--523 10/11/2011 04:45:50.0793768
Update--509 10/11/2011 04:45:57.0233891
Update--510 10/11/2011 04:46:04.0132015
Update--276 10/11/2011 04:46:11.0196139
Update--268 10/11/2011 04:46:18.1810265
Update--044 10/11/2011 04:46:25.3112391
Update--207 10/11/2011 04:46:32.9094525
Update--208 10/11/2011 04:46:39.6048644
Update--209 10/11/2011 04:46:46.2378762
Update--210 10/11/2011 04:46:53.7882895
Update--215 10/11/2011 04:47:00.8405020
Update--216 10/11/2011 04:47:07.9093145
Update--217 10/11/2011 04:47:15.0017275
Update--218 10/11/2011 04:47:21.9769399
796 10/11/2011 04:47:27.8747503
797 10/11/2011 04:47:33.3669600
Update--650 10/11/2011 04:47:39.9969716
Update--651 10/11/2011 04:47:46.5967833
Update--674 10/11/2011 04:47:53.3379952
Update--675 10/11/2011 04:48:00.3444076
Update--874 10/11/2011 04:48:07.6940206
Update--996 10/11/2011 04:48:15.1206337
Update--193 10/11/2011 04:48:22.5004468
Update--194 10/11/2011 04:48:27.9302564
Update--195 10/11/2011 04:48:35.7780702
Update--196 10/11/2011 04:48:43.5790840
Update--197 10/11/2011 04:48:51.2396975
Update--198 10/11/2011 04:48:58.4323102
Update--199 10/11/2011 04:49:05.4689226
Update--201 10/11/2011 04:49:12.5095352
Update--202 10/11/2011 04:49:20.4987494
Update--203 10/11/2011 04:49:27.4885617
Update--204 10/11/2011 04:49:34.4949741
Update--205 10/11/2011 04:49:41.6875868
Update--191 10/11/2011 04:49:48.5681989
Update--219 10/11/2011 04:49:55.3552109
Update--222 10/11/2011 04:50:01.4090216
Update--223 10/11/2011 04:50:08.1190335
Update--224 10/11/2011 04:50:15.0620457
Update--225 10/11/2011 04:50:21.8490577
Update--226 10/11/2011 04:50:28.8086701
Update--227 10/11/2011 04:50:36.2597055
Update--228 10/11/2011 04:50:43.8171192
Update--229 10/11/2011 04:50:51.1501321
Update--230 10/11/2011 04:50:58.4051449
Update--698 10/11/2011 04:51:05.2927574
Update--634 10/11/2011 04:51:12.5763710
753 10/11/2011 04:51:19.7431848
754 10/11/2011 04:51:26.6081969
755 10/11/2011 04:51:33.3016087
Update--645 10/11/2011 04:51:39.9824207
Update--993 10/11/2011 04:51:47.2998336
Update--949 10/11/2011 04:51:54.7812472
Update--872 10/11/2011 04:52:02.6758612
Update--221 10/11/2011 04:52:10.1376746
Update--212 10/11/2011 04:52:17.6734878
Update--214 10/11/2011 04:52:24.8827006
Update--206 10/11/2011 04:52:32.2157136
Update--595 10/11/2011 04:52:39.7369269
Update--539 10/11/2011 04:52:46.7609394
Update--157 10/11/2011 04:52:53.9837521
Update--159 10/11/2011 04:53:01.2865651
Update--145 10/11/2011 04:53:08.3543775
Update--147 10/11/2011 04:53:15.6873905
Update--149 10/11/2011 04:53:22.7084028
Update--151 10/11/2011 04:53:31.3070181
Update--853 10/11/2011 04:53:38.9520316
Update--678 10/11/2011 04:53:45.6932436
Update--764 10/11/2011 04:53:52.7454560
806 10/11/2011 04:53:58.8902676
808 10/11/2011 04:54:04.7256779
798 10/11/2011 04:54:10.4684881
Update--744 10/11/2011 04:54:17.2243000
Update--716 10/11/2011 04:54:24.4013126
Update--657 10/11/2011 04:54:31.2381249
Update--146 10/11/2011 04:54:37.4479358
Update--144 10/11/2011 04:54:44.7185487
Update--160 10/11/2011 04:54:52.8053632
Update--161 10/11/2011 04:54:59.9511758
Update--153 10/11/2011 04:55:07.6761895
Update--154 10/11/2011 04:55:14.2916012
Update--529 10/11/2011 04:55:21.6100142
Update--530 10/11/2011 04:55:28.7714268
Update--588 10/11/2011 04:55:35.7758391
Update--584 10/11/2011 04:55:42.6574513
Update--305 10/11/2011 04:55:49.4444633
Update--155 10/11/2011 04:55:56.5912760
Update--156 10/11/2011 04:56:03.8150887
Update--158 10/11/2011 04:56:10.5397006
Update--152 10/11/2011 04:56:17.7645134
Update--758 10/11/2011 04:56:24.4579252
813 10/11/2011 04:56:30.4337357
972 10/11/2011 04:56:35.6607450
974 10/11/2011 04:56:40.7629540
Update--870 10/11/2011 04:56:47.8307665
801 10/11/2011 04:56:54.1819777
809 10/11/2011 04:56:59.8769878
Update--738 10/11/2011 04:57:06.4455994
Update--609 10/11/2011 04:57:13.3740116
Update--597 10/11/2011 04:57:20.7850247
Update--163 10/11/2011 04:57:29.5844402
Update--176 10/11/2011 04:57:36.5274525
Update--177 10/11/2011 04:57:44.7128675
Update--178 10/11/2011 04:57:51.7348799
Update--180 10/11/2011 04:57:59.4900936
Update--181 10/11/2011 04:58:06.5579061
Update--182 10/11/2011 04:58:13.3927182
Update--183 10/11/2011 04:58:20.3357305
Update--184 10/11/2011 04:58:27.4659431
Update--185 10/11/2011 04:58:34.3319552
Update--186 10/11/2011 04:58:41.2905675
Update--188 10/11/2011 04:58:48.4061801
Update--189 10/11/2011 04:58:55.1619920
Update--190 10/11/2011 04:59:01.8242038
Update--636 10/11/2011 04:59:08.6756160
Update--751 10/11/2011 04:59:15.2754276
823 10/11/2011 04:59:21.4696386
Update--601 10/11/2011 04:59:27.8822499
Update--614 10/11/2011 04:59:34.5776618
Update--705 10/11/2011 04:59:41.1930735
901 10/11/2011 04:59:46.9720840
Update--987 10/11/2011 04:59:59.0495054
Update--994 10/11/2011 05:00:05.8833175
Update--179 10/11/2011 05:00:12.5359295
Update--173 10/11/2011 05:00:19.9167426
Update--174 10/11/2011 05:00:27.1405554
Update--580 10/11/2011 05:00:33.8963673
Update--318 10/11/2011 05:00:41.0631811
Update--374 10/11/2011 05:00:47.7565929
Update--504 10/11/2011 05:00:54.9688059
Update--164 10/11/2011 05:01:02.6450194
Update--171 10/11/2011 05:01:10.3076330
Update--707 10/11/2011 05:01:17.0322449
Update--685 10/11/2011 05:01:23.9908572
Update--686 10/11/2011 05:01:30.7164691
Update--603 10/11/2011 05:01:37.6282813
Update--669 10/11/2011 05:01:45.2284948
Update--736 10/11/2011 05:01:52.0779069
Update--737 10/11/2011 05:01:58.7003190
Update--635 10/11/2011 05:02:05.4571309
Update--706 10/11/2011 05:02:11.8843422
Update--999 10/11/2011 05:02:18.8605546
Update--165 10/11/2011 05:02:26.1009675
Update--166 10/11/2011 05:02:32.7475792
Update--167 10/11/2011 05:02:40.3145925
Update--168 10/11/2011 05:02:52.3608139
Update--169 10/11/2011 05:02:59.4064268
Update--170 10/11/2011 05:03:06.7590400
Update--505 10/11/2011 05:03:13.6240521
Update--337 10/11/2011 05:03:20.3018639
Update--556 10/11/2011 05:03:26.3742748
Update--544 10/11/2011 05:03:33.3640871
Update--236 10/11/2011 05:03:40.7197005
Update--237 10/11/2011 05:03:48.4905142
Update--232 10/11/2011 05:03:58.2963320
Update--234 10/11/2011 05:04:06.0349456
Update--607 10/11/2011 05:04:13.2909585
Update--647 10/11/2011 05:04:20.2183707
Update--743 10/11/2011 05:04:27.3183833
824 10/11/2011 05:04:33.5281942
Update--762 10/11/2011 05:04:39.8784054
Update--998 10/11/2011 05:04:46.9306179
969 10/11/2011 05:04:52.4740288
Update--873 10/11/2011 05:04:59.4638411
Update--534 10/11/2011 05:05:06.6876538
Update--596 10/11/2011 05:05:13.7564664
Update--525 10/11/2011 05:05:20.6526785
Update--503 10/11/2011 05:05:28.2830921
Update--594 10/11/2011 05:05:35.6005050
Update--235 10/11/2011 05:05:43.4805189
Update--231 10/11/2011 05:05:51.6463336
799 10/11/2011 05:05:57.8717446
Update--655 10/11/2011 05:06:04.6431566
Update--598 10/11/2011 05:06:12.0395697
Update--700 10/11/2011 05:06:18.4063810
Update--704 10/11/2011 05:06:25.0997928
Update--617 10/11/2011 05:06:32.1374053
Update--648 10/11/2011 05:06:38.9858173
Update--646 10/11/2011 05:06:45.9912297
825 10/11/2011 05:06:52.0138403
Update--238 10/11/2011 05:06:59.3956534
Update--239 10/11/2011 05:07:06.3386657
Update--192 10/11/2011 05:07:13.5946785
Insert Area--BOHOL-REGION-AREA1 10/11/2011 05:07:17.9002861
Insert Area--BOHOL-REGION-AREA2 10/11/2011 05:07:20.2120903
Update--021 1/2/2012 04:01:59.7042131
Update--133 1/2/2012 04:02:07.8796275
Update--137 1/2/2012 04:02:11.7026343
Update--138 1/2/2012 04:02:14.4804392
Update--140 1/2/2012 04:02:17.1324439
Update--613 1/2/2012 04:02:19.9902491
Update--638 1/2/2012 04:02:23.0010544
Update--681 1/2/2012 04:02:25.6072590
Update--708 1/2/2012 04:02:28.1032634
Update--717 1/2/2012 04:02:31.0526686
Update--769 1/2/2012 04:02:33.9708738
804 1/2/2012 04:02:36.0300774
Update--871 1/2/2012 04:02:38.3388815
Update--950 1/2/2012 04:02:40.9606861
Update--952 1/2/2012 04:02:43.9724915
Update--951 1/2/2012 04:02:46.5932961
768 1/2/2012 04:02:48.9187002
Update--761 1/2/2012 04:02:50.9779038
Update--741 1/2/2012 04:02:53.3647080
Update--714 1/2/2012 04:02:56.2205131
Update--715 1/2/2012 04:02:58.5761172
Update--682 1/2/2012 04:03:01.1667218
Update--642 1/2/2012 04:03:04.1991275
Update--659 1/2/2012 04:03:06.7263319
Update--139 1/2/2012 04:03:09.6757372
Update--134 1/2/2012 04:03:13.4041437
Update--131 1/2/2012 04:03:16.2131487
Update--132 1/2/2012 04:03:18.8963534
Update--142 1/2/2012 04:03:21.7209584
Update--518 1/2/2012 04:03:24.1545627
Update--345 1/2/2012 04:03:26.4331668
Update--143 1/2/2012 04:03:28.9135711
Update--135 1/2/2012 04:03:32.2217770
Update--141 1/2/2012 04:03:34.8279816
Update--637 1/2/2012 04:03:37.5891865
Update--690 1/2/2012 04:03:40.1485910
Update--680 1/2/2012 04:03:42.4729951
Update--734 1/2/2012 04:03:45.2840002
Update--752 1/2/2012 04:03:47.7332045
Update--726 1/2/2012 04:03:50.9790103
Update--677 1/2/2012 04:03:53.8494153
Update--711 1/2/2012 04:03:56.7052204
Update--712 1/2/2012 04:03:59.0608245
Update--628 1/2/2012 04:04:02.1662300
Update--036 1/2/2012 04:04:05.5212360
Update--057 1/2/2012 04:04:08.5008412
Update--066 1/2/2012 04:04:11.5594466
Update--079 1/2/2012 04:04:14.6170520
Update--593 1/2/2012 04:04:17.7526575
Update--264 1/2/2012 04:04:20.8112629
Update--582 1/2/2012 04:04:23.5724678
Update--537 1/2/2012 04:04:26.0382722
Update--396 1/2/2012 04:04:28.5654766
Update--280 1/2/2012 04:04:30.9844809
Update--284 1/2/2012 04:04:33.6676856
Update--285 1/2/2012 04:04:36.6180909
Update--290 1/2/2012 04:04:39.9564968
Update--720 1/2/2012 04:04:42.8435019
Update--673 1/2/2012 04:04:46.0737076
Update--696 1/2/2012 04:04:48.5073119
Update--697 1/2/2012 04:04:51.0043164
Update--810 1/2/2012 04:04:53.2663203
Update--821 1/2/2012 04:04:55.7789248
Update--727 1/2/2012 04:04:58.6805299
Update--724 1/2/2012 04:05:01.7079353
Update--725 1/2/2012 04:05:04.5939403
Update--730 1/2/2012 04:05:07.5745456
Update--731 1/2/2012 04:05:10.5551509
Update--639 1/2/2012 04:05:13.3319558
Update--875 1/2/2012 04:05:16.2189609
Update--291 1/2/2012 04:05:19.0425659
Update--289 1/2/2012 04:05:22.3527719
Update--287 1/2/2012 04:05:25.0671766
Update--281 1/2/2012 04:05:27.8323817
Update--583 1/2/2012 04:05:31.3277879
Update--246 1/2/2012 04:05:34.5413936
Update--250 1/2/2012 04:05:37.3825987
Update--251 1/2/2012 04:05:40.1126034
Update--252 1/2/2012 04:05:43.2960091
Update--254 1/2/2012 04:05:45.8710137
Update--248 1/2/2012 04:05:48.8662189
Update--843 1/2/2012 04:05:52.2836250
Update--668 1/2/2012 04:05:55.0604299
Update--747 1/2/2012 04:05:58.1200354
Update--660 1/2/2012 04:06:01.5052413
Update--679 1/2/2012 04:06:04.0012457
Update--247 1/2/2012 04:06:07.3250516
Update--513 1/2/2012 04:06:10.4762571
Update--535 1/2/2012 04:06:13.2384620
Update--282 1/2/2012 04:06:15.6408662
Update--283 1/2/2012 04:06:18.1066706
Update--288 1/2/2012 04:06:20.4778748
Update--297 1/2/2012 04:06:23.5052802
Update--292 1/2/2012 04:06:26.0012845
Update--105 1/2/2012 04:06:28.8570896
Update--037 1/2/2012 04:06:31.9780952
Update--038 1/2/2012 04:06:35.5505014
Update--040 1/2/2012 04:06:38.3751064
Update--018 1/2/2012 04:06:41.3099117
Update--020 1/2/2012 04:06:44.8979180
Update--025 1/2/2012 04:06:47.7693231
Update--029 1/2/2012 04:06:50.8425285
Update--030 1/2/2012 04:06:54.4003348
Update--032 1/2/2012 04:06:56.3825384
Update--033 1/2/2012 04:06:59.0969431
Update--034 1/2/2012 04:07:02.1555485
Update--035 1/2/2012 04:07:04.1991521
Update--749 1/2/2012 04:07:07.4293579
Update--750 1/2/2012 04:07:10.0657625
Update--846 1/2/2012 04:07:14.2137706
Update--868 1/2/2012 04:07:16.8199752
Update--867 1/2/2012 04:07:19.7839804
Update--835 1/2/2012 04:07:22.6397855
Update--026 1/2/2012 04:07:25.8065910
Update--027 1/2/2012 04:07:28.8027963
Update--028 1/2/2012 04:07:32.0808022
Update--019 1/2/2012 04:07:35.9184090
Update--022 1/2/2012 04:07:38.5402136
Update--023 1/2/2012 04:07:41.2858184
Update--024 1/2/2012 04:07:43.9544232
Update--120 1/2/2012 04:07:47.0442287
Update--121 1/2/2012 04:07:49.5870331
Update--122 1/2/2012 04:07:52.2712379
Update--125 1/2/2012 04:07:55.2352431
Update--078 1/2/2012 04:07:58.3094486
Update--512 1/2/2012 04:08:00.9302532
Update--526 1/2/2012 04:08:04.0044586
Update--532 1/2/2012 04:08:06.7968635
Update--508 1/2/2012 04:08:09.3350686
Update--325 1/2/2012 04:08:11.8310730
Update--041 1/2/2012 04:08:14.4704778
Update--042 1/2/2012 04:08:17.3458831
Update--045 1/2/2012 04:08:23.3060936
Update--046 1/2/2012 04:08:25.7708980
Update--047 1/2/2012 04:08:28.4103028
Update--048 1/2/2012 04:08:31.2651078
Update--049 1/2/2012 04:08:34.1355128
Update--052 1/2/2012 04:08:37.3179184
Update--054 1/2/2012 04:08:40.8133246
Update--106 1/2/2012 04:08:43.9811302
Update--633 1/2/2012 04:08:47.3351361
Update--616 1/2/2012 04:08:51.0333427
Update--722 1/2/2012 04:08:53.8579477
Update--866 1/2/2012 04:08:56.6191525
912 1/2/2012 04:08:57.9529570
Update--064 1/2/2012 04:09:00.5113615
Update--070 1/2/2012 04:09:03.6635671
Update--071 1/2/2012 04:09:07.0799731
Update--072 1/2/2012 04:09:09.9201782
Update--073 1/2/2012 04:09:13.4311844
Update--055 1/2/2012 04:09:16.1455892
Update--053 1/2/2012 04:09:19.1417945
Update--050 1/2/2012 04:09:21.9029993
Update--051 1/2/2012 04:09:24.8472060
Update--043 1/2/2012 04:09:27.8736113
Update--511 1/2/2012 04:09:30.6358162
Update--240 1/2/2012 04:09:33.0226204
Update--260 1/2/2012 04:09:35.4104247
Update--578 1/2/2012 04:09:38.0468293
Update--571 1/2/2012 04:09:39.6858322
Update--591 1/2/2012 04:09:43.0866382
Update--067 1/2/2012 04:09:46.8150447
Update--068 1/2/2012 04:09:50.0296504
Update--069 1/2/2012 04:09:53.6186568
Update--065 1/2/2012 04:09:56.3954617
Update--864 1/2/2012 04:09:59.8128677
Update--865 1/2/2012 04:10:02.6832728
Update--721 1/2/2012 04:10:06.0840788
Update--710 1/2/2012 04:10:08.6902834
Update--793 1/2/2012 04:10:10.9054873
794 1/2/2012 04:10:13.4970919
Update--699 1/2/2012 04:10:16.3050969
Update--644 1/2/2012 04:10:19.5197026
Update--944 1/2/2012 04:10:22.7645083
Update--945 1/2/2012 04:10:25.4331130
961 1/2/2012 04:10:28.2099179
Update--997 1/2/2012 04:10:31.1905232
Update--058 1/2/2012 04:10:34.7015294
Update--059 1/2/2012 04:10:38.0399353
Update--060 1/2/2012 04:10:40.6929400
Update--061 1/2/2012 04:10:43.4229448
Update--062 1/2/2012 04:10:45.9989494
Update--063 1/2/2012 04:10:48.6353540
Update--056 1/2/2012 04:10:51.8343597
Update--585 1/2/2012 04:10:55.0801655
Update--080 1/2/2012 04:10:58.3093711
Update--081 1/2/2012 04:11:01.4509770
Update--082 1/2/2012 04:11:04.2599820
Update--084 1/2/2012 04:11:07.5671878
Update--087 1/2/2012 04:11:10.0173922
Update--088 1/2/2012 04:11:12.8253971
Update--089 1/2/2012 04:11:16.0088027
Update--090 1/2/2012 04:11:18.7856076
Update--092 1/2/2012 04:11:21.8970135
Update--093 1/2/2012 04:11:24.7216185
Update--094 1/2/2012 04:11:27.1396227
Update--936 1/2/2012 04:11:33.7082343
Update--943 1/2/2012 04:11:36.5172393
856 1/2/2012 04:11:38.6856431
829 1/2/2012 04:11:40.9798472
770 1/2/2012 04:11:42.4462498
Update--728 1/2/2012 04:11:45.3800550
Update--656 1/2/2012 04:11:48.0788597
Update--869 1/2/2012 04:11:50.5280640
Update--937 1/2/2012 04:11:58.7034784
Update--938 1/2/2012 04:12:10.7828999
Update--095 1/2/2012 04:12:13.6377049
Update--085 1/2/2012 04:12:16.4633100
Update--086 1/2/2012 04:12:19.2401149
Update--083 1/2/2012 04:12:21.7839194
Update--074 1/2/2012 04:12:24.8103247
Update--075 1/2/2012 04:12:27.4049296
Update--076 1/2/2012 04:12:30.2607346
Update--573 1/2/2012 04:12:32.9907394
Update--575 1/2/2012 04:12:36.5485457
Update--017 1/2/2012 04:12:39.7153513
Update--126 1/2/2012 04:12:42.8207568
Update--128 1/2/2012 04:12:46.2139632
Update--129 1/2/2012 04:12:49.0063681
Update--130 1/2/2012 04:12:51.4579734
900 1/2/2012 04:12:53.5327771
Update--702 1/2/2012 04:12:56.6371825
Update--839 1/2/2012 04:13:00.5225894
817 1/2/2012 04:13:02.7377933
816 1/2/2012 04:13:04.4849964
778 1/2/2012 04:13:06.2019994
Update--666 1/2/2012 04:13:09.2128047
858 1/2/2012 04:13:11.3634101
Update--123 1/2/2012 04:13:14.6706159
Update--124 1/2/2012 04:13:17.3236206
Update--103 1/2/2012 04:13:20.2408258
Update--567 1/2/2012 04:13:23.2994312
Update--555 1/2/2012 04:13:26.2800365
Update--109 1/2/2012 04:13:29.4000420
Update--112 1/2/2012 04:13:32.4586474
Update--115 1/2/2012 04:13:35.1574521
Update--117 1/2/2012 04:13:37.9880575
Update--118 1/2/2012 04:13:41.0778630
Update--119 1/2/2012 04:13:43.7298676
852 1/2/2012 04:13:45.7276712
Update--876 1/2/2012 04:13:47.9896752
Update--953 1/2/2012 04:13:50.2828792
Update--670 1/2/2012 04:13:52.9046838
Update--834 1/2/2012 04:13:55.7282888
Update--784 1/2/2012 04:13:57.8492934
812 1/2/2012 04:14:00.0332972
Update--947 1/2/2012 04:14:02.6571020
Update--104 1/2/2012 04:14:05.6679073
Update--096 1/2/2012 04:14:08.4301122
Update--097 1/2/2012 04:14:11.5813177
Update--098 1/2/2012 04:14:14.2645224
Update--099 1/2/2012 04:14:17.8535288
Update--100 1/2/2012 04:14:20.8799341
Update--101 1/2/2012 04:14:23.7357392
Update--549 1/2/2012 04:14:26.8255446
Update--566 1/2/2012 04:14:29.6959497
Update--559 1/2/2012 04:14:32.9105554
Update--107 1/2/2012 04:14:35.7341604
Update--116 1/2/2012 04:14:38.5587654
Update--113 1/2/2012 04:14:41.1327699
Update--114 1/2/2012 04:14:43.8481747
Update--110 1/2/2012 04:14:46.6283806
Update--111 1/2/2012 04:14:49.4051855
Update--836 1/2/2012 04:14:52.5885912
Update--837 1/2/2012 04:14:55.8489969
Update--838 1/2/2012 04:14:58.2992013
962 1/2/2012 04:14:59.8748040
897 1/2/2012 04:15:01.7166073
Update--745 1/2/2012 04:15:05.2110135
Update--102 1/2/2012 04:15:07.0216167
Update--543 1/2/2012 04:15:10.1884223
Update--522 1/2/2012 04:15:13.6994285
Update--293 1/2/2012 04:15:16.5074334
Update--262 1/2/2012 04:15:20.3324403
Update--259 1/2/2012 04:15:23.6250461
Update--267 1/2/2012 04:15:26.3706510
Update--273 1/2/2012 04:15:29.4282563
Update--274 1/2/2012 04:15:32.2996614
Update--275 1/2/2012 04:15:34.9360661
Update--266 1/2/2012 04:15:38.3690721
Update--263 1/2/2012 04:15:41.3954775
Update--261 1/2/2012 04:15:44.3916828
Update--255 1/2/2012 04:15:47.2474878
Update--256 1/2/2012 04:15:50.2270931
Update--257 1/2/2012 04:15:54.2997003
Update--258 1/2/2012 04:15:58.3567075
Update--563 1/2/2012 04:16:01.1335123
Update--766 1/2/2012 04:16:03.5525166
828 1/2/2012 04:16:05.9393208
Update--676 1/2/2012 04:16:08.4165267
Update--783 1/2/2012 04:16:10.8189310
Update--775 1/2/2012 04:16:13.5187358
Update--514 1/2/2012 04:16:16.3111407
Update--294 1/2/2012 04:16:19.7753468
Update--296 1/2/2012 04:16:22.5531517
Update--265 1/2/2012 04:16:25.5015569
Update--269 1/2/2012 04:16:28.8005640
Update--272 1/2/2012 04:16:31.6085689
Update--277 1/2/2012 04:16:34.5423741
Update--278 1/2/2012 04:16:38.0221803
Update--279 1/2/2012 04:16:41.1109857
Update--249 1/2/2012 04:16:43.9979908
Update--253 1/2/2012 04:16:46.9307960
Update--241 1/2/2012 04:16:50.3170020
Update--242 1/2/2012 04:16:53.5784078
Update--243 1/2/2012 04:16:56.3396126
Update--244 1/2/2012 04:16:59.4138181
Update--245 1/2/2012 04:17:02.7532240
Update--557 1/2/2012 04:17:05.9668297
Update--779 1/2/2012 04:17:08.6052344
786 1/2/2012 04:17:11.4444394
787 1/2/2012 04:17:13.5202431
827 1/2/2012 04:17:15.6262468
Update--693 1/2/2012 04:17:19.0436528
Update--662 1/2/2012 04:17:22.4600588
Update--842 1/2/2012 04:17:25.2846639
Update--788 1/2/2012 04:17:27.9054685
Update--729 1/2/2012 04:17:31.2166745
Update--295 1/2/2012 04:17:34.3064800
Update--523 1/2/2012 04:17:37.0520848
Update--509 1/2/2012 04:17:39.9390899
Update--510 1/2/2012 04:17:42.6846948
Update--276 1/2/2012 04:17:45.5872999
Update--268 1/2/2012 04:17:48.4119049
Update--044 1/2/2012 04:17:51.3291100
Update--207 1/2/2012 04:17:54.4969157
Update--208 1/2/2012 04:17:57.2581205
Update--209 1/2/2012 04:17:59.6459248
Update--210 1/2/2012 04:18:02.9063305
Update--215 1/2/2012 04:18:05.5531366
Update--216 1/2/2012 04:18:08.0179409
Update--217 1/2/2012 04:18:10.6709456
Update--218 1/2/2012 04:18:13.4487506
796 1/2/2012 04:18:15.5391542
797 1/2/2012 04:18:17.2551572
Update--650 1/2/2012 04:18:19.8301618
Update--651 1/2/2012 04:18:22.6537668
Update--674 1/2/2012 04:18:25.3233716
Update--675 1/2/2012 04:18:28.1157765
Update--874 1/2/2012 04:18:30.9559815
Update--996 1/2/2012 04:18:34.1393872
Update--193 1/2/2012 04:18:37.3997929
Update--194 1/2/2012 04:18:38.9763957
Update--195 1/2/2012 04:18:41.8624008
Update--196 1/2/2012 04:18:44.8188064
Update--197 1/2/2012 04:18:47.6736115
Update--198 1/2/2012 04:18:50.7312168
Update--199 1/2/2012 04:18:53.5860218
Update--201 1/2/2012 04:18:56.5822272
Update--202 1/2/2012 04:18:59.7188327
Update--203 1/2/2012 04:19:02.5892378
Update--204 1/2/2012 04:19:05.4762429
Update--205 1/2/2012 04:19:08.4090480
Update--191 1/2/2012 04:19:11.0776528
Update--219 1/2/2012 04:19:13.8232576
Update--222 1/2/2012 04:19:15.8210612
Update--223 1/2/2012 04:19:18.4262657
Update--224 1/2/2012 04:19:21.2976708
Update--225 1/2/2012 04:19:23.9340755
Update--226 1/2/2012 04:19:26.7586805
Update--227 1/2/2012 04:19:30.0200863
Update--228 1/2/2012 04:19:33.4676923
Update--229 1/2/2012 04:19:36.6812980
Update--230 1/2/2012 04:19:40.0363039
Update--698 1/2/2012 04:19:42.9535090
Update--634 1/2/2012 04:19:46.2617149
Update--753 1/2/2012 04:19:49.5789213
Update--754 1/2/2012 04:19:52.7613269
755 1/2/2012 04:19:55.9603326
Update--645 1/2/2012 04:19:58.5967372
Update--993 1/2/2012 04:20:01.6709426
Update--949 1/2/2012 04:20:04.8699483
Update--872 1/2/2012 04:20:07.7871534
Update--221 1/2/2012 04:20:10.9227589
Update--212 1/2/2012 04:20:14.2611648
Update--214 1/2/2012 04:20:17.3665703
Update--206 1/2/2012 04:20:20.4095757
Update--595 1/2/2012 04:20:23.8259817
Update--539 1/2/2012 04:20:26.7753870
Update--157 1/2/2012 04:20:29.7705922
Update--159 1/2/2012 04:20:32.6207978
Update--145 1/2/2012 04:20:35.5234030
Update--147 1/2/2012 04:20:38.6434085
Update--149 1/2/2012 04:20:41.6084137
Update--151 1/2/2012 04:20:45.8058212
Update--853 1/2/2012 04:20:49.2378272
Update--678 1/2/2012 04:20:52.0830325
Update--764 1/2/2012 04:20:55.0626377
806 1/2/2012 04:20:57.4182419
808 1/2/2012 04:20:59.4462454
798 1/2/2012 04:21:01.5220492
Update--744 1/2/2012 04:21:04.3768542
Update--716 1/2/2012 04:21:07.6538600
Update--657 1/2/2012 04:21:10.4940650
Update--146 1/2/2012 04:21:12.6624688
Update--144 1/2/2012 04:21:15.7054742
Update--160 1/2/2012 04:21:19.3402806
Update--161 1/2/2012 04:21:22.4008862
Update--153 1/2/2012 04:21:25.9118924
Update--154 1/2/2012 04:21:28.6106971
Update--529 1/2/2012 04:21:31.7629027
Update--530 1/2/2012 04:21:34.9141082
Update--588 1/2/2012 04:21:37.6295131
Update--584 1/2/2012 04:21:40.3439178
Update--305 1/2/2012 04:21:43.0905227
Update--155 1/2/2012 04:21:46.2583283
Update--156 1/2/2012 04:21:49.3783338
Update--158 1/2/2012 04:21:52.0157385
Update--152 1/2/2012 04:21:55.1201440
Update--758 1/2/2012 04:21:58.0071491
813 1/2/2012 04:22:00.1443528
972 1/2/2012 04:22:01.5961554
974 1/2/2012 04:22:02.9689579
Update--870 1/2/2012 04:22:05.5429624
Update--801 1/2/2012 04:22:07.9463667
Update--809 1/2/2012 04:22:10.0211703
Update--738 1/2/2012 04:22:12.8769754
Update--609 1/2/2012 04:22:15.7473804
Update--597 1/2/2012 04:22:18.8985859
Update--163 1/2/2012 04:22:23.5327941
Update--176 1/2/2012 04:22:26.4977994
Update--177 1/2/2012 04:22:30.2262059
Update--178 1/2/2012 04:22:33.2848114
Update--180 1/2/2012 04:22:36.9060178
Update--181 1/2/2012 04:22:39.9480232
Update--182 1/2/2012 04:22:42.9286285
Update--183 1/2/2012 04:22:45.7054334
Update--184 1/2/2012 04:22:48.5300384
Update--185 1/2/2012 04:22:51.3078433
Update--186 1/2/2012 04:22:54.1782484
Update--188 1/2/2012 04:22:57.1432536
Update--189 1/2/2012 04:22:59.8420584
Update--190 1/2/2012 04:23:02.2922627
Update--636 1/2/2012 04:23:05.1626678
Update--751 1/2/2012 04:23:07.8312725
Update--823 1/2/2012 04:23:10.3272769
Update--601 1/2/2012 04:23:13.0426817
Update--614 1/2/2012 04:23:15.8662867
Update--705 1/2/2012 04:23:18.5504914
901 1/2/2012 04:23:20.5940950
Update--987 1/2/2012 04:23:28.5521091
Update--994 1/2/2012 04:23:31.2977139
Update--179 1/2/2012 04:23:33.9663187
Update--173 1/2/2012 04:23:36.9665242
Update--174 1/2/2012 04:23:40.0553297
Update--580 1/2/2012 04:23:42.6615343
Update--318 1/2/2012 04:23:45.5475394
Update--374 1/2/2012 04:23:48.2307441
Update--504 1/2/2012 04:23:51.2259493
Update--164 1/2/2012 04:23:54.9241559
Update--171 1/2/2012 04:23:58.2791618
Update--707 1/2/2012 04:24:00.9311665
Update--685 1/2/2012 04:24:03.8271721
Update--686 1/2/2012 04:24:06.4635768
Update--603 1/2/2012 04:24:09.2413817
Update--669 1/2/2012 04:24:12.7835880
Update--736 1/2/2012 04:24:15.3731925
Update--737 1/2/2012 04:24:17.9949972
Update--635 1/2/2012 04:24:20.7094019
Update--706 1/2/2012 04:24:23.0816062
Update--999 1/2/2012 04:24:25.9988113
Update--165 1/2/2012 04:24:29.1822169
Update--166 1/2/2012 04:24:31.8342216
Update--167 1/2/2012 04:24:34.7212267
Update--168 1/2/2012 04:24:37.5292317
Update--169 1/2/2012 04:24:40.2592364
Update--170 1/2/2012 04:24:43.3802420
Update--505 1/2/2012 04:24:46.0166466
Update--337 1/2/2012 04:24:48.5136511
Update--556 1/2/2012 04:24:50.2608541
Update--544 1/2/2012 04:24:53.1166592
Update--236 1/2/2012 04:24:56.1118645
Update--237 1/2/2012 04:24:59.5634707
Update--232 1/2/2012 04:25:03.9324785
Update--234 1/2/2012 04:25:07.2240843
Update--607 1/2/2012 04:25:10.1266894
Update--647 1/2/2012 04:25:12.9970944
Update--743 1/2/2012 04:25:16.0078997
824 1/2/2012 04:25:18.2865038
Update--762 1/2/2012 04:25:20.6109079
Update--998 1/2/2012 04:25:23.3575128
969 1/2/2012 04:25:25.1047158
Update--873 1/2/2012 04:25:28.0073210
Update--534 1/2/2012 04:25:30.9557262
Update--596 1/2/2012 04:25:33.9675315
Update--525 1/2/2012 04:25:36.7443364
Update--503 1/2/2012 04:25:39.7873418
Update--594 1/2/2012 04:25:42.8615472
Update--235 1/2/2012 04:25:46.4495535
Update--231 1/2/2012 04:25:49.7577594
Update--799 1/2/2012 04:25:52.2381638
Update--655 1/2/2012 04:25:55.2655691
Update--598 1/2/2012 04:25:58.5581750
Update--700 1/2/2012 04:26:00.8669790
Update--704 1/2/2012 04:26:03.6135839
Update--617 1/2/2012 04:26:06.5307890
Update--648 1/2/2012 04:26:09.5103943
Update--646 1/2/2012 04:26:12.5055995
825 1/2/2012 04:26:14.7062034
Update--238 1/2/2012 04:26:17.6702086
Update--239 1/2/2012 04:26:20.4480136
Update--192 1/2/2012 04:26:23.5408192
Insert Area--BOHOL-REGION-AREA1 1/2/2012 04:26:27.8620268
Insert Area--BOHOL-REGION-AREA2 1/2/2012 04:26:30.1466312
Update--021 10/11/2011 04:11:15.6267695
Update--133 10/11/2011 04:11:26.4395886
Update--137 10/11/2011 04:11:34.1626022
Update--138 10/11/2011 04:11:41.2626148
Update--140 10/11/2011 04:11:48.3460273
Update--613 10/11/2011 04:11:55.1808394
Update--638 10/11/2011 04:12:01.9990515
Update--681 10/11/2011 04:12:08.6768633
Update--708 10/11/2011 04:12:15.2152748
Update--717 10/11/2011 04:12:22.5014877
769 10/11/2011 04:12:29.0388992
804 10/11/2011 04:12:34.5457089
Update--871 10/11/2011 04:12:41.1777207
Update--950 10/11/2011 04:12:47.6839322
Update--952 10/11/2011 04:12:54.7829447
Update--951 10/11/2011 04:13:01.3983564
768 10/11/2011 04:13:07.4677671
Update--761 10/11/2011 04:13:13.2563773
Update--741 10/11/2011 04:13:19.7313887
Update--714 10/11/2011 04:13:26.6442010
Update--715 10/11/2011 04:13:32.9476121
Update--682 10/11/2011 04:13:39.5776237
Update--642 10/11/2011 04:13:46.7078363
Update--659 10/11/2011 04:13:53.2920479
Update--139 10/11/2011 04:14:00.7342611
Update--134 10/11/2011 04:14:08.5986750
Update--131 10/11/2011 04:14:15.3856870
Update--132 10/11/2011 04:14:22.0488988
Update--142 10/11/2011 04:14:29.1479113
Update--518 10/11/2011 04:14:35.6853228
Update--345 10/11/2011 04:14:42.2081344
Update--143 10/11/2011 04:14:48.8391461
Update--135 10/11/2011 04:14:56.1711590
Update--141 10/11/2011 04:15:03.0985712
Update--637 10/11/2011 04:15:09.7295829
Update--690 10/11/2011 04:15:16.3137945
Update--680 10/11/2011 04:15:22.6338057
Update--734 10/11/2011 04:15:29.6080181
Update--752 10/11/2011 04:15:35.8324290
Update--726 10/11/2011 04:15:43.0294428
Update--677 10/11/2011 04:15:49.9724550
Update--711 10/11/2011 04:15:56.9154673
Update--712 10/11/2011 04:16:03.3446787
Update--628 10/11/2011 04:16:10.5996915
Update--036 10/11/2011 04:16:17.9639045
Update--057 10/11/2011 04:16:25.2189173
Update--066 10/11/2011 04:16:32.4427300
Update--079 10/11/2011 04:16:39.6987429
Update--593 10/11/2011 04:16:47.0941559
Update--264 10/11/2011 04:16:55.1457702
Update--582 10/11/2011 04:17:02.3383829
Update--537 10/11/2011 04:17:09.0171947
Update--396 10/11/2011 04:17:15.4922061
Update--280 10/11/2011 04:17:22.1856179
Update--284 10/11/2011 04:17:29.0984302
Update--285 10/11/2011 04:17:36.0414425
Update--290 10/11/2011 04:17:44.5142574
Update--720 10/11/2011 04:17:51.3636695
Update--673 10/11/2011 04:17:58.6664825
Update--696 10/11/2011 04:18:05.3286942
Update--697 10/11/2011 04:18:11.7579056
810 10/11/2011 04:18:17.6245160
821 10/11/2011 04:18:23.6793267
Update--727 10/11/2011 04:18:30.3727385
Update--724 10/11/2011 04:18:37.3187510
Update--725 10/11/2011 04:18:44.2003632
Update--730 10/11/2011 04:18:51.1277754
Update--731 10/11/2011 04:18:57.9147874
Update--639 10/11/2011 04:19:04.7329994
Update--875 10/11/2011 04:19:12.3000127
Update--291 10/11/2011 04:19:18.9934246
Update--289 10/11/2011 04:19:26.5000379
Update--287 10/11/2011 04:19:33.2558498
Update--281 10/11/2011 04:19:40.2310622
Update--583 10/11/2011 04:19:47.4704750
Update--246 10/11/2011 04:19:54.5860876
Update--250 10/11/2011 04:20:01.5134998
Update--251 10/11/2011 04:20:08.4097120
Update--252 10/11/2011 04:20:15.7769251
Update--254 10/11/2011 04:20:22.5327370
Update--248 10/11/2011 04:20:29.4747492
Update--843 10/11/2011 04:20:36.9179624
Update--668 10/11/2011 04:20:43.6737743
Update--747 10/11/2011 04:20:50.7893869
Update--660 10/11/2011 04:20:58.0131997
Update--679 10/11/2011 04:21:04.4726111
Update--247 10/11/2011 04:21:11.8418244
Update--513 10/11/2011 04:21:19.0832373
Update--535 10/11/2011 04:21:25.8128494
Update--282 10/11/2011 04:21:32.2400607
Update--283 10/11/2011 04:21:38.8554724
Update--288 10/11/2011 04:21:45.3148838
Update--297 10/11/2011 04:21:52.4616964
Update--292 10/11/2011 04:21:58.9835079
Update--105 10/11/2011 04:22:05.9119202
Update--037 10/11/2011 04:22:12.9641327
Update--038 10/11/2011 04:22:20.5311460
Update--040 10/11/2011 04:22:27.4293583
Update--018 10/11/2011 04:22:34.4503707
Update--020 10/11/2011 04:22:42.2367845
Update--025 10/11/2011 04:22:49.2823974
Update--029 10/11/2011 04:22:56.4136100
Update--030 10/11/2011 04:23:04.2614239
Update--032 10/11/2011 04:23:10.2372344
Update--033 10/11/2011 04:23:17.1032466
Update--034 10/11/2011 04:23:24.2012591
Update--035 10/11/2011 04:23:30.2238697
Update--749 10/11/2011 04:23:37.3862824
Update--750 10/11/2011 04:23:43.9392940
Update--846 10/11/2011 04:23:51.8857082
Update--868 10/11/2011 04:23:58.8287205
Update--867 10/11/2011 04:24:05.9433330
Update--835 10/11/2011 04:24:12.9185454
Update--026 10/11/2011 04:24:20.1267581
Update--027 10/11/2011 04:24:27.3515709
Update--028 10/11/2011 04:24:34.6065837
Update--019 10/11/2011 04:24:42.6737980
Update--022 10/11/2011 04:24:49.3984099
Update--023 10/11/2011 04:24:56.2790220
Update--024 10/11/2011 04:25:02.8642337
Update--120 10/11/2011 04:25:10.1192465
Update--121 10/11/2011 04:25:16.7034581
Update--122 10/11/2011 04:25:23.4134700
Update--125 10/11/2011 04:25:30.6216827
Update--078 10/11/2011 04:25:37.9012961
Update--512 10/11/2011 04:25:44.6415079
Update--526 10/11/2011 04:25:51.8965207
Update--532 10/11/2011 04:25:58.7881335
Update--508 10/11/2011 04:26:05.3099450
Update--325 10/11/2011 04:26:11.9721568
Update--041 10/11/2011 04:26:18.7143688
Update--042 10/11/2011 04:26:25.6885811
Update--045 10/11/2011 04:26:36.0333994
Update--046 10/11/2011 04:26:42.6644111
Update--047 10/11/2011 04:26:49.4368231
Update--048 10/11/2011 04:26:56.3330353
Update--049 10/11/2011 04:27:03.2136474
Update--052 10/11/2011 04:27:10.5788604
Update--054 10/11/2011 04:27:18.2248740
Update--106 10/11/2011 04:27:25.6368871
Update--633 10/11/2011 04:27:32.9387000
Update--616 10/11/2011 04:27:40.7445158
Update--722 10/11/2011 04:27:47.6709279
Update--866 10/11/2011 04:27:54.4433399
912 10/11/2011 04:27:59.6089491
Update--064 10/11/2011 04:28:06.3169609
Update--070 10/11/2011 04:28:13.4627735
Update--071 10/11/2011 04:28:21.0775870
Update--072 10/11/2011 04:28:28.1357998
Update--073 10/11/2011 04:28:35.8442134
Update--055 10/11/2011 04:28:42.7248256
Update--053 10/11/2011 04:28:49.8942387
Update--050 10/11/2011 04:28:56.7436507
Update--051 10/11/2011 04:29:03.7958632
Update--043 10/11/2011 04:29:11.0518760
Update--511 10/11/2011 04:29:18.1976886
Update--240 10/11/2011 04:29:24.6883001
Update--260 10/11/2011 04:29:31.2423117
Update--578 10/11/2011 04:29:37.9981236
Update--571 10/11/2011 04:29:43.5995335
Update--591 10/11/2011 04:29:51.0749468
Update--067 10/11/2011 04:29:59.2815613
Update--068 10/11/2011 04:30:06.4439740
Update--069 10/11/2011 04:30:14.3229879
Update--065 10/11/2011 04:30:21.4592008
Update--864 10/11/2011 04:30:28.9482140
Update--865 10/11/2011 04:30:35.8610263
Update--721 10/11/2011 04:30:43.2408393
Update--710 10/11/2011 04:30:50.0590513
793 10/11/2011 04:30:56.0036618
794 10/11/2011 04:31:02.0428725
Update--699 10/11/2011 04:31:08.8298845
Update--644 10/11/2011 04:31:16.1532978
Update--944 10/11/2011 04:31:23.5809109
Update--945 10/11/2011 04:31:30.4147230
961 10/11/2011 04:31:36.9999347
Update--997 10/11/2011 04:31:44.2383474
Update--058 10/11/2011 04:31:51.6971606
Update--059 10/11/2011 04:31:58.9833734
Update--060 10/11/2011 04:32:05.8015855
Update--061 10/11/2011 04:32:12.5427974
Update--062 10/11/2011 04:32:19.1582091
Update--063 10/11/2011 04:32:25.8984210
Update--056 10/11/2011 04:32:33.1362345
Update--585 10/11/2011 04:32:40.6876478
Update--080 10/11/2011 04:32:48.0372609
Update--081 10/11/2011 04:32:55.4326739
Update--082 10/11/2011 04:33:02.5160864
Update--084 10/11/2011 04:33:09.9280995
Update--087 10/11/2011 04:33:16.4343110
Update--088 10/11/2011 04:33:23.3847246
Update--089 10/11/2011 04:33:30.7489375
Update--090 10/11/2011 04:33:37.5359495
Update--092 10/11/2011 04:33:44.8865626
Update--093 10/11/2011 04:33:51.9387750
Update--094 10/11/2011 04:33:58.5239867
Update--936 10/11/2011 04:34:09.2054061
Update--943 10/11/2011 04:34:16.1016183
856 10/11/2011 04:34:22.0462288
829 10/11/2011 04:34:28.1312395
770 10/11/2011 04:34:33.3436488
Update--728 10/11/2011 04:34:40.3022610
Update--656 10/11/2011 04:34:47.0892730
Update--869 10/11/2011 04:34:54.0664855
Update--937 10/11/2011 04:35:06.0805067
Update--938 10/11/2011 04:35:22.0891350
Update--095 10/11/2011 04:35:29.1735475
Update--085 10/11/2011 04:35:36.1789599
Update--086 10/11/2011 04:35:43.0595720
Update--083 10/11/2011 04:35:49.8465840
Update--074 10/11/2011 04:35:57.0859968
Update--075 10/11/2011 04:36:03.7794086
Update--076 10/11/2011 04:36:10.7858210
Update--573 10/11/2011 04:36:17.5416329
Update--575 10/11/2011 04:36:25.1876465
Update--017 10/11/2011 04:36:32.3948591
Update--126 10/11/2011 04:36:39.6820721
Update--128 10/11/2011 04:36:47.0462850
Update--129 10/11/2011 04:36:54.0516974
Update--130 10/11/2011 04:37:00.5433089
900 10/11/2011 04:37:06.2851191
Update--702 10/11/2011 04:37:13.2225318
Update--839 10/11/2011 04:37:21.2117460
817 10/11/2011 04:37:27.1719565
816 10/11/2011 04:37:32.7421664
778 10/11/2011 04:37:38.2187760
Update--666 10/11/2011 04:37:45.1149882
858 10/11/2011 04:37:50.9981986
Update--123 10/11/2011 04:37:58.5964120
Update--124 10/11/2011 04:38:05.2586238
Update--103 10/11/2011 04:38:12.3324366
Update--567 10/11/2011 04:38:19.4158491
Update--555 10/11/2011 04:38:26.4206623
Update--109 10/11/2011 04:38:33.5840750
Update--112 10/11/2011 04:38:40.8088878
Update--115 10/11/2011 04:38:47.5802998
Update--117 10/11/2011 04:38:54.5077120
Update--118 10/11/2011 04:39:01.5453245
Update--119 10/11/2011 04:39:08.3011364
852 10/11/2011 04:39:14.0585466
Update--876 10/11/2011 04:39:21.1751592
Update--953 10/11/2011 04:39:27.9621712
Update--670 10/11/2011 04:39:34.8125834
Update--834 10/11/2011 04:39:41.7545956
784 10/11/2011 04:39:47.5588058
812 10/11/2011 04:39:53.1914158
Update--947 10/11/2011 04:39:59.7912274
Update--104 10/11/2011 04:40:06.8912400
Update--096 10/11/2011 04:40:13.8186522
Update--097 10/11/2011 04:40:21.0580650
Update--098 10/11/2011 04:40:27.9642777
Update--099 10/11/2011 04:40:35.7808915
Update--100 10/11/2011 04:40:43.0057043
Update--101 10/11/2011 04:40:50.0579167
Update--549 10/11/2011 04:40:57.2983296
Update--566 10/11/2011 04:41:04.2795423
Update--559 10/11/2011 04:41:11.5813552
Update--107 10/11/2011 04:41:18.5575676
Update--116 10/11/2011 04:41:25.4225797
Update--113 10/11/2011 04:41:32.1315915
Update--114 10/11/2011 04:41:38.9040035
Update--110 10/11/2011 04:41:45.8470158
Update--111 10/11/2011 04:41:52.7598280
Update--836 10/11/2011 04:41:59.9836408
Update--837 10/11/2011 04:42:07.2572538
Update--838 10/11/2011 04:42:13.9506656
962 10/11/2011 04:42:19.2868750
897 10/11/2011 04:42:24.8414848
Update--745 10/11/2011 04:42:32.2212979
Update--102 10/11/2011 04:42:38.3073087
Update--543 10/11/2011 04:42:45.5155214
Update--522 10/11/2011 04:42:53.3009351
Update--293 10/11/2011 04:43:00.3117486
Update--262 10/11/2011 04:43:08.2375626
Update--259 10/11/2011 04:43:15.4155753
Update--267 10/11/2011 04:43:22.2543877
Update--273 10/11/2011 04:43:29.3076002
Update--274 10/11/2011 04:43:36.1736123
Update--275 10/11/2011 04:43:42.9918244
Update--266 10/11/2011 04:43:50.5920379
Update--263 10/11/2011 04:43:57.6900504
Update--261 10/11/2011 04:44:04.9148632
Update--255 10/11/2011 04:44:11.8110753
Update--256 10/11/2011 04:44:19.5194890
Update--257 10/11/2011 04:44:28.1005041
Update--258 10/11/2011 04:44:36.9425212
Update--563 10/11/2011 04:44:43.8075333
Update--766 10/11/2011 04:44:50.3303449
828 10/11/2011 04:44:56.5245558
Update--676 10/11/2011 04:45:03.0931674
783 10/11/2011 04:45:09.1489782
Update--775 10/11/2011 04:45:15.6873898
Update--514 10/11/2011 04:45:22.7240022
Update--294 10/11/2011 04:45:30.4530162
Update--296 10/11/2011 04:45:37.4126285
Update--265 10/11/2011 04:45:44.6208412
Update--269 10/11/2011 04:45:52.3090554
Update--272 10/11/2011 04:45:59.2988678
Update--277 10/11/2011 04:46:06.4134803
Update--278 10/11/2011 04:46:14.0116937
Update--279 10/11/2011 04:46:21.1429064
Update--249 10/11/2011 04:46:28.1015186
Update--253 10/11/2011 04:46:35.2629313
Update--241 10/11/2011 04:46:42.9079448
Update--242 10/11/2011 04:46:50.2565577
Update--243 10/11/2011 04:46:57.1693700
Update--244 10/11/2011 04:47:04.4565829
Update--245 10/11/2011 04:47:11.9611961
Update--557 10/11/2011 04:47:19.4492093
Update--779 10/11/2011 04:47:26.0656210
786 10/11/2011 04:47:32.6654327
787 10/11/2011 04:47:38.5320430
827 10/11/2011 04:47:44.4142534
Update--693 10/11/2011 04:47:51.8262665
Update--662 10/11/2011 04:47:59.1904795
Update--842 10/11/2011 04:48:06.0710917
788 10/11/2011 04:48:12.4847030
Update--729 10/11/2011 04:48:19.6455165
Update--295 10/11/2011 04:48:26.7289290
Update--523 10/11/2011 04:48:33.5315410
Update--509 10/11/2011 04:48:40.4745532
Update--510 10/11/2011 04:48:47.5271666
Update--276 10/11/2011 04:48:54.5219792
Update--268 10/11/2011 04:49:01.6209917
Update--044 10/11/2011 04:49:08.7416046
Update--207 10/11/2011 04:49:16.3710181
Update--208 10/11/2011 04:49:23.1590301
Update--209 10/11/2011 04:49:29.8524419
Update--210 10/11/2011 04:49:37.3580552
Update--215 10/11/2011 04:49:44.5662679
Update--216 10/11/2011 04:49:51.5716803
Update--217 10/11/2011 04:49:58.7496930
Update--218 10/11/2011 04:50:05.6187053
796 10/11/2011 04:50:11.4853157
797 10/11/2011 04:50:16.9619254
Update--650 10/11/2011 04:50:23.4847369
Update--651 10/11/2011 04:50:30.1157487
Update--674 10/11/2011 04:50:36.7311603
Update--675 10/11/2011 04:50:43.5553727
Update--874 10/11/2011 04:50:50.9351857
Update--996 10/11/2011 04:50:58.3773988
Update--193 10/11/2011 04:51:05.8196120
Update--194 10/11/2011 04:51:11.1582224
Update--195 10/11/2011 04:51:19.1786366
Update--196 10/11/2011 04:51:27.0108504
Update--197 10/11/2011 04:51:34.7192641
Update--198 10/11/2011 04:51:42.0990771
Update--199 10/11/2011 04:51:49.2146897
Update--201 10/11/2011 04:51:56.2201020
Update--202 10/11/2011 04:52:03.7247153
Update--203 10/11/2011 04:52:10.7467277
Update--204 10/11/2011 04:52:17.7199400
Update--205 10/11/2011 04:52:24.9447528
Update--191 10/11/2011 04:52:31.6537646
Update--219 10/11/2011 04:52:38.5343768
Update--222 10/11/2011 04:52:44.6515876
Update--223 10/11/2011 04:52:51.3917995
Update--224 10/11/2011 04:52:58.2920119
Update--225 10/11/2011 04:53:05.0644239
Update--226 10/11/2011 04:53:11.9606361
Update--227 10/11/2011 04:53:19.4964494
Update--228 10/11/2011 04:53:27.0176627
Update--229 10/11/2011 04:53:34.3214757
Update--230 10/11/2011 04:53:41.6896889
Update--698 10/11/2011 04:53:48.6171011
Update--634 10/11/2011 04:53:55.8887140
753 10/11/2011 04:54:03.0657267
754 10/11/2011 04:54:10.0389389
755 10/11/2011 04:54:16.5939506
Update--645 10/11/2011 04:54:23.3673627
Update--993 10/11/2011 04:54:30.5679758
Update--949 10/11/2011 04:54:37.8853887
