346 8/2/2012 04:16:04.2346341
347 8/2/2012 04:16:20.9578635
348 8/2/2012 04:16:35.3566888
349 8/2/2012 04:16:45.6995070
350 8/2/2012 04:16:56.2607255
351 8/2/2012 04:17:04.5443401
352 8/2/2012 04:17:13.8263564
353 8/2/2012 04:17:24.5123751
373 8/2/2012 04:17:31.7351878
519 8/2/2012 04:17:42.4992067
533 8/2/2012 04:17:50.3772206
574 8/2/2012 04:17:59.5968368
896 8/2/2012 04:18:03.5904438
880 8/2/2012 04:18:10.8444565
881 8/2/2012 04:18:18.3792698
550 8/2/2012 04:18:25.6800826
528 8/2/2012 04:18:33.8856970
604 8/2/2012 04:18:41.7793109
627 8/2/2012 04:18:49.1737238
790 8/2/2012 04:18:53.9005321
338 8/2/2012 04:19:01.7005458
339 8/2/2012 04:19:09.6877599
342 8/2/2012 04:19:18.3457751
365 8/2/2012 04:19:26.2549890
355 8/2/2012 04:19:35.3186049
356 8/2/2012 04:19:43.1498186
359 8/2/2012 04:19:51.1994328
360 8/2/2012 04:19:58.3442453
361 8/2/2012 04:20:05.5982581
362 8/2/2012 04:20:15.9098762
363 8/2/2012 04:20:24.8330919
368 8/2/2012 04:20:32.3367050
785 8/2/2012 04:20:36.6891127
905 8/2/2012 04:20:39.4191175
948 8/2/2012 04:20:51.5871388
995 8/2/2012 04:20:59.8863534
795 8/2/2012 04:21:04.0359607
811 8/2/2012 04:21:07.8111673
687 8/2/2012 04:21:11.7579743
688 8/2/2012 04:21:16.7031830
689 8/2/2012 04:21:20.2443892
640 8/2/2012 04:21:28.2940033
558 8/2/2012 04:21:36.5932179
344 8/2/2012 04:21:44.6896321
335 8/2/2012 04:21:57.0292538
336 8/2/2012 04:22:05.6716690
340 8/2/2012 04:22:18.0112906
341 8/2/2012 04:22:28.9781099
172 8/2/2012 04:22:38.2289262
354 8/2/2012 04:22:47.7293428
343 8/2/2012 04:22:56.3717580
364 8/2/2012 04:23:04.7021727
654 8/2/2012 04:23:08.5709794
765 8/2/2012 04:23:16.6285938
879 8/2/2012 04:23:27.5642130
845 8/2/2012 04:23:37.4858304
748 8/2/2012 04:23:46.0034454
620 8/2/2012 04:23:54.7238607
618 8/2/2012 04:24:03.0230753
108 8/2/2012 04:24:11.0726894
405 8/2/2012 04:24:33.0687280
410 8/2/2012 04:24:41.3055425
412 8/2/2012 04:24:46.3287513
413 8/2/2012 04:24:53.5047639
414 8/2/2012 04:25:00.3063759
415 8/2/2012 04:25:08.4027901
416 8/2/2012 04:25:16.9204050
407 8/2/2012 04:25:25.0636193
408 8/2/2012 04:25:34.3300356
430 8/2/2012 04:25:42.3484497
417 8/2/2012 04:25:49.2124618
418 8/2/2012 04:25:56.7160749
406 8/2/2012 04:26:04.0948879
619 8/2/2012 04:26:11.6297011
878 8/2/2012 04:26:19.5233150
954 8/2/2012 04:26:27.4793290
419 8/2/2012 04:26:35.3105427
420 8/2/2012 04:26:44.7017592
421 8/2/2012 04:26:51.1445705
431 8/2/2012 04:26:58.1333828
434 8/2/2012 04:27:05.2001952
409 8/2/2012 04:27:26.6658329
427 8/2/2012 04:27:37.9446527
428 8/2/2012 04:27:50.0190740
429 8/2/2012 04:28:14.8855176
423 8/2/2012 04:28:27.9895406
424 8/2/2012 04:28:36.8191562
425 8/2/2012 04:28:45.8827721
435 8/2/2012 04:28:53.5423855
436 8/2/2012 04:29:00.2971974
437 8/2/2012 04:29:08.2220113
432 8/2/2012 04:29:15.9284248
433 8/2/2012 04:29:22.9484372
439 8/2/2012 04:29:31.7312526
440 8/2/2012 04:29:40.3268677
441 8/2/2012 04:29:47.5340804
777 8/2/2012 04:29:50.3108852
718 8/2/2012 04:29:53.5712910
719 8/2/2012 04:29:56.9096968
800 8/2/2012 04:29:59.5305014
805 8/2/2012 04:30:02.8689073
723 8/2/2012 04:30:06.1761131
739 8/2/2012 04:30:09.7797194
602 8/2/2012 04:30:18.5001347
624 8/2/2012 04:30:24.9741461
515 8/2/2012 04:30:32.0253585
527 8/2/2012 04:30:39.5225819
136 8/2/2012 04:30:46.5581942
298 8/2/2012 04:30:55.6842103
299 8/2/2012 04:31:03.5778241
300 8/2/2012 04:31:11.9862389
301 8/2/2012 04:31:20.5194539
303 8/2/2012 04:31:28.0854672
306 8/2/2012 04:31:36.6654823
308 8/2/2012 04:31:44.2470956
309 8/2/2012 04:31:53.7631123
326 8/2/2012 04:32:06.5707348
327 8/2/2012 04:32:15.5251505
328 8/2/2012 04:32:25.2283676
329 8/2/2012 04:32:32.4511802
302 8/2/2012 04:32:39.6271928
127 8/2/2012 04:32:46.8188055
333 8/2/2012 04:32:54.8840196
334 8/2/2012 04:33:03.5108348
540 8/2/2012 04:33:10.4996471
541 8/2/2012 04:33:17.8940601
791 8/2/2012 04:33:21.2168659
792 8/2/2012 04:33:25.0388726
893 8/2/2012 04:33:32.0744850
894 8/2/2012 04:33:40.0616990
802 8/2/2012 04:33:43.8369056
701 8/2/2012 04:33:47.5497121
661 8/2/2012 04:33:51.1533185
315 8/2/2012 04:34:00.3885347
316 8/2/2012 04:34:08.0169481
286 8/2/2012 04:34:15.3021609
319 8/2/2012 04:34:47.4382173
320 8/2/2012 04:34:59.4502384
321 8/2/2012 04:35:07.7806531
322 8/2/2012 04:35:16.1578678
323 8/2/2012 04:35:25.9858850
307 8/2/2012 04:35:34.0354992
311 8/2/2012 04:35:41.5703124
312 8/2/2012 04:35:49.7291267
426 8/2/2012 04:35:56.9363394
313 8/2/2012 04:36:05.2355540
314 8/2/2012 04:36:12.4895667
310 8/2/2012 04:36:22.4579842
148 8/2/2012 04:36:36.2172084
317 8/2/2012 04:36:51.1620346
671 8/2/2012 04:36:56.9340448
590 8/2/2012 04:37:09.8040674
709 8/2/2012 04:37:13.4544738
517 8/2/2012 04:37:24.1404926
890 8/2/2012 04:37:37.3849158
891 8/2/2012 04:37:50.3953387
911 8/2/2012 04:37:52.3609421
860 8/2/2012 04:38:02.0329591
760 8/2/2012 04:38:08.3977703
771 8/2/2012 04:38:12.5941777
332 8/2/2012 04:38:20.7061919
271 8/2/2012 04:38:27.8198044
324 8/2/2012 04:38:36.1658191
330 8/2/2012 04:38:43.5758321
200 8/2/2012 04:38:51.2978456
422 8/2/2012 04:39:00.2990615
372 8/2/2012 04:39:07.4126740
381 8/2/2012 04:39:16.4450898
375 8/2/2012 04:39:24.9627048
376 8/2/2012 04:39:34.3383212
377 8/2/2012 04:39:42.5439357
378 8/2/2012 04:39:51.4359513
767 8/2/2012 04:39:55.9755592
859 8/2/2012 04:40:01.5447690
955 8/2/2012 04:40:09.4539829
863 8/2/2012 04:40:18.7671993
667 8/2/2012 04:40:23.4472075
742 8/2/2012 04:40:27.1444140
600 8/2/2012 04:40:41.6524395
625 8/2/2012 04:40:49.9048540
404 8/2/2012 04:40:57.6424676
397 8/2/2012 04:41:06.5032831
398 8/2/2012 04:41:15.5200990
399 8/2/2012 04:41:23.8349136
400 8/2/2012 04:41:32.2589284
401 8/2/2012 04:41:41.1509440
444 8/2/2012 04:41:48.7481573
175 8/2/2012 04:41:57.0785720
220 8/2/2012 04:42:04.7537854
331 8/2/2012 04:42:12.5849992
383 8/2/2012 04:42:20.2134126
385 8/2/2012 04:42:28.3878269
386 8/2/2012 04:42:37.2486425
388 8/2/2012 04:42:45.7974575
389 8/2/2012 04:42:53.8938717
390 8/2/2012 04:43:01.6314853
626 8/2/2012 04:43:08.5578975
629 8/2/2012 04:43:16.2955111
538 8/2/2012 04:43:25.0783265
883 8/2/2012 04:43:34.4227429
820 8/2/2012 04:43:37.2931480
841 8/2/2012 04:43:45.3583621
956 8/2/2012 04:43:54.7807787
903 8/2/2012 04:43:58.1815847
560 8/2/2012 04:44:06.9644001
561 8/2/2012 04:44:15.2480146
572 8/2/2012 04:44:22.4864273
740 8/2/2012 04:44:27.1196355
391 8/2/2012 04:44:35.0132494
392 8/2/2012 04:44:44.9816669
393 8/2/2012 04:44:52.2356796
394 8/2/2012 04:45:01.1120952
402 8/2/2012 04:45:08.9277089
403 8/2/2012 04:45:18.2565253
187 8/2/2012 04:45:26.0253389
213 8/2/2012 04:45:36.0249565
379 8/2/2012 04:45:43.2789693
380 8/2/2012 04:45:50.7357824
703 8/2/2012 04:45:53.9805880
605 8/2/2012 04:46:02.6230032
641 8/2/2012 04:46:09.3622151
803 8/2/2012 04:46:12.4822205
849 8/2/2012 04:46:20.2510342
861 8/2/2012 04:46:26.0542444
889 8/2/2012 04:46:33.2302570
621 8/2/2012 04:46:40.1410691
772 8/2/2012 04:46:44.2126763
773 8/2/2012 04:46:48.5494839
569 8/2/2012 04:46:56.8018984
507 8/2/2012 04:47:05.3039133
384 8/2/2012 04:47:13.2755273
521 8/2/2012 04:47:20.9663408
487 8/2/2012 04:47:28.5791542
489 8/2/2012 04:47:37.4399698
490 8/2/2012 04:47:45.2627839
491 8/2/2012 04:48:13.4692333
501 8/2/2012 04:48:20.4580456
502 8/2/2012 04:48:28.4920597
658 8/2/2012 04:48:32.5480668
589 8/2/2012 04:48:38.2108768
586 8/2/2012 04:48:46.4632913
957 8/2/2012 04:48:59.1809152
814 8/2/2012 04:49:02.2073205
815 8/2/2012 04:49:04.9981255
942 8/2/2012 04:49:12.2897385
587 8/2/2012 04:49:19.9109520
599 8/2/2012 04:49:26.8887809
615 8/2/2012 04:49:34.0179934
776 8/2/2012 04:49:37.7620000
506 8/2/2012 04:49:44.3688118
494 8/2/2012 04:49:52.6680264
495 8/2/2012 04:50:00.3120398
496 8/2/2012 04:50:07.1488519
488 8/2/2012 04:50:16.8092719
500 8/2/2012 04:50:27.5928909
554 8/2/2012 04:50:35.2761045
531 8/2/2012 04:50:44.3553205
542 8/2/2012 04:50:51.7965336
493 8/2/2012 04:51:01.0701496
498 8/2/2012 04:51:08.2929623
499 8/2/2012 04:51:16.2645763
992 8/2/2012 04:51:25.6557928
940 8/2/2012 04:51:34.0954076
830 8/2/2012 04:51:37.3402133
831 8/2/2012 04:51:40.8502195
735 8/2/2012 04:51:50.0230356
983 8/2/2012 04:52:06.4498645
984 8/2/2012 04:52:23.0014935
497 8/2/2012 04:52:29.7095053
469 8/2/2012 04:52:39.2255220
470 8/2/2012 04:52:47.2751362
472 8/2/2012 04:53:06.9039707
473 8/2/2012 04:53:14.4939841
477 8/2/2012 04:53:24.5172019
478 8/2/2012 04:53:32.4792166
546 8/2/2012 04:53:40.6848311
763 8/2/2012 04:53:48.0948441
691 8/2/2012 04:53:52.9152525
732 8/2/2012 04:54:00.1068652
665 8/2/2012 04:54:07.2360777
683 8/2/2012 04:54:10.4496833
684 8/2/2012 04:54:14.2404900
692 8/2/2012 04:54:18.1092968
759 8/2/2012 04:54:25.2853094
476 8/2/2012 04:54:34.6765259
483 8/2/2012 04:54:43.2373415
484 8/2/2012 04:54:51.9421567
485 8/2/2012 04:54:59.9293708
486 8/2/2012 04:55:07.9789849
480 8/2/2012 04:55:16.7306003
481 8/2/2012 04:55:24.9050146
906 8/2/2012 04:55:28.1654204
840 8/2/2012 04:55:36.0122341
850 8/2/2012 04:55:42.9214464
985 8/2/2012 04:55:57.2406716
482 8/2/2012 04:56:04.4734840
475 8/2/2012 04:56:12.5074981
552 8/2/2012 04:56:20.7755126
782 8/2/2012 04:56:24.2719210
789 8/2/2012 04:56:27.7391272
694 8/2/2012 04:56:30.8591326
695 8/2/2012 04:56:36.0459447
649 8/2/2012 04:56:42.8207574
370 8/2/2012 04:56:51.2931736
371 8/2/2012 04:56:59.2803876
366 8/2/2012 04:57:06.9088010
367 8/2/2012 04:57:15.3952159
733 8/2/2012 04:57:23.1484295
746 8/2/2012 04:57:30.5732432
581 8/2/2012 04:57:40.3016603
551 8/2/2012 04:57:48.4448747
986 8/2/2012 04:57:57.0092897
904 8/2/2012 04:57:59.7080944
877 8/2/2012 04:58:08.1165092
818 8/2/2012 04:58:11.2365147
819 8/2/2012 04:58:14.4813204
826 8/2/2012 04:58:17.2113252
882 8/2/2012 04:58:24.8085385
982 8/2/2012 04:58:38.1153619
536 8/2/2012 04:58:45.3365747
474 8/2/2012 04:58:52.4657872
465 8/2/2012 04:59:00.3750011
466 8/2/2012 04:59:09.2202166
467 8/2/2012 04:59:16.4586293
664 8/2/2012 04:59:19.6878350
622 8/2/2012 04:59:27.3786485
608 8/2/2012 04:59:34.3986608
545 8/2/2012 04:59:41.4030731
570 8/2/2012 04:59:47.2062833
553 8/2/2012 04:59:54.4446960
565 8/2/2012 05:00:03.2843113
445 8/2/2012 05:00:12.4259273
447 8/2/2012 05:00:21.0059424
448 8/2/2012 05:00:28.5719557
449 8/2/2012 05:00:36.0911689
450 8/2/2012 05:00:44.1719831
442 8/2/2012 05:00:52.2527973
443 8/2/2012 05:01:00.2400113
438 8/2/2012 05:01:07.5408241
895 8/2/2012 05:01:10.6608296
991 8/2/2012 05:01:18.4608433
854 8/2/2012 05:01:26.9004581
884 8/2/2012 05:01:35.1684727
822 8/2/2012 05:01:38.4756785
459 8/2/2012 05:01:47.1492937
460 8/2/2012 05:01:54.6685069
461 8/2/2012 05:02:01.8445195
462 8/2/2012 05:02:09.8629336
463 8/2/2012 05:02:17.4445469
464 8/2/2012 05:02:25.2913607
451 8/2/2012 05:02:32.7949739
452 8/2/2012 05:02:41.5465893
564 8/2/2012 05:02:50.4854050
455 8/2/2012 05:02:58.3026187
457 8/2/2012 05:03:06.6642334
606 8/2/2012 05:03:15.3846487
612 8/2/2012 05:03:23.8278632
630 8/2/2012 05:03:32.9226792
663 8/2/2012 05:03:35.9958846
610 8/2/2012 05:03:44.1234988
611 8/2/2012 05:03:52.2199131
458 8/2/2012 05:04:00.0043267
479 8/2/2012 05:04:07.8575411
548 8/2/2012 05:04:15.7355549
524 8/2/2012 05:04:23.3795683
453 8/2/2012 05:04:31.1951820
454 8/2/2012 05:04:38.6831952
233 8/2/2012 05:04:45.7656076
885 8/2/2012 05:04:53.6280214
886 8/2/2012 05:05:01.8804359
887 8/2/2012 05:05:09.1812488
888 8/2/2012 05:05:16.6536619
Insert Area--CAGAYAN-REGION-AREA1 8/2/2012 05:05:24.1884751
Insert Area--CAGAYAN-REGION-AREA2 8/2/2012 05:05:28.1508821
Insert Area--CAGAYAN-REGION-AREA3 8/2/2012 05:05:32.1756891
Insert Area--CAGAYAN-REGION-AREA4 8/2/2012 05:05:35.8884957
Insert Area--CAGAYAN-REGION-AREA5 8/2/2012 05:05:39.9601028
Insert Area--CARAGA-REGION-AREA1 8/2/2012 05:05:43.9225098
Insert Area--CARAGA-REGION-AREA2 8/2/2012 05:05:47.7133164
Insert Area--CARAGA-REGION-AREA3 8/2/2012 05:05:51.6133233
Insert Area--CARAGA-REGION-AREA4 8/2/2012 05:05:55.5133301
Insert Area--DAVAO/COMVAL-REGION-AREA1 8/2/2012 05:05:59.1949366
Insert Area--DAVAO/COMVAL-REGION-AREA2 8/2/2012 05:06:03.1573436
Insert Area--DAVAO/COMVAL-REGION-AREA3 8/2/2012 05:06:06.8233500
Insert Area--DAVAO/COMVAL-REGION-AREA4 8/2/2012 05:06:10.8793571
Insert Area--DAVAO/COMVAL-REGION-AREA5 8/2/2012 05:06:14.9665643
Insert Area--SOCSKSARGEN-MINDANAO-AREA1 8/2/2012 05:06:18.7573710
Insert Area--SOCSKSARGEN-MINDANAO-AREA2 8/2/2012 05:06:22.7353780
Insert Area--SOCSKSARGEN-MINDANAO-AREA3 8/2/2012 05:06:26.7601850
Insert Area--SOCSKSARGEN-MINDANAO-AREA4 8/2/2012 05:06:30.5665917
Insert Area--SOCSKSARGEN-MINDANAO-AREA5 8/2/2012 05:06:34.3729984
Insert Area--SOCSKSARGEN-MINDANAO-AREA6 8/2/2012 05:06:38.3978055
Insert Area--ZAMBASTA-MINDANAO-AREA1 8/2/2012 05:06:42.3462125
Insert Area--ZAMBASTA-MINDANAO-AREA2 8/2/2012 05:06:46.2462193
Insert Area--ZAMBASTA-MINDANAO-AREA3 8/2/2012 05:06:50.1966259
Insert Area--ZAMISLAN-REGION-AREA1 8/2/2012 05:06:53.8626323
Insert Area--ZAMISLAN-REGION-AREA2 8/2/2012 05:06:57.7626392
Insert Area--ZAMISLAN-REGION-AREA3 8/2/2012 05:07:01.4286456
Insert Area--ZAMISLAN-REGION-AREA4 8/2/2012 05:07:05.1570521
Insert Area--ZAMISLAN-REGION-AREA5 8/2/2012 05:07:09.2130593
Insert Area--ZAMSIBUGAY-REGION-AREA1 8/2/2012 05:07:13.2690664
Insert Area--ZAMSIBUGAY-REGION-AREA2 8/2/2012 05:07:17.0754731
Insert Area--ZAMSIBUGAY-REGION-AREA3 8/2/2012 05:07:20.8506797
Insert region--CAGAYAN-REGION 8/2/2012 05:07:24.3762859
Insert region--CARAGA-REGION 8/2/2012 05:07:24.8754868
Insert region--DAVAO/COMVAL-MINDANAO-REGION 8/2/2012 05:07:25.2966875
Insert region--SOCSKSARGEN-MINDANAO-REGION 8/2/2012 05:07:25.7490883
Insert region--ZAMBASTA-MINDANAO-REGION 8/2/2012 05:07:26.4354895
Insert region--ZAMISLAN-MINDANAO-REGION 8/2/2012 05:07:26.9034903
Insert region--ZAMSIBUGAY-REGION 8/2/2012 05:07:27.3714912
Insert Vismin Wide--  8/2/2012 05:07:47.9027273
Update--346 8/2/2012 05:10:20.1745947
Update--347 8/2/2012 05:10:29.6438114
Update--348 8/2/2012 05:10:38.4890269
Update--349 8/2/2012 05:10:48.0674437
Update--350 8/2/2012 05:10:59.0030629
Update--351 8/2/2012 05:11:06.4130759
Update--352 8/2/2012 05:11:14.9618910
Update--353 8/2/2012 05:11:23.1519053
Update--373 8/2/2012 05:11:28.5963149
Update--519 8/2/2012 05:11:37.0047297
Update--533 8/2/2012 05:11:45.1323440
Update--574 8/2/2012 05:11:54.3987602
Update--896 8/2/2012 05:11:57.5967658
Update--880 8/2/2012 05:12:04.2891776
Update--881 8/2/2012 05:12:11.6991906
Update--550 8/2/2012 05:12:18.8908032
Update--528 8/2/2012 05:12:26.7376170
Update--604 8/2/2012 05:12:34.3660304
Update--627 8/2/2012 05:12:42.1192440
Update--790 8/2/2012 05:12:45.6604503
Update--338 8/2/2012 05:12:53.7100644
Update--339 8/2/2012 05:13:01.9780789
Update--342 8/2/2012 05:13:10.7452943
Update--365 8/2/2012 05:13:18.5453080
Update--355 8/2/2012 05:13:31.9301315
Update--356 8/2/2012 05:13:44.6597539
Update--359 8/2/2012 05:13:57.7973771
Update--360 8/2/2012 05:14:07.7501946
Update--361 8/2/2012 05:14:18.2646131
Update--362 8/2/2012 05:14:32.8194386
Update--363 8/2/2012 05:14:42.8658563
Update--368 8/2/2012 05:14:52.4910732
Update--785 8/2/2012 05:14:57.4264825
Update--905 8/2/2012 05:15:00.3692880
Update--948 8/2/2012 05:15:11.3333073
Update--995 8/2/2012 05:15:20.3813232
Update--795 8/2/2012 05:15:24.9677312
Update--811 8/2/2012 05:15:29.8661398
Update--687 8/2/2012 05:15:36.4805515
Update--688 8/2/2012 05:15:41.8469609
Update--689 8/2/2012 05:15:46.7297695
Update--640 8/2/2012 05:15:58.8509908
Update--558 8/2/2012 05:16:10.8786119
Update--344 8/2/2012 05:16:21.8922312
Update--335 8/2/2012 05:16:34.6258542
Update--336 8/2/2012 05:16:46.2010746
Update--340 8/2/2012 05:17:01.6307014
Update--341 8/2/2012 05:17:13.6427219
Update--172 8/2/2012 05:17:23.2763395
Update--354 8/2/2012 05:17:44.2995761
Update--343 8/2/2012 05:17:58.2600013
Update--364 8/2/2012 05:18:07.8696182
Update--654 8/2/2012 05:18:12.2532259
Update--765 8/2/2012 05:18:23.2668452
Update--879 8/2/2012 05:18:35.2632663
Update--845 8/2/2012 05:18:45.7152846
Update--748 8/2/2012 05:18:54.7009004
Update--620 8/2/2012 05:19:06.3713210
Update--618 8/2/2012 05:19:17.4161404
Update--108 8/2/2012 05:19:28.6949602
Update--405 8/2/2012 05:19:38.7413778
Update--410 8/2/2012 05:19:50.5817986
Update--412 8/2/2012 05:19:58.3038122
Update--413 8/2/2012 05:20:08.3346298
Update--414 8/2/2012 05:20:19.1922489
Update--415 8/2/2012 05:20:31.9686713
Update--416 8/2/2012 05:20:46.1334962
Update--407 8/2/2012 05:20:58.1299173
Update--408 8/2/2012 05:21:08.3323352
Update--430 8/2/2012 05:21:17.3803511
Update--417 8/2/2012 05:21:25.3207650
Update--418 8/2/2012 05:21:34.2751808
Update--406 8/2/2012 05:21:42.5779950
Update--619 8/2/2012 05:21:49.8476077
Update--878 8/2/2012 05:21:58.0356217
Update--954 8/2/2012 05:22:06.4928367
Update--419 8/2/2012 05:22:14.1220492
Update--420 8/2/2012 05:22:22.8736646
Update--421 8/2/2012 05:22:30.8076781
Update--431 8/2/2012 05:22:39.3408931
Update--434 8/2/2012 05:22:47.6869078
Update--409 8/2/2012 05:22:55.8301221
Update--427 8/2/2012 05:23:05.2993387
Update--428 8/2/2012 05:23:15.7981572
Update--429 8/2/2012 05:23:23.9569715
Update--423 8/2/2012 05:23:33.6757886
Update--424 8/2/2012 05:23:42.1154034
Update--425 8/2/2012 05:23:50.1650175
Update--435 8/2/2012 05:23:58.1522316
Update--436 8/2/2012 05:24:09.7586519
Update--437 8/2/2012 05:24:25.7642801
Update--432 8/2/2012 05:24:39.7419046
346 8/9/2012 04:21:20.9599550
347 8/9/2012 04:32:52.5991715
348 8/9/2012 04:44:27.2995917
349 8/9/2012 04:56:26.6168551
350 8/9/2012 05:18:34.0387866
351 8/9/2012 05:35:14.1721432
352 8/9/2012 05:47:03.5833892
353 8/9/2012 05:59:08.8598631
373 8/9/2012 06:11:10.0335298
519 8/9/2012 06:23:23.3908179
533 8/9/2012 06:38:34.0892174
574 8/9/2012 07:00:59.8679823
896 8/9/2012 07:12:47.5008252
880 8/9/2012 07:24:58.1749085
881 8/9/2012 07:36:25.0909150
550 8/9/2012 07:48:50.9594251
528 8/9/2012 08:01:43.6911823
604 8/9/2012 08:22:28.3705685
627 8/9/2012 08:39:50.4563994
790 8/9/2012 08:51:53.0496686
338 8/9/2012 09:04:18.8557785
339 8/9/2012 09:16:28.9838609
342 8/9/2012 09:28:01.3794773
365 8/9/2012 09:39:58.5439369
355 8/9/2012 10:00:03.4900533
356 8/9/2012 10:18:52.1676357
359 8/9/2012 10:31:03.8401208
360 8/9/2012 10:44:03.2018897
361 8/9/2012 10:56:47.1352315
362 8/9/2012 11:08:48.8236991
363 8/9/2012 11:21:05.3633927
368 8/9/2012 11:44:03.4386132
785 8/9/2012 11:58:58.2737854
905 8/9/2012 12:11:00.7432544
948 8/9/2012 12:23:04.5689258
995 8/9/2012 12:36:02.3550919
795 8/9/2012 12:46:23.1893823
811 8/9/2012 13:02:29.9386803
687 8/9/2012 13:23:31.9184969
688 8/9/2012 13:36:38.3782782
689 8/9/2012 13:47:44.1250475
640 8/9/2012 13:59:32.1478911
558 8/9/2012 14:11:18.0103311
344 8/9/2012 14:22:59.9023639
335 8/9/2012 14:41:03.8546677
336 8/9/2012 15:01:42.6528436
340 8/9/2012 15:13:39.2557022
341 8/9/2012 15:25:33.1909562
172 8/9/2012 15:37:09.8881798
354 8/9/2012 15:48:55.2902188
343 8/9/2012 16:00:33.3602449
364 8/9/2012 16:20:13.0811170
654 8/9/2012 16:38:46.1586720
765 8/9/2012 16:50:48.9391415
879 8/9/2012 17:02:47.6168038
845 8/9/2012 17:14:22.7540247
748 8/9/2012 17:26:03.3200552
620 8/9/2012 17:38:11.8413348
618 8/9/2012 18:01:23.1765785
108 8/9/2012 18:17:20.5658601
405 8/9/2012 18:30:31.1128486
410 8/9/2012 18:43:30.8490182
412 8/9/2012 18:55:57.0295288
413 8/9/2012 19:08:54.0512935
414 8/9/2012 19:30:03.8155238
415 8/9/2012 19:48:23.3210549
416 8/9/2012 20:00:22.5759182
407 8/9/2012 20:12:25.0911873
408 8/9/2012 20:24:14.5804334
430 8/9/2012 20:36:01.9480758
417 8/9/2012 20:53:38.1167309
418 8/9/2012 21:15:02.8413874
406 8/9/2012 21:27:37.0715121
619 8/9/2012 21:39:36.7943763
878 8/9/2012 21:51:32.2116328
954 8/9/2012 22:03:03.9480478
419 8/9/2012 22:14:59.4277045
420 8/9/2012 22:37:35.0700855
421 8/9/2012 22:52:43.0384803
431 8/9/2012 23:05:12.9005974
434 8/9/2012 23:18:01.6699476
409 8/9/2012 23:29:54.7316001
427 8/9/2012 23:42:35.2797359
