Insert region--CARAGA-REGION 6/6/2013 06:11:44.4742585
Insert region--COMADAVSUR-REGION 6/6/2013 06:11:44.9422594
Insert region--DAVAO/COMVAL-MINDANAO-REGION 6/6/2013 06:11:45.3634601
Insert region--SOCSKSARGEN-MINDANAO-REGION 6/6/2013 06:11:45.7846608
Insert region--YANGAN CAMBUNAO-REGION 6/6/2013 06:11:46.2058616
Insert region--ZAMBASTA-MINDANAO-REGION 6/6/2013 06:11:46.6114623
Insert region--ZAMISLAN-MINDANAO-REGION 6/6/2013 06:11:47.0482631
Insert region--ZAMSIBUGAY-REGION 6/6/2013 06:11:47.4694638
108 6/5/2013 04:01:31.7890315
405 6/5/2013 04:01:54.7210718
407 6/5/2013 04:02:16.4675100
408 6/5/2013 04:02:35.0939427
410 6/5/2013 04:02:51.9107722
412 6/5/2013 04:03:08.3064010
413 6/5/2013 04:03:24.9516303
414 6/5/2013 04:03:41.5344594
415 6/5/2013 04:03:58.1796886
416 6/5/2013 04:04:14.7937178
618 6/5/2013 04:04:29.8633443
620 6/5/2013 04:04:44.8549706
748 6/5/2013 04:04:59.5189964
845 6/5/2013 04:05:14.7602231
898 6/5/2013 04:05:24.6818406
855 6/5/2013 04:05:35.2118590
857 6/5/2013 04:05:45.8354777
878 6/5/2013 04:06:02.5555072
619 6/5/2013 04:06:17.3287332
417 6/5/2013 04:06:33.8959623
418 6/5/2013 04:06:50.6347917
406 6/5/2013 04:07:07.3736211
430 6/5/2013 04:07:24.1280505
431 6/5/2013 04:07:40.7732797
423 6/5/2013 04:07:59.5089127
424 6/5/2013 04:08:16.1853419
425 6/5/2013 04:08:32.8773713
434 6/5/2013 04:08:49.5850006
427 6/5/2013 04:09:06.3550301
428 6/5/2013 04:09:25.0594629
429 6/5/2013 04:09:41.6890921
409 6/5/2013 04:09:58.4747216
419 6/5/2013 04:10:15.2334423
420 6/5/2013 04:10:31.9663994
421 6/5/2013 04:10:48.7003565
807 6/5/2013 04:10:59.0579489
954 6/5/2013 04:11:15.7319026
800 6/5/2013 04:11:26.2285030
435 6/5/2013 04:11:42.9664603
436 6/5/2013 04:11:57.8123095
437 6/5/2013 04:12:14.5752683
439 6/5/2013 04:12:31.5752406
440 6/5/2013 04:12:48.4062033
441 6/5/2013 04:13:05.1891632
432 6/5/2013 04:13:21.9651227
433 6/5/2013 04:13:38.8100862
777 6/5/2013 04:13:49.3676901
718 6/5/2013 04:14:00.1533070
719 6/5/2013 04:14:10.7929155
772 6/5/2013 04:14:21.5965335
773 6/5/2013 04:14:32.6451654
621 6/5/2013 04:14:48.0490465
507 6/5/2013 04:15:06.7471159
569 6/5/2013 04:15:23.5580775
384 6/5/2013 04:15:38.8429517
861 6/5/2013 04:15:53.2027730
933 6/5/2013 04:16:07.0085627
889 6/5/2013 04:16:23.7935227
968 6/5/2013 04:16:34.0791110
956 6/5/2013 04:16:52.8631854
883 6/5/2013 04:17:09.8281558
841 6/5/2013 04:17:26.9871372
820 6/5/2013 04:17:37.5367406
385 6/5/2013 04:17:52.7076083
386 6/5/2013 04:18:11.6906941
388 6/5/2013 04:18:30.4217655
389 6/5/2013 04:18:47.1037196
390 6/5/2013 04:19:03.9346823
383 6/5/2013 04:19:18.7185279
220 6/5/2013 04:19:33.6393813
331 6/5/2013 04:19:50.4483427
538 6/5/2013 04:20:05.4181989
626 6/5/2013 04:20:20.2630480
629 6/5/2013 04:20:35.1999024
771 6/5/2013 04:20:45.7415053
760 6/5/2013 04:20:56.3001092
332 6/5/2013 04:21:13.0870694
324 6/5/2013 04:21:30.1660462
330 6/5/2013 04:21:49.0251249
271 6/5/2013 04:22:05.7430811
935 6/5/2013 04:22:16.3226863
911 6/5/2013 04:22:26.8842903
860 6/5/2013 04:22:43.7282538
962 6/5/2013 04:22:54.1028472
791 6/5/2013 04:23:04.5954473
286 6/5/2013 04:23:19.6213067
301 6/5/2013 04:23:38.3213763
136 6/5/2013 04:23:48.7959754
303 6/5/2013 04:24:05.5709349
306 6/5/2013 04:24:24.2600038
308 6/5/2013 04:24:41.1019672
316 6/5/2013 04:24:59.7740351
739 6/5/2013 04:25:14.1678584
723 6/5/2013 04:25:28.6206851
661 6/5/2013 04:25:42.9205030
602 6/5/2013 04:25:58.6364019
540 6/5/2013 04:26:15.3363571
515 6/5/2013 04:26:32.0083106
302 6/5/2013 04:26:48.8512740
329 6/5/2013 04:27:05.6362340
326 6/5/2013 04:27:24.3823063
327 6/5/2013 04:27:41.2102688
333 6/5/2013 04:27:58.0862340
334 6/5/2013 04:28:14.8811946
792 6/5/2013 04:28:25.3047908
805 6/5/2013 04:28:35.9393991
893 6/5/2013 04:28:50.9162557
802 6/5/2013 04:29:01.2118446
315 6/5/2013 04:29:19.8499106
319 6/5/2013 04:29:38.6159840
320 6/5/2013 04:29:57.6000698
321 6/5/2013 04:30:16.6141574
322 6/5/2013 04:30:35.5982432
307 6/5/2013 04:30:54.6913352
311 6/5/2013 04:31:13.7694264
312 6/5/2013 04:31:32.6905087
426 6/5/2013 04:31:50.2225114
701 6/5/2013 04:32:03.0402446
709 6/5/2013 04:32:13.4738413
590 6/5/2013 04:32:28.1666817
671 6/5/2013 04:32:38.5532758
517 6/5/2013 04:32:55.0542196
313 6/5/2013 04:33:13.4442715
314 6/5/2013 04:33:29.9442152
323 6/5/2013 04:33:48.3342671
310 6/5/2013 04:34:04.8652126
317 6/5/2013 04:34:23.2262628
148 6/5/2013 04:34:39.7412074
890 6/5/2013 04:34:56.2421512
891 6/5/2013 04:35:12.6780912
959 6/5/2013 04:35:22.6176598
894 6/5/2013 04:35:39.1466052
967 6/5/2013 04:35:49.2741844
127 6/5/2013 04:36:05.6781227
298 6/5/2013 04:36:24.0701746
299 6/5/2013 04:36:40.6161210
300 6/5/2013 04:36:57.1640675
309 6/5/2013 04:37:13.6780120
328 6/5/2013 04:37:30.1159522
527 6/5/2013 04:37:44.4287709
541 6/5/2013 04:38:00.9747173
624 6/5/2013 04:38:15.3985423
767 6/5/2013 04:38:26.3631694
200 6/5/2013 04:38:42.8031097
381 6/5/2013 04:38:57.3229402
372 6/5/2013 04:39:13.9428908
375 6/5/2013 04:39:31.0048667
376 6/5/2013 04:39:49.3969187
377 6/5/2013 04:40:06.0058686
378 6/5/2013 04:40:22.5368141
422 6/5/2013 04:40:39.2087677
955 6/5/2013 04:40:55.6607087
859 6/5/2013 04:41:06.3723214
863 6/5/2013 04:41:24.7083702
397 6/5/2013 04:41:41.1613112
398 6/5/2013 04:41:57.6932568
399 6/5/2013 04:42:14.1301969
400 6/5/2013 04:42:30.5681371
401 6/5/2013 04:42:46.9580746
404 6/5/2013 04:43:03.4110156
444 6/5/2013 04:43:19.9109594
175 6/5/2013 04:43:36.3649005
742 6/5/2013 04:43:50.2876968
667 6/5/2013 04:44:00.9323057
625 6/5/2013 04:44:15.5091394
600 6/5/2013 04:44:30.0219695
740 6/5/2013 04:44:44.1987804
572 6/5/2013 04:45:02.4898265
560 6/5/2013 04:45:16.9436533
561 6/5/2013 04:45:33.4115952
187 6/5/2013 04:45:49.9115389
402 6/5/2013 04:46:07.2525308
403 6/5/2013 04:46:24.4695155
391 6/5/2013 04:46:41.8755111
392 6/5/2013 04:47:00.7805924
393 6/5/2013 04:47:17.9215728
394 6/5/2013 04:47:35.3125675
903 6/5/2013 04:47:47.2632510
958 6/5/2013 04:47:57.4118315
914 6/5/2013 04:48:07.6294159
849 6/5/2013 04:48:18.0680130
803 6/5/2013 04:48:28.6136162
379 6/5/2013 04:48:45.0525564
380 6/5/2013 04:49:01.4724956
213 6/5/2013 04:49:19.8795484
703 6/5/2013 04:49:30.5301576
605 6/5/2013 04:49:44.9279811
641 6/5/2013 04:49:59.2277990
574 6/5/2013 04:50:15.9117533
533 6/5/2013 04:50:30.0875641
519 6/5/2013 04:50:46.5845076
349 6/5/2013 04:51:03.0364486
350 6/5/2013 04:51:21.3164942
351 6/5/2013 04:51:37.7084318
352 6/5/2013 04:51:54.2543781
353 6/5/2013 04:52:10.7223200
346 6/5/2013 04:52:29.0053658
347 6/5/2013 04:52:45.5053095
373 6/5/2013 04:53:01.5982300
896 6/5/2013 04:53:12.2118370
880 6/5/2013 04:53:28.5357707
881 6/5/2013 04:53:44.9897118
790 6/5/2013 04:53:55.2592992
342 6/5/2013 04:54:11.7232409
338 6/5/2013 04:54:28.1141784
339 6/5/2013 04:54:44.5501185
528 6/5/2013 04:54:59.1629543
550 6/5/2013 04:55:13.9898023
627 6/5/2013 04:55:28.9116558
604 6/5/2013 04:55:43.8655111
365 6/5/2013 04:56:00.4714609
355 6/5/2013 04:56:19.0965262
356 6/5/2013 04:56:37.7365924
359 6/5/2013 04:56:54.6275585
360 6/5/2013 04:57:11.2205076
361 6/5/2013 04:57:27.9734658
362 6/5/2013 04:57:46.6585345
785 6/5/2013 04:57:57.4311507
970 6/5/2013 04:58:07.7967435
795 6/5/2013 04:58:18.4613535
811 6/5/2013 04:58:29.2089682
934 6/5/2013 04:58:39.8805786
344 6/5/2013 04:58:56.5485320
340 6/5/2013 04:59:15.2826035
341 6/5/2013 04:59:34.0326759
335 6/5/2013 04:59:50.7656330
336 6/5/2013 05:00:07.4555876
172 6/5/2013 05:00:24.2515483
640 6/5/2013 05:00:39.4724189
687 6/5/2013 05:00:50.3410405
688 6/5/2013 05:01:04.9418757
689 6/5/2013 05:01:18.2536370
558 6/5/2013 05:01:33.2384941
765 6/5/2013 05:01:48.3063560
654 6/5/2013 05:02:02.6781780
343 6/5/2013 05:02:19.4691384
364 6/5/2013 05:02:36.2030955
348 6/5/2013 05:02:53.0000562
354 6/5/2013 05:03:09.6590091
932 6/5/2013 05:03:20.1896114
879 6/5/2013 05:03:37.0635765
814 6/5/2013 05:03:47.7431874
815 6/5/2013 05:03:58.0387762
957 6/5/2013 05:04:14.6577268
902 6/5/2013 05:04:25.3313373
658 6/5/2013 05:04:40.1461846
589 6/5/2013 05:04:54.6440139
586 6/5/2013 05:05:10.2209048
501 6/5/2013 05:05:26.9688627
502 6/5/2013 05:05:43.6568172
521 6/5/2013 05:06:00.4217761
489 6/5/2013 05:06:17.2717399
490 6/5/2013 05:06:33.9366931
491 6/5/2013 05:06:52.5467575
487 6/5/2013 05:07:09.2967156
488 6/5/2013 05:07:28.0467880
494 6/5/2013 05:07:44.7967460
495 6/5/2013 05:08:01.6387093
496 6/5/2013 05:08:18.2496594
463 6/5/2013 05:08:34.9356138
506 6/5/2013 05:08:51.6085675
587 6/5/2013 05:09:06.7524336
500 6/5/2013 05:09:23.4053861
554 6/5/2013 05:09:38.4862487
615 6/5/2013 05:09:55.2172057
776 6/5/2013 05:10:06.1848330
942 6/5/2013 05:10:20.9546778
822 6/5/2013 05:10:31.7332943
830 6/5/2013 05:10:42.4929097
831 6/5/2013 05:10:53.1735206
940 6/5/2013 05:11:08.3453884
910 6/5/2013 05:11:18.8369884
992 6/5/2013 05:11:37.5460585
735 6/5/2013 05:11:52.6569228
599 6/5/2013 05:12:07.3447629
531 6/5/2013 05:12:26.0448325
542 6/5/2013 05:12:42.8727950
498 6/5/2013 05:12:59.7007575
499 6/5/2013 05:13:16.5637220
493 6/5/2013 05:13:35.2787925
497 6/5/2013 05:13:52.3107666
469 6/5/2013 05:14:11.0598390
470 6/5/2013 05:14:28.1298154
472 6/5/2013 05:14:46.8878883
473 6/5/2013 05:15:03.7618534
474 6/5/2013 05:15:20.6208177
465 6/5/2013 05:15:37.4367795
546 6/5/2013 05:15:52.2476266
665 6/5/2013 05:16:07.1714802
882 6/5/2013 05:16:23.9344390
913 6/5/2013 05:16:34.5330452
826 6/5/2013 05:16:45.0096445
819 6/5/2013 05:16:55.4462414
840 6/5/2013 05:17:12.2622032
906 6/5/2013 05:17:23.0718215
973 6/5/2013 05:17:33.1273966
759 6/5/2013 05:17:47.9522446
684 6/5/2013 05:17:58.7238607
692 6/5/2013 05:18:12.4226442
480 6/5/2013 05:18:31.1987181
481 6/5/2013 05:18:47.9636770
476 6/5/2013 05:19:04.5426253
483 6/5/2013 05:19:21.4485922
484 6/5/2013 05:19:38.1355467
485 6/5/2013 05:19:54.9015056
486 6/5/2013 05:20:11.7604699
552 6/5/2013 05:20:28.6354351
694 6/5/2013 05:20:41.9361959
782 6/5/2013 05:20:52.6518088
649 6/5/2013 05:21:07.5776625
363 6/5/2013 05:21:24.2446158
366 6/5/2013 05:21:41.1665837
368 6/5/2013 05:21:57.9315426
370 6/5/2013 05:22:14.7435042
371 6/5/2013 05:22:33.4325731
971 6/5/2013 05:22:43.9381740
995 6/5/2013 05:23:00.9821489
985 6/5/2013 05:23:19.9222322
905 6/5/2013 05:23:31.0318676
948 6/5/2013 05:23:48.0408405
904 6/5/2013 05:23:58.8124566
818 6/5/2013 05:24:09.4390644
877 6/5/2013 05:24:28.2441400
986 6/5/2013 05:24:47.0122134
367 6/5/2013 05:25:05.7122830
746 6/5/2013 05:25:20.7311420
695 6/5/2013 05:25:34.3729223
733 6/5/2013 05:25:51.0368754
551 6/5/2013 05:26:07.4008114
581 6/5/2013 05:26:25.9038697
477 6/5/2013 05:26:44.3549250
478 6/5/2013 05:27:00.8858706
482 6/5/2013 05:27:17.3388116
475 6/5/2013 05:27:33.8847580
732 6/5/2013 05:27:48.2765812
691 6/5/2013 05:28:01.4493346
763 6/5/2013 05:28:15.3421292
983 6/5/2013 05:28:33.0261407
984 6/5/2013 05:28:51.8662183
850 6/5/2013 05:29:02.3068154
789 6/5/2013 05:29:12.6404065
907 6/5/2013 05:29:22.8959931
895 6/5/2013 05:29:33.4915991
960 6/5/2013 05:29:43.7631866
991 6/5/2013 05:29:58.8740509
622 6/5/2013 05:30:13.4798863
565 6/5/2013 05:30:30.1348389
570 6/5/2013 05:30:40.8864539
553 6/5/2013 05:30:57.3223940
545 6/5/2013 05:31:11.5582082
445 6/5/2013 05:31:30.0102636
447 6/5/2013 05:31:46.5412091
448 6/5/2013 05:32:03.0711546
449 6/5/2013 05:32:19.5720984
443 6/5/2013 05:32:36.0090385
438 6/5/2013 05:32:52.5559849
451 6/5/2013 05:33:09.0719296
452 6/5/2013 05:33:27.4309797
459 6/5/2013 05:33:45.8850352
460 6/5/2013 05:34:02.4779842
461 6/5/2013 05:34:18.9619271
462 6/5/2013 05:34:35.4928726
564 6/5/2013 05:34:52.1518254
464 6/5/2013 05:35:10.5558781
455 6/5/2013 05:35:27.0408210
457 6/5/2013 05:35:43.5247638
612 6/5/2013 05:35:57.9955915
606 6/5/2013 05:36:12.9634476
630 6/5/2013 05:36:27.4482761
884 6/5/2013 05:36:43.9452196
885 6/5/2013 05:37:00.4491636
886 6/5/2013 05:37:16.9461072
887 6/5/2013 05:37:33.3990482
888 6/5/2013 05:37:47.6508634
683 6/5/2013 05:37:58.1364631
663 6/5/2013 05:38:08.5850608
610 6/5/2013 05:38:22.7598715
611 6/5/2013 05:38:37.1216930
458 6/5/2013 05:38:53.5716339
479 6/5/2013 05:39:10.1015793
548 6/5/2013 05:39:26.8205356
524 6/5/2013 05:39:41.2323599
453 6/5/2013 05:39:57.7893069
454 6/5/2013 05:40:14.2342475
233 6/5/2013 05:40:30.5861828
450 6/5/2013 05:40:47.0861265
442 6/5/2013 05:41:03.6950765
536 6/5/2013 05:41:18.5409256
466 6/5/2013 05:41:36.8369721
467 6/5/2013 05:41:53.3209149
608 6/5/2013 05:42:07.9307506
664 6/5/2013 05:42:18.7603700
854 6/5/2013 05:42:35.1503074
982 6/5/2013 05:42:51.0942194
Insert Area--CARAGA-REGION-AREA1 6/5/2013 05:42:54.7894307
Insert Area--CARAGA-REGION-AREA2 6/5/2013 05:42:58.4696412
Insert Area--CARAGA-REGION-AREA3 6/5/2013 05:43:02.1388511
Insert Area--CARAGA-REGION-AREA4 6/5/2013 05:43:05.8150614
Insert Area--COMADAVSUR-REGION-AREA1 6/5/2013 05:43:09.6222791
Insert Area--COMADAVSUR-REGION-AREA2 6/5/2013 05:43:13.2894889
Insert Area--COMADAVSUR-REGION-AREA3 6/5/2013 05:43:16.9616989
Insert Area--DAVAO/COMVAL-REGION-AREA1 6/5/2013 05:43:20.6329089
Insert Area--DAVAO/COMVAL-REGION-AREA2 6/5/2013 05:43:24.3021188
Insert Area--DAVAO/COMVAL-REGION-AREA3 6/5/2013 05:43:27.9663283
Insert Area--DAVAO/COMVAL-REGION-AREA4 6/5/2013 05:43:31.6475389
Insert Area--DAVAO/COMVAL-REGION-AREA5 6/5/2013 05:43:35.3097484
Insert Area--SOCSKSARGEN-MINDANAO-AREA1 6/5/2013 05:43:38.9839585
Insert Area--SOCSKSARGEN-MINDANAO-AREA2 6/5/2013 05:43:42.6431678
Insert Area--SOCSKSARGEN-MINDANAO-AREA3 6/5/2013 05:43:46.3163779
Insert Area--SOCSKSARGEN-MINDANAO-AREA4 6/5/2013 05:43:49.9865878
Insert Area--YANGAN CAMBUNAO-REGION-AREA1 6/5/2013 05:43:53.6557977
Insert Area--YANGAN CAMBUNAO-REGION-AREA2 6/5/2013 05:43:57.3280077
Insert Area--YANGAN CAMBUNAO-REGION-AREA3 6/5/2013 05:44:01.0032179
Insert Area--YANGAN CAMBUNAO-REGION-AREA4 6/5/2013 05:44:04.6664275
Insert Area--YANGAN CAMBUNAO-REGION-AREA5 6/5/2013 05:44:08.3336372
Insert Area--ZAMBASTA-MINDANAO-AREA1 6/5/2013 05:44:12.0108475
Insert Area--ZAMBASTA-MINDANAO-AREA2 6/5/2013 05:44:15.6800574
Insert Area--ZAMBASTA-MINDANAO-AREA3 6/5/2013 05:44:19.3462671
Insert Area--ZAMISLAN-REGION-AREA1 6/5/2013 05:44:23.0094766
Insert Area--ZAMISLAN-REGION-AREA2 6/5/2013 05:44:26.6796865
Insert Area--ZAMISLAN-REGION-AREA3 6/5/2013 05:44:30.3648973
Insert Area--ZAMISLAN-REGION-AREA4 6/5/2013 05:44:34.0321071
Insert Area--ZAMISLAN-REGION-AREA5 6/5/2013 05:44:37.7003169
Insert Area--ZAMSIBUGAY-REGION-AREA1 6/5/2013 05:44:41.3635264
Insert Area--ZAMSIBUGAY-REGION-AREA2 6/5/2013 05:44:45.0227357
Insert Area--ZAMSIBUGAY-REGION-AREA3 6/5/2013 05:44:48.6869453
Insert Area--ZAMSIBUGAY-REGION-AREA4 6/5/2013 05:44:52.3511549
Insert region--CARAGA-REGION 6/5/2013 05:44:52.8201817
Insert region--COMADAVSUR-REGION 6/5/2013 05:44:53.2402057
Insert region--DAVAO/COMVAL-MINDANAO-REGION 6/5/2013 05:44:53.6622299
Insert region--SOCSKSARGEN-MINDANAO-REGION 6/5/2013 05:44:54.0892543
Insert region--YANGAN CAMBUNAO-REGION 6/5/2013 05:44:54.5102784
Insert region--ZAMBASTA-MINDANAO-REGION 6/5/2013 05:44:54.9383028
Insert region--ZAMISLAN-MINDANAO-REGION 6/5/2013 05:44:55.3623271
Insert region--ZAMSIBUGAY-REGION 6/5/2013 05:44:55.7843512
Insert Vismin Wide--  6/5/2013 05:47:37.3755937
Update--108 6/4/2013 05:47:56.3666800
Update--405 6/4/2013 05:48:13.3516514
Update--407 6/4/2013 05:48:30.3516238
Update--408 6/4/2013 05:48:49.2727060
Update--410 6/4/2013 05:49:06.3346819
Update--412 6/4/2013 05:49:23.1796454
Update--413 6/4/2013 05:49:40.1806178
Update--414 6/4/2013 05:49:57.2575945
Update--415 6/4/2013 05:50:14.2585669
Update--416 6/4/2013 05:50:31.3205428
Update--618 6/4/2013 05:50:46.7284241
Update--620 6/4/2013 05:51:01.9622954
Update--748 6/4/2013 05:51:16.8991498
Update--845 6/4/2013 05:51:32.3060310
Update--898 6/4/2013 05:51:42.4376105
Update--855 6/4/2013 05:51:53.0812193
Update--857 6/4/2013 05:52:03.7318284
Update--878 6/4/2013 05:52:20.7728031
Update--619 6/4/2013 05:52:35.8376648
Update--417 6/4/2013 05:52:52.7256307
Update--418 6/4/2013 05:53:09.8356094
Update--406 6/4/2013 05:53:26.8665835
Update--430 6/4/2013 05:53:43.9765621
Update--431 6/4/2013 05:54:01.0845406
Update--423 6/4/2013 05:54:20.0546256
Update--424 6/4/2013 05:54:37.1946060
Update--425 6/4/2013 05:54:54.2395809
Update--434 6/4/2013 05:55:11.5215694
Update--427 6/4/2013 05:55:28.8495605
Update--428 6/4/2013 05:55:48.1306633
Update--429 6/4/2013 05:56:05.3336473
Update--409 6/4/2013 05:56:22.5556323
Update--419 6/4/2013 05:56:39.8806232
Update--420 6/4/2013 05:56:57.2236152
Update--421 6/4/2013 05:57:14.4426001
Update--807 6/4/2013 05:57:25.2062157
Update--954 6/4/2013 05:57:42.3971990
Update--800 6/4/2013 05:57:53.0538085
Update--435 6/4/2013 05:58:10.1457861
Update--436 6/4/2013 05:58:25.6216713
Update--437 6/4/2013 05:58:42.8656576
Update--439 6/4/2013 05:59:00.2406514
Update--440 6/4/2013 05:59:17.4896380
Update--441 6/4/2013 05:59:34.8356301
Update--432 6/4/2013 05:59:52.0056122
Update--433 6/4/2013 06:00:09.2705997
Update--777 6/4/2013 06:00:20.1502219
Update--718 6/4/2013 06:00:31.3598631
Update--719 6/4/2013 06:00:42.4324964
Update--772 6/4/2013 06:00:53.7451435
Update--773 6/4/2013 06:01:05.2848035
Update--621 6/4/2013 06:01:21.1487109
Update--507 6/4/2013 06:01:40.3328081
Update--569 6/4/2013 06:01:57.5047903
Update--384 6/4/2013 06:02:13.3196949
Update--861 6/4/2013 06:02:28.2575493
Update--933 6/4/2013 06:02:42.2813514
Update--889 6/4/2013 06:02:59.4103311
Update--968 6/4/2013 06:03:10.2259497
Update--956 6/4/2013 06:03:29.2570382
Update--883 6/4/2013 06:03:46.5030246
Update--841 6/4/2013 06:04:03.8790185
Update--820 6/4/2013 06:04:14.7916427
Update--385 6/4/2013 06:04:30.7745568
Update--386 6/4/2013 06:04:49.9096513
Update--388 6/4/2013 06:05:09.0807478
Update--389 6/4/2013 06:05:26.1117219
Update--390 6/4/2013 06:05:43.3467077
Update--383 6/4/2013 06:05:58.7545890
Update--220 6/4/2013 06:06:14.0524640
Update--331 6/4/2013 06:06:31.0174343
Update--538 6/4/2013 06:06:46.7083318
Update--626 6/4/2013 06:07:02.0992121
Update--629 6/4/2013 06:07:17.7561076
Update--771 6/4/2013 06:07:28.8907445
Update--760 6/4/2013 06:07:39.7093633
Update--332 6/4/2013 06:07:56.7213363
Update--324 6/4/2013 06:08:14.1113310
Update--330 6/4/2013 06:08:33.1744213
Update--271 6/4/2013 06:08:50.3924061
Update--935 6/4/2013 06:09:01.2450269
Update--911 6/4/2013 06:09:12.4396672
Update--860 6/4/2013 06:09:29.7046547
Update--962 6/4/2013 06:09:40.2162559
Update--791 6/4/2013 06:09:51.3928952
Update--286 6/4/2013 06:10:07.0047881
Update--301 6/4/2013 06:10:26.0328764
Update--136 6/4/2013 06:10:36.8934976
Update--303 6/4/2013 06:10:54.0494789
Update--306 6/4/2013 06:11:13.2575775
Update--308 6/4/2013 06:11:30.6725736
Update--316 6/4/2013 06:11:49.6726604
Update--739 6/4/2013 06:12:04.7535229
Update--723 6/4/2013 06:12:20.0043952
Update--661 6/4/2013 06:12:35.0522559
Update--602 6/4/2013 06:12:51.3161862
Update--540 6/4/2013 06:13:08.3451602
Update--515 6/4/2013 06:13:25.4541388
Update--302 6/4/2013 06:13:42.5351157
Update--329 6/4/2013 06:13:59.6740960
Update--326 6/4/2013 06:14:18.6591819
Update--327 6/4/2013 06:14:35.7821613
Update--333 6/4/2013 06:14:53.0621496
Update--334 6/4/2013 06:15:10.2961354
Update--792 6/4/2013 06:15:20.9757462
Update--805 6/4/2013 06:15:32.1153834
Update--893 6/4/2013 06:15:47.8172815
Update--802 6/4/2013 06:15:58.6238996
Update--315 6/4/2013 06:16:17.7649944
Update--319 6/4/2013 06:16:37.0940999
Update--320 6/4/2013 06:16:56.2791973
Update--321 6/4/2013 06:17:15.6243037
Update--322 6/4/2013 06:17:34.5453860
Update--307 6/4/2013 06:17:53.6714799
Update--311 6/4/2013 06:18:12.7805729
Update--312 6/4/2013 06:18:31.8266623
Update--426 6/4/2013 06:18:49.1536533
Update--701 6/4/2013 06:19:02.6594258
Update--709 6/4/2013 06:19:13.5870508
Update--590 6/4/2013 06:19:29.4249567
Update--671 6/4/2013 06:19:40.6185969
Update--517 6/4/2013 06:19:57.8735839
Update--313 6/4/2013 06:20:17.0606813
Update--314 6/4/2013 06:20:34.2796662
Update--323 6/4/2013 06:20:53.5127662
Update--310 6/4/2013 06:21:10.5767422
Update--317 6/4/2013 06:21:29.4658226
Update--148 6/4/2013 06:21:46.7008084
Update--890 6/4/2013 06:22:03.7787852
Update--891 6/4/2013 06:22:20.8727629
