108 10/9/2012 00:15:02.5356220
405 10/9/2012 00:15:34.6384582
407 10/9/2012 00:18:13.0505189
Update--108 10/9/2012 00:25:11.7344662
Update--405 10/9/2012 00:25:17.4787948
Update--407 10/9/2012 00:25:23.6771493
408 10/9/2012 00:25:31.1195750
410 10/9/2012 00:25:39.1880365
412 10/9/2012 00:25:44.4023347
413 10/9/2012 00:25:52.1657788
414 10/9/2012 00:26:00.5462581
415 10/9/2012 00:26:07.4376523
416 10/9/2012 00:26:14.9720832
618 10/9/2012 00:26:22.8085314
620 10/9/2012 00:26:29.9329389
748 10/9/2012 00:26:42.1506377
108 10/12/2012 00:17:20.1836076
405 10/12/2012 00:17:29.3531320
407 10/12/2012 00:17:46.3141022
408 10/12/2012 00:18:10.5214867
Update--108 10/12/2012 00:26:46.8970217
Update--405 10/12/2012 00:26:53.9844271
Update--407 10/12/2012 00:27:01.4988569
Update--408 10/12/2012 00:27:09.4843137
410 10/12/2012 00:27:17.2117556
412 10/12/2012 00:27:23.3871088
413 10/12/2012 00:27:32.5416325
414 10/12/2012 00:27:41.7801609
415 10/12/2012 00:27:49.7866188
416 10/12/2012 00:27:58.4441140
618 10/12/2012 00:28:07.3336224
620 10/12/2012 00:28:15.6550984
748 10/12/2012 00:28:24.1055817
845 10/12/2012 00:28:33.9041422
855 10/12/2012 00:28:40.7355329
857 10/12/2012 00:28:47.7719354
878 10/12/2012 00:28:56.4674327
619 10/12/2012 00:29:04.4318883
417 10/12/2012 00:29:12.5803543
418 10/12/2012 00:29:21.7788805
406 10/12/2012 00:29:30.5403816
430 10/12/2012 00:29:39.9029171
431 10/12/2012 00:29:47.9883796
423 10/12/2012 00:29:59.5070384
424 10/12/2012 00:30:08.3815460
425 10/12/2012 00:30:16.6210173
434 10/12/2012 00:30:24.8454877
427 10/12/2012 00:30:33.8740041
428 10/12/2012 00:30:45.8316880
429 10/12/2012 00:30:54.1361630
409 10/12/2012 00:31:02.5096419
419 10/12/2012 00:31:10.6881097
420 10/12/2012 00:31:19.5966193
421 10/12/2012 00:31:27.2620577
807 10/12/2012 00:31:34.2284562
954 10/12/2012 00:31:42.2159130
800 10/12/2012 00:31:49.3813228
435 10/12/2012 00:31:57.3247772
436 10/12/2012 00:32:04.8502076
437 10/12/2012 00:32:13.0536768
439 10/12/2012 00:32:24.7263445
440 10/12/2012 00:32:33.2128299
441 10/12/2012 00:32:41.5633075
432 10/12/2012 00:32:49.5847663
433 10/12/2012 00:32:58.7482904
777 10/12/2012 00:33:06.3327242
718 10/12/2012 00:33:14.0141636
719 10/12/2012 00:33:21.4765904
772 10/12/2012 00:33:29.6360571
773 10/12/2012 00:33:37.7515213
621 10/12/2012 00:33:46.4770203
507 10/12/2012 00:33:57.0416246
569 10/12/2012 00:34:07.5832275
384 10/12/2012 00:34:17.5607982
861 10/12/2012 00:34:24.9812227
933 10/12/2012 00:34:32.8296716
889 10/12/2012 00:34:41.6641769
968 10/12/2012 00:34:48.0905444
956 10/12/2012 00:34:58.7961568
883 10/12/2012 00:35:07.3126439
841 10/12/2012 00:35:17.4702249
820 10/12/2012 00:35:24.9676537
385 10/12/2012 00:35:34.4851981
386 10/12/2012 00:35:43.4867129
388 10/12/2012 00:35:54.7923596
389 10/12/2012 00:36:02.3887940
390 10/12/2012 00:36:10.8322770
383 10/12/2012 00:36:18.9557416
220 10/12/2012 00:36:27.8652512
331 10/12/2012 00:36:36.3317355
538 10/12/2012 00:36:45.4652579
626 10/12/2012 00:36:53.8637382
629 10/12/2012 00:37:02.6882430
771 10/12/2012 00:37:10.2166736
760 10/12/2012 00:37:17.7031018
332 10/12/2012 00:37:25.9035708
324 10/12/2012 00:37:35.8521398
330 10/12/2012 00:37:44.6676441
271 10/12/2012 00:37:53.2401344
935 10/12/2012 00:37:59.7975094
860 10/12/2012 00:38:14.6613596
911 10/12/2012 00:38:21.6557597
791 10/12/2012 00:38:29.3612004
286 10/12/2012 00:38:38.1137010
301 10/12/2012 00:38:47.4872371
136 10/12/2012 00:38:54.0696136
303 10/12/2012 00:39:02.6001015
306 10/12/2012 00:39:13.7547396
308 10/12/2012 00:39:22.5372419
316 10/12/2012 00:39:31.4367509
739 10/12/2012 00:39:39.0771879
723 10/12/2012 00:39:46.8506325
661 10/12/2012 00:39:54.5270716
602 10/12/2012 00:40:03.1165629
540 10/12/2012 00:40:11.8650633
515 10/12/2012 00:40:20.6105635
302 10/12/2012 00:40:29.0380455
329 10/12/2012 00:40:37.4545269
326 10/12/2012 00:40:46.8120621
327 10/12/2012 00:40:55.2615454
333 10/12/2012 00:41:03.6410247
334 10/12/2012 00:41:11.8474941
792 10/12/2012 00:41:18.9639011
805 10/12/2012 00:41:26.6543410
893 10/12/2012 00:41:35.1498269
802 10/12/2012 00:41:42.4122423
315 10/12/2012 00:41:52.5528223
319 10/12/2012 00:42:04.7545202
320 10/12/2012 00:42:13.0509947
321 10/12/2012 00:42:22.2275196
322 10/12/2012 00:42:31.5730541
307 10/12/2012 00:42:40.2375497
311 10/12/2012 00:42:50.2321214
312 10/12/2012 00:42:59.7166638
426 10/12/2012 00:43:08.4561637
701 10/12/2012 00:43:16.1036011
709 10/12/2012 00:43:23.6630335
590 10/12/2012 00:43:31.6174885
671 10/12/2012 00:43:39.1289181
517 10/12/2012 00:43:47.2603832
313 10/12/2012 00:43:55.8708757
314 10/12/2012 00:44:03.8283308
323 10/12/2012 00:44:13.0098560
310 10/12/2012 00:44:21.3463328
317 10/12/2012 00:44:31.4439103
148 10/12/2012 00:44:40.1884105
890 10/12/2012 00:44:48.4288818
891 10/12/2012 00:44:56.2973319
959 10/12/2012 00:45:02.7226994
894 10/12/2012 00:45:10.6391522
127 10/12/2012 00:45:18.5796063
298 10/12/2012 00:45:28.6521825
299 10/12/2012 00:45:36.8666523
300 10/12/2012 00:45:44.9761161
309 10/12/2012 00:45:52.9485721
328 10/12/2012 00:46:01.2860490
527 10/12/2012 00:46:09.2745059
541 10/12/2012 00:46:17.6959876
624 10/12/2012 00:46:26.4194866
767 10/12/2012 00:46:34.7409625
200 10/12/2012 00:46:42.9124299
381 10/12/2012 00:46:51.4599188
372 10/12/2012 00:46:59.5563819
375 10/12/2012 00:47:11.1910473
376 10/12/2012 00:47:24.0457826
377 10/12/2012 00:47:33.2243076
378 10/12/2012 00:47:42.9908662
422 10/12/2012 00:47:53.1354464
955 10/12/2012 00:48:02.4309781
859 10/12/2012 00:48:10.1314185
863 10/12/2012 00:48:19.7579692
397 10/12/2012 00:48:29.8825482
398 10/12/2012 00:48:38.5160421
399 10/12/2012 00:48:47.4475529
400 10/12/2012 00:48:55.9760407
401 10/12/2012 00:49:04.4975281
404 10/12/2012 00:49:13.0640181
444 10/12/2012 00:49:23.1635957
175 10/12/2012 00:49:32.8841517
742 10/12/2012 00:49:40.9436127
667 10/12/2012 00:49:48.8910673
625 10/12/2012 00:49:57.8265784
600 10/12/2012 00:50:06.6160811
740 10/12/2012 00:50:14.9175559
572 10/12/2012 00:50:24.1950865
560 10/12/2012 00:50:33.6186255
561 10/12/2012 00:50:42.0061053
187 10/12/2012 00:50:51.6006541
402 10/12/2012 00:51:00.4351594
403 10/12/2012 00:51:08.9886486
391 10/12/2012 00:51:19.0662250
392 10/12/2012 00:51:29.8388412
393 10/12/2012 00:51:38.2753237
394 10/12/2012 00:51:48.2738956
958 10/12/2012 00:51:55.2222930
903 10/12/2012 00:52:03.0557411
914 10/12/2012 00:52:09.5471123
849 10/12/2012 00:52:16.8985328
803 10/12/2012 00:52:24.6869783
379 10/12/2012 00:52:33.4094772
380 10/12/2012 00:52:41.9889679
213 10/12/2012 00:52:52.8595897
703 10/12/2012 00:53:00.7820428
605 10/12/2012 00:53:09.1485213
641 10/12/2012 00:53:17.8840210
574 10/12/2012 00:53:31.3537914
533 10/12/2012 00:53:39.1402368
519 10/12/2012 00:53:49.4808282
349 10/12/2012 00:53:58.2483297
350 10/12/2012 00:54:11.1640684
351 10/12/2012 00:54:20.6496110
352 10/12/2012 00:54:31.1352107
353 10/12/2012 00:54:42.1218391
346 10/12/2012 00:54:55.2375893
347 10/12/2012 00:55:05.8031936
373 10/12/2012 00:55:11.7555341
896 10/12/2012 00:55:19.8909994
880 10/12/2012 00:55:27.5354366
881 10/12/2012 00:55:35.7429061
790 10/12/2012 00:55:43.0623247
342 10/12/2012 00:55:52.3988587
338 10/12/2012 00:56:00.8053396
339 10/12/2012 00:56:09.4178322
528 10/12/2012 00:56:17.9523203
550 10/12/2012 00:56:26.4118042
627 10/12/2012 00:56:34.7542813
604 10/12/2012 00:56:42.9147481
365 10/12/2012 00:56:51.3202288
355 10/12/2012 00:57:00.9387790
356 10/12/2012 00:57:10.2443112
359 10/12/2012 00:57:19.5958461
360 10/12/2012 00:57:27.7303114
361 10/12/2012 00:57:36.2888009
362 10/12/2012 00:57:47.3804353
785 10/12/2012 00:57:55.3508912
970 10/12/2012 00:58:01.4942426
795 10/12/2012 00:58:09.1656813
811 10/12/2012 00:58:17.1871401
934 10/12/2012 00:58:23.7705167
344 10/12/2012 00:58:32.2410012
340 10/12/2012 00:58:43.3836385
341 10/12/2012 00:58:52.6211669
335 10/12/2012 00:59:01.2246589
336 10/12/2012 00:59:09.5431347
172 10/12/2012 00:59:18.5126478
640 10/12/2012 00:59:27.9651884
687 10/12/2012 00:59:36.0696520
688 10/12/2012 00:59:44.1721154
689 10/12/2012 00:59:51.7245474
558 10/12/2012 01:00:00.8670703
765 10/12/2012 01:00:11.8787001
654 10/12/2012 01:00:19.8041534
343 10/12/2012 01:00:28.2996394
364 10/12/2012 01:00:36.6271157
348 10/12/2012 01:00:45.1646040
354 10/12/2012 01:00:53.4750793
932 10/12/2012 01:01:00.0104531
879 10/12/2012 01:01:08.4989386
814 10/12/2012 01:01:16.5804009
815 10/12/2012 01:01:23.5988023
957 10/12/2012 01:01:32.2582976
902 10/12/2012 01:01:39.1176899
658 10/12/2012 01:01:48.0151988
589 10/12/2012 01:01:55.7956438
586 10/12/2012 01:02:06.5622597
501 10/12/2012 01:02:14.8997365
502 10/12/2012 01:02:23.0752041
521 10/12/2012 01:02:33.9918285
489 10/12/2012 01:02:45.9155105
490 10/12/2012 01:02:55.4720571
491 10/12/2012 01:03:10.8929392
487 10/12/2012 01:03:19.9464570
488 10/12/2012 01:03:32.0621500
494 10/12/2012 01:03:41.8747112
495 10/12/2012 01:03:50.7772204
496 10/12/2012 01:03:58.5786666
463 10/12/2012 01:04:07.2701638
506 10/12/2012 01:04:15.2996230
587 10/12/2012 01:04:23.9721190
500 10/12/2012 01:04:32.2455923
554 10/12/2012 01:04:41.9491473
615 10/12/2012 01:04:51.3696861
776 10/12/2012 01:04:59.8221696
942 10/12/2012 01:05:08.1756473
822 10/12/2012 01:05:16.4151186
830 10/12/2012 01:05:24.2905691
831 10/12/2012 01:05:32.0970156
940 10/12/2012 01:05:40.2974846
910 10/12/2012 01:05:46.4758380
992 10/12/2012 01:05:59.4495800
735 10/12/2012 01:06:08.3630899
599 10/12/2012 01:06:16.4985552
531 10/12/2012 01:06:26.6841378
542 10/12/2012 01:06:35.5276436
498 10/12/2012 01:06:45.6892248
499 10/12/2012 01:06:53.9666982
493 10/12/2012 01:07:04.1492807
497 10/12/2012 01:07:12.1637391
469 10/12/2012 01:07:22.8993531
470 10/12/2012 01:07:31.1908273
472 10/12/2012 01:07:46.7447170
473 10/12/2012 01:07:55.8052352
474 10/12/2012 01:08:04.0787084
465 10/12/2012 01:08:12.5411925
546 10/12/2012 01:08:21.6047109
665 10/12/2012 01:08:30.3002082
882 10/12/2012 01:08:38.3426682
913 10/12/2012 01:08:45.4810765
826 10/12/2012 01:08:53.0275081
819 10/12/2012 01:09:00.4059302
840 10/12/2012 01:09:09.1624310
906 10/12/2012 01:09:16.3918445
759 10/12/2012 01:09:24.9203323
684 10/12/2012 01:09:33.0587978
692 10/12/2012 01:09:42.0433117
480 10/12/2012 01:09:51.2498383
481 10/12/2012 01:10:00.5353694
476 10/12/2012 01:10:08.5688289
483 10/12/2012 01:10:17.9583659
484 10/12/2012 01:10:26.0518288
485 10/12/2012 01:10:34.3823053
486 10/12/2012 01:10:43.3188164
552 10/12/2012 01:10:51.3902781
694 10/12/2012 01:10:59.3247319
782 10/12/2012 01:11:06.5021424
649 10/12/2012 01:11:15.1316360
363 10/12/2012 01:11:23.2871025
366 10/12/2012 01:11:31.6005780
368 10/12/2012 01:11:39.5460325
370 10/12/2012 01:11:48.4595423
371 10/12/2012 01:11:58.2671032
905 10/12/2012 01:12:05.4045115
948 10/12/2012 01:12:13.6789847
995 10/12/2012 01:12:20.5723790
971 10/12/2012 01:12:26.9227422
985 10/12/2012 01:12:35.4132279
986 10/12/2012 01:12:44.9587738
904 10/12/2012 01:12:52.3291954
818 10/12/2012 01:13:00.0676380
877 10/12/2012 01:13:10.2572208
367 10/12/2012 01:13:18.5386945
746 10/12/2012 01:13:27.5752114
695 10/12/2012 01:13:36.7187343
733 10/12/2012 01:13:46.3982880
551 10/12/2012 01:13:54.5137522
581 10/12/2012 01:14:04.1513034
477 10/12/2012 01:14:14.9949236
478 10/12/2012 01:14:23.1013873
482 10/12/2012 01:14:31.1148456
475 10/12/2012 01:14:39.3743180
732 10/12/2012 01:14:47.6947939
691 10/12/2012 01:14:56.1402770
763 10/12/2012 01:15:06.9398947
850 10/12/2012 01:15:14.1333061
789 10/12/2012 01:15:21.5777319
907 10/12/2012 01:15:28.2421131
983 10/12/2012 01:15:36.2305700
984 10/12/2012 01:15:44.3930369
991 10/12/2012 01:15:54.0585897
895 10/12/2012 01:16:01.3100045
960 10/12/2012 01:16:08.2264001
622 10/12/2012 01:16:16.8058908
565 10/12/2012 01:16:25.4093829
570 10/12/2012 01:16:33.5918509
553 10/12/2012 01:16:42.5953659
545 10/12/2012 01:16:51.4478722
445 10/12/2012 01:17:03.2065448
447 10/12/2012 01:17:12.5280779
448 10/12/2012 01:17:21.3565829
449 10/12/2012 01:17:30.1840878
443 10/12/2012 01:17:38.8245820
438 10/12/2012 01:17:54.8104963
451 10/12/2012 01:18:13.1385447
452 10/12/2012 01:18:22.7440941
459 10/12/2012 01:18:31.5515978
460 10/12/2012 01:18:40.0560842
461 10/12/2012 01:18:48.0465413
462 10/12/2012 01:18:58.3081282
564 10/12/2012 01:19:07.1626347
464 10/12/2012 01:19:17.8122438
455 10/12/2012 01:19:25.9167073
457 10/12/2012 01:19:34.9442237
612 10/12/2012 01:19:43.4007074
606 10/12/2012 01:19:52.3342183
630 10/12/2012 01:20:01.3737354
884 10/12/2012 01:20:09.4521974
885 10/12/2012 01:20:17.7726733
886 10/12/2012 01:20:25.9821429
887 10/12/2012 01:20:34.4366264
888 10/12/2012 01:20:41.7200430
683 10/12/2012 01:20:49.3794811
663 10/12/2012 01:20:56.7749041
610 10/12/2012 01:21:05.3313935
611 10/12/2012 01:21:13.6028666
458 10/12/2012 01:21:21.5193194
479 10/12/2012 01:21:29.8837978
548 10/12/2012 01:21:38.4952904
524 10/12/2012 01:21:47.3217952
453 10/12/2012 01:21:56.7673355
454 10/12/2012 01:22:04.7207904
233 10/12/2012 01:22:12.6222423
450 10/12/2012 01:22:20.6827034
442 10/12/2012 01:22:29.1931901
536 10/12/2012 01:22:37.3776583
466 10/12/2012 01:22:47.7032489
467 10/12/2012 01:22:55.9897228
608 10/12/2012 01:23:05.2302513
664 10/12/2012 01:23:13.0737000
854 10/12/2012 01:23:26.6034738
982 10/12/2012 01:23:34.2909135
Insert Area--CARAGA-REGION-AREA1 10/12/2012 01:23:36.7730555
Insert Area--CARAGA-REGION-AREA2 10/12/2012 01:23:39.2281959
Insert Area--CARAGA-REGION-AREA3 10/12/2012 01:23:41.7073377
Insert Area--CARAGA-REGION-AREA4 10/12/2012 01:23:44.1514775
Insert Area--COMADAVSUR-REGION-AREA1 10/12/2012 01:23:46.5866168
Insert Area--COMADAVSUR-REGION-AREA2 10/12/2012 01:23:49.0247562
Insert Area--COMADAVSUR-REGION-AREA3 10/12/2012 01:23:51.4558953
Insert Area--DAVAO/COMVAL-REGION-AREA1 10/12/2012 01:23:53.8920346
Insert Area--DAVAO/COMVAL-REGION-AREA2 10/12/2012 01:23:56.3261739
Insert Area--DAVAO/COMVAL-REGION-AREA3 10/12/2012 01:23:58.7663134
Insert Area--DAVAO/COMVAL-REGION-AREA4 10/12/2012 01:24:01.2014527
Insert Area--DAVAO/COMVAL-REGION-AREA5 10/12/2012 01:24:03.6325918
Insert Area--SOCSKSARGEN-MINDANAO-AREA1 10/12/2012 01:24:06.0707312
Insert Area--SOCSKSARGEN-MINDANAO-AREA2 10/12/2012 01:24:08.5018703
Insert Area--SOCSKSARGEN-MINDANAO-AREA3 10/12/2012 01:24:10.9320093
Insert Area--SOCSKSARGEN-MINDANAO-AREA4 10/12/2012 01:24:13.3761491
Insert Area--YANGAN CAMBUNAO-REGION-AREA1 10/12/2012 01:24:15.8202889
Insert Area--YANGAN CAMBUNAO-REGION-AREA2 10/12/2012 01:24:18.2484277
Insert Area--YANGAN CAMBUNAO-REGION-AREA3 10/12/2012 01:24:20.6935676
Insert Area--YANGAN CAMBUNAO-REGION-AREA4 10/12/2012 01:24:23.1347072
Insert Area--YANGAN CAMBUNAO-REGION-AREA5 10/12/2012 01:24:25.5718466
Insert Area--ZAMBASTA-MINDANAO-AREA1 10/12/2012 01:24:28.0149864
Insert Area--ZAMBASTA-MINDANAO-AREA2 10/12/2012 01:24:30.4811274
Insert Area--ZAMBASTA-MINDANAO-AREA3 10/12/2012 01:24:32.9182668
Insert Area--ZAMISLAN-REGION-AREA1 10/12/2012 01:24:35.3494059
Insert Area--ZAMISLAN-REGION-AREA2 10/12/2012 01:24:37.8125467
Insert Area--ZAMISLAN-REGION-AREA3 10/12/2012 01:24:40.2686872
Insert Area--ZAMISLAN-REGION-AREA4 10/12/2012 01:24:42.7268278
Insert Area--ZAMISLAN-REGION-AREA5 10/12/2012 01:24:45.2479720
Insert Area--ZAMSIBUGAY-REGION-AREA1 10/12/2012 01:24:47.7181133
Insert Area--ZAMSIBUGAY-REGION-AREA2 10/12/2012 01:24:50.1622531
Insert Area--ZAMSIBUGAY-REGION-AREA3 10/12/2012 01:24:52.5923921
Insert Area--ZAMSIBUGAY-REGION-AREA4 10/12/2012 01:24:55.0285314
Insert region--CARAGA-REGION 10/12/2012 01:24:55.3905522
Insert region--COMADAVSUR-REGION 10/12/2012 01:24:55.7185709
Insert region--DAVAO/COMVAL-MINDANAO-REGION 10/12/2012 01:24:56.0515900
Insert region--SOCSKSARGEN-MINDANAO-REGION 10/12/2012 01:24:56.3856091
Insert region--YANGAN CAMBUNAO-REGION 10/12/2012 01:24:56.7206282
Insert region--ZAMBASTA-MINDANAO-REGION 10/12/2012 01:24:57.0556474
Insert region--ZAMISLAN-MINDANAO-REGION 10/12/2012 01:24:57.3896665
Insert region--ZAMSIBUGAY-REGION 10/12/2012 01:24:57.7216855
Insert Vismin Wide--  10/12/2012 01:31:56.8746597
