Insert region--CARAGA-REGION 10/12/2011 04:00:28.0694496
Insert region--COMADAVSUR-REGION 10/12/2011 04:00:28.5062503
Insert region--DAVAO/COMVAL-MINDANAO-REGION 10/12/2011 04:00:28.9908513
Insert region--SOCSKSARGEN-MINDANAO-REGION 10/12/2011 04:00:29.4588521
Insert region--YANGAN CAMBUNAO-REGION 10/12/2011 04:00:29.9112529
Insert region--ZAMBASTA-MINDANAO-REGION 10/12/2011 04:00:30.3480536
Insert region--ZAMISLAN-MINDANAO-REGION 10/12/2011 04:00:30.7848544
Insert region--ZAMSIBUGAY-REGION 10/12/2011 04:00:31.2528552
Insert region--CARAGA-REGION 10/12/2011 04:04:01.4746303
Insert region--COMADAVSUR-REGION 10/12/2011 04:04:16.2654564
Insert region--DAVAO/COMVAL-MINDANAO-REGION 10/12/2011 04:04:17.3428583
Insert region--SOCSKSARGEN-MINDANAO-REGION 10/12/2011 04:04:19.3396618
Insert region--YANGAN CAMBUNAO-REGION 10/12/2011 04:04:19.7452625
Insert region--ZAMBASTA-MINDANAO-REGION 10/12/2011 04:04:20.1664633
Insert region--ZAMISLAN-MINDANAO-REGION 10/12/2011 04:04:20.5876640
Insert region--ZAMSIBUGAY-REGION 10/12/2011 04:04:21.0088648
Insert region--CARAGA-REGION 10/12/2011 04:05:34.0163938
Insert region--COMADAVSUR-REGION 10/12/2011 04:05:34.4375946
Insert region--DAVAO/COMVAL-MINDANAO-REGION 10/12/2011 04:05:34.8587953
Insert region--SOCSKSARGEN-MINDANAO-REGION 10/12/2011 04:05:35.2643960
Insert region--YANGAN CAMBUNAO-REGION 10/12/2011 04:05:35.6855968
Insert region--ZAMBASTA-MINDANAO-REGION 10/12/2011 04:05:36.0911975
Insert region--ZAMISLAN-MINDANAO-REGION 10/12/2011 04:05:36.5123982
Insert region--ZAMSIBUGAY-REGION 10/12/2011 04:05:36.9335989
Insert region--CARAGA-REGION 10/12/2011 04:06:17.5504708
Insert region--COMADAVSUR-REGION 10/12/2011 04:06:17.9716716
Insert region--DAVAO/COMVAL-MINDANAO-REGION 10/12/2011 04:06:18.3772723
Insert region--SOCSKSARGEN-MINDANAO-REGION 10/12/2011 04:06:18.7984730
Insert region--YANGAN CAMBUNAO-REGION 10/12/2011 04:06:19.2040737
Insert region--ZAMBASTA-MINDANAO-REGION 10/12/2011 04:06:19.6252745
Insert region--ZAMISLAN-MINDANAO-REGION 10/12/2011 04:06:20.0308752
Insert region--ZAMSIBUGAY-REGION 10/12/2011 04:06:20.4520759
Insert region--CARAGA-REGION 10/12/2011 04:08:12.3508742
Insert region--COMADAVSUR-REGION 10/12/2011 04:08:21.7596908
Insert region--DAVAO/COMVAL-MINDANAO-REGION 10/12/2011 04:08:22.6644924
Insert region--SOCSKSARGEN-MINDANAO-REGION 10/12/2011 04:08:23.4444938
Insert region--YANGAN CAMBUNAO-REGION 10/12/2011 04:08:24.2274953
Insert region--ZAMBASTA-MINDANAO-REGION 10/12/2011 04:08:25.1010969
Insert region--ZAMISLAN-MINDANAO-REGION 10/12/2011 04:08:25.9434983
Insert region--ZAMSIBUGAY-REGION 10/12/2011 04:08:26.6610996
Insert region--CARAGA-REGION 10/12/2011 04:09:13.4993823
Insert region--COMADAVSUR-REGION 10/12/2011 04:09:13.9205830
Insert region--DAVAO/COMVAL-MINDANAO-REGION 10/12/2011 04:09:14.3427838
Insert region--SOCSKSARGEN-MINDANAO-REGION 10/12/2011 04:09:14.7483845
Insert region--YANGAN CAMBUNAO-REGION 10/12/2011 04:09:15.1695853
Insert region--ZAMBASTA-MINDANAO-REGION 10/12/2011 04:09:15.5751860
Insert region--ZAMISLAN-MINDANAO-REGION 10/12/2011 04:09:15.9963867
Insert region--ZAMSIBUGAY-REGION 10/12/2011 04:09:16.4175874
Insert region--CARAGA-REGION 10/12/2011 04:10:34.4991256
Insert region--COMADAVSUR-REGION 10/12/2011 04:10:34.9213264
Insert region--DAVAO/COMVAL-MINDANAO-REGION 10/12/2011 04:10:35.3269272
Insert region--SOCSKSARGEN-MINDANAO-REGION 10/12/2011 04:10:35.7481279
Insert region--YANGAN CAMBUNAO-REGION 10/12/2011 04:10:36.1693286
Insert region--ZAMBASTA-MINDANAO-REGION 10/12/2011 04:10:36.5905294
Insert region--ZAMISLAN-MINDANAO-REGION 10/12/2011 04:10:37.0117301
Insert region--ZAMSIBUGAY-REGION 10/12/2011 04:10:37.4173308
Insert region--CARAGA-REGION 10/12/2011 04:11:33.4480298
Insert region--COMADAVSUR-REGION 10/12/2011 04:11:33.8692306
Insert region--DAVAO/COMVAL-MINDANAO-REGION 10/12/2011 04:11:34.2904313
Insert region--SOCSKSARGEN-MINDANAO-REGION 10/12/2011 04:11:34.6960320
Insert region--YANGAN CAMBUNAO-REGION 10/12/2011 04:11:35.1172328
Insert region--ZAMBASTA-MINDANAO-REGION 10/12/2011 04:11:35.5238335
Insert region--ZAMISLAN-MINDANAO-REGION 10/12/2011 04:11:35.9294343
Insert region--ZAMSIBUGAY-REGION 10/12/2011 04:11:36.3506350
Insert region--CARAGA-REGION 10/11/2011 04:00:23.6396400
Insert region--COMADAVSUR-REGION 10/11/2011 04:00:24.0452407
Insert region--DAVAO/COMVAL-MINDANAO-REGION 10/11/2011 04:00:24.4664414
Insert region--SOCSKSARGEN-MINDANAO-REGION 10/11/2011 04:00:24.8876422
Insert region--YANGAN CAMBUNAO-REGION 10/11/2011 04:00:25.3098430
Insert region--ZAMBASTA-MINDANAO-REGION 10/11/2011 04:00:25.7310437
Insert region--ZAMISLAN-MINDANAO-REGION 10/11/2011 04:00:26.1522445
Insert region--ZAMSIBUGAY-REGION 10/11/2011 04:00:26.5734452
Insert region--CARAGA-REGION 10/12/2011 04:01:55.7954031
Insert region--COMADAVSUR-REGION 10/12/2011 04:01:56.2488039
Insert region--DAVAO/COMVAL-MINDANAO-REGION 10/12/2011 04:01:56.6856047
Insert region--SOCSKSARGEN-MINDANAO-REGION 10/12/2011 04:01:57.1380055
Insert region--YANGAN CAMBUNAO-REGION 10/12/2011 04:01:57.5748063
Insert region--ZAMBASTA-MINDANAO-REGION 10/12/2011 04:01:58.0116070
Insert region--ZAMISLAN-MINDANAO-REGION 10/12/2011 04:01:58.4952079
Insert region--ZAMSIBUGAY-REGION 10/12/2011 04:01:58.9320086
Insert region--CARAGA-REGION 10/12/2011 04:02:30.3564642
Insert region--COMADAVSUR-REGION 10/12/2011 04:02:30.7932649
Insert region--DAVAO/COMVAL-MINDANAO-REGION 10/12/2011 04:02:31.2154657
Insert region--SOCSKSARGEN-MINDANAO-REGION 10/12/2011 04:02:31.6678665
Insert region--YANGAN CAMBUNAO-REGION 10/12/2011 04:02:32.1358674
Insert region--ZAMBASTA-MINDANAO-REGION 10/12/2011 04:02:32.5726681
Insert region--ZAMISLAN-MINDANAO-REGION 10/12/2011 04:02:33.0250689
Insert region--ZAMSIBUGAY-REGION 10/12/2011 04:02:33.4774697
Insert region--CARAGA-REGION 10/12/2011 04:03:30.5689706
Insert region--COMADAVSUR-REGION 10/12/2011 04:03:31.0057714
Insert region--DAVAO/COMVAL-MINDANAO-REGION 10/12/2011 04:03:31.4893722
Insert region--SOCSKSARGEN-MINDANAO-REGION 10/12/2011 04:03:31.9271730
Insert region--YANGAN CAMBUNAO-REGION 10/12/2011 04:03:32.3795738
Insert region--ZAMBASTA-MINDANAO-REGION 10/12/2011 04:03:32.7851745
Insert region--ZAMISLAN-MINDANAO-REGION 10/12/2011 04:03:33.2063753
Insert region--ZAMSIBUGAY-REGION 10/12/2011 04:03:33.6743761
Update Vismin Wide--  10/12/2011 04:15:03.7299970
Insert region--CARAGA-REGION 10/11/2011 04:15:05.7892006
Insert region--COMADAVSUR-REGION 10/11/2011 04:15:06.2104014
Insert region--DAVAO/COMVAL-MINDANAO-REGION 10/11/2011 04:15:06.6316021
Insert region--SOCSKSARGEN-MINDANAO-REGION 10/11/2011 04:15:07.0528028
Insert region--YANGAN CAMBUNAO-REGION 10/11/2011 04:15:07.4740036
Insert region--ZAMBASTA-MINDANAO-REGION 10/11/2011 04:15:07.8796043
Insert region--ZAMISLAN-MINDANAO-REGION 10/11/2011 04:15:08.3028051
Insert region--ZAMSIBUGAY-REGION 10/11/2011 04:15:08.7240059
108 10/10/2011 04:06:09.9074666
405 10/10/2011 04:06:16.1640777
407 10/10/2011 04:06:23.9348914
408 10/10/2011 04:06:33.5309084
410 10/10/2011 04:06:40.7859212
412 10/10/2011 04:06:45.9973304
413 10/10/2011 04:06:53.4279437
414 10/10/2011 04:07:01.3849578
415 10/10/2011 04:07:08.3309702
416 10/10/2011 04:07:16.1943840
618 10/10/2011 04:07:24.0491983
620 10/10/2011 04:07:31.2262109
748 10/10/2011 04:07:38.6538241
845 10/10/2011 04:07:47.1724391
855 10/10/2011 04:07:52.3682483
857 10/10/2011 04:07:57.5328574
878 10/10/2011 04:08:05.2256710
619 10/10/2011 04:08:12.2476835
417 10/10/2011 04:08:18.7880952
418 10/10/2011 04:08:26.8075093
406 10/10/2011 04:08:34.1727224
430 10/10/2011 04:08:42.6601374
431 10/10/2011 04:08:50.9925521
423 10/10/2011 04:09:00.1829684
424 10/10/2011 04:09:08.0931823
425 10/10/2011 04:09:15.2877951
434 10/10/2011 04:09:23.0264088
427 10/10/2011 04:09:31.5460238
428 10/10/2011 04:09:42.4212430
429 10/10/2011 04:09:50.0828566
409 10/10/2011 04:09:57.8370703
419 10/10/2011 04:10:05.4830838
420 10/10/2011 04:10:13.1944976
421 10/10/2011 04:10:20.0605098
807 10/10/2011 04:10:25.5215195
954 10/10/2011 04:10:32.2929314
800 10/10/2011 04:10:37.8797413
435 10/10/2011 04:10:45.2373548
436 10/10/2011 04:10:52.0555668
437 10/10/2011 04:11:00.2621813
439 10/10/2011 04:11:09.7785989
440 10/10/2011 04:11:17.8146131
441 10/10/2011 04:11:25.3972265
432 10/10/2011 04:11:33.4342408
433 10/10/2011 04:11:41.2986547
777 10/10/2011 04:11:47.0716649
718 10/10/2011 04:11:53.7806768
719 10/10/2011 04:11:59.5370869
772 10/10/2011 04:12:06.1378986
773 10/10/2011 04:12:13.4085114
621 10/10/2011 04:12:21.9271264
507 10/10/2011 04:12:31.4139432
569 10/10/2011 04:12:41.0869602
384 10/10/2011 04:12:50.1057762
861 10/10/2011 04:12:55.5667858
933 10/10/2011 04:13:01.2461959
889 10/10/2011 04:13:09.0794097
968 10/10/2011 04:13:13.8062180
956 10/10/2011 04:13:23.0746344
883 10/10/2011 04:13:31.1096486
841 10/10/2011 04:13:40.6432654
820 10/10/2011 04:13:46.1354751
385 10/10/2011 04:13:54.9670908
386 10/10/2011 04:14:04.1731070
388 10/10/2011 04:14:14.3307250
389 10/10/2011 04:14:22.6007396
390 10/10/2011 04:14:31.8525559
383 10/10/2011 04:14:40.4999714
220 10/10/2011 04:14:48.1303849
331 10/10/2011 04:14:57.4622015
538 10/10/2011 04:15:06.4020172
626 10/10/2011 04:15:15.0464325
629 10/10/2011 04:15:22.8750470
771 10/10/2011 04:15:28.5856571
760 10/10/2011 04:15:34.6238677
332 10/10/2011 04:15:41.8788805
324 10/10/2011 04:15:51.0526967
330 10/10/2011 04:15:59.2925114
271 10/10/2011 04:16:07.8735265
935 10/10/2011 04:16:13.3355362
860 10/10/2011 04:16:28.5475630
911 10/10/2011 04:16:34.0709728
791 10/10/2011 04:16:40.0155833
286 10/10/2011 04:16:47.5981966
301 10/10/2011 04:16:56.4298123
136 10/10/2011 04:17:01.6724215
303 10/10/2011 04:17:09.9580362
306 10/10/2011 04:17:20.1936543
308 10/10/2011 04:17:27.7294676
316 10/10/2011 04:17:36.5922832
739 10/10/2011 04:17:43.0526947
723 10/10/2011 04:17:50.0123070
661 10/10/2011 04:17:56.5497186
602 10/10/2011 04:18:04.5545328
540 10/10/2011 04:18:12.1215461
515 10/10/2011 04:18:20.2355605
302 10/10/2011 04:18:29.6287771
329 10/10/2011 04:18:37.7563913
326 10/10/2011 04:18:46.2760064
327 10/10/2011 04:18:53.9054199
333 10/10/2011 04:19:01.5202334
334 10/10/2011 04:19:09.4304473
792 10/10/2011 04:19:14.6730566
805 10/10/2011 04:19:20.8984676
893 10/10/2011 04:19:28.0598802
802 10/10/2011 04:19:34.9092923
315 10/10/2011 04:19:44.2079087
319 10/10/2011 04:19:55.1611280
320 10/10/2011 04:20:03.1563425
321 10/10/2011 04:20:12.6899594
322 10/10/2011 04:20:21.2885746
307 10/10/2011 04:20:30.3375906
311 10/10/2011 04:20:39.4032066
312 10/10/2011 04:20:47.7356214
426 10/10/2011 04:20:56.9572377
701 10/10/2011 04:21:03.5122493
709 10/10/2011 04:21:10.7204621
590 10/10/2011 04:21:19.4760777
671 10/10/2011 04:21:26.5916903
517 10/10/2011 04:21:34.5955044
313 10/10/2011 04:21:42.9591192
314 10/10/2011 04:21:50.1985320
323 10/10/2011 04:21:58.7025470
310 10/10/2011 04:22:06.0667600
317 10/10/2011 04:22:15.1011760
148 10/10/2011 04:22:25.6799947
890 10/10/2011 04:22:33.6692088
891 10/10/2011 04:22:41.3766224
959 10/10/2011 04:22:46.7128318
894 10/10/2011 04:22:54.4368455
127 10/10/2011 04:23:01.9258587
298 10/10/2011 04:23:11.2878753
299 10/10/2011 04:23:19.8386904
300 10/10/2011 04:23:27.0313031
309 10/10/2011 04:23:35.0391174
328 10/10/2011 04:23:42.9035314
527 10/10/2011 04:23:51.7497469
541 10/10/2011 04:24:00.1757619
624 10/10/2011 04:24:07.5399748
767 10/10/2011 04:24:14.9509879
200 10/10/2011 04:24:22.6272015
381 10/10/2011 04:24:30.4040156
372 10/10/2011 04:24:38.5180299
375 10/10/2011 04:24:50.0172502
376 10/10/2011 04:25:00.3932686
377 10/10/2011 04:25:09.2082841
378 10/10/2011 04:25:18.1948999
422 10/10/2011 04:25:28.3837180
955 10/10/2011 04:25:36.0921316
859 10/10/2011 04:25:42.4579428
863 10/10/2011 04:25:51.5703590
397 10/10/2011 04:26:00.7315753
398 10/10/2011 04:26:08.0333881
399 10/10/2011 04:26:16.3658029
400 10/10/2011 04:26:25.8214196
401 10/10/2011 04:26:33.8096337
404 10/10/2011 04:26:43.8756516
444 10/10/2011 04:26:52.7852674
175 10/10/2011 04:27:01.9182838
742 10/10/2011 04:27:09.5018972
667 10/10/2011 04:27:17.3497111
625 10/10/2011 04:27:25.4949255
600 10/10/2011 04:27:33.2647392
740 10/10/2011 04:27:39.8343508
572 10/10/2011 04:27:47.8069649
560 10/10/2011 04:27:57.2001815
561 10/10/2011 04:28:05.7665967
187 10/10/2011 04:28:14.4412119
402 10/10/2011 04:28:23.0544272
403 10/10/2011 04:28:32.4164437
391 10/10/2011 04:28:42.5740617
392 10/10/2011 04:28:51.9984784
393 10/10/2011 04:29:00.1426927
394 10/10/2011 04:29:08.9431083
958 10/10/2011 04:29:14.3885179
903 10/10/2011 04:29:20.8333293
914 10/10/2011 04:29:26.9349402
849 10/10/2011 04:29:33.1759512
803 10/10/2011 04:29:39.1829618
379 10/10/2011 04:29:46.8757754
380 10/10/2011 04:29:54.6299891
213 10/10/2011 04:30:04.6316068
703 10/10/2011 04:30:11.4196188
605 10/10/2011 04:30:20.5310349
641 10/10/2011 04:30:28.8790496
574 10/10/2011 04:30:39.9882692
533 10/10/2011 04:30:47.3534823
519 10/10/2011 04:30:55.1076960
349 10/10/2011 04:31:02.9097098
350 10/10/2011 04:31:11.1943244
351 10/10/2011 04:31:18.9183381
352 10/10/2011 04:31:26.6101516
353 10/10/2011 04:31:34.4111654
346 10/10/2011 04:31:44.0539824
347 10/10/2011 04:31:52.6369977
373 10/10/2011 04:31:58.0668073
896 10/10/2011 04:32:03.6370171
880 10/10/2011 04:32:10.0340284
881 10/10/2011 04:32:17.1798410
790 10/10/2011 04:32:22.5794506
342 10/10/2011 04:32:30.6612649
338 10/10/2011 04:32:38.4808788
339 10/10/2011 04:32:46.3754927
528 10/10/2011 04:32:54.3023068
550 10/10/2011 04:33:01.9815205
627 10/10/2011 04:33:09.5807339
604 10/10/2011 04:33:17.5845480
365 10/10/2011 04:33:25.3397618
355 10/10/2011 04:33:33.8593769
356 10/10/2011 04:33:42.3809920
359 10/10/2011 04:33:50.8226070
360 10/10/2011 04:33:58.7338210
361 10/10/2011 04:34:07.3812365
362 10/10/2011 04:34:17.8820550
785 10/10/2011 04:34:24.0304659
970 10/10/2011 04:34:29.3822754
795 10/10/2011 04:34:35.9820870
811 10/10/2011 04:34:42.2542981
934 10/10/2011 04:34:47.6519076
344 10/10/2011 04:34:55.1107208
340 10/10/2011 04:35:05.6603395
341 10/10/2011 04:35:14.3983550
335 10/10/2011 04:35:22.8857700
336 10/10/2011 04:35:30.8281840
172 10/10/2011 04:35:38.7071979
640 10/10/2011 04:35:48.4592152
687 10/10/2011 04:35:56.2828293
688 10/10/2011 04:36:04.2242433
689 10/10/2011 04:36:10.7314549
558 10/10/2011 04:36:19.2032698
765 10/10/2011 04:36:28.9864871
654 10/10/2011 04:36:35.3542985
343 10/10/2011 04:36:42.9057118
364 10/10/2011 04:36:51.4243268
348 10/10/2011 04:36:59.4593410
354 10/10/2011 04:37:07.0741544
932 10/10/2011 04:37:12.4093638
879 10/10/2011 04:37:20.1323774
814 10/10/2011 04:37:25.8469878
815 10/10/2011 04:37:31.3079974
957 10/10/2011 04:37:38.8604108
902 10/10/2011 04:37:44.1342201
658 10/10/2011 04:37:51.8788341
589 10/10/2011 04:37:58.9466466
586 10/10/2011 04:38:08.9482642
501 10/10/2011 04:38:17.4220793
502 10/10/2011 04:38:25.3322932
521 10/10/2011 04:38:33.3567077
489 10/10/2011 04:38:42.1259232
490 10/10/2011 04:38:49.6305364
491 10/10/2011 04:39:00.9893565
487 10/10/2011 04:39:07.8397686
488 10/10/2011 04:39:18.9957883
494 10/10/2011 04:39:27.1400027
495 10/10/2011 04:39:35.8458180
496 10/10/2011 04:39:42.9956309
463 10/10/2011 04:39:51.3114455
506 10/10/2011 04:39:58.2086577
587 10/10/2011 04:40:06.1832719
500 10/10/2011 04:40:13.6732852
554 10/10/2011 04:40:21.7550994
615 10/10/2011 04:40:30.5087149
776 10/10/2011 04:40:37.3269270
942 10/10/2011 04:40:45.5969416
822 10/10/2011 04:40:51.4207521
830 10/10/2011 04:40:57.6315631
831 10/10/2011 04:41:04.3717750
940 10/10/2011 04:41:12.0011885
910 10/10/2011 04:41:17.4933982
992 10/10/2011 04:41:30.1480206
735 10/10/2011 04:41:37.9334343
599 10/10/2011 04:41:45.5482478
531 10/10/2011 04:41:55.3002650
542 10/10/2011 04:42:02.6956781
498 10/10/2011 04:42:11.3244933
499 10/10/2011 04:42:18.4365066
493 10/10/2011 04:42:27.5781227
497 10/10/2011 04:42:35.1305360
469 10/10/2011 04:42:44.2741522
470 10/10/2011 04:42:51.8099655
472 10/10/2011 04:43:03.9965871
473 10/10/2011 04:43:12.4060019
474 10/10/2011 04:43:19.9272152
465 10/10/2011 04:43:27.6336287
546 10/10/2011 04:43:35.6072429
665 10/10/2011 04:43:44.3024585
882 10/10/2011 04:43:51.6510714
913 10/10/2011 04:43:57.4084816
826 10/10/2011 04:44:02.8850913
819 10/10/2011 04:44:08.7829017
840 10/10/2011 04:44:18.4121188
906 10/10/2011 04:44:24.4191294
759 10/10/2011 04:44:32.5819440
684 10/10/2011 04:44:39.3065559
692 10/10/2011 04:44:46.9681694
480 10/10/2011 04:44:56.7815867
481 10/10/2011 04:45:05.0360013
476 10/10/2011 04:45:12.7278149
483 10/10/2011 04:45:21.6218306
484 10/10/2011 04:45:29.1576439
485 10/10/2011 04:45:37.0054577
486 10/10/2011 04:45:45.1028720
552 10/10/2011 04:45:53.6692872
694 10/10/2011 04:46:00.3002989
782 10/10/2011 04:46:06.2303094
649 10/10/2011 04:46:13.6881226
363 10/10/2011 04:46:21.3497361
366 10/10/2011 04:46:28.6359490
368 10/10/2011 04:46:36.0011620
370 10/10/2011 04:46:44.5041770
371 10/10/2011 04:46:54.1781941
905 10/10/2011 04:46:59.6704038
948 10/10/2011 04:47:07.6596180
995 10/10/2011 04:47:14.5558301
971 10/10/2011 04:47:20.2040401
985 10/10/2011 04:47:28.2556544
986 10/10/2011 04:47:38.1630727
904 10/10/2011 04:47:44.1222832
818 10/10/2011 04:47:49.9732935
877 10/10/2011 04:48:01.2697135
367 10/10/2011 04:48:09.2277276
746 10/10/2011 04:48:17.2013417
695 10/10/2011 04:48:25.7043567
733 10/10/2011 04:48:35.2223735
551 10/10/2011 04:48:43.2663882
581 10/10/2011 04:48:52.9872054
477 10/10/2011 04:49:03.2540235
478 10/10/2011 04:49:10.3374360
482 10/10/2011 04:49:17.4550487
475 10/10/2011 04:49:25.4744629
732 10/10/2011 04:49:33.4480770
691 10/10/2011 04:49:41.5172914
763 10/10/2011 04:49:51.0977083
850 10/10/2011 04:49:57.8067201
789 10/10/2011 04:50:04.0069314
907 10/10/2011 04:50:09.1403405
983 10/10/2011 04:50:16.5981537
984 10/10/2011 04:50:24.2597672
991 10/10/2011 04:50:34.6825856
895 10/10/2011 04:50:42.0935987
960 10/10/2011 04:50:48.1006093
622 10/10/2011 04:50:55.4814224
565 10/10/2011 04:51:03.9386374
570 10/10/2011 04:51:10.5696491
553 10/10/2011 04:51:18.3112629
545 10/10/2011 04:51:25.9260764
445 10/10/2011 04:51:37.0508960
447 10/10/2011 04:51:45.0557102
448 10/10/2011 04:51:52.4043231
449 10/10/2011 04:52:01.5781393
443 10/10/2011 04:52:10.7997556
438 10/10/2011 04:52:18.7099696
451 10/10/2011 04:52:25.6539819
452 10/10/2011 04:52:34.4699975
459 10/10/2011 04:52:43.7540139
460 10/10/2011 04:52:52.1790287
461 10/10/2011 04:53:00.9482443
462 10/10/2011 04:53:10.1386605
564 10/10/2011 04:53:17.1324731
464 10/10/2011 04:53:26.7128900
455 10/10/2011 04:53:34.7323041
457 10/10/2011 04:53:42.6279181
612 10/10/2011 04:53:50.1511316
606 10/10/2011 04:53:57.6713448
630 10/10/2011 04:54:05.1135580
884 10/10/2011 04:54:13.0715720
885 10/10/2011 04:54:20.9047859
886 10/10/2011 04:54:30.6256031
887 10/10/2011 04:54:40.6896209
888 10/10/2011 04:54:46.9462319
683 10/10/2011 04:54:54.3572450
663 10/10/2011 04:55:01.3480574
610 10/10/2011 04:55:10.2400730
611 10/10/2011 04:55:18.0264868
458 10/10/2011 04:55:26.0645011
479 10/10/2011 04:55:34.3023157
548 10/10/2011 04:55:42.4007300
524 10/10/2011 04:55:50.0301435
453 10/10/2011 04:55:59.0177593
454 10/10/2011 04:56:07.3199741
233 10/10/2011 04:56:14.1537862
450 10/10/2011 04:56:21.7061995
442 10/10/2011 04:56:28.9144122
536 10/10/2011 04:56:36.2776252
466 10/10/2011 04:56:46.0764425
467 10/10/2011 04:56:54.0228568
608 10/10/2011 04:57:03.0260727
664 10/10/2011 04:57:10.0782852
854 10/10/2011 04:57:22.9045079
982 10/10/2011 04:57:30.0659205
Insert Area--CARAGA-REGION-AREA1 10/10/2011 04:57:38.6479357
Insert Area--CARAGA-REGION-AREA2 10/10/2011 04:57:43.7033446
Insert Area--CARAGA-REGION-AREA3 10/10/2011 04:57:49.0133543
Insert Area--CARAGA-REGION-AREA4 10/10/2011 04:57:53.9907631
Insert Area--COMADAVSUR-REGION-AREA1 10/10/2011 04:57:59.1397722
Insert Area--COMADAVSUR-REGION-AREA2 10/10/2011 04:58:04.1171810
Insert Area--COMADAVSUR-REGION-AREA3 10/10/2011 04:58:09.4533904
Insert Area--DAVAO/COMVAL-REGION-AREA1 10/10/2011 04:58:14.3527990
Insert Area--DAVAO/COMVAL-REGION-AREA2 10/10/2011 04:58:19.6110083
Insert Area--DAVAO/COMVAL-REGION-AREA3 10/10/2011 04:58:24.0268161
Insert Area--DAVAO/COMVAL-REGION-AREA4 10/10/2011 04:58:28.8170246
Insert Area--DAVAO/COMVAL-REGION-AREA5 10/10/2011 04:58:33.9348337
Insert Area--SOCSKSARGEN-MINDANAO-AREA1 10/10/2011 04:58:38.9786428
Insert Area--SOCSKSARGEN-MINDANAO-AREA2 10/10/2011 04:58:44.0340517
Insert Area--SOCSKSARGEN-MINDANAO-AREA3 10/10/2011 04:58:49.1050607
Insert Area--SOCSKSARGEN-MINDANAO-AREA4 10/10/2011 04:58:54.3164699
Insert Area--YANGAN CAMBUNAO-REGION-AREA1 10/10/2011 04:58:59.4986792
Insert Area--YANGAN CAMBUNAO-REGION-AREA2 10/10/2011 04:59:04.7578885
Insert Area--YANGAN CAMBUNAO-REGION-AREA3 10/10/2011 04:59:09.7352973
Insert Area--YANGAN CAMBUNAO-REGION-AREA4 10/10/2011 04:59:14.8375063
Insert Area--YANGAN CAMBUNAO-REGION-AREA5 10/10/2011 04:59:20.0645156
Insert Area--ZAMBASTA-MINDANAO-AREA1 10/10/2011 04:59:25.4007250
Insert Area--ZAMBASTA-MINDANAO-AREA2 10/10/2011 04:59:30.7525345
Insert Area--ZAMBASTA-MINDANAO-AREA3 10/10/2011 04:59:36.1093442
Insert Area--ZAMISLAN-REGION-AREA1 10/10/2011 04:59:41.0399529
Insert Area--ZAMISLAN-REGION-AREA2 10/10/2011 04:59:46.2981622
Insert Area--ZAMISLAN-REGION-AREA3 10/10/2011 04:59:51.1663708
Insert Area--ZAMISLAN-REGION-AREA4 10/10/2011 04:59:56.1653800
Insert Area--ZAMISLAN-REGION-AREA5 10/10/2011 05:00:01.1895889
Insert Area--ZAMSIBUGAY-REGION-AREA1 10/10/2011 05:00:06.1669977
Insert Area--ZAMSIBUGAY-REGION-AREA2 10/10/2011 05:00:11.0820063
Insert Area--ZAMSIBUGAY-REGION-AREA3 10/10/2011 05:00:16.2778155
Insert Area--ZAMSIBUGAY-REGION-AREA4 10/10/2011 05:00:21.4570246
Insert region--CARAGA-REGION 10/10/2011 05:00:22.9078272
Insert region--COMADAVSUR-REGION 10/10/2011 05:00:23.3914280
Insert region--DAVAO/COMVAL-MINDANAO-REGION 10/10/2011 05:00:23.8594288
Insert region--SOCSKSARGEN-MINDANAO-REGION 10/10/2011 05:00:24.5156301
Insert region--YANGAN CAMBUNAO-REGION 10/10/2011 05:00:24.9992309
Insert region--ZAMBASTA-MINDANAO-REGION 10/10/2011 05:00:25.7012321
Insert region--ZAMISLAN-MINDANAO-REGION 10/10/2011 05:00:26.2004330
Insert region--ZAMSIBUGAY-REGION 10/10/2011 05:00:26.8088341
Insert Vismin Wide--  10/10/2011 05:05:30.2273712
108 10/9/2011 05:06:16.6142531
405 10/9/2011 05:06:22.5744637
407 10/9/2011 05:06:31.6234796
408 10/9/2011 05:06:41.9838979
410 10/9/2011 05:06:49.5589117
412 10/9/2011 05:06:54.8171210
413 10/9/2011 05:07:03.3523361
414 10/9/2011 05:07:12.5261523
415 10/9/2011 05:07:19.8747652
416 10/9/2011 05:07:27.2233782
618 10/9/2011 05:07:34.9005918
620 10/9/2011 05:07:42.5924054
748 10/9/2011 05:07:49.4830181
845 10/9/2011 05:07:58.0786332
Update--855 10/9/2011 05:08:03.2900424
Update--857 10/9/2011 05:08:09.1420528
878 10/9/2011 05:08:17.6294677
619 10/9/2011 05:08:24.9478807
417 10/9/2011 05:08:32.9984949
418 10/9/2011 05:08:41.4909101
406 10/9/2011 05:08:48.6835228
430 10/9/2011 05:08:58.6383404
431 10/9/2011 05:09:05.1787521
423 10/9/2011 05:09:13.8377674
424 10/9/2011 05:09:21.7177814
425 10/9/2011 05:09:28.8011939
434 10/9/2011 05:09:35.7804064
427 10/9/2011 05:09:44.3770216
428 10/9/2011 05:09:52.5066360
429 10/9/2011 05:10:00.1526495
409 10/9/2011 05:10:09.0768653
419 10/9/2011 05:10:16.2236779
420 10/9/2011 05:10:23.7438912
421 10/9/2011 05:10:31.1403043
Update--807 10/9/2011 05:10:35.9461128
954 10/9/2011 05:10:44.7641285
Update--800 10/9/2011 05:10:49.9433376
435 10/9/2011 05:10:57.3251507
436 10/9/2011 05:11:04.1433628
437 10/9/2011 05:11:11.2111752
439 10/9/2011 05:11:19.7609903
440 10/9/2011 05:11:26.5968025
441 10/9/2011 05:11:33.2912143
432 10/9/2011 05:11:40.3746268
433 10/9/2011 05:11:48.2078407
Update--777 10/9/2011 05:11:54.4332517
718 10/9/2011 05:12:01.4396641
719 10/9/2011 05:12:07.5870750
Update--772 10/9/2011 05:12:16.9490915
Update--773 10/9/2011 05:12:26.6261088
621 10/9/2011 05:12:37.9069287
507 10/9/2011 05:12:51.6535530
569 10/9/2011 05:13:04.1833752
384 10/9/2011 05:13:16.8837976
Update--861 10/9/2011 05:13:24.3924111
Update--933 10/9/2011 05:13:33.3176269
889 10/9/2011 05:13:45.0206476
Update--968 10/9/2011 05:13:51.9364600
956 10/9/2011 05:14:05.5728841
883 10/9/2011 05:14:17.5431054
841 10/9/2011 05:14:30.6803286
Update--820 10/9/2011 05:14:38.6851427
385 10/9/2011 05:14:50.3247633
386 10/9/2011 05:15:03.0875858
388 10/9/2011 05:15:15.4136076
389 10/9/2011 05:15:24.9638245
390 10/9/2011 05:15:35.9014438
383 10/9/2011 05:15:46.1838620
220 10/9/2011 05:15:56.6846806
331 10/9/2011 05:16:06.3430976
538 10/9/2011 05:16:14.0047112
626 10/9/2011 05:16:21.9179253
629 10/9/2011 05:16:29.6731391
Update--771 10/9/2011 05:16:36.3041508
Update--760 10/9/2011 05:16:47.1219702
332 10/9/2011 05:16:59.3865919
324 10/9/2011 05:17:16.6588224
330 10/9/2011 05:17:24.7718367
271 10/9/2011 05:17:32.2140498
Update--935 10/9/2011 05:17:36.9418582
860 10/9/2011 05:17:51.3426836
Update--911 10/9/2011 05:17:56.3356924
Update--791 10/9/2011 05:18:02.3291031
286 10/9/2011 05:18:09.6631161
301 10/9/2011 05:18:18.1037310
136 10/9/2011 05:18:22.9875396
303 10/9/2011 05:18:30.4307528
306 10/9/2011 05:18:39.4661688
308 10/9/2011 05:18:46.3779810
316 10/9/2011 05:18:54.1321947
739 10/9/2011 05:18:59.8272047
723 10/9/2011 05:19:05.9912157
661 10/9/2011 05:19:11.8578260
602 10/9/2011 05:19:18.8320383
540 10/9/2011 05:19:25.9164509
515 10/9/2011 05:19:32.9374633
302 10/9/2011 05:19:39.9740757
329 10/9/2011 05:19:46.9336880
326 10/9/2011 05:19:55.3587029
327 10/9/2011 05:20:02.5991157
333 10/9/2011 05:20:10.1651290
334 10/9/2011 05:20:17.2027415
Update--792 10/9/2011 05:20:22.0115501
Update--805 10/9/2011 05:20:28.0029607
893 10/9/2011 05:20:35.1799734
Update--802 10/9/2011 05:20:40.2353823
315 10/9/2011 05:20:49.3789985
319 10/9/2011 05:21:00.0514173
320 10/9/2011 05:21:07.4352306
321 10/9/2011 05:21:15.8748454
322 10/9/2011 05:21:23.1610583
307 10/9/2011 05:21:31.1648724
311 10/9/2011 05:21:40.3396886
312 10/9/2011 05:21:48.7189034
426 10/9/2011 05:21:58.1433201
701 10/9/2011 05:22:04.2127308
709 10/9/2011 05:22:10.5317420
590 10/9/2011 05:22:17.1949538
671 10/9/2011 05:22:23.1853643
517 10/9/2011 05:22:30.7523776
313 10/9/2011 05:22:38.1799908
314 10/9/2011 05:22:45.8718044
323 10/9/2011 05:22:54.1730191
310 10/9/2011 05:23:01.0380312
317 10/9/2011 05:23:09.8062466
148 10/9/2011 05:23:17.9202610
890 10/9/2011 05:23:25.1616739
891 10/9/2011 05:23:31.9174858
Update--959 10/9/2011 05:23:36.8480945
894 10/9/2011 05:23:44.2601076
127 10/9/2011 05:23:50.6727190
298 10/9/2011 05:23:59.0675338
299 10/9/2011 05:24:05.6351454
300 10/9/2011 05:24:12.5313575
309 10/9/2011 05:24:19.7249703
328 10/9/2011 05:24:27.0423832
527 10/9/2011 05:24:34.0799956
541 10/9/2011 05:24:41.6314090
624 10/9/2011 05:24:48.7158215
767 10/9/2011 05:24:55.2220330
200 10/9/2011 05:25:01.8218447
381 10/9/2011 05:25:09.5312584
372 10/9/2011 05:25:16.8008711
375 10/9/2011 05:25:26.5684884
376 10/9/2011 05:25:36.2415054
377 10/9/2011 05:25:44.2151196
378 10/9/2011 05:25:51.7821329
422 10/9/2011 05:26:00.9151493
955 10/9/2011 05:26:08.2637623
Update--859 10/9/2011 05:26:14.3185730
863 10/9/2011 05:26:23.3197888
397 10/9/2011 05:26:31.3306034
398 10/9/2011 05:26:38.3516157
399 10/9/2011 05:26:46.2940298
400 10/9/2011 05:26:53.5178426
401 10/9/2011 05:27:00.3994548
404 10/9/2011 05:27:08.8556697
444 10/9/2011 05:27:16.7260839
175 10/9/2011 05:27:24.5748978
742 10/9/2011 05:27:31.2849097
667 10/9/2011 05:27:38.1967219
625 10/9/2011 05:27:46.3721363
600 10/9/2011 05:27:54.2667503
740 10/9/2011 05:28:00.7895618
572 10/9/2011 05:28:08.0913747
560 10/9/2011 05:28:16.3145893
561 10/9/2011 05:28:23.6944023
187 10/9/2011 05:28:31.2458156
402 10/9/2011 05:28:38.7036287
403 10/9/2011 05:28:47.0360435
391 10/9/2011 05:28:56.3814600
392 10/9/2011 05:29:05.1964755
393 10/9/2011 05:29:12.4524884
394 10/9/2011 05:29:20.3939024
Update--958 10/9/2011 05:29:25.8081119
Update--903 10/9/2011 05:29:31.8161226
Update--914 10/9/2011 05:29:37.3863324
Update--849 10/9/2011 05:29:43.4401431
Update--803 10/9/2011 05:29:50.6337559
379 10/9/2011 05:29:58.2641694
380 10/9/2011 05:30:05.6439824
213 10/9/2011 05:30:14.6269989
703 10/9/2011 05:30:23.9734154
605 10/9/2011 05:30:31.7286291
641 10/9/2011 05:30:40.0444438
574 10/9/2011 05:30:49.2494600
533 10/9/2011 05:30:55.8804717
519 10/9/2011 05:31:05.5066887
349 10/9/2011 05:31:12.6379013
350 10/9/2011 05:31:20.5471152
351 10/9/2011 05:31:28.3803291
352 10/9/2011 05:31:35.9835428
353 10/9/2011 05:31:45.2831592
346 10/9/2011 05:31:54.8801762
347 10/9/2011 05:32:02.9151904
373 10/9/2011 05:32:08.1421997
Update--896 10/9/2011 05:32:13.6676095
880 10/9/2011 05:32:20.0012206
881 10/9/2011 05:32:27.5994340
Update--790 10/9/2011 05:32:33.2390444
342 10/9/2011 05:32:40.8830578
338 10/9/2011 05:32:48.3106710
339 10/9/2011 05:32:56.9540862
528 10/9/2011 05:33:04.8809003
550 10/9/2011 05:33:12.7287141
627 10/9/2011 05:33:21.1391290
604 10/9/2011 05:33:28.2859416
365 10/9/2011 05:33:35.4171543
355 10/9/2011 05:33:43.8899693
356 10/9/2011 05:33:51.4257826
359 10/9/2011 05:34:00.0701979
360 10/9/2011 05:34:06.7792097
361 10/9/2011 05:34:13.8012221
362 10/9/2011 05:34:23.7716398
Update--785 10/9/2011 05:34:30.6376519
Update--970 10/9/2011 05:34:35.7710610
Update--795 10/9/2011 05:34:42.0120720
Update--811 10/9/2011 05:34:48.3310832
Update--934 10/9/2011 05:34:54.0572933
344 10/9/2011 05:35:02.2483077
340 10/9/2011 05:35:12.5679263
341 10/9/2011 05:35:21.0135415
335 10/9/2011 05:35:28.2851543
336 10/9/2011 05:35:35.8219677
172 10/9/2011 05:35:43.5147813
640 10/9/2011 05:35:51.7067958
687 10/9/2011 05:35:58.6654081
688 10/9/2011 05:36:05.6104205
689 10/9/2011 05:36:12.4754326
558 10/9/2011 05:36:21.6346488
Update--765 10/9/2011 05:36:30.8718651
Update--654 10/9/2011 05:36:37.1128761
343 10/9/2011 05:36:44.7578896
364 10/9/2011 05:36:51.6395018
348 10/9/2011 05:36:59.9397164
354 10/9/2011 05:37:06.5259282
Update--932 10/9/2011 05:37:11.4565369
879 10/9/2011 05:37:22.0509556
Update--814 10/9/2011 05:37:27.9643660
Update--815 10/9/2011 05:37:33.7841763
957 10/9/2011 05:37:41.7109904
Update--902 10/9/2011 05:37:47.4070005
658 10/9/2011 05:37:54.8024135
589 10/9/2011 05:38:01.7952260
586 10/9/2011 05:38:11.6096434
501 10/9/2011 05:38:18.4902555
502 10/9/2011 05:38:26.1040689
521 10/9/2011 05:38:33.8436826
489 10/9/2011 05:38:42.9560988
490 10/9/2011 05:38:50.3515118
491 10/9/2011 05:39:00.9303305
487 10/9/2011 05:39:08.5295440
488 10/9/2011 05:39:19.2331629
494 10/9/2011 05:39:27.7059779
495 10/9/2011 05:39:36.2557929
496 10/9/2011 05:39:42.5456041
463 10/9/2011 05:39:49.4730164
506 10/9/2011 05:39:56.1352281
587 10/9/2011 05:40:04.2180424
500 10/9/2011 05:40:12.1604565
554 10/9/2011 05:40:19.3374692
615 10/9/2011 05:40:25.9996809
776 10/9/2011 05:40:32.1782918
942 10/9/2011 05:40:38.7937035
Update--822 10/9/2011 05:40:44.7227140
Update--830 10/9/2011 05:40:50.8077247
Update--831 10/9/2011 05:40:58.0511377
940 10/9/2011 05:41:05.4621508
Update--910 10/9/2011 05:41:10.5019597
992 10/9/2011 05:41:21.8451797
735 10/9/2011 05:41:30.4115949
599 10/9/2011 05:41:38.1668086
531 10/9/2011 05:41:47.1222244
542 10/9/2011 05:41:54.6122377
498 10/9/2011 05:42:03.2098529
499 10/9/2011 05:42:10.8236663
493 10/9/2011 05:42:18.7192803
497 10/9/2011 05:42:25.5736927
469 10/9/2011 05:42:34.7329088
470 10/9/2011 05:42:42.3155222
472 10/9/2011 05:42:55.0627447
473 10/9/2011 05:43:03.3161593
474 10/9/2011 05:43:10.9983732
465 10/9/2011 05:43:18.5653865
546 10/9/2011 05:43:25.4937988
665 10/9/2011 05:43:32.6320118
882 10/9/2011 05:43:40.2302252
Update--913 10/9/2011 05:43:45.3158342
Update--826 10/9/2011 05:43:50.9026441
Update--819 10/9/2011 05:43:56.6952545
840 10/9/2011 05:44:04.3714681
Update--906 10/9/2011 05:44:10.3482787
759 10/9/2011 05:44:18.4612930
684 10/9/2011 05:44:24.6877040
692 10/9/2011 05:44:31.9115168
480 10/9/2011 05:44:40.7587324
481 10/9/2011 05:44:48.7937466
476 10/9/2011 05:44:56.0497594
483 10/9/2011 05:45:04.9809756
484 10/9/2011 05:45:12.1891883
485 10/9/2011 05:45:19.7718017
486 10/9/2011 05:45:26.7470140
552 10/9/2011 05:45:33.9396267
694 10/9/2011 05:45:40.4000382
Update--782 10/9/2011 05:45:46.0170481
649 10/9/2011 05:45:53.7244617
