346 10/1/2012 04:07:49.9077905
Update--346 10/1/2012 04:09:54.7559314
347 10/1/2012 04:10:04.0294618
348 10/1/2012 04:10:10.4738304
349 10/1/2012 04:10:16.8131930
346 10/1/2012 04:50:30.6282553
347 10/1/2012 04:50:32.1443420
348 10/1/2012 04:50:33.2564057
349 10/1/2012 04:50:34.4914763
350 10/1/2012 04:50:35.8445537
351 10/1/2012 04:50:37.9106719
352 10/1/2012 04:50:40.3718126
353 10/1/2012 04:51:32.4907937
373 10/1/2012 04:51:33.3748442
519 10/1/2012 04:51:35.6779760
533 10/1/2012 04:51:37.7240930
574 10/1/2012 04:51:40.9712787
896 10/1/2012 04:51:42.5963717
880 10/1/2012 04:51:44.2864683
881 10/1/2012 04:51:46.0295680
550 10/1/2012 04:51:47.9086755
528 10/1/2012 04:51:51.5488837
604 10/1/2012 04:51:53.4689936
627 10/1/2012 04:51:55.3921035
790 10/1/2012 04:51:57.1842060
338 10/1/2012 04:51:59.3693310
339 10/1/2012 04:52:02.8395295
342 10/1/2012 04:52:05.4596794
365 10/1/2012 04:52:07.7368096
355 10/1/2012 04:52:10.7149800
356 10/1/2012 04:52:13.2431246
359 10/1/2012 04:52:15.6442619
360 10/1/2012 04:52:17.5153689
361 10/1/2012 04:52:19.6544913
362 10/1/2012 04:53:13.5065714
363 10/1/2012 04:53:15.3626776
368 10/1/2012 04:53:17.1587803
785 10/1/2012 04:53:19.4199097
905 10/1/2012 04:53:20.4679696
948 10/1/2012 04:53:23.0371166
995 10/1/2012 04:53:24.1771818
795 10/1/2012 04:53:26.2473002
811 10/1/2012 04:53:28.1504090
687 10/1/2012 04:53:30.5385456
688 10/1/2012 04:53:32.8436775
689 10/1/2012 04:53:34.7747879
640 10/1/2012 04:53:37.0509181
558 10/1/2012 04:53:39.1830400
344 10/1/2012 04:53:41.2751597
335 10/1/2012 04:53:43.7433009
336 10/1/2012 04:53:45.9094248
340 10/1/2012 04:53:49.4286261
341 10/1/2012 04:53:52.1087794
172 10/1/2012 04:53:54.3309065
354 10/1/2012 04:53:56.3810237
343 10/1/2012 04:53:58.5491477
364 10/1/2012 04:54:00.4872586
654 10/1/2012 04:54:02.7993908
765 10/1/2012 04:54:04.6414962
879 10/1/2012 04:54:57.1805012
845 10/1/2012 04:54:59.3466251
748 10/1/2012 04:55:01.1617290
620 10/1/2012 04:55:03.1628434
618 10/1/2012 04:55:05.2459626
108 10/1/2012 04:55:07.3530831
405 10/1/2012 04:55:09.1681869
410 10/1/2012 04:55:11.5383225
412 10/1/2012 04:55:12.3833708
413 10/1/2012 04:55:14.1484718
414 10/1/2012 04:55:16.1825881
415 10/1/2012 04:55:18.2567067
416 10/1/2012 04:55:20.6698448
407 10/1/2012 04:55:22.9289740
408 10/1/2012 04:55:26.1291570
430 10/1/2012 04:55:28.9583188
417 10/1/2012 04:55:30.8754285
418 10/1/2012 04:55:33.1855606
406 10/1/2012 04:55:37.1507874
619 10/1/2012 04:55:38.8628853
878 10/1/2012 04:55:41.2190201
954 10/1/2012 04:55:43.2141342
419 10/1/2012 04:55:45.3112542
420 10/1/2012 04:56:38.3942903
421 10/1/2012 04:56:40.4084055
431 10/1/2012 04:56:42.4185205
434 10/1/2012 04:56:44.5886446
409 10/1/2012 04:56:46.8567744
427 10/1/2012 04:56:49.7169380
428 10/1/2012 04:56:52.9331219
429 10/1/2012 04:56:55.3812619
423 10/1/2012 04:56:58.9014633
424 10/1/2012 04:57:01.0635870
425 10/1/2012 04:57:03.0937031
435 10/1/2012 04:57:04.9748107
436 10/1/2012 04:57:06.6129044
437 10/1/2012 04:57:11.3011725
432 10/1/2012 04:57:13.2602846
433 10/1/2012 04:57:15.8994355
439 10/1/2012 04:57:19.4406381
440 10/1/2012 04:57:28.0761320
441 10/1/2012 04:58:18.6160227
777 10/1/2012 04:58:20.0881069
718 10/1/2012 04:58:21.9022107
719 10/1/2012 04:58:23.5473048
800 10/1/2012 04:58:24.8853813
805 10/1/2012 04:58:26.6174804
723 10/1/2012 04:58:28.6655975
739 10/1/2012 04:58:30.5337044
602 10/1/2012 04:58:33.2478596
624 10/1/2012 04:58:35.1329674
515 10/1/2012 04:58:37.5821075
527 10/1/2012 04:58:39.7112293
136 10/1/2012 04:58:40.7552890
298 10/1/2012 04:58:43.6654554
299 10/1/2012 04:58:48.1057094
300 10/1/2012 04:58:50.7918631
301 10/1/2012 04:58:54.9851029
303 10/1/2012 04:58:57.6132532
306 10/1/2012 04:59:04.0556217
308 10/1/2012 04:59:07.1818005
309 10/1/2012 05:00:00.9168740
326 10/1/2012 05:00:07.3612426
327 10/1/2012 05:00:10.9394472
328 10/1/2012 05:00:14.5716550
329 10/1/2012 05:00:18.0558543
302 10/1/2012 05:00:22.7791244
127 10/1/2012 05:00:25.9123036
333 10/1/2012 05:00:30.6695757
334 10/1/2012 05:00:35.0648271
540 10/1/2012 05:00:38.7610385
541 10/1/2012 05:00:42.9632789
791 10/1/2012 05:00:45.2334087
792 10/1/2012 05:00:46.7124933
893 10/1/2012 05:00:50.0996871
894 10/1/2012 05:01:41.6166337
802 10/1/2012 05:01:43.7737571
701 10/1/2012 05:01:48.4290233
661 10/1/2012 05:01:56.1814667
315 10/1/2012 05:02:12.7454141
316 10/1/2012 05:02:26.8332199
286 10/1/2012 05:02:40.4319977
319 10/1/2012 05:03:44.7096742
320 10/1/2012 05:04:04.7428200
321 10/1/2012 05:04:35.5645829
322 10/1/2012 05:05:14.5708140
323 10/1/2012 05:05:41.6803645
307 10/1/2012 05:06:04.0846460
311 10/1/2012 05:07:02.4549846
312 10/1/2012 05:07:22.5271326
426 10/1/2012 05:07:45.8944692
313 10/1/2012 05:08:35.7463205
314 10/1/2012 05:08:52.6142853
310 10/1/2012 05:09:07.9681635
148 10/1/2012 05:09:25.3731590
317 10/1/2012 05:10:19.3752478
671 10/1/2012 05:10:28.3337602
590 10/1/2012 05:10:39.6604080
709 10/1/2012 05:10:45.3127313
517 10/1/2012 05:10:55.7513284
890 10/1/2012 05:11:48.8753669
891 10/1/2012 05:12:02.9581724
911 10/1/2012 05:12:05.1452975
860 10/1/2012 05:12:22.9643167
760 10/1/2012 05:12:30.3007363
771 10/1/2012 05:12:34.0889530
332 10/1/2012 05:12:49.1428140
271 10/1/2012 05:13:33.5983567
324 10/1/2012 05:13:54.1285310
330 10/1/2012 05:14:12.4695800
200 10/1/2012 05:14:25.9563514
422 10/1/2012 05:15:22.0385591
372 10/1/2012 05:15:33.3752075
381 10/1/2012 05:15:48.3610647
375 10/1/2012 05:16:11.7124003
376 10/1/2012 05:17:05.5974824
377 10/1/2012 05:17:56.3273839
378 10/1/2012 05:18:55.6047744
767 10/1/2012 05:19:03.2052091
859 10/1/2012 05:19:13.6258052
955 10/1/2012 05:19:40.5773467
863 10/1/2012 05:20:21.0576620
667 10/1/2012 05:20:27.9550565
742 10/1/2012 05:20:31.9802868
600 10/1/2012 05:20:38.5696637
625 10/1/2012 05:20:44.5930082
404 10/1/2012 05:20:52.0034320
397 10/1/2012 05:21:01.7439892
398 10/1/2012 05:21:59.6433008
399 10/1/2012 05:22:08.6198142
400 10/1/2012 05:22:14.7801666
401 10/1/2012 05:22:24.7357360
444 10/1/2012 05:22:36.4564064
175 10/1/2012 05:22:48.2960836
220 10/1/2012 05:23:34.5997320
331 10/1/2012 05:23:41.6331343
383 10/1/2012 05:23:49.3205740
385 10/1/2012 05:23:57.6120482
386 10/1/2012 05:24:09.9937564
388 10/1/2012 05:24:23.4345252
389 10/1/2012 05:25:16.1885426
390 10/1/2012 05:25:24.3440090
626 10/1/2012 05:25:29.7043156
629 10/1/2012 05:25:36.8607249
538 10/1/2012 05:25:45.6922301
883 10/1/2012 05:25:54.0057056
820 10/1/2012 05:26:00.0600519
841 10/1/2012 05:26:12.6367712
956 10/1/2012 05:27:10.7490950
903 10/1/2012 05:27:15.5033670
560 10/1/2012 05:27:27.2440385
561 10/1/2012 05:27:40.0277697
572 10/1/2012 05:27:53.3715329
740 10/1/2012 05:28:41.8903080
391 10/1/2012 05:28:46.3135610
392 10/1/2012 05:28:57.0541753
393 10/1/2012 05:29:16.0722631
394 10/1/2012 05:29:42.0947515
402 10/1/2012 05:30:35.4728046
403 10/1/2012 05:30:52.5177795
187 10/1/2012 05:31:10.7328213
213 10/1/2012 05:32:23.9810109
379 10/1/2012 05:32:42.3070591
380 10/1/2012 05:32:58.6869960
703 10/1/2012 05:33:55.5462481
605 10/1/2012 05:34:05.9938457
641 10/1/2012 05:34:22.0127619
803 10/1/2012 05:34:31.5193057
849 10/1/2012 05:35:37.8490995
861 10/1/2012 05:35:48.5637123
889 10/1/2012 05:36:05.4576786
621 10/1/2012 05:36:23.5837154
772 10/1/2012 05:37:15.2486704
773 10/1/2012 05:37:28.0234011
569 10/1/2012 05:37:45.8594213
507 10/1/2012 05:38:10.5958361
384 10/1/2012 05:39:06.5230350
521 10/1/2012 05:39:26.2961659
487 10/1/2012 05:39:44.0911837
489 10/1/2012 05:40:49.8739463
490 10/1/2012 05:41:10.3461172
491 10/1/2012 05:41:48.1732808
501 10/1/2012 05:42:20.3231197
502 10/1/2012 05:42:34.2899186
658 10/1/2012 05:42:52.5259616
589 10/1/2012 05:42:56.5981945
586 10/1/2012 05:43:59.7938091
957 10/1/2012 05:44:10.6864321
814 10/1/2012 05:44:15.8347266
815 10/1/2012 05:44:19.4559337
942 10/1/2012 05:44:27.9364188
587 10/1/2012 05:44:37.7249786
599 10/1/2012 05:45:38.0264277
615 10/1/2012 05:45:49.3820772
776 10/1/2012 05:45:55.7504414
506 10/1/2012 05:46:06.4880556
494 10/1/2012 05:46:20.5528601
495 10/1/2012 05:47:24.0974946
496 10/1/2012 05:47:32.8489952
488 10/1/2012 05:47:56.9753751
500 10/1/2012 05:48:14.5003775
554 10/1/2012 05:49:04.7442513
531 10/1/2012 05:49:30.0727000
542 10/1/2012 05:49:41.5293553
493 10/1/2012 05:50:58.3097468
498 10/1/2012 05:51:12.3345490
499 10/1/2012 05:51:27.7374300
992 10/1/2012 05:52:38.4744759
940 10/1/2012 05:52:55.1044271
830 10/1/2012 05:52:59.4326747
831 10/1/2012 05:53:02.9978786
735 10/1/2012 05:54:03.7133513
983 10/1/2012 05:54:40.2054386
984 10/1/2012 05:55:18.0596037
497 10/1/2012 05:55:52.4955733
469 10/1/2012 05:56:16.4029407
470 10/1/2012 05:56:32.1608420
472 10/1/2012 05:57:35.8854869
473 10/1/2012 05:57:45.1060143
477 10/1/2012 05:57:59.8638584
478 10/1/2012 05:58:11.9185479
546 10/1/2012 05:59:00.3813198
763 10/1/2012 05:59:12.7340263
691 10/1/2012 05:59:28.9299527
732 10/1/2012 05:59:39.4545546
665 10/1/2012 05:59:49.3531208
683 10/1/2012 06:00:40.2150299
684 10/1/2012 06:00:47.3064355
692 10/1/2012 06:00:56.3129507
759 10/1/2012 06:01:03.6833722
476 10/1/2012 06:01:14.1469707
483 10/1/2012 06:01:31.8179814
484 10/1/2012 06:02:20.4207614
485 10/1/2012 06:02:32.9614787
486 10/1/2012 06:02:49.3714172
480 10/1/2012 06:03:06.8764185
481 10/1/2012 06:04:04.4337106
906 10/1/2012 06:04:07.0838621
840 10/1/2012 06:04:20.9656561
850 10/1/2012 06:04:26.4869719
985 10/1/2012 06:04:51.2843903
482 10/1/2012 06:05:40.5892103
475 10/1/2012 06:05:52.6969029
552 10/1/2012 06:06:03.5395230
782 10/1/2012 06:06:07.1907319
789 10/1/2012 06:06:10.2099046
694 10/1/2012 06:06:16.8792860
695 10/1/2012 06:06:28.4039452
649 10/1/2012 06:07:22.3530309
370 10/1/2012 06:07:38.3769474
371 10/1/2012 06:08:03.4083791
366 10/1/2012 06:08:19.7323128
367 10/1/2012 06:09:08.8181204
733 10/1/2012 06:09:18.5576774
746 10/1/2012 06:09:26.4251274
581 10/1/2012 06:09:52.4926184
551 10/1/2012 06:10:51.7360069
986 10/1/2012 06:11:15.1573465
904 10/1/2012 06:11:17.7124927
877 10/1/2012 06:11:45.8080997
818 10/1/2012 06:12:25.1023472
819 10/1/2012 06:12:27.3334748
826 10/1/2012 06:12:30.9496816
882 10/1/2012 06:12:43.8924219
982 10/1/2012 06:13:11.5740052
536 10/1/2012 06:13:19.4814575
474 10/1/2012 06:14:06.5931521
465 10/1/2012 06:14:15.1446412
466 10/1/2012 06:14:31.6745867
467 10/1/2012 06:14:44.9183442
664 10/1/2012 06:14:55.3819427
622 10/1/2012 06:15:47.1489036
608 10/1/2012 06:15:53.3942608
545 10/1/2012 06:16:00.5056675
570 10/1/2012 06:16:07.6060737
553 10/1/2012 06:16:19.5747582
565 10/1/2012 06:16:33.1075323
445 10/1/2012 06:16:51.8476041
447 10/1/2012 06:17:45.6076790
448 10/1/2012 06:18:02.0126173
449 10/1/2012 06:18:36.0035615
450 10/1/2012 06:19:10.5505375
442 10/1/2012 06:19:24.0673106
443 10/1/2012 06:19:37.8170970
438 10/1/2012 06:19:50.8088401
895 10/1/2012 06:19:52.6859475
991 10/1/2012 06:20:03.4225616
854 10/1/2012 06:20:50.0722298
884 10/1/2012 06:20:58.3707044
822 10/1/2012 06:21:01.5538865
459 10/1/2012 06:21:15.2006671
460 10/1/2012 06:21:28.0494020
461 10/1/2012 06:21:39.8470768
462 10/1/2012 06:22:39.8935112
463 10/1/2012 06:22:56.7524755
464 10/1/2012 06:23:14.4804895
451 10/1/2012 06:23:26.8661979
452 10/1/2012 06:24:17.5570973
564 10/1/2012 06:24:28.8347423
455 10/1/2012 06:24:40.8434292
457 10/1/2012 06:24:59.6885070
606 10/1/2012 06:25:54.7326554
612 10/1/2012 06:26:04.6272213
630 10/1/2012 06:26:20.4531265
663 10/1/2012 06:26:32.9548416
610 10/1/2012 06:26:42.3913813
611 10/1/2012 06:27:33.8823264
458 10/1/2012 06:27:46.9910762
479 10/1/2012 06:28:00.8758704
548 10/1/2012 06:28:22.1050846
524 10/1/2012 06:29:18.9293348
453 10/1/2012 06:29:34.7792413
454 10/1/2012 06:29:46.7449257
233 10/1/2012 06:29:57.4265367
885 10/1/2012 06:30:10.0852607
886 10/1/2012 06:31:00.0811203
887 10/1/2012 06:31:14.3689375
888 10/1/2012 06:31:23.8854818
Insert Area--CAGAYAN-REGION-AREA1 10/1/2012 06:31:26.0346048
Insert Area--CAGAYAN-REGION-AREA2 10/1/2012 06:31:28.1297246
Insert Area--CAGAYAN-REGION-AREA3 10/1/2012 06:31:30.2288447
Insert Area--CAGAYAN-REGION-AREA4 10/1/2012 06:31:32.3169641
Insert Area--CAGAYAN-REGION-AREA5 10/1/2012 06:31:34.4070836
Insert Area--CARAGA-REGION-AREA1 10/1/2012 06:31:36.5162043
Insert Area--CARAGA-REGION-AREA2 10/1/2012 06:31:38.5993234
Insert Area--CARAGA-REGION-AREA3 10/1/2012 06:31:40.6964434
Insert Area--CARAGA-REGION-AREA4 10/1/2012 06:31:42.7825627
Insert Area--DAVAO/COMVAL-REGION-AREA1 10/1/2012 06:31:44.8796826
Insert Area--DAVAO/COMVAL-REGION-AREA2 10/1/2012 06:32:36.3306255
Insert Area--DAVAO/COMVAL-REGION-AREA3 10/1/2012 06:32:38.4367459
Insert Area--DAVAO/COMVAL-REGION-AREA4 10/1/2012 06:32:40.5308657
Insert Area--DAVAO/COMVAL-REGION-AREA5 10/1/2012 06:32:42.6299858
Insert Area--SOCSKSARGEN-MINDANAO-AREA1 10/1/2012 06:32:44.7361062
Insert Area--SOCSKSARGEN-MINDANAO-AREA2 10/1/2012 06:32:46.8212255
Insert Area--SOCSKSARGEN-MINDANAO-AREA3 10/1/2012 06:32:48.9063448
Insert Area--SOCSKSARGEN-MINDANAO-AREA4 10/1/2012 06:32:51.0064649
Insert Area--SOCSKSARGEN-MINDANAO-AREA5 10/1/2012 06:32:53.1025848
Insert Area--SOCSKSARGEN-MINDANAO-AREA6 10/1/2012 06:32:55.1987047
Insert Area--ZAMBASTA-MINDANAO-AREA1 10/1/2012 06:32:57.3048251
Insert Area--ZAMBASTA-MINDANAO-AREA2 10/1/2012 06:32:59.3929446
Insert Area--ZAMBASTA-MINDANAO-AREA3 10/1/2012 06:33:01.4890644
Insert Area--ZAMISLAN-REGION-AREA1 10/1/2012 06:33:03.5811841
Insert Area--ZAMISLAN-REGION-AREA2 10/1/2012 06:33:05.6813042
Insert Area--ZAMISLAN-REGION-AREA3 10/1/2012 06:33:07.7874247
Insert Area--ZAMISLAN-REGION-AREA4 10/1/2012 06:33:09.9405478
Insert Area--ZAMISLAN-REGION-AREA5 10/1/2012 06:33:12.0636693
Insert Area--ZAMSIBUGAY-REGION-AREA1 10/1/2012 06:33:14.2087920
Insert Area--ZAMSIBUGAY-REGION-AREA2 10/1/2012 06:33:16.2969114
Insert Area--ZAMSIBUGAY-REGION-AREA3 10/1/2012 06:33:18.3860309
Insert region--CAGAYAN-REGION 10/1/2012 06:33:18.7100494
Insert region--CARAGA-REGION 10/1/2012 06:33:19.0050663
Insert region--DAVAO/COMVAL-MINDANAO-REGION 10/1/2012 06:33:19.2960830
Insert region--SOCSKSARGEN-MINDANAO-REGION 10/1/2012 06:33:19.5860995
Insert region--ZAMBASTA-MINDANAO-REGION 10/1/2012 06:33:19.8761161
Insert region--ZAMISLAN-MINDANAO-REGION 10/1/2012 06:33:20.1711330
Insert region--ZAMSIBUGAY-REGION 10/1/2012 06:33:20.4581494
346 10/2/2012 04:00:18.2064731
347 10/2/2012 04:01:11.0104934
348 10/2/2012 04:01:30.7626231
349 10/2/2012 04:01:46.6395312
350 10/2/2012 04:02:00.5933293
351 10/2/2012 04:02:44.0948175
352 10/2/2012 04:03:05.8490618
353 10/2/2012 04:03:24.5681324
373 10/2/2012 04:03:27.1412796
519 10/2/2012 04:03:46.6943980
533 10/2/2012 04:04:23.9745303
574 10/2/2012 04:04:47.1968585
896 10/2/2012 04:04:50.1680285
880 10/2/2012 04:05:02.0837100
881 10/2/2012 04:05:18.3426400
550 10/2/2012 04:06:12.3977317
528 10/2/2012 04:06:15.5889143
604 10/2/2012 04:06:28.3576446
627 10/2/2012 04:06:39.8333010
790 10/2/2012 04:06:43.6305181
338 10/2/2012 04:07:00.1314619
339 10/2/2012 04:07:49.0232584
342 10/2/2012 04:08:04.7911603
365 10/2/2012 04:08:24.3992818
355 10/2/2012 04:08:53.4819452
356 10/2/2012 04:09:32.6971882
359 10/2/2012 04:09:53.5883831
360 10/2/2012 04:10:11.5744119
361 10/2/2012 04:10:28.5603834
362 10/2/2012 04:11:25.1966228
363 10/2/2012 04:11:44.2527127
368 10/2/2012 04:11:58.8405471
785 10/2/2012 04:12:51.4965589
905 10/2/2012 04:12:53.1086511
948 10/2/2012 04:13:07.9815018
995 10/2/2012 04:13:09.9576148
795 10/2/2012 04:13:16.4129840
811 10/2/2012 04:13:20.4732162
687 10/2/2012 04:13:31.7328603
688 10/2/2012 04:13:42.6654856
689 10/2/2012 04:14:31.1952613
640 10/2/2012 04:14:39.0597111
558 10/2/2012 04:14:50.7633805
344 10/2/2012 04:15:07.5703419
335 10/2/2012 04:15:26.4474216
336 10/2/2012 04:16:14.2901580
340 10/2/2012 04:16:51.3052752
341 10/2/2012 04:17:11.7684456
172 10/2/2012 04:18:05.0684942
354 10/2/2012 04:18:13.3439675
343 10/2/2012 04:18:29.7729072
364 10/2/2012 04:18:44.0497238
654 10/2/2012 04:19:35.6586756
765 10/2/2012 04:19:43.1551044
879 10/2/2012 04:19:57.8529451
845 10/2/2012 04:20:11.6117320
748 10/2/2012 04:20:19.7641983
620 10/2/2012 04:21:17.1654815
618 10/2/2012 04:21:22.3627788
108 10/2/2012 04:21:41.0068451
405 10/2/2012 04:21:50.1663690
410 10/2/2012 04:22:22.3262085
412 10/2/2012 04:22:54.2830363
413 10/2/2012 04:23:12.9161020
414 10/2/2012 04:23:31.2671517
415 10/2/2012 04:23:46.1120007
416 10/2/2012 04:24:39.1290331
407 10/2/2012 04:25:02.6483784
408 10/2/2012 04:25:35.7692728
430 10/2/2012 04:26:19.8117919
417 10/2/2012 04:26:40.3169647
418 10/2/2012 04:27:08.1525568
406 10/2/2012 04:28:00.7015624
619 10/2/2012 04:28:11.0061518
878 10/2/2012 04:28:37.9906952
954 10/2/2012 04:28:52.1235036
419 10/2/2012 04:29:46.5356158
420 10/2/2012 04:30:04.0476174
421 10/2/2012 04:30:19.4324974
431 10/2/2012 04:30:32.8512649
434 10/2/2012 04:31:27.2873785
409 10/2/2012 04:31:45.5664240
427 10/2/2012 04:32:11.2168911
428 10/2/2012 04:33:31.7544976
429 10/2/2012 04:33:50.6295772
423 10/2/2012 04:35:10.1711267
424 10/2/2012 04:35:27.4221134
425 10/2/2012 04:36:41.6923614
435 10/2/2012 04:36:53.2590230
436 10/2/2012 04:37:11.7380799
437 10/2/2012 04:38:25.6943100
432 10/2/2012 04:38:44.8184038
433 10/2/2012 04:39:01.3163474
439 10/2/2012 04:40:08.8092078
440 10/2/2012 04:40:33.1516001
441 10/2/2012 04:41:32.8940172
777 10/2/2012 04:41:35.0931430
718 10/2/2012 04:41:50.4850233
719 10/2/2012 04:41:59.1675199
800 10/2/2012 04:42:01.1856354
805 10/2/2012 04:42:06.9269638
723 10/2/2012 04:42:19.0996600
739 10/2/2012 04:43:19.8801364
602 10/2/2012 04:43:35.5200310
624 10/2/2012 04:43:51.7819611
515 10/2/2012 04:44:11.7611039
527 10/2/2012 04:45:01.8939713
136 10/2/2012 04:45:09.3873999
298 10/2/2012 04:45:27.3464271
299 10/2/2012 04:45:40.0441534
300 10/2/2012 04:47:00.3677476
301 10/2/2012 04:47:32.0045571
303 10/2/2012 04:48:27.2977197
306 10/2/2012 04:48:50.0750225
308 10/2/2012 04:49:00.3656111
309 10/2/2012 04:50:14.4638493
326 10/2/2012 04:50:39.5482840
327 10/2/2012 04:51:48.4382243
328 10/2/2012 04:52:06.9202814
329 10/2/2012 04:52:29.9535988
302 10/2/2012 04:53:21.9645737
127 10/2/2012 04:53:32.7431902
333 10/2/2012 04:53:55.0984688
334 10/2/2012 04:54:06.5921262
540 10/2/2012 04:55:14.1369896
541 10/2/2012 04:55:35.0321847
791 10/2/2012 04:55:44.4267221
792 10/2/2012 04:56:39.8168902
893 10/2/2012 04:56:51.4935581
894 10/2/2012 04:57:02.5081881
802 10/2/2012 04:57:08.5705348
701 10/2/2012 04:57:22.8613522
661 10/2/2012 04:58:36.6595732
315 10/2/2012 04:59:08.0113664
316 10/2/2012 05:00:22.1836089
286 10/2/2012 05:00:41.3577055
319 10/2/2012 05:01:19.1818690
320 10/2/2012 05:01:51.1636982
321 10/2/2012 05:02:07.7736483
322 10/2/2012 05:02:29.3598829
323 10/2/2012 05:03:41.8040265
307 10/2/2012 05:04:10.1506478
311 10/2/2012 05:05:27.2780593
312 10/2/2012 05:05:48.6952843
426 10/2/2012 05:07:05.7526917
313 10/2/2012 05:07:30.4481042
314 10/2/2012 05:08:28.5584279
310 10/2/2012 05:08:43.8813043
148 10/2/2012 05:09:13.8770200
317 10/2/2012 05:10:13.9474558
671 10/2/2012 05:10:22.6019508
590 10/2/2012 05:10:26.0001452
709 10/2/2012 05:10:32.2775042
517 10/2/2012 05:10:41.2870195
890 10/2/2012 05:10:55.4778312
891 10/2/2012 05:11:48.3888575
911 10/2/2012 05:11:51.2830231
860 10/2/2012 05:12:07.4699489
760 10/2/2012 05:12:09.7830812
771 10/2/2012 05:12:11.9682062
332 10/2/2012 05:12:20.1016714
271 10/2/2012 05:12:31.2453088
324 10/2/2012 05:13:32.5338143
330 10/2/2012 05:13:44.0744744
200 10/2/2012 05:13:52.0399300
422 10/2/2012 05:14:12.3490916
372 10/2/2012 05:15:06.9972173
381 10/2/2012 05:15:25.4272714
375 10/2/2012 05:15:52.3428109
376 10/2/2012 05:16:55.0924000
377 10/2/2012 05:17:10.2732683
378 10/2/2012 05:17:30.8934477
767 10/2/2012 05:17:37.2308102
859 10/2/2012 05:18:32.8269901
955 10/2/2012 05:18:47.6838398
863 10/2/2012 05:19:08.2990190
667 10/2/2012 05:19:21.1807558
742 10/2/2012 05:20:06.6233549
600 10/2/2012 05:20:14.7728211
625 10/2/2012 05:20:27.8775706
404 10/2/2012 05:20:38.5161791
397 10/2/2012 05:20:42.0473811
398 10/2/2012 05:20:51.6859324
399 10/2/2012 05:21:03.3866016
400 10/2/2012 05:22:08.1923083
401 10/2/2012 05:22:37.3169741
444 10/2/2012 05:23:32.2981189
175 10/2/2012 05:23:53.4203270
220 10/2/2012 05:24:01.6697988
331 10/2/2012 05:24:10.9153276
383 10/2/2012 05:24:20.8008931
385 10/2/2012 05:25:13.3128966
386 10/2/2012 05:25:35.8031829
388 10/2/2012 05:26:00.3285857
389 10/2/2012 05:26:55.2787287
390 10/2/2012 05:27:07.7624427
626 10/2/2012 05:27:15.0728608
629 10/2/2012 05:27:22.9643122
538 10/2/2012 05:27:30.4677414
883 10/2/2012 05:27:41.6813828
820 10/2/2012 05:28:38.9506584
841 10/2/2012 05:29:04.0580944
956 10/2/2012 05:29:26.7453921
903 10/2/2012 05:30:12.8340282
560 10/2/2012 05:30:16.2722248
561 10/2/2012 05:30:32.4571506
572 10/2/2012 05:30:52.7723125
740 10/2/2012 05:31:03.4649241
391 10/2/2012 05:32:03.6953691
392 10/2/2012 05:32:35.4351845
393 10/2/2012 05:32:53.7752335
394 10/2/2012 05:33:59.0689681
402 10/2/2012 05:34:05.5173369
403 10/2/2012 05:34:16.9329899
187 10/2/2012 05:34:36.4151042
213 10/2/2012 05:35:29.7231532
379 10/2/2012 05:35:48.0432011
380 10/2/2012 05:36:05.1981823
703 10/2/2012 05:37:02.7524742
605 10/2/2012 05:37:10.0378909
641 10/2/2012 05:37:18.8173931
803 10/2/2012 05:37:22.9426290
849 10/2/2012 05:37:29.3689966
861 10/2/2012 05:37:34.5332919
889 10/2/2012 05:37:41.2746775
621 10/2/2012 05:37:53.3713694
772 10/2/2012 05:38:42.7591942
773 10/2/2012 05:38:49.6665893
569 10/2/2012 05:39:02.8373427
507 10/2/2012 05:39:22.0264402
384 10/2/2012 05:39:41.5985597
521 10/2/2012 05:40:23.8949789
487 10/2/2012 05:40:41.5089863
489 10/2/2012 05:41:04.0142736
490 10/2/2012 05:41:26.2855474
491 10/2/2012 05:42:19.1515712
501 10/2/2012 05:42:36.3405543
502 10/2/2012 05:42:49.7903236
658 10/2/2012 05:43:57.6152030
589 10/2/2012 05:44:01.8554455
586 10/2/2012 05:44:16.4062778
957 10/2/2012 05:44:35.0223425
814 10/2/2012 05:45:24.6321801
815 10/2/2012 05:45:27.0413179
942 10/2/2012 05:45:43.3332497
587 10/2/2012 05:45:54.7839046
599 10/2/2012 05:46:01.4912883
615 10/2/2012 05:46:13.6589842
776 10/2/2012 05:47:08.8371403
506 10/2/2012 05:47:24.2820236
494 10/2/2012 05:47:43.3511143
495 10/2/2012 05:48:02.4562071
496 10/2/2012 05:48:47.3457746
488 10/2/2012 05:49:15.5873899
500 10/2/2012 05:49:33.2213986
554 10/2/2012 05:50:31.9437573
531 10/2/2012 05:50:55.1470844
542 10/2/2012 05:51:09.7679207
493 10/2/2012 05:51:34.9413605
498 10/2/2012 05:52:15.8637012
499 10/2/2012 05:52:33.7497242
992 10/2/2012 05:53:02.9883965
940 10/2/2012 05:53:48.8550200
830 10/2/2012 05:53:53.1812674
831 10/2/2012 05:53:58.2905596
735 10/2/2012 05:54:10.2672447
983 10/2/2012 05:54:35.5646916
984 10/2/2012 05:55:00.4561153
497 10/2/2012 05:55:28.7687347
469 10/2/2012 05:55:59.9115160
470 10/2/2012 05:56:19.5866413
472 10/2/2012 05:57:38.8651758
473 10/2/2012 05:57:58.2892868
477 10/2/2012 05:59:13.2265730
478 10/2/2012 05:59:30.7865773
546 10/2/2012 05:59:45.3974130
763 10/2/2012 06:00:41.6306294
691 10/2/2012 06:00:57.1485170
732 10/2/2012 06:01:03.5208814
665 10/2/2012 06:01:13.8584727
683 10/2/2012 06:01:22.3859605
684 10/2/2012 06:02:18.2251543
692 10/2/2012 06:02:28.5947474
759 10/2/2012 06:02:36.9672263
476 10/2/2012 06:02:41.2204695
483 10/2/2012 06:03:02.5516896
484 10/2/2012 06:04:01.9990898
485 10/2/2012 06:04:19.8171089
486 10/2/2012 06:04:38.7881940
480 10/2/2012 06:05:02.6655597
481 10/2/2012 06:05:41.9288055
906 10/2/2012 06:05:46.0090388
840 10/2/2012 06:06:07.6582771
850 10/2/2012 06:06:13.2325959
985 10/2/2012 06:06:47.0545304
482 10/2/2012 06:07:16.2532005
475 10/2/2012 06:07:35.6273086
552 10/2/2012 06:07:51.9442419
782 10/2/2012 06:07:53.7073428
789 10/2/2012 06:07:56.7395162
694 10/2/2012 06:08:04.4459570
695 10/2/2012 06:09:04.9354168
649 10/2/2012 06:09:11.9908203
370 10/2/2012 06:09:28.4767633
371 10/2/2012 06:09:57.1174014
366 10/2/2012 06:10:42.4379936
367 10/2/2012 06:11:00.2330114
733 10/2/2012 06:11:10.0755744
746 10/2/2012 06:11:23.3493336
581 10/2/2012 06:11:52.5620045
551 10/2/2012 06:12:23.7527885
986 10/2/2012 06:12:44.4529725
904 10/2/2012 06:12:48.5882090
877 10/2/2012 06:13:16.8338245
818 10/2/2012 06:14:00.1373013
819 10/2/2012 06:14:01.5713834
826 10/2/2012 06:14:04.2195348
882 10/2/2012 06:14:15.1281588
982 10/2/2012 06:14:37.7004498
536 10/2/2012 06:14:48.5450701
474 10/2/2012 06:15:48.1414788
465 10/2/2012 06:16:05.2864595
466 10/2/2012 06:16:37.3642942
467 10/2/2012 06:17:27.6281691
664 10/2/2012 06:17:45.9082147
622 10/2/2012 06:17:57.6868884
608 10/2/2012 06:18:10.2936095
545 10/2/2012 06:19:04.3977040
570 10/2/2012 06:19:13.8442444
553 10/2/2012 06:19:31.2282387
565 10/2/2012 06:19:43.2269250
445 10/2/2012 06:20:14.1986964
447 10/2/2012 06:21:07.1037224
448 10/2/2012 06:21:18.6283816
449 10/2/2012 06:21:37.0544355
450 10/2/2012 06:22:39.3179968
442 10/2/2012 06:23:12.5638983
443 10/2/2012 06:23:35.6092165
438 10/2/2012 06:24:10.9532380
895 10/2/2012 06:24:13.6653931
991 10/2/2012 06:24:30.0983331
854 10/2/2012 06:24:43.9471252
884 10/2/2012 06:24:51.1195354
822 10/2/2012 06:24:58.0419313
459 10/2/2012 06:26:00.4585014
460 10/2/2012 06:26:19.2975789
461 10/2/2012 06:26:35.4885050
462 10/2/2012 06:27:33.4298190
463 10/2/2012 06:27:52.5229111
464 10/2/2012 06:28:24.3087291
451 10/2/2012 06:29:27.4563410
452 10/2/2012 06:29:44.4703141
564 10/2/2012 06:30:06.1165522
455 10/2/2012 06:30:52.0081771
457 10/2/2012 06:31:12.5213503
606 10/2/2012 06:31:26.1431295
612 10/2/2012 06:31:36.8327409
630 10/2/2012 06:31:47.4163462
663 10/2/2012 06:32:37.2551968
610 10/2/2012 06:33:04.5117558
611 10/2/2012 06:33:17.1124765
458 10/2/2012 06:33:19.7986302
479 10/2/2012 06:34:17.2869183
548 10/2/2012 06:34:28.8415792
524 10/2/2012 06:34:45.5095326
453 10/2/2012 06:35:05.9927041
454 10/2/2012 06:36:00.9818493
233 10/2/2012 06:36:16.8917593
885 10/2/2012 06:36:32.6296595
886 10/2/2012 06:36:45.0243684
887 10/2/2012 06:37:37.4643678
888 10/2/2012 06:37:53.1092627
Insert Area--CAGAYAN-REGION-AREA1 10/2/2012 06:37:55.2363843
Insert Area--CAGAYAN-REGION-AREA2 10/2/2012 06:37:57.3465050
Insert Area--CAGAYAN-REGION-AREA3 10/2/2012 06:37:59.4586258
Insert Area--CAGAYAN-REGION-AREA4 10/2/2012 06:38:01.5577459
Insert Area--CAGAYAN-REGION-AREA5 10/2/2012 06:38:03.6538658
Insert Area--CARAGA-REGION-AREA1 10/2/2012 06:38:05.7569861
Insert Area--CARAGA-REGION-AREA2 10/2/2012 06:38:07.8691069
Insert Area--CARAGA-REGION-AREA3 10/2/2012 06:38:09.9662268
Insert Area--CARAGA-REGION-AREA4 10/2/2012 06:38:12.0563464
Insert Area--DAVAO/COMVAL-REGION-AREA1 10/2/2012 06:38:14.1504661
Insert Area--DAVAO/COMVAL-REGION-AREA2 10/2/2012 06:38:16.2545865
Insert Area--DAVAO/COMVAL-REGION-AREA3 10/2/2012 06:38:18.3607070
Insert Area--DAVAO/COMVAL-REGION-AREA4 10/2/2012 06:38:20.4538267
Insert Area--DAVAO/COMVAL-REGION-AREA5 10/2/2012 06:38:22.5719478
Insert Area--SOCSKSARGEN-MINDANAO-AREA1 10/2/2012 06:39:15.1859572
Insert Area--SOCSKSARGEN-MINDANAO-AREA2 10/2/2012 06:39:17.2820771
Insert Area--SOCSKSARGEN-MINDANAO-AREA3 10/2/2012 06:39:19.3891976
Insert Area--SOCSKSARGEN-MINDANAO-AREA4 10/2/2012 06:39:21.4853175
Insert Area--SOCSKSARGEN-MINDANAO-AREA5 10/2/2012 06:39:23.5804373
Insert Area--SOCSKSARGEN-MINDANAO-AREA6 10/2/2012 06:39:25.6825575
Insert Area--ZAMBASTA-MINDANAO-AREA1 10/2/2012 06:39:27.7976785
Insert Area--ZAMBASTA-MINDANAO-AREA2 10/2/2012 06:39:29.9458014
Insert Area--ZAMBASTA-MINDANAO-AREA3 10/2/2012 06:39:32.0839237
Insert Area--ZAMISLAN-REGION-AREA1 10/2/2012 06:39:34.2270463
Insert Area--ZAMISLAN-REGION-AREA2 10/2/2012 06:39:36.3411672
Insert Area--ZAMISLAN-REGION-AREA3 10/2/2012 06:39:38.4292866
Insert Area--ZAMISLAN-REGION-AREA4 10/2/2012 06:39:40.5234064
Insert Area--ZAMISLAN-REGION-AREA5 10/2/2012 06:39:42.6205263
Insert Area--ZAMSIBUGAY-REGION-AREA1 10/2/2012 06:39:44.7196464
Insert Area--ZAMSIBUGAY-REGION-AREA2 10/2/2012 06:39:46.8197665
Insert Area--ZAMSIBUGAY-REGION-AREA3 10/2/2012 06:39:48.9228868
Insert region--CAGAYAN-REGION 10/2/2012 06:39:49.2439052
Insert region--CARAGA-REGION 10/2/2012 06:39:49.5359219
Insert region--DAVAO/COMVAL-MINDANAO-REGION 10/2/2012 06:39:49.8279386
Insert region--SOCSKSARGEN-MINDANAO-REGION 10/2/2012 06:39:50.1169551
Insert region--ZAMBASTA-MINDANAO-REGION 10/2/2012 06:39:50.4029715
Insert region--ZAMISLAN-MINDANAO-REGION 10/2/2012 06:39:50.6859877
Insert region--ZAMSIBUGAY-REGION 10/2/2012 06:39:50.9810045
346 10/4/2012 04:01:23.8089910
347 10/4/2012 04:01:48.1203815
348 10/4/2012 04:02:06.3794259
349 10/4/2012 04:02:24.9254866
350 10/4/2012 04:03:25.8379706
351 10/4/2012 04:03:42.3069126
352 10/4/2012 04:04:03.9871526
353 10/4/2012 04:04:52.2899154
373 10/4/2012 04:04:56.2531421
519 10/4/2012 04:05:12.8560917
533 10/4/2012 04:05:25.6138214
574 10/4/2012 04:05:57.5866502
896 10/4/2012 04:06:28.0883948
880 10/4/2012 04:06:30.4045272
881 10/4/2012 04:06:45.7224034
550 10/4/2012 04:06:58.3421252
528 10/4/2012 04:07:11.0858541
604 10/4/2012 04:07:24.6836318
627 10/4/2012 04:08:10.6352601
790 10/4/2012 04:08:35.8167004
338 10/4/2012 04:08:41.7820416
339 10/4/2012 04:08:52.7566693
342 10/4/2012 04:09:12.6498071
365 10/4/2012 04:09:52.2850741
355 10/4/2012 04:10:16.0054309
356 10/4/2012 04:10:29.7362162
359 10/4/2012 04:10:46.2781624
360 10/4/2012 04:11:45.1985324
361 10/4/2012 04:11:56.3891725
362 10/4/2012 04:12:32.4502351
363 10/4/2012 04:13:14.1846221
368 10/4/2012 04:13:25.1762508
785 10/4/2012 04:13:33.1637077
905 10/4/2012 04:13:34.7337975
948 10/4/2012 04:13:53.4598686
995 10/4/2012 04:14:01.8693495
795 10/4/2012 04:14:54.6993713
811 10/4/2012 04:14:57.8465513
687 10/4/2012 04:15:09.0841940
688 10/4/2012 04:15:17.6296828
689 10/4/2012 04:15:26.3831835
640 10/4/2012 04:15:30.1373982
558 10/4/2012 04:15:42.7921220
344 10/4/2012 04:16:39.8293843
335 10/4/2012 04:16:56.4783366
336 10/4/2012 04:17:12.7672683
340 10/4/2012 04:17:44.3920771
341 10/4/2012 04:18:24.3093603
172 10/4/2012 04:18:43.8634787
354 10/4/2012 04:19:01.4344837
343 10/4/2012 04:19:17.0773784
364 10/4/2012 04:20:10.6304415
654 10/4/2012 04:20:18.3068805
765 10/4/2012 04:20:26.5973547
879 10/4/2012 04:20:45.4874352
845 10/4/2012 04:21:38.2674540
748 10/4/2012 04:21:47.3579740
620 10/4/2012 04:21:57.8335731
618 10/4/2012 04:22:11.3693473
108 10/4/2012 04:22:26.6362206
405 10/4/2012 04:23:18.5681909
410 10/4/2012 04:23:26.1476244
412 10/4/2012 04:23:32.6319953
413 10/4/2012 04:23:45.7697467
414 10/4/2012 04:23:51.8490945
415 10/4/2012 04:23:58.4024693
416 10/4/2012 04:24:07.1139676
407 10/4/2012 04:25:01.1480581
408 10/4/2012 04:25:18.4190460
430 10/4/2012 04:25:39.7732674
417 10/4/2012 04:25:49.5568270
418 10/4/2012 04:26:44.9999981
406 10/4/2012 04:26:53.4504815
619 10/4/2012 04:27:01.3089309
878 10/4/2012 04:27:18.5549174
954 10/4/2012 04:27:33.0927489
419 10/4/2012 04:28:23.1436116
420 10/4/2012 04:28:36.4753741
421 10/4/2012 04:28:44.8348523
431 10/4/2012 04:29:00.3477396
434 10/4/2012 04:29:16.6326710
409 10/4/2012 04:30:02.6683041
427 10/4/2012 04:30:16.5250967
428 10/4/2012 04:30:35.3171715
429 10/4/2012 04:30:44.6107031
423 10/4/2012 04:31:01.0256420
424 10/4/2012 04:31:51.5345309
425 10/4/2012 04:32:05.6163363
435 10/4/2012 04:32:19.7421443
436 10/4/2012 04:32:29.4246981
437 10/4/2012 04:32:43.0734788
432 10/4/2012 04:33:25.1278841
433 10/4/2012 04:33:43.9649615
439 10/4/2012 04:34:12.0835698
440 10/4/2012 04:34:32.4397341
441 10/4/2012 04:35:06.9727093
777 10/4/2012 04:35:10.2658977
718 10/4/2012 04:35:17.4473084
719 10/4/2012 04:35:22.9296220
800 10/4/2012 04:35:25.6917800
805 10/4/2012 04:35:29.5600012
723 10/4/2012 04:35:40.5526300
739 10/4/2012 04:35:45.6999244
602 10/4/2012 04:36:00.7247838
624 10/4/2012 04:36:52.1207234
515 10/4/2012 04:37:24.8905978
527 10/4/2012 04:37:57.7854793
Insert Area--CAGAYAN-REGION-AREA1 10/4/2012 04:44:48.9479964
Insert Area--CAGAYAN-REGION-AREA2 10/4/2012 04:45:11.2642728
Insert Area--CAGAYAN-REGION-AREA3 10/4/2012 04:45:13.3573925
Insert Area--CAGAYAN-REGION-AREA4 10/4/2012 04:45:15.4615129
Insert Area--CAGAYAN-REGION-AREA5 10/4/2012 04:45:17.6256367
Insert Area--CARAGA-REGION-AREA1 10/4/2012 04:45:19.7267568
Insert Area--CARAGA-REGION-AREA2 10/4/2012 04:45:21.8148763
Insert Area--CARAGA-REGION-AREA3 10/4/2012 04:45:23.9169965
Insert Area--CARAGA-REGION-AREA4 10/4/2012 04:45:26.0091162
346 10/4/2012 04:01:22.2666168
347 10/4/2012 04:01:58.9997178
348 10/4/2012 04:02:10.1593561
349 10/4/2012 04:02:24.4531736
350 10/4/2012 04:02:42.1961885
351 10/4/2012 04:03:45.0527837
352 10/4/2012 04:04:07.0450415
353 10/4/2012 04:04:28.3872623
373 10/4/2012 04:05:17.6730812
519 10/4/2012 04:05:30.5738191
533 10/4/2012 04:05:41.0454181
574 10/4/2012 04:06:01.4565855
896 10/4/2012 04:06:54.6066255
880 10/4/2012 04:07:09.0604522
881 10/4/2012 04:07:25.6794028
550 10/4/2012 04:07:35.8749859
528 10/4/2012 04:07:48.6897189
604 10/4/2012 04:08:50.2052374
627 10/4/2012 04:09:00.9198502
790 10/4/2012 04:09:05.9301368
338 10/4/2012 04:09:20.6869808
339 10/4/2012 04:09:37.9729695
342 10/4/2012 04:10:31.8330502
365 10/4/2012 04:10:49.3960547
355 10/4/2012 04:11:08.3471387
356 10/4/2012 04:12:13.7728808
359 10/4/2012 04:12:35.9051467
360 10/4/2012 04:12:49.9889522
361 10/4/2012 04:13:55.9637258
362 10/4/2012 04:14:24.4043525
363 10/4/2012 04:14:38.8801805
368 10/4/2012 04:15:30.0341063
785 10/4/2012 04:15:36.5394784
905 10/4/2012 04:15:37.5085338
948 10/4/2012 04:15:51.9163579
995 10/4/2012 04:15:59.4837907
795 10/4/2012 04:16:06.3901857
811 10/4/2012 04:17:08.4697365
687 10/4/2012 04:17:23.4605939
688 10/4/2012 04:17:32.3811041
689 10/4/2012 04:17:38.8654750
640 10/4/2012 04:17:44.9758245
558 10/4/2012 04:17:54.5953747
344 10/4/2012 04:18:54.2257854
335 10/4/2012 04:19:05.9044534
336 10/4/2012 04:19:16.0850357
340 10/4/2012 04:19:29.4067976
341 10/4/2012 04:20:35.3265680
172 10/4/2012 04:20:43.9760627
354 10/4/2012 04:20:48.5193226
343 10/4/2012 04:20:56.6677887
364 10/4/2012 04:20:58.2148772
654 10/4/2012 04:21:03.2091628
765 10/4/2012 04:21:08.1414449
879 10/4/2012 04:21:09.2295072
845 10/4/2012 04:22:04.4036629
748 10/4/2012 04:22:05.2507114
620 10/4/2012 04:22:08.8839192
618 10/4/2012 04:22:09.9669811
108 10/4/2012 04:22:14.3992347
405 10/4/2012 04:22:15.3112868
410 10/4/2012 04:22:21.0216134
412 10/4/2012 04:22:23.0337285
413 10/4/2012 04:22:25.0258425
414 10/4/2012 04:22:28.1590217
415 10/4/2012 04:22:29.7211110
416 10/4/2012 04:22:30.8041730
407 10/4/2012 04:22:33.5823319
408 10/4/2012 04:22:35.9354665
430 10/4/2012 04:22:38.8736345
417 10/4/2012 04:22:42.5078424
418 10/4/2012 04:22:46.1200490
406 10/4/2012 04:22:47.1221063
619 10/4/2012 04:22:47.9111514
878 10/4/2012 04:22:48.9622115
954 10/4/2012 04:22:49.8562627
419 10/4/2012 04:22:50.9713265
420 10/4/2012 04:23:49.2616605
421 10/4/2012 04:23:52.6598548
431 10/4/2012 04:23:58.5071893
434 10/4/2012 04:24:01.1893427
409 10/4/2012 04:24:02.4184130
427 10/4/2012 04:24:04.4315281
428 10/4/2012 04:24:09.3818113
429 10/4/2012 04:24:14.1490840
423 10/4/2012 04:24:18.6583419
424 10/4/2012 04:24:21.5605079
425 10/4/2012 04:24:22.4755602
435 10/4/2012 04:24:26.7098024
436 10/4/2012 04:24:30.0599940
437 10/4/2012 04:24:31.9631029
432 10/4/2012 04:25:32.6095716
433 10/4/2012 04:25:37.4158465
439 10/4/2012 04:25:40.8470428
440 10/4/2012 04:25:43.8122124
441 10/4/2012 04:25:46.8053836
777 10/4/2012 04:25:47.5684272
718 10/4/2012 04:25:54.0027953
719 10/4/2012 04:25:57.8210136
800 10/4/2012 04:25:58.5600559
805 10/4/2012 04:25:59.2440950
723 10/4/2012 04:26:04.6874064
739 10/4/2012 04:26:05.5714569
602 10/4/2012 04:26:08.3446156
624 10/4/2012 04:26:09.3226715
515 10/4/2012 04:26:11.1507761
527 10/4/2012 04:26:14.4239633
136 10/4/2012 04:27:22.5338589
298 10/4/2012 04:28:06.8683947
299 10/4/2012 04:29:20.0665814
300 10/4/2012 04:29:50.3723148
301 10/4/2012 04:31:07.5427287
303 10/4/2012 04:36:36.8305629
346 10/11/2012 04:01:40.3339793
347 10/11/2012 04:02:04.2694217
348 10/11/2012 04:02:20.8884511
349 10/11/2012 04:02:40.2500852
350 10/11/2012 04:03:03.0799257
351 10/11/2012 04:03:18.8691536
352 10/11/2012 04:03:40.8857925
353 10/11/2012 04:04:00.3430269
373 10/11/2012 04:04:03.3860323
519 10/11/2012 04:04:21.8428648
533 10/11/2012 04:04:33.7672861
574 10/11/2012 04:05:00.2327348
896 10/11/2012 04:05:02.5269389
880 10/11/2012 04:05:13.6205585
881 10/11/2012 04:05:29.8193872
550 10/11/2012 04:05:40.3826059
528 10/11/2012 04:05:51.2266251
604 10/11/2012 04:06:02.0494447
627 10/11/2012 04:06:12.0198624
790 10/11/2012 04:06:15.1564679
338 10/11/2012 04:06:29.8848939
339 10/11/2012 04:06:46.7037236
342 10/11/2012 04:07:05.0533560
365 10/11/2012 04:07:21.2481846
355 10/11/2012 04:07:46.9464300
356 10/11/2012 04:08:08.9162688
359 10/11/2012 04:08:30.6355072
360 10/11/2012 04:08:45.0675327
361 10/11/2012 04:08:59.6877585
362 10/11/2012 04:09:29.3670111
363 10/11/2012 04:09:43.5816362
368 10/11/2012 04:09:57.2190603
785 10/11/2012 04:10:01.9624687
905 10/11/2012 04:10:02.9920705
948 10/11/2012 04:10:19.4218996
995 10/11/2012 04:10:29.0491166
795 10/11/2012 04:10:33.3245241
811 10/11/2012 04:10:36.8667304
687 10/11/2012 04:10:49.9727535
688 10/11/2012 04:10:59.7715709
689 10/11/2012 04:11:06.3421826
640 10/11/2012 04:11:18.7296044
558 10/11/2012 04:11:31.7430274
344 10/11/2012 04:11:47.8296558
335 10/11/2012 04:12:05.2422866
336 10/11/2012 04:12:21.1417147
340 10/11/2012 04:12:53.1855719
341 10/11/2012 04:13:16.2006126
172 10/11/2012 04:13:56.1818836
354 10/11/2012 04:14:42.4499656
343 10/11/2012 04:15:22.0558359
364 10/11/2012 04:15:47.8300814
654 10/11/2012 04:16:03.0743083
765 10/11/2012 04:16:11.3911230
879 10/11/2012 04:16:28.6175535
845 10/11/2012 04:16:40.9279752
748 10/11/2012 04:16:50.3085920
620 10/11/2012 04:17:01.3710115
618 10/11/2012 04:17:12.7610316
108 10/11/2012 04:17:25.5932547
405 10/11/2012 04:17:35.7342726
410 10/11/2012 04:17:53.4745039
412 10/11/2012 04:17:58.7171131
413 10/11/2012 04:18:11.5735358
414 10/11/2012 04:18:27.0663632
415 10/11/2012 04:18:41.5149887
416 10/11/2012 04:18:57.5070169
407 10/11/2012 04:19:12.1896429
408 10/11/2012 04:19:38.1298891
430 10/11/2012 04:19:59.0535261
417 10/11/2012 04:20:13.0341508
418 10/11/2012 04:20:32.8345858
406 10/11/2012 04:20:49.1864147
619 10/11/2012 04:20:58.8448318
878 10/11/2012 04:21:15.1800606
954 10/11/2012 04:21:26.4356808
419 10/11/2012 04:21:41.5757078
420 10/11/2012 04:21:59.0809387
421 10/11/2012 04:22:10.7235594
431 10/11/2012 04:22:23.6121822
434 10/11/2012 04:22:36.4832049
409 10/11/2012 04:22:53.5068350
427 10/11/2012 04:23:18.3968792
428 10/11/2012 04:23:44.4685252
429 10/11/2012 04:23:59.0761512
423 10/11/2012 04:24:27.4430013
424 10/11/2012 04:24:48.2740382
425 10/11/2012 04:25:04.4698668
435 10/11/2012 04:25:19.1836928
436 10/11/2012 04:25:31.9933154
437 10/11/2012 04:25:48.3305443
432 10/11/2012 04:26:13.8113894
433 10/11/2012 04:26:50.4638543
439 10/11/2012 04:27:31.1939266
440 10/11/2012 04:27:57.8593737
441 10/11/2012 04:28:15.9126056
777 10/11/2012 04:28:19.2510115
718 10/11/2012 04:28:26.7410247
719 10/11/2012 04:28:32.1708343
800 10/11/2012 04:28:34.5264385
805 10/11/2012 04:28:37.1904438
723 10/11/2012 04:28:47.8940627
739 10/11/2012 04:28:52.9026716
602 10/11/2012 04:29:10.1955024
624 10/11/2012 04:29:22.2885238
515 10/11/2012 04:29:41.6521580
527 10/11/2012 04:29:55.6005826
136 10/11/2012 04:30:02.0015942
298 10/11/2012 04:30:32.8030487
299 10/11/2012 04:30:55.5518888
300 10/11/2012 04:31:16.8489264
301 10/11/2012 04:31:46.6187790
303 10/11/2012 04:32:07.9636167
306 10/11/2012 04:32:27.7172516
308 10/11/2012 04:32:50.6894924
309 10/11/2012 04:33:13.7981333
326 10/11/2012 04:33:47.5977932
327 10/11/2012 04:34:10.3818337
328 10/11/2012 04:34:29.2930671
329 10/11/2012 04:34:51.4803063
302 10/11/2012 04:35:12.7783440
127 10/11/2012 04:35:31.5949772
333 10/11/2012 04:36:00.1636276
334 10/11/2012 04:36:24.8724718
540 10/11/2012 04:36:44.5149064
541 10/11/2012 04:37:06.9995462
791 10/11/2012 04:37:17.0167639
792 10/11/2012 04:37:19.5751684
893 10/11/2012 04:37:31.4275899
894 10/11/2012 04:37:49.7606222
802 10/11/2012 04:38:00.9176420
701 10/11/2012 04:38:14.4946661
661 10/11/2012 04:38:30.6748947
315 10/11/2012 04:39:01.1009485
316 10/11/2012 04:39:28.0627961
286 10/11/2012 04:39:47.5044305
319 10/11/2012 04:40:40.7105245
320 10/11/2012 04:41:10.4853773
321 10/11/2012 04:41:39.8194292
322 10/11/2012 04:41:48.8694452
323 10/11/2012 04:41:56.8108592
307 10/11/2012 04:42:03.9888719
311 10/11/2012 04:42:16.6112942
312 10/11/2012 04:42:28.3611150
426 10/11/2012 04:42:34.8049264
313 10/11/2012 04:42:41.6231384
314 10/11/2012 04:42:49.5489524
310 10/11/2012 04:42:54.4015610
148 10/11/2012 04:43:01.7657740
317 10/11/2012 04:43:08.6785862
671 10/11/2012 04:43:13.3117943
590 10/11/2012 04:43:16.1519994
709 10/11/2012 04:43:19.0390045
517 10/11/2012 04:43:22.0342098
890 10/11/2012 04:43:26.6060179
891 10/11/2012 04:43:34.1126312
911 10/11/2012 04:43:36.2186349
860 10/11/2012 04:43:41.8668449
760 10/11/2012 04:43:48.6538569
771 10/11/2012 04:43:55.1922685
332 10/11/2012 04:44:07.7678907
271 10/11/2012 04:44:27.5527256
324 10/11/2012 04:44:54.7017736
330 10/11/2012 04:45:11.4496035
200 10/11/2012 04:45:20.0004186
422 10/11/2012 04:45:36.8202483
372 10/11/2012 04:45:48.2882686
381 10/11/2012 04:46:04.7390988
375 10/11/2012 04:46:45.1687704
376 10/11/2012 04:47:29.5452489
377 10/11/2012 04:47:41.3106697
378 10/11/2012 04:47:51.9362885
767 10/11/2012 04:47:57.8380991
859 10/11/2012 04:47:59.8505027
955 10/11/2012 04:48:08.2921176
863 10/11/2012 04:48:18.3405354
667 10/11/2012 04:48:25.3303477
742 10/11/2012 04:48:28.9817542
600 10/11/2012 04:48:32.5551605
625 10/11/2012 04:48:44.1469809
404 10/11/2012 04:48:57.3788043
397 10/11/2012 04:49:10.9840283
398 10/11/2012 04:49:30.6284631
399 10/11/2012 04:49:44.4520874
400 10/11/2012 04:50:02.0041184
401 10/11/2012 04:50:17.7017462
444 10/11/2012 04:50:29.8405676
175 10/11/2012 04:50:41.7297886
220 10/11/2012 04:50:50.6706044
331 10/11/2012 04:51:08.7414365
383 10/11/2012 04:51:16.9012509
385 10/11/2012 04:51:28.2454710
386 10/11/2012 04:51:52.1487132
388 10/11/2012 04:52:21.4203649
389 10/11/2012 04:52:28.7387779
390 10/11/2012 04:52:47.8518116
626 10/11/2012 04:53:03.0014383
629 10/11/2012 04:53:15.7018608
538 10/11/2012 04:53:32.7556909
883 10/11/2012 04:53:57.8419359
820 10/11/2012 04:54:12.3997616
841 10/11/2012 04:54:27.4577883
956 10/11/2012 04:54:57.9658424
903 10/11/2012 04:55:09.2934624
560 10/11/2012 04:55:32.3241032
561 10/11/2012 04:55:56.3551458
572 10/11/2012 04:56:15.0157787
740 10/11/2012 04:56:28.4192024
391 10/11/2012 04:56:46.9092351
392 10/11/2012 04:57:12.6426808
393 10/11/2012 04:57:44.9563379
394 10/11/2012 04:58:17.0067946
402 10/11/2012 04:58:42.2118395
403 10/11/2012 04:58:57.8470672
187 10/11/2012 04:59:14.5888968
213 10/11/2012 04:59:35.9679347
379 10/11/2012 04:59:50.0109595
380 10/11/2012 05:00:02.3837814
703 10/11/2012 05:00:15.0862039
605 10/11/2012 05:00:20.6096137
641 10/11/2012 05:00:30.2680307
803 10/11/2012 05:00:37.0706427
849 10/11/2012 05:00:40.7406494
861 10/11/2012 05:00:45.3592576
889 10/11/2012 05:00:54.9864746
621 10/11/2012 05:01:06.1464945
772 10/11/2012 05:01:12.0131049
773 10/11/2012 05:01:18.7221167
569 10/11/2012 05:01:25.3541285
507 10/11/2012 05:01:37.0561492
384 10/11/2012 05:01:44.2809620
521 10/11/2012 05:01:53.5795783
487 10/11/2012 05:01:59.6529893
489 10/11/2012 05:02:15.6928176
490 10/11/2012 05:02:33.7284494
491 10/11/2012 05:03:11.9615173
501 10/11/2012 05:03:18.0153280
502 10/11/2012 05:03:22.8211365
658 10/11/2012 05:03:35.1003582
589 10/11/2012 05:03:36.6613610
586 10/11/2012 05:03:42.8867719
957 10/11/2012 05:03:49.7985841
814 10/11/2012 05:03:52.3579887
815 10/11/2012 05:03:53.6371909
942 10/11/2012 05:03:58.8018001
587 10/11/2012 05:04:01.6264051
599 10/11/2012 05:04:06.0734129
615 10/11/2012 05:04:16.7770319
776 10/11/2012 05:04:23.3924435
506 10/11/2012 05:04:28.8720534
494 10/11/2012 05:04:39.6224724
495 10/11/2012 05:04:51.8402940
496 10/11/2012 05:05:01.7639115
488 10/11/2012 05:05:17.6391400
500 10/11/2012 05:05:28.7659597
554 10/11/2012 05:05:37.8627758
531 10/11/2012 05:05:51.5782001
542 10/11/2012 05:06:00.3318156
493 10/11/2012 05:06:15.1538417
498 10/11/2012 05:06:29.2448904
499 10/11/2012 05:06:42.7927146
992 10/11/2012 05:07:00.6753463
940 10/11/2012 05:07:10.4741636
830 10/11/2012 05:07:14.8295714
831 10/11/2012 05:07:17.2787757
735 10/11/2012 05:07:23.4145868
983 10/11/2012 05:07:47.7058296
984 10/11/2012 05:08:07.3708646
497 10/11/2012 05:08:09.9246697
469 10/11/2012 05:08:29.4430493
470 10/11/2012 05:08:42.3990733
472 10/11/2012 05:09:17.0763349
473 10/11/2012 05:09:30.5265587
477 10/11/2012 05:10:07.1236924
478 10/11/2012 05:10:17.5143107
546 10/11/2012 05:10:25.8457254
763 10/11/2012 05:10:31.4627353
691 10/11/2012 05:10:42.6343550
732 10/11/2012 05:10:45.8801608
665 10/11/2012 05:10:53.7903747
683 10/11/2012 05:11:03.4331918
684 10/11/2012 05:11:09.7366029
692 10/11/2012 05:11:14.9842124
759 10/11/2012 05:11:18.9788195
476 10/11/2012 05:11:28.7524371
483 10/11/2012 05:11:48.3497962
484 10/11/2012 05:12:04.7085419
485 10/11/2012 05:12:18.3459660
486 10/11/2012 05:12:30.2019869
480 10/11/2012 05:12:48.0680185
481 10/11/2012 05:13:03.5798469
906 10/11/2012 05:13:05.7014506
840 10/11/2012 05:13:18.7208740
850 10/11/2012 05:13:24.1194835
985 10/11/2012 05:13:52.4863336
482 10/11/2012 05:13:55.6375392
475 10/11/2012 05:14:10.5239656
552 10/11/2012 05:14:22.8977875
782 10/11/2012 05:14:28.2585974
789 10/11/2012 05:14:31.1914026
694 10/11/2012 05:14:39.6954176
695 10/11/2012 05:14:53.0354412
649 10/11/2012 05:14:56.1086466
370 10/11/2012 05:15:12.7256759
371 10/11/2012 05:15:33.6116695
366 10/11/2012 05:15:49.5578976
367 10/11/2012 05:16:07.1329300
733 10/11/2012 05:16:18.2411496
746 10/11/2012 05:16:28.0711670
581 10/11/2012 05:16:55.9219631
551 10/11/2012 05:17:11.7639914
986 10/11/2012 05:17:36.4247752
904 10/11/2012 05:17:39.6705809
877 10/11/2012 05:18:10.0508347
818 10/11/2012 05:18:15.7462456
819 10/11/2012 05:18:17.3374484
826 10/11/2012 05:18:20.3180537
882 10/11/2012 05:18:32.3340750
982 10/11/2012 05:19:03.9905308
536 10/11/2012 05:19:11.2601436
474 10/11/2012 05:19:23.4145651
465 10/11/2012 05:19:41.7223977
466 10/11/2012 05:20:03.6952368
467 10/11/2012 05:20:20.8572670
664 10/11/2012 05:20:40.1353015
622 10/11/2012 05:20:44.1767087
608 10/11/2012 05:20:52.4467233
545 10/11/2012 05:21:05.8647470
570 10/11/2012 05:21:13.7447610
553 10/11/2012 05:21:30.1171902
565 10/11/2012 05:21:45.7730182
445 10/11/2012 05:22:13.2516668
447 10/11/2012 05:22:31.3868991
448 10/11/2012 05:22:50.3997332
449 10/11/2012 05:23:07.0569631
450 10/11/2012 05:23:19.1343845
442 10/11/2012 05:23:35.0806126
443 10/11/2012 05:23:47.3910344
438 10/11/2012 05:24:01.8340605
895 10/11/2012 05:24:07.0766697
991 10/11/2012 05:24:13.2280808
854 10/11/2012 05:24:25.7413029
884 10/11/2012 05:24:38.2741252
822 10/11/2012 05:24:44.9841371
459 10/11/2012 05:24:59.3235625
460 10/11/2012 05:25:13.5755906
461 10/11/2012 05:25:26.7294139
462 10/11/2012 05:25:49.3400118
463 10/11/2012 05:26:02.6986356
464 10/11/2012 05:26:24.7544750
451 10/11/2012 05:26:37.9082983
452 10/11/2012 05:26:59.8001370
564 10/11/2012 05:27:16.2475662
455 10/11/2012 05:27:29.1351889
457 10/11/2012 05:27:46.0340188
606 10/11/2012 05:27:56.7486384
612 10/11/2012 05:28:06.8438562
630 10/11/2012 05:28:16.9858741
663 10/11/2012 05:28:31.8869005
610 10/11/2012 05:28:39.4539138
611 10/11/2012 05:28:48.8159304
458 10/11/2012 05:29:01.2823524
479 10/11/2012 05:29:16.2613789
548 10/11/2012 05:29:32.1608070
524 10/11/2012 05:29:44.4128288
453 10/11/2012 05:29:56.5662502
454 10/11/2012 05:30:11.7178770
233 10/11/2012 05:30:24.7157000
885 10/11/2012 05:30:38.1493237
886 10/11/2012 05:30:53.2063504
887 10/11/2012 05:31:05.0799713
888 10/11/2012 05:31:15.5963899
Insert Area--CAGAYAN-REGION-AREA1 10/11/2012 05:31:19.6991971
Insert Area--CAGAYAN-REGION-AREA2 10/11/2012 05:31:22.1328014
Insert Area--CAGAYAN-REGION-AREA3 10/11/2012 05:31:24.5830057
Insert Area--CAGAYAN-REGION-AREA4 10/11/2012 05:31:27.0010100
Insert Area--CAGAYAN-REGION-AREA5 10/11/2012 05:31:29.4200143
Insert Area--CARAGA-REGION-AREA1 10/11/2012 05:31:31.8536186
Insert Area--CARAGA-REGION-AREA2 10/11/2012 05:31:34.2882229
Insert Area--CARAGA-REGION-AREA3 10/11/2012 05:31:36.7218272
Insert Area--CARAGA-REGION-AREA4 10/11/2012 05:31:39.1398314
Insert Area--DAVAO/COMVAL-REGION-AREA1 10/11/2012 05:31:41.5734357
Insert Area--DAVAO/COMVAL-REGION-AREA2 10/11/2012 05:31:43.9924400
Insert Area--DAVAO/COMVAL-REGION-AREA3 10/11/2012 05:31:46.4104443
Insert Area--DAVAO/COMVAL-REGION-AREA4 10/11/2012 05:31:48.8450486
Insert Area--DAVAO/COMVAL-REGION-AREA5 10/11/2012 05:31:51.2786529
Insert Area--SOCSKSARGEN-MINDANAO-AREA1 10/11/2012 05:31:53.7132572
Insert Area--SOCSKSARGEN-MINDANAO-AREA2 10/11/2012 05:31:56.1312614
Insert Area--SOCSKSARGEN-MINDANAO-AREA3 10/11/2012 05:31:58.5502657
Insert Area--SOCSKSARGEN-MINDANAO-AREA4 10/11/2012 05:32:00.9838700
Insert Area--SOCSKSARGEN-MINDANAO-AREA5 10/11/2012 05:32:03.4028743
Insert Area--SOCSKSARGEN-MINDANAO-AREA6 10/11/2012 05:32:05.8364786
Insert Area--ZAMBASTA-MINDANAO-AREA1 10/11/2012 05:32:08.2554829
Insert Area--ZAMBASTA-MINDANAO-AREA2 10/11/2012 05:32:10.6890872
Insert Area--ZAMBASTA-MINDANAO-AREA3 10/11/2012 05:32:13.1226914
Insert Area--ZAMISLAN-REGION-AREA1 10/11/2012 05:32:15.5602960
Insert Area--ZAMISLAN-REGION-AREA2 10/11/2012 05:32:17.9939002
Insert Area--ZAMISLAN-REGION-AREA3 10/11/2012 05:32:20.4285046
Insert Area--ZAMISLAN-REGION-AREA4 10/11/2012 05:32:22.8621088
Insert Area--ZAMISLAN-REGION-AREA5 10/11/2012 05:32:25.3123132
Insert Area--ZAMSIBUGAY-REGION-AREA1 10/11/2012 05:32:27.7303174
Insert Area--ZAMSIBUGAY-REGION-AREA2 10/11/2012 05:32:30.1649218
Insert Area--ZAMSIBUGAY-REGION-AREA3 10/11/2012 05:32:32.5985260
Insert region--CAGAYAN-REGION 10/11/2012 05:32:32.9573267
Insert region--CARAGA-REGION 10/11/2012 05:32:33.3317273
Insert region--DAVAO/COMVAL-MINDANAO-REGION 10/11/2012 05:32:33.6603280
Insert region--SOCSKSARGEN-MINDANAO-REGION 10/11/2012 05:32:33.9879285
Insert region--ZAMBASTA-MINDANAO-REGION 10/11/2012 05:32:34.2999291
Insert region--ZAMISLAN-MINDANAO-REGION 10/11/2012 05:32:34.6587297
Insert region--ZAMSIBUGAY-REGION 10/11/2012 05:32:34.9863303
Update Vismin Wide--  10/11/2012 05:34:04.3430890
346 10/10/2012 05:34:19.4791158
347 10/10/2012 05:34:41.0901540
348 10/10/2012 05:34:56.9271820
349 10/10/2012 05:35:10.8912066
350 10/10/2012 05:35:29.1150388
351 10/10/2012 05:35:44.7814665
352 10/10/2012 05:36:05.3443028
353 10/10/2012 05:36:23.1167342
373 10/10/2012 05:36:25.4411383
519 10/10/2012 05:36:36.7081600
533 10/10/2012 05:36:47.3649788
574 10/10/2012 05:37:08.5734165
896 10/10/2012 05:37:14.2996266
880 10/10/2012 05:37:18.9338348
881 10/10/2012 05:37:29.6374538
550 10/10/2012 05:37:35.1296635
528 10/10/2012 05:37:40.9650738
604 10/10/2012 05:37:47.5346854
627 10/10/2012 05:37:55.7724999
790 10/10/2012 05:38:01.3115097
338 10/10/2012 05:38:13.1081306
339 10/10/2012 05:38:29.7719600
342 10/10/2012 05:38:47.2957911
365 10/10/2012 05:38:59.5654131
355 10/10/2012 05:39:23.0474546
356 10/10/2012 05:39:40.0554846
359 10/10/2012 05:40:00.0365205
360 10/10/2012 05:40:15.4991478
361 10/10/2012 05:40:31.9445768
362 10/10/2012 05:40:50.6696100
363 10/10/2012 05:41:06.0386372
368 10/10/2012 05:41:20.0972620
785 10/10/2012 05:41:28.6480772
905 10/10/2012 05:41:29.6308789
948 10/10/2012 05:41:45.0215064
995 10/10/2012 05:41:54.7891237
795 10/10/2012 05:42:02.2781369
811 10/10/2012 05:42:06.1947438
687 10/10/2012 05:42:14.1215579
688 10/10/2012 05:42:25.1889777
689 10/10/2012 05:42:32.8963913
640 10/10/2012 05:42:39.2008025
558 10/10/2012 05:42:52.1342252
344 10/10/2012 05:43:05.0218480
335 10/10/2012 05:43:21.3414768
336 10/10/2012 05:43:36.6561043
340 10/10/2012 05:43:58.3753426
341 10/10/2012 05:44:17.4359768
172 10/10/2012 05:44:36.2098102
354 10/10/2012 05:44:56.9930469
343 10/10/2012 05:45:16.1694808
364 10/10/2012 05:45:33.7537119
654 10/10/2012 05:45:52.9145458
765 10/10/2012 05:46:02.8869635
879 10/10/2012 05:46:20.6155950
845 10/10/2012 05:46:32.8510168
748 10/10/2012 05:46:46.2000408
620 10/10/2012 05:46:58.5894628
618 10/10/2012 05:47:10.3382835
108 10/10/2012 05:47:26.0817113
405 10/10/2012 05:47:41.0325379
410 10/10/2012 05:47:56.6511655
412 10/10/2012 05:48:04.5225798
413 10/10/2012 05:48:20.9212088
414 10/10/2012 05:48:39.7232421
415 10/10/2012 05:48:55.8566706
416 10/10/2012 05:49:15.6259055
407 10/10/2012 05:49:34.7399393
408 10/10/2012 05:50:02.9963909
430 10/10/2012 05:50:20.7532223
417 10/10/2012 05:50:31.3224413
418 10/10/2012 05:50:47.9872708
406 10/10/2012 05:51:00.4881000
619 10/10/2012 05:51:11.7523198
878 10/10/2012 05:51:25.9503449
954 10/10/2012 05:51:40.8553715
419 10/10/2012 05:51:55.6783977
420 10/10/2012 05:52:13.6516293
421 10/10/2012 05:52:24.7598489
431 10/10/2012 05:52:44.6694841
434 10/10/2012 05:53:04.0989195
409 10/10/2012 05:53:29.5447712
427 10/10/2012 05:54:02.6494303
428 10/10/2012 05:54:42.0485000
429 10/10/2012 05:54:58.1039284
423 10/10/2012 05:55:26.1213836
346 10/11/2012 04:00:07.6282559
347 10/11/2012 04:00:18.3626798
348 10/11/2012 04:00:23.1088914
349 10/11/2012 04:00:32.1257072
350 10/11/2012 04:00:42.6889259
351 10/11/2012 04:00:48.9173370
352 10/11/2012 04:00:57.4983522
353 10/11/2012 04:01:03.4499631
373 10/11/2012 04:01:06.5543685
519 10/11/2012 04:01:16.8523867
533 10/11/2012 04:01:25.6528023
574 10/11/2012 04:01:32.0810136
896 10/11/2012 04:01:33.3134158
880 10/11/2012 04:01:35.3268194
881 10/11/2012 04:01:39.9942278
550 10/11/2012 04:01:43.6924343
528 10/11/2012 04:01:48.6220430
604 10/11/2012 04:01:53.3050514
627 10/11/2012 04:01:56.6600573
790 10/11/2012 04:01:59.9012637
338 10/11/2012 04:02:03.4112698
339 10/11/2012 04:02:09.4504805
342 10/11/2012 04:02:14.7554899
365 10/11/2012 04:02:26.0675099
355 10/11/2012 04:02:34.3375245
356 10/11/2012 04:02:40.8905361
359 10/11/2012 04:02:48.0519487
360 10/11/2012 04:02:52.1547559
361 10/11/2012 04:02:58.4113670
362 10/11/2012 04:03:05.3251793
Update--346 1/1/2012 04:06:47.7459775
Update--347 1/1/2012 04:06:54.4237893
Update--348 1/1/2012 04:06:57.5135948
Update--349 1/1/2012 04:06:59.6507985
Update--350 1/1/2012 04:07:01.3668015
Update--351 1/1/2012 04:07:02.8956042
Update--352 1/1/2012 04:07:04.8456076
Update--353 1/1/2012 04:07:06.5460106
Update--373 1/1/2012 04:07:07.5454124
Update--519 1/1/2012 04:07:09.1678153
Update--533 1/1/2012 04:07:24.2278421
Update--574 1/1/2012 04:07:26.8486467
896 1/1/2012 04:07:28.7996502
Update--880 1/1/2012 04:07:32.0288558
Update--881 1/1/2012 04:07:35.0250611
Update--550 1/1/2012 04:07:40.7200712
Update--528 1/1/2012 04:07:54.1712950
Update--604 1/1/2012 04:08:01.5823081
Update--627 1/1/2012 04:08:08.7925210
790 1/1/2012 04:08:10.5865241
Update--338 1/1/2012 04:08:26.0803515
Update--339 1/1/2012 04:08:54.7672026
Update--346 10/11/2011 04:54:39.9439402
Update--347 10/11/2011 05:01:52.4055075
Update--346 1/2/2012 04:09:21.2812905
Update--347 1/2/2012 04:09:30.5955069
Update--348 1/2/2012 04:09:36.8219180
Update--349 1/2/2012 04:09:43.8741304
Update--350 1/2/2012 04:09:51.4099437
Update--351 1/2/2012 04:09:58.3061559
Update--352 1/2/2012 04:10:05.5897694
Update--353 1/2/2012 04:10:14.4681852
Update--373 1/2/2012 04:10:17.0119897
Update--519 1/2/2012 04:10:24.5478030
Update--533 1/2/2012 04:10:33.6144191
Update--574 1/2/2012 04:10:44.4116381
896 1/2/2012 04:10:47.0666430
Update--880 1/2/2012 04:10:53.7444547
Update--881 1/2/2012 04:11:06.1484766
Update--550 1/2/2012 04:11:13.5760898
Update--528 1/2/2012 04:11:23.1565067
Update--604 1/2/2012 04:11:31.8975224
Update--627 1/2/2012 04:11:39.6109363
790 1/2/2012 04:11:43.0127423
Update--338 1/2/2012 04:11:55.4323643
Update--339 1/2/2012 04:12:09.0707884
Update--342 1/2/2012 04:12:24.8318164
Update--365 1/2/2012 04:12:29.9184254
Update--355 1/2/2012 04:12:39.5868430
Update--356 1/2/2012 04:12:48.0742580
Update--359 1/2/2012 04:12:57.4508745
Update--360 1/2/2012 04:13:03.3652850
Update--361 1/2/2012 04:13:10.6202978
Update--362 1/2/2012 04:13:23.6961210
Update--363 1/2/2012 04:13:29.8903319
Update--368 1/2/2012 04:13:36.2561431
Update--785 1/2/2012 04:13:39.5673492
905 1/2/2012 04:13:41.5329526
Update--948 1/2/2012 04:13:57.8067814
Update--995 1/2/2012 04:14:01.0213871
Update--795 1/2/2012 04:14:04.6727935
811 1/2/2012 04:14:07.5899987
Update--687 1/2/2012 04:14:12.7546078
Update--688 1/2/2012 04:14:17.4512161
Update--689 1/2/2012 04:14:21.8202238
Update--640 1/2/2012 04:14:32.4312426
Update--558 1/2/2012 04:14:44.4336640
Update--344 1/2/2012 04:14:55.6208838
Update--335 1/2/2012 04:15:04.3744993
Update--336 1/2/2012 04:15:16.7649213
Update--340 1/2/2012 04:15:28.6853423
Update--341 1/2/2012 04:15:38.1253590
Update--172 1/2/2012 04:15:45.3657718
Update--354 1/2/2012 04:15:51.2947823
Update--343 1/2/2012 04:16:02.4664020
Update--364 1/2/2012 04:16:09.6122146
Update--654 1/2/2012 04:16:13.7004219
Update--765 1/2/2012 04:16:20.0828332
Update--879 1/2/2012 04:16:33.6880572
Update--845 1/2/2012 04:16:41.4422709
Update--748 1/2/2012 04:16:46.1388792
Update--620 1/2/2012 04:16:57.3104989
Update--618 1/2/2012 04:17:06.4541151
Update--108 1/2/2012 04:17:20.1217392
Update--405 1/2/2012 04:17:28.4173544
Update--410 1/2/2012 04:17:48.6847902
Update--412 1/2/2012 04:17:50.2603930
Update--413 1/2/2012 04:18:00.5584112
Update--414 1/2/2012 04:18:15.0382368
Update--415 1/2/2012 04:18:26.8348577
Update--416 1/2/2012 04:18:42.0246849
Update--407 1/2/2012 04:19:01.5765196
Update--408 1/2/2012 04:19:17.2645477
Update--430 1/2/2012 04:19:29.4531694
Update--417 1/2/2012 04:19:41.0615899
Update--418 1/2/2012 04:19:55.3698152
Update--406 1/2/2012 04:20:18.4170560
Update--619 1/2/2012 04:20:34.5192844
Update--878 1/2/2012 04:21:02.5147341
Update--954 1/2/2012 04:21:14.1231546
Update--419 1/2/2012 04:21:29.0553810
Update--420 1/2/2012 04:21:41.3190026
Update--421 1/2/2012 04:21:54.4260258
Update--431 1/2/2012 04:22:09.1086518
Update--434 1/2/2012 04:22:25.6164809
Update--409 1/2/2012 04:22:48.0689206
Update--427 1/2/2012 04:23:04.9687506
Update--428 1/2/2012 04:23:22.0215806
Update--429 1/2/2012 04:23:34.8478033
Update--423 1/2/2012 04:23:51.4804327
Update--424 1/2/2012 04:24:07.1770604
Update--425 1/2/2012 04:24:21.2814853
Update--435 1/2/2012 04:24:38.3977155
Update--436 1/2/2012 04:24:52.3627402
Update--437 1/2/2012 04:25:08.6833691
Update--432 1/2/2012 04:25:27.5226027
Update--433 1/2/2012 04:25:55.9820530
Update--439 1/2/2012 04:26:08.4026750
Update--440 1/2/2012 04:26:31.6129164
Update--441 1/2/2012 04:26:43.7361378
Update--777 1/2/2012 04:26:46.6855431
Update--718 1/2/2012 04:26:50.0239489
Update--719 1/2/2012 04:26:53.5535554
800 1/2/2012 04:26:56.4717605
805 1/2/2012 04:26:59.8725665
Update--723 1/2/2012 04:27:07.7837805
Update--739 1/2/2012 04:27:14.8555932
Update--602 1/2/2012 04:27:33.2424261
Update--624 1/2/2012 04:27:42.7604429
Update--515 1/2/2012 04:28:00.0784734
Update--527 1/2/2012 04:28:08.4888883
Update--136 1/2/2012 04:28:11.9676944
Update--298 1/2/2012 04:28:27.9763227
Update--299 1/2/2012 04:28:40.5987450
Update--300 1/2/2012 04:28:50.4911625
Update--301 1/2/2012 04:29:07.8891933
Update--303 1/2/2012 04:29:18.2798116
Update--306 1/2/2012 04:29:31.1362343
Update--308 1/2/2012 04:29:39.5154491
Update--309 1/2/2012 04:29:48.9554658
Update--326 1/2/2012 04:29:58.8790833
Update--327 1/2/2012 04:30:09.7875027
Update--328 1/2/2012 04:30:19.0423192
Update--329 1/2/2012 04:30:35.1289476
Update--302 1/2/2012 04:30:46.9033689
Update--127 1/2/2012 04:30:54.6429826
Update--333 1/2/2012 04:31:07.3746051
Update--334 1/2/2012 04:31:14.3654175
Update--540 1/2/2012 04:31:21.7140305
Update--541 1/2/2012 04:31:33.8382519
791 1/2/2012 04:31:37.4886583
792 1/2/2012 04:31:40.0636629
Update--893 1/2/2012 04:31:56.8074926
Update--894 1/2/2012 04:32:14.6055246
Update--802 1/2/2012 04:32:18.3651312
Update--701 1/2/2012 04:32:21.6421371
Update--661 1/2/2012 04:32:29.1311503
Update--315 1/2/2012 04:32:54.1117944
Update--316 1/2/2012 04:33:06.2506159
Update--286 1/2/2012 04:33:19.8336403
Update--319 1/2/2012 04:33:33.5948646
Update--320 1/2/2012 04:33:51.5574965
Update--321 1/2/2012 04:34:07.7065251
Update--322 1/2/2012 04:34:33.9819715
Update--323 1/2/2012 04:34:59.4774166
Update--307 1/2/2012 04:35:13.1822411
Update--311 1/2/2012 04:35:34.6462795
Update--312 1/2/2012 04:35:54.7471153
Update--426 1/2/2012 04:36:23.0369654
Update--313 1/2/2012 04:36:41.6195982
Update--314 1/2/2012 04:36:56.1774239
Update--310 1/2/2012 04:37:08.4420456
Update--148 1/2/2012 04:37:23.3118719
Update--317 1/2/2012 04:37:52.3329232
Update--671 1/2/2012 04:37:56.9661313
Update--590 1/2/2012 04:38:12.6491591
Update--709 1/2/2012 04:38:17.5953679
Update--517 1/2/2012 04:38:47.8664214
Update--890 1/2/2012 04:39:01.3010452
Update--891 1/2/2012 04:39:12.7378654
911 1/2/2012 04:39:14.9404694
Update--860 1/2/2012 04:39:38.9383118
Update--760 1/2/2012 04:39:43.7275202
Update--771 1/2/2012 04:39:47.2853266
Update--332 1/2/2012 04:39:57.0217438
Update--271 1/2/2012 04:40:07.3665620
Update--324 1/2/2012 04:40:19.3659833
Update--330 1/2/2012 04:40:25.9969950
Update--200 1/2/2012 04:40:33.7824087
Update--422 1/2/2012 04:40:41.8964231
Update--372 1/2/2012 04:40:51.5694401
Update--381 1/2/2012 04:41:09.8888726
Update--375 1/2/2012 04:41:38.9773242
Update--376 1/2/2012 04:41:49.4469427
Update--377 1/2/2012 04:42:00.5727624
Update--378 1/2/2012 04:42:13.1483846
Update--767 1/2/2012 04:42:17.3769921
859 1/2/2012 04:42:20.9503984
Update--955 1/2/2012 04:42:28.5798119
Update--863 1/2/2012 04:42:35.8192247
Update--667 1/2/2012 04:42:40.4846329
Update--742 1/2/2012 04:42:44.3066396
Update--600 1/2/2012 04:42:52.6858545
Update--625 1/2/2012 04:43:01.6794707
Update--404 1/2/2012 04:43:17.8898993
Update--397 1/2/2012 04:43:30.5903217
Update--398 1/2/2012 04:43:36.9405329
Update--399 1/2/2012 04:43:44.7103466
Update--400 1/2/2012 04:43:50.5457569
Update--401 1/2/2012 04:43:55.7727662
Update--444 1/2/2012 04:44:00.3289742
Update--175 1/2/2012 04:44:08.0715881
Update--220 1/2/2012 04:44:13.6261979
Update--331 1/2/2012 04:44:17.5116048
Update--383 1/2/2012 04:44:22.3632133
Update--385 1/2/2012 04:44:37.1862395
Update--386 1/2/2012 04:44:58.7962777
Update--388 1/2/2012 04:45:18.7069129
Update--389 1/2/2012 04:45:28.6139304
Update--390 1/2/2012 04:45:42.2981546
Update--626 1/2/2012 04:45:51.3783706
Update--629 1/2/2012 04:46:04.6725941
Update--538 1/2/2012 04:46:17.6870172
Update--883 1/2/2012 04:46:30.3250395
820 1/2/2012 04:46:33.3368448
Update--841 1/2/2012 04:46:45.0700656
Update--956 1/2/2012 04:46:55.8818846
903 1/2/2012 04:46:58.4880892
Update--560 1/2/2012 04:47:10.6445108
Update--561 1/2/2012 04:47:24.7343357
Update--572 1/2/2012 04:47:39.9307625
Update--740 1/2/2012 04:47:45.0017715
Update--391 1/2/2012 04:47:55.7113907
Update--392 1/2/2012 04:48:06.6490101
Update--393 1/2/2012 04:48:19.0872322
Update--394 1/2/2012 04:48:27.0754463
Update--402 1/2/2012 04:48:40.9840712
Update--403 1/2/2012 04:48:58.3655019
Update--187 1/2/2012 04:49:13.4069285
Update--213 1/2/2012 04:49:26.3609516
Update--379 1/2/2012 04:49:31.4943606
Update--380 1/2/2012 04:49:35.7073681
Update--703 1/2/2012 04:49:39.4357746
Update--605 1/2/2012 04:49:46.4109870
Update--641 1/2/2012 04:49:53.5723996
803 1/2/2012 04:49:57.6762069
849 1/2/2012 04:50:01.8580143
861 1/2/2012 04:50:06.1646219
Update--889 1/2/2012 04:50:22.0202501
Update--621 1/2/2012 04:50:33.9396711
Update--772 1/2/2012 04:50:37.3726772
Update--773 1/2/2012 04:50:40.4312826
Update--569 1/2/2012 04:50:56.6115112
Update--507 1/2/2012 04:51:06.0827279
Update--384 1/2/2012 04:51:18.3151495
Update--521 1/2/2012 04:51:25.9173632
Update--487 1/2/2012 04:51:32.1583742
Update--489 1/2/2012 04:51:40.9431897
Update--490 1/2/2012 04:51:48.1046024
Update--491 1/2/2012 04:51:57.2854189
Update--501 1/2/2012 04:52:05.1644328
Update--502 1/2/2012 04:52:24.6860674
Update--658 1/2/2012 04:52:28.8990749
Update--589 1/2/2012 04:52:33.2524826
Update--586 1/2/2012 04:52:43.8197015
Update--957 1/2/2012 04:52:58.6115276
814 1/2/2012 04:53:05.1479391
815 1/2/2012 04:53:07.4733433
Update--942 1/2/2012 04:53:30.3031837
Update--587 1/2/2012 04:53:49.8696183
Update--599 1/2/2012 04:53:58.4672335
Update--615 1/2/2012 04:54:14.3188615
Update--776 1/2/2012 04:54:18.4226688
Update--506 1/2/2012 04:54:35.3818987
Update--494 1/2/2012 04:54:47.3959199
Update--495 1/2/2012 04:54:59.2383408
Update--496 1/2/2012 04:55:09.7079593
Update--488 1/2/2012 04:55:41.9436162
Update--500 1/2/2012 04:56:13.8984727
Update--554 1/2/2012 04:56:25.4806934
Update--531 1/2/2012 04:56:40.0073191
Update--542 1/2/2012 04:56:46.5039309
Update--493 1/2/2012 04:57:06.0939660
Update--498 1/2/2012 04:57:20.0121906
Update--499 1/2/2012 04:57:27.3140035
Update--992 1/2/2012 04:57:44.9616347
Update--940 1/2/2012 04:57:54.0418507
830 1/2/2012 04:57:58.4742586
831 1/2/2012 04:58:00.7372626
Update--735 1/2/2012 04:58:08.5226764
Update--983 1/2/2012 04:58:22.6693019
Update--984 1/2/2012 04:58:40.6903337
Update--497 1/2/2012 04:58:46.1699436
Update--469 1/2/2012 04:58:58.3399651
Update--470 1/2/2012 04:59:02.3189721
Update--472 1/2/2012 04:59:18.7332011
Update--473 1/2/2012 04:59:27.9860175
Update--477 1/2/2012 04:59:36.3642322
Update--478 1/2/2012 04:59:42.6520433
Update--546 1/2/2012 04:59:55.6432668
Update--763 1/2/2012 05:00:01.0720764
Update--691 1/2/2012 05:00:04.9408832
Update--732 1/2/2012 05:00:12.0252957
Update--665 1/2/2012 05:00:22.8537148
Update--683 1/2/2012 05:00:26.9419221
Update--684 1/2/2012 05:00:30.9209291
Update--692 1/2/2012 05:00:38.5815426
Update--759 1/2/2012 05:00:46.6487569
Update--476 1/2/2012 05:00:59.1357792
Update--483 1/2/2012 05:01:07.8581947
Update--484 1/2/2012 05:01:19.3106149
Update--485 1/2/2012 05:01:28.5936313
Update--486 1/2/2012 05:01:37.4262469
Update--480 1/2/2012 05:01:47.6150649
Update--481 1/2/2012 05:01:53.7624758
906 1/2/2012 05:01:55.6656791
Update--840 1/2/2012 05:02:03.4364929
Update--850 1/2/2012 05:02:06.5564984
Update--985 1/2/2012 05:02:22.8781273
Update--482 1/2/2012 05:02:37.4671531
Update--475 1/2/2012 05:02:48.7479730
Update--552 1/2/2012 05:02:59.0459912
Update--782 1/2/2012 05:03:01.7915960
Update--789 1/2/2012 05:03:04.2262003
Update--694 1/2/2012 05:03:06.9874052
Update--695 1/2/2012 05:03:11.0590123
Update--649 1/2/2012 05:03:19.4538272
Update--370 1/2/2012 05:03:34.3548535
Update--371 1/2/2012 05:03:44.4500714
Update--366 1/2/2012 05:03:50.4258819
Update--367 1/2/2012 05:03:59.1482973
Update--733 1/2/2012 05:04:11.3495189
Update--746 1/2/2012 05:04:19.3759334
Update--581 1/2/2012 05:04:40.2099705
Update--551 1/2/2012 05:04:49.1909873
Update--986 1/2/2012 05:05:02.9250116
904 1/2/2012 05:05:04.7824149
Update--877 1/2/2012 05:05:16.5000356
818 1/2/2012 05:05:19.4192408
819 1/2/2012 05:05:21.3380442
Update--826 1/2/2012 05:05:23.4128478
Update--882 1/2/2012 05:05:29.3730584
Update--982 1/2/2012 05:05:40.4510779
Update--536 1/2/2012 05:05:58.0051090
Update--474 1/2/2012 05:06:05.2767219
Update--465 1/2/2012 05:06:15.8243405
Update--466 1/2/2012 05:06:34.6087736
Update--467 1/2/2012 05:06:39.3355819
Update--664 1/2/2012 05:06:44.7527917
Update--622 1/2/2012 05:06:51.8830042
Update--608 1/2/2012 05:06:58.3112156
Update--545 1/2/2012 05:07:03.2418243
Update--570 1/2/2012 05:07:08.3908334
Update--553 1/2/2012 05:07:20.5522553
Update--565 1/2/2012 05:07:28.1192686
Update--445 1/2/2012 05:07:45.1584988
Update--447 1/2/2012 05:07:58.3475223
Update--448 1/2/2012 05:08:04.8069337
Update--449 1/2/2012 05:08:13.7789496
Update--450 1/2/2012 05:08:21.2221628
Update--442 1/2/2012 05:08:30.1931786
Update--443 1/2/2012 05:08:38.9155940
Update--438 1/2/2012 05:08:57.5294269
895 1/2/2012 05:09:00.7274325
Update--991 1/2/2012 05:09:11.2070516
Update--854 1/2/2012 05:09:28.0424813
Update--884 1/2/2012 05:09:40.2527033
Update--822 1/2/2012 05:09:43.8105096
Update--459 1/2/2012 05:09:53.5781269
Update--460 1/2/2012 05:09:58.5711357
Update--461 1/2/2012 05:10:03.7357449
Update--462 1/2/2012 05:10:17.4823692
Update--463 1/2/2012 05:10:25.0649826
Update--464 1/2/2012 05:10:36.3302024
Update--451 1/2/2012 05:10:43.0386151
Update--452 1/2/2012 05:10:48.8428254
Update--564 1/2/2012 05:10:55.3490369
Update--455 1/2/2012 05:11:07.1924578
Update--457 1/2/2012 05:11:27.0074928
Update--606 1/2/2012 05:11:34.2579062
Update--612 1/2/2012 05:11:38.6893140
Update--630 1/2/2012 05:11:52.6075386
Update--663 1/2/2012 05:11:56.7415459
Update--610 1/2/2012 05:12:03.9039586
Update--611 1/2/2012 05:12:11.3149717
Update--458 1/2/2012 05:12:21.4433897
Update--479 1/2/2012 05:12:31.4414080
Update--548 1/2/2012 05:12:40.9740248
Update--524 1/2/2012 05:12:49.3854398
Update--453 1/2/2012 05:13:01.5242612
Update--454 1/2/2012 05:13:09.7630758
Update--233 1/2/2012 05:13:16.6124879
Update--885 1/2/2012 05:13:27.9557079
Update--886 1/2/2012 05:13:40.7975306
Update--887 1/2/2012 05:13:46.6475409
Update--888 1/2/2012 05:13:51.9681503
Update Area--CAGAYAN-REGION-AREA1 1/2/2012 05:13:54.5899549
Update Area--CAGAYAN-REGION-AREA2 1/2/2012 05:13:56.8987590
Update Area--CAGAYAN-REGION-AREA3 1/2/2012 05:13:59.1929631
Update Area--CAGAYAN-REGION-AREA4 1/2/2012 05:14:01.5017671
