Update Area--<none> 10/10/2011 08:46:06.5903297
Update Area--ANAKROM-REGION-AREA1 10/10/2011 08:46:06.9966031
Update Area--ANAKROM-REGION-AREA2 10/10/2011 08:46:07.4497542
Update Area--ANAKROM-REGION-AREA3 10/10/2011 08:46:07.8091499
Update Area--ANAKROM-REGION-AREA4 10/10/2011 08:46:08.1685456
Update Area--CAGAYAN-REGION-AREA1 10/10/2011 08:46:08.6529485
Update Area--CAGAYAN-REGION-AREA2 10/10/2011 08:46:09.0123442
941 10/14/2011 08:47:11.7620430
677 10/14/2011 08:47:15.1994770
711 10/14/2011 08:47:18.1056712
712 10/14/2011 08:47:21.0431247
726 10/14/2011 08:47:25.4339183
036 10/14/2011 08:47:31.4810255
057 10/14/2011 08:47:42.8564623
066 10/14/2011 08:47:48.9816975
079 10/14/2011 08:47:55.6694543
264 10/14/2011 08:48:02.7947279
593 10/14/2011 08:48:09.2012239
628 10/14/2011 08:48:13.1388751
582 10/14/2011 08:48:23.4203732
537 10/14/2011 08:48:29.4983815
396 10/14/2011 08:48:38.7794533
280 10/14/2011 08:48:44.9824592
281 10/14/2011 08:48:51.9198260
284 10/14/2011 08:49:04.7008306
285 10/14/2011 08:49:11.3725775
290 10/14/2011 08:49:18.4818160
720 10/14/2011 08:49:23.0911166
696 10/14/2011 08:49:26.2160766
697 10/14/2011 08:49:29.3097870
673 10/14/2011 08:49:37.9346766
875 10/14/2011 08:49:45.3877062
727 10/14/2011 08:49:51.7782494
730 10/14/2011 08:49:55.9344462
731 10/14/2011 08:50:00.4187638
724 10/14/2011 08:50:05.3405758
725 10/14/2011 08:50:09.2467758
291 10/14/2011 08:50:15.4810710
287 10/14/2011 08:50:23.5903595
289 10/14/2011 08:50:29.7778199
583 10/14/2011 08:50:35.7465317
639 10/14/2011 08:50:39.1840097
288 10/14/2011 08:50:45.3089705
292 10/14/2011 08:50:51.4183064
282 10/14/2011 08:50:57.4963925
283 10/14/2011 08:51:03.9338513
246 10/14/2011 08:51:09.9650627
250 10/14/2011 08:51:16.4806460
251 10/14/2011 08:51:24.7618926
252 10/14/2011 08:51:33.7307000
254 10/14/2011 08:51:42.0120030
248 10/14/2011 08:51:48.8870470
747 10/14/2011 08:52:25.8403768
843 10/14/2011 08:52:37.6372518
679 10/14/2011 08:52:41.2935018
668 10/14/2011 08:52:44.9185018
574 10/14/2011 08:52:50.8716268
519 10/14/2011 08:52:57.8560018
533 10/14/2011 08:53:05.1060018
346 10/14/2011 08:53:12.7622518
347 10/14/2011 08:53:22.3091268
348 10/14/2011 08:53:30.0903768
349 10/14/2011 08:53:38.0435018
350 10/14/2011 08:53:44.3091268
351 10/14/2011 08:53:51.4653768
352 10/14/2011 08:53:59.0747518
353 10/14/2011 08:54:06.3716268
373 10/14/2011 08:54:11.4810018
338 10/14/2011 08:54:18.9341268
339 10/14/2011 08:54:27.3716683
342 10/14/2011 08:54:34.5123390
528 10/14/2011 08:54:41.0123806
550 10/14/2011 08:54:47.3249210
604 10/14/2011 08:54:53.4030849
627 10/14/2011 08:54:57.2937348
880 10/14/2011 08:55:03.4187740
881 10/14/2011 08:55:10.3406933
948 10/14/2011 08:55:17.6688652
995 10/14/2011 08:55:28.8251866
355 10/14/2011 08:55:35.6377302
356 10/14/2011 08:55:41.3565168
359 10/14/2011 08:55:48.8878150
360 10/14/2011 08:55:56.0128606
361 10/14/2011 08:56:05.5285465
362 10/14/2011 08:56:16.2317400
363 10/14/2011 08:56:23.2942698
368 10/14/2011 08:56:30.5911448
365 10/14/2011 08:56:37.7005198
344 10/14/2011 08:56:44.5755198
340 10/14/2011 08:56:51.2942698
341 10/14/2011 08:56:56.8567698
640 10/14/2011 08:57:01.0911448
558 10/14/2011 08:57:07.8255198
335 10/14/2011 08:57:14.5442698
336 10/14/2011 08:57:21.3880198
172 10/14/2011 08:57:28.1536448
687 10/14/2011 08:57:31.5911448
688 10/14/2011 08:57:34.7473948
689 10/14/2011 08:57:37.7473948
879 10/14/2011 08:57:44.7786448
343 10/14/2011 08:57:53.8255198
354 10/14/2011 08:58:00.5911448
364 10/14/2011 08:58:07.2317698
410 10/14/2011 08:58:15.1380198
412 10/14/2011 08:58:21.0286457
413 10/14/2011 08:58:27.9036897
414 10/14/2011 08:58:34.8881094
415 10/14/2011 08:58:43.8256666
416 10/14/2011 08:58:54.0601071
405 10/14/2011 08:59:01.3414037
407 10/14/2011 08:59:09.0289529
408 10/14/2011 08:59:16.6696268
618 10/14/2011 08:59:38.4197660
620 10/14/2011 08:59:46.7010690
108 10/14/2011 08:59:53.4354871
845 10/14/2011 09:00:00.9980355
862 10/14/2011 09:00:08.5293337
748 10/14/2011 09:00:15.7325048
878 10/14/2011 09:00:23.2950686
619 10/14/2011 09:00:34.0608314
430 10/14/2011 09:00:39.3577742
406 10/14/2011 09:00:46.5766166
417 10/14/2011 09:00:53.5767062
418 10/14/2011 09:01:00.7799234
419 10/14/2011 09:01:08.2956446
420 10/14/2011 09:01:15.2644838
421 10/14/2011 09:01:21.6864359
423 10/14/2011 09:01:27.2802217
424 10/14/2011 09:01:34.1396406
425 10/14/2011 09:01:41.6240635
431 10/14/2011 09:01:49.1709868
409 10/14/2011 09:01:56.0772810
427 10/14/2011 09:02:01.5929413
428 10/14/2011 09:02:07.4054785
429 10/14/2011 09:02:14.3898982
434 10/14/2011 09:02:20.4680621
954 10/14/2011 09:02:26.8118527
719 10/14/2011 09:02:29.5306201
718 10/14/2011 09:02:32.3743883
435 10/14/2011 09:02:39.5931845
436 10/14/2011 09:02:46.9057313
437 10/14/2011 09:02:53.4838984
439 10/14/2011 09:02:59.2026850
440 10/14/2011 09:03:05.1714732
441 10/14/2011 09:03:12.1558929
432 10/14/2011 09:03:18.9684365
433 10/14/2011 09:03:25.6715738
105 10/14/2011 09:03:32.6871988
037 10/14/2011 09:03:38.9215738
040 10/14/2011 09:03:45.6403238
029 10/14/2011 09:03:52.0309488
030 10/14/2011 09:04:03.1871988
032 10/14/2011 09:04:09.5153238
033 10/14/2011 09:04:16.2653238
034 10/14/2011 09:04:22.8278238
035 10/14/2011 09:04:28.9684488
018 10/14/2011 09:04:36.8903238
750 10/14/2011 09:04:42.8278238
868 10/14/2011 09:04:48.9840738
846 10/14/2011 09:04:55.0465738
749 10/14/2011 09:05:01.2184488
867 10/14/2011 09:05:08.7496988
019 10/14/2011 09:05:16.3434488
020 10/14/2011 09:05:24.2184701
022 10/14/2011 09:05:30.9841384
023 10/14/2011 09:05:38.9685645
024 10/14/2011 09:05:46.7186141
025 10/14/2011 09:05:53.2186557
026 10/14/2011 09:06:00.9218300
027 10/14/2011 09:06:07.2968708
028 10/14/2011 09:06:14.1250395
078 10/14/2011 09:06:20.7188317
526 10/14/2011 09:06:27.7813769
512 10/14/2011 09:06:34.0001667
508 10/14/2011 09:06:40.6564593
616 10/14/2011 09:06:47.7190045
633 10/14/2011 09:06:51.3596528
045 10/14/2011 09:06:58.3284474
046 10/14/2011 09:07:07.2503795
047 10/14/2011 09:07:14.9379287
048 10/14/2011 09:07:22.1098418
049 10/14/2011 09:07:29.4223418
050 10/14/2011 09:07:36.7035918
054 10/14/2011 09:07:48.6098418
042 10/14/2011 09:07:57.6567168
052 10/14/2011 09:08:05.7660918
325 10/14/2011 09:08:20.5317168
053 10/14/2011 09:08:27.4223418
043 10/14/2011 09:08:34.1410918
055 10/14/2011 09:08:41.9535918
051 10/14/2011 09:08:48.2660918
041 10/14/2011 09:08:55.2192168
038 10/14/2011 09:09:08.7504668
532 10/14/2011 09:09:15.7192168
866 10/14/2011 09:09:22.3129759
722 10/14/2011 09:09:29.6255227
721 10/14/2011 09:09:33.8442997
864 10/14/2011 09:09:41.6412246
865 10/14/2011 09:09:49.2506483
710 10/14/2011 09:09:52.5319193
644 10/14/2011 09:09:57.3288250
547 10/14/2011 09:10:05.0632495
591 10/14/2011 09:10:17.5008291
571 10/14/2011 09:10:27.6102688
578 10/14/2011 09:10:36.7353272
067 10/14/2011 09:10:47.0010179
068 10/14/2011 09:10:53.9541874
069 10/14/2011 09:11:05.5480116
065 10/14/2011 09:11:16.3293306
260 10/14/2011 09:11:23.1887495
240 10/14/2011 09:11:30.5950469
070 10/14/2011 09:11:37.6732172
071 10/14/2011 09:11:44.7982628
072 10/14/2011 09:11:51.2983044
073 10/14/2011 09:11:59.2671054
056 10/14/2011 09:12:08.1734124
064 10/14/2011 09:12:18.4859784
087 10/14/2011 09:12:25.7672438
585 10/14/2011 09:12:32.8609938
511 10/14/2011 09:12:40.5172438
699 10/14/2011 09:12:44.7359938
936 10/14/2011 09:12:50.9547438
943 10/14/2011 09:12:58.1578688
088 10/14/2011 09:13:13.5484938
089 10/14/2011 09:13:20.9703693
090 10/14/2011 09:13:33.9548274
092 10/14/2011 09:13:41.1892487
093 10/14/2011 09:13:47.5486644
094 10/14/2011 09:13:53.3924518
080 10/14/2011 09:14:01.6737548
081 10/14/2011 09:14:09.2363032
082 10/14/2011 09:14:16.7519763
084 10/14/2011 09:14:23.4551442
085 10/14/2011 09:14:30.9864424
086 10/14/2011 09:14:38.0646127
083 10/14/2011 09:14:45.6115360
095 10/14/2011 09:14:52.7522067
074 10/14/2011 09:14:59.6428758
075 10/14/2011 09:15:05.7366648
076 10/14/2011 09:15:11.7992036
573 10/14/2011 09:15:18.3461205
937 10/14/2011 09:15:24.7836368
938 10/14/2011 09:15:31.5805118
656 10/14/2011 09:15:34.4242618
869 10/14/2011 09:15:40.5648868
728 10/14/2011 09:15:43.7523868
944 10/14/2011 09:15:50.0961368
945 10/14/2011 09:15:56.3305118
997 10/14/2011 09:16:02.6898868
058 10/14/2011 09:16:08.0336368
059 10/14/2011 09:16:14.6430118
060 10/14/2011 09:16:20.8461368
061 10/14/2011 09:16:26.9711757
062 10/14/2011 09:16:34.3462229
063 10/14/2011 09:16:41.3150175
120 10/14/2011 09:16:49.3150687
121 10/14/2011 09:16:55.6901095
122 10/14/2011 09:17:02.0182750
125 10/14/2011 09:17:08.5183166
126 10/14/2011 09:17:15.3621104
128 10/14/2011 09:17:22.2840297
129 10/14/2011 09:17:29.0184478
130 10/14/2011 09:17:36.0028675
575 10/14/2011 09:17:43.8622928
835 10/14/2011 09:18:02.5811626
702 10/14/2011 09:18:05.8624336
666 10/14/2011 09:18:08.9562034
839 10/14/2011 09:18:21.8937862
555 10/14/2011 09:18:28.6438294
123 10/14/2011 09:18:36.1595025
124 10/14/2011 09:18:42.3470421
106 10/14/2011 09:18:47.9408279
103 10/14/2011 09:19:00.5346585
109 10/14/2011 09:19:07.3628272
112 10/14/2011 09:19:14.0503700
115 10/14/2011 09:19:20.3629104
117 10/14/2011 09:19:26.7535388
118 10/14/2011 09:19:33.3785388
119 10/14/2011 09:19:39.6754138
834 10/14/2011 09:19:49.8472888
670 10/14/2011 09:19:53.6754138
953 10/14/2011 09:20:01.5347888
876 10/14/2011 09:20:09.0504138
947 10/14/2011 09:20:18.1597888
104 10/14/2011 09:20:25.6598193
096 10/14/2011 09:20:33.1754924
097 10/14/2011 09:20:41.5192958
098 10/14/2011 09:20:47.8787115
099 10/14/2011 09:20:54.7068802
100 10/14/2011 09:21:01.8319258
101 10/14/2011 09:21:08.5663439
017 10/14/2011 09:21:15.5351385
566 10/14/2011 09:21:22.8789355
567 10/14/2011 09:21:29.5664783
549 10/14/2011 09:21:36.1915207
559 10/14/2011 09:21:43.5978181
107 10/14/2011 09:21:53.7385080
116 10/14/2011 09:22:00.2385496
113 10/14/2011 09:22:07.3792203
114 10/14/2011 09:22:14.4417655
110 10/14/2011 09:22:21.7699374
111 10/14/2011 09:22:28.2543539
836 10/14/2011 09:22:36.3481557
837 10/14/2011 09:22:43.1294491
838 10/14/2011 09:22:53.3482645
723 10/14/2011 09:23:00.6451862
739 10/14/2011 09:23:04.0045827
136 10/14/2011 09:23:10.3483733
308 10/14/2011 09:23:18.2859241
309 10/14/2011 09:23:24.7078158
298 10/14/2011 09:23:30.3953158
299 10/14/2011 09:23:35.9109408
300 10/14/2011 09:23:42.4265658
301 10/14/2011 09:23:49.8328158
303 10/14/2011 09:23:56.6140658
306 10/14/2011 09:24:02.6765658
527 10/14/2011 09:24:12.3171908
515 10/14/2011 09:24:22.8015780
602 10/14/2011 09:24:31.5516340
624 10/14/2011 09:24:37.8016740
540 10/14/2011 09:24:45.5673487
541 10/14/2011 09:24:52.4580178
302 10/14/2011 09:25:01.8799531
333 10/14/2011 09:25:09.4893768
334 10/14/2011 09:25:15.8644176
326 10/14/2011 09:25:23.0988389
327 10/14/2011 09:25:30.0207582
328 10/14/2011 09:25:37.0208030
329 10/14/2011 09:25:43.8645968
127 10/14/2011 09:25:50.6927655
893 10/14/2011 09:25:59.0678191
894 10/14/2011 09:26:05.7553619
661 10/14/2011 09:26:10.8803947
701 10/14/2011 09:26:13.9897896
319 10/14/2011 09:26:21.6148338
320 10/14/2011 09:26:33.9742088
321 10/14/2011 09:26:42.9742088
322 10/14/2011 09:26:49.0679588
323 10/14/2011 09:26:56.0210838
307 10/14/2011 09:27:01.7554588
311 10/14/2011 09:27:09.4585838
312 10/14/2011 09:27:15.3492088
315 10/14/2011 09:27:20.9742088
316 10/14/2011 09:27:29.6304588
286 10/14/2011 09:27:37.9585838
426 10/14/2011 09:27:44.2085838
517 10/14/2011 09:27:50.7710838
590 10/14/2011 09:27:57.0367088
317 10/14/2011 09:28:03.8179588
313 10/14/2011 09:28:10.2085838
314 10/14/2011 09:28:16.7554588
310 10/14/2011 09:28:23.4586002
148 10/14/2011 09:28:30.1930183
709 10/14/2011 09:28:33.4586642
671 10/14/2011 09:28:36.9118113
890 10/14/2011 09:28:43.7712302
891 10/14/2011 09:28:51.4119041
860 10/14/2011 09:28:58.2088226
760 10/14/2011 09:29:03.3026052
771 10/14/2011 09:29:08.2870121
332 10/14/2011 09:29:15.1464310
324 10/14/2011 09:29:22.7089794
330 10/14/2011 09:29:35.1778092
271 10/14/2011 09:29:45.0684975
570 10/14/2011 09:29:53.3341754
565 10/14/2011 09:29:59.9435927
622 10/14/2011 09:30:06.3498837
608 10/14/2011 09:30:12.6467990
545 10/14/2011 09:30:21.4749842
553 10/14/2011 09:30:29.3500850
442 10/14/2011 09:30:36.8345558
443 10/14/2011 09:30:43.2408878
438 10/14/2011 09:30:49.6159694
445 10/14/2011 09:30:54.9910382
447 10/14/2011 09:31:00.3661070
448 10/14/2011 09:31:07.4286974
449 10/14/2011 09:31:14.2725350
450 10/14/2011 09:31:21.4913698
854 10/14/2011 09:31:29.6944948
991 10/14/2011 09:31:36.5069948
884 10/14/2011 09:31:44.9757448
451 10/14/2011 09:31:51.7413698
452 10/14/2011 09:31:57.2257448
459 10/14/2011 09:32:02.9288698
460 10/14/2011 09:32:09.4913698
461 10/14/2011 09:32:16.3507448
462 10/14/2011 09:32:22.5070051
463 10/14/2011 09:32:27.8039140
464 10/14/2011 09:32:33.3976998
455 10/14/2011 09:32:41.7415032
457 10/14/2011 09:32:47.1009125
606 10/14/2011 09:32:53.7103298
612 10/14/2011 09:32:59.8353690
630 10/14/2011 09:33:04.0072707
564 10/14/2011 09:33:10.6635633
610 10/14/2011 09:33:17.1167296
611 10/14/2011 09:33:23.2105038
548 10/14/2011 09:33:32.3198788
524 10/14/2011 09:33:39.4605038
458 10/14/2011 09:33:45.9292538
479 10/14/2011 09:33:52.5855038
453 10/14/2011 09:33:59.3511288
454 10/14/2011 09:34:07.4136288
233 10/14/2011 09:34:13.8511288
885 10/14/2011 09:34:22.4761288
886 10/14/2011 09:34:30.0542538
887 10/14/2011 09:34:37.6323788
888 10/14/2011 09:34:44.3355038
663 10/14/2011 09:34:48.9761288
001 10/14/2011 09:34:52.0542538
207 10/14/2011 09:34:59.0542538
208 10/14/2011 09:35:06.0855038
209 10/14/2011 09:35:12.3980038
210 10/14/2011 09:35:19.6792538
212 10/14/2011 09:35:25.6480038
214 10/14/2011 09:35:31.4917538
215 10/14/2011 09:35:41.6167538
216 10/14/2011 09:35:48.3980038
217 10/14/2011 09:35:54.8198788
218 10/14/2011 09:36:01.3511288
674 10/14/2011 09:36:04.2261288
675 10/14/2011 09:36:06.8823788
645 10/14/2011 09:36:09.6167538
650 10/14/2011 09:36:12.7417538
651 10/14/2011 09:36:15.8667538
949 10/14/2011 09:36:23.9292732
996 10/14/2011 09:36:31.5699471
874 10/14/2011 09:36:38.9137441
191 10/14/2011 09:36:45.6637873
201 10/14/2011 09:36:52.4294556
202 10/14/2011 09:37:00.7263837
203 10/14/2011 09:37:07.3983014
204 10/14/2011 09:37:14.6327227
205 10/14/2011 09:37:22.1952711
193 10/14/2011 09:37:29.0390649
194 10/14/2011 09:37:33.7890953
195 10/14/2011 09:37:40.1953863
196 10/14/2011 09:37:47.0235550
197 10/14/2011 09:37:53.6798476
198 10/14/2011 09:38:01.5080227
199 10/14/2011 09:38:10.7424568
579 10/14/2011 09:38:21.6956570
634 10/14/2011 09:38:25.2113270
206 10/14/2011 09:38:31.9926638
219 10/14/2011 09:38:38.9458778
221 10/14/2011 09:38:46.4928494
222 10/14/2011 09:38:53.1804350
223 10/14/2011 09:38:59.5086410
224 10/14/2011 09:39:06.3212282
225 10/14/2011 09:39:13.0400642
226 10/14/2011 09:39:19.6807742
227 10/14/2011 09:39:26.2589491
228 10/14/2011 09:39:33.6027461
229 10/14/2011 09:39:38.8996550
230 10/14/2011 09:39:45.3528213
872 10/14/2011 09:39:52.4309916
993 10/14/2011 09:40:01.1810476
698 10/14/2011 09:40:04.9466967
844 10/14/2011 09:40:11.5717391
851 10/14/2011 09:40:18.2124066
007 10/14/2011 09:40:25.3062020
012 10/14/2011 09:40:32.8062500
013 10/14/2011 09:40:44.1813228
014 10/14/2011 09:40:51.4782445
005 10/14/2011 09:40:58.0564116
006 10/14/2011 09:41:04.6033285
568 10/14/2011 09:41:11.8064996
892 10/14/2011 09:41:18.4471671
939 10/14/2011 09:41:24.9003078
946 10/14/2011 09:41:31.3065578
369 10/14/2011 09:41:39.7909328
008 10/14/2011 09:41:46.2753078
009 10/14/2011 09:41:52.9471828
010 10/14/2011 09:41:59.2753078
011 10/14/2011 09:42:06.1659328
015 10/14/2011 09:42:13.2128078
016 10/14/2011 09:42:19.7128078
163 10/14/2011 09:42:25.3690578
176 10/14/2011 09:42:31.6034328
177 10/14/2011 09:42:37.0253078
178 10/14/2011 09:42:44.0878078
180 10/14/2011 09:42:52.4628078
609 10/14/2011 09:42:58.9003078
614 10/14/2011 09:43:05.3690578
597 10/14/2011 09:43:11.5878078
870 10/14/2011 09:43:17.7596828
738 10/14/2011 09:43:20.9784333
705 10/14/2011 09:43:23.7753262
751 10/14/2011 09:43:29.6347387
636 10/14/2011 09:43:33.2285117
181 10/14/2011 09:43:39.4785517
182 10/14/2011 09:43:45.8379674
183 10/14/2011 09:43:52.1973831
184 10/14/2011 09:43:58.4630482
185 10/14/2011 09:44:05.0412153
186 10/14/2011 09:44:11.4006310
188 10/14/2011 09:44:17.8381722
189 10/14/2011 09:44:25.7444728
190 10/14/2011 09:44:31.7601363
318 10/14/2011 09:44:38.1039269
179 10/14/2011 09:44:44.5102179
173 10/14/2011 09:44:51.2758862
174 10/14/2011 09:44:57.5728015
164 10/14/2011 09:45:03.4009638
601 10/14/2011 09:45:09.7135042
580 10/14/2011 09:45:16.4635474
737 10/14/2011 09:45:20.3698224
685 10/14/2011 09:45:23.8854508
994 10/14/2011 09:45:30.0573258
987 10/14/2011 09:45:36.3385758
686 10/14/2011 09:45:39.5417008
707 10/14/2011 09:45:42.4479508
669 10/14/2011 09:45:47.8542008
736 10/14/2011 09:45:51.4792008
603 10/14/2011 09:45:57.6510758
504 10/14/2011 09:46:02.7917008
374 10/14/2011 09:46:08.6979508
165 10/14/2011 09:46:14.1979508
167 10/14/2011 09:46:20.6667008
168 10/14/2011 09:46:25.6510758
171 10/14/2011 09:46:31.1667008
169 10/14/2011 09:46:37.3542008
170 10/14/2011 09:46:42.2292008
166 10/14/2011 09:46:48.3385758
337 10/14/2011 09:46:55.1510758
505 10/14/2011 09:47:01.9167008
635 10/14/2011 09:47:05.2604508
706 10/14/2011 09:47:08.6042008
999 10/14/2011 09:47:14.7448258
678 10/14/2011 09:47:18.5729508
853 10/14/2011 09:47:26.1667345
764 10/14/2011 09:47:32.1667729
595 10/14/2011 09:47:39.3230687
539 10/14/2011 09:47:46.4793645
155 10/14/2011 09:47:53.5575348
156 10/14/2011 09:48:01.2607091
157 10/14/2011 09:48:08.4951304
158 10/14/2011 09:48:14.8545461
159 10/14/2011 09:48:21.0108355
149 10/14/2011 09:48:27.5265022
151 10/14/2011 09:48:33.0577876
152 10/14/2011 09:48:40.5109603
147 10/14/2011 09:48:50.5110243
145 10/14/2011 09:48:58.2454488
146 10/14/2011 09:49:04.2454872
153 10/14/2011 09:49:11.1361563
154 10/14/2011 09:49:21.5893482
144 10/14/2011 09:49:27.8237631
160 10/14/2011 09:49:35.2613107
161 10/14/2011 09:49:41.9488535
305 10/14/2011 09:49:47.8551413
529 10/14/2011 09:49:54.3864331
530 10/14/2011 09:50:01.9177313
588 10/14/2011 09:50:07.9802701
584 10/14/2011 09:50:13.9490583
758 10/14/2011 09:50:20.5428505
744 10/14/2011 09:50:24.4491028
716 10/14/2011 09:50:30.7616028
657 10/14/2011 09:50:34.1366028
680 10/14/2011 09:50:37.1678528
681 10/14/2011 09:50:41.7147278
717 10/14/2011 09:50:45.1209778
708 10/14/2011 09:50:47.9959778
741 10/14/2011 09:50:50.8866028
734 10/14/2011 09:50:54.4334778
871 10/14/2011 09:51:00.7616028
950 10/14/2011 09:51:07.1366028
952 10/14/2011 09:51:13.6991028
637 10/14/2011 09:51:16.9178528
638 10/14/2011 09:51:20.3397278
613 10/14/2011 09:51:26.2772622
518 10/14/2011 09:51:32.2304253
143 10/14/2011 09:51:38.8085924
133 10/14/2011 09:51:45.8867627
137 10/14/2011 09:51:51.7930505
138 10/14/2011 09:51:58.6680945
139 10/14/2011 09:52:09.1212864
140 10/14/2011 09:52:18.2463448
021 10/14/2011 09:52:25.0588884
141 10/14/2011 09:52:32.5120611
142 10/14/2011 09:52:41.9652466
131 10/14/2011 09:52:52.9965672
132 10/14/2011 09:53:02.2153762
134 10/14/2011 09:53:08.4497911
135 10/14/2011 09:53:14.6685809
642 10/14/2011 09:53:18.3873547
345 10/14/2011 09:53:24.1217664
951 10/14/2011 09:53:30.5749327
761 10/14/2011 09:53:35.3405882
752 10/14/2011 09:53:39.8718672
714 10/14/2011 09:53:42.8718864
715 10/14/2011 09:53:45.5906538
690 10/14/2011 09:53:48.4500471
682 10/14/2011 09:53:51.1688145
659 10/14/2011 09:53:53.8875819
691 10/14/2011 09:53:56.9344764
665 10/14/2011 09:54:02.1845100
732 10/14/2011 09:54:05.8720336
983 10/14/2011 09:54:16.4502263
984 10/14/2011 09:54:25.3096580
477 10/14/2011 09:54:30.9034438
478 10/14/2011 09:54:37.8409882
469 10/14/2011 09:54:44.9816589
470 10/14/2011 09:54:51.7160770
472 10/14/2011 09:54:57.7317405
473 10/14/2011 09:55:06.1849196
497 10/14/2011 09:55:12.6849612
546 10/14/2011 09:55:18.9350012
476 10/14/2011 09:55:25.2319165
480 10/14/2011 09:55:31.7788334
481 10/14/2011 09:55:38.3726256
483 10/14/2011 09:55:45.9976744
484 10/14/2011 09:55:52.2477144
485 10/14/2011 09:55:58.7477560
486 10/14/2011 09:56:04.9352956
759 10/14/2011 09:56:11.2165858
840 10/14/2011 09:56:17.6228768
692 10/14/2011 09:56:20.7791470
683 10/14/2011 09:56:23.7947728
684 10/14/2011 09:56:26.8572728
649 10/14/2011 09:56:30.1228978
694 10/14/2011 09:56:32.8572728
695 10/14/2011 09:56:35.8728978
985 10/14/2011 09:56:44.9041478
482 10/14/2011 09:56:51.0291478
475 10/14/2011 09:56:57.5603978
366 10/14/2011 09:57:05.4041478
367 10/14/2011 09:57:11.8103978
370 10/14/2011 09:57:24.6541478
371 10/14/2011 09:57:30.7947728
552 10/14/2011 09:57:37.5760228
551 10/14/2011 09:57:52.0916478
581 10/14/2011 09:57:57.4353978
986 10/14/2011 09:58:02.9978978
877 10/14/2011 09:58:09.5447728
733 10/14/2011 09:58:13.8416478
664 10/14/2011 09:58:17.2322728
882 10/14/2011 09:58:23.3104132
982 10/14/2011 09:58:33.3886027
536 10/14/2011 09:58:41.7480312
474 10/14/2011 09:58:48.3886987
465 10/14/2011 09:58:55.0606164
466 10/14/2011 09:59:02.0294110
467 10/14/2011 09:59:08.9357052
543 10/14/2011 09:59:16.4670034
522 10/14/2011 09:59:23.2326717
102 10/14/2011 09:59:29.8577141
269 10/14/2011 09:59:36.2015047
273 10/14/2011 09:59:45.9046918
274 10/14/2011 09:59:53.3891147
275 10/14/2011 09:59:59.5141539
262 10/14/2011 10:00:05.8110692
267 10/14/2011 10:00:13.1236160
293 10/14/2011 10:00:19.7174082
259 10/14/2011 10:00:26.5612020
729 10/14/2011 10:00:29.4987208
745 10/14/2011 10:00:36.0925130
766 10/14/2011 10:00:41.6394235
676 10/14/2011 10:00:44.9988200
255 10/14/2011 10:00:51.6551126
256 10/14/2011 10:00:58.5770319
257 10/14/2011 10:01:05.1083237
258 10/14/2011 10:01:11.2177378
263 10/14/2011 10:01:21.1240498
261 10/14/2011 10:01:28.4521748
266 10/14/2011 10:01:42.2959248
563 10/14/2011 10:01:48.5302998
535 10/14/2011 10:01:55.2021748
514 10/14/2011 10:02:02.2021748
272 10/14/2011 10:02:08.8584248
265 10/14/2011 10:02:15.5146748
294 10/14/2011 10:02:22.4053094
296 10/14/2011 10:02:28.8584757
297 10/14/2011 10:02:35.8585205
277 10/14/2011 10:02:41.3429306
278 10/14/2011 10:02:48.2648499
279 10/14/2011 10:02:54.8898923
775 10/14/2011 10:03:00.7180546
779 10/14/2011 10:03:05.8274623
660 10/14/2011 10:03:09.7181122
693 10/14/2011 10:03:13.2650099
249 10/14/2011 10:03:20.4056806
247 10/14/2011 10:03:25.8275903
253 10/14/2011 10:03:32.6088837
241 10/14/2011 10:03:39.3589269
242 10/14/2011 10:03:47.2027271
243 10/14/2011 10:03:54.6402747
244 10/14/2011 10:04:01.6559446
245 10/14/2011 10:04:08.3903627
513 10/14/2011 10:04:13.8435226
557 10/14/2011 10:04:20.3904395
509 10/14/2011 10:04:27.2810678
510 10/14/2011 10:04:34.4841928
523 10/14/2011 10:04:41.4529428
295 10/14/2011 10:04:49.2029428
268 10/14/2011 10:04:56.0779428
276 10/14/2011 10:05:02.4216928
044 10/14/2011 10:05:09.6716928
662 10/14/2011 10:05:15.3279428
842 10/14/2011 10:05:23.4529428
743 10/14/2011 10:05:27.0310678
647 10/14/2011 10:05:33.1873178
648 10/14/2011 10:05:39.5935678
704 10/14/2011 10:05:42.5154428
236 10/14/2011 10:05:48.6248178
237 10/14/2011 10:05:55.3123178
234 10/14/2011 10:06:01.9841928
232 10/14/2011 10:06:09.1716928
192 10/14/2011 10:06:15.4998178
556 10/14/2011 10:06:22.2342013
544 10/14/2011 10:06:29.2186210
607 10/14/2011 10:06:36.5155427
617 10/14/2011 10:06:43.4062118
596 10/14/2011 10:06:49.7656275
525 10/14/2011 10:06:56.1875436
534 10/14/2011 10:07:03.4844653
238 10/14/2011 10:07:10.6876364
239 10/14/2011 10:07:16.7501752
646 10/14/2011 10:07:23.2970921
762 10/14/2011 10:07:29.1565046
998 10/14/2011 10:07:35.2034183
873 10/14/2011 10:07:42.2659635
655 10/14/2011 10:07:47.4066214
700 10/14/2011 10:07:50.4066406
231 10/14/2011 10:07:57.0941834
235 10/14/2011 10:08:04.0786031
503 10/14/2011 10:08:10.7192706
594 10/14/2011 10:08:17.0318110
598 10/14/2011 10:08:23.0318494
372 10/14/2011 10:08:29.1725137
381 10/14/2011 10:08:36.5788111
422 10/14/2011 10:08:41.7038439
375 10/14/2011 10:08:48.6413883
376 10/14/2011 10:08:55.4539319
377 10/14/2011 10:09:02.2196002
378 10/14/2011 10:09:11.8134116
200 10/14/2011 10:09:18.3134532
767 10/14/2011 10:09:23.0478448
955 10/14/2011 10:09:30.0478448
863 10/14/2011 10:09:41.1572198
742 10/14/2011 10:09:44.6103448
667 10/14/2011 10:09:48.5634698
175 10/14/2011 10:09:54.7665948
397 10/14/2011 10:10:03.8759698
398 10/14/2011 10:10:10.9072198
399 10/14/2011 10:10:17.3915948
400 10/14/2011 10:10:23.8134884
401 10/14/2011 10:10:30.5635316
382 10/14/2011 10:10:35.3604373
404 10/14/2011 10:10:41.6104773
444 10/14/2011 10:10:47.9698930
600 10/14/2011 10:10:53.9855565
625 10/14/2011 10:11:00.1730961
626 10/14/2011 10:11:03.9543703
629 10/14/2011 10:11:07.7200194
538 10/14/2011 10:11:15.9856973
383 10/14/2011 10:11:22.6732401
385 10/14/2011 10:11:29.4076582
386 10/14/2011 10:11:36.6420795
388 10/14/2011 10:11:43.3139972
389 10/14/2011 10:11:49.4702866
390 10/14/2011 10:11:55.7984521
220 10/14/2011 10:12:02.2047431
331 10/14/2011 10:12:19.5173539
841 10/14/2011 10:12:26.6424362
956 10/14/2011 10:12:33.8144030
883 10/14/2011 10:12:40.4394878
740 10/14/2011 10:12:45.3614258
187 10/14/2011 10:12:51.9865106
391 10/14/2011 10:12:59.4397310
392 10/14/2011 10:13:08.2210934
393 10/14/2011 10:13:17.2212086
394 10/14/2011 10:13:24.8462810
402 10/14/2011 10:13:31.4088230
403 10/14/2011 10:13:37.8619893
560 10/14/2011 10:13:44.4089062
561 10/14/2011 10:13:51.6589526
572 10/14/2011 10:13:58.8777488
605 10/14/2011 10:14:05.1746641
641 10/14/2011 10:14:09.9559447
379 10/14/2011 10:14:17.0184899
380 10/14/2011 10:14:24.2060148
213 10/14/2011 10:14:31.7841398
703 10/14/2011 10:14:35.4403898
889 10/14/2011 10:14:43.6278898
384 10/14/2011 10:14:50.4091398
621 10/14/2011 10:14:56.5810148
569 10/14/2011 10:15:03.1278898
507 10/14/2011 10:15:10.4872648
562 10/14/2011 10:15:17.1903898
632 10/14/2011 10:15:20.7685148
623 10/14/2011 10:15:36.4247648
003 10/14/2011 10:15:43.7372648
004 10/14/2011 10:15:50.5653898
652 10/14/2011 10:15:56.8466398
653 10/14/2011 10:16:00.0653898
833 10/14/2011 10:16:08.9872648
658 10/14/2011 10:16:13.2372648
957 10/14/2011 10:16:22.7841398
589 10/14/2011 10:16:28.7060148
586 10/14/2011 10:16:36.4247648
501 10/14/2011 10:16:43.6435148
502 10/14/2011 10:16:50.1278898
521 10/14/2011 10:16:56.5341398
487 10/14/2011 10:17:02.7372648
489 10/14/2011 10:17:09.3466398
490 10/14/2011 10:17:16.6903898
491 10/14/2011 10:17:22.9404028
494 10/14/2011 10:17:29.2998185
495 10/14/2011 10:17:36.0654868
496 10/14/2011 10:17:42.7374045
488 10/14/2011 10:17:49.4249473
506 10/14/2011 10:17:55.7843630
500 10/14/2011 10:18:02.0344030
554 10/14/2011 10:18:08.7844462
587 10/14/2011 10:18:14.8626101
599 10/14/2011 10:18:20.9407740
615 10/14/2011 10:18:27.4408156
942 10/14/2011 10:18:34.8314879
776 10/14/2011 10:18:39.8315199
735 10/14/2011 10:18:43.9877965
940 10/14/2011 10:18:50.6753393
992 10/14/2011 10:18:58.3160132
542 10/14/2011 10:19:07.0660692
498 10/14/2011 10:19:14.7067431
499 10/14/2011 10:19:22.5349182
531 10/14/2011 10:19:29.5349630
493 10/14/2011 10:19:39.4100262
Insert Area--<none> 10/14/2011 10:19:39.8006537
Insert Area--ANAKROM-REGION-AREA1 10/14/2011 10:19:40.2225314
Insert Area--ANAKROM-REGION-AREA2 10/14/2011 10:19:40.5975338
Insert Area--ANAKROM-REGION-AREA3 10/14/2011 10:19:40.9725362
Insert Area--ANAKROM-REGION-AREA4 10/14/2011 10:19:41.3162884
Insert Area--CAGAYAN-REGION-AREA1 10/14/2011 10:19:41.6756657
Insert Area--CAGAYAN-REGION-AREA2 10/14/2011 10:19:42.0350430
Insert Area--CAGAYAN-REGION-AREA3 10/14/2011 10:19:42.4100454
Insert Area--CAGAYAN-REGION-AREA4 10/14/2011 10:19:42.7537976
Insert Area--CAGAYAN-REGION-AREA5 10/14/2011 10:19:43.1131749
Insert Area--CARAGA-REGION-AREA1 10/14/2011 10:19:43.4881773
Insert Area--CARAGA-REGION-AREA1 10/14/2011 10:19:43.8475546
Insert Area--CARAGA-REGION-AREA2 10/14/2011 10:19:44.2069319
Insert Area--CARAGA-REGION-AREA3 10/14/2011 10:19:44.5663092
Insert Area--CARAGA-REGION-AREA4 10/14/2011 10:19:44.9256865
Insert Area--Cebu Central A 10/14/2011 10:19:45.2850638
Insert Area--Cebu Central B 10/14/2011 10:19:45.6600662
Insert Area--Cebu Central C 10/14/2011 10:19:46.0038184
Insert Area--Cebu Central D 10/14/2011 10:19:46.3631957
Insert Area--Cebu North A 10/14/2011 10:19:46.7225730
Insert Area--Cebu North A 10/14/2011 10:19:47.0819503
Insert Area--Cebu North B 10/14/2011 10:19:47.4413276
Insert Area--Cebu North C 10/14/2011 10:19:47.8007049
Insert Area--Cebu North D 10/14/2011 10:19:48.1600822
Insert Area--Cebu North E 10/14/2011 10:19:48.5194595
Insert Area--Cebu South A 10/14/2011 10:19:48.8788368
Insert Area--Cebu South B 10/14/2011 10:19:49.2538392
Insert Area--Cebu South C 10/14/2011 10:19:49.6132165
Insert Area--CEBU SOUTH D 10/14/2011 10:19:49.9725938
Insert Area--CEBU SOUTH E 10/14/2011 10:19:50.3319711
Insert Area--DAVA0-MINDANAO-REGION-AREA1 10/14/2011 10:19:50.6913484
Insert Area--DAVA0-MINDANAO-REGION-AREA2 10/14/2011 10:19:51.0507257
Insert Area--DAVA0-MINDANAO-REGION-AREA3 10/14/2011 10:19:51.4101030
Insert Area--DAVA0-MINDANAO-REGION-AREA4 10/14/2011 10:19:51.7694803
Insert Area--DAVA0-MINDANAO-REGION-AREA5 10/14/2011 10:19:52.1288576
Insert Area--DIPOLOG-MINDANAO-REGION-AREA1 10/14/2011 10:19:52.4882349
Insert Area--DIPOLOG-MINDANAO-REGION-AREA2 10/14/2011 10:19:52.8319871
Insert Area--DIPOLOG-MINDANAO-REGION-AREA3 10/14/2011 10:19:53.2069895
Insert Area--HO 10/14/2011 10:19:53.5663668
Insert Area--LEYTE-REGION-AREA1 10/14/2011 10:19:53.9101190
Insert Area--LEYTE-REGION-AREA2 10/14/2011 10:19:54.2694963
Insert Area--LEYTE-REGION-AREA2 10/14/2011 10:19:54.6288736
Insert Area--LEYTE-REGION-AREA3 10/14/2011 10:19:54.9882509
Insert Area--LUZON-SHOWROOMS 10/14/2011 10:19:55.3476282
Insert Area--MINDANAO-SHOWROOMS 10/14/2011 10:19:55.7070055
Insert Area--NCR-SHOWROOMS 10/14/2011 10:19:56.0663828
Insert Area--NEGROS-OCC-REGION-AREA1 10/14/2011 10:19:56.4257601
Insert Area--NEGROS-OCC-REGION-AREA2 10/14/2011 10:19:56.7851374
Insert Area--NEGROS-OCC-REGION-AREA3 10/14/2011 10:19:57.1445147
Insert Area--NEGROS-OCC-REGION-AREA4 10/14/2011 10:19:57.5351422
Insert Area--NEGROS-OCC-REGION-AREA5 10/14/2011 10:19:58.0195203
Insert Area--NEGROS-ORIENTAL-REGION-AREA1 10/14/2011 10:19:58.4726482
Insert Area--NEGROS-ORIENTAL-REGION-AREA2 10/14/2011 10:19:58.8632757
Insert Area--NEGROS-ORIENTAL-REGION-AREA3 10/14/2011 10:19:59.2539032
Insert Area--NEGROS-ORIENTAL-REGION-AREA4 10/14/2011 10:19:59.6289056
Insert Area--OZAMIS-MINDANAO-REGION-AREA1 10/14/2011 10:20:00.0039080
Insert Area--OZAMIS-MINDANAO-REGION-AREA2 10/14/2011 10:20:00.3632853
Insert Area--OZAMIS-MINDANAO-REGION-AREA3 10/14/2011 10:20:00.7382877
Insert Area--OZAMIS-MINDANAO-REGION-AREA4 10/14/2011 10:20:01.0976650
Insert Area--OZAMIS-MINDANAO-REGION-AREA5 10/14/2011 10:20:01.5195427
Insert Area--PANAY-ROMBLON-REGION-AREA1 10/14/2011 10:20:01.8945451
Insert Area--PANAY-ROMBLON-REGION-AREA2 10/14/2011 10:20:02.2539224
Insert Area--PANAY-ROMBLON-REGION-AREA3 10/14/2011 10:20:02.6914252
Insert Area--PANAY-ROMBLON-REGION-AREA4 10/14/2011 10:20:03.0508025
Insert Area--PANAY-ROMBLON-REGION-AREA5 10/14/2011 10:20:03.4101798
Insert Area--SAMAR-REGION-AREA1 10/14/2011 10:20:03.8476826
Insert Area--SAMAR-REGION-AREA2 10/14/2011 10:20:04.2226850
Insert Area--SAMAR-REGION-AREA3 10/14/2011 10:20:04.5820623
Insert Area--SOCSKSARGEN-MINDANAO-AREA1 10/14/2011 10:20:05.0195651
Insert Area--SOCSKSARGEN-MINDANAO-AREA2 10/14/2011 10:20:05.3789424
Insert Area--SOCSKSARGEN-MINDANAO-AREA3 10/14/2011 10:20:05.7383197
Insert Area--SOCSKSARGEN-MINDANAO-AREA4 10/14/2011 10:20:06.1758225
Insert Area--SOCSKSARGEN-MINDANAO-AREA5 10/14/2011 10:20:06.5351998
Insert Area--SOCSKSARGEN-MINDANAO-AREA6 10/14/2011 10:20:06.8945771
Insert Area--VISAYAS-SHOWROOMS 10/14/2011 10:20:07.2539544
Insert Area--ZAMBASTA-MINDANAO-AREA1 10/14/2011 10:20:07.6289568
Insert Area--ZAMBASTA-MINDANAO-AREA2 10/14/2011 10:20:07.9883341
Insert Area--ZAMBASTA-MINDANAO-AREA3 10/14/2011 10:20:08.3633365
Insert region--ANAKROM-REGION 10/14/2011 10:20:08.5820879
Insert region--CAGAYAN-REGION 10/14/2011 10:20:08.8008393
Insert region--CARAGA-REGION 10/14/2011 10:20:09.0039656
Insert region--Cebu Central 10/14/2011 10:20:09.2070919
Insert region--Cebu North 10/14/2011 10:20:09.4258433
Insert region--Cebu South 10/14/2011 10:20:09.6445947
Insert region--DAVA0-MINDANAO-REGION 10/14/2011 10:20:09.8633461
Insert region--DIPOLOG-MINDANAO-REGION 10/14/2011 10:20:10.0664724
Insert region--HO 10/14/2011 10:20:10.2695987
Insert region--LA-SHOWROOMS 10/14/2011 10:20:10.4883501
Insert region--LEYTE-REGION 10/14/2011 10:20:10.6914764
Insert region--LUZON/NCR-SHOWROOMS 10/14/2011 10:20:10.9258529
Insert region--NEGROS-OCC-REGION 10/14/2011 10:20:11.1133541
Insert region--NEGROS-ORIENTAL-REGION 10/14/2011 10:20:11.3164804
Insert region--OZAMIS-MINDANAO-REGION 10/14/2011 10:20:11.5039816
Insert region--PANAY-ROMBLON-REGION 10/14/2011 10:20:11.7071079
Insert region--SAMAR-REGION 10/14/2011 10:20:11.9102342
Insert region--SOCSKSARGEN-MINDANAO-REGION 10/14/2011 10:20:13.9258721
Insert region--VISMIN-SHOWROOMS 10/14/2011 10:20:14.3008745
Insert region--ZAMBASTA-MINDANAO-REGION 10/14/2011 10:20:14.6133765
Insert Vismin Wide--  10/14/2011 10:20:14.9727538
Update--941 10/13/2011 10:20:32.2852918
Update--677 10/13/2011 10:20:58.9884168
Update--711 10/13/2011 10:21:01.9727918
Update--712 10/13/2011 10:21:05.5196668
Update--726 10/13/2011 10:21:11.6446668
Update--036 10/13/2011 10:21:19.1602918
Update--057 10/13/2011 10:21:26.0196995
Update--066 10/13/2011 10:21:34.4103782
Update--079 10/13/2011 10:21:41.1760465
Update--264 10/13/2011 10:21:50.0511033
Update--593 10/13/2011 10:21:57.9105286
Update--628 10/13/2011 10:22:05.4262017
Update--582 10/13/2011 10:22:12.7856238
Update--537 10/13/2011 10:22:19.6919180
Update--396 10/13/2011 10:22:28.0669716
Update--280 10/13/2011 10:22:35.0201411
Update--281 10/13/2011 10:22:41.9264353
Update--284 10/13/2011 10:22:49.0671060
Update--285 10/13/2011 10:22:58.4890413
Update--290 10/13/2011 10:23:08.0516025
Update--720 10/13/2011 10:23:14.4891437
Update--696 10/13/2011 10:23:18.4266689
Update--697 10/13/2011 10:23:26.7860598
Update--673 10/13/2011 10:23:43.7704348
Update--875 10/13/2011 10:23:51.6766848
Update--727 10/13/2011 10:24:04.5048098
Update--730 10/13/2011 10:24:09.1454348
Update--731 10/13/2011 10:24:13.1454348
Update--724 10/13/2011 10:24:17.7235598
Update--725 10/13/2011 10:24:24.1610806
Update--291 10/13/2011 10:24:34.1611446
Update--287 10/13/2011 10:24:43.5518297
Update--289 10/13/2011 10:24:51.3175044
Update--583 10/13/2011 10:25:00.2394365
Update--639 10/13/2011 10:25:04.6613398
Update--288 10/13/2011 10:25:12.0520121
Update--292 10/13/2011 10:25:21.4426972
Update--282 10/13/2011 10:25:28.4114918
Update--283 10/13/2011 10:25:41.1771985
Update--246 10/13/2011 10:25:48.8803728
Update--250 10/13/2011 10:25:57.6304288
Update--251 10/13/2011 10:26:05.8336063
Update--252 10/13/2011 10:26:14.5055368
Update--254 10/13/2011 10:26:24.9431036
Update--248 10/13/2011 10:26:31.6306464
Update--747 10/13/2011 10:26:42.0682132
Update--843 10/13/2011 10:26:57.8808144
Update--679 10/13/2011 10:27:01.1152101
Update--668 10/13/2011 10:27:04.3808560
Update--574 10/13/2011 10:27:11.3496506
Update--519 10/13/2011 10:27:20.8340863
Update--533 10/13/2011 10:27:37.2090868
Update--346 10/13/2011 10:27:44.1934618
Update--347 10/13/2011 10:27:52.1465868
Update--348 10/13/2011 10:27:59.2715868
Update--349 10/13/2011 10:28:04.2715868
Update--350 10/13/2011 10:28:09.1153368
Update--351 10/13/2011 10:28:16.3653368
Update--352 10/13/2011 10:28:24.3966091
Update--353 10/13/2011 10:28:34.3810480
Update--373 10/13/2011 10:28:42.3810992
Update--338 10/13/2011 10:28:51.2092807
Update--339 10/13/2011 10:29:00.6312160
Update--342 10/13/2011 10:29:12.8500442
Update--528 10/13/2011 10:29:20.6313440
Update--550 10/13/2011 10:29:28.3813936
Update--604 10/13/2011 10:29:35.6314400
Update--627 10/13/2011 10:29:39.8502170
Update--880 10/13/2011 10:29:46.3033833
Update--881 10/13/2011 10:29:54.3659349
Update--948 10/13/2011 10:30:01.2409789
Update--995 10/13/2011 10:30:08.5222755
Update--355 10/13/2011 10:30:16.3504506
Update--356 10/13/2011 10:30:27.5536473
Update--359 10/13/2011 10:30:37.4443356
Update--360 10/13/2011 10:30:45.0225091
Update--361 10/13/2011 10:31:13.3508154
Update--362 10/13/2011 10:31:26.2258638
Update--363 10/13/2011 10:31:33.8196138
Update--368 10/13/2011 10:31:45.3664888
Update--365 10/13/2011 10:31:55.2414888
Update--344 10/13/2011 10:32:08.5383638
Update--340 10/13/2011 10:32:14.4914888
Update--341 10/13/2011 10:32:19.6633638
Update--640 10/13/2011 10:32:24.0071336
Update--558 10/13/2011 10:32:33.3509434
Update--335 10/13/2011 10:32:40.1166117
Update--336 10/13/2011 10:32:48.9916685
Update--172 10/13/2011 10:32:55.8354623
Update--687 10/13/2011 10:32:59.9917389
Update--688 10/13/2011 10:33:03.3823856
Update--689 10/13/2011 10:33:07.9917901
Update--879 10/13/2011 10:33:17.2418493
Update--343 10/13/2011 10:33:24.9293985
Update--354 10/13/2011 10:33:31.8981931
Update--364 10/13/2011 10:33:39.3044905
Update--410 10/13/2011 10:33:47.2107911
Update--412 10/13/2011 10:33:55.6795953
Update--413 10/13/2011 10:34:05.3202820
Update--414 10/13/2011 10:34:15.7109735
Update--415 10/13/2011 10:34:27.9141318
Update--416 10/13/2011 10:34:37.6641318
Update--405 10/13/2011 10:34:45.6641318
Update--407 10/13/2011 10:34:53.8985068
Update--408 10/13/2011 10:35:00.1328818
Update--618 10/13/2011 10:35:06.8828818
Update--620 10/13/2011 10:35:15.2891318
Update--108 10/13/2011 10:35:29.0703818
Update--845 10/13/2011 10:35:42.3516318
Update--862 10/13/2011 10:35:58.0078818
Update--748 10/13/2011 10:36:04.6953818
Update--878 10/13/2011 10:36:12.2422568
Update--619 10/13/2011 10:36:19.8047568
Update--430 10/13/2011 10:36:28.2735539
Update--406 10/13/2011 10:36:36.7111079
Update--417 10/13/2011 10:36:49.4611895
Update--418 10/13/2011 10:37:01.7737683
Update--419 10/13/2011 10:37:09.3206916
Update--420 10/13/2011 10:37:19.2426301
Update--421 10/13/2011 10:37:31.2583320
Update--423 10/13/2011 10:37:37.4927469
Update--424 10/13/2011 10:37:44.7584184
Update--425 10/13/2011 10:37:51.6647126
Update--431 10/13/2011 10:37:59.6803889
Update--409 10/13/2011 10:38:09.0866991
Update--427 10/13/2011 10:38:18.8367615
Update--428 10/13/2011 10:38:30.8368383
Update--429 10/13/2011 10:38:37.3993803
Update--434 10/13/2011 10:38:44.1337984
Update--954 10/13/2011 10:38:53.7276098
Update--719 10/13/2011 10:38:58.4463900
Update--718 10/13/2011 10:39:02.1495387
Update--435 10/13/2011 10:39:12.5714804
Update--436 10/13/2011 10:39:21.1184088
Update--437 10/13/2011 10:39:29.8059088
Update--439 10/13/2011 10:39:37.9152838
Update--440 10/13/2011 10:39:43.6965338
Update--441 10/13/2011 10:39:50.4309088
Update--432 10/13/2011 10:39:57.6809088
Update--433 10/13/2011 10:40:07.9777838
Update--105 10/13/2011 10:40:16.8996588
Update--037 10/13/2011 10:40:27.4309505
Update--040 10/13/2011 10:40:36.3685077
Update--029 10/13/2011 10:40:44.6654358
Update--030 10/13/2011 10:40:54.2904974
Update--032 10/13/2011 10:41:01.3686677
Update--033 10/13/2011 10:41:08.1499611
Update--034 10/13/2011 10:41:15.9781362
Update--035 10/13/2011 10:41:24.4781906
Update--018 10/13/2011 10:41:32.0563641
Update--750 10/13/2011 10:41:37.9782770
Update--868 10/13/2011 10:41:44.3064425
Update--846 10/13/2011 10:41:50.7127335
Update--749 10/13/2011 10:41:56.6658966
Update--867 10/13/2011 10:42:03.6034410
Update--019 10/13/2011 10:42:12.1347456
Update--020 10/13/2011 10:42:21.3848018
Update--022 10/13/2011 10:42:29.7910518
Update--023 10/13/2011 10:42:44.0098018
Update--024 10/13/2011 10:42:53.8691768
Update--025 10/13/2011 10:43:02.0879268
Update--026 10/13/2011 10:43:11.8535518
Update--027 10/13/2011 10:43:18.7129268
Update--028 10/13/2011 10:43:25.2285518
Update--078 10/13/2011 10:43:33.2441768
Update--526 10/13/2011 10:43:43.7910518
Update--512 10/13/2011 10:43:52.4785518
Update--508 10/13/2011 10:43:58.4941768
Update--616 10/13/2011 10:44:04.6191768
Update--633 10/13/2011 10:44:09.0254268
Update--045 10/13/2011 10:44:15.0254268
Update--046 10/13/2011 10:44:21.1973036
Update--047 10/13/2011 10:44:27.9004715
Update--048 10/13/2011 10:44:35.3067689
Update--049 10/13/2011 10:44:43.9786994
Update--050 10/13/2011 10:44:52.8693813
Update--054 10/13/2011 10:45:00.7756819
Update--042 10/13/2011 10:45:07.8382271
Update--052 10/13/2011 10:45:14.8851472
Update--325 10/13/2011 10:45:21.9945677
Update--053 10/13/2011 10:45:30.5102472
Update--043 10/13/2011 10:45:37.8384191
Update--055 10/13/2011 10:45:44.7134631
Update--051 10/13/2011 10:45:57.2447933
Update--041 10/13/2011 10:46:13.4480220
Update--038 10/13/2011 10:46:21.6512042
Update--532 10/13/2011 10:46:30.3700658
Update--866 10/13/2011 10:46:36.8076482
Update--722 10/13/2011 10:46:46.5577730
Update--721 10/13/2011 10:46:52.0734686
Update--864 10/13/2011 10:47:00.2454482
Update--865 10/13/2011 10:47:09.1361870
Update--710 10/13/2011 10:47:13.8706226
Update--644 10/13/2011 10:47:23.2769779
Update--547 10/13/2011 10:47:30.9957773
Update--591 10/13/2011 10:47:39.9333345
Update--571 10/13/2011 10:47:47.3396319
Update--578 10/13/2011 10:47:57.7459485
Update--067 10/13/2011 10:48:06.4491292
Update--068 10/13/2011 10:48:13.4179238
Update--069 10/13/2011 10:48:20.7460957
Update--065 10/13/2011 10:48:29.2461501
Update--260 10/13/2011 10:48:38.5118344
Update--240 10/13/2011 10:48:44.4024971
Update--070 10/13/2011 10:48:50.6056618
Update--071 10/13/2011 10:49:00.8088521
Update--072 10/13/2011 10:49:09.2932814
Update--073 10/13/2011 10:49:16.3402015
Update--056 10/13/2011 10:49:22.4339808
Update--064 10/13/2011 10:49:30.3558558
Update--087 10/13/2011 10:49:38.2933558
Update--585 10/13/2011 10:49:44.7933558
Update--511 10/13/2011 10:49:51.1058558
Update--699 10/13/2011 10:49:54.5589808
Update--936 10/13/2011 10:50:01.0746058
Update--943 10/13/2011 10:50:07.4339808
Update--088 10/13/2011 10:50:14.0902308
Update--089 10/13/2011 10:50:22.9808558
Update--090 10/13/2011 10:50:30.5433558
Update--092 10/13/2011 10:50:37.3558558
Update--093 10/13/2011 10:50:45.2933558
Update--094 10/13/2011 10:50:52.3714808
Update--080 10/13/2011 10:50:59.4808558
Update--081 10/13/2011 10:51:06.1839808
Update--082 10/13/2011 10:51:12.6527308
Update--084 10/13/2011 10:51:18.9339808
Update--085 10/13/2011 10:51:25.1215077
Update--086 10/13/2011 10:51:31.1371712
Update--083 10/13/2011 10:51:38.6372192
Update--095 10/13/2011 10:51:45.0903855
Update--074 10/13/2011 10:51:53.9029419
Update--075 10/13/2011 10:52:02.7623736
Update--076 10/13/2011 10:52:13.1530651
Update--573 10/13/2011 10:52:22.5125000
Update--937 10/13/2011 10:52:31.8719349
Update--938 10/13/2011 10:52:43.0282563
Update--656 10/13/2011 10:52:50.1064266
Update--869 10/13/2011 10:52:57.4658487
Update--728 10/13/2011 10:53:01.6377504
Update--944 10/13/2011 10:53:09.3878000
Update--945 10/13/2011 10:53:16.4815954
Update--997 10/13/2011 10:53:24.6222488
Update--058 10/13/2011 10:53:31.2941238
Update--059 10/13/2011 10:53:41.0128738
Update--060 10/13/2011 10:53:47.6066238
Update--061 10/13/2011 10:53:54.6066238
Update--062 10/13/2011 10:54:01.1222488
Update--063 10/13/2011 10:54:07.5128738
Update--120 10/13/2011 10:54:14.8409988
Update--121 10/13/2011 10:54:21.0128738
Update--122 10/13/2011 10:54:27.3566238
Update--125 10/13/2011 10:54:33.7472488
Update--126 10/13/2011 10:54:40.2941238
Update--128 10/13/2011 10:54:45.7784988
Update--129 10/13/2011 10:54:53.0284988
Update--130 10/13/2011 10:54:59.6222488
Update--575 10/13/2011 10:55:06.9503738
Update--835 10/13/2011 10:55:13.4972488
Update--702 10/13/2011 10:55:16.3409988
Update--666 10/13/2011 10:55:19.5753738
Update--839 10/13/2011 10:55:26.8566618
Update--555 10/13/2011 10:55:33.7785811
Update--123 10/13/2011 10:55:39.2004908
Update--124 10/13/2011 10:55:45.4192806
Update--106 10/13/2011 10:55:50.9505660
Update--103 10/13/2011 10:55:57.6537339
Update--109 10/13/2011 10:56:04.4662775
Update--112 10/13/2011 10:56:11.1225701
Update--115 10/13/2011 10:56:17.4351105
Update--117 10/13/2011 10:56:23.6695254
Update--118 10/13/2011 10:56:30.1070666
Update--119 10/13/2011 10:56:36.4196070
Update--834 10/13/2011 10:56:43.4509020
Update--670 10/13/2011 10:56:46.2946702
Update--953 10/13/2011 10:56:53.0603385
Update--876 10/13/2011 10:56:59.8572570
Update--947 10/13/2011 10:57:06.2635480
Update--104 10/13/2011 10:57:14.6698518
Update--096 10/13/2011 10:57:21.2011436
Update--097 10/13/2011 10:57:27.6855601
Update--098 10/13/2011 10:57:33.9512252
Update--099 10/13/2011 10:57:39.4825106
Update--100 10/13/2011 10:57:45.8575514
Update--101 10/13/2011 10:57:52.3419679
Update--017 10/13/2011 10:57:58.4982573
Update--566 10/13/2011 10:58:05.5451774
Update--567 10/13/2011 10:58:11.6077162
Update--549 10/13/2011 10:58:18.1546331
Update--559 10/13/2011 10:58:24.6546747
Update--107 10/13/2011 10:58:30.9515900
Update--116 10/13/2011 10:58:37.1547547
Update--113 10/13/2011 10:58:43.2016684
Update--114 10/13/2011 10:58:49.5142088
Update--110 10/13/2011 10:58:55.8423743
Update--111 10/13/2011 10:59:02.2174151
Update--836 10/13/2011 10:59:09.1237093
Update--837 10/13/2011 10:59:15.9362529
Update--838 10/13/2011 10:59:22.1862929
Update--723 10/13/2011 10:59:25.1394368
Update--739 10/13/2011 10:59:27.8113289
Update--136 10/13/2011 10:59:33.6394912
Update--308 10/13/2011 10:59:40.2176583
Update--309 10/13/2011 10:59:47.0145768
Update--298 10/13/2011 10:59:52.8739893
Update--299 10/13/2011 11:00:00.8427903
Update--300 10/13/2011 11:00:07.4053323
Update--301 10/13/2011 11:00:15.0147560
Update--303 10/13/2011 11:00:22.0929188
Update--306 10/13/2011 11:00:28.3272938
Update--527 10/13/2011 11:00:35.9522938
Update--515 10/13/2011 11:00:42.8585438
Update--602 10/13/2011 11:00:49.8897938
Update--624 10/13/2011 11:00:56.8429188
Update--540 10/13/2011 11:01:04.4522938
Update--541 10/13/2011 11:01:11.0304188
Update--302 10/13/2011 11:01:18.3116688
Update--333 10/13/2011 11:01:25.7179188
Update--334 10/13/2011 11:01:32.8429188
Update--326 10/13/2011 11:01:40.2491688
Update--327 10/13/2011 11:01:46.7960438
Update--328 10/13/2011 11:01:53.3741688
Update--329 10/13/2011 11:02:00.2335438
Update--127 10/13/2011 11:02:07.8429188
Update--893 10/13/2011 11:02:15.3585438
Update--894 10/13/2011 11:02:22.9054315
Update--661 10/13/2011 11:02:26.2023276
Update--701 10/13/2011 11:02:29.3585978
Update--319 10/13/2011 11:02:35.2336354
Update--320 10/13/2011 11:02:40.3899184
Update--321 10/13/2011 11:02:46.1087050
Update--322 10/13/2011 11:02:53.7337538
Update--323 10/13/2011 11:03:03.4369409
Update--307 10/13/2011 11:03:09.4213542
Update--311 10/13/2011 11:03:14.9995149
Update--312 10/13/2011 11:03:22.4683127
Update--315 10/13/2011 11:03:27.8433471
Update--316 10/13/2011 11:03:35.3277700
Update--286 10/13/2011 11:03:43.7340738
Update--426 10/13/2011 11:03:49.9997389
Update--517 10/13/2011 11:03:56.6091562
Update--590 10/13/2011 11:04:03.4685751
Update--317 10/13/2011 11:04:09.2967374
Update--313 10/13/2011 11:04:13.8748917
Update--314 10/13/2011 11:04:20.3593082
Update--310 10/13/2011 11:04:29.5152500
Update--148 10/13/2011 11:04:36.3902500
Update--709 10/13/2011 11:04:38.9840000
Update--671 10/13/2011 11:04:42.1715000
Update--890 10/13/2011 11:04:49.4683750
Update--891 10/13/2011 11:04:57.5308750
Update--860 10/13/2011 11:05:03.9996250
Update--760 10/13/2011 11:05:10.2340000
Update--771 10/13/2011 11:05:14.9840000
Update--332 10/13/2011 11:05:21.2340040
Update--324 10/13/2011 11:05:28.0934668
Update--330 10/13/2011 11:05:34.6560508
Update--271 10/13/2011 11:05:41.2186348
Update--570 10/13/2011 11:05:47.3437132
Update--565 10/13/2011 11:05:54.1250500
Update--622 10/13/2011 11:06:00.8438860
Update--608 10/13/2011 11:06:07.0158400
Update--545 10/13/2011 11:06:13.8753028
Update--553 10/13/2011 11:06:20.3285104
Update--442 10/13/2011 11:06:27.1566829
Update--443 10/13/2011 11:06:34.1879779
Update--438 10/13/2011 11:06:41.0473968
Update--445 10/13/2011 11:06:47.3443121
Update--447 10/13/2011 11:06:53.0474736
Update--448 10/13/2011 11:07:01.7819045
Update--449 10/13/2011 11:07:10.8757127
Update--450 10/13/2011 11:07:20.0632715
Update--854 10/13/2011 11:07:32.2664746
Update--991 10/13/2011 11:07:39.2665194
Update--884 10/13/2011 11:07:47.0321941
Update--451 10/13/2011 11:07:59.1572717
Update--452 10/13/2011 11:08:09.0167098
Update--459 10/13/2011 11:08:16.1573805
Update--460 10/13/2011 11:08:23.3292860
Update--461 10/13/2011 11:08:30.5480360
Update--462 10/13/2011 11:08:37.8761610
Update--463 10/13/2011 11:08:44.8917860
Update--464 10/13/2011 11:08:51.0636610
Update--455 10/13/2011 11:09:01.7667860
Update--457 10/13/2011 11:09:07.9074110
Update--606 10/13/2011 11:09:14.4699110
Update--612 10/13/2011 11:09:20.8761610
Update--630 10/13/2011 11:09:26.3292860
Update--564 10/13/2011 11:09:35.6730360
Update--610 10/13/2011 11:09:41.9855360
Update--611 10/13/2011 11:09:48.0324110
Update--548 10/13/2011 11:09:56.6730360
Update--524 10/13/2011 11:10:04.6261610
Update--458 10/13/2011 11:10:18.4074110
Update--479 10/13/2011 11:10:26.6261975
Update--453 10/13/2011 11:10:34.1574957
Update--454 10/13/2011 11:10:40.7981632
Update--233 10/13/2011 11:10:46.9388275
Update--885 10/13/2011 11:10:53.7513711
Update--886 10/13/2011 11:11:00.2357876
Update--887 10/13/2011 11:11:07.3139579
Update--888 10/13/2011 11:11:13.8452497
Update--663 10/13/2011 11:11:16.6577677
Update--001 10/13/2011 11:11:21.2827973
Update--207 10/13/2011 11:11:28.1109660
Update--208 10/13/2011 11:11:34.6891331
Update--209 10/13/2011 11:11:40.6110460
Update--210 10/13/2011 11:11:47.5798406
Update--212 10/13/2011 11:11:52.7673738
Update--214 10/13/2011 11:11:57.7517807
Update--215 10/13/2011 11:12:03.9236952
Update--216 10/13/2011 11:12:10.0487344
Update--217 10/13/2011 11:12:16.5956513
Update--218 10/13/2011 11:12:24.1269700
Update--674 10/13/2011 11:12:27.0332572
Update--675 10/13/2011 11:12:29.7364168
Update--645 10/13/2011 11:12:32.6270788
Update--650 10/13/2011 11:12:35.7052432
Update--651 10/13/2011 11:12:39.1896628
Update--949 10/13/2011 11:12:47.7835228
Update--996 10/13/2011 11:12:54.5179840
Update--874 10/13/2011 11:13:01.0493176
Update--191 10/13/2011 11:13:07.3618984
Update--201 10/13/2011 11:13:14.0338588
Update--202 10/13/2011 11:13:22.6895000
Update--203 10/13/2011 11:13:28.5332500
Update--204 10/13/2011 11:13:35.0176250
Update--205 10/13/2011 11:13:42.9395000
Update--193 10/13/2011 11:13:48.9863750
Update--194 10/13/2011 11:13:54.8770000
Update--195 10/13/2011 11:14:02.1582500
Update--196 10/13/2011 11:14:09.2051250
Update--197 10/13/2011 11:14:18.6113750
Update--198 10/13/2011 11:14:29.5340000
Update--199 10/13/2011 11:14:36.5808750
Update--579 10/13/2011 11:14:43.2683750
Update--634 10/13/2011 11:14:46.7215000
Update--206 10/13/2011 11:14:53.1590000
Update--219 10/13/2011 11:15:00.0340000
Update--221 10/13/2011 11:15:07.1746250
Update--222 10/13/2011 11:15:13.9402500
Update--223 10/13/2011 11:15:19.9246250
Update--224 10/13/2011 11:15:28.4092500
Update--225 10/13/2011 11:15:34.6280000
Update--226 10/13/2011 11:15:40.8780000
Update--227 10/13/2011 11:15:46.5186250
Update--228 10/13/2011 11:15:52.2061250
Update--229 10/13/2011 11:15:57.2373750
Update--230 10/13/2011 11:16:03.4561250
Update--872 10/13/2011 11:16:10.3155000
Update--993 10/13/2011 11:16:16.7373750
Update--698 10/13/2011 11:16:19.5186250
Update--844 10/13/2011 11:16:27.1440000
Update--851 10/13/2011 11:16:33.4877500
Update--007 10/13/2011 11:16:40.4408750
Update--012 10/13/2011 11:16:47.9721250
Update--013 10/13/2011 11:16:55.1908750
Update--014 10/13/2011 11:17:01.5815000
Update--005 10/13/2011 11:17:07.7846250
Update--006 10/13/2011 11:17:13.1752500
Update--568 10/13/2011 11:17:19.9877500
Update--892 10/13/2011 11:17:26.4409102
Update--939 10/13/2011 11:17:32.6753251
Update--946 10/13/2011 11:17:38.8628647
Update--369 10/13/2011 11:17:45.1441549
Update--008 10/13/2011 11:17:51.7379471
Update--009 10/13/2011 11:17:58.5661158
Update--010 10/13/2011 11:18:04.1286514
Update--011 10/13/2011 11:18:10.6911934
Update--015 10/13/2011 11:18:17.1756099
Update--016 10/13/2011 11:18:23.8318840
Update--163 10/13/2011 11:18:29.9412590
Update--176 10/13/2011 11:18:36.9568840
Update--177 10/13/2011 11:18:42.5037590
Update--178 10/13/2011 11:18:47.6131340
Update--180 10/13/2011 11:18:53.4100090
Update--609 10/13/2011 11:19:00.9256340
Update--614 10/13/2011 11:19:07.3006340
Update--597 10/13/2011 11:19:13.8318840
Update--870 10/13/2011 11:19:20.1912590
Update--738 10/13/2011 11:19:27.3475500
Update--705 10/13/2011 11:19:30.0819425
Update--751 10/13/2011 11:19:35.7069785
Update--636 10/13/2011 11:19:41.8476428
Update--181 10/13/2011 11:19:48.5039354
Update--182 10/13/2011 11:19:55.1289778
Update--183 10/13/2011 11:20:01.6133943
Update--184 10/13/2011 11:20:07.7696837
Update--185 10/13/2011 11:20:14.3947261
Update--186 10/13/2011 11:20:21.5822721
Update--188 10/13/2011 11:20:27.8635623
Update--189 10/13/2011 11:20:34.0042266
Update--190 10/13/2011 11:20:39.8792642
Update--318 10/13/2011 11:20:46.2386799
Update--179 10/13/2011 11:20:51.3637127
Update--173 10/13/2011 11:20:57.8325041
Update--174 10/13/2011 11:21:05.8950557
Update--164 10/13/2011 11:21:13.0982268
Update--601 10/13/2011 11:21:19.7857696
Update--580 10/13/2011 11:21:27.5198750
Update--737 10/13/2011 11:21:31.6605000
Update--685 10/13/2011 11:21:34.9886250
Update--994 10/13/2011 11:21:41.0511250
Update--987 10/13/2011 11:21:47.3011250
Update--686 10/13/2011 11:21:50.1448750
Update--707 10/13/2011 11:21:52.9573750
Update--669 10/13/2011 11:21:58.3167500
Update--736 10/13/2011 11:22:01.9417500
Update--603 10/13/2011 11:22:08.5355000
Update--504 10/13/2011 11:22:13.9417500
Update--374 10/13/2011 11:22:19.9886250
Update--165 10/13/2011 11:22:25.9886896
Update--167 10/13/2011 11:22:32.0200168
Update--168 10/13/2011 11:22:39.1763584
Update--171 10/13/2011 11:22:43.9732948
Update--169 10/13/2011 11:22:49.9108708
Update--170 10/13/2011 11:22:54.6609316
Update--166 10/13/2011 11:23:01.6141456
Update--337 10/13/2011 11:23:09.4267456
Update--505 10/13/2011 11:23:15.7393264
Update--635 10/13/2011 11:23:19.1924956
Update--706 10/13/2011 11:23:22.1612758
Update--999 10/13/2011 11:23:29.0675700
Update--678 10/13/2011 11:23:32.2863406
Update--853 10/13/2011 11:23:39.7082631
Update--764 10/13/2011 11:23:45.5989258
Update--595 10/13/2011 11:23:51.7864654
Update--539 10/13/2011 11:23:59.1146373
Update--155 10/13/2011 11:24:06.3178084
Update--156 10/13/2011 11:24:12.6303488
Update--157 10/13/2011 11:24:19.0991402
Update--158 10/13/2011 11:24:25.3804304
Update--159 10/13/2011 11:24:31.6929708
Update--149 10/13/2011 11:24:37.8648853
Update--151 10/13/2011 11:24:43.1305440
Update--152 10/13/2011 11:24:51.3180964
Update--147 10/13/2011 11:24:57.5525113
Update--145 10/13/2011 11:25:03.8806768
Update--146 10/13/2011 11:25:09.5213379
Update--153 10/13/2011 11:25:15.8963787
Update--154 10/13/2011 11:25:22.0995360
Update--144 10/13/2011 11:25:28.4745360
Update--160 10/13/2011 11:25:35.9432860
Update--161 10/13/2011 11:25:43.0995360
Update--305 10/13/2011 11:25:49.9432860
Update--529 10/13/2011 11:25:56.1464110
Update--530 10/13/2011 11:26:02.2557860
Update--588 10/13/2011 11:26:08.3964110
Update--584 10/13/2011 11:26:14.3182860
Update--758 10/13/2011 11:26:20.2714110
Update--744 10/13/2011 11:26:23.7714291
Update--716 10/13/2011 11:26:29.8339679
Update--657 10/13/2011 11:26:32.9433628
Update--680 10/13/2011 11:26:35.9277569
Update--681 10/13/2011 11:26:38.7715251
Update--717 10/13/2011 11:26:42.1309216
Update--708 10/13/2011 11:26:44.7715635
Update--741 10/13/2011 11:26:47.5840815
Update--734 10/13/2011 11:26:51.0684788
Update--871 10/13/2011 11:26:57.2560184
Update--950 10/13/2011 11:27:05.2873198
Update--952 10/13/2011 11:27:12.0998634
Update--637 10/13/2011 11:27:15.3342591
Update--638 10/13/2011 11:27:18.4749042
Update--613 10/13/2011 11:27:26.8655000
Update--518 10/13/2011 11:27:32.6311250
Update--143 10/13/2011 11:27:38.4748750
Update--133 10/13/2011 11:27:47.4436250
Update--137 10/13/2011 11:27:54.5530000
Update--138 10/13/2011 11:28:02.0217500
Update--139 10/13/2011 11:28:09.2248750
Update--140 10/13/2011 11:28:16.2248750
Update--021 10/13/2011 11:28:22.2248832
Update--141 10/13/2011 11:28:28.6155491
Update--142 10/13/2011 11:28:35.4124676
Update--131 10/13/2011 11:28:42.1781359
Update--132 10/13/2011 11:28:49.2719313
Update--134 10/13/2011 11:28:55.8344733
Update--135 10/13/2011 11:29:02.1626388
Update--642 10/13/2011 11:29:05.2095333
Update--345 10/13/2011 11:29:13.8189634
Update--951 10/13/2011 11:29:20.8658835
Update--761 10/13/2011 11:29:25.4440090
Update--752 10/13/2011 11:29:30.1471340
Update--714 10/13/2011 11:29:33.6158840
Update--715 10/13/2011 11:29:36.9127590
Update--690 10/13/2011 11:29:40.2721340
Update--682 10/13/2011 11:29:43.8971340
Update--659 10/13/2011 11:29:47.6471340
Update--691 10/13/2011 11:29:51.5846340
Update--665 10/13/2011 11:29:56.9440090
Update--732 10/13/2011 11:30:00.6002590
Update--983 10/13/2011 11:30:08.9752590
Update--984 10/13/2011 11:30:18.2408840
Update--477 10/13/2011 11:30:23.6627764
Update--478 10/13/2011 11:30:30.7565718
Update--469 10/13/2011 11:30:37.8191170
Update--470 10/13/2011 11:30:44.4129092
Update--472 10/13/2011 11:30:50.3816974
Update--473 10/13/2011 11:30:58.4129988
Update--497 10/13/2011 11:31:05.8349213
Update--546 10/13/2011 11:31:12.3505880
Update--476 10/13/2011 11:31:20.0068870
Update--480 10/13/2011 11:31:27.0225569
Update--481 10/13/2011 11:31:33.2100965
Update--483 10/13/2011 11:31:40.2570166
Update--484 10/13/2011 11:31:46.5383068
Update--485 10/13/2011 11:31:53.0852237
Update--486 10/13/2011 11:31:59.8821422
Update--759 10/13/2011 11:32:06.5696850
Update--840 10/13/2011 11:32:14.3822350
Update--692 10/13/2011 11:32:18.0853837
Update--683 10/13/2011 11:32:23.7416699
Update--684 10/13/2011 11:32:28.2416987
Update--649 10/13/2011 11:32:33.4136068
Update--694 10/13/2011 11:32:37.5542583
Update--695 10/13/2011 11:32:40.5855277
Update--985 10/13/2011 11:32:50.2262144
Update--482 10/13/2011 11:32:56.7731313
Update--475 10/13/2011 11:33:03.6169251
Update--366 10/13/2011 11:33:10.9138468
Update--367 10/13/2011 11:33:18.8045223
Update--370 10/13/2011 11:33:25.2107860
Update--371 10/13/2011 11:33:30.3357860
Update--552 10/13/2011 11:33:36.5701610
Update--551 10/13/2011 11:33:43.4451610
Update--581 10/13/2011 11:33:48.6170360
Update--986 10/13/2011 11:33:54.1951610
Update--877 10/13/2011 11:34:00.8357860
Update--733 10/13/2011 11:34:04.8826610
Update--664 10/13/2011 11:34:08.5232860
Update--882 10/13/2011 11:34:14.8045360
Update--982 10/13/2011 11:34:24.1483065
Update--536 10/13/2011 11:34:31.2577270
Update--474 10/13/2011 11:34:38.6952746
Update--465 10/13/2011 11:34:45.3203170
Update--466 10/13/2011 11:34:52.5078630
Update--467 10/13/2011 11:34:58.9297791
Update--543 10/13/2011 11:35:06.2892012
Update--522 10/13/2011 11:35:11.5236097
Update--102 10/13/2011 11:35:17.4142724
Update--269 10/13/2011 11:35:22.7111813
Update--273 10/13/2011 11:35:29.2893484
Update--274 10/13/2011 11:35:36.1018920
Update--275 10/13/2011 11:35:42.2894316
Update--262 10/13/2011 11:35:48.0238433
Update--267 10/13/2011 11:35:56.8207746
Update--293 10/13/2011 11:36:03.4770672
Update--259 10/13/2011 11:36:12.4614997
Update--729 10/13/2011 11:36:17.7584086
Update--745 10/13/2011 11:36:24.2740753
Update--766 10/13/2011 11:36:30.2584886
Update--676 10/13/2011 11:36:33.4772592
Update--255 10/13/2011 11:36:40.7741809
Update--256 10/13/2011 11:36:47.9304767
Update--257 10/13/2011 11:36:55.7430267
Update--258 10/13/2011 11:37:03.6649524
Update--263 10/13/2011 11:37:12.6337598
Update--261 10/13/2011 11:37:19.6494297
Update--266 10/13/2011 11:37:24.8994380
Update--563 10/13/2011 11:37:31.5869380
Update--535 10/13/2011 11:37:39.6806880
Update--514 10/13/2011 11:37:49.0400630
Update--272 10/13/2011 11:37:56.3369380
Update--265 10/13/2011 11:38:04.2275630
Update--294 10/13/2011 11:38:11.5244380
Update--296 10/13/2011 11:38:17.9775630
Update--297 10/13/2011 11:38:26.8526008
Update--277 10/13/2011 11:38:32.8526392
Update--278 10/13/2011 11:38:39.8995593
Update--279 10/13/2011 11:38:47.2746065
Update--775 10/13/2011 11:38:57.1965450
Update--779 10/13/2011 11:39:02.1497017
Update--660 10/13/2011 11:39:05.4309727
Update--693 10/13/2011 11:39:08.7903692
Update--249 10/13/2011 11:39:17.1341726
Update--247 10/13/2011 11:39:22.1029544
Update--253 10/13/2011 11:39:28.4154948
Update--241 10/13/2011 11:39:34.9311615
Update--242 10/13/2011 11:39:41.7280800
Update--243 10/13/2011 11:39:48.4312479
Update--244 10/13/2011 11:39:58.3688115
Update--245 10/13/2011 11:40:06.6032392
Update--513 10/13/2011 11:40:14.8220418
Update--557 10/13/2011 11:40:21.2908310
Update--509 10/13/2011 11:40:29.8064560
Update--510 10/13/2011 11:40:37.3064560
Update--523 10/13/2011 11:40:45.0877060
Update--295 10/13/2011 11:40:52.8220810
Update--268 10/13/2011 11:40:59.4470810
Update--276 10/13/2011 11:41:06.4158310
Update--044 10/13/2011 11:41:14.3064560
Update--662 10/13/2011 11:41:19.8220810
Update--842 10/13/2011 11:41:27.1462900
Update--743 10/13/2011 11:41:30.6774850
Update--647 10/13/2011 11:41:34.0046554
Update--648 10/13/2011 11:41:39.5447080
Update--704 10/13/2011 11:41:43.0602088
Update--236 10/13/2011 11:41:49.7145496
Update--237 10/13/2011 11:41:56.3845846
Update--234 10/13/2011 11:42:02.8505950
Update--232 10/13/2011 11:42:10.2896458
Update--192 10/13/2011 11:42:16.5516316
Update--556 10/13/2011 11:42:23.8118036
Update--544 10/13/2011 11:42:32.3464491
Update--607 10/13/2011 11:42:42.2748257
Update--617 10/13/2011 11:42:49.6349787
Update--596 10/13/2011 11:42:56.8072129
Update--525 10/13/2011 11:43:03.4939902
Update--534 10/13/2011 11:43:11.3865798
Update--238 10/13/2011 11:43:19.1069105
Update--239 10/13/2011 11:43:27.5559311
Update--646 10/13/2011 11:43:32.4051061
Update--762 10/13/2011 11:43:38.2397586
Update--998 10/13/2011 11:43:44.4811161
Update--873 10/13/2011 11:43:51.3951011
Update--655 10/13/2011 11:43:57.0107586
Update--700 10/13/2011 11:44:00.9057411
Update--231 10/13/2011 11:44:08.0074361
Update--235 10/13/2011 11:44:15.2811986
Update--503 10/13/2011 11:44:22.3508342
Update--594 10/13/2011 11:44:29.4329003
Update--598 10/13/2011 11:44:35.6238455
Update--372 10/13/2011 11:44:43.5501314
Update--381 10/13/2011 11:44:50.2882561
Update--422 10/13/2011 11:44:56.1508936
Update--375 10/13/2011 11:45:04.3429524
Update--376 10/13/2011 11:45:12.0660002
Update--377 10/13/2011 11:45:19.2262348
Update--378 10/13/2011 11:45:26.6194226
Update--200 10/13/2011 11:45:32.9337002
Update--767 10/13/2011 11:45:37.6537790
Update--955 10/13/2011 11:45:44.9995970
Update--863 10/13/2011 11:45:52.9549616
Update--742 10/13/2011 11:45:56.2371356
Update--667 10/13/2011 11:45:59.1910922
Update--175 10/13/2011 11:46:05.5366286
Update--397 10/13/2011 11:46:13.1481464
Update--398 10/13/2011 11:46:20.5408526
Update--399 10/13/2011 11:46:27.6825875
Update--400 10/13/2011 11:46:35.3087099
Update--401 10/13/2011 11:46:42.1065854
Update--382 10/13/2011 11:46:47.2479671
Update--404 10/13/2011 11:46:53.3269868
Update--444 10/13/2011 11:47:00.5155448
Update--600 10/13/2011 11:47:06.5633099
Update--625 10/13/2011 11:47:13.3455581
Update--626 10/13/2011 11:47:17.4086561
Update--629 10/13/2011 11:47:22.0967609
Update--538 10/13/2011 11:47:28.5972185
Update--383 10/13/2011 11:47:34.7226497
Update--385 10/13/2011 11:47:41.2543595
Update--386 10/13/2011 11:47:47.9110781
Update--388 10/13/2011 11:47:56.0679023
Update--389 10/13/2011 11:48:02.6308643
Update--390 10/13/2011 11:48:10.3970360
Update--220 10/13/2011 11:48:18.9445127
Update--331 10/13/2011 11:48:25.3667278
Update--841 10/13/2011 11:48:32.2264101
Update--956 10/13/2011 11:48:39.1485952
Update--883 10/13/2011 11:48:45.4613780
Update--740 10/13/2011 11:48:48.4302610
Update--187 10/13/2011 11:48:56.1962339
Update--391 10/13/2011 11:49:02.6965251
Update--392 10/13/2011 11:49:07.6186206
Update--393 10/13/2011 11:49:14.5251800
Update--394 10/13/2011 11:49:22.2129932
Update--402 10/13/2011 11:49:28.6037409
Update--403 10/13/2011 11:49:35.0569898
Update--560 10/13/2011 11:49:41.6196158
Update--561 10/13/2011 11:49:48.4791225
Update--572 10/13/2011 11:49:59.2137036
Update--605 10/13/2011 11:50:07.4013608
Update--641 10/13/2011 11:50:11.5576906
Update--379 10/13/2011 11:50:18.2296937
Update--380 10/13/2011 11:50:24.8547962
Update--213 10/13/2011 11:50:31.5111314
Update--703 10/13/2011 11:50:34.2455414
Update--889 10/13/2011 11:50:40.3706198
Update--384 10/13/2011 11:50:46.8707030
Update--621 10/13/2011 11:50:52.8082790
Update--569 10/13/2011 11:50:59.0427338
Update--507 10/13/2011 11:51:06.0115730
Update--562 10/13/2011 11:51:12.8866610
Update--632 10/13/2011 11:51:16.1367026
Update--623 10/13/2011 11:51:22.3086482
Update--003 10/13/2011 11:51:28.4649376
Update--004 10/13/2011 11:51:34.6993525
Update--652 10/13/2011 11:51:37.9649984
Update--653 10/13/2011 11:51:41.0431431
Update--833 10/13/2011 11:51:47.2775580
Update--658 10/13/2011 11:51:52.2463398
Update--957 10/13/2011 11:52:02.2776540
Update--589 10/13/2011 11:52:08.7776956
Update--586 10/13/2011 11:52:15.3871129
Update--501 10/13/2011 11:52:22.1996565
Update--502 10/13/2011 11:52:28.9340746
Update--521 10/13/2011 11:52:35.0434887
Update--487 10/13/2011 11:52:41.0591522
Update--489 10/13/2011 11:52:47.4185679
Update--490 10/13/2011 11:52:53.4029812
Update--491 10/13/2011 11:52:58.6686399
Update--494 10/13/2011 11:53:04.9655552
Update--495 10/13/2011 11:53:11.0593442
Update--496 10/13/2011 11:53:17.4343850
Update--488 10/13/2011 11:53:24.1844486
Update--506 10/13/2011 11:53:31.3407902
Update--500 10/13/2011 11:53:38.3565050
Update--554 10/13/2011 11:53:47.3722454
Update--587 10/13/2011 11:53:54.2629586
Update--599 10/13/2011 11:54:00.7630418
Update--615 10/13/2011 11:54:08.5756418
Update--942 10/13/2011 11:54:17.6226326
Update--776 10/13/2011 11:54:22.6226862
Update--735 10/13/2011 11:54:27.3102162
Update--940 10/13/2011 11:54:37.8415336
Update--992 10/13/2011 11:54:49.1228558
Update--542 10/13/2011 11:54:56.9666560
Update--498 10/13/2011 11:55:04.5448295
Update--499 10/13/2011 11:55:11.3573731
Update--531 10/13/2011 11:55:18.1074163
Update--493 10/13/2011 11:55:25.6543098
Update Area--<none> 10/13/2011 11:55:26.0293098
Update Area--ANAKROM-REGION-AREA1 10/13/2011 11:55:26.4668098
Update Area--ANAKROM-REGION-AREA2 10/13/2011 11:55:26.8418098
Update Area--ANAKROM-REGION-AREA3 10/13/2011 11:55:27.2324348
Update Area--ANAKROM-REGION-AREA4 10/13/2011 11:55:27.6855598
Update Area--CAGAYAN-REGION-AREA1 10/13/2011 11:55:28.0605598
Update Area--CAGAYAN-REGION-AREA2 10/13/2011 11:55:28.4355598
Update Area--CAGAYAN-REGION-AREA3 10/13/2011 11:55:28.8730598
Update Area--CAGAYAN-REGION-AREA4 10/13/2011 11:55:29.2324348
Update Area--CAGAYAN-REGION-AREA5 10/13/2011 11:55:29.5918098
Update Area--CARAGA-REGION-AREA1 10/13/2011 11:55:30.0293098
Update Area--CARAGA-REGION-AREA1 10/13/2011 11:55:30.3886848
Update Area--CARAGA-REGION-AREA2 10/13/2011 11:55:30.7480598
Update Area--CARAGA-REGION-AREA3 10/13/2011 11:55:31.1855598
Update Area--CARAGA-REGION-AREA4 10/13/2011 11:55:31.5449348
Update Area--Cebu Central A 10/13/2011 11:55:31.9043098
Update Area--Cebu Central B 10/13/2011 11:55:32.2636848
Update Area--Cebu Central C 10/13/2011 11:55:32.6230598
Update Area--Cebu Central D 10/13/2011 11:55:32.9980598
Update Area--Cebu North A 10/13/2011 11:55:33.3574348
Update Area--Cebu North A 10/13/2011 11:55:33.7324348
Update Area--Cebu North B 10/13/2011 11:55:34.0918098
Update Area--Cebu North C 10/13/2011 11:55:34.4668098
Update Area--Cebu North D 10/13/2011 11:55:34.8261848
Update Area--Cebu North E 10/13/2011 11:55:35.1855598
Update Area--Cebu South A 10/13/2011 11:55:35.5449348
Update Area--Cebu South B 10/13/2011 11:55:35.9043098
Update Area--Cebu South C 10/13/2011 11:55:36.2793098
Update Area--CEBU SOUTH D 10/13/2011 11:55:36.6386848
Update Area--CEBU SOUTH E 10/13/2011 11:55:36.9980598
Update Area--DAVA0-MINDANAO-REGION-AREA1 10/13/2011 11:55:37.3574348
Update Area--DAVA0-MINDANAO-REGION-AREA2 10/13/2011 11:55:37.7324348
Update Area--DAVA0-MINDANAO-REGION-AREA3 10/13/2011 11:55:38.0918098
Update Area--DAVA0-MINDANAO-REGION-AREA4 10/13/2011 11:55:38.4511848
Update Area--DAVA0-MINDANAO-REGION-AREA5 10/13/2011 11:55:38.8261848
Update Area--DIPOLOG-MINDANAO-REGION-AREA1 10/13/2011 11:55:39.1855598
Update Area--DIPOLOG-MINDANAO-REGION-AREA2 10/13/2011 11:55:39.5449348
Update Area--DIPOLOG-MINDANAO-REGION-AREA3 10/13/2011 11:55:39.9043098
Update Area--HO 10/13/2011 11:55:40.2949348
Update Area--LEYTE-REGION-AREA1 10/13/2011 11:55:40.6543098
Update Area--LEYTE-REGION-AREA2 10/13/2011 11:55:41.0293098
Update Area--LEYTE-REGION-AREA2 10/13/2011 11:55:41.3886848
Update Area--LEYTE-REGION-AREA3 10/13/2011 11:55:41.7480598
Update Area--LUZON-SHOWROOMS 10/13/2011 11:55:42.1230598
Update Area--MINDANAO-SHOWROOMS 10/13/2011 11:55:42.4824348
Update Area--NCR-SHOWROOMS 10/13/2011 11:55:42.8418098
Update Area--NEGROS-OCC-REGION-AREA1 10/13/2011 11:55:43.2011848
Update Area--NEGROS-OCC-REGION-AREA2 10/13/2011 11:55:43.5761848
Update Area--NEGROS-OCC-REGION-AREA3 10/13/2011 11:55:43.9511848
Update Area--NEGROS-OCC-REGION-AREA4 10/13/2011 11:55:44.3105598
Update Area--NEGROS-OCC-REGION-AREA5 10/13/2011 11:55:44.6855598
Update Area--NEGROS-ORIENTAL-REGION-AREA1 10/13/2011 11:55:45.0449348
Update Area--NEGROS-ORIENTAL-REGION-AREA2 10/13/2011 11:55:45.4043098
Update Area--NEGROS-ORIENTAL-REGION-AREA3 10/13/2011 11:55:45.7793098
Update Area--NEGROS-ORIENTAL-REGION-AREA4 10/13/2011 11:55:46.1386848
Update Area--OZAMIS-MINDANAO-REGION-AREA1 10/13/2011 11:55:46.4980598
Update Area--OZAMIS-MINDANAO-REGION-AREA2 10/13/2011 11:55:46.8730598
Update Area--OZAMIS-MINDANAO-REGION-AREA3 10/13/2011 11:55:47.2324348
Update Area--OZAMIS-MINDANAO-REGION-AREA4 10/13/2011 11:55:47.6074348
Update Area--OZAMIS-MINDANAO-REGION-AREA5 10/13/2011 11:55:47.9668098
Update Area--PANAY-ROMBLON-REGION-AREA1 10/13/2011 11:55:48.3418098
Update Area--PANAY-ROMBLON-REGION-AREA2 10/13/2011 11:55:48.7168098
Update Area--PANAY-ROMBLON-REGION-AREA3 10/13/2011 11:55:49.0918098
Update Area--PANAY-ROMBLON-REGION-AREA4 10/13/2011 11:55:49.4511848
Update Area--PANAY-ROMBLON-REGION-AREA5 10/13/2011 11:55:49.8105598
Update Area--SAMAR-REGION-AREA1 10/13/2011 11:55:50.2011848
Update Area--SAMAR-REGION-AREA2 10/13/2011 11:55:50.5605598
Update Area--SAMAR-REGION-AREA3 10/13/2011 11:55:50.9199348
Update Area--SOCSKSARGEN-MINDANAO-AREA1 10/13/2011 11:55:51.2949348
Update Area--SOCSKSARGEN-MINDANAO-AREA2 10/13/2011 11:55:51.6699348
Update Area--SOCSKSARGEN-MINDANAO-AREA3 10/13/2011 11:55:52.0293098
Update Area--SOCSKSARGEN-MINDANAO-AREA4 10/13/2011 11:55:52.3886848
Update Area--SOCSKSARGEN-MINDANAO-AREA5 10/13/2011 11:55:52.7636848
Update Area--SOCSKSARGEN-MINDANAO-AREA6 10/13/2011 11:55:53.1230598
Update Area--VISAYAS-SHOWROOMS 10/13/2011 11:55:53.4980598
Update Area--ZAMBASTA-MINDANAO-AREA1 10/13/2011 11:55:53.8730598
Update Area--ZAMBASTA-MINDANAO-AREA2 10/13/2011 11:55:54.2480598
Update Area--ZAMBASTA-MINDANAO-AREA3 10/13/2011 11:55:54.6074348
Update region--ANAKROM-REGION 10/13/2011 11:55:54.8105598
Update region--CAGAYAN-REGION 10/13/2011 11:55:55.0136848
Update region--CARAGA-REGION 10/13/2011 11:55:55.2168098
Update region--Cebu Central 10/13/2011 11:55:55.4199348
Update region--Cebu North 10/13/2011 11:55:55.6230598
Update region--Cebu South 10/13/2011 11:55:55.8261848
Update region--DAVA0-MINDANAO-REGION 10/13/2011 11:55:56.0136848
Update region--DIPOLOG-MINDANAO-REGION 10/13/2011 11:55:56.2168098
Update region--HO 10/13/2011 11:55:56.4199348
Update region--LA-SHOWROOMS 10/13/2011 11:55:56.6230598
Update region--LEYTE-REGION 10/13/2011 11:55:56.8105598
Update region--LUZON/NCR-SHOWROOMS 10/13/2011 11:55:57.0136848
Update region--NEGROS-OCC-REGION 10/13/2011 11:55:57.2168098
Update region--NEGROS-ORIENTAL-REGION 10/13/2011 11:55:57.4199348
Update region--OZAMIS-MINDANAO-REGION 10/13/2011 11:55:57.6074348
Update region--PANAY-ROMBLON-REGION 10/13/2011 11:55:57.8105598
Update region--SAMAR-REGION 10/13/2011 11:55:58.0136848
Update region--SOCSKSARGEN-MINDANAO-REGION 10/13/2011 11:55:58.2168098
Update region--VISMIN-SHOWROOMS 10/13/2011 11:55:59.2636848
Update region--ZAMBASTA-MINDANAO-REGION 10/13/2011 11:55:59.5918098
Update Vismin Wide--  10/13/2011 11:55:59.8261848
Update--941 10/12/2011 11:56:27.6699348
Update--677 10/12/2011 11:56:33.5293098
Update--711 10/12/2011 11:56:38.6386848
