941 10/19/2011 08:15:17.6786726
677 10/19/2011 08:15:34.8188588
711 10/19/2011 08:15:44.0529974
712 10/19/2011 08:15:54.9277190
726 10/19/2011 08:16:01.4744264
036 10/19/2011 08:16:06.7867904
057 10/19/2011 08:16:15.4897877
066 10/19/2011 08:16:25.8647213
079 10/19/2011 08:16:34.7865392
264 10/19/2011 08:16:48.6145757
593 10/19/2011 08:16:56.2707767
628 10/19/2011 08:17:06.5832107
582 10/19/2011 08:17:16.7706455
537 10/19/2011 08:17:22.9893557
396 10/19/2011 08:17:29.9268113
280 10/19/2011 08:17:35.2392773
281 10/19/2011 08:17:40.6298678
284 10/19/2011 08:17:51.3016745
285 10/19/2011 08:18:01.0672370
290 10/19/2011 08:18:14.5047018
720 10/19/2011 08:18:21.9734996
696 10/19/2011 08:18:26.7391551
697 10/19/2011 08:18:40.2392415
673 10/19/2011 08:18:49.9736788
875 10/19/2011 08:18:59.3956141
727 10/19/2011 08:19:05.3019019
730 10/19/2011 08:19:13.2394354
731 10/19/2011 08:19:18.1613104
724 10/19/2011 08:19:33.7081854
725 10/19/2011 08:19:41.7550604
291 10/19/2011 08:19:54.4894354
287 10/19/2011 08:20:09.4581854
289 10/19/2011 08:20:18.2863104
583 10/19/2011 08:20:25.8331854
639 10/19/2011 08:20:33.8800604
288 10/19/2011 08:20:45.6613104
292 10/19/2011 08:20:58.7863104
282 10/19/2011 08:21:06.6613104
283 10/19/2011 08:21:18.8801138
246 10/19/2011 08:21:35.1927182
250 10/19/2011 08:21:47.7396735
251 10/19/2011 08:21:55.8959757
252 10/19/2011 08:22:11.5679510
254 10/19/2011 08:22:17.3179878
248 10/19/2011 08:22:23.2555258
747 10/19/2011 08:22:34.8337249
843 10/19/2011 08:22:49.7713205
679 10/19/2011 08:22:54.6932270
668 10/19/2011 08:23:07.5058090
574 10/19/2011 08:23:19.8339534
519 10/19/2011 08:23:29.8964534
533 10/19/2011 08:23:41.7870784
346 10/19/2011 08:23:58.3183284
347 10/19/2011 08:24:10.2402034
348 10/19/2011 08:24:25.0995784
349 10/19/2011 08:24:40.4902034
350 10/19/2011 08:24:51.9277034
351 10/19/2011 08:25:06.7402034
352 10/19/2011 08:25:20.9590201
353 10/19/2011 08:25:32.7872208
373 10/19/2011 08:25:42.8029099
338 10/19/2011 08:25:50.2092073
339 10/19/2011 08:25:59.3186406
342 10/19/2011 08:26:07.5061930
528 10/19/2011 08:26:31.9750996
550 10/19/2011 08:26:41.4439102
604 10/19/2011 08:26:49.7095881
627 10/19/2011 08:26:56.4283811
880 10/19/2011 08:27:06.8503228
881 10/19/2011 08:27:13.8347425
948 10/19/2011 08:27:30.0535963
995 10/19/2011 08:27:44.4130632
355 10/19/2011 08:28:00.5225413
356 10/19/2011 08:28:11.5069804
359 10/19/2011 08:28:25.8819804
360 10/19/2011 08:28:35.2257304
361 10/19/2011 08:28:41.8038554
362 10/19/2011 08:28:53.9913554
363 10/19/2011 08:29:02.8819804
368 10/19/2011 08:29:08.6007304
365 10/19/2011 08:29:14.3038795
344 10/19/2011 08:29:28.3352193
340 10/19/2011 08:29:42.0384320
341 10/19/2011 08:30:07.3198438
640 10/19/2011 08:30:15.0855185
558 10/19/2011 08:30:36.6012812
335 10/19/2011 08:30:59.0389248
336 10/19/2011 08:31:20.6641280
172 10/19/2011 08:31:26.7267056
687 10/19/2011 08:31:30.6955064
688 10/19/2011 08:31:36.6018320
689 10/19/2011 08:31:44.6331848
879 10/19/2011 08:31:53.4926732
343 10/19/2011 08:32:04.5396896
354 10/19/2011 08:32:22.0867153
364 10/19/2011 08:32:36.4774324
410 10/19/2011 08:32:42.4149704
412 10/19/2011 08:32:48.9775124
413 10/19/2011 08:32:55.2900528
414 10/19/2011 08:33:05.6651192
415 10/19/2011 08:33:13.8370254
416 10/19/2011 08:33:20.6964004
405 10/19/2011 08:33:26.8682754
407 10/19/2011 08:33:33.2901504
408 10/19/2011 08:33:54.3370254
618 10/19/2011 08:34:00.3057754
620 10/19/2011 08:34:11.3995254
108 10/19/2011 08:34:18.0870254
845 10/19/2011 08:34:25.9932754
862 10/19/2011 08:34:34.1964004
748 10/19/2011 08:34:44.4464004
878 10/19/2011 08:34:50.3995254
619 10/19/2011 08:34:56.0870254
430 10/19/2011 08:35:06.1495254
406 10/19/2011 08:35:11.1026504
417 10/19/2011 08:35:16.0557754
418 10/19/2011 08:35:23.1495254
419 10/19/2011 08:35:28.6026504
420 10/19/2011 08:35:34.5089004
421 10/19/2011 08:35:39.6807754
423 10/19/2011 08:35:49.2276504
424 10/19/2011 08:36:00.9464004
425 10/19/2011 08:36:07.3682754
431 10/19/2011 08:36:13.3995437
409 10/19/2011 08:36:24.5402400
427 10/19/2011 08:36:37.7434495
428 10/19/2011 08:36:44.9622457
429 10/19/2011 08:36:51.1497853
434 10/19/2011 08:37:10.5561595
954 10/19/2011 08:37:18.9937135
719 10/19/2011 08:37:25.8687575
718 10/19/2011 08:37:44.7907536
435 10/19/2011 08:37:51.1814195
436 10/19/2011 08:37:57.2439583
437 10/19/2011 08:38:03.9940015
439 10/19/2011 08:38:22.1659928
440 10/19/2011 08:38:31.1973006
441 10/19/2011 08:38:41.7754933
432 10/19/2011 08:38:47.9942831
433 10/19/2011 08:38:55.1818291
105 10/19/2011 08:39:04.0568859
037 10/19/2011 08:39:17.4631774
040 10/19/2011 08:39:24.2288024
029 10/19/2011 08:39:34.9006774
030 10/19/2011 08:39:49.9163024
032 10/19/2011 08:40:06.4319274
033 10/19/2011 08:40:22.8226310
034 10/19/2011 08:40:30.3070539
035 10/19/2011 08:40:40.3539932
018 10/19/2011 08:40:56.3228454
750 10/19/2011 08:41:06.7604122
846 10/19/2011 08:41:13.3698295
868 10/19/2011 08:41:27.7917968
867 10/19/2011 08:41:35.5730966
749 10/19/2011 08:41:48.8700567
019 10/19/2011 08:41:56.9482334
020 10/19/2011 08:42:07.3545500
022 10/19/2011 08:42:15.0264454
023 10/19/2011 08:42:23.1670704
024 10/19/2011 08:42:29.9795704
025 10/19/2011 08:42:37.4483204
026 10/19/2011 08:42:48.9014454
027 10/19/2011 08:42:56.1983204
028 10/19/2011 08:43:03.8545704
078 10/19/2011 08:43:14.8701954
526 10/19/2011 08:43:25.3076954
512 10/19/2011 08:43:33.7608204
508 10/19/2011 08:43:46.9483204
616 10/19/2011 08:43:55.2764454
633 10/19/2011 08:43:59.9639454
106 10/19/2011 08:44:09.0420704
045 10/19/2011 08:44:27.9953071
046 10/19/2011 08:44:34.8703511
047 10/19/2011 08:44:44.4797876
048 10/19/2011 08:44:51.4642073
049 10/19/2011 08:45:00.1986382
050 10/19/2011 08:45:15.3549852
054 10/19/2011 08:45:22.5112810
042 10/19/2011 08:45:31.9957167
052 10/19/2011 08:45:46.0270565
325 10/19/2011 08:45:53.3239782
053 10/19/2011 08:46:01.0271525
043 10/19/2011 08:46:20.8710295
055 10/19/2011 08:46:32.1679768
051 10/19/2011 08:46:39.1836467
041 10/19/2011 08:46:49.4024621
038 10/19/2011 08:47:04.4338083
532 10/19/2011 08:47:12.1682224
722 10/19/2011 08:47:24.8557224
866 10/19/2011 08:47:36.6838474
864 10/19/2011 08:48:02.8400974
865 10/19/2011 08:48:14.5276229
721 10/19/2011 08:48:19.1839027
710 10/19/2011 08:48:31.7308580
644 10/19/2011 08:48:37.2777685
547 10/19/2011 08:48:52.8403681
591 10/19/2011 08:49:07.0123338
571 10/19/2011 08:49:16.2623930
578 10/19/2011 08:49:27.2468383
067 10/19/2011 08:49:42.4031853
068 10/19/2011 08:49:51.0907409
069 10/19/2011 08:50:14.4034148
065 10/19/2011 08:50:31.2786308
260 10/19/2011 08:50:41.2162580
240 10/19/2011 08:50:50.5757528
070 10/19/2011 08:50:59.9196224
071 10/19/2011 08:51:11.0447616
072 10/19/2011 08:51:17.9823060
073 10/19/2011 08:51:32.1386466
056 10/19/2011 08:51:39.1074412
064 10/19/2011 08:51:54.6075404
087 10/19/2011 08:52:07.3888722
585 10/19/2011 08:52:23.2482674
511 10/19/2011 08:52:32.1857674
699 10/19/2011 08:52:46.5138924
936 10/19/2011 08:52:54.6857674
943 10/19/2011 08:53:10.9982674
088 10/19/2011 08:53:18.1857674
089 10/19/2011 08:53:29.8888924
090 10/19/2011 08:53:47.1701424
092 10/19/2011 08:54:00.5451424
093 10/19/2011 08:54:08.2170174
094 10/19/2011 08:54:14.6701424
080 10/19/2011 08:54:25.5920174
081 10/19/2011 08:54:37.5138924
082 10/19/2011 08:54:51.7795174
084 10/19/2011 08:54:59.8732674
085 10/19/2011 08:55:15.8733015
086 10/19/2011 08:55:26.6702456
083 10/19/2011 08:55:42.6703480
095 10/19/2011 08:55:56.1860595
074 10/19/2011 08:56:08.1392610
075 10/19/2011 08:56:26.7956304
076 10/19/2011 08:56:44.5457440
573 10/19/2011 08:56:56.3739447
937 10/19/2011 08:57:13.7334308
938 10/19/2011 08:57:26.6866387
869 10/19/2011 08:57:34.3898130
656 10/19/2011 08:57:38.3117131
728 10/19/2011 08:57:43.0304933
944 10/19/2011 08:57:51.1711704
945 10/19/2011 08:58:06.0618907
997 10/19/2011 08:58:19.5462944
058 10/19/2011 08:58:35.3744194
059 10/19/2011 08:59:03.3431694
060 10/19/2011 08:59:16.4525822
061 10/19/2011 08:59:34.8589500
062 10/19/2011 08:59:52.3903122
063 10/19/2011 09:00:11.2498079
120 10/19/2011 09:00:29.9843028
121 10/19/2011 09:00:57.1719768
122 10/19/2011 09:01:16.1408124
125 10/19/2011 09:01:38.5470624
126 10/19/2011 09:01:52.0158124
128 10/19/2011 09:02:12.5001874
129 10/19/2011 09:02:38.0470624
130 10/19/2011 09:02:51.2033124
575 10/19/2011 09:03:00.9689374
835 10/19/2011 09:03:15.0470912
702 10/19/2011 09:03:19.4064941
666 10/19/2011 09:03:30.4534398
839 10/19/2011 09:03:44.8285318
555 10/19/2011 09:04:00.2192553
123 10/19/2011 09:04:15.6099788
124 10/19/2011 09:04:27.4694297
103 10/19/2011 09:04:37.8601212
109 10/19/2011 09:04:55.4383587
112 10/19/2011 09:05:10.9384579
115 10/19/2011 09:05:23.1572861
117 10/19/2011 09:05:48.9855764
118 10/19/2011 09:06:03.8294214
119 10/19/2011 09:06:18.8920178
834 10/19/2011 09:06:36.1108780
670 10/19/2011 09:06:46.0796918
953 10/19/2011 09:07:00.5172842
876 10/19/2011 09:07:15.2048782
947 10/19/2011 09:07:28.2205865
104 10/19/2011 09:07:45.6894483
096 10/19/2011 09:07:53.6269991
097 10/19/2011 09:08:01.2364228
098 10/19/2011 09:08:09.4396003
099 10/19/2011 09:08:16.0490176
100 10/19/2011 09:08:28.6428482
101 10/19/2011 09:08:44.8773271
017 10/19/2011 09:08:58.5336645
566 10/19/2011 09:09:06.9712185
567 10/19/2011 09:09:21.5962414
549 10/19/2011 09:09:35.7993664
559 10/19/2011 09:09:46.7056164
107 10/19/2011 09:09:59.1118664
116 10/19/2011 09:10:10.2524914
113 10/19/2011 09:10:20.2056782
114 10/19/2011 09:10:28.3151051
110 10/19/2011 09:10:36.9245352
111 10/19/2011 09:10:44.4245832
836 10/19/2011 09:10:52.5808854
837 10/19/2011 09:11:05.3465921
838 10/19/2011 09:11:13.2685178
723 10/19/2011 09:11:21.8154475
739 10/19/2011 09:11:25.7685978
136 10/19/2011 09:11:38.4718041
308 10/19/2011 09:11:55.1437858
309 10/19/2011 09:12:07.7688666
298 10/19/2011 09:12:22.4563844
299 10/19/2011 09:12:48.1126344
300 10/19/2011 09:13:03.0657594
301 10/19/2011 09:13:17.0501344
303 10/19/2011 09:13:38.1282594
306 10/19/2011 09:13:48.7063844
527 10/19/2011 09:14:01.5501344
515 10/19/2011 09:14:19.3314406
602 10/19/2011 09:14:30.0502592
624 10/19/2011 09:14:38.7221897
540 10/19/2011 09:14:56.8785559
541 10/19/2011 09:15:26.1131180
302 10/19/2011 09:15:41.8007184
333 10/19/2011 09:15:56.9570654
334 10/19/2011 09:16:13.7384228
326 10/19/2011 09:16:28.9103949
327 10/19/2011 09:16:39.3323366
328 10/19/2011 09:16:56.6605725
329 10/19/2011 09:17:08.1137708
127 10/19/2011 09:17:14.9262864
893 10/19/2011 09:17:21.9887864
894 10/19/2011 09:17:34.1919114
661 10/19/2011 09:17:42.4106614
701 10/19/2011 09:17:51.3325364
319 10/19/2011 09:18:06.4262864
320 10/19/2011 09:18:30.9264168
321 10/19/2011 09:18:43.7389988
322 10/19/2011 09:18:53.7390628
323 10/19/2011 09:19:26.9424003
307 10/19/2011 09:19:38.1455970
311 10/19/2011 09:19:51.8331846
312 10/19/2011 09:20:03.8957618
315 10/19/2011 09:20:23.9426794
316 10/19/2011 09:20:37.1614294
286 10/19/2011 09:20:50.8645544
426 10/19/2011 09:21:04.1301794
517 10/19/2011 09:21:17.9426794
590 10/19/2011 09:21:29.7239294
317 10/19/2011 09:21:39.8958044
313 10/19/2011 09:21:56.4270544
314 10/19/2011 09:22:08.4114294
310 10/19/2011 09:22:20.9427459
148 10/19/2011 09:22:34.0365797
709 10/19/2011 09:22:43.3335142
671 10/19/2011 09:22:52.7241993
890 10/19/2011 09:23:05.8180331
891 10/19/2011 09:23:15.5837206
760 10/19/2011 09:23:23.1931443
771 10/19/2011 09:23:31.8181995
860 10/19/2011 09:23:44.6464066
332 10/19/2011 09:24:01.8965170
324 10/19/2011 09:24:13.4278592
330 10/19/2011 09:24:25.0061324
271 10/19/2011 09:24:39.4281920
570 10/19/2011 09:24:56.1471560
565 10/19/2011 09:25:14.7254921
622 10/19/2011 09:25:27.2411972
608 10/19/2011 09:25:39.3506497
545 10/19/2011 09:25:47.0381989
553 10/19/2011 09:25:55.9601310
442 10/19/2011 09:26:10.7258505
443 10/19/2011 09:26:24.0228106
438 10/19/2011 09:26:38.4760281
445 10/19/2011 09:26:58.9605342
447 10/19/2011 09:27:06.1949555
448 10/19/2011 09:28:06.8203525
449 10/19/2011 09:28:14.8213253
450 10/19/2011 09:28:31.0107937
854 10/19/2011 09:28:50.7788222
991 10/19/2011 09:29:02.7021469
884 10/19/2011 09:29:15.5626352
451 10/19/2011 09:29:23.3131808
452 10/19/2011 09:29:36.7360007
459 10/19/2011 09:29:42.6270404
460 10/19/2011 09:29:56.5655216
461 10/19/2011 09:30:07.8944003
462 10/19/2011 09:30:15.9884093
463 10/19/2011 09:30:30.8170088
464 10/19/2011 09:30:40.1298068
455 10/19/2011 09:30:52.5677048
457 10/19/2011 09:31:02.1305108
606 10/19/2011 09:31:14.3339779
612 10/19/2011 09:31:30.5218923
630 10/19/2011 09:31:41.0377865
564 10/19/2011 09:31:52.4599539
610 10/19/2011 09:32:01.0226731
611 10/19/2011 09:32:10.3197180
548 10/19/2011 09:32:20.2260314
524 10/19/2011 09:32:34.0073696
458 10/19/2011 09:32:47.3668301
479 10/19/2011 09:33:02.5388022
453 10/19/2011 09:33:17.6639599
454 10/19/2011 09:33:26.7734515
233 10/19/2011 09:33:44.8205575
885 10/19/2011 09:33:58.3519807
886 10/19/2011 09:34:09.2896207
887 10/19/2011 09:34:25.3523263
888 10/19/2011 09:34:51.7901647
663 10/19/2011 09:35:02.6340535
001 10/19/2011 09:35:15.7903885
207 10/19/2011 09:35:29.3372635
208 10/19/2011 09:35:37.4466385
209 10/19/2011 09:35:54.3060135
210 10/19/2011 09:36:03.3372635
212 10/19/2011 09:36:12.0404062
214 10/19/2011 09:36:37.7593208
215 10/19/2011 09:37:04.8532442
216 10/19/2011 09:37:22.9156852
217 10/19/2011 09:37:43.4468038
218 10/19/2011 09:37:53.0404924
674 10/19/2011 09:38:21.1328482
675 10/19/2011 09:38:25.4605023
645 10/19/2011 09:38:31.2879932
650 10/19/2011 09:38:37.2717171
651 10/19/2011 09:38:42.7398721
949 10/19/2011 09:38:52.5981744
996 10/19/2011 09:39:02.2377505
874 10/19/2011 09:39:13.7835996
191 10/19/2011 09:39:21.3300399
201 10/19/2011 09:39:29.0483453
202 10/19/2011 09:39:37.4697352
203 10/19/2011 09:39:49.6877814
204 10/19/2011 09:39:57.9373062
205 10/19/2011 09:40:08.7491834
193 10/19/2011 09:40:19.0925257
194 10/19/2011 09:40:24.8266805
195 10/19/2011 09:40:38.1542937
196 10/19/2011 09:40:52.1693805
197 10/19/2011 09:41:07.6219121
198 10/19/2011 09:41:24.2154065
199 10/19/2011 09:41:39.1839649
579 10/19/2011 09:41:48.9182153
634 10/19/2011 09:42:06.2148689
206 10/19/2011 09:42:37.9958956
219 10/19/2011 09:42:48.6989521
221 10/19/2011 09:42:56.3864029
222 10/19/2011 09:43:04.9644730
223 10/19/2011 09:43:15.5426099
224 10/19/2011 09:43:23.2457842
225 10/19/2011 09:43:32.2302167
226 10/19/2011 09:43:39.2771368
227 10/19/2011 09:43:49.9647052
228 10/19/2011 09:44:00.9022752
229 10/19/2011 09:44:07.2460658
230 10/19/2011 09:44:13.0742501
872 10/19/2011 09:44:24.0118901
993 10/19/2011 09:44:34.5589001
698 10/19/2011 09:44:42.1683725
844 10/19/2011 09:44:49.6997189
851 10/19/2011 09:44:57.3560669
007 10/19/2011 09:45:05.2155425
012 10/19/2011 09:45:13.2629166
013 10/19/2011 09:45:21.0451128
014 10/19/2011 09:45:27.9834564
005 10/19/2011 09:45:34.8124117
006 10/19/2011 09:45:40.9381565
568 10/19/2011 09:45:48.1890381
892 10/19/2011 09:45:56.2681454
939 10/19/2011 09:46:05.4567626
946 10/19/2011 09:46:13.4882729
369 10/19/2011 09:46:26.0655929
008 10/19/2011 09:46:33.8463449
009 10/19/2011 09:46:41.2989929
010 10/19/2011 09:46:48.2048009
011 10/19/2011 09:46:56.8448729
015 10/19/2011 09:47:03.9225449
016 10/19/2011 09:47:15.2033221
163 10/19/2011 09:47:24.1875246
176 10/19/2011 09:47:31.8748770
177 10/19/2011 09:47:38.5153745
178 10/19/2011 09:47:51.6557472
180 10/19/2011 09:47:57.7493802
609 10/19/2011 09:48:04.9992410
614 10/19/2011 09:48:13.9209720
597 10/19/2011 09:48:21.6708728
870 10/19/2011 09:48:40.1862608
738 10/19/2011 09:48:47.9674112
705 10/19/2011 09:48:52.5767272
751 10/19/2011 09:48:58.9047712
636 10/19/2011 09:49:03.1078424
181 10/19/2011 09:49:10.7483765
182 10/19/2011 09:49:19.4514458
183 10/19/2011 09:49:27.4357697
184 10/19/2011 09:49:35.5763426
185 10/19/2011 09:49:48.3731357
186 10/19/2011 09:50:00.7324316
188 10/19/2011 09:50:08.5136318
189 10/19/2011 09:50:16.4355427
190 10/19/2011 09:50:24.8887218
318 10/19/2011 09:50:31.5918897
179 10/19/2011 09:50:37.9669305
173 10/19/2011 09:50:46.9669881
174 10/19/2011 09:51:00.2014478
164 10/19/2011 09:51:10.7952584
601 10/19/2011 09:51:19.2015084
580 10/19/2011 09:51:31.4515084
737 10/19/2011 09:51:35.9827584
685 10/19/2011 09:51:46.4046334
994 10/19/2011 09:51:56.9202584
987 10/19/2011 09:52:10.6702584
686 10/19/2011 09:52:18.2952584
707 10/19/2011 09:52:27.0765084
669 10/19/2011 09:52:33.8733834
736 10/19/2011 09:52:39.2483834
603 10/19/2011 09:52:48.6390084
504 10/19/2011 09:53:01.6546334
374 10/19/2011 09:53:13.9358834
165 10/19/2011 09:53:18.9983834
167 10/19/2011 09:53:25.9515084
168 10/19/2011 09:53:32.3108834
171 10/19/2011 09:53:38.6233834
169 10/19/2011 09:53:45.9515084
170 10/19/2011 09:53:54.3421334
166 10/19/2011 09:54:03.0765084
337 10/19/2011 09:54:13.3890322
505 10/19/2011 09:54:41.5298373
635 10/19/2011 09:54:46.8736215
706 10/19/2011 09:54:57.7018158
999 10/19/2011 09:55:06.4987471
678 10/19/2011 09:55:11.4362787
853 10/19/2011 09:55:22.6707256
764 10/19/2011 09:55:37.1551933
595 10/19/2011 09:55:46.0771254
539 10/19/2011 09:55:53.9834260
155 10/19/2011 09:56:09.1866483
156 10/19/2011 09:56:28.6866514
157 10/19/2011 09:56:38.8741514
158 10/19/2011 09:56:47.2022764
159 10/19/2011 09:56:54.9679014
149 10/19/2011 09:57:03.5616514
151 10/19/2011 09:57:22.6241514
152 10/19/2011 09:57:31.2179014
147 10/19/2011 09:57:43.1085264
145 10/19/2011 09:57:50.4054014
146 10/19/2011 09:57:57.0616514
153 10/19/2011 09:58:04.7179014
154 10/19/2011 09:58:11.7647898
144 10/19/2011 09:58:23.0929873
160 10/19/2011 09:58:32.5149226
161 10/19/2011 09:58:49.5462816
305 10/19/2011 09:59:06.6557661
529 10/19/2011 09:59:17.4683353
530 10/19/2011 09:59:29.0777846
588 10/19/2011 09:59:38.7653466
584 10/19/2011 09:59:48.4060333
758 10/19/2011 09:59:55.2029518
744 10/19/2011 10:00:04.8280134
716 10/19/2011 10:00:13.9374467
657 10/19/2011 10:00:19.5468576
680 10/19/2011 10:00:30.8125547
681 10/19/2011 10:00:40.6094924
717 10/19/2011 10:01:00.8283718
708 10/19/2011 10:01:08.2815445
741 10/19/2011 10:01:12.0784284
734 10/19/2011 10:01:17.5784284
950 10/19/2011 10:01:37.2190534
952 10/19/2011 10:01:47.2815534
871 10/19/2011 10:01:57.7190534
637 10/19/2011 10:02:04.5003034
638 10/19/2011 10:02:12.8284486
613 10/19/2011 10:02:20.7659994
518 10/19/2011 10:02:28.1097964
143 10/19/2011 10:02:36.8286022
133 10/19/2011 10:02:47.0005423
137 10/19/2011 10:02:58.0006127
138 10/19/2011 10:03:17.3290875
139 10/19/2011 10:03:26.7045675
140 10/19/2011 10:03:37.3613631
021 10/19/2011 10:03:45.2055147
141 10/19/2011 10:03:53.3621823
142 10/19/2011 10:04:04.5658809
131 10/19/2011 10:04:12.2381487
132 10/19/2011 10:04:22.1405000
134 10/19/2011 10:04:39.9217500
135 10/19/2011 10:04:52.1561250
642 10/19/2011 10:05:00.3280000
345 10/19/2011 10:05:06.5936250
951 10/19/2011 10:05:13.4998828
752 10/19/2011 10:05:18.9842929
761 10/19/2011 10:05:24.5155783
714 10/19/2011 10:05:28.8281059
715 10/19/2011 10:05:35.6562746
690 10/19/2011 10:05:42.2500668
682 10/19/2011 10:05:46.8594713
659 10/19/2011 10:05:54.0626424
691 10/19/2011 10:06:01.1095625
665 10/19/2011 10:06:12.7502620
732 10/19/2011 10:06:17.2190406
983 10/19/2011 10:06:29.5941198
984 10/19/2011 10:06:42.0316994
477 10/19/2011 10:06:50.1098761
478 10/19/2011 10:06:57.9224261
469 10/19/2011 10:07:08.5318690
470 10/19/2011 10:07:16.1413174
472 10/19/2011 10:07:28.1570962
473 10/19/2011 10:07:44.5323058
497 10/19/2011 10:07:52.3917814
546 10/19/2011 10:07:59.5793734
476 10/19/2011 10:08:06.4544614
480 10/19/2011 10:08:13.9233070
481 10/19/2011 10:08:24.3765658
483 10/19/2011 10:08:34.2048166
484 10/19/2011 10:08:47.7674902
485 10/19/2011 10:08:55.4707138
486 10/19/2011 10:09:02.5958050
759 10/19/2011 10:09:11.0177878
840 10/19/2011 10:09:22.5646790
692 10/19/2011 10:09:31.1740540
683 10/19/2011 10:09:43.4396790
684 10/19/2011 10:09:48.7053040
649 10/19/2011 10:09:54.1115540
694 10/19/2011 10:10:00.7834290
695 10/19/2011 10:10:05.7209290
985 10/19/2011 10:10:17.4709290
482 10/19/2011 10:10:34.2053040
475 10/19/2011 10:10:43.4709290
366 10/19/2011 10:10:55.2209290
367 10/19/2011 10:11:02.6896790
370 10/19/2011 10:11:09.6896790
371 10/19/2011 10:11:18.2522171
552 10/19/2011 10:11:25.9241412
551 10/19/2011 10:11:36.4710837
581 10/19/2011 10:11:45.1742644
986 10/19/2011 10:11:55.4712053
877 10/19/2011 10:12:14.1342889
733 10/19/2011 10:12:21.2695989
664 10/19/2011 10:12:26.3505669
882 10/19/2011 10:12:35.2422609
982 10/19/2011 10:12:51.0183529
536 10/19/2011 10:13:06.1828469
474 10/19/2011 10:13:17.2923572
465 10/19/2011 10:13:25.5575108
466 10/19/2011 10:13:33.6348200
467 10/19/2011 10:13:50.3842790
543 10/19/2011 10:14:00.1834952
522 10/19/2011 10:14:06.8519714
102 10/19/2011 10:14:14.1759470
269 10/19/2011 10:14:26.4825808
273 10/19/2011 10:14:37.0378258
274 10/19/2011 10:14:48.3280286
275 10/19/2011 10:15:00.8066738
262 10/19/2011 10:15:16.0516748
267 10/19/2011 10:15:30.6825716
293 10/19/2011 10:15:44.1567522
259 10/19/2011 10:15:53.5355322
729 10/19/2011 10:16:01.4449700
745 10/19/2011 10:16:15.4656199
766 10/19/2011 10:16:27.8744107
676 10/19/2011 10:16:32.5784989
255 10/19/2011 10:16:47.0970967
256 10/19/2011 10:16:57.7867855
257 10/19/2011 10:17:06.5229493
258 10/19/2011 10:17:14.2672783
263 10/19/2011 10:17:21.9895627
261 10/19/2011 10:17:33.0079441
266 10/19/2011 10:17:40.2436618
563 10/19/2011 10:17:47.4793795
535 10/19/2011 10:17:59.7377212
514 10/19/2011 10:18:07.0205260
272 10/19/2011 10:18:14.3772112
265 10/19/2011 10:18:21.4714630
294 10/19/2011 10:18:28.7379814
296 10/19/2011 10:18:39.8256862
297 10/19/2011 10:18:48.3920344
277 10/19/2011 10:18:54.1551352
278 10/19/2011 10:19:01.8914716
279 10/19/2011 10:19:09.8940382
775 10/19/2011 10:19:15.9662214
779 10/19/2011 10:19:24.0222634
660 10/19/2011 10:19:27.8234638
693 10/19/2011 10:19:31.5151646
249 10/19/2011 10:19:39.2896362
247 10/19/2011 10:19:45.2339002
253 10/19/2011 10:19:52.8832294
241 10/19/2011 10:20:00.0476318
242 10/19/2011 10:20:07.4153906
243 10/19/2011 10:20:14.8443286
244 10/19/2011 10:20:20.9416276
245 10/19/2011 10:20:29.3058711
513 10/19/2011 10:20:35.8721931
557 10/19/2011 10:20:43.7674136
509 10/19/2011 10:20:55.8838411
510 10/19/2011 10:21:06.0616402
523 10/19/2011 10:21:14.6597144
295 10/19/2011 10:21:22.6932774
268 10/19/2011 10:21:28.4449334
276 10/19/2011 10:21:35.3062839
044 10/19/2011 10:21:43.3398469
662 10/19/2011 10:21:49.5447584
842 10/19/2011 10:21:57.8283934
743 10/19/2011 10:22:03.8613804
647 10/19/2011 10:22:07.4874244
648 10/19/2011 10:22:13.3327188
704 10/19/2011 10:22:19.6148934
236 10/19/2011 10:22:27.2253885
237 10/19/2011 10:22:34.5389649
234 10/19/2011 10:22:41.7744048
232 10/19/2011 10:22:48.3378708
192 10/19/2011 10:22:59.8551909
556 10/19/2011 10:23:08.6533608
544 10/19/2011 10:23:16.6698345
607 10/19/2011 10:23:24.8891631
617 10/19/2011 10:23:31.6240122
596 10/19/2011 10:23:40.6558980
525 10/19/2011 10:23:51.9066900
534 10/19/2011 10:23:59.1572004
238 10/19/2011 10:24:10.1579748
239 10/19/2011 10:24:20.2521829
646 10/19/2011 10:24:27.2837029
762 10/19/2011 10:24:34.4871045
998 10/19/2011 10:24:45.6750341
873 10/19/2011 10:24:52.6596773
655 10/19/2011 10:25:02.7694405
700 10/19/2011 10:25:11.7854117
231 10/19/2011 10:25:20.6293955
235 10/19/2011 10:25:28.7389781
503 10/19/2011 10:25:38.7079833
594 10/19/2011 10:25:45.4112799
598 10/19/2011 10:25:52.3177067
372 10/19/2011 10:25:59.0053779
381 10/19/2011 10:26:11.1931899
422 10/19/2011 10:26:21.4745865
375 10/19/2011 10:26:30.3653253
376 10/19/2011 10:26:38.0372985
377 10/19/2011 10:26:48.2718045
378 10/19/2011 10:26:55.7562753
200 10/19/2011 10:27:02.1938577
767 10/19/2011 10:27:07.5845517
955 10/19/2011 10:27:19.5534549
863 10/19/2011 10:27:34.3505193
742 10/19/2011 10:27:38.2099437
667 10/19/2011 10:27:42.3193713
175 10/19/2011 10:27:49.9913445
397 10/19/2011 10:27:58.0851981
398 10/19/2011 10:28:08.4290805
399 10/19/2011 10:28:16.1635302
400 10/19/2011 10:28:26.9604743
401 10/19/2011 10:28:40.5386862
382 10/19/2011 10:28:49.2262418
404 10/19/2011 10:28:59.8981851
444 10/19/2011 10:29:10.1326256
600 10/19/2011 10:29:25.7263899
625 10/19/2011 10:29:36.2888899
626 10/19/2011 10:29:44.2263899
629 10/19/2011 10:29:54.5701399
538 10/19/2011 10:30:09.6795149
383 10/19/2011 10:30:18.5545545
385 10/19/2011 10:30:26.0702276
386 10/19/2011 10:30:34.2734051
388 10/19/2011 10:30:41.6640774
389 10/19/2011 10:30:49.1016250
390 10/19/2011 10:30:56.6329232
220 10/19/2011 10:31:04.1329712
331 10/19/2011 10:31:11.0080152
841 10/19/2011 10:31:18.3049369
956 10/19/2011 10:31:25.3049817
883 10/19/2011 10:31:32.1175253
740 10/19/2011 10:31:35.4300465
187 10/19/2011 10:31:42.0707140
391 10/19/2011 10:31:49.3676357
392 10/19/2011 10:31:55.1176725
393 10/19/2011 10:32:02.0864671
394 10/19/2011 10:32:10.3677701
402 10/19/2011 10:32:17.1646886
403 10/19/2011 10:32:23.9928573
560 10/19/2011 10:32:30.9616519
561 10/19/2011 10:32:38.2585736
572 10/19/2011 10:32:45.9773730
605 10/19/2011 10:32:52.4149142
641 10/19/2011 10:33:03.6024858
379 10/19/2011 10:33:12.0869151
380 10/19/2011 10:33:20.1337919
213 10/19/2011 10:33:27.6181669
703 10/19/2011 10:33:31.7587919
772 10/19/2011 10:33:40.4462919
773 10/19/2011 10:33:46.8837919
889 10/19/2011 10:33:54.0400419
384 10/19/2011 10:34:01.2900419
621 10/19/2011 10:34:08.1337919
569 10/19/2011 10:34:14.7431821
507 10/19/2011 10:34:22.3369807
562 10/19/2011 10:34:31.2276626
632 10/19/2011 10:34:35.5870655
623 10/19/2011 10:34:43.3839904
003 10/19/2011 10:34:50.8684133
004 10/19/2011 10:34:59.3997179
833 10/19/2011 10:35:05.9622599
652 10/19/2011 10:35:10.0091608
653 10/19/2011 10:35:16.1029498
658 10/19/2011 10:35:20.0561001
957 10/19/2011 10:35:31.8843008
589 10/19/2011 10:35:41.6968636
586 10/19/2011 10:35:51.0719236
501 10/19/2011 10:35:58.8375983
502 10/19/2011 10:36:06.4470220
521 10/19/2011 10:36:14.6033242
487 10/19/2011 10:36:21.4939933
489 10/19/2011 10:36:28.7596648
490 10/19/2011 10:36:35.4315825
491 10/19/2011 10:36:42.3535018
494 10/19/2011 10:36:49.5879231
495 10/19/2011 10:36:58.9161078
496 10/19/2011 10:37:06.3067801
488 10/19/2011 10:37:20.2131191
506 10/19/2011 10:37:27.2287890
500 10/19/2011 10:37:36.6038490
554 10/19/2011 10:37:48.1507979
587 10/19/2011 10:37:59.5102456
599 10/19/2011 10:38:10.1509387
615 10/19/2011 10:38:16.8541066
942 10/19/2011 10:38:24.1041530
776 10/19/2011 10:38:30.6510699
735 10/19/2011 10:38:35.5729764
992 10/19/2011 10:38:42.9323985
940 10/19/2011 10:38:50.4636967
542 10/19/2011 10:38:57.7293682
498 10/19/2011 10:39:06.0731716
499 10/19/2011 10:39:13.2763369
531 10/19/2011 10:39:20.3075869
493 10/19/2011 10:39:27.6513369
Insert Area--<none> 10/19/2011 10:39:28.0732119
Insert Area--ANAKROM-REGION-AREA1 10/19/2011 10:39:28.4482119
Insert Area--ANAKROM-REGION-AREA2 10/19/2011 10:39:28.8388369
Insert Area--ANAKROM-REGION-AREA3 10/19/2011 10:39:29.2294619
Insert Area--ANAKROM-REGION-AREA4 10/19/2011 10:39:29.6200869
Insert Area--CAGAYAN-REGION-AREA1 10/19/2011 10:39:29.9950869
Insert Area--CAGAYAN-REGION-AREA2 10/19/2011 10:39:30.4013369
Insert Area--CAGAYAN-REGION-AREA3 10/19/2011 10:39:30.8075869
Insert Area--CAGAYAN-REGION-AREA4 10/19/2011 10:39:31.2138369
Insert Area--CAGAYAN-REGION-AREA5 10/19/2011 10:39:31.6669619
Insert Area--CARAGA-REGION-AREA1 10/19/2011 10:39:32.0732119
Insert Area--CARAGA-REGION-AREA1 10/19/2011 10:39:32.4950869
Insert Area--CARAGA-REGION-AREA2 10/19/2011 10:39:32.9638369
Insert Area--CARAGA-REGION-AREA3 10/19/2011 10:39:33.3700869
Insert Area--CARAGA-REGION-AREA4 10/19/2011 10:39:33.8388369
Insert Area--Cebu Central A 10/19/2011 10:39:34.2450869
Insert Area--Cebu Central B 10/19/2011 10:39:34.6357119
Insert Area--Cebu Central C 10/19/2011 10:39:35.0888369
Insert Area--Cebu Central D 10/19/2011 10:39:35.4794619
Insert Area--Cebu North A 10/19/2011 10:39:35.8700869
Insert Area--Cebu North A 10/19/2011 10:39:36.3232119
Insert Area--Cebu North B 10/19/2011 10:39:36.7138369
Insert Area--Cebu North C 10/19/2011 10:39:37.1044619
Insert Area--Cebu North D 10/19/2011 10:39:37.4950869
Insert Area--Cebu North E 10/19/2011 10:39:37.9169619
Insert Area--Cebu South A 10/19/2011 10:39:38.3075869
Insert Area--Cebu South B 10/19/2011 10:39:38.6825869
Insert Area--Cebu South C 10/19/2011 10:39:39.0732119
Insert Area--CEBU SOUTH D 10/19/2011 10:39:39.4638369
Insert Area--CEBU SOUTH E 10/19/2011 10:39:39.8544619
Insert Area--DAVA0-MINDANAO-REGION-AREA1 10/19/2011 10:39:40.2450869
Insert Area--DAVA0-MINDANAO-REGION-AREA2 10/19/2011 10:39:40.6357119
Insert Area--DAVA0-MINDANAO-REGION-AREA3 10/19/2011 10:39:41.0263369
Insert Area--DAVA0-MINDANAO-REGION-AREA4 10/19/2011 10:39:41.4169619
Insert Area--DAVA0-MINDANAO-REGION-AREA5 10/19/2011 10:39:41.8075869
Insert Area--DIPOLOG-MINDANAO-REGION-AREA1 10/19/2011 10:39:42.1982119
Insert Area--DIPOLOG-MINDANAO-REGION-AREA2 10/19/2011 10:39:42.5888369
Insert Area--DIPOLOG-MINDANAO-REGION-AREA3 10/19/2011 10:39:42.9950869
Insert Area--HO 10/19/2011 10:39:43.3857119
Insert Area--LEYTE-REGION-AREA1 10/19/2011 10:39:43.7919619
Insert Area--LEYTE-REGION-AREA2 10/19/2011 10:39:44.1982119
Insert Area--LEYTE-REGION-AREA2 10/19/2011 10:39:44.6044619
Insert Area--LEYTE-REGION-AREA3 10/19/2011 10:39:45.0263369
Insert Area--LUZON-SHOWROOMS 10/19/2011 10:39:45.4325869
Insert Area--MINDANAO-SHOWROOMS 10/19/2011 10:39:45.8232119
Insert Area--NCR-SHOWROOMS 10/19/2011 10:39:46.2138369
Insert Area--NEGROS-OCC-REGION-AREA1 10/19/2011 10:39:46.6200869
Insert Area--NEGROS-OCC-REGION-AREA2 10/19/2011 10:39:47.0107119
Insert Area--NEGROS-OCC-REGION-AREA3 10/19/2011 10:39:47.4013369
Insert Area--NEGROS-OCC-REGION-AREA4 10/19/2011 10:39:47.7919619
Insert Area--NEGROS-OCC-REGION-AREA5 10/19/2011 10:39:48.1982119
Insert Area--NEGROS-ORIENTAL-REGION-AREA1 10/19/2011 10:39:48.5888369
Insert Area--NEGROS-ORIENTAL-REGION-AREA2 10/19/2011 10:39:48.9794619
Insert Area--NEGROS-ORIENTAL-REGION-AREA3 10/19/2011 10:39:49.3857119
Insert Area--NEGROS-ORIENTAL-REGION-AREA4 10/19/2011 10:39:49.7763369
Insert Area--OZAMIS-MINDANAO-REGION-AREA1 10/19/2011 10:39:50.1669619
Insert Area--OZAMIS-MINDANAO-REGION-AREA2 10/19/2011 10:39:50.5575869
Insert Area--OZAMIS-MINDANAO-REGION-AREA3 10/19/2011 10:39:50.9638369
Insert Area--OZAMIS-MINDANAO-REGION-AREA4 10/19/2011 10:39:51.3700869
Insert Area--OZAMIS-MINDANAO-REGION-AREA5 10/19/2011 10:39:51.7607119
Insert Area--PANAY-ROMBLON-REGION-AREA1 10/19/2011 10:39:52.1669619
Insert Area--PANAY-ROMBLON-REGION-AREA2 10/19/2011 10:39:52.5888369
Insert Area--PANAY-ROMBLON-REGION-AREA3 10/19/2011 10:39:52.9794619
Insert Area--PANAY-ROMBLON-REGION-AREA4 10/19/2011 10:39:53.4013369
Insert Area--PANAY-ROMBLON-REGION-AREA5 10/19/2011 10:39:53.7763369
Insert Area--SAMAR-REGION-AREA1 10/19/2011 10:39:54.1669619
Insert Area--SAMAR-REGION-AREA2 10/19/2011 10:39:54.5419619
Insert Area--SAMAR-REGION-AREA3 10/19/2011 10:39:54.9325869
Insert Area--SOCSKSARGEN-MINDANAO-AREA1 10/19/2011 10:39:55.3232119
Insert Area--SOCSKSARGEN-MINDANAO-AREA2 10/19/2011 10:39:55.7294619
Insert Area--SOCSKSARGEN-MINDANAO-AREA3 10/19/2011 10:39:56.1357119
Insert Area--SOCSKSARGEN-MINDANAO-AREA4 10/19/2011 10:39:56.5575869
Insert Area--SOCSKSARGEN-MINDANAO-AREA5 10/19/2011 10:39:56.9482119
Insert Area--SOCSKSARGEN-MINDANAO-AREA6 10/19/2011 10:39:57.3388369
Insert Area--VISAYAS-SHOWROOMS 10/19/2011 10:39:57.7450869
Insert Area--ZAMBASTA-MINDANAO-AREA1 10/19/2011 10:39:58.1357119
Insert Area--ZAMBASTA-MINDANAO-AREA2 10/19/2011 10:39:58.5263369
Insert Area--ZAMBASTA-MINDANAO-AREA3 10/19/2011 10:39:58.9169619
Insert region--ANAKROM-REGION 10/19/2011 10:39:59.1669619
Insert region--CAGAYAN-REGION 10/19/2011 10:39:59.3857119
Insert region--CARAGA-REGION 10/19/2011 10:39:59.5888369
Insert region--Cebu Central 10/19/2011 10:39:59.8075869
Insert region--Cebu North 10/19/2011 10:40:00.0263369
Insert region--Cebu South 10/19/2011 10:40:00.2294619
Insert region--DAVA0-MINDANAO-REGION 10/19/2011 10:40:00.4482119
Insert region--DIPOLOG-MINDANAO-REGION 10/19/2011 10:40:00.6513369
Insert region--HO 10/19/2011 10:40:00.8700869
Insert region--LA-SHOWROOMS 10/19/2011 10:40:01.1044619
Insert region--LEYTE-REGION 10/19/2011 10:40:01.3075869
Insert region--LUZON/NCR-SHOWROOMS 10/19/2011 10:40:01.5419619
Insert region--NEGROS-OCC-REGION 10/19/2011 10:40:01.7607119
Insert region--NEGROS-ORIENTAL-REGION 10/19/2011 10:40:01.9794619
Insert region--OZAMIS-MINDANAO-REGION 10/19/2011 10:40:02.2138369
Insert region--PANAY-ROMBLON-REGION 10/19/2011 10:40:02.4482119
Insert region--SAMAR-REGION 10/19/2011 10:40:02.6669619
Insert region--SOCSKSARGEN-MINDANAO-REGION 10/19/2011 10:40:02.9169619
Insert region--VISMIN-SHOWROOMS 10/19/2011 10:40:05.9169619
Insert region--ZAMBASTA-MINDANAO-REGION 10/19/2011 10:40:12.9950869
Insert Vismin Wide--  10/19/2011 10:40:13.2450869
Update--941 10/18/2011 10:40:34.9638369
