Update--941 9/27/2011 14:06:09.9645000
Update--677 9/27/2011 14:06:19.8082500
Update--711 9/27/2011 14:06:24.4801250
Update--057 9/27/2011 14:07:10.7483750
Update--066 9/27/2011 14:07:24.3421250
Update--079 9/27/2011 14:07:34.3265000
Update--264 9/27/2011 14:07:51.2171250
Update--593 9/27/2011 14:08:07.5590000
Update--628 9/27/2011 14:08:14.1527500
Update--582 9/27/2011 14:08:22.2152500
Update--537 9/27/2011 14:08:29.6996250
Update--396 9/27/2011 14:08:36.5433750
Update--280 9/27/2011 14:08:45.0746250
Update--281 9/27/2011 14:08:53.7933750
Update--284 9/27/2011 14:09:07.6210000
Update--285 9/27/2011 14:09:15.8866250
Update--290 9/27/2011 14:09:34.5585000
Update--720 9/27/2011 14:09:39.8397500
Update--696 9/27/2011 14:09:44.6678750
Update--697 9/27/2011 14:09:49.0741250
Update--673 9/27/2011 14:09:54.2928750
Update--875 9/27/2011 14:10:03.4016533
Update--727 9/27/2011 14:10:21.2090321
Update--730 9/27/2011 14:10:27.4541994
Update--731 9/27/2011 14:10:41.7850493
Update--724 9/27/2011 14:10:46.9762463
Update--725 9/27/2011 14:11:02.6238527
Update--291 9/27/2011 14:11:09.9613439
Update--287 9/27/2011 14:11:18.6785343
Update--289 9/27/2011 14:11:26.7215535
Update--583 9/27/2011 14:11:35.6895983
Update--639 9/27/2011 14:11:43.8266879
Update--288 9/27/2011 14:11:55.2875983
Update--292 9/27/2011 14:12:10.0964157
Update--282 9/27/2011 14:12:23.0092332
Update--283 9/27/2011 14:12:31.5551706
Update--246 9/27/2011 14:12:43.4506146
Update--250 9/27/2011 14:12:55.6747485
Update--251 9/27/2011 14:13:05.6840805
Update--252 9/27/2011 14:13:14.0975397
Update--254 9/27/2011 14:13:22.0887621
Update--248 9/27/2011 14:13:30.3771141
Update--747 9/27/2011 14:13:42.2466597
Update--843 9/27/2011 14:13:51.3482085
Update--679 9/27/2011 14:13:58.7129841
Update--668 9/27/2011 14:14:10.2805161
Update--005 9/27/2011 14:14:26.0373705
Update--574 9/27/2011 14:14:52.1737401
Update--519 9/27/2011 14:15:05.0056119
Update--533 9/27/2011 14:15:22.8376163
Update--346 9/27/2011 14:15:32.4959675
Update--347 9/27/2011 14:15:42.0761767
Update--348 9/27/2011 14:15:50.5311411
Update--349 9/27/2011 14:16:03.2050527
Update--350 9/27/2011 14:16:18.8161260
Update--351 9/27/2011 14:16:32.2082079
Update--352 9/27/2011 14:16:44.9439684
Update--353 9/27/2011 14:16:56.3827128
Update--373 9/27/2011 14:17:07.6037415
Update--338 9/27/2011 14:17:17.4165423
Update--339 9/27/2011 14:17:27.3701967
Update--342 9/27/2011 14:17:37.0734447
Update--528 9/27/2011 14:17:51.8317719
Update--550 9/27/2011 14:18:05.7491250
Update--604 9/27/2011 14:18:14.7335000
Update--627 9/27/2011 14:18:22.9678750
Update--880 9/27/2011 14:18:31.2960000
Update--881 9/27/2011 14:18:39.2335000
Update--948 9/27/2011 14:18:48.2647500
Update--995 9/27/2011 14:19:10.7487500
Update--355 9/27/2011 14:19:37.4518750
Update--356 9/27/2011 14:19:44.7175000
Update--359 9/27/2011 14:20:01.9995000
Update--360 9/27/2011 14:20:19.1088750
Update--361 9/27/2011 14:20:26.8276250
Update--362 9/27/2011 14:20:37.9213750
Update--363 9/27/2011 14:21:01.3276552
Update--368 9/27/2011 14:21:12.1714746
Update--365 9/27/2011 14:21:20.7809047
Update--344 9/27/2011 14:21:28.9215818
Update--340 9/27/2011 14:21:36.1872533
Update--341 9/27/2011 14:21:47.8748281
Update--640 9/27/2011 14:21:53.7186155
Update--558 9/27/2011 14:22:06.1561340
Update--172 9/27/2011 14:22:14.0936340
Update--335 9/27/2011 14:22:22.4530090
Update--336 9/27/2011 14:22:31.2030090
Update--687 9/27/2011 14:22:35.6248840
Update--688 9/27/2011 14:22:39.8436340
Update--689 9/27/2011 14:22:44.1405090
Update--879 9/27/2011 14:22:55.0155090
Update--343 9/27/2011 14:23:03.1874261
Update--354 9/27/2011 14:23:12.2656092
Update--364 9/27/2011 14:23:21.8594206
Update--410 9/27/2011 14:23:32.4688635
Update--412 9/27/2011 14:23:42.2033008
Update--413 9/27/2011 14:23:51.9689883
Update--414 9/27/2011 14:24:04.4690683
Update--415 9/27/2011 14:24:13.5628765
Update--416 9/27/2011 14:24:22.9691867
Update--405 9/27/2011 14:24:31.3598654
Update--407 9/27/2011 14:24:39.4067919
Update--408 9/27/2011 14:24:46.5630877
Update--618 9/27/2011 14:24:54.9068911
Update--620 9/27/2011 14:25:03.8131520
Update--108 9/27/2011 14:25:13.1256520
Update--845 9/27/2011 14:25:22.6881520
Update--862 9/27/2011 14:25:32.2506520
Update--748 9/27/2011 14:25:40.2662770
Update--878 9/27/2011 14:25:56.7819020
Update--619 9/27/2011 14:26:05.3600270
Update--430 9/27/2011 14:26:12.3444020
Update--406 9/27/2011 14:26:22.3131520
Update--417 9/27/2011 14:26:41.2350270
Update--418 9/27/2011 14:27:00.8444291
Update--419 9/27/2011 14:27:13.8132621
Update--420 9/27/2011 14:27:22.7508193
Update--421 9/27/2011 14:27:30.7039952
Update--423 9/27/2011 14:27:37.9227914
Update--424 9/27/2011 14:27:45.9228426
Update--425 9/27/2011 14:27:55.5791544
Update--431 9/27/2011 14:28:03.4073295
Update--409 9/27/2011 14:28:11.3136301
Update--427 9/27/2011 14:28:17.9855478
Update--428 9/27/2011 14:28:27.4387333
Update--429 9/27/2011 14:28:37.9388005
Update--434 9/27/2011 14:28:46.3919796
Update--954 9/27/2011 14:28:54.3920308
Update--719 9/27/2011 14:28:58.4076930
Update--718 9/27/2011 14:29:02.4702450
Update--435 9/27/2011 14:29:10.9547286
Update--436 9/27/2011 14:29:18.8298294
Update--437 9/27/2011 14:29:26.7986814
Update--439 9/27/2011 14:29:34.5175302
Update--440 9/27/2011 14:29:41.3457426
Update--441 9/27/2011 14:29:50.2989822
Update--432 9/27/2011 14:29:58.2521985
Update--433 9/27/2011 14:30:06.2834999
Update--105 9/27/2011 14:30:15.7679356
Update--018 9/27/2011 14:30:23.7836119
Update--037 9/27/2011 14:30:33.6899253
Update--040 9/27/2011 14:30:42.2212299
Update--029 9/27/2011 14:30:51.6431652
Update--030 9/27/2011 14:30:59.7682172
Update--032 9/27/2011 14:31:12.0807960
Update--033 9/27/2011 14:31:19.8777209
Update--034 9/27/2011 14:31:27.3777689
Update--035 9/27/2011 14:31:35.1434436
Update--750 9/27/2011 14:31:42.6122414
Update--868 9/27/2011 14:31:50.3779161
Update--846 9/27/2011 14:32:02.4560810
Update--749 9/27/2011 14:32:11.8623310
Update--867 9/27/2011 14:32:27.5342060
Update--022 9/27/2011 14:32:35.9717060
Update--023 9/27/2011 14:32:44.4248310
Update--024 9/27/2011 14:32:52.8467060
Update--025 9/27/2011 14:33:01.0342060
Update--026 9/27/2011 14:33:13.0185810
Update--027 9/27/2011 14:33:26.5342060
Update--028 9/27/2011 14:33:34.3310810
Update--019 9/27/2011 14:33:44.5654560
Update--020 9/27/2011 14:33:52.5342060
Update--078 9/27/2011 14:34:00.3311048
Update--526 9/27/2011 14:34:08.2061552
Update--512 9/27/2011 14:34:15.8780793
Update--508 9/27/2011 14:34:24.5656349
Update--616 9/27/2011 14:34:33.5188172
Update--633 9/27/2011 14:34:38.1125966
Update--045 9/27/2011 14:34:45.8157709
Update--046 9/27/2011 14:34:54.3783257
Update--047 9/27/2011 14:35:02.2221259
Update--048 9/27/2011 14:35:10.3471779
Update--049 9/27/2011 14:35:19.0034833
Update--050 9/27/2011 14:35:27.4097871
Update--054 9/27/2011 14:35:36.6285961
Update--042 9/27/2011 14:35:44.7067728
Update--052 9/27/2011 14:35:52.3318216
Update--325 9/27/2011 14:35:59.8787240
Update--053 9/27/2011 14:36:08.8630990
Update--043 9/27/2011 14:36:17.0505990
Update--055 9/27/2011 14:36:24.7537240
Update--051 9/27/2011 14:36:33.2380990
Update--041 9/27/2011 14:36:41.7849740
Update--038 9/27/2011 14:36:51.4255990
Update--532 9/27/2011 14:36:59.2537240
Update--866 9/27/2011 14:37:07.3943490
Update--722 9/27/2011 14:37:15.1755990
Update--721 9/27/2011 14:37:21.4412240
Update--864 9/27/2011 14:37:29.6443490
Update--865 9/27/2011 14:37:37.3318490
Update--710 9/27/2011 14:37:41.4568490
Update--547 9/27/2011 14:37:49.7693490
Update--644 9/27/2011 14:37:55.6912240
Update--591 9/27/2011 14:38:04.2391238
Update--571 9/27/2011 14:38:12.0057925
Update--578 9/27/2011 14:38:21.1320189
Update--067 9/27/2011 14:38:29.6800426
Update--068 9/27/2011 14:38:37.6498636
Update--069 9/27/2011 14:38:44.6508044
Update--065 9/27/2011 14:38:52.5893712
Update--260 9/27/2011 14:38:59.7307569
Update--240 9/27/2011 14:39:06.8562585
Update--070 9/27/2011 14:39:13.0129419
Update--071 9/27/2011 14:39:20.2165740
Update--072 9/27/2011 14:39:27.7639803
Update--073 9/27/2011 14:39:36.8896227
Update--056 9/27/2011 14:39:45.5777343
Update--064 9/27/2011 14:39:53.4376626
Update--087 9/27/2011 14:40:00.8286734
Update--585 9/27/2011 14:40:09.2664974
Update--511 9/27/2011 14:40:19.9700334
Update--699 9/27/2011 14:40:24.5639598
Update--936 9/27/2011 14:40:33.1267886
Update--943 9/27/2011 14:40:42.3771438
Update--088 9/27/2011 14:41:00.9246760
Update--089 9/27/2011 14:41:08.9873824
Update--090 9/27/2011 14:41:16.6750792
Update--092 9/27/2011 14:41:24.8627888
Update--093 9/27/2011 14:41:32.8786190
Update--094 9/27/2011 14:41:42.8788750
Update--080 9/27/2011 14:41:51.5197212
Update--081 9/27/2011 14:41:59.5823898
Update--082 9/27/2011 14:42:07.5356166
Update--084 9/27/2011 14:42:15.7388466
Update--085 9/27/2011 14:42:23.8327002
Update--086 9/27/2011 14:42:31.9109286
Update--083 9/27/2011 14:42:43.1923230
Update--095 9/27/2011 14:42:51.0049230
Update--074 9/27/2011 14:43:00.1612902
Update--075 9/27/2011 14:43:08.3332698
Update--076 9/27/2011 14:43:16.7708778
Update--573 9/27/2011 14:43:28.3022754
Update--937 9/27/2011 14:43:36.1930014
Update--938 9/27/2011 14:43:45.0524898
Update--656 9/27/2011 14:43:49.7087994
Update--869 9/27/2011 14:43:57.9276463
Update--728 9/27/2011 14:44:15.1152563
Update--944 9/27/2011 14:44:24.2403147
Update--945 9/27/2011 14:44:41.0060470
Update--997 9/27/2011 14:44:53.7405035
Update--058 9/27/2011 14:45:11.3655220
Update--059 9/27/2011 14:45:21.4436470
Update--060 9/27/2011 14:45:37.6467720
Update--061 9/27/2011 14:45:52.9905220
Update--062 9/27/2011 14:46:02.7405220
Update--063 9/27/2011 14:46:16.1467720
Update--120 9/27/2011 14:46:26.3498970
Update--121 9/27/2011 14:46:34.7717720
Update--122 9/27/2011 14:46:45.0373970
Update--125 9/27/2011 14:46:53.6780220
Update--126 9/27/2011 14:47:03.3499400
Update--128 9/27/2011 14:47:11.8656195
Update--129 9/27/2011 14:47:21.1156787
Update--130 9/27/2011 14:47:29.6469833
Update--575 9/27/2011 14:47:39.3189202
Update--835 9/27/2011 14:47:51.8502504
Update--702 9/27/2011 14:48:15.5379020
Update--666 9/27/2011 14:48:23.6785791
Update--839 9/27/2011 14:48:34.4130228
Update--555 9/27/2011 14:48:44.4130868
Update--123 9/27/2011 14:48:51.1475049
Update--124 9/27/2011 14:48:58.8663043
Update--106 9/27/2011 14:49:06.4288527
Update--103 9/27/2011 14:49:14.7882812
Update--109 9/27/2011 14:49:23.5227121
Update--112 9/27/2011 14:49:32.4446442
Update--115 9/27/2011 14:49:41.2884508
Update--117 9/27/2011 14:49:49.7103797
Update--118 9/27/2011 14:49:57.3666740
Update--119 9/27/2011 14:50:04.8822990
Update--834 9/27/2011 14:50:13.5229240
Update--670 9/27/2011 14:50:17.8979240
Update--953 9/27/2011 14:50:26.8510490
Update--876 9/27/2011 14:50:34.4760490
Update--947 9/27/2011 14:50:42.3197990
Update--104 9/27/2011 14:50:53.0385490
Update--096 9/27/2011 14:51:01.7729569
Update--097 9/27/2011 14:51:10.3042615
Update--098 9/27/2011 14:51:18.3980633
Update--099 9/27/2011 14:51:25.1012312
Update--100 9/27/2011 14:51:34.0387884
Update--101 9/27/2011 14:51:41.9607141
Update--017 9/27/2011 14:51:49.8357645
Update--566 9/27/2011 14:51:58.3514440
Update--567 9/27/2011 14:52:07.1015000
Update--549 9/27/2011 14:52:18.3515720
Update--559 9/27/2011 14:52:27.1641284
Update--107 9/27/2011 14:52:42.7111029
Update--116 9/27/2011 14:52:50.6017784
Update--113 9/27/2011 14:52:58.2111920
Update--114 9/27/2011 14:53:06.9924420
Update--110 9/27/2011 14:53:15.0861920
Update--111 9/27/2011 14:53:23.4143170
Update--836 9/27/2011 14:53:33.4299420
Update--837 9/27/2011 14:53:41.9924420
Update--838 9/27/2011 14:53:50.2736920
Update--723 9/27/2011 14:53:55.0549420
Update--739 9/27/2011 14:53:59.3205842
Update--136 9/27/2011 14:54:06.5081302
Update--308 9/27/2011 14:54:14.3831806
Update--309 9/27/2011 14:54:23.8676163
Update--298 9/27/2011 14:54:36.6958234
Update--299 9/27/2011 14:54:43.1646148
Update--300 9/27/2011 14:54:52.3677987
Update--301 9/27/2011 14:55:01.1334798
Update--303 9/27/2011 14:55:09.1335310
Update--306 9/27/2011 14:55:16.5242033
Update--527 9/27/2011 14:55:25.5711362
Update--515 9/27/2011 14:55:34.0243153
Update--602 9/27/2011 14:55:42.8837470
Update--624 9/27/2011 14:55:51.0087990
Update--540 9/27/2011 14:56:01.1338638
Update--541 9/27/2011 14:56:14.5245745
Update--302 9/27/2011 14:56:23.5402572
Update--333 9/27/2011 14:56:35.3528328
Update--334 9/27/2011 14:56:57.6029690
Update--326 9/27/2011 14:57:15.3842190
Update--327 9/27/2011 14:57:30.9154690
Update--328 9/27/2011 14:57:39.6342190
Update--329 9/27/2011 14:57:47.6810940
Update--127 9/27/2011 14:57:55.4779690
Update--893 9/27/2011 14:58:04.2748929
Update--894 9/27/2011 14:58:30.9781888
Update--892 9/27/2011 14:58:44.3220242
Update--661 9/27/2011 14:58:49.3376813
Update--701 9/27/2011 14:58:54.6033400
Update--319 9/27/2011 14:59:02.0096374
Update--320 9/27/2011 14:59:08.4471786
Update--321 9/27/2011 14:59:15.1972218
Update--322 9/27/2011 14:59:22.8847710
Update--323 9/27/2011 14:59:42.1973946
Update--307 9/27/2011 14:59:51.5255793
Update--311 9/27/2011 14:59:58.8068759
Update--312 9/27/2011 15:00:07.7756833
Update--315 9/27/2011 15:00:26.1195507
Update--316 9/27/2011 15:00:34.9789824
Update--286 9/27/2011 15:00:44.6040440
Update--426 9/27/2011 15:00:50.5728322
Update--517 9/27/2011 15:01:03.3228710
Update--590 9/27/2011 15:01:11.2603710
Update--317 9/27/2011 15:01:17.7759960
Update--313 9/27/2011 15:01:28.6822460
Update--314 9/27/2011 15:01:38.4634960
Update--310 9/27/2011 15:01:48.0103710
Update--148 9/27/2011 15:01:57.0572487
Update--709 9/27/2011 15:02:01.9479050
Update--671 9/27/2011 15:02:06.7916860
Update--890 9/27/2011 15:02:30.2293360
Update--891 9/27/2011 15:02:43.2294192
Update--860 9/27/2011 15:02:51.3544712
Update--332 9/27/2011 15:02:59.4013977
Update--324 9/27/2011 15:03:17.0108854
Update--330 9/27/2011 15:03:35.4016281
Update--271 9/27/2011 15:03:43.1360526
Update--570 9/27/2011 15:03:50.5423500
Update--622 9/27/2011 15:03:58.2923890
Update--608 9/27/2011 15:04:14.6517640
Update--545 9/27/2011 15:04:36.8705140
Update--553 9/27/2011 15:04:53.0580140
Update--565 9/27/2011 15:05:02.3236390
Update--442 9/27/2011 15:05:12.0580140
Update--443 9/27/2011 15:05:20.5892640
Update--438 9/27/2011 15:05:40.1048890
Update--445 9/27/2011 15:05:48.4642640
Update--447 9/27/2011 15:06:03.4486826
Update--448 9/27/2011 15:06:20.1987898
Update--449 9/27/2011 15:06:37.6364014
Update--450 9/27/2011 15:06:46.7770849
Update--854 9/27/2011 15:06:55.3083895
Update--991 9/27/2011 15:07:03.6365678
Update--884 9/27/2011 15:07:11.2772417
Update--451 9/27/2011 15:07:19.4960443
Update--452 9/27/2011 15:07:26.2929628
Update--459 9/27/2011 15:07:34.0742626
Update--460 9/27/2011 15:07:42.1211891
Update--461 9/27/2011 15:07:52.2931292
Update--462 9/27/2011 15:08:01.4682147
Update--463 9/27/2011 15:08:12.1940305
Update--464 9/27/2011 15:08:23.9361408
Update--455 9/27/2011 15:08:42.1043594
Update--457 9/27/2011 15:08:50.6881391
Update--564 9/27/2011 15:08:58.8021422
Update--612 9/27/2011 15:09:06.1013989
Update--630 9/27/2011 15:09:17.4019612
Update--606 9/27/2011 15:09:25.2013811
Update--610 9/27/2011 15:09:33.0320612
Update--611 9/27/2011 15:09:41.1128229
Update--548 9/27/2011 15:09:50.6940742
Update--524 9/27/2011 15:10:06.2444887
Update--458 9/27/2011 15:10:13.8551299
Update--479 9/27/2011 15:10:21.7314403
Update--453 9/27/2011 15:10:29.5921231
Update--454 9/27/2011 15:10:37.2652747
Update--233 9/27/2011 15:10:45.3603715
Update--885 9/27/2011 15:10:53.5023511
Update--886 9/27/2011 15:11:02.4564836
Update--887 9/27/2011 15:11:11.3322220
Update--888 9/27/2011 15:11:19.7079188
Update--663 9/27/2011 15:11:24.0989091
Update--001 9/27/2011 15:11:28.0523630
Update--207 9/27/2011 15:11:35.9748971
Update--208 9/27/2011 15:11:46.7882967
Update--209 9/27/2011 15:11:54.4451837
Update--210 9/27/2011 15:12:02.4143759
Update--212 9/27/2011 15:12:08.9615442
Update--214 9/27/2011 15:12:16.0712377
Update--215 9/27/2011 15:12:23.8528363
Update--216 9/27/2011 15:12:33.3220105
Update--217 9/27/2011 15:12:42.7443076
Update--218 9/27/2011 15:12:59.6669023
Update--645 9/27/2011 15:13:04.2451738
Update--650 9/27/2011 15:13:12.5423143
Update--651 9/27/2011 15:13:19.1675263
Update--674 9/27/2011 15:13:25.1833438
Update--675 9/27/2011 15:13:29.5741093
Update--949 9/27/2011 15:13:38.9806603
Update--996 9/27/2011 15:13:47.3871793
Update--874 9/27/2011 15:13:56.2468378
Update--579 9/27/2011 15:14:05.0438871
Update--191 9/27/2011 15:14:12.7627853
Update--201 9/27/2011 15:14:20.6691871
Update--202 9/27/2011 15:14:30.9193839
Update--203 9/27/2011 15:14:40.9039506
Update--204 9/27/2011 15:14:49.4822403
Update--205 9/27/2011 15:14:58.3105243
Update--193 9/27/2011 15:15:04.7324815
Update--194 9/27/2011 15:15:10.7013079
Update--195 9/27/2011 15:15:18.3420307
Update--196 9/27/2011 15:15:26.2640071
Update--197 9/27/2011 15:15:34.1859835
Update--198 9/27/2011 15:15:42.7329679
Update--199 9/27/2011 15:15:52.1862139
Update--206 9/27/2011 15:16:03.1863130
Update--219 9/27/2011 15:16:11.9051188
Update--221 9/27/2011 15:16:20.8270509
Update--222 9/27/2011 15:16:29.5146065
Update--223 9/27/2011 15:16:37.5771581
Update--224 9/27/2011 15:16:45.9834619
Update--225 9/27/2011 15:16:53.7335115
Update--226 9/27/2011 15:17:01.3272803
Update--227 9/27/2011 15:17:08.9210303
Update--228 9/27/2011 15:17:15.5929053
Update--229 9/27/2011 15:17:22.8585303
Update--230 9/27/2011 15:17:29.7491553
Update--634 9/27/2011 15:17:36.3272803
Update--872 9/27/2011 15:17:46.7335303
Update--993 9/27/2011 15:17:54.3116553
Update--698 9/27/2011 15:18:05.3741553
Update--844 9/27/2011 15:18:15.8116553
Update--851 9/27/2011 15:18:25.6866553
Update--007 9/27/2011 15:18:40.7804053
Update--012 9/27/2011 15:18:49.3585303
Update--013 9/27/2011 15:18:58.4991553
Update--014 9/27/2011 15:19:06.1710303
Update--006 9/27/2011 15:19:13.7491553
Update--008 9/27/2011 15:19:21.6710303
Update--009 9/27/2011 15:19:29.7179053
Update--010 9/27/2011 15:19:38.8272803
Update--011 9/27/2011 15:19:46.9210303
Update--015 9/27/2011 15:19:55.1397803
Update--016 9/27/2011 15:20:02.8273197
Update--369 9/27/2011 15:20:10.6086195
Update--946 9/27/2011 15:20:19.0149233
Update--870 9/27/2011 15:20:26.7649729
Update--738 9/27/2011 15:20:31.5775037
Update--705 9/27/2011 15:20:36.1556580
Update--609 9/27/2011 15:20:44.1088339
Update--614 9/27/2011 15:20:51.7495078
Update--597 9/27/2011 15:20:59.6870586
Update--163 9/27/2011 15:21:08.4527397
Update--176 9/27/2011 15:21:17.1402953
Update--177 9/27/2011 15:21:24.3903417
Update--178 9/27/2011 15:21:30.8903833
Update--180 9/27/2011 15:21:38.5935576
Update--181 9/27/2011 15:21:47.5623650
Update--182 9/27/2011 15:21:55.5155409
Update--183 9/27/2011 15:22:03.8750155
Update--184 9/27/2011 15:22:11.8438675
Update--185 9/27/2011 15:22:25.6096687
Update--186 9/27/2011 15:22:38.7035863
Update--188 9/27/2011 15:22:47.5161991
Update--189 9/27/2011 15:22:55.5163015
Update--190 9/27/2011 15:23:04.4538163
Update--636 9/27/2011 15:23:09.9069413
Update--751 9/27/2011 15:23:17.5631913
Update--737 9/27/2011 15:23:23.3444413
Update--685 9/27/2011 15:23:28.4069413
Update--994 9/27/2011 15:23:37.7506913
Update--987 9/27/2011 15:23:46.9381913
Update--601 9/27/2011 15:23:55.7350663
Update--580 9/27/2011 15:24:04.8444936
Update--318 9/27/2011 15:24:13.0164209
Update--179 9/27/2011 15:24:19.7820892
Update--173 9/27/2011 15:24:28.2352683
Update--174 9/27/2011 15:24:36.0634434
Update--164 9/27/2011 15:24:43.1728639
Update--165 9/27/2011 15:24:49.7979063
Update--167 9/27/2011 15:24:57.5479559
Update--168 9/27/2011 15:25:04.2667489
Update--171 9/27/2011 15:25:11.0324172
Update--603 9/27/2011 15:25:18.5168401
Update--504 9/27/2011 15:25:25.5168849
Update--374 9/27/2011 15:25:33.5325612
Update--686 9/27/2011 15:25:38.0638402
Update--707 9/27/2011 15:25:42.3451176
Update--669 9/27/2011 15:25:49.2670369
Update--736 9/27/2011 15:25:54.8920729
Update--706 9/27/2011 15:26:00.8764593
Update--999 9/27/2011 15:26:09.0170843
Update--505 9/27/2011 15:26:20.7358343
Update--635 9/27/2011 15:26:27.0327093
Update--169 9/27/2011 15:26:35.0952093
Update--170 9/27/2011 15:26:41.9233343
Update--166 9/27/2011 15:26:49.8452093
Update--337 9/27/2011 15:26:59.5171025
Update--155 9/27/2011 15:27:07.7671553
Update--156 9/27/2011 15:27:17.2984663
Update--157 9/27/2011 15:27:25.2360171
Update--158 9/27/2011 15:27:34.1891994
Update--159 9/27/2011 15:27:42.3298765
Update--149 9/27/2011 15:27:51.7986871
Update--151 9/27/2011 15:27:59.5174865
Update--152 9/27/2011 15:28:08.8925465
Update--147 9/27/2011 15:28:18.3301069
Update--145 9/27/2011 15:28:27.2832892
Update--595 9/27/2011 15:28:34.9395882
Update--539 9/27/2011 15:28:42.5490119
Update--678 9/27/2011 15:28:49.3146802
Update--853 9/27/2011 15:28:58.9241023
Update--764 9/27/2011 15:29:06.4084773
Update--758 9/27/2011 15:29:14.0803523
Update--744 9/27/2011 15:29:20.7834773
Update--716 9/27/2011 15:29:29.4241023
Update--657 9/27/2011 15:29:33.8303523
Update--529 9/27/2011 15:29:41.3459773
Update--530 9/27/2011 15:29:49.1584773
Update--584 9/27/2011 15:29:56.8459773
Update--588 9/27/2011 15:30:04.1741023
Update--146 9/27/2011 15:30:11.3772273
Update--153 9/27/2011 15:30:19.7678523
Update--154 9/27/2011 15:30:30.0959773
Update--144 9/27/2011 15:30:48.0334773
Update--160 9/27/2011 15:30:57.6897338
Update--161 9/27/2011 15:31:05.9710368
Update--305 9/27/2011 15:31:14.6429673
Update--143 9/27/2011 15:31:24.4086548
Update--133 9/27/2011 15:31:35.7524774
Update--137 9/27/2011 15:31:45.5962904
Update--138 9/27/2011 15:31:54.5494727
Update--139 9/27/2011 15:32:03.8932825
Update--140 9/27/2011 15:32:11.9714592
Update--021 9/27/2011 15:32:19.5183825
Update--637 9/27/2011 15:32:24.2527878
Update--638 9/27/2011 15:32:28.8621923
Update--613 9/27/2011 15:32:36.0184881
Update--518 9/27/2011 15:32:43.2841596
Update--680 9/27/2011 15:32:47.3779358
Update--681 9/27/2011 15:32:51.5498375
Update--717 9/27/2011 15:32:56.9873723
Update--708 9/27/2011 15:33:01.0030230
Update--741 9/27/2011 15:33:05.0655490
Update--734 9/27/2011 15:33:10.2374571
Update--871 9/27/2011 15:33:18.8000119
Update--950 9/27/2011 15:33:26.5969368
Update--952 9/27/2011 15:33:36.9563781
Update--951 9/27/2011 15:33:48.2220752
Update--761 9/27/2011 15:33:55.3939961
Update--752 9/27/2011 15:34:02.1752543
Update--714 9/27/2011 15:34:06.5658793
Update--715 9/27/2011 15:34:10.9408793
Update--690 9/27/2011 15:34:15.4565043
Update--682 9/27/2011 15:34:21.0190043
Update--659 9/27/2011 15:34:26.8627543
Update--642 9/27/2011 15:34:32.8627543
Update--345 9/27/2011 15:34:40.5033793
Update--141 9/27/2011 15:34:52.5346293
Update--142 9/27/2011 15:35:01.4565349
Update--131 9/27/2011 15:35:10.3940921
Update--132 9/27/2011 15:35:18.4878939
Update--134 9/27/2011 15:35:26.2223184
Update--135 9/27/2011 15:35:40.3474088
Update--477 9/27/2011 15:35:48.5193361
Update--478 9/27/2011 15:35:56.4725120
Update--469 9/27/2011 15:36:04.3944377
Update--470 9/27/2011 15:36:11.8944857
Update--472 9/27/2011 15:36:18.9570309
Update--473 9/27/2011 15:36:27.1914586
Update--497 9/27/2011 15:36:34.5821309
Update--546 9/27/2011 15:36:42.9103092
Update--665 9/27/2011 15:36:49.7853532
Update--691 9/27/2011 15:36:54.1760063
Update--732 9/27/2011 15:36:58.7697723
Update--983 9/27/2011 15:37:08.4103973
Update--984 9/27/2011 15:37:18.7697723
Update--759 9/27/2011 15:37:26.6603973
Update--840 9/27/2011 15:37:34.4572723
Update--692 9/27/2011 15:37:38.7541473
Update--683 9/27/2011 15:37:43.8635223
Update--684 9/27/2011 15:37:48.9885223
Update--476 9/27/2011 15:37:56.5041473
Update--480 9/27/2011 15:38:04.7072723
Update--481 9/27/2011 15:38:12.3010223
Update--483 9/27/2011 15:38:19.9572723
Update--484 9/27/2011 15:38:27.3947723
Update--485 9/27/2011 15:38:35.4572723
Update--486 9/27/2011 15:38:43.6760223
Update--482 9/27/2011 15:38:51.2697723
Update--475 9/27/2011 15:39:00.3322957
Update--366 9/27/2011 15:39:07.9417194
Update--367 9/27/2011 15:39:15.7386443
Update--370 9/27/2011 15:39:23.3636931
Update--371 9/27/2011 15:39:32.1918746
Update--552 9/27/2011 15:39:40.5825533
Update--649 9/27/2011 15:39:48.5669794
Update--694 9/27/2011 15:39:58.0514151
Update--695 9/27/2011 15:40:07.8014775
Update--985 9/27/2011 15:40:25.5828413
Update--986 9/27/2011 15:40:33.1297646
Update--877 9/27/2011 15:40:39.9579333
Update--733 9/27/2011 15:40:45.0517159
Update--551 9/27/2011 15:40:54.1142739
Update--581 9/27/2011 15:41:01.7705729
Update--536 9/27/2011 15:41:10.5987544
Update--474 9/27/2011 15:41:24.6457193
Update--465 9/27/2011 15:41:36.5051702
Update--466 9/27/2011 15:41:48.1771199
Update--467 9/27/2011 15:42:01.7709243
Update--664 9/27/2011 15:42:05.9115493
Update--882 9/27/2011 15:42:13.4896743
Update--982 9/27/2011 15:42:23.2240493
Update--729 9/27/2011 15:42:27.3959243
Update--745 9/27/2011 15:42:35.3646743
Update--543 9/27/2011 15:42:44.3802993
Update--522 9/27/2011 15:42:51.8021743
Update--102 9/27/2011 15:42:59.5678178
Update--269 9/27/2011 15:43:06.7241136
Update--273 9/27/2011 15:43:15.3960441
Update--274 9/27/2011 15:43:23.8648483
Update--275 9/27/2011 15:43:31.3023959
Update--262 9/27/2011 15:43:40.9118324
Update--267 9/27/2011 15:43:51.3806494
Update--293 9/27/2011 15:43:59.5838269
Update--259 9/27/2011 15:44:07.9745056
Update--255 9/27/2011 15:44:16.6464361
Update--256 9/27/2011 15:44:26.8027511
Update--257 9/27/2011 15:44:35.0684290
Update--258 9/27/2011 15:44:42.5528519
Update--263 9/27/2011 15:44:52.4904155
Update--261 9/27/2011 15:45:01.2717217
Update--266 9/27/2011 15:45:08.5061430
Update--563 9/27/2011 15:45:17.2874492
Update--766 9/27/2011 15:45:24.7093717
Update--676 9/27/2011 15:45:29.3812766
Update--775 9/27/2011 15:45:44.1001208
Update--740 9/27/2011 15:45:48.1313966
Update--535 9/27/2011 15:45:57.0689538
Update--514 9/27/2011 15:46:05.4752576
Update--272 9/27/2011 15:46:14.2096885
Update--265 9/27/2011 15:46:22.1941146
Update--294 9/27/2011 15:46:30.1004152
Update--296 9/27/2011 15:46:38.0848413
Update--297 9/27/2011 15:46:47.3349005
Update--277 9/27/2011 15:46:55.2412011
Update--278 9/27/2011 15:47:03.5537543
Update--279 9/27/2011 15:47:11.5694306
Update--249 9/27/2011 15:47:20.8351149
Update--247 9/27/2011 15:47:28.9601669
Update--253 9/27/2011 15:47:38.3821022
Update--241 9/27/2011 15:47:46.4446538
Update--242 9/27/2011 15:47:54.3509544
Update--243 9/27/2011 15:48:02.3978443
Update--244 9/27/2011 15:48:08.9603443
Update--245 9/27/2011 15:48:17.2572193
Update--513 9/27/2011 15:48:24.0228443
Update--557 9/27/2011 15:48:31.9759693
Update--779 9/27/2011 15:48:38.2572193
Update--660 9/27/2011 15:48:43.7415943
Update--693 9/27/2011 15:48:48.0540943
Update--662 9/27/2011 15:48:55.0384693
Update--842 9/27/2011 15:49:04.6322193
Update--509 9/27/2011 15:49:12.9759693
Update--510 9/27/2011 15:49:22.8978443
Update--523 9/27/2011 15:49:33.4290943
Update--295 9/27/2011 15:49:41.5697193
Update--268 9/27/2011 15:49:47.8822193
Update--276 9/27/2011 15:49:55.7884693
Update--044 9/27/2011 15:50:04.6791455
Update--236 9/27/2011 15:50:13.3823262
Update--237 9/27/2011 15:50:22.5855101
Update--234 9/27/2011 15:50:30.5699362
Update--232 9/27/2011 15:50:38.1012344
Update--192 9/27/2011 15:50:46.5700386
Update--556 9/27/2011 15:50:55.3825950
Update--544 9/27/2011 15:51:04.3826526
Update--607 9/27/2011 15:51:13.4452106
Update--743 9/27/2011 15:51:18.8671203
Update--647 9/27/2011 15:51:25.3046615
Update--648 9/27/2011 15:51:33.1640868
Update--704 9/27/2011 15:51:37.4766144
Update--762 9/27/2011 15:51:45.4922907
Update--998 9/27/2011 15:51:53.9767200
Update--873 9/27/2011 15:52:03.0392780
Update--596 9/27/2011 15:52:10.9143284
Update--617 9/27/2011 15:52:18.7268784
Update--646 9/27/2011 15:52:23.2737825
Update--525 9/27/2011 15:52:32.8363437
Update--534 9/27/2011 15:52:40.8520200
Update--238 9/27/2011 15:52:48.9458218
Update--239 9/27/2011 15:52:59.2896213
Update--231 9/27/2011 15:53:17.2114963
Update--235 9/27/2011 15:53:26.2583713
Update--503 9/27/2011 15:53:37.1646213
Update--598 9/27/2011 15:53:44.9771213
Update--594 9/27/2011 15:53:52.9458713
Update--700 9/27/2011 15:53:57.4615013
Update--655 9/27/2011 15:54:02.9771616
Update--767 9/27/2011 15:54:09.4615781
Update--939 9/27/2011 15:54:18.1491337
Update--955 9/27/2011 15:54:27.4616933
Update--372 9/27/2011 15:54:38.3680131
Update--381 9/27/2011 15:54:49.9618373
Update--422 9/27/2011 15:54:58.8838126
Update--375 9/27/2011 15:55:08.1184831
Update--376 9/27/2011 15:55:17.6344126
Update--377 9/27/2011 15:55:27.3534736
Update--378 9/27/2011 15:55:35.5724866
Update--200 9/27/2011 15:55:43.2602326
Update--175 9/27/2011 15:55:51.7292536
Update--397 9/27/2011 15:56:00.1524187
Update--398 9/27/2011 15:56:08.1398086
Update--399 9/27/2011 15:56:16.2991384
Update--400 9/27/2011 15:56:24.5053609
Update--401 9/27/2011 15:56:32.7897379
Update--382 9/27/2011 15:56:39.2140378
Update--404 9/27/2011 15:56:46.9513333
Update--444 9/27/2011 15:56:56.7050149
Update--600 9/27/2011 15:57:04.6285037
Update--625 9/27/2011 15:57:14.0678157
Update--863 9/27/2011 15:57:23.0226597
Update--742 9/27/2011 15:57:27.2109637
Update--667 9/27/2011 15:57:31.5086637
Update--841 9/27/2011 15:57:39.6039677
Update--956 9/27/2011 15:57:47.7930397
Update--883 9/27/2011 15:57:55.3101077
Update--626 9/27/2011 15:58:01.0764939
Update--629 9/27/2011 15:58:08.1709703
Update--538 9/27/2011 15:58:23.4850383
Update--383 9/27/2011 15:58:30.9389265
Update--385 9/27/2011 15:58:38.7834797
Update--386 9/27/2011 15:58:47.0030713
Update--388 9/27/2011 15:58:55.0038905
Update--389 9/27/2011 15:59:02.7388104
Update--390 9/27/2011 15:59:11.7393288
Update--220 9/27/2011 15:59:20.5992141
Update--331 9/27/2011 15:59:29.0059483
Update--187 9/27/2011 15:59:42.3504669
Update--391 9/27/2011 15:59:52.4916760
Update--392 9/27/2011 16:00:01.6014357
Update--393 9/27/2011 16:00:10.2579073
Update--394 9/27/2011 16:00:22.6488495
Update--402 9/27/2011 16:00:38.6492591
Update--403 9/27/2011 16:00:48.6338897
Update--560 9/27/2011 16:00:57.7903705
Update--561 9/27/2011 16:01:14.5406921
Update--572 9/27/2011 16:01:38.1348951
Update--605 9/27/2011 16:01:48.7913497
Update--641 9/27/2011 16:01:53.5883168
Update--379 9/27/2011 16:02:02.0571676
Update--380 9/27/2011 16:02:10.8853491
Update--213 9/27/2011 16:02:19.1354019
Update--703 9/27/2011 16:02:24.3385602
Update--889 9/27/2011 16:02:33.1667417
Update--384 9/27/2011 16:02:43.6511838
Update--621 9/27/2011 16:02:52.3231143
Update--569 9/27/2011 16:03:04.9153133
Update--507 9/27/2011 16:03:13.5561005
Update--562 9/27/2011 16:03:22.1499269
Update--568 9/27/2011 16:03:38.7270893
Update--623 9/27/2011 16:03:53.9110813
Update--632 9/27/2011 16:03:58.9968967
Update--003 9/27/2011 16:04:06.7071209
Update--004 9/27/2011 16:04:23.8322639
Update--652 9/27/2011 16:04:29.0558235
Update--653 9/27/2011 16:04:33.7789223
Update--833 9/27/2011 16:04:42.8966925
Update--658 9/27/2011 16:04:48.3861219
Update--957 9/27/2011 16:05:00.2081213
Update--589 9/27/2011 16:05:07.9616429
Update--501 9/27/2011 16:05:15.8714855
Update--502 9/27/2011 16:05:23.2654688
Update--521 9/27/2011 16:05:30.8314052
Update--487 9/27/2011 16:05:38.8350404
Update--489 9/27/2011 16:05:46.9012040
Update--490 9/27/2011 16:05:54.0294416
Update--491 9/27/2011 16:06:01.1568292
Update--494 9/27/2011 16:06:09.0962088
Update--495 9/27/2011 16:06:17.8795382
Update--496 9/27/2011 16:06:27.0223277
Update--488 9/27/2011 16:06:36.3839190
Update--506 9/27/2011 16:06:44.9640753
Update--500 9/27/2011 16:06:53.7942908
Update--554 9/27/2011 16:07:02.1082012
Update--586 9/27/2011 16:07:10.6092348
Update--587 9/27/2011 16:07:18.2976696
Update--599 9/27/2011 16:07:25.7517009
Update--615 9/27/2011 16:07:33.2994936
Update--942 9/27/2011 16:07:40.9410477
Update--776 9/27/2011 16:07:46.8011352
Update--735 9/27/2011 16:07:52.6299689
Update--940 9/27/2011 16:08:01.3026404
Update--992 9/27/2011 16:08:10.2719070
Update--542 9/27/2011 16:08:19.1317923
Update--498 9/27/2011 16:08:28.1791884
Update--499 9/27/2011 16:08:37.0390737
Update--531 9/27/2011 16:08:44.8989014
Update--493 9/27/2011 16:08:52.7587291
Update Area--<none> 9/27/2011 16:08:53.1181248
Update Area--ANAKROM-REGION-AREA1 9/27/2011 16:08:53.4306428
Update Area--ANAKROM-REGION-AREA2 9/27/2011 16:08:53.7431608
Update Area--ANAKROM-REGION-AREA3 9/27/2011 16:08:54.0713047
Update Area--ANAKROM-REGION-AREA4 9/27/2011 16:08:54.3838227
Update Area--CAGAYAN-REGION-AREA1 9/27/2011 16:08:54.7119666
Update Area--CAGAYAN-REGION-AREA1 9/27/2011 16:08:55.0244846
Update Area--CAGAYAN-REGION-AREA2 9/27/2011 16:08:55.3370026
Update Area--CAGAYAN-REGION-AREA3 9/27/2011 16:08:55.6495206
Update Area--CAGAYAN-REGION-AREA4 9/27/2011 16:08:55.9776645
Update Area--CAGAYAN-REGION-AREA5 9/27/2011 16:08:56.2901825
Update Area--CARAGA-REGION-AREA1 9/27/2011 16:08:56.6027005
Update Area--CARAGA-REGION-AREA1 9/27/2011 16:08:56.9152185
Update Area--CARAGA-REGION-AREA2 9/27/2011 16:08:57.2433624
Update Area--CARAGA-REGION-AREA3 9/27/2011 16:08:57.5558750
Update Area--CARAGA-REGION-AREA4 9/27/2011 16:08:57.8840126
Update Area--Cebu Central A 9/27/2011 16:08:58.1965246
Update Area--Cebu Central B 9/27/2011 16:08:58.5090366
Update Area--Cebu Central C 9/27/2011 16:08:58.8371742
Update Area--Cebu Central D 9/27/2011 16:08:59.1653118
Update Area--Cebu North A 9/27/2011 16:08:59.4778238
Update Area--Cebu North A 9/27/2011 16:08:59.8059614
Update Area--Cebu North B 9/27/2011 16:09:00.1184734
Update Area--Cebu North C 9/27/2011 16:09:00.4466110
Update Area--Cebu North D 9/27/2011 16:09:00.7591230
Update Area--Cebu North E 9/27/2011 16:09:01.0716350
Update Area--Cebu South A 9/27/2011 16:09:01.3997726
Update Area--Cebu South B 9/27/2011 16:09:01.7122846
Update Area--Cebu South C 9/27/2011 16:09:02.0247966
Update Area--CEBU SOUTH D 9/27/2011 16:09:02.3529342
Update Area--CEBU SOUTH E 9/27/2011 16:09:02.6654462
Update Area--DAVA0-MINDANAO-REGION-AREA1 9/27/2011 16:09:02.9935838
Update Area--DAVA0-MINDANAO-REGION-AREA2 9/27/2011 16:09:03.3060958
Update Area--DAVA0-MINDANAO-REGION-AREA3 9/27/2011 16:09:03.6186078
Update Area--DAVA0-MINDANAO-REGION-AREA3 9/27/2011 16:09:03.9467454
Update Area--DAVA0-MINDANAO-REGION-AREA4 9/27/2011 16:09:04.2592574
Update Area--DAVA0-MINDANAO-REGION-AREA5 9/27/2011 16:09:04.5873950
Update Area--DIPOLOG-MINDANAO-REGION-AREA1 9/27/2011 16:09:04.8999070
Update Area--DIPOLOG-MINDANAO-REGION-AREA2 9/27/2011 16:09:05.2280446
Update Area--DIPOLOG-MINDANAO-REGION-AREA3 9/27/2011 16:09:05.5405566
Update Area--HO 9/27/2011 16:09:05.8686942
Update Area--LEYTE-REGION-AREA1 9/27/2011 16:09:06.1812062
Update Area--LEYTE-REGION-AREA2 9/27/2011 16:09:06.4937182
Update Area--LEYTE-REGION-AREA2 9/27/2011 16:09:06.8218558
Update Area--LEYTE-REGION-AREA3 9/27/2011 16:09:07.1499934
Update Area--LUZON-SHOWROOMS 9/27/2011 16:09:07.4625054
Update Area--MINDANAO-SHOWROOMS 9/27/2011 16:09:07.7750174
Update Area--NCR-SHOWROOMS 9/27/2011 16:09:08.1031550
Update Area--NEGROS-OCC-REGION-AREA1 9/27/2011 16:09:08.4156670
Update Area--NEGROS-OCC-REGION-AREA2 9/27/2011 16:09:08.7438046
Update Area--NEGROS-OCC-REGION-AREA3 9/27/2011 16:09:09.0719422
Update Area--NEGROS-OCC-REGION-AREA4 9/27/2011 16:09:09.3844542
Update Area--NEGROS-OCC-REGION-AREA5 9/27/2011 16:09:09.7125918
Update Area--NEGROS-ORIENTAL-REGION-AREA1 9/27/2011 16:09:10.0251038
Update Area--NEGROS-ORIENTAL-REGION-AREA2 9/27/2011 16:09:10.3376158
Update Area--NEGROS-ORIENTAL-REGION-AREA3 9/27/2011 16:09:10.6813790
Update Area--NEGROS-ORIENTAL-REGION-AREA4 9/27/2011 16:09:10.9938910
Update Area--OZAMIS-MINDANAO-REGION-AREA1 9/27/2011 16:09:11.3220286
Update Area--OZAMIS-MINDANAO-REGION-AREA2 9/27/2011 16:09:11.6345406
Update Area--OZAMIS-MINDANAO-REGION-AREA3 9/27/2011 16:09:11.9626782
Update Area--OZAMIS-MINDANAO-REGION-AREA4 9/27/2011 16:09:12.2751902
Update Area--OZAMIS-MINDANAO-REGION-AREA5 9/27/2011 16:09:12.5877022
Update Area--PANAY-ROMBLON-REGION-AREA1 9/27/2011 16:09:12.9314654
Update Area--PANAY-ROMBLON-REGION-AREA2 9/27/2011 16:09:13.2439774
Update Area--PANAY-ROMBLON-REGION-AREA3 9/27/2011 16:09:13.5564894
Update Area--PANAY-ROMBLON-REGION-AREA3 9/27/2011 16:09:13.8846270
Update Area--PANAY-ROMBLON-REGION-AREA4 9/27/2011 16:09:14.1971390
Update Area--PANAY-ROMBLON-REGION-AREA5 9/27/2011 16:09:14.5096510
Update Area--SAMAR-REGION-AREA1 9/27/2011 16:09:14.8377886
Update Area--SAMAR-REGION-AREA2 9/27/2011 16:09:15.1503006
Update Area--SAMAR-REGION-AREA3 9/27/2011 16:09:15.4628126
Update Area--SOCSKSARGEN-MINDANAO-AREA1 9/27/2011 16:09:15.7753246
Update Area--SOCSKSARGEN-MINDANAO-AREA1 9/27/2011 16:09:16.1034622
Update Area--SOCSKSARGEN-MINDANAO-AREA2 9/27/2011 16:09:16.4159742
Update Area--SOCSKSARGEN-MINDANAO-AREA3 9/27/2011 16:09:16.7284862
Update Area--SOCSKSARGEN-MINDANAO-AREA4 9/27/2011 16:09:17.0566238
Update Area--SOCSKSARGEN-MINDANAO-AREA5 9/27/2011 16:09:17.3691358
Update Area--SOCSKSARGEN-MINDANAO-AREA6 9/27/2011 16:09:17.6816478
Update Area--VISAYAS-SHOWROOMS 9/27/2011 16:09:18.0097854
Update Area--ZAMBASTA-MINDANAO-AREA1 9/27/2011 16:09:18.3222974
Update Area--ZAMBASTA-MINDANAO-AREA2 9/27/2011 16:09:18.6504350
Update Area--ZAMBASTA-MINDANAO-AREA3 9/27/2011 16:09:18.9629470
Update region--ANAKROM-REGION 9/27/2011 16:09:19.1817054
Update region--CAGAYAN-REGION 9/27/2011 16:09:19.3692126
Update region--CARAGA-REGION 9/27/2011 16:09:19.5723454
Update region--Cebu Central 9/27/2011 16:09:19.7442270
Update region--Cebu North 9/27/2011 16:09:19.9317342
Update region--Cebu South 9/27/2011 16:09:20.1192414
Update region--DAVA0-MINDANAO-REGION 9/27/2011 16:09:20.3067486
Update region--DIPOLOG-MINDANAO-REGION 9/27/2011 16:09:20.4786302
Update region--HO 9/27/2011 16:09:20.6817630
Update region--LA-SHOWROOMS 9/27/2011 16:09:20.8536446
Update region--LEYTE-REGION 9/27/2011 16:09:21.0255262
Update region--LUZON/NCR-SHOWROOMS 9/27/2011 16:09:21.1974078
Update region--NEGROS-OCC-REGION 9/27/2011 16:09:21.3692894
Update region--NEGROS-ORIENTAL-REGION 9/27/2011 16:09:21.5567966
Update region--OZAMIS-MINDANAO-REGION 9/27/2011 16:09:22.2130718
Update region--PANAY-ROMBLON-REGION 9/27/2011 16:09:30.4008862
Update region--SAMAR-REGION 9/27/2011 16:09:30.7133982
Update region--SOCSKSARGEN-MINDANAO-REGION 9/27/2011 16:09:45.3389598
Update region--VISMIN-SHOWROOMS 9/27/2011 16:09:45.7608510
Update region--ZAMBASTA-MINDANAO-REGION 9/27/2011 16:09:46.1827422
Update Vismin Wide--  9/27/2011 16:09:46.4327518
Update--941 9/26/2011 16:10:20.7304935
