941 9/15/2011 08:23:30.4318085
677 9/15/2011 08:23:34.2657890
711 9/15/2011 08:23:39.3047348
712 9/15/2011 08:23:47.8333853
726 9/15/2011 08:23:55.1101238
036 9/15/2011 08:24:02.4651068
057 9/15/2011 08:24:09.0063470
066 9/15/2011 08:24:15.6571295
079 9/15/2011 08:24:22.9182191
264 9/15/2011 08:24:30.7246012
593 9/15/2011 08:24:37.6361994
628 9/15/2011 08:24:43.9379507
582 9/15/2011 08:24:49.9738713
537 9/15/2011 08:25:00.4194541
396 9/15/2011 08:25:10.5366578
280 9/15/2011 08:25:17.7609980
281 9/15/2011 08:25:24.3911284
284 9/15/2011 08:25:36.7564755
285 9/15/2011 08:25:45.0096435
290 9/15/2011 08:25:54.4195055
720 9/15/2011 08:26:01.7191825
696 9/15/2011 08:26:04.4702385
697 9/15/2011 08:26:07.3463425
673 9/15/2011 08:26:11.4729265
875 9/15/2011 08:26:17.9441605
727 9/15/2011 08:26:24.0089885
730 9/15/2011 08:26:27.6041801
731 9/15/2011 08:26:33.5967513
724 9/15/2011 08:26:38.2280857
725 9/15/2011 08:26:42.4839065
291 9/15/2011 08:26:49.0241017
287 9/15/2011 08:26:55.8459321
289 9/15/2011 08:27:02.9337513
583 9/15/2011 08:27:09.2548969
639 9/15/2011 08:27:12.9474473
288 9/15/2011 08:27:22.2257625
292 9/15/2011 08:27:30.4381430
282 9/15/2011 08:27:37.2553082
283 9/15/2011 08:27:47.5592345
246 9/15/2011 08:27:55.0018277
250 9/15/2011 08:28:02.1786140
251 9/15/2011 08:28:11.0127845
252 9/15/2011 08:28:18.1113923
254 9/15/2011 08:28:25.7885210
248 9/15/2011 08:28:33.1979295
747 9/15/2011 08:28:44.3424047
843 9/15/2011 08:28:52.2826479
679 9/15/2011 08:28:56.4403343
668 9/15/2011 08:29:01.0825631
005 9/15/2011 08:29:08.2881775
574 9/15/2011 08:29:14.1495775
519 9/15/2011 08:29:21.4802351
533 9/15/2011 08:29:32.7529075
346 9/15/2011 08:29:42.9501223
347 9/15/2011 08:29:55.0866847
348 9/15/2011 08:30:02.0933599
349 9/15/2011 08:30:09.5692321
350 9/15/2011 08:30:16.7166664
351 9/15/2011 08:30:23.5982224
352 9/15/2011 08:30:36.8877270
353 9/15/2011 08:30:44.1724720
373 9/15/2011 08:30:50.1909845
338 9/15/2011 08:30:57.9759695
339 9/15/2011 08:31:07.4648970
342 9/15/2011 08:31:17.1883120
528 9/15/2011 08:31:24.7700745
550 9/15/2011 08:31:32.6008014
604 9/15/2011 08:31:39.4306307
627 9/15/2011 08:31:43.8692383
880 9/15/2011 08:31:50.6521809
881 9/15/2011 08:32:04.2024372
948 9/15/2011 08:32:17.8933536
995 9/15/2011 08:32:32.2593625
355 9/15/2011 08:32:37.9989122
356 9/15/2011 08:32:45.2398155
359 9/15/2011 08:32:51.2295908
360 9/15/2011 08:32:57.8292910
361 9/15/2011 08:33:07.1501946
362 9/15/2011 08:33:16.8307975
363 9/15/2011 08:33:26.1517011
368 9/15/2011 08:33:32.8272518
365 9/15/2011 08:33:39.9398573
344 9/15/2011 08:33:48.3811913
340 9/15/2011 08:33:58.8078020
341 9/15/2011 08:34:07.9369484
640 9/15/2011 08:34:16.3001219
558 9/15/2011 08:34:23.6941052
172 9/15/2011 08:34:30.7903442
335 9/15/2011 08:34:38.5108232
336 9/15/2011 08:34:47.9035517
687 9/15/2011 08:34:51.1699082
688 9/15/2011 08:34:57.9370487
689 9/15/2011 08:35:01.2971762
879 9/15/2011 08:35:08.1893447
343 9/15/2011 08:35:15.0815132
354 9/15/2011 08:35:21.6611117
364 9/15/2011 08:35:28.4594228
410 9/15/2011 08:35:36.3197535
412 9/15/2011 08:35:42.2267217
413 9/15/2011 08:35:49.2431998
414 9/15/2011 08:35:56.5878428
415 9/15/2011 08:36:04.1043817
416 9/15/2011 08:36:11.3865171
405 9/15/2011 08:36:18.4811297
407 9/15/2011 08:36:25.7945189
408 9/15/2011 08:36:34.3508732
618 9/15/2011 08:36:45.1407772
620 9/15/2011 08:36:52.4020062
108 9/15/2011 08:36:59.4907222
845 9/15/2011 08:37:08.5398132
862 9/15/2011 08:37:24.7560352
748 9/15/2011 08:37:33.7005522
878 9/15/2011 08:37:45.6304242
619 9/15/2011 08:37:55.8224802
430 9/15/2011 08:38:06.0458482
406 9/15/2011 08:38:12.6839922
417 9/15/2011 08:38:21.6392242
418 9/15/2011 08:38:28.5431026
419 9/15/2011 08:38:35.7884970
420 9/15/2011 08:38:43.5659506
421 9/15/2011 08:38:50.5922618
423 9/15/2011 08:38:58.8861258
424 9/15/2011 08:39:06.0689250
425 9/15/2011 08:39:13.3925634
431 9/15/2011 08:39:20.0589522
409 9/15/2011 08:39:27.2730490
427 9/15/2011 08:39:43.2882649
428 9/15/2011 08:39:49.3938319
429 9/15/2011 08:39:56.5169934
434 9/15/2011 08:40:03.3427042
954 9/15/2011 08:40:15.3190087
719 9/15/2011 08:40:18.6848982
718 9/15/2011 08:40:22.8022421
435 9/15/2011 08:40:30.9710863
436 9/15/2011 08:40:37.6963293
437 9/15/2011 08:40:44.2338911
439 9/15/2011 08:40:51.2406559
440 9/15/2011 08:41:01.4536412
441 9/15/2011 08:41:11.4163849
432 9/15/2011 08:41:17.8757462
433 9/15/2011 08:41:24.3663877
105 9/15/2011 08:41:31.2150490
018 9/15/2011 08:41:38.0933930
037 9/15/2011 08:41:44.5965546
040 9/15/2011 08:41:51.6937550
029 9/15/2011 08:42:04.4968544
030 9/15/2011 08:42:12.4694804
032 9/15/2011 08:42:18.6756226
033 9/15/2011 08:42:25.6008644
034 9/15/2011 08:42:32.6680846
035 9/15/2011 08:42:39.3659212
750 9/15/2011 08:42:46.7539330
846 9/15/2011 08:43:02.1573886
868 9/15/2011 08:43:09.4983430
867 9/15/2011 08:43:19.2862822
749 9/15/2011 08:43:27.1291822
022 9/15/2011 08:43:34.5122714
023 9/15/2011 08:43:42.1004912
024 9/15/2011 08:43:49.2959460
025 9/15/2011 08:43:56.8684552
026 9/15/2011 08:44:03.3569330
027 9/15/2011 08:44:09.9239638
028 9/15/2011 08:44:19.7430888
019 9/15/2011 08:44:30.0898990
020 9/15/2011 08:44:39.7727230
078 9/15/2011 08:44:46.7606510
526 9/15/2011 08:44:54.1716150
512 9/15/2011 08:45:01.3005550
508 9/15/2011 08:45:08.7271870
616 9/15/2011 08:45:15.9814710
633 9/15/2011 08:45:22.6560390
045 9/15/2011 08:45:36.0095010
046 9/15/2011 08:45:42.6123662
047 9/15/2011 08:45:56.2562014
048 9/15/2011 08:46:03.0311792
049 9/15/2011 08:46:18.9124782
050 9/15/2011 08:46:28.7378410
054 9/15/2011 08:46:35.6019572
042 9/15/2011 08:46:43.2791350
052 9/15/2011 08:47:00.5566940
325 9/15/2011 08:47:08.5465878
053 9/15/2011 08:47:16.5364816
043 9/15/2011 08:47:26.5277578
055 9/15/2011 08:47:35.5625949
051 9/15/2011 08:47:44.7220679
041 9/15/2011 08:48:02.3689024
038 9/15/2011 08:48:10.7781114
532 9/15/2011 08:48:27.6277904
722 9/15/2011 08:48:37.8952089
866 9/15/2011 08:48:48.1313524
864 9/15/2011 08:49:01.2429927
865 9/15/2011 08:49:08.1816915
721 9/15/2011 08:49:12.2605212
710 9/15/2011 08:49:17.3864068
547 9/15/2011 08:49:26.9193038
644 9/15/2011 08:49:31.9366684
591 9/15/2011 08:49:39.3264229
571 9/15/2011 08:49:52.0819864
578 9/15/2011 08:49:59.4403619
067 9/15/2011 08:50:10.8152494
068 9/15/2011 08:50:17.7500084
069 9/15/2011 08:50:24.5906304
065 9/15/2011 08:50:32.0187494
260 9/15/2011 08:50:38.9706794
240 9/15/2011 08:50:45.3902544
070 9/15/2011 08:50:51.4497069
071 9/15/2011 08:50:58.4486094
072 9/15/2011 08:51:05.3222519
073 9/15/2011 08:51:12.5873319
056 9/15/2011 08:51:19.6645219
064 9/15/2011 08:51:30.4653933
087 9/15/2011 08:51:38.3485581
585 9/15/2011 08:51:47.9835373
511 9/15/2011 08:51:54.9438713
699 9/15/2011 08:51:58.8541713
936 9/15/2011 08:52:05.7675817
943 9/15/2011 08:52:14.4171653
088 9/15/2011 08:52:20.9551869
089 9/15/2011 08:52:27.7121853
090 9/15/2011 08:52:34.5751921
092 9/15/2011 08:52:43.1578189
093 9/15/2011 08:52:50.1614925
094 9/15/2011 08:53:00.1354741
080 9/15/2011 08:53:09.2183633
081 9/15/2011 08:53:21.9437881
082 9/15/2011 08:53:30.0568349
084 9/15/2011 08:53:37.1681209
085 9/15/2011 08:53:43.7480141
086 9/15/2011 08:53:50.1716153
083 9/15/2011 08:53:59.6897981
095 9/15/2011 08:54:06.6916797
074 9/15/2011 08:54:13.3497189
075 9/15/2011 08:54:22.7272389
076 9/15/2011 08:54:29.4475595
573 9/15/2011 08:54:40.6677455
937 9/15/2011 08:54:50.6690255
938 9/15/2011 08:55:00.6077975
656 9/15/2011 08:55:05.3584055
728 9/15/2011 08:55:08.9682425
869 9/15/2011 08:55:21.0166595
944 9/15/2011 08:55:30.3371486
945 9/15/2011 08:55:37.1530331
997 9/15/2011 08:55:44.0472611
058 9/15/2011 08:55:51.5839058
059 9/15/2011 08:55:59.7159611
060 9/15/2011 08:56:06.6728639
061 9/15/2011 08:56:13.5670919
062 9/15/2011 08:56:20.2889642
063 9/15/2011 08:56:30.0161455
120 9/15/2011 08:56:41.2819855
121 9/15/2011 08:56:56.3813405
122 9/15/2011 08:57:03.1564915
125 9/15/2011 08:57:10.8391685
126 9/15/2011 08:57:20.9940715
128 9/15/2011 08:57:33.4295125
129 9/15/2011 08:57:48.2525353
130 9/15/2011 08:57:57.8218285
575 9/15/2011 08:58:05.8744200
835 9/15/2011 08:58:13.9739198
702 9/15/2011 08:58:24.5908317
666 9/15/2011 08:58:33.0324887
839 9/15/2011 08:58:45.9746255
555 9/15/2011 08:58:55.1341571
123 9/15/2011 08:59:03.7309871
124 9/15/2011 08:59:11.7025931
106 9/15/2011 08:59:19.3772177
103 9/15/2011 08:59:27.0987341
109 9/15/2011 08:59:34.6314625
112 9/15/2011 08:59:42.1328065
115 9/15/2011 08:59:48.1338817
117 9/15/2011 08:59:54.5881631
118 9/15/2011 09:00:01.3393727
119 9/15/2011 09:00:07.9030487
834 9/15/2011 09:00:15.1230923
670 9/15/2011 09:00:18.2486523
953 9/15/2011 09:00:24.8123283
876 9/15/2011 09:00:35.8135841
947 9/15/2011 09:00:42.7360793
104 9/15/2011 09:00:54.9246713
096 9/15/2011 09:01:01.9878041
097 9/15/2011 09:01:08.9102993
098 9/15/2011 09:01:16.5672353
099 9/15/2011 09:01:22.9115537
100 9/15/2011 09:01:29.8964753
101 9/15/2011 09:01:41.8033349
017 9/15/2011 09:01:48.9912029
566 9/15/2011 09:01:57.8041541
567 9/15/2011 09:02:04.2888611
549 9/15/2011 09:02:11.1173357
559 9/15/2011 09:02:18.0395651
107 9/15/2011 09:02:24.5086463
116 9/15/2011 09:02:31.0870457
113 9/15/2011 09:02:37.5872537
114 9/15/2011 09:02:45.9781472
110 9/15/2011 09:02:53.4002597
111 9/15/2011 09:03:00.4473602
836 9/15/2011 09:03:08.3538632
837 9/15/2011 09:03:17.8541672
838 9/15/2011 09:03:24.5887577
723 9/15/2011 09:03:27.6357302
739 9/15/2011 09:03:30.9667617
136 9/15/2011 09:03:36.7690162
308 9/15/2011 09:03:43.4940012
309 9/15/2011 09:03:49.9061962
298 9/15/2011 09:03:55.9899617
299 9/15/2011 09:04:01.4950657
300 9/15/2011 09:04:08.2826087
301 9/15/2011 09:04:15.5706157
303 9/15/2011 09:04:22.5771117
306 9/15/2011 09:04:27.9726808
527 9/15/2011 09:04:34.4131472
515 9/15/2011 09:04:40.5253374
602 9/15/2011 09:04:46.8563784
624 9/15/2011 09:04:52.9373042
540 9/15/2011 09:04:59.6435180
541 9/15/2011 09:05:06.1934098
302 9/15/2011 09:05:13.3216930
333 9/15/2011 09:05:20.4812406
334 9/15/2011 09:05:27.2030866
326 9/15/2011 09:05:38.8466151
327 9/15/2011 09:05:45.7545005
328 9/15/2011 09:05:52.0997527
329 9/15/2011 09:06:02.8054122
127 9/15/2011 09:06:11.4480833
893 9/15/2011 09:06:18.1059095
894 9/15/2011 09:06:24.8418792
892 9/15/2011 09:06:31.4367802
661 9/15/2011 09:06:34.7028023
701 9/15/2011 09:06:37.5000174
319 9/15/2011 09:06:44.0320616
320 9/15/2011 09:06:49.6889994
321 9/15/2011 09:06:56.4241933
322 9/15/2011 09:07:03.3469100
323 9/15/2011 09:07:10.4258957
307 9/15/2011 09:07:15.6296534
311 9/15/2011 09:07:21.0678146
312 9/15/2011 09:07:26.1621840
315 9/15/2011 09:07:31.3813446
316 9/15/2011 09:07:37.9598485
286 9/15/2011 09:07:44.6008560
426 9/15/2011 09:07:50.0386692
517 9/15/2011 09:07:56.5390436
590 9/15/2011 09:08:03.6644540
317 9/15/2011 09:08:14.7744689
313 9/15/2011 09:08:23.5562247
314 9/15/2011 09:08:33.3066475
310 9/15/2011 09:08:40.2287440
148 9/15/2011 09:08:47.3695975
709 9/15/2011 09:08:49.9946815
671 9/15/2011 09:08:52.7603950
890 9/15/2011 09:08:59.5574875
891 9/15/2011 09:09:06.6827155
860 9/15/2011 09:09:13.1204215
332 9/15/2011 09:09:19.2456175
324 9/15/2011 09:09:25.8395785
330 9/15/2011 09:09:32.4334813
271 9/15/2011 09:09:38.5898495
570 9/15/2011 09:09:44.6055900
622 9/15/2011 09:09:52.4494906
608 9/15/2011 09:09:58.9183648
545 9/15/2011 09:10:07.4966545
553 9/15/2011 09:10:17.8562284
565 9/15/2011 09:10:28.2626758
442 9/15/2011 09:10:39.7784482
443 9/15/2011 09:10:46.0129030
438 9/15/2011 09:10:53.0598682
445 9/15/2011 09:10:59.2318222
447 9/15/2011 09:11:05.4037762
448 9/15/2011 09:11:12.4351162
449 9/15/2011 09:11:19.5758326
450 9/15/2011 09:11:29.3884486
854 9/15/2011 09:11:37.2478739
991 9/15/2011 09:11:45.6698028
884 9/15/2011 09:11:57.9980067
451 9/15/2011 09:12:07.6699436
452 9/15/2011 09:12:15.9512466
459 9/15/2011 09:12:23.9044225
460 9/15/2011 09:12:31.0607386
461 9/15/2011 09:12:38.7483370
462 9/15/2011 09:12:44.5765366
463 9/15/2011 09:12:54.7641670
464 9/15/2011 09:13:00.1236106
455 9/15/2011 09:13:07.0768246
457 9/15/2011 09:13:21.8113882
564 9/15/2011 09:13:28.9520910
612 9/15/2011 09:13:35.6395910
630 9/15/2011 09:13:40.0614660
606 9/15/2011 09:13:48.4677160
610 9/15/2011 09:13:54.9364660
611 9/15/2011 09:14:01.6708410
548 9/15/2011 09:14:10.0614660
524 9/15/2011 09:14:18.0145910
458 9/15/2011 09:14:28.0770922
479 9/15/2011 09:14:41.0459252
453 9/15/2011 09:14:56.2647726
454 9/15/2011 09:15:03.4523186
233 9/15/2011 09:15:10.1398614
885 9/15/2011 09:15:16.7805289
886 9/15/2011 09:15:23.4993219
887 9/15/2011 09:15:31.4396421
888 9/15/2011 09:15:38.8204477
663 9/15/2011 09:15:42.6672235
001 9/15/2011 09:15:45.9354192
207 9/15/2011 09:15:55.3334365
208 9/15/2011 09:16:03.7932158
209 9/15/2011 09:16:11.0958349
210 9/15/2011 09:16:18.5079151
212 9/15/2011 09:16:28.9688410
214 9/15/2011 09:16:38.3318699
215 9/15/2011 09:16:48.3514050
216 9/15/2011 09:16:58.6522999
217 9/15/2011 09:17:09.1407680
218 9/15/2011 09:17:22.7085628
645 9/15/2011 09:17:28.6326087
650 9/15/2011 09:17:33.9305346
651 9/15/2011 09:17:44.2138244
674 9/15/2011 09:17:51.3246099
675 9/15/2011 09:17:54.1532960
949 9/15/2011 09:18:04.2177924
874 9/15/2011 09:18:13.5946524
996 9/15/2011 09:18:20.6741817
579 9/15/2011 09:18:27.9412454
191 9/15/2011 09:18:37.1922518
201 9/15/2011 09:18:46.6307786
202 9/15/2011 09:18:59.4915527
203 9/15/2011 09:19:06.3360473
204 9/15/2011 09:19:13.1805419
205 9/15/2011 09:19:22.4315483
193 9/15/2011 09:19:28.4634230
194 9/15/2011 09:19:34.4324786
195 9/15/2011 09:19:42.1516238
196 9/15/2011 09:19:51.4646006
197 9/15/2011 09:20:00.6838226
198 9/15/2011 09:20:07.6685552
199 9/15/2011 09:20:14.3095202
206 9/15/2011 09:20:24.1381484
219 9/15/2011 09:20:36.2010540
221 9/15/2011 09:20:44.4512652
222 9/15/2011 09:20:53.7015020
223 9/15/2011 09:21:00.6704304
224 9/15/2011 09:21:10.9206928
225 9/15/2011 09:21:18.2802562
226 9/15/2011 09:21:27.5617438
227 9/15/2011 09:21:38.0306324
228 9/15/2011 09:21:51.8589344
229 9/15/2011 09:21:57.9840128
230 9/15/2011 09:22:07.0310036
634 9/15/2011 09:22:17.6561396
993 9/15/2011 09:22:27.4531400
872 9/15/2011 09:22:36.5939375
698 9/15/2011 09:22:42.9690599
851 9/15/2011 09:22:51.8129797
844 9/15/2011 09:23:04.2038426
007 9/15/2011 09:23:13.7821515
012 9/15/2011 09:23:20.9697895
013 9/15/2011 09:23:30.3605480
014 9/15/2011 09:23:39.2355480
006 9/15/2011 09:23:45.3917980
008 9/15/2011 09:23:54.7199230
009 9/15/2011 09:24:07.5011730
010 9/15/2011 09:24:15.9542980
011 9/15/2011 09:24:27.6105480
015 9/15/2011 09:24:43.6425022
016 9/15/2011 09:24:52.7991624
369 9/15/2011 09:25:03.6121468
946 9/15/2011 09:25:14.0657401
870 9/15/2011 09:25:26.0819034
738 9/15/2011 09:25:35.2850168
705 9/15/2011 09:25:39.0818432
609 9/15/2011 09:25:45.7067584
614 9/15/2011 09:25:52.6285448
597 9/15/2011 09:26:06.2377456
163 9/15/2011 09:26:19.3625776
176 9/15/2011 09:26:29.9718428
177 9/15/2011 09:26:39.4249678
178 9/15/2011 09:26:44.8780928
180 9/15/2011 09:26:57.2687178
181 9/15/2011 09:27:13.1593428
182 9/15/2011 09:27:22.3155928
183 9/15/2011 09:27:40.7218428
184 9/15/2011 09:27:51.3468428
185 9/15/2011 09:27:57.7843428
186 9/15/2011 09:28:11.4874678
188 9/15/2011 09:28:28.1593428
189 9/15/2011 09:28:42.0968428
190 9/15/2011 09:28:56.2062178
636 9/15/2011 09:29:07.7530928
751 9/15/2011 09:29:13.4249678
737 9/15/2011 09:29:22.6280928
685 9/15/2011 09:29:30.9249869
994 9/15/2011 09:29:43.6125681
987 9/15/2011 09:29:56.1595234
601 9/15/2011 09:30:02.7220654
580 9/15/2011 09:30:11.4252461
318 9/15/2011 09:30:19.5502981
179 9/15/2011 09:30:25.2690847
173 9/15/2011 09:30:32.5191311
174 9/15/2011 09:30:41.8004405
164 9/15/2011 09:30:53.0036372
165 9/15/2011 09:31:02.9880761
167 9/15/2011 09:31:12.1287596
168 9/15/2011 09:31:19.0194287
171 9/15/2011 09:31:28.5507358
603 9/15/2011 09:31:35.2538608
504 9/15/2011 09:31:41.8319858
374 9/15/2011 09:31:51.6132358
686 9/15/2011 09:31:59.5351108
707 9/15/2011 09:32:03.0194858
669 9/15/2011 09:32:08.8632358
736 9/15/2011 09:32:12.4882358
706 9/15/2011 09:32:15.6601108
999 9/15/2011 09:32:23.4726108
505 9/15/2011 09:32:30.8944858
635 9/15/2011 09:32:45.0194858
169 9/15/2011 09:33:07.2538608
170 9/15/2011 09:33:14.2694858
166 9/15/2011 09:33:24.7226108
337 9/15/2011 09:33:33.3788956
155 9/15/2011 09:33:52.6758941
156 9/15/2011 09:34:01.6759517
157 9/15/2011 09:34:09.4728766
158 9/15/2011 09:34:23.0042132
159 9/15/2011 09:34:38.9261901
149 9/15/2011 09:34:56.6450535
151 9/15/2011 09:35:03.5982230
152 9/15/2011 09:35:21.8952151
147 9/15/2011 09:35:33.0046288
145 9/15/2011 09:35:46.9108788
595 9/15/2011 09:35:54.0202538
539 9/15/2011 09:36:12.4421288
678 9/15/2011 09:36:16.4421288
853 9/15/2011 09:36:35.4265517
764 9/15/2011 09:36:49.2860154
758 9/15/2011 09:36:59.7235822
716 9/15/2011 09:37:07.0830043
657 9/15/2011 09:37:23.3174832
529 9/15/2011 09:37:36.9738206
530 9/15/2011 09:37:44.8332459
584 9/15/2011 09:37:51.7082899
588 9/15/2011 09:38:01.8802300
146 9/15/2011 09:38:11.9115442
153 9/15/2011 09:38:25.6147569
154 9/15/2011 09:38:33.7398089
144 9/15/2011 09:38:49.9274125
160 9/15/2011 09:39:07.1462727
161 9/15/2011 09:39:16.6775837
305 9/15/2011 09:39:23.5370026
143 9/15/2011 09:39:40.6464058
133 9/15/2011 09:39:50.4745308
137 9/15/2011 09:39:57.0526558
138 9/15/2011 09:40:06.6464058
139 9/15/2011 09:40:18.4120308
140 9/15/2011 09:40:25.3026558
021 9/15/2011 09:40:32.1464058
637 9/15/2011 09:40:36.4276558
638 9/15/2011 09:40:40.4120308
613 9/15/2011 09:40:46.4901558
518 9/15/2011 09:40:53.6151558
680 9/15/2011 09:40:57.1307808
681 9/15/2011 09:41:01.5057808
717 9/15/2011 09:41:06.3182808
708 9/15/2011 09:41:13.6307808
741 9/15/2011 09:41:24.8182808
734 9/15/2011 09:41:30.4901721
871 9/15/2011 09:41:42.8965015
952 9/15/2011 09:41:51.4121810
950 9/15/2011 09:42:04.4278893
951 9/15/2011 09:42:17.5373482
761 9/15/2011 09:42:30.3186800
752 9/15/2011 09:42:37.5999766
714 9/15/2011 09:42:46.0062804
715 9/15/2011 09:42:49.3969271
690 9/15/2011 09:42:52.6938232
682 9/15/2011 09:43:02.2876346
659 9/15/2011 09:43:05.5689056
642 9/15/2011 09:43:10.0220591
345 9/15/2011 09:43:17.6939832
141 9/15/2011 09:43:25.8815356
142 9/15/2011 09:43:33.2721738
131 9/15/2011 09:43:45.3815488
132 9/15/2011 09:43:54.0377988
134 9/15/2011 09:44:10.5846738
135 9/15/2011 09:44:18.9440488
247 9/15/2011 09:44:28.6471783
477 9/15/2011 09:44:35.2878458
478 9/15/2011 09:44:50.9754462
469 9/15/2011 09:45:00.6317580
470 9/15/2011 09:45:07.8036789
472 9/15/2011 09:45:16.1162321
473 9/15/2011 09:45:25.3662913
497 9/15/2011 09:45:34.4913497
546 9/15/2011 09:45:42.8039029
665 9/15/2011 09:45:58.2415017
691 9/15/2011 09:46:08.8040693
732 9/15/2011 09:46:17.8978775
983 9/15/2011 09:46:27.0698112
984 9/15/2011 09:46:35.7729919
759 9/15/2011 09:46:44.2574212
840 9/15/2011 09:46:52.7887258
692 9/15/2011 09:46:59.0543909
683 9/15/2011 09:47:06.2575620
684 9/15/2011 09:47:13.5232335
476 9/15/2011 09:47:24.9451816
480 9/15/2011 09:47:36.3670758
481 9/15/2011 09:47:46.6483258
483 9/15/2011 09:47:55.9608258
484 9/15/2011 09:48:03.3514508
485 9/15/2011 09:48:11.9608258
486 9/15/2011 09:48:20.9295758
482 9/15/2011 09:48:29.5545861
475 9/15/2011 09:48:36.6015062
366 9/15/2011 09:48:45.8203152
367 9/15/2011 09:48:52.7891098
370 9/15/2011 09:49:05.1641890
371 9/15/2011 09:49:12.8048629
552 9/15/2011 09:49:23.2268046
649 9/15/2011 09:49:30.2424745
694 9/15/2011 09:49:35.4456328
695 9/15/2011 09:49:40.6800413
985 9/15/2011 09:49:49.7894746
986 9/15/2011 09:49:54.7582564
877 9/15/2011 09:49:59.8989143
733 9/15/2011 09:50:04.0864411
551 9/15/2011 09:50:14.3677569
581 9/15/2011 09:50:21.7428041
536 9/15/2011 09:50:31.1022390
474 9/15/2011 09:50:39.9147954
465 9/15/2011 09:50:46.8054645
466 9/15/2011 09:50:58.6024150
467 9/15/2011 09:51:07.8993495
664 9/15/2011 09:51:12.0400010
882 9/15/2011 09:51:21.3213104
982 9/15/2011 09:51:34.0244778
729 9/15/2011 09:51:39.8213528
745 9/15/2011 09:51:49.1963528
543 9/15/2011 09:52:00.9776028
522 9/15/2011 09:52:10.1807278
259 9/15/2011 09:52:21.5088528
269 9/15/2011 09:52:28.8682337
273 9/15/2011 09:52:37.0557861
274 9/15/2011 09:52:46.5870971
275 9/15/2011 09:52:59.2278030
262 9/15/2011 09:53:10.2278734
267 9/15/2011 09:53:22.1341996
293 9/15/2011 09:53:30.8061301
102 9/15/2011 09:53:38.8061813
263 9/15/2011 09:53:45.7124755
261 9/15/2011 09:53:54.9000343
266 9/15/2011 09:54:00.4156946
255 9/15/2011 09:54:08.2282446
256 9/15/2011 09:54:19.7595684
257 9/15/2011 09:54:26.9314893
258 9/15/2011 09:54:43.0408708
563 9/15/2011 09:54:52.6502458
766 9/15/2011 09:54:59.3377458
676 9/15/2011 09:55:05.4939958
740 9/15/2011 09:55:11.0564958
535 9/15/2011 09:55:22.3846208
514 9/15/2011 09:55:32.3377458
272 9/15/2011 09:55:39.4471208
265 9/15/2011 09:55:51.1971208
294 9/15/2011 09:55:58.7283708
296 9/15/2011 09:56:16.8064958
297 9/15/2011 09:56:27.7596208
277 9/15/2011 09:56:33.6815325
278 9/15/2011 09:56:45.8534854
279 9/15/2011 09:56:58.8535686
249 9/15/2011 09:57:12.8067829
253 9/15/2011 09:57:25.7287406
241 9/15/2011 09:57:36.9006871
242 9/15/2011 09:57:53.0882907
243 9/15/2011 09:58:00.1352108
244 9/15/2011 09:58:09.9633987
245 9/15/2011 09:58:19.6353356
513 9/15/2011 09:58:28.8385252
557 9/15/2011 09:58:36.8542528
779 9/15/2011 09:58:41.4949372
660 9/15/2011 09:58:55.1201116
693 9/15/2011 09:59:03.6670960
662 9/15/2011 09:59:19.0579180
842 9/15/2011 09:59:27.3236488
509 9/15/2011 09:59:37.4330925
510 9/15/2011 09:59:47.1050294
523 9/15/2011 09:59:56.6675906
295 9/15/2011 10:00:06.6207793
268 9/15/2011 10:00:14.4020791
276 9/15/2011 10:00:27.9802908
044 9/15/2011 10:00:38.8709158
236 9/15/2011 10:00:50.7615408
237 9/15/2011 10:01:02.3865408
234 9/15/2011 10:01:13.4021658
232 9/15/2011 10:01:22.7302908
192 9/15/2011 10:01:35.5896658
556 9/15/2011 10:01:46.5584158
544 9/15/2011 10:02:01.2615408
607 9/15/2011 10:02:18.4334158
743 9/15/2011 10:02:29.2927908
647 9/15/2011 10:02:37.4177908
648 9/15/2011 10:02:45.4021658
704 9/15/2011 10:02:50.5427908
762 9/15/2011 10:02:56.4334158
998 9/15/2011 10:03:02.9490408
873 9/15/2011 10:03:12.7302908
596 9/15/2011 10:03:21.7927908
617 9/15/2011 10:03:31.5428138
646 9/15/2011 10:03:38.9959865
525 9/15/2011 10:03:47.3241648
534 9/15/2011 10:03:59.6679938
238 9/15/2011 10:04:09.5586821
239 9/15/2011 10:04:19.3868700
231 9/15/2011 10:04:31.5900731
235 9/15/2011 10:04:42.1213905
503 9/15/2011 10:04:48.9964345
598 9/15/2011 10:04:56.0902299
594 9/15/2011 10:05:05.2777887
700 9/15/2011 10:05:11.5434538
655 9/15/2011 10:05:21.0591397
767 9/15/2011 10:05:27.3560550
939 9/15/2011 10:05:37.0279919
955 9/15/2011 10:05:46.1061750
372 9/15/2011 10:05:54.6843549
381 9/15/2011 10:06:05.6688002
422 9/15/2011 10:06:12.2157171
375 9/15/2011 10:06:22.8407851
376 9/15/2011 10:06:34.2627332
377 9/15/2011 10:06:43.6846685
378 9/15/2011 10:06:52.0597221
200 9/15/2011 10:07:01.6691586
175 9/15/2011 10:07:13.4973593
397 9/15/2011 10:07:25.3411851
398 9/15/2011 10:07:36.4986552
399 9/15/2011 10:07:49.2660776
400 9/15/2011 10:07:56.5796072
401 9/15/2011 10:08:06.3622344
382 9/15/2011 10:08:13.4726104
404 9/15/2011 10:08:21.9269256
444 9/15/2011 10:08:31.6467608
600 9/15/2011 10:08:41.2880028
625 9/15/2011 10:08:52.3355848
863 9/15/2011 10:09:02.4612328
667 9/15/2011 10:09:07.8365768
841 9/15/2011 10:09:15.9933488
956 9/15/2011 10:09:23.2906908
883 9/15/2011 10:09:33.9318440
626 9/15/2011 10:09:40.7133544
629 9/15/2011 10:09:48.9011688
538 9/15/2011 10:10:00.0422216
383 9/15/2011 10:10:09.4332072
385 9/15/2011 10:10:19.4023400
386 9/15/2011 10:10:30.8402240
388 9/15/2011 10:10:39.4497643
389 9/15/2011 10:10:48.5280636
390 9/15/2011 10:10:58.5126303
220 9/15/2011 10:11:07.7784332
331 9/15/2011 10:11:18.2630095
187 9/15/2011 10:11:42.1540024
391 9/15/2011 10:12:04.7324164
392 9/15/2011 10:12:10.3887388
393 9/15/2011 10:12:17.8888348
394 9/15/2011 10:12:33.2796228
402 9/15/2011 10:12:40.7171704
403 9/15/2011 10:12:50.6547340
560 9/15/2011 10:12:59.8735430
561 9/15/2011 10:13:10.2329843
572 9/15/2011 10:13:20.6236758
605 9/15/2011 10:13:29.5781147
641 9/15/2011 10:13:36.1145061
379 9/15/2011 10:13:44.1989902
380 9/15/2011 10:13:54.6603439
213 9/15/2011 10:14:06.4665054
703 9/15/2011 10:14:12.3461302
889 9/15/2011 10:14:25.9036693
384 9/15/2011 10:14:34.0639609
621 9/15/2011 10:14:45.3653185
569 9/15/2011 10:14:57.9640657
507 9/15/2011 10:15:06.9520057
562 9/15/2011 10:15:16.0337329
568 9/15/2011 10:15:22.9896169
623 9/15/2011 10:15:30.1482895
632 9/15/2011 10:15:37.0872103
003 9/15/2011 10:15:54.3719995
004 9/15/2011 10:16:09.0468793
652 9/15/2011 10:16:15.6419797
653 9/15/2011 10:16:21.4087855
833 9/15/2011 10:16:30.3009797
658 9/15/2011 10:16:36.8172302
957 9/15/2011 10:16:51.3967547
589 9/15/2011 10:16:58.9287277
501 9/15/2011 10:17:07.7577002
502 9/15/2011 10:17:18.8212622
521 9/15/2011 10:17:26.5095002
487 9/15/2011 10:17:32.9630221
489 9/15/2011 10:17:44.0729659
490 9/15/2011 10:17:50.5107955
491 9/15/2011 10:17:55.8391933
494 9/15/2011 10:18:04.6521445
495 9/15/2011 10:18:11.9962705
496 9/15/2011 10:18:21.7467697
488 9/15/2011 10:18:29.8889973
506 9/15/2011 10:18:36.7686613
500 9/15/2011 10:18:45.9936653
554 9/15/2011 10:18:56.3913393
586 9/15/2011 10:19:13.0745245
587 9/15/2011 10:19:25.8175385
599 9/15/2011 10:19:32.2579913
615 9/15/2011 10:19:43.0585977
942 9/15/2011 10:19:50.0610169
776 9/15/2011 10:19:56.4225897
735 9/15/2011 10:20:01.8307081
992 9/15/2011 10:20:09.5990169
940 9/15/2011 10:20:17.3048041
542 9/15/2011 10:20:27.6677593
498 9/15/2011 10:20:35.6848288
499 9/15/2011 10:20:45.6084183
531 9/15/2011 10:20:59.3451666
493 9/15/2011 10:21:20.5207001
Insert Area--<none> 9/15/2011 10:21:20.7863710
Insert Area--ANAKROM-REGION-AREA1 9/15/2011 10:21:21.0364142
Insert Area--ANAKROM-REGION-AREA2 9/15/2011 10:21:21.2708297
Insert Area--ANAKROM-REGION-AREA3 9/15/2011 10:21:21.5052452
Insert Area--ANAKROM-REGION-AREA4 9/15/2011 10:21:21.7552884
Insert Area--CAGAYAN-REGION-AREA1 9/15/2011 10:21:21.9897039
Insert Area--CAGAYAN-REGION-AREA1 9/15/2011 10:21:22.2084917
Insert Area--CAGAYAN-REGION-AREA2 9/15/2011 10:21:22.4429072
Insert Area--CAGAYAN-REGION-AREA3 9/15/2011 10:21:22.6616950
Insert Area--CAGAYAN-REGION-AREA4 9/15/2011 10:21:22.8961105
Insert Area--CAGAYAN-REGION-AREA5 9/15/2011 10:21:23.1305260
Insert Area--CARAGA-REGION-AREA1 9/15/2011 10:21:23.3493138
Insert Area--CARAGA-REGION-AREA1 9/15/2011 10:21:23.5837293
Insert Area--CARAGA-REGION-AREA2 9/15/2011 10:21:23.8025171
Insert Area--CARAGA-REGION-AREA3 9/15/2011 10:21:24.0369326
Insert Area--CARAGA-REGION-AREA4 9/15/2011 10:21:24.4119974
Insert Area--Cebu Central A 9/15/2011 10:21:24.6307852
Insert Area--Cebu Central B 9/15/2011 10:21:24.8652007
Insert Area--Cebu Central C 9/15/2011 10:21:25.1152439
Insert Area--Cebu Central D 9/15/2011 10:21:25.3965425
Insert Area--Cebu North A 9/15/2011 10:21:25.9591397
Insert Area--Cebu North A 9/15/2011 10:21:26.1935552
Insert Area--Cebu North B 9/15/2011 10:21:26.4592261
Insert Area--Cebu North C 9/15/2011 10:21:26.7092693
Insert Area--Cebu North D 9/15/2011 10:21:26.9436848
Insert Area--Cebu North E 9/15/2011 10:21:27.1781003
Insert Area--Cebu South A 9/15/2011 10:21:27.4125158
Insert Area--Cebu South B 9/15/2011 10:21:27.6781867
Insert Area--Cebu South C 9/15/2011 10:21:27.9438576
Insert Area--CEBU SOUTH D 9/15/2011 10:21:28.1782611
Insert Area--CEBU SOUTH E 9/15/2011 10:21:28.4126586
Insert Area--DAVA0-MINDANAO-REGION-AREA1 9/15/2011 10:21:28.6626826
Insert Area--DAVA0-MINDANAO-REGION-AREA2 9/15/2011 10:21:29.0533451
Insert Area--DAVA0-MINDANAO-REGION-AREA3 9/15/2011 10:21:29.2721161
Insert Area--DAVA0-MINDANAO-REGION-AREA3 9/15/2011 10:21:29.5221401
Insert Area--DAVA0-MINDANAO-REGION-AREA4 9/15/2011 10:21:29.7409111
Insert Area--DAVA0-MINDANAO-REGION-AREA5 9/15/2011 10:21:29.9753086
Insert Area--DIPOLOG-MINDANAO-REGION-AREA1 9/15/2011 10:21:30.2097061
Insert Area--DIPOLOG-MINDANAO-REGION-AREA2 9/15/2011 10:21:30.4441036
Insert Area--DIPOLOG-MINDANAO-REGION-AREA3 9/15/2011 10:21:30.6785011
Insert Area--HO 9/15/2011 10:21:30.9128986
Insert Area--LEYTE-REGION-AREA1 9/15/2011 10:21:31.1472961
Insert Area--LEYTE-REGION-AREA2 9/15/2011 10:21:31.3816936
Insert Area--LEYTE-REGION-AREA2 9/15/2011 10:21:31.6317176
Insert Area--LEYTE-REGION-AREA3 9/15/2011 10:21:31.8661151
Insert Area--LUZON-SHOWROOMS 9/15/2011 10:21:32.1005126
Insert Area--MINDANAO-SHOWROOMS 9/15/2011 10:21:32.3349101
Insert Area--NCR-SHOWROOMS 9/15/2011 10:21:32.5693076
Insert Area--NEGROS-OCC-REGION-AREA1 9/15/2011 10:21:32.8037051
Insert Area--NEGROS-OCC-REGION-AREA2 9/15/2011 10:21:33.0224761
Insert Area--NEGROS-OCC-REGION-AREA3 9/15/2011 10:21:33.2568736
Insert Area--NEGROS-OCC-REGION-AREA4 9/15/2011 10:21:33.4756446
Insert Area--NEGROS-OCC-REGION-AREA5 9/15/2011 10:21:33.7100421
Insert Area--NEGROS-ORIENTAL-REGION-AREA1 9/15/2011 10:21:33.9444396
Insert Area--NEGROS-ORIENTAL-REGION-AREA2 9/15/2011 10:21:34.1632106
Insert Area--NEGROS-ORIENTAL-REGION-AREA3 9/15/2011 10:21:34.3976081
Insert Area--NEGROS-ORIENTAL-REGION-AREA4 9/15/2011 10:21:34.6320056
Insert Area--NW-LUZON-REGION-AREA3 9/15/2011 10:21:34.8664031
Insert Area--OZAMIS-MINDANAO-REGION-AREA1 9/15/2011 10:21:35.0851741
Insert Area--OZAMIS-MINDANAO-REGION-AREA2 9/15/2011 10:21:35.3195716
Insert Area--OZAMIS-MINDANAO-REGION-AREA3 9/15/2011 10:21:35.5539691
Insert Area--OZAMIS-MINDANAO-REGION-AREA4 9/15/2011 10:21:35.7727401
Insert Area--OZAMIS-MINDANAO-REGION-AREA5 9/15/2011 10:21:36.0071376
Insert Area--PANAY-ROMBLON-REGION-AREA1 9/15/2011 10:21:36.2259086
Insert Area--PANAY-ROMBLON-REGION-AREA2 9/15/2011 10:21:36.4603061
Insert Area--PANAY-ROMBLON-REGION-AREA3 9/15/2011 10:21:36.6947036
Insert Area--PANAY-ROMBLON-REGION-AREA3 9/15/2011 10:21:36.9291011
Insert Area--PANAY-ROMBLON-REGION-AREA4 9/15/2011 10:21:37.1478721
Insert Area--PANAY-ROMBLON-REGION-AREA5 9/15/2011 10:21:37.3978961
Insert Area--SAMAR-REGION-AREA1 9/15/2011 10:21:37.6322936
Insert Area--SAMAR-REGION-AREA2 9/15/2011 10:21:37.8510646
Insert Area--SAMAR-REGION-AREA3 9/15/2011 10:21:38.0854621
Insert Area--SOCSKSARGEN-MINDANAO-AREA1 9/15/2011 10:21:38.3198596
Insert Area--SOCSKSARGEN-MINDANAO-AREA1 9/15/2011 10:21:38.5542571
Insert Area--SOCSKSARGEN-MINDANAO-AREA2 9/15/2011 10:21:38.8042811
Insert Area--SOCSKSARGEN-MINDANAO-AREA3 9/15/2011 10:21:39.0386786
Insert Area--SOCSKSARGEN-MINDANAO-AREA4 9/15/2011 10:21:39.2574496
Insert Area--SOCSKSARGEN-MINDANAO-AREA5 9/15/2011 10:21:39.4918471
Insert Area--SOCSKSARGEN-MINDANAO-AREA6 9/15/2011 10:21:39.7106181
Insert Area--VISAYAS-SHOWROOMS 9/15/2011 10:21:39.9450156
Insert Area--ZAMBASTA-MINDANAO-AREA1 9/15/2011 10:21:40.1794131
Insert Area--ZAMBASTA-MINDANAO-AREA2 9/15/2011 10:21:40.4138106
Insert Area--ZAMBASTA-MINDANAO-AREA3 9/15/2011 10:21:40.6325816
Insert region--ANAKROM-REGION 9/15/2011 10:21:40.8044731
Insert region--CAGAYAN-REGION 9/15/2011 10:21:40.9451116
Insert region--CARAGA-REGION 9/15/2011 10:21:41.1013766
Insert region--Cebu Central 9/15/2011 10:21:41.2420151
Insert region--Cebu North 9/15/2011 10:21:41.3826536
Insert region--Cebu South 9/15/2011 10:21:41.5389186
Insert region--CENTRAL-LUZON-REGION 9/15/2011 10:21:41.6795571
Insert region--DAVA0-MINDANAO-REGION 9/15/2011 10:21:41.8201956
Insert region--DIPOLOG-MINDANAO-REGION 9/15/2011 10:21:41.9608341
Insert region--HO 9/15/2011 10:21:42.1170991
Insert region--LA-SHOWROOMS 9/15/2011 10:21:42.2577376
Insert region--LEYTE-REGION 9/15/2011 10:21:42.3983761
Insert region--LUZON/NCR-SHOWROOMS 9/15/2011 10:21:42.5390146
Insert region--NEGROS-OCC-REGION 9/15/2011 10:21:42.6796531
Insert region--NEGROS-ORIENTAL-REGION 9/15/2011 10:21:42.8359181
Insert region--OZAMIS-MINDANAO-REGION 9/15/2011 10:21:45.3674111
Insert region--PANAY-ROMBLON-REGION 9/15/2011 10:21:45.7737001
Insert region--SAMAR-REGION 9/15/2011 10:21:46.0706036
Insert region--SOCSKSARGEN-MINDANAO-REGION 9/15/2011 10:21:46.3518806
Insert region--VISMIN-SHOWROOMS 9/15/2011 10:21:46.6487841
Insert region--ZAMBASTA-MINDANAO-REGION 9/15/2011 10:21:46.9144346
Insert Vismin Wide--  9/15/2011 10:21:47.1800851
941 9/14/2011 10:22:08.1195951
677 9/14/2011 10:22:39.7626568
711 9/14/2011 10:22:51.3413005
712 9/14/2011 10:23:09.2639784
726 9/14/2011 10:23:26.8741423
036 9/14/2011 10:23:39.5947201
057 9/14/2011 10:23:52.3310511
066 9/14/2011 10:24:01.8637651
079 9/14/2011 10:24:13.1623753
264 9/14/2011 10:24:22.0387385
593 9/14/2011 10:24:28.7272173
628 9/14/2011 10:24:34.0714119
582 9/14/2011 10:24:41.4001466
537 9/14/2011 10:24:49.4320648
396 9/14/2011 10:25:01.1674161
280 9/14/2011 10:25:12.8871411
281 9/14/2011 10:25:23.7161670
284 9/14/2011 10:25:36.5415161
285 9/14/2011 10:25:48.6374201
290 9/14/2011 10:26:11.2800761
720 9/14/2011 10:26:16.0057721
696 9/14/2011 10:26:23.7045881
697 9/14/2011 10:26:26.3803961
673 9/14/2011 10:26:32.4931343
875 9/14/2011 10:26:41.4797225
727 9/14/2011 10:26:52.0660175
730 9/14/2011 10:26:57.3670067
731 9/14/2011 10:27:02.2288607
724 9/14/2011 10:27:07.7494175
725 9/14/2011 10:27:12.3760205
291 9/14/2011 10:27:19.3394501
287 9/14/2011 10:27:26.9615825
289 9/14/2011 10:27:36.4188167
583 9/14/2011 10:27:44.5277441
639 9/14/2011 10:27:58.4131082
288 9/14/2011 10:28:30.6272632
292 9/14/2011 10:28:37.9622825
282 9/14/2011 10:28:48.3783227
283 9/14/2011 10:28:59.2166348
246 9/14/2011 10:29:08.6786533
250 9/14/2011 10:29:15.3255258
251 9/14/2011 10:29:22.8951406
252 9/14/2011 10:29:32.3864237
254 9/14/2011 10:29:40.8122873
248 9/14/2011 10:29:52.8492353
747 9/14/2011 10:30:00.1183013
843 9/14/2011 10:30:09.0756665
679 9/14/2011 10:30:14.2030937
668 9/14/2011 10:30:22.3006769
005 9/14/2011 10:30:30.9603641
574 9/14/2011 10:30:37.4932025
519 9/14/2011 10:30:45.4482617
533 9/14/2011 10:30:59.1390905
346 9/14/2011 10:31:14.2990265
347 9/14/2011 10:31:26.9427257
348 9/14/2011 10:31:41.2413957
349 9/14/2011 10:31:53.0708833
350 9/14/2011 10:32:08.1819989
351 9/14/2011 10:32:23.1055929
352 9/14/2011 10:32:45.8729309
353 9/14/2011 10:32:55.2485309
373 9/14/2011 10:33:06.9367789
338 9/14/2011 10:33:14.2028689
339 9/14/2011 10:33:21.4533329
342 9/14/2011 10:33:46.5168479
528 9/14/2011 10:33:54.1889684
550 9/14/2011 10:34:01.2516944
604 9/14/2011 10:34:10.5176159
627 9/14/2011 10:34:14.6427479
880 9/14/2011 10:34:23.1117689
881 9/14/2011 10:34:29.8307229
948 9/14/2011 10:34:40.5028711
995 9/14/2011 10:34:48.5812029
355 9/14/2011 10:35:10.4255121
356 9/14/2011 10:35:17.3163135
359 9/14/2011 10:35:26.1602899
360 9/14/2011 10:35:35.8791893
361 9/14/2011 10:35:42.9730301
362 9/14/2011 10:35:54.6606797
363 9/14/2011 10:36:16.9265897
368 9/14/2011 10:36:23.7391769
365 9/14/2011 10:36:31.3955039
344 9/14/2011 10:36:43.5674568
340 9/14/2011 10:36:54.3956511
341 9/14/2011 10:37:02.0988254
640 9/14/2011 10:37:06.7082299
558 9/14/2011 10:37:14.0364018
172 9/14/2011 10:37:20.6770693
335 9/14/2011 10:37:27.4427376
336 9/14/2011 10:37:34.6302836
687 9/14/2011 10:37:37.9896801
688 9/14/2011 10:37:41.0521997
689 9/14/2011 10:37:45.7084795
879 9/14/2011 10:37:52.7710247
343 9/14/2011 10:37:59.9585707
354 9/14/2011 10:38:09.1617546
364 9/14/2011 10:38:22.3962143
410 9/14/2011 10:38:35.8806259
412 9/14/2011 10:38:49.2243759
413 9/14/2011 10:39:00.0837509
414 9/14/2011 10:39:07.5056259
415 9/14/2011 10:39:20.5525009
416 9/14/2011 10:39:28.4587509
405 9/14/2011 10:39:37.2243759
407 9/14/2011 10:39:43.8962509
408 9/14/2011 10:39:52.5837509
618 9/14/2011 10:40:00.5368759
620 9/14/2011 10:40:07.8181259
108 9/14/2011 10:40:15.2556259
845 9/14/2011 10:40:23.2400009
862 9/14/2011 10:40:32.0081657
748 9/14/2011 10:40:39.1378169
878 9/14/2011 10:40:50.6140537
619 9/14/2011 10:40:57.8687865
430 9/14/2011 10:41:16.3183225
406 9/14/2011 10:41:27.7789241
417 9/14/2011 10:41:36.2037636
418 9/14/2011 10:41:44.9411013
419 9/14/2011 10:41:54.6006267
420 9/14/2011 10:42:04.5258672
421 9/14/2011 10:42:14.6543016
423 9/14/2011 10:42:25.9237479
424 9/14/2011 10:42:35.3319438
425 9/14/2011 10:42:45.1304490
431 9/14/2011 10:42:53.1786630
409 9/14/2011 10:43:02.5083402
427 9/14/2011 10:43:11.1816582
428 9/14/2011 10:43:24.5276286
429 9/14/2011 10:43:37.0915314
434 9/14/2011 10:43:46.1079642
954 9/14/2011 10:43:53.1710970
719 9/14/2011 10:43:57.9215226
718 9/14/2011 10:44:00.8280330
435 9/14/2011 10:44:08.4849690
436 9/14/2011 10:44:16.7669610
437 9/14/2011 10:44:23.9082258
439 9/14/2011 10:44:32.1775842
440 9/14/2011 10:44:39.5743582
441 9/14/2011 10:44:52.5226222
432 9/14/2011 10:45:04.6107962
433 9/14/2011 10:45:13.5088182
105 9/14/2011 10:45:22.5788582
018 9/14/2011 10:45:29.5684527
037 9/14/2011 10:45:36.1024197
040 9/14/2011 10:45:43.5899082
029 9/14/2011 10:45:51.1399227
030 9/14/2011 10:46:00.4875597
032 9/14/2011 10:46:07.0996842
033 9/14/2011 10:46:15.6344832
034 9/14/2011 10:46:24.4819122
035 9/14/2011 10:46:31.0796955
750 9/14/2011 10:46:38.9301723
846 9/14/2011 10:46:45.6390459
868 9/14/2011 10:46:52.4104731
867 9/14/2011 10:47:03.3104379
749 9/14/2011 10:47:14.6639163
022 9/14/2011 10:47:22.0921563
023 9/14/2011 10:47:32.8036881
024 9/14/2011 10:47:43.4673037
025 9/14/2011 10:47:52.0513579
026 9/14/2011 10:48:00.8230417
027 9/14/2011 10:48:10.5016019
028 9/14/2011 10:48:17.3813539
019 9/14/2011 10:48:25.0898033
020 9/14/2011 10:48:35.3131487
078 9/14/2011 10:48:43.4253263
526 9/14/2011 10:48:52.3190239
512 9/14/2011 10:48:59.4152255
508 9/14/2011 10:49:06.5426879
616 9/14/2011 10:49:18.3436399
633 9/14/2011 10:49:27.2998591
045 9/14/2011 10:49:36.5516087
046 9/14/2011 10:49:48.5693100
047 9/14/2011 10:49:55.6174027
048 9/14/2011 10:50:09.9323759
049 9/14/2011 10:50:23.1377824
050 9/14/2011 10:50:34.5142620
054 9/14/2011 10:50:46.6404260
042 9/14/2011 10:50:58.6728310
052 9/14/2011 10:51:05.6266235
325 9/14/2011 10:51:17.4558840
053 9/14/2011 10:51:34.6759550
043 9/14/2011 10:51:46.4421071
055 9/14/2011 10:51:56.6769406
051 9/14/2011 10:52:03.5835000
041 9/14/2011 10:52:11.1307131
038 9/14/2011 10:52:19.0841944
532 9/14/2011 10:52:28.8971250
722 9/14/2011 10:52:35.3973330
866 9/14/2011 10:52:44.9913900
864 9/14/2011 10:52:57.8355510
865 9/14/2011 10:53:10.7578395
721 9/14/2011 10:53:18.7424700
710 9/14/2011 10:53:25.5395625
547 9/14/2011 10:53:35.3366596
644 9/14/2011 10:53:43.1493096
591 9/14/2011 10:53:53.9151413
571 9/14/2011 10:54:05.5091139
578 9/14/2011 10:54:13.5873940
067 9/14/2011 10:54:30.8845495
068 9/14/2011 10:54:45.3220495
069 9/14/2011 10:54:54.2439245
065 9/14/2011 10:55:05.9001745
260 9/14/2011 10:55:27.0251745
240 9/14/2011 10:55:34.6658409
070 9/14/2011 10:55:52.1972031
071 9/14/2011 10:56:11.2754502
072 9/14/2011 10:56:20.1192568
073 9/14/2011 10:56:35.1349779
056 9/14/2011 10:56:48.9163161
064 9/14/2011 10:57:00.8538925
087 9/14/2011 10:57:14.2446032
585 9/14/2011 10:57:26.6196824
511 9/14/2011 10:57:37.8929435
699 9/14/2011 10:57:47.3378727
936 9/14/2011 10:57:57.8305010
943 9/14/2011 10:58:07.5881762
088 9/14/2011 10:58:15.1566294
089 9/14/2011 10:58:22.3341501
090 9/14/2011 10:58:31.7776824
092 9/14/2011 10:58:40.3279488
093 9/14/2011 10:59:01.6332744
094 9/14/2011 10:59:14.4352272
080 9/14/2011 10:59:27.4403856
081 9/14/2011 10:59:43.3754654
082 9/14/2011 10:59:56.8087651
084 9/14/2011 11:00:07.8650432
085 9/14/2011 11:00:19.0620660
086 9/14/2011 11:00:35.0571561
083 9/14/2011 11:00:41.8725773
095 9/14/2011 11:01:01.8342582
074 9/14/2011 11:01:10.4316932
075 9/14/2011 11:01:21.2019345
076 9/14/2011 11:01:32.4246074
573 9/14/2011 11:01:43.5520282
937 9/14/2011 11:01:54.2887390
938 9/14/2011 11:02:08.1355014
656 9/14/2011 11:02:17.4969130
728 9/14/2011 11:02:27.9991978
869 9/14/2011 11:02:41.2866412
944 9/14/2011 11:02:52.9623618
945 9/14/2011 11:03:21.0873885
997 9/14/2011 11:03:31.6334306
058 9/14/2011 11:03:43.2369750
059 9/14/2011 11:03:54.5121172
060 9/14/2011 11:04:06.6317222
061 9/14/2011 11:04:21.9884346
062 9/14/2011 11:04:28.9627682
063 9/14/2011 11:04:36.7004102
120 9/14/2011 11:04:43.6095774
121 9/14/2011 11:04:50.4093234
122 9/14/2011 11:05:00.7261794
125 9/14/2011 11:05:11.5745098
126 9/14/2011 11:05:23.7515262
128 9/14/2011 11:05:30.2069645
129 9/14/2011 11:05:42.1938706
130 9/14/2011 11:05:55.6810935
575 9/14/2011 11:06:13.6067536
835 9/14/2011 11:06:29.5162270
702 9/14/2011 11:06:43.2832616
666 9/14/2011 11:06:53.5499378
839 9/14/2011 11:07:04.6448238
555 9/14/2011 11:07:14.0364104
123 9/14/2011 11:07:20.1307844
124 9/14/2011 11:07:27.2408874
106 9/14/2011 11:07:33.6197892
103 9/14/2011 11:07:41.6723807
109 9/14/2011 11:07:56.1357732
112 9/14/2011 11:08:08.4257478
115 9/14/2011 11:08:18.0263132
117 9/14/2011 11:08:30.8686828
118 9/14/2011 11:08:40.2533356
119 9/14/2011 11:08:48.9642988
834 9/14/2011 11:09:00.8557036
670 9/14/2011 11:09:11.5877356
953 9/14/2011 11:09:21.5050732
876 9/14/2011 11:09:30.8080251
947 9/14/2011 11:09:43.8883319
104 9/14/2011 11:09:57.6257833
096 9/14/2011 11:10:09.6890806
097 9/14/2011 11:10:22.8476189
098 9/14/2011 11:10:35.9852465
099 9/14/2011 11:10:45.1320725
100 9/14/2011 11:10:57.6718237
101 9/14/2011 11:11:09.8832273
017 9/14/2011 11:11:19.5147569
566 9/14/2011 11:11:27.7390825
567 9/14/2011 11:11:38.9775273
549 9/14/2011 11:11:50.1063721
559 9/14/2011 11:12:01.1258041
107 9/14/2011 11:12:12.9892777
116 9/14/2011 11:12:28.1976569
113 9/14/2011 11:12:39.4895267
114 9/14/2011 11:12:47.6222227
110 9/14/2011 11:13:01.0880905
111 9/14/2011 11:13:09.8307387
836 9/14/2011 11:13:19.4335759
837 9/14/2011 11:13:33.6633315
838 9/14/2011 11:13:43.4493391
723 9/14/2011 11:13:52.5944101
739 9/14/2011 11:13:58.6754915
136 9/14/2011 11:14:11.6818147
308 9/14/2011 11:14:22.3901457
309 9/14/2011 11:14:30.4725150
298 9/14/2011 11:14:39.8847248
299 9/14/2011 11:14:50.3913776
300 9/14/2011 11:15:16.5642002
301 9/14/2011 11:15:27.0083134
303 9/14/2011 11:15:42.4354497
306 9/14/2011 11:15:58.8155849
527 9/14/2011 11:16:05.8802997
515 9/14/2011 11:16:15.1175706
602 9/14/2011 11:16:31.1931886
624 9/14/2011 11:16:41.7576668
540 9/14/2011 11:16:52.0086590
541 9/14/2011 11:17:01.9931881
302 9/14/2011 11:17:13.9526790
333 9/14/2011 11:17:30.2827700
334 9/14/2011 11:17:55.4229334
326 9/14/2011 11:18:05.8014691
327 9/14/2011 11:18:13.9728049
328 9/14/2011 11:18:21.2518684
329 9/14/2011 11:18:27.8265064
127 9/14/2011 11:18:34.0514661
893 9/14/2011 11:18:40.4323413
894 9/14/2011 11:18:47.0165287
892 9/14/2011 11:18:53.5068797
661 9/14/2011 11:18:56.3845293
701 9/14/2011 11:18:59.2152607
319 9/14/2011 11:19:05.4241025
320 9/14/2011 11:19:11.0230077
321 9/14/2011 11:19:16.1840097
322 9/14/2011 11:19:22.5805243
323 9/14/2011 11:19:29.7740022
307 9/14/2011 11:19:37.8715336
311 9/14/2011 11:19:51.4560023
312 9/14/2011 11:19:56.7709843
315 9/14/2011 11:20:04.1337976
316 9/14/2011 11:20:12.2625936
286 9/14/2011 11:20:19.4065547
426 9/14/2011 11:20:25.8157977
517 9/14/2011 11:20:32.3210103
590 9/14/2011 11:20:40.5794055
317 9/14/2011 11:20:46.7262792
313 9/14/2011 11:20:54.6092928
314 9/14/2011 11:21:02.6956381
310 9/14/2011 11:21:10.3283973
148 9/14/2011 11:21:17.7734657
709 9/14/2011 11:21:21.6993316
671 9/14/2011 11:21:26.6887787
890 9/14/2011 11:21:34.9959578
891 9/14/2011 11:21:46.2918644
860 9/14/2011 11:21:54.9280700
332 9/14/2011 11:22:01.3895789
324 9/14/2011 11:22:10.5107888
330 9/14/2011 11:22:17.9266610
271 9/14/2011 11:22:24.4507511
570 9/14/2011 11:22:30.5979056
622 9/14/2011 11:22:39.3222914
608 9/14/2011 11:22:46.3268162
545 9/14/2011 11:22:53.1280847
553 9/14/2011 11:23:00.1795148
565 9/14/2011 11:23:06.9651482
442 9/14/2011 11:23:13.7507816
443 9/14/2011 11:23:20.2237130
438 9/14/2011 11:23:27.0406166
445 9/14/2011 11:23:42.3260885
447 9/14/2011 11:23:48.4124992
448 9/14/2011 11:24:00.3506261
449 9/14/2011 11:24:11.0839879
450 9/14/2011 11:24:21.6765330
854 9/14/2011 11:24:35.4874489
991 9/14/2011 11:24:43.7275155
884 9/14/2011 11:24:51.0294341
451 9/14/2011 11:25:00.4109141
452 9/14/2011 11:25:05.1798331
459 9/14/2011 11:25:12.8101035
460 9/14/2011 11:25:19.4709543
461 9/14/2011 11:25:30.1808731
462 9/14/2011 11:25:38.1211671
463 9/14/2011 11:25:45.5456546
464 9/14/2011 11:25:53.4390571
455 9/14/2011 11:26:05.0681491
457 9/14/2011 11:26:13.9619036
564 9/14/2011 11:26:21.4958046
612 9/14/2011 11:26:28.6545288
630 9/14/2011 11:26:36.1245694
606 9/14/2011 11:26:46.4232237
610 9/14/2011 11:26:54.3620953
611 9/14/2011 11:27:01.2382833
548 9/14/2011 11:27:08.5989300
524 9/14/2011 11:27:17.8661561
458 9/14/2011 11:27:24.4454178
479 9/14/2011 11:27:33.5423136
453 9/14/2011 11:27:43.4689511
454 9/14/2011 11:27:52.2856811
233 9/14/2011 11:28:01.5870186
885 9/14/2011 11:28:08.7467036
886 9/14/2011 11:28:15.5781061
887 9/14/2011 11:28:28.3811236
888 9/14/2011 11:28:37.8521272
663 9/14/2011 11:28:46.3228826
001 9/14/2011 11:28:51.2459231
207 9/14/2011 11:28:58.4351251
208 9/14/2011 11:29:04.8116347
209 9/14/2011 11:29:10.9224564
210 9/14/2011 11:29:18.1429158
212 9/14/2011 11:29:25.0976873
214 9/14/2011 11:29:31.9739085
215 9/14/2011 11:29:39.1154018
216 9/14/2011 11:29:46.1787606
217 9/14/2011 11:29:52.6795510
218 9/14/2011 11:29:59.8210443
645 9/14/2011 11:30:02.9151705
650 9/14/2011 11:30:09.0721691
651 9/14/2011 11:30:17.9638752
674 9/14/2011 11:30:24.3552773
675 9/14/2011 11:30:27.6525532
949 9/14/2011 11:30:35.8406231
874 9/14/2011 11:30:44.7943211
996 9/14/2011 11:30:51.9510291
579 9/14/2011 11:31:02.2485631
191 9/14/2011 11:31:10.6866031
201 9/14/2011 11:31:19.2965291
202 9/14/2011 11:31:26.3751071
203 9/14/2011 11:31:32.8910071
204 9/14/2011 11:31:39.4068406
205 9/14/2011 11:31:46.6414471
193 9/14/2011 11:31:52.9854001
194 9/14/2011 11:31:59.7668671
195 9/14/2011 11:32:09.9703186
196 9/14/2011 11:32:18.1268296
197 9/14/2011 11:32:24.7051651
198 9/14/2011 11:32:31.9866029
199 9/14/2011 11:32:38.8461096
206 9/14/2011 11:32:45.8306187
219 9/14/2011 11:32:54.8151662
221 9/14/2011 11:33:03.4247065
222 9/14/2011 11:33:10.2842132
223 9/14/2011 11:33:16.9562163
224 9/14/2011 11:33:25.5501313
225 9/14/2011 11:33:31.9877323
226 9/14/2011 11:33:38.5503163
227 9/14/2011 11:33:43.8160087
228 9/14/2011 11:33:49.5817075
229 9/14/2011 11:33:55.3317811
230 9/14/2011 11:34:00.9256027
634 9/14/2011 11:34:05.2694083
993 9/14/2011 11:34:11.8476175
872 9/14/2011 11:34:19.8789703
698 9/14/2011 11:34:27.0196867
851 9/14/2011 11:34:35.4259997
844 9/14/2011 11:34:44.7698095
007 9/14/2011 11:34:51.8792300
012 9/14/2011 11:35:01.3324155
013 9/14/2011 11:35:11.1449783
014 9/14/2011 11:35:18.8481526
006 9/14/2011 11:35:26.1450743
008 9/14/2011 11:35:33.0784101
009 9/14/2011 11:35:40.1741115
010 9/14/2011 11:35:47.6457441
011 9/14/2011 11:35:55.5246355
015 9/14/2011 11:36:02.2913971
016 9/14/2011 11:36:08.8232017
369 9/14/2011 11:36:27.0871925
946 9/14/2011 11:36:40.1989819
870 9/14/2011 11:36:47.4267409
738 9/14/2011 11:36:50.6651524
705 9/14/2011 11:36:53.4811624
609 9/14/2011 11:36:59.9892744
614 9/14/2011 11:37:05.9028954
597 9/14/2011 11:37:13.8659459
163 9/14/2011 11:37:27.8834179
176 9/14/2011 11:37:34.2471501
177 9/14/2011 11:37:40.0945653
178 9/14/2011 11:37:45.1915101
180 9/14/2011 11:37:51.1640037
181 9/14/2011 11:37:58.1058549
182 9/14/2011 11:38:05.3604021
183 9/14/2011 11:38:11.7394005
184 9/14/2011 11:38:18.1809381
185 9/14/2011 11:38:28.0464969
186 9/14/2011 11:38:35.0815939
188 9/14/2011 11:38:42.0863521
189 9/14/2011 11:38:49.5142165
190 9/14/2011 11:38:56.0331861
636 9/14/2011 11:39:01.5335667
751 9/14/2011 11:39:10.7478795
737 9/14/2011 11:39:14.6498589
685 9/14/2011 11:39:20.3696279
994 9/14/2011 11:39:27.2020095
987 9/14/2011 11:39:37.2498787
601 9/14/2011 11:39:47.9061667
580 9/14/2011 11:39:57.5922787
318 9/14/2011 11:40:07.3253347
179 9/14/2011 11:40:16.7767267
173 9/14/2011 11:40:28.2780067
174 9/14/2011 11:40:38.3636471
164 9/14/2011 11:40:44.3523883
165 9/14/2011 11:40:58.0498747
167 9/14/2011 11:41:21.8641119
168 9/14/2011 11:41:28.8221979
171 9/14/2011 11:41:40.1545279
603 9/14/2011 11:41:49.9706703
504 9/14/2011 11:41:56.0197899
374 9/14/2011 11:42:02.9129727
686 9/14/2011 11:42:11.0097271
707 9/14/2011 11:42:15.2456739
669 9/14/2011 11:42:25.0305547
736 9/14/2011 11:42:34.6892436
706 9/14/2011 11:42:44.3004021
999 9/14/2011 11:42:54.9273741
505 9/14/2011 11:43:07.5547173
635 9/14/2011 11:43:12.6337848
169 9/14/2011 11:43:20.1508047
170 9/14/2011 11:43:30.4494186
166 9/14/2011 11:43:47.5448096
337 9/14/2011 11:43:56.0612521
155 9/14/2011 11:44:08.2968016
156 9/14/2011 11:44:15.0161966
157 9/14/2011 11:44:22.5637961
158 9/14/2011 11:44:29.7544665
159 9/14/2011 11:44:38.7893056
149 9/14/2011 11:44:45.9764653
151 9/14/2011 11:44:58.4561304
152 9/14/2011 11:45:09.9180060
147 9/14/2011 11:45:23.0083448
145 9/14/2011 11:45:33.8382949
595 9/14/2011 11:45:46.1014661
539 9/14/2011 11:45:58.6931151
678 9/14/2011 11:46:04.9967605
853 9/14/2011 11:46:17.3694243
764 9/14/2011 11:46:24.3456671
758 9/14/2011 11:46:31.8988505
716 9/14/2011 11:46:39.2465485
657 9/14/2011 11:46:50.0335945
529 9/14/2011 11:46:58.9758993
530 9/14/2011 11:47:10.5915155
584 9/14/2011 11:47:23.1451357
588 9/14/2011 11:47:31.8005563
146 9/14/2011 11:47:42.3233125
153 9/14/2011 11:47:49.2077983
154 9/14/2011 11:48:00.1853383
144 9/14/2011 11:48:11.8999417
160 9/14/2011 11:48:24.6025237
161 9/14/2011 11:48:36.5993710
305 9/14/2011 11:48:44.5185718
143 9/14/2011 11:48:52.0449551
133 9/14/2011 11:49:03.2009721
137 9/14/2011 11:49:24.4916806
138 9/14/2011 11:49:34.6652422
139 9/14/2011 11:49:43.3897162
140 9/14/2011 11:49:52.5064777
021 9/14/2011 11:50:03.0197827
637 9/14/2011 11:50:11.2421287
638 9/14/2011 11:50:15.0237802
613 9/14/2011 11:50:22.4301682
518 9/14/2011 11:50:31.8694552
680 9/14/2011 11:50:35.8780312
681 9/14/2011 11:50:39.7613392
717 9/14/2011 11:50:44.3962552
708 9/14/2011 11:50:51.5991652
741 9/14/2011 11:50:54.6682312
734 9/14/2011 11:51:00.4305592
871 9/14/2011 11:51:11.0783392
952 9/14/2011 11:51:22.7439217
950 9/14/2011 11:51:33.7904454
951 9/14/2011 11:51:44.6255327
761 9/14/2011 11:51:50.6154073
752 9/14/2011 11:51:58.9416466
714 9/14/2011 11:52:04.9315212
715 9/14/2011 11:52:08.5850311
690 9/14/2011 11:52:11.6113290
682 9/14/2011 11:52:16.0331736
659 9/14/2011 11:52:22.0387285
642 9/14/2011 11:52:27.6522759
345 9/14/2011 11:52:36.0386461
141 9/14/2011 11:52:47.8823273
142 9/14/2011 11:52:57.7782413
131 9/14/2011 11:53:05.1451995
132 9/14/2011 11:53:11.8681379
134 9/14/2011 11:53:19.5492521
135 9/14/2011 11:53:30.9255993
247 9/14/2011 11:53:37.3449897
477 9/14/2011 11:53:43.2608985
478 9/14/2011 11:53:50.9547267
469 9/14/2011 11:54:05.4927579
470 9/14/2011 11:54:12.8247087
472 9/14/2011 11:54:19.8105159
473 9/14/2011 11:54:27.4099413
497 9/14/2011 11:54:34.8461225
546 9/14/2011 11:54:42.0587845
665 9/14/2011 11:54:48.7540164
691 9/14/2011 11:54:55.0258964
732 9/14/2011 11:55:00.7019478
983 9/14/2011 11:55:12.1638085
984 9/14/2011 11:55:23.7981459
759 9/14/2011 11:55:32.8686019
840 9/14/2011 11:55:41.7747544
692 9/14/2011 11:55:47.2252569
683 9/14/2011 11:55:55.2360819
684 9/14/2011 11:56:01.9117694
476 9/14/2011 11:56:14.3049869
480 9/14/2011 11:56:22.0016619
481 9/14/2011 11:56:33.4945000
483 9/14/2011 11:56:45.0570000
484 9/14/2011 11:56:53.1195000
485 9/14/2011 11:57:02.4632500
486 9/14/2011 11:57:11.4320000
482 9/14/2011 11:57:17.6195000
475 9/14/2011 11:57:24.9320000
366 9/14/2011 11:57:35.1550760
367 9/14/2011 11:57:42.4880317
370 9/14/2011 11:57:50.9936349
371 9/14/2011 11:57:58.1389670
552 9/14/2011 11:58:09.6934537
649 9/14/2011 11:58:22.6707527
694 9/14/2011 11:58:26.7984719
695 9/14/2011 11:58:32.5666022
985 9/14/2011 11:58:45.8210118
986 9/14/2011 11:58:53.7298930
877 9/14/2011 11:59:02.9829714
733 9/14/2011 11:59:10.1884936
551 9/14/2011 11:59:23.2084502
581 9/14/2011 11:59:32.0545909
536 9/14/2011 11:59:42.3688729
474 9/14/2011 11:59:52.4174840
465 9/14/2011 12:00:00.6532819
466 9/14/2011 12:00:09.3891662
467 9/14/2011 12:00:17.9844012
664 9/14/2011 12:00:24.3136197
882 9/14/2011 12:00:33.1428642
982 9/14/2011 12:00:48.2847489
729 9/14/2011 12:00:53.9883484
745 9/14/2011 12:01:04.1610697
543 9/14/2011 12:01:16.7714938
522 9/14/2011 12:01:30.3209783
259 9/14/2011 12:01:39.7831178
269 9/14/2011 12:01:45.8826788
273 9/14/2011 12:01:55.9078547
274 9/14/2011 12:02:04.7913179
275 9/14/2011 12:02:17.3032379
262 9/14/2011 12:02:27.8914502
267 9/14/2011 12:02:34.7076069
293 9/14/2011 12:02:41.4452575
102 9/14/2011 12:02:49.9024941
263 9/14/2011 12:02:57.2810813
261 9/14/2011 12:03:04.5971381
266 9/14/2011 12:03:13.6484135
255 9/14/2011 12:03:25.6542503
256 9/14/2011 12:03:33.1723999
257 9/14/2011 12:03:43.1903966
258 9/14/2011 12:03:49.9263663
563 9/14/2011 12:04:01.0696294
766 9/14/2011 12:04:05.9926699
676 9/14/2011 12:04:09.4622413
740 9/14/2011 12:04:15.6512065
535 9/14/2011 12:04:24.5595655
514 9/14/2011 12:04:32.6960097
272 9/14/2011 12:04:39.1659025
265 9/14/2011 12:04:50.6957841
294 9/14/2011 12:05:02.7112993
296 9/14/2011 12:05:17.2803073
297 9/14/2011 12:05:25.2854289
277 9/14/2011 12:05:33.7226627
278 9/14/2011 12:05:48.3824025
279 9/14/2011 12:06:03.0577877
249 9/14/2011 12:06:13.9469861
253 9/14/2011 12:06:23.8661697
241 9/14/2011 12:06:33.9383699
242 9/14/2011 12:06:41.5527123
243 9/14/2011 12:06:48.5729171
244 9/14/2011 12:06:53.9983315
245 9/14/2011 12:07:01.0967123
513 9/14/2011 12:07:07.9605651
557 9/14/2011 12:07:16.5442899
779 9/14/2011 12:07:21.2504851
660 9/14/2011 12:07:26.2068435
693 9/14/2011 12:07:32.0533283
662 9/14/2011 12:07:38.8680955
842 9/14/2011 12:07:49.3090691
509 9/14/2011 12:08:04.0014571
510 9/14/2011 12:08:15.4896541
523 9/14/2011 12:08:25.7118049
295 9/14/2011 12:08:35.9815468
268 9/14/2011 12:08:44.2350844
276 9/14/2011 12:08:51.3787713
044 9/14/2011 12:09:04.1967653
236 9/14/2011 12:09:13.6539438
237 9/14/2011 12:09:23.6738635
234 9/14/2011 12:09:31.3640956
232 9/14/2011 12:09:39.4908636
192 9/14/2011 12:09:50.1494324
556 9/14/2011 12:09:56.9165296
544 9/14/2011 12:10:06.3560832
607 9/14/2011 12:10:15.1392440
743 9/14/2011 12:10:20.3591296
647 9/14/2011 12:10:26.2510364
648 9/14/2011 12:10:34.2678004
704 9/14/2011 12:10:37.3931404
762 9/14/2011 12:10:46.0347055
998 9/14/2011 12:10:52.7229331
873 9/14/2011 12:11:02.1145798
596 9/14/2011 12:11:10.1154502
617 9/14/2011 12:11:19.8977644
646 9/14/2011 12:11:31.4457557
525 9/14/2011 12:11:39.3837129
534 9/14/2011 12:11:46.7903895
238 9/14/2011 12:11:56.8690950
239 9/14/2011 12:12:05.6039731
231 9/14/2011 12:12:12.7293835
235 9/14/2011 12:12:22.6049523
503 9/14/2011 12:12:31.1857676
598 9/14/2011 12:12:41.1014008
594 9/14/2011 12:12:49.7814898
700 9/14/2011 12:12:52.8781702
655 9/14/2011 12:12:56.8037600
767 9/14/2011 12:13:01.6208184
939 9/14/2011 12:13:10.5198646
955 9/14/2011 12:13:17.8080114
372 9/14/2011 12:13:23.8136946
381 9/14/2011 12:13:32.4294706
422 9/14/2011 12:13:37.2598822
375 9/14/2011 12:13:45.8889670
376 9/14/2011 12:13:52.8766498
377 9/14/2011 12:14:00.0050242
378 9/14/2011 12:14:08.4934174
200 9/14/2011 12:14:16.1845582
175 9/14/2011 12:14:23.0002846
397 9/14/2011 12:14:30.1283297
398 9/14/2011 12:14:37.3175317
399 9/14/2011 12:14:45.9445741
400 9/14/2011 12:14:55.1811358
401 9/14/2011 12:15:09.6220546
382 9/14/2011 12:15:18.5304136
404 9/14/2011 12:15:28.4390094
444 9/14/2011 12:15:36.0805995
600 9/14/2011 12:15:43.4096156
625 9/14/2011 12:15:51.7543802
863 9/14/2011 12:16:01.5524465
667 9/14/2011 12:16:04.8340955
841 9/14/2011 12:16:13.6789209
956 9/14/2011 12:16:21.9924317
883 9/14/2011 12:16:31.0559014
626 9/14/2011 12:16:36.6656354
629 9/14/2011 12:16:47.4944534
538 9/14/2011 12:16:55.7293554
383 9/14/2011 12:17:03.0579494
385 9/14/2011 12:17:09.6677474
386 9/14/2011 12:17:17.8245194
388 9/14/2011 12:17:24.5436994
389 9/14/2011 12:17:35.3566804
390 9/14/2011 12:17:42.3100279
220 9/14/2011 12:17:50.8728019
331 9/14/2011 12:17:57.3105079
187 9/14/2011 12:18:05.8420309
391 9/14/2011 12:18:18.2486779
392 9/14/2011 12:18:26.0770534
393 9/14/2011 12:18:33.2334752
394 9/14/2011 12:18:41.8586408
402 9/14/2011 12:18:48.8118993
403 9/14/2011 12:18:55.7339072
560 9/14/2011 12:19:05.6872233
561 9/14/2011 12:19:15.6561647
572 9/14/2011 12:19:27.0470084
605 9/14/2011 12:19:35.0231914
641 9/14/2011 12:19:41.8124704
379 9/14/2011 12:19:52.5908419
380 9/14/2011 12:20:02.7591169
213 9/14/2011 12:20:12.5675914
703 9/14/2011 12:20:15.6024304
889 9/14/2011 12:20:26.2869409
384 9/14/2011 12:20:36.5445045
621 9/14/2011 12:20:44.8306835
569 9/14/2011 12:20:55.4307389
507 9/14/2011 12:21:08.5635509
562 9/14/2011 12:21:19.8827841
568 9/14/2011 12:21:37.2187388
623 9/14/2011 12:21:44.2677335
632 9/14/2011 12:21:51.8950271
003 9/14/2011 12:22:00.5695106
004 9/14/2011 12:22:10.6975562
652 9/14/2011 12:22:17.0901035
653 9/14/2011 12:22:23.9984309
833 9/14/2011 12:22:31.5784058
658 9/14/2011 12:22:36.6572783
957 9/14/2011 12:22:58.1135612
589 9/14/2011 12:23:08.3806973
501 9/14/2011 12:23:19.6948625
502 9/14/2011 12:23:27.2897303
521 9/14/2011 12:23:34.1185194
487 9/14/2011 12:23:43.8849569
489 9/14/2011 12:23:54.4483357
490 9/14/2011 12:24:01.7458178
491 9/14/2011 12:24:11.5278816
494 9/14/2011 12:24:18.9503741
495 9/14/2011 12:24:29.2953559
496 9/14/2011 12:24:41.1957978
488 9/14/2011 12:24:56.2394576
506 9/14/2011 12:25:07.6394867
500 9/14/2011 12:25:14.9423860
554 9/14/2011 12:25:26.9992069
586 9/14/2011 12:25:37.1447330
587 9/14/2011 12:25:45.8357914
599 9/14/2011 12:25:52.6979760
615 9/14/2011 12:26:01.3577716
942 9/14/2011 12:26:12.1747004
776 9/14/2011 12:26:16.9891716
735 9/14/2011 12:26:21.1314926
992 9/14/2011 12:26:28.7596158
940 9/14/2011 12:26:36.3706072
542 9/14/2011 12:26:42.9188649
498 9/14/2011 12:26:50.7642715
499 9/14/2011 12:26:57.5782103
531 9/14/2011 12:27:04.7828566
493 9/14/2011 12:27:11.4717690
Insert Area--<none> 9/14/2011 12:27:11.7530784
Insert Area--ANAKROM-REGION-AREA1 9/14/2011 12:27:11.9875029
Insert Area--ANAKROM-REGION-AREA2 9/14/2011 12:27:12.2219274
Insert Area--ANAKROM-REGION-AREA3 9/14/2011 12:27:12.4563519
Insert Area--ANAKROM-REGION-AREA4 9/14/2011 12:27:12.6751481
Insert Area--CAGAYAN-REGION-AREA1 9/14/2011 12:27:12.9252009
Insert Area--CAGAYAN-REGION-AREA1 9/14/2011 12:27:13.1439971
Insert Area--CAGAYAN-REGION-AREA2 9/14/2011 12:27:13.3784216
Insert Area--CAGAYAN-REGION-AREA3 9/14/2011 12:27:13.6128461
Insert Area--CAGAYAN-REGION-AREA4 9/14/2011 12:27:13.8472706
Insert Area--CAGAYAN-REGION-AREA5 9/14/2011 12:27:14.0816951
Insert Area--CARAGA-REGION-AREA1 9/14/2011 12:27:14.3161196
Insert Area--CARAGA-REGION-AREA1 9/14/2011 12:27:14.5505441
Insert Area--CARAGA-REGION-AREA2 9/14/2011 12:27:14.8005969
Insert Area--CARAGA-REGION-AREA3 9/14/2011 12:27:15.0350214
Insert Area--CARAGA-REGION-AREA4 9/14/2011 12:27:15.2694459
Insert Area--Cebu Central A 9/14/2011 12:27:15.5038704
Insert Area--Cebu Central B 9/14/2011 12:27:15.7382949
Insert Area--Cebu Central C 9/14/2011 12:27:15.9570911
Insert Area--Cebu Central D 9/14/2011 12:27:16.1915156
Insert Area--Cebu North A 9/14/2011 12:27:16.4415684
Insert Area--Cebu North A 9/14/2011 12:27:16.6759929
Insert Area--Cebu North B 9/14/2011 12:27:16.9104174
Insert Area--Cebu North C 9/14/2011 12:27:17.1292136
Insert Area--Cebu North D 9/14/2011 12:27:17.3636381
Insert Area--Cebu North E 9/14/2011 12:27:17.6293192
Insert Area--Cebu South A 9/14/2011 12:27:17.8637437
Insert Area--Cebu South B 9/14/2011 12:27:18.0981682
Insert Area--Cebu South C 9/14/2011 12:27:18.3169644
Insert Area--CEBU SOUTH D 9/14/2011 12:27:18.5513889
Insert Area--CEBU SOUTH E 9/14/2011 12:27:18.7858134
Insert Area--DAVA0-MINDANAO-REGION-AREA1 9/14/2011 12:27:19.0358662
Insert Area--DAVA0-MINDANAO-REGION-AREA2 9/14/2011 12:27:19.2859190
Insert Area--DAVA0-MINDANAO-REGION-AREA3 9/14/2011 12:27:19.5359718
Insert Area--DAVA0-MINDANAO-REGION-AREA3 9/14/2011 12:27:19.7860246
Insert Area--DAVA0-MINDANAO-REGION-AREA4 9/14/2011 12:27:20.0204491
Insert Area--DAVA0-MINDANAO-REGION-AREA5 9/14/2011 12:27:20.2705019
Insert Area--DIPOLOG-MINDANAO-REGION-AREA1 9/14/2011 12:27:20.5049264
Insert Area--DIPOLOG-MINDANAO-REGION-AREA2 9/14/2011 12:27:20.7393509
Insert Area--DIPOLOG-MINDANAO-REGION-AREA3 9/14/2011 12:27:20.9894037
Insert Area--HO 9/14/2011 12:27:21.2238282
Insert Area--LEYTE-REGION-AREA1 9/14/2011 12:27:21.4426244
Insert Area--LEYTE-REGION-AREA2 9/14/2011 12:27:21.6926772
Insert Area--LEYTE-REGION-AREA2 9/14/2011 12:27:21.9271017
Insert Area--LEYTE-REGION-AREA3 9/14/2011 12:27:22.1458979
Insert Area--LUZON-SHOWROOMS 9/14/2011 12:27:22.4115790
Insert Area--MINDANAO-SHOWROOMS 9/14/2011 12:27:22.6460035
Insert Area--NCR-SHOWROOMS 9/14/2011 12:27:22.8804280
Insert Area--NEGROS-OCC-REGION-AREA1 9/14/2011 12:27:23.1148525
Insert Area--NEGROS-OCC-REGION-AREA2 9/14/2011 12:27:23.3492770
Insert Area--NEGROS-OCC-REGION-AREA3 9/14/2011 12:27:23.5680732
Insert Area--NEGROS-OCC-REGION-AREA4 9/14/2011 12:27:23.8024977
Insert Area--NEGROS-OCC-REGION-AREA5 9/14/2011 12:27:24.0369222
Insert Area--NEGROS-ORIENTAL-REGION-AREA1 9/14/2011 12:27:24.2713467
Insert Area--NEGROS-ORIENTAL-REGION-AREA2 9/14/2011 12:27:24.4901429
Insert Area--NEGROS-ORIENTAL-REGION-AREA3 9/14/2011 12:27:24.7401957
Insert Area--NEGROS-ORIENTAL-REGION-AREA4 9/14/2011 12:27:24.9589919
Insert Area--NW-LUZON-REGION-AREA3 9/14/2011 12:27:25.1934164
Insert Area--OZAMIS-MINDANAO-REGION-AREA1 9/14/2011 12:27:25.4278409
Insert Area--OZAMIS-MINDANAO-REGION-AREA2 9/14/2011 12:27:25.6622654
Insert Area--OZAMIS-MINDANAO-REGION-AREA3 9/14/2011 12:27:25.8810616
Insert Area--OZAMIS-MINDANAO-REGION-AREA4 9/14/2011 12:27:26.1154861
Insert Area--OZAMIS-MINDANAO-REGION-AREA5 9/14/2011 12:27:26.3499106
Insert Area--PANAY-ROMBLON-REGION-AREA1 9/14/2011 12:27:26.5843351
Insert Area--PANAY-ROMBLON-REGION-AREA2 9/14/2011 12:27:26.8187596
Insert Area--PANAY-ROMBLON-REGION-AREA3 9/14/2011 12:27:27.1000690
Insert Area--PANAY-ROMBLON-REGION-AREA3 9/14/2011 12:27:27.3344935
Insert Area--PANAY-ROMBLON-REGION-AREA4 9/14/2011 12:27:27.6158029
Insert Area--PANAY-ROMBLON-REGION-AREA5 9/14/2011 12:27:27.8502274
Insert Area--SAMAR-REGION-AREA1 9/14/2011 12:27:28.0846519
Insert Area--SAMAR-REGION-AREA2 9/14/2011 12:27:28.3190764
Insert Area--SAMAR-REGION-AREA3 9/14/2011 12:27:28.5535009
Insert Area--SOCSKSARGEN-MINDANAO-AREA1 9/14/2011 12:27:28.7879254
Insert Area--SOCSKSARGEN-MINDANAO-AREA1 9/14/2011 12:27:29.0224604
Insert Area--SOCSKSARGEN-MINDANAO-AREA2 9/14/2011 12:27:29.2570124
Insert Area--SOCSKSARGEN-MINDANAO-AREA3 9/14/2011 12:27:29.4915644
Insert Area--SOCSKSARGEN-MINDANAO-AREA4 9/14/2011 12:27:29.7417532
Insert Area--SOCSKSARGEN-MINDANAO-AREA5 9/14/2011 12:27:29.9919420
Insert Area--SOCSKSARGEN-MINDANAO-AREA6 9/14/2011 12:27:30.2264940
Insert Area--VISAYAS-SHOWROOMS 9/14/2011 12:27:30.4766828
Insert Area--ZAMBASTA-MINDANAO-AREA1 9/14/2011 12:27:30.7268716
Insert Area--ZAMBASTA-MINDANAO-AREA2 9/14/2011 12:27:30.9614236
Insert Area--ZAMBASTA-MINDANAO-AREA3 9/14/2011 12:27:31.2116124
Insert region--ANAKROM-REGION 9/14/2011 12:27:31.4305276
Insert region--CAGAYAN-REGION 9/14/2011 12:27:31.5868956
Insert region--CARAGA-REGION 9/14/2011 12:27:31.7276268
Insert region--Cebu Central 9/14/2011 12:27:31.8839948
Insert region--Cebu North 9/14/2011 12:27:32.0247260
Insert region--Cebu South 9/14/2011 12:27:32.1967308
Insert region--CENTRAL-LUZON-REGION 9/14/2011 12:27:32.3530988
Insert region--DAVA0-MINDANAO-REGION 9/14/2011 12:27:32.4938300
Insert region--DIPOLOG-MINDANAO-REGION 9/14/2011 12:27:32.6501980
Insert region--HO 9/14/2011 12:27:32.8065660
Insert region--LA-SHOWROOMS 9/14/2011 12:27:32.9472972
Insert region--LEYTE-REGION 9/14/2011 12:27:34.0418732
Insert region--LUZON/NCR-SHOWROOMS 9/14/2011 12:27:34.3389724
Insert region--NEGROS-OCC-REGION 9/14/2011 12:27:34.6204348
Insert region--NEGROS-ORIENTAL-REGION 9/14/2011 12:27:34.9175340
Insert region--OZAMIS-MINDANAO-REGION 9/14/2011 12:28:04.9089164
Insert region--PANAY-ROMBLON-REGION 9/14/2011 12:28:05.2060156
Insert region--SAMAR-REGION 9/14/2011 12:28:05.4874780
Insert region--SOCSKSARGEN-MINDANAO-REGION 9/14/2011 12:28:05.7845772
Insert region--VISMIN-SHOWROOMS 9/14/2011 12:28:06.0660396
Insert region--ZAMBASTA-MINDANAO-REGION 9/14/2011 12:28:06.5038700
Insert Vismin Wide--  9/14/2011 12:28:06.7384220
Update--941 9/13/2011 12:28:40.0249448
Update--677 9/13/2011 12:28:59.5792007
Update--711 9/13/2011 12:29:07.2539726
Update--712 9/13/2011 12:29:15.1475771
Update--726 9/13/2011 12:29:23.1037052
Update--036 9/13/2011 12:29:32.3721735
Update--057 9/13/2011 12:29:40.2330575
Update--066 9/13/2011 12:29:46.7655615
Update--079 9/13/2011 12:29:53.3762055
Update--264 9/13/2011 12:30:05.8473495
Update--593 9/13/2011 12:30:13.0518575
Update--628 9/13/2011 12:30:20.6939495
Update--582 9/13/2011 12:30:29.8362413
Update--537 9/13/2011 12:30:37.7901807
Update--396 9/13/2011 12:30:47.6505653
Update--280 9/13/2011 12:30:57.6984691
Update--281 9/13/2011 12:31:04.4804135
Update--284 9/13/2011 12:31:11.6373963
Update--285 9/13/2011 12:31:20.3882923
Update--290 9/13/2011 12:31:27.0295973
Update--720 9/13/2011 12:31:31.2017945
Update--696 9/13/2011 12:31:34.6551184
Update--697 9/13/2011 12:31:39.4835215
Update--673 9/13/2011 12:31:44.7494498
Update--875 9/13/2011 12:31:51.3592055
Update--727 9/13/2011 12:31:57.7345727
Update--730 9/13/2011 12:32:03.0005010
Update--731 9/13/2011 12:32:11.1415949
Update--724 9/13/2011 12:32:15.3762138
Update--725 9/13/2011 12:32:20.8609047
Update--291 9/13/2011 12:32:33.4124891
Update--287 9/13/2011 12:32:42.5929343
Update--289 9/13/2011 12:32:49.8966275
Update--583 9/13/2011 12:32:59.1865499
Update--639 9/13/2011 12:33:06.0679739
Update--288 9/13/2011 12:33:14.5602767
Update--292 9/13/2011 12:33:20.7222791
Update--282 9/13/2011 12:33:27.7131803
Update--283 9/13/2011 12:33:38.5938635
Update--246 9/13/2011 12:33:45.5346491
Update--250 9/13/2011 12:33:56.6961827
Update--251 9/13/2011 12:34:03.9652487
Update--252 9/13/2011 12:34:13.7823959
Update--254 9/13/2011 12:34:22.0675679
Update--248 9/13/2011 12:34:32.1809500
Update--747 9/13/2011 12:34:43.8555889
Update--843 9/13/2011 12:34:51.2167066
Update--679 9/13/2011 12:34:54.9050798
Update--668 9/13/2011 12:35:03.2508056
Update--005 9/13/2011 12:35:10.3774928
Update--574 9/13/2011 12:35:15.3161620
Update--519 9/13/2011 12:35:23.2867990
Update--533 9/13/2011 12:35:32.8198542
Update--346 9/13/2011 12:35:40.6645580
Update--347 9/13/2011 12:35:46.1808537
Update--348 9/13/2011 12:35:52.9785552
Update--349 9/13/2011 12:36:00.3388251
Update--350 9/13/2011 12:36:05.5738366
Update--351 9/13/2011 12:36:12.3246574
Update--352 9/13/2011 12:36:17.7315648
Update--353 9/13/2011 12:36:24.6074008
Update--373 9/13/2011 12:36:31.8268603
Update--338 9/13/2011 12:36:38.5304143
Update--339 9/13/2011 12:36:45.4214803
Update--342 9/13/2011 12:36:52.6719443
Update--528 9/13/2011 12:36:59.3286203
Update--550 9/13/2011 12:37:06.2196863
Update--604 9/13/2011 12:37:12.2356963
Update--627 9/13/2011 12:37:16.1109443
Update--880 9/13/2011 12:37:24.7677483
Update--881 9/13/2011 12:37:31.6587263
Update--948 9/13/2011 12:37:40.9871498
Update--995 9/13/2011 12:37:47.7373658
Update--355 9/13/2011 12:37:53.6438048
Update--356 9/13/2011 12:37:58.6439648
Update--359 9/13/2011 12:38:04.1910173
Update--360 9/13/2011 12:38:10.5974723
Update--361 9/13/2011 12:38:19.0977443
Update--362 9/13/2011 12:38:27.0042473
Update--363 9/13/2011 12:38:33.7544013
Update--368 9/13/2011 12:38:40.3014020
Update--365 9/13/2011 12:38:46.8796533
Update--344 9/13/2011 12:38:55.2704394
Update--340 9/13/2011 12:39:00.9736739
Update--341 9/13/2011 12:39:07.7863047
Update--640 9/13/2011 12:39:12.0207610
Update--558 9/13/2011 12:39:18.9583942
Update--172 9/13/2011 12:39:25.4272684
Update--335 9/13/2011 12:39:33.8648987
Update--336 9/13/2011 12:39:45.8181767
Update--687 9/13/2011 12:39:49.3650971
Update--688 9/13/2011 12:39:53.1463955
Update--689 9/13/2011 12:39:58.8652187
Update--879 9/13/2011 12:40:08.2715891
Update--343 9/13/2011 12:40:17.0529515
Update--354 9/13/2011 12:40:25.9905659
Update--364 9/13/2011 12:40:32.8187533
Update--410 9/13/2011 12:40:39.5844216
Update--412 9/13/2011 12:40:47.2719708
Update--413 9/13/2011 12:40:54.8032690
Update--414 9/13/2011 12:41:01.9908150
Update--415 9/13/2011 12:41:09.2408614
Update--416 9/13/2011 12:41:15.3971508
Update--405 9/13/2011 12:41:23.4753275
Update--407 9/13/2011 12:41:37.0379663
Update--408 9/13/2011 12:41:58.0538603
Update--618 9/13/2011 12:42:04.5539435
Update--620 9/13/2011 12:42:13.9446887
Update--108 9/13/2011 12:42:20.6010239
Update--845 9/13/2011 12:42:29.2261323
Update--862 9/13/2011 12:42:36.5230540
Update--748 9/13/2011 12:42:42.6637183
Update--878 9/13/2011 12:42:51.2418982
Update--619 9/13/2011 12:42:59.4450757
Update--430 9/13/2011 12:43:05.6482404
Update--406 9/13/2011 12:43:13.1795386
Update--417 9/13/2011 12:43:22.3045970
Update--418 9/13/2011 12:43:33.1952643
Update--419 9/13/2011 12:43:41.9921393
Update--420 9/13/2011 12:43:55.6015143
Update--421 9/13/2011 12:44:03.1327643
Update--423 9/13/2011 12:44:10.7577643
Update--424 9/13/2011 12:44:18.0390143
Update--425 9/13/2011 12:44:25.6171393
Update--431 9/13/2011 12:44:31.8358893
Update--409 9/13/2011 12:44:38.7421393
Update--427 9/13/2011 12:44:44.6015143
Update--428 9/13/2011 12:44:50.8046393
Update--429 9/13/2011 12:44:58.8983893
Update--434 9/13/2011 12:45:05.9296393
Update--954 9/13/2011 12:45:16.3515143
Update--719 9/13/2011 12:45:19.3983893
Update--718 9/13/2011 12:45:24.2890143
Update--435 9/13/2011 12:45:32.4769931
Update--436 9/13/2011 12:45:38.8684770
Update--437 9/13/2011 12:45:47.4165007
Update--439 9/13/2011 12:45:53.0422567
Update--440 9/13/2011 12:45:58.3242165
Update--441 9/13/2011 12:46:05.0438695
Update--432 9/13/2011 12:46:13.3106054
Update--433 9/13/2011 12:46:22.9525261
Update--105 9/13/2011 12:46:32.2348115
Update--018 9/13/2011 12:46:39.2040521
Update--037 9/13/2011 12:46:45.7670141
Update--040 9/13/2011 12:46:53.0018984
Update--029 9/13/2011 12:47:00.5493047
Update--030 9/13/2011 12:47:08.4873635
Update--032 9/13/2011 12:47:17.4254927
Update--033 9/13/2011 12:47:26.1917348
Update--034 9/13/2011 12:47:32.9733327
Update--035 9/13/2011 12:47:39.1454447
Update--750 9/13/2011 12:47:47.3332591
Update--846 9/13/2011 12:47:55.1304335
Update--868 9/13/2011 12:48:01.8650671
Update--867 9/13/2011 12:48:11.3966831
Update--749 9/13/2011 12:48:17.6469231
Update--022 9/13/2011 12:48:25.6784815
Update--023 9/13/2011 12:48:35.3662299
Update--024 9/13/2011 12:48:46.9289519
Update--025 9/13/2011 12:48:54.4134706
Update--026 9/13/2011 12:49:01.5386074
Update--027 9/13/2011 12:49:07.9762310
Update--028 9/13/2011 12:49:14.2419763
Update--019 9/13/2011 12:49:20.7889770
Update--020 9/13/2011 12:49:28.8203812
Update--078 9/13/2011 12:49:35.4767590
Update--526 9/13/2011 12:49:42.3987669
Update--512 9/13/2011 12:49:49.7270326
Update--508 9/13/2011 12:49:56.6334152
Update--616 9/13/2011 12:50:02.9460364
Update--633 9/13/2011 12:50:06.3367265
Update--045 9/13/2011 12:50:12.3837176
Update--046 9/13/2011 12:50:21.4463916
Update--047 9/13/2011 12:50:28.3683995
Update--048 9/13/2011 12:50:35.1653252
Update--049 9/13/2011 12:50:42.3372461
Update--050 9/13/2011 12:50:51.8841822
Update--054 9/13/2011 12:51:00.1342350
Update--042 9/13/2011 12:51:10.6811775
Update--052 9/13/2011 12:51:17.1030936
Update--325 9/13/2011 12:51:23.4468842
Update--053 9/13/2011 12:51:32.8063191
Update--043 9/13/2011 12:51:44.1970170
Update--055 9/13/2011 12:51:54.7752097
Update--051 9/13/2011 12:52:01.2752513
Update--041 9/13/2011 12:52:11.7284432
Update--038 9/13/2011 12:52:22.3066359
Update--532 9/13/2011 12:52:30.0098102
Update--722 9/13/2011 12:52:35.3223442
Update--866 9/13/2011 12:52:45.4317839
Update--864 9/13/2011 12:52:52.9005817
Update--865 9/13/2011 12:52:59.8381261
Update--721 9/13/2011 12:53:06.4319183
Update--710 9/13/2011 12:53:08.8850590
Update--547 9/13/2011 12:53:19.9632549
Update--644 9/13/2011 12:53:24.7757857
Update--591 9/13/2011 12:53:32.4320623
Update--571 9/13/2011 12:53:38.8383123
Update--578 9/13/2011 12:53:46.4008123
Update--067 9/13/2011 12:53:54.7133123
Update--068 9/13/2011 12:54:01.9320623
Update--069 9/13/2011 12:54:11.7445623
Update--065 9/13/2011 12:54:20.6195623
Update--260 9/13/2011 12:54:29.4008123
Update--240 9/13/2011 12:54:35.8070623
Update--070 9/13/2011 12:54:41.8070623
Update--071 9/13/2011 12:54:49.5258123
Update--072 9/13/2011 12:55:01.0258123
Update--073 9/13/2011 12:55:08.8851873
Update--056 9/13/2011 12:55:14.9789373
Update--064 9/13/2011 12:55:21.4476873
Update--087 9/13/2011 12:55:27.6351873
Update--585 9/13/2011 12:55:35.4980063
Update--511 9/13/2011 12:55:42.3766143
Update--699 9/13/2011 12:55:45.7690187
Update--936 9/13/2011 12:55:52.2411635
Update--943 9/13/2011 12:55:59.2135707
Update--088 9/13/2011 12:56:05.4512175
Update--089 9/13/2011 12:56:13.4866823
Update--090 9/13/2011 12:56:21.8817107
Update--092 9/13/2011 12:56:30.3389119
Update--093 9/13/2011 12:56:39.5445107
Update--094 9/13/2011 12:56:47.9217619
Update--080 9/13/2011 12:56:56.7991475
Update--081 9/13/2011 12:57:03.7385123
Update--082 9/13/2011 12:57:13.7568295
Update--084 9/13/2011 12:57:22.8061363
Update--085 9/13/2011 12:57:32.6833107
Update--086 9/13/2011 12:57:39.6530419
Update--083 9/13/2011 12:57:46.5602643
Update--095 9/13/2011 12:57:54.8895619
Update--074 9/13/2011 12:58:05.6098211
Update--075 9/13/2011 12:58:17.2989667
Update--076 9/13/2011 12:58:24.1124259
Update--573 9/13/2011 12:58:33.4727707
Update--937 9/13/2011 12:58:40.0669427
Update--938 9/13/2011 12:58:46.9111307
Update--656 9/13/2011 12:58:49.9269487
Update--728 9/13/2011 12:58:52.7396287
Update--869 9/13/2011 12:58:58.8337687
Update--944 9/13/2011 12:59:06.9280367
Update--945 9/13/2011 12:59:13.6159647
Update--997 9/13/2011 12:59:20.3038927
Update--058 9/13/2011 12:59:27.6793647
Update--059 9/13/2011 12:59:34.3983702
Update--060 9/13/2011 12:59:40.8829527
Update--061 9/13/2011 12:59:46.9612722
Update--062 9/13/2011 12:59:54.1958787
Update--063 9/13/2011 13:00:04.1961987
Update--120 9/13/2011 13:00:16.3528377
Update--121 9/13/2011 13:00:23.1186792
Update--122 9/13/2011 13:00:29.8688893
Update--125 9/13/2011 13:00:36.7128145
Update--126 9/13/2011 13:00:43.9317493
Update--128 9/13/2011 13:00:53.4163671
Update--129 9/13/2011 13:01:03.1666167
Update--130 9/13/2011 13:01:10.5730563
Update--575 9/13/2011 13:01:18.0888737
Update--835 9/13/2011 13:01:28.0891297
Update--702 9/13/2011 13:01:34.7767263
Update--666 9/13/2011 13:01:40.4486739
Update--839 9/13/2011 13:02:00.5739315
Update--555 9/13/2011 13:02:08.3240307
Update--123 9/13/2011 13:02:16.0272543
Update--124 9/13/2011 13:02:25.2617475
Update--106 9/13/2011 13:02:30.5586800
Update--103 9/13/2011 13:02:38.6524818
Update--109 9/13/2011 13:02:48.7150462
Update--112 9/13/2011 13:02:59.2932389
Update--115 9/13/2011 13:03:07.7151678
Update--117 9/13/2011 13:03:15.9652206
Update--118 9/13/2011 13:03:26.8402902
Update--119 9/13/2011 13:03:33.4653615
Update--834 9/13/2011 13:03:42.6998547
Update--670 9/13/2011 13:03:45.6998931
Update--953 9/13/2011 13:03:52.9812363
Update--876 9/13/2011 13:04:01.8250995
Update--947 9/13/2011 13:04:08.9658159
Update--104 9/13/2011 13:04:18.1221831
Update--096 9/13/2011 13:04:28.2941883
Update--097 9/13/2011 13:04:37.6223772
Update--098 9/13/2011 13:04:44.9505491
Update--099 9/13/2011 13:04:50.5912102
Update--100 9/13/2011 13:04:57.1381271
Update--101 9/13/2011 13:05:05.5444309
Update--017 9/13/2011 13:05:13.1226044
Update--566 9/13/2011 13:05:20.5757771
Update--567 9/13/2011 13:05:31.2789706
Update--549 9/13/2011 13:05:38.1696397
Update--559 9/13/2011 13:05:45.3571857
Update--107 9/13/2011 13:05:54.1697421
Update--116 9/13/2011 13:06:03.2010499
Update--113 9/13/2011 13:06:11.0448501
Update--114 9/13/2011 13:06:18.9667758
Update--110 9/13/2011 13:06:28.6699629
Update--111 9/13/2011 13:06:40.9199647
Update--836 9/13/2011 13:06:52.5293397
Update--837 9/13/2011 13:07:06.7012147
Update--838 9/13/2011 13:07:17.9824647
723 9/13/2011 13:07:23.1699647
739 9/13/2011 13:07:28.7012147
Update--136 9/13/2011 13:07:38.5918397
Update--308 9/13/2011 13:07:47.0137147
Update--309 9/13/2011 13:07:54.4668397
Update--298 9/13/2011 13:08:01.2949647
Update--299 9/13/2011 13:08:10.2168397
Update--300 9/13/2011 13:08:18.9824647
Update--301 9/13/2011 13:08:30.9824777
Update--303 9/13/2011 13:08:40.4200381
Update--306 9/13/2011 13:08:49.6857224
Update--527 9/13/2011 13:08:58.9826569
Update--515 9/13/2011 13:09:08.8577201
Update--602 9/13/2011 13:09:21.3109248
Update--624 9/13/2011 13:09:32.7016227
Update--540 9/13/2011 13:09:41.9516819
Update--541 9/13/2011 13:09:49.9673582
Update--302 9/13/2011 13:10:00.7174270
Update--333 9/13/2011 13:10:11.0612432
Update--334 9/13/2011 13:10:19.2331705
Update--326 9/13/2011 13:10:28.3894791
Update--327 9/13/2011 13:10:38.2681779
Update--328 9/13/2011 13:10:46.9591251
Update--329 9/13/2011 13:10:54.6340443
Update--127 9/13/2011 13:11:02.4652755
Update--893 9/13/2011 13:11:10.0151451
Update--894 9/13/2011 13:11:18.7217235
Update--892 9/13/2011 13:11:32.5546225
Update--661 9/13/2011 13:11:38.9308873
Update--701 9/13/2011 13:11:49.1829209
Update--319 9/13/2011 13:12:14.4066743
Update--320 9/13/2011 13:12:22.5332863
Update--321 9/13/2011 13:12:31.0191350
Update--322 9/13/2011 13:12:38.6292405
Update--323 9/13/2011 13:12:49.8021880
Update--307 9/13/2011 13:12:55.3652220
Update--311 9/13/2011 13:13:01.5845690
Update--312 9/13/2011 13:13:09.6165900
Update--315 9/13/2011 13:13:16.8360330
Update--316 9/13/2011 13:13:23.7429460
Update--286 9/13/2011 13:13:33.5718381
Update--426 9/13/2011 13:13:51.0415943
Update--517 9/13/2011 13:14:02.5110049
Update--590 9/13/2011 13:14:11.4490197
Update--317 9/13/2011 13:14:21.6996101
Update--313 9/13/2011 13:14:29.3719145
Update--314 9/13/2011 13:14:37.9033829
Update--310 9/13/2011 13:14:45.1379431
Update--148 9/13/2011 13:14:57.5288853
Update--709 9/13/2011 13:15:00.4977113
Update--671 9/13/2011 13:15:03.6540421
Update--890 9/13/2011 13:15:12.8105265
Update--891 9/13/2011 13:15:20.1857153
Update--860 9/13/2011 13:15:30.4047178
Update--332 9/13/2011 13:15:37.1392221
Update--324 9/13/2011 13:15:44.7799938
Update--330 9/13/2011 13:15:55.2176942
Update--271 9/13/2011 13:16:04.1553658
Update--570 9/13/2011 13:16:11.0461231
Update--622 9/13/2011 13:16:19.7494152
Update--608 9/13/2011 13:16:29.5469895
Update--545 9/13/2011 13:16:38.5397020
Update--553 9/13/2011 13:16:49.4404335
Update--565 9/13/2011 13:16:57.6042525
Update--442 9/13/2011 13:17:07.0817895
Update--443 9/13/2011 13:17:17.4820570
Update--438 9/13/2011 13:17:26.6468040
Update--445 9/13/2011 13:17:34.1669872
Update--447 9/13/2011 13:17:41.4515924
Update--448 9/13/2011 13:17:51.2686140
Update--449 9/13/2011 13:17:58.3187362
Update--450 9/13/2011 13:18:05.2438008
Update--854 9/13/2011 13:18:14.1854192
Update--991 9/13/2011 13:18:25.8783048
Update--884 9/13/2011 13:18:32.9744346
Update--451 9/13/2011 13:18:41.8671649
Update--452 9/13/2011 13:18:53.4011455
Update--459 9/13/2011 13:19:04.3724929
Update--460 9/13/2011 13:19:19.2822727
Update--461 9/13/2011 13:19:32.3631094
Update--462 9/13/2011 13:19:42.7237441
Update--463 9/13/2011 13:19:53.7719624
Update--464 9/13/2011 13:20:00.3040066
Update--455 9/13/2011 13:20:11.3522249
Update--457 9/13/2011 13:20:19.0250328
Update--564 9/13/2011 13:20:25.9946302
Update--612 9/13/2011 13:20:32.9952274
Update--630 9/13/2011 13:20:39.1518320
Update--606 9/13/2011 13:20:48.0742209
Update--610 9/13/2011 13:20:56.1059335
Update--611 9/13/2011 13:21:02.3875453
Update--548 9/13/2011 13:21:12.5443803
Update--524 9/13/2011 13:21:24.1700499
Update--458 9/13/2011 13:21:35.1817268
Update--479 9/13/2011 13:21:44.8558988
Update--453 9/13/2011 13:21:52.3072028
Update--454 9/13/2011 13:21:59.3984648
Update--233 9/13/2011 13:22:06.8654228
Update--885 9/13/2011 13:22:17.9484548
Update--886 9/13/2011 13:22:24.7892528
Update--887 9/13/2011 13:22:33.5356916
Update--888 9/13/2011 13:22:44.4677720
Update--663 9/13/2011 13:22:48.8781392
Update--001 9/13/2011 13:22:51.8496632
Update--207 9/13/2011 13:22:59.6381840
Update--208 9/13/2011 13:23:06.1286180
Update--209 9/13/2011 13:23:13.4323112
Update--210 9/13/2011 13:23:21.8151368
Update--212 9/13/2011 13:23:28.1022560
Update--214 9/13/2011 13:23:33.6677928
Update--215 9/13/2011 13:23:40.2489911
Update--216 9/13/2011 13:23:47.1584677
Update--217 9/13/2011 13:23:53.5833430
Update--218 9/13/2011 13:24:00.3521289
Update--645 9/13/2011 13:24:04.4946884
Update--650 9/13/2011 13:24:09.6064505
Update--651 9/13/2011 13:24:18.0635248
Update--674 9/13/2011 13:24:21.3619401
Update--675 9/13/2011 13:24:24.2539156
Update--949 9/13/2011 13:24:32.2881519
Update--874 9/13/2011 13:24:40.0399375
Update--996 9/13/2011 13:24:47.2447221
Update--579 9/13/2011 13:24:55.3247083
Update--191 9/13/2011 13:25:02.7482933
Update--201 9/13/2011 13:25:12.4067681
Update--202 9/13/2011 13:25:19.9866391
Update--203 9/13/2011 13:25:28.1291397
Update--204 9/13/2011 13:25:35.2250478
Update--205 9/13/2011 13:25:42.4174401
Update--193 9/13/2011 13:25:47.4787532
Update--194 9/13/2011 13:25:52.5714057
Update--195 9/13/2011 13:26:00.9860346
Update--196 9/13/2011 13:26:09.6513787
Update--197 9/13/2011 13:26:16.6714043
Update--198 9/13/2011 13:26:25.1487120
Update--199 9/13/2011 13:26:32.0548127
Update--206 9/13/2011 13:26:46.4191259
Update--219 9/13/2011 13:26:53.0066813
Update--221 9/13/2011 13:26:59.9697743
Update--222 9/13/2011 13:27:06.5416823
Update--223 9/13/2011 13:27:13.2544169
Update--224 9/13/2011 13:27:24.3640709
Update--225 9/13/2011 13:27:33.8273543
Update--226 9/13/2011 13:27:40.1912877
Update--227 9/13/2011 13:27:46.2581333
Update--228 9/13/2011 13:27:51.9966187
Update--229 9/13/2011 13:27:58.5638227
Update--230 9/13/2011 13:28:09.0244405
Update--634 9/13/2011 13:28:14.4345657
Update--993 9/13/2011 13:28:22.1275761
Update--872 9/13/2011 13:28:30.5237059
Update--698 9/13/2011 13:28:33.6654565
Update--851 9/13/2011 13:28:42.5123761
Update--844 9/13/2011 13:28:50.9997919
Update--007 9/13/2011 13:29:00.7845475
Update--012 9/13/2011 13:29:08.8499371
Update--013 9/13/2011 13:29:17.4780283
Update--014 9/13/2011 13:29:27.6691795
Update--006 9/13/2011 13:29:36.2491450
Update--008 9/13/2011 13:29:45.1726759
Update--009 9/13/2011 13:29:54.7369507
Update--010 9/13/2011 13:30:02.5196449
Update--011 9/13/2011 13:30:08.9739676
Update--015 9/13/2011 13:30:21.5856829
Update--016 9/13/2011 13:30:28.5400984
Update--369 9/13/2011 13:30:39.8068567
Update--946 9/13/2011 13:30:46.6825167
Update--870 9/13/2011 13:30:53.6831887
Update--738 9/13/2011 13:30:56.7616092
Update--705 9/13/2011 13:30:59.5274997
Update--609 9/13/2011 13:31:05.5593287
Update--614 9/13/2011 13:31:11.8255552
Update--597 9/13/2011 13:31:18.3418057
Update--163 9/13/2011 13:31:23.8267072
Update--176 9/13/2011 13:31:30.0147556
Update--177 9/13/2011 13:31:38.3120023
Update--178 9/13/2011 13:31:43.2340978
Update--180 9/13/2011 13:31:48.8593498
Update--181 9/13/2011 13:31:56.5628199
Update--182 9/13/2011 13:32:05.4538432
Update--183 9/13/2011 13:32:15.5167940
Update--184 9/13/2011 13:32:24.6578285
Update--185 9/13/2011 13:32:30.9393367
Update--186 9/13/2011 13:32:39.6739912
Update--188 9/13/2011 13:32:50.0180722
Update--189 9/13/2011 13:32:56.5495312
Update--190 9/13/2011 13:33:04.5810382
Update--636 9/13/2011 13:33:09.8468317
Update--751 9/13/2011 13:33:17.4095737
Update--737 9/13/2011 13:33:21.3628252
Update--685 9/13/2011 13:33:24.8473117
Update--994 9/13/2011 13:33:32.7537683
Update--987 9/13/2011 13:33:39.9570316
Update--601 9/13/2011 13:33:47.0509178
Update--580 9/13/2011 13:33:54.7073148
Update--318 9/13/2011 13:34:03.0043491
Update--179 9/13/2011 13:34:10.7388726
Update--173 9/13/2011 13:34:27.0360605
Update--174 9/13/2011 13:34:37.0518271
Update--164 9/13/2011 13:34:47.6144623
Update--165 9/13/2011 13:34:55.0833079
Update--167 9/13/2011 13:35:01.3802635
Update--168 9/13/2011 13:35:09.0678619
Update--171 9/13/2011 13:35:16.3335799
Update--603 9/13/2011 13:35:25.9118275
Update--504 9/13/2011 13:35:31.6618849
Update--374 9/13/2011 13:35:39.3494341
Update--686 9/13/2011 13:35:43.4275852
Update--707 9/13/2011 13:35:49.2557475
Update--669 9/13/2011 13:35:56.7401704
Update--736 9/13/2011 13:36:02.0683295
Update--706 9/13/2011 13:36:07.8652416
Update--999 9/13/2011 13:36:16.8184239
Update--505 9/13/2011 13:36:23.9434695
Update--635 9/13/2011 13:36:28.0059955
Update--169 9/13/2011 13:36:37.3707531
Update--170 9/13/2011 13:36:44.8443787
Update--166 9/13/2011 13:36:54.9134475
Update--337 9/13/2011 13:37:03.3251851
Update--155 9/13/2011 13:37:13.5975115
Update--156 9/13/2011 13:37:22.3375883
Update--157 9/13/2011 13:37:29.7033443
Update--158 9/13/2011 13:37:38.4051893
Update--159 9/13/2011 13:37:45.1471593
Update--149 9/13/2011 13:37:52.2183883
Update--151 9/13/2011 13:38:02.0648003
Update--152 9/13/2011 13:38:09.2614613
Update--147 9/13/2011 13:38:19.2333053
Update--145 9/13/2011 13:38:27.8097183
Update--595 9/13/2011 13:38:35.3250128
Update--539 9/13/2011 13:38:42.3215015
Update--678 9/13/2011 13:38:47.8623449
Update--853 9/13/2011 13:38:57.3475175
Update--764 9/13/2011 13:39:03.5927054
758 9/13/2011 13:39:10.1822395
Update--716 9/13/2011 13:39:17.4291618
Update--657 9/13/2011 13:39:25.0360824
Update--529 9/13/2011 13:39:33.8128875
Update--530 9/13/2011 13:39:40.7407873
Update--584 9/13/2011 13:39:49.3263787
Update--588 9/13/2011 13:39:55.5192643
Update--146 9/13/2011 13:40:06.3255369
Update--153 9/13/2011 13:40:13.1752437
Update--154 9/13/2011 13:40:23.4341653
Update--144 9/13/2011 13:40:30.0176474
Update--160 9/13/2011 13:40:39.6781616
Update--161 9/13/2011 13:40:49.8232647
Update--305 9/13/2011 13:40:58.8741348
Update--143 9/13/2011 13:41:09.4725630
Update--133 9/13/2011 13:41:18.4296417
Update--137 9/13/2011 13:41:25.5421562
Update--138 9/13/2011 13:41:34.6742834
Update--139 9/13/2011 13:41:41.9159275
Update--140 9/13/2011 13:41:52.1605860
Update--021 9/13/2011 13:41:58.4481474
Update--637 9/13/2011 13:42:04.2039250
Update--638 9/13/2011 13:42:12.9157949
Update--613 9/13/2011 13:42:19.1720749
Update--518 9/13/2011 13:42:25.8350131
Update--680 9/13/2011 13:42:29.4947789
Update--681 9/13/2011 13:42:34.2315173
Update--717 9/13/2011 13:42:39.2809117
Update--708 9/13/2011 13:42:42.6106981
Update--741 9/13/2011 13:42:47.6288269
Update--734 9/13/2011 13:42:51.5526597
Update--871 9/13/2011 13:42:59.0407709
Update--952 9/13/2011 13:43:09.4053173
Update--950 9/13/2011 13:43:18.1284197
Update--951 9/13/2011 13:43:26.5232333
Update--761 9/13/2011 13:43:32.8379991
752 9/13/2011 13:43:37.8392791
Update--714 9/13/2011 13:43:41.2151431
Update--715 9/13/2011 13:43:48.3888541
Update--690 9/13/2011 13:43:53.3276181
Update--682 9/13/2011 13:43:56.6097081
Update--659 9/13/2011 13:44:00.9389411
Update--642 9/13/2011 13:44:10.3163411
Update--345 9/13/2011 13:44:17.7401161
Update--141 9/13/2011 13:44:27.0862581
Update--142 9/13/2011 13:44:33.7748861
Update--131 9/13/2011 13:44:40.4944961
Update--132 9/13/2011 13:44:47.0109551
Update--134 9/13/2011 13:44:53.9805971
Update--135 9/13/2011 13:45:05.7321011
Update--247 9/13/2011 13:45:16.0771751
Update--477 9/13/2011 13:45:22.3592291
Update--478 9/13/2011 13:45:31.9227801
Update--469 9/13/2011 13:45:45.6736601
Update--470 9/13/2011 13:45:56.4556001
Update--472 9/13/2011 13:46:05.1124041
Update--473 9/13/2011 13:46:15.3161821
Update--497 9/13/2011 13:46:24.8636681
Update--546 9/13/2011 13:46:31.1921477
Update--665 9/13/2011 13:46:34.8172869
Update--691 9/13/2011 13:46:38.6143077
Update--732 9/13/2011 13:46:44.4582821
Update--983 9/13/2011 13:46:55.5993349
Update--984 9/13/2011 13:47:07.7873029
Update--759 9/13/2011 13:47:14.6625669
Update--840 9/13/2011 13:47:21.5065797
Update--692 9/13/2011 13:47:24.4129413
Update--683 9/13/2011 13:47:27.6943173
Update--684 9/13/2011 13:47:31.5743111
Update--476 9/13/2011 13:47:38.1819449
Update--480 9/13/2011 13:47:46.5432635
Update--481 9/13/2011 13:47:53.6519501
Update--483 9/13/2011 13:48:02.6709005
Update--484 9/13/2011 13:48:11.4549824
Update--485 9/13/2011 13:48:18.5480111
Update--486 9/13/2011 13:48:30.4154529
Update--482 9/13/2011 13:48:37.0943734
Update--475 9/13/2011 13:48:46.2290094
Update--366 9/13/2011 13:48:52.8140809
Update--367 9/13/2011 13:48:59.8996804
Update--370 9/13/2011 13:49:09.5035614
Update--371 9/13/2011 13:49:14.0708794
Update--552 9/13/2011 13:49:23.1429494
Update--649 9/13/2011 13:49:28.0700219
Update--694 9/13/2011 13:49:32.6980855
Update--695 9/13/2011 13:49:35.9810785
Update--985 9/13/2011 13:49:44.9858593
Update--986 9/13/2011 13:49:50.7076471
Update--877 9/13/2011 13:49:55.9760692
Update--733 9/13/2011 13:50:01.3070245
Update--551 9/13/2011 13:50:09.9835060
Update--581 9/13/2011 13:50:15.4551610
Update--536 9/13/2011 13:50:22.5839458
Update--474 9/13/2011 13:50:30.3533935
Update--465 9/13/2011 13:50:36.6519208
Update--466 9/13/2011 13:50:43.4662084
Update--467 9/13/2011 13:50:49.7803648
Update--664 9/13/2011 13:50:52.9374430
Update--882 9/13/2011 13:50:59.1578248
Update--982 9/13/2011 13:51:08.4102520
Update--729 9/13/2011 13:51:13.9585825
Update--745 9/13/2011 13:51:22.2107473
Update--543 9/13/2011 13:51:29.9158056
Update--522 9/13/2011 13:51:36.5729502
Update--259 9/13/2011 13:51:46.2773793
Update--269 9/13/2011 13:51:51.8249998
Update--273 9/13/2011 13:51:59.1541097
Update--274 9/13/2011 13:52:06.6394906
Update--275 9/13/2011 13:52:17.6878503
Update--262 9/13/2011 13:52:27.0641103
Update--267 9/13/2011 13:52:37.9087627
Update--293 9/13/2011 13:52:50.7221647
Update--102 9/13/2011 13:52:57.0194830
Update--263 9/13/2011 13:53:06.7857955
Update--261 9/13/2011 13:53:16.5521080
Update--266 9/13/2011 13:53:22.2712606
Update--255 9/13/2011 13:53:30.9280660
Update--256 9/13/2011 13:53:38.5689844
Update--257 9/13/2011 13:53:46.4911636
Update--258 9/13/2011 13:53:55.9602772
Update--563 9/13/2011 13:54:02.4292756
Update--766 9/13/2011 13:54:09.7889332
Update--676 9/13/2011 13:54:13.7422100
740 9/13/2011 13:54:18.7892788
Update--535 9/13/2011 13:54:26.4770740
Update--514 9/13/2011 13:54:34.9617016
Update--272 9/13/2011 13:54:48.1495392
Update--265 9/13/2011 13:54:58.3841762
Update--294 9/13/2011 13:55:05.5718602
Update--296 9/13/2011 13:55:14.9939764
Update--297 9/13/2011 13:55:22.2441620
Update--277 9/13/2011 13:55:27.4317948
Update--278 9/13/2011 13:55:36.5413096
Update--279 9/13/2011 13:55:45.1351696
Update--249 9/13/2011 13:55:52.9790200
Update--253 9/13/2011 13:56:01.4166280
Update--241 9/13/2011 13:56:13.0886524
Update--242 9/13/2011 13:56:20.2293688
Update--243 9/13/2011 13:56:30.2919909
Update--244 9/13/2011 13:56:37.7764138
Update--245 9/13/2011 13:56:44.6827080
Update--513 9/13/2011 13:56:51.5577520
Update--557 9/13/2011 13:56:59.0734251
779 9/13/2011 13:57:04.1047073
Update--660 9/13/2011 13:57:07.9172317
Update--693 9/13/2011 13:57:11.7297561
Update--662 9/13/2011 13:57:16.0422837
Update--842 9/13/2011 13:57:25.2454676
Update--509 9/13/2011 13:57:33.1361431
Update--510 9/13/2011 13:57:43.9018370
Update--523 9/13/2011 13:57:51.9487635
Update--295 9/13/2011 13:58:02.9332088
Update--268 9/13/2011 13:58:12.1051425
Update--276 9/13/2011 13:58:19.6051905
Update--044 9/13/2011 13:58:28.4802473
Update--236 9/13/2011 13:58:35.1521650
Update--237 9/13/2011 13:58:45.8084832
Update--234 9/13/2011 13:58:55.5272954
Update--232 9/13/2011 13:59:06.3398646
Update--192 9/13/2011 13:59:16.4024290
Update--556 9/13/2011 13:59:27.5118751
Update--544 9/13/2011 13:59:35.8243862
Update--607 9/13/2011 13:59:47.4806362
Update--743 9/13/2011 13:59:52.0431362
Update--647 9/13/2011 13:59:57.4650112
Update--648 9/13/2011 14:00:09.5900112
Update--704 9/13/2011 14:00:12.4493862
762 9/13/2011 14:00:21.4962612
Update--998 9/13/2011 14:00:29.9984116
Update--873 9/13/2011 14:00:40.0270836
Update--596 9/13/2011 14:00:50.4004912
Update--617 9/13/2011 14:01:13.1687106
Update--646 9/13/2011 14:01:20.4081582
Update--525 9/13/2011 14:01:27.1148326
Update--534 9/13/2011 14:01:42.1708652
Update--238 9/13/2011 14:01:50.1354936
Update--239 9/13/2011 14:01:56.4571240
Update--231 9/13/2011 14:02:06.9410160
Update--235 9/13/2011 14:02:26.6882872
Update--503 9/13/2011 14:02:37.8075610
Update--598 9/13/2011 14:02:52.0365940
Update--594 9/13/2011 14:03:02.8725499
Update--700 9/13/2011 14:03:11.9885128
Update--655 9/13/2011 14:03:24.0753727
767 9/13/2011 14:03:36.5505361
Update--939 9/13/2011 14:03:50.5556433
Update--955 9/13/2011 14:04:10.1721718
Update--372 9/13/2011 14:04:22.0983959
Update--381 9/13/2011 14:04:29.8985598
Update--422 9/13/2011 14:04:37.1564942
Update--375 9/13/2011 14:04:48.3405957
Update--376 9/13/2011 14:04:59.6967603
Update--377 9/13/2011 14:05:07.4708840
Update--378 9/13/2011 14:05:15.6047760
Update--200 9/13/2011 14:05:27.6491930
Update--175 9/13/2011 14:05:40.8604775
Update--397 9/13/2011 14:05:56.5097111
Update--398 9/13/2011 14:06:11.6899367
Update--399 9/13/2011 14:06:25.3537031
Update--400 9/13/2011 14:06:37.3424598
Update--401 9/13/2011 14:06:49.2676157
Update--382 9/13/2011 14:06:57.1447829
Update--404 9/13/2011 14:07:11.4143338
Update--444 9/13/2011 14:07:21.1357584
Update--600 9/13/2011 14:07:34.1731218
Update--625 9/13/2011 14:07:44.0246838
Update--863 9/13/2011 14:07:57.3633860
Update--667 9/13/2011 14:08:04.1969298
Update--841 9/13/2011 14:08:15.4714952
Update--956 9/13/2011 14:08:30.1234157
Update--883 9/13/2011 14:08:37.3450763
Update--626 9/13/2011 14:08:42.2689358
Update--629 9/13/2011 14:08:48.2244611
Update--538 9/13/2011 14:08:58.7599573
Update--383 9/13/2011 14:09:11.1868408
Update--385 9/13/2011 14:09:23.0666288
Update--386 9/13/2011 14:09:37.5864105
Update--388 9/13/2011 14:09:49.2137169
Update--389 9/13/2011 14:09:58.8875108
Update--390 9/13/2011 14:10:11.4056189
Update--220 9/13/2011 14:10:19.1102722
Update--331 9/13/2011 14:10:25.4865370
Update--187 9/13/2011 14:10:42.1761133
Update--391 9/13/2011 14:10:50.1300527
Update--392 9/13/2011 14:10:56.1150405
Update--393 9/13/2011 14:11:08.4131747
Update--394 9/13/2011 14:11:21.3519995
Update--402 9/13/2011 14:11:29.6809612
Update--403 9/13/2011 14:11:48.8851923
Update--560 9/13/2011 14:12:04.5735959
Update--561 9/13/2011 14:12:17.7306037
Update--572 9/13/2011 14:12:31.5299231
Update--605 9/13/2011 14:12:41.8194639
Update--641 9/13/2011 14:12:49.2160487
Update--379 9/13/2011 14:12:58.2545815
Update--380 9/13/2011 14:13:14.0954703
Update--213 9/13/2011 14:13:27.7627327
Update--703 9/13/2011 14:13:35.8748807
Update--889 9/13/2011 14:13:44.7888347
Update--384 9/13/2011 14:13:51.5095487
Update--621 9/13/2011 14:13:58.6219127
Update--569 9/13/2011 14:14:09.4471187
Update--507 9/13/2011 14:14:29.9541527
Update--562 9/13/2011 14:14:40.5170807
Update--568 9/13/2011 14:15:05.2318247
Update--623 9/13/2011 14:15:15.4656407
Update--632 9/13/2011 14:15:18.6313847
Update--003 9/13/2011 14:15:26.6241047
Update--004 9/13/2011 14:15:35.5635035
Update--652 9/13/2011 14:15:41.6508089
Update--653 9/13/2011 14:15:47.5503311
Update--833 9/13/2011 14:15:58.5356483
Update--658 9/13/2011 14:16:04.8420341
Update--957 9/13/2011 14:16:20.4436883
Update--589 9/13/2011 14:16:31.2145899
Update--501 9/13/2011 14:16:40.5645187
Update--502 9/13/2011 14:16:51.3106617
Update--521 9/13/2011 14:17:01.8999267
Update--487 9/13/2011 14:17:11.1871043
Update--489 9/13/2011 14:17:21.9175595
Update--490 9/13/2011 14:17:33.6434577
Update--491 9/13/2011 14:17:54.8736717
Update--494 9/13/2011 14:18:02.7175782
Update--495 9/13/2011 14:18:10.7023932
Update--496 9/13/2011 14:18:21.7402257
Update--488 9/13/2011 14:18:36.0757453
Update--506 9/13/2011 14:18:47.2604188
Update--500 9/13/2011 14:18:59.0551654
Update--554 9/13/2011 14:19:14.7449941
Update--586 9/13/2011 14:19:23.0044453
Update--587 9/13/2011 14:19:29.2616053
Update--599 9/13/2011 14:19:40.7994865
Update--615 9/13/2011 14:19:54.3540778
Update--942 9/13/2011 14:20:07.9399369
776 9/13/2011 14:20:12.8177137
Update--735 9/13/2011 14:20:19.6653619
Update--992 9/13/2011 14:20:31.9528648
Update--940 9/13/2011 14:20:39.7363060
Update--542 9/13/2011 14:20:49.8641572
Update--498 9/13/2011 14:21:01.9769422
Update--499 9/13/2011 14:21:14.6523856
Update--531 9/13/2011 14:21:23.4204790
Update--493 9/13/2011 14:21:37.0482847
Update Area--<none> 9/13/2011 14:21:37.2983215
Update Area--ANAKROM-REGION-AREA1 9/13/2011 14:21:37.5796129
Update Area--ANAKROM-REGION-AREA2 9/13/2011 14:21:37.8140224
Update Area--ANAKROM-REGION-AREA3 9/13/2011 14:21:38.0484319
Update Area--ANAKROM-REGION-AREA4 9/13/2011 14:21:38.2828414
Update Area--CAGAYAN-REGION-AREA1 9/13/2011 14:21:38.5016236
Update Area--CAGAYAN-REGION-AREA1 9/13/2011 14:21:38.7360331
Update Area--CAGAYAN-REGION-AREA2 9/13/2011 14:21:38.9704426
Update Area--CAGAYAN-REGION-AREA3 9/13/2011 14:21:39.2048521
Update Area--CAGAYAN-REGION-AREA4 9/13/2011 14:21:39.4236343
Update Area--CAGAYAN-REGION-AREA5 9/13/2011 14:21:39.6580438
Update Area--CARAGA-REGION-AREA1 9/13/2011 14:21:39.8924533
Update Area--CARAGA-REGION-AREA1 9/13/2011 14:21:40.1268628
Update Area--CARAGA-REGION-AREA2 9/13/2011 14:21:40.3612723
Update Area--CARAGA-REGION-AREA3 9/13/2011 14:21:40.6113091
Update Area--CARAGA-REGION-AREA4 9/13/2011 14:21:40.8457186
Update Area--Cebu Central A 9/13/2011 14:21:41.1113827
Update Area--Cebu Central B 9/13/2011 14:21:41.3457922
Update Area--Cebu Central C 9/13/2011 14:21:41.5802017
Update Area--Cebu Central D 9/13/2011 14:21:41.8146112
Update Area--Cebu North A 9/13/2011 14:21:42.0490207
Update Area--Cebu North A 9/13/2011 14:21:42.2834302
Update Area--Cebu North B 9/13/2011 14:21:42.5178397
Update Area--Cebu North C 9/13/2011 14:21:42.7366219
Update Area--Cebu North D 9/13/2011 14:21:42.9710314
Update Area--Cebu North E 9/13/2011 14:21:43.2054409
Update Area--Cebu South A 9/13/2011 14:21:43.4554777
Update Area--Cebu South B 9/13/2011 14:21:43.6898872
Update Area--Cebu South C 9/13/2011 14:21:43.9242967
Update Area--CEBU SOUTH D 9/13/2011 14:21:44.1587062
Update Area--CEBU SOUTH E 9/13/2011 14:21:44.3931157
Update Area--DAVA0-MINDANAO-REGION-AREA1 9/13/2011 14:21:44.6275252
Update Area--DAVA0-MINDANAO-REGION-AREA2 9/13/2011 14:21:44.8619347
Update Area--DAVA0-MINDANAO-REGION-AREA3 9/13/2011 14:21:45.0963442
Update Area--DAVA0-MINDANAO-REGION-AREA3 9/13/2011 14:21:45.3307537
Update Area--DAVA0-MINDANAO-REGION-AREA4 9/13/2011 14:21:45.6276724
Update Area--DAVA0-MINDANAO-REGION-AREA5 9/13/2011 14:21:45.8777092
Update Area--DIPOLOG-MINDANAO-REGION-AREA1 9/13/2011 14:21:46.1121187
Update Area--DIPOLOG-MINDANAO-REGION-AREA2 9/13/2011 14:21:46.3621555
Update Area--DIPOLOG-MINDANAO-REGION-AREA3 9/13/2011 14:21:46.5965650
Update Area--HO 9/13/2011 14:21:46.8309745
Update Area--LEYTE-REGION-AREA1 9/13/2011 14:21:47.2060297
Update Area--LEYTE-REGION-AREA2 9/13/2011 14:21:47.4404392
Update Area--LEYTE-REGION-AREA2 9/13/2011 14:21:47.6904760
Update Area--LEYTE-REGION-AREA3 9/13/2011 14:21:47.9248855
Update Area--LUZON-SHOWROOMS 9/13/2011 14:21:48.2218042
Update Area--MINDANAO-SHOWROOMS 9/13/2011 14:21:48.4718410
Update Area--NCR-SHOWROOMS 9/13/2011 14:21:48.7062505
Update Area--NEGROS-OCC-REGION-AREA1 9/13/2011 14:21:48.9406600
Update Area--NEGROS-OCC-REGION-AREA2 9/13/2011 14:21:49.1750695
Update Area--NEGROS-OCC-REGION-AREA3 9/13/2011 14:21:49.5501247
Update Area--NEGROS-OCC-REGION-AREA4 9/13/2011 14:21:49.8001615
Update Area--NEGROS-OCC-REGION-AREA5 9/13/2011 14:21:50.0345710
Update Area--NEGROS-ORIENTAL-REGION-AREA1 9/13/2011 14:21:50.2846078
Update Area--NEGROS-ORIENTAL-REGION-AREA2 9/13/2011 14:21:50.5971538
Update Area--NEGROS-ORIENTAL-REGION-AREA3 9/13/2011 14:21:50.8471906
Update Area--NEGROS-ORIENTAL-REGION-AREA4 9/13/2011 14:21:51.0972274
