Update Area--<none> 8/30/2011 08:21:43.3613227
Update Area--ANAKROM-REGION-AREA1 8/30/2011 08:21:43.7050749
Update Area--ANAKROM-REGION-AREA2 8/30/2011 08:21:43.9550765
Update Area--ANAKROM-REGION-AREA3 8/30/2011 08:21:44.1738279
Update Area--ANAKROM-REGION-AREA4 8/30/2011 08:21:44.3925793
Update Area--CAGAYAN-REGION-AREA1 8/30/2011 08:21:44.6113307
Update Area--CAGAYAN-REGION-AREA1 8/30/2011 08:21:44.8457072
Update Area--CAGAYAN-REGION-AREA2 8/30/2011 08:21:45.0800837
Update Area--CAGAYAN-REGION-AREA3 8/30/2011 08:21:45.3144602
Update Area--CAGAYAN-REGION-AREA4 8/30/2011 08:21:45.5488367
Update Area--CAGAYAN-REGION-AREA5 8/30/2011 08:21:45.8925889
Update Area--CARAGA-REGION-AREA1 8/30/2011 08:21:46.1269654
Update Area--CARAGA-REGION-AREA2 8/30/2011 08:21:46.3457168
Update Area--CARAGA-REGION-AREA3 8/30/2011 08:21:46.5644682
Update Area--Cebu Central A 8/30/2011 08:21:46.7832196
Update Area--Cebu Central B 8/30/2011 08:21:47.0332212
Update Area--Cebu Central C 8/30/2011 08:21:47.2363475
Update Area--Cebu Central D 8/30/2011 08:21:47.4238487
Update Area--Cebu North A 8/30/2011 08:21:47.7363507
Update Area--Cebu North A 8/30/2011 08:21:47.9394770
Update Area--Cebu North B 8/30/2011 08:21:48.1426033
Update Area--Cebu North C 8/30/2011 08:21:48.3613547
Update Area--Cebu North D 8/30/2011 08:21:48.6113563
Update Area--Cebu North E 8/30/2011 08:21:48.9238583
Update Area--Cebu South A 8/30/2011 08:21:49.1426097
Update Area--Cebu South B 8/30/2011 08:21:49.3613611
Update Area--Cebu South C 8/30/2011 08:21:49.7676137
Update Area--CEBU SOUTH D 8/30/2011 08:21:50.0801157
Update Area--DAVA0-MINDANAO-REGION-AREA1 8/30/2011 08:21:50.4082428
Update Area--DAVA0-MINDANAO-REGION-AREA2 8/30/2011 08:21:50.6113691
Update Area--DAVA0-MINDANAO-REGION-AREA3 8/30/2011 08:21:50.8144954
Update Area--DAVA0-MINDANAO-REGION-AREA3 8/30/2011 08:21:51.0332468
Update Area--DAVA0-MINDANAO-REGION-AREA4 8/30/2011 08:21:51.3769990
Update Area--DAVA0-MINDANAO-REGION-AREA5 8/30/2011 08:21:51.5957504
Update Area--DIPOLOG-MINDANAO-REGION-AREA1 8/30/2011 08:21:51.7988767
Update Area--DIPOLOG-MINDANAO-REGION-AREA2 8/30/2011 08:21:52.0645034
Update Area--DIPOLOG-MINDANAO-REGION-AREA3 8/30/2011 08:21:52.4082556
Update Area--HO 8/30/2011 08:21:52.6113819
Update Area--LEYTE-REGION-AREA1 8/30/2011 08:21:52.7988831
Update Area--LEYTE-REGION-AREA2 8/30/2011 08:21:53.0020094
Update Area--LEYTE-REGION-AREA2 8/30/2011 08:21:53.2051357
Update Area--LEYTE-REGION-AREA3 8/30/2011 08:21:53.3926369
Update Area--LUZON-SHOWROOMS 8/30/2011 08:21:53.6582636
Update Area--MINDANAO-SHOWROOMS 8/30/2011 08:21:53.8613899
Update Area--NCR-SHOWROOMS 8/30/2011 08:21:54.0957664
Update Area--NEGROS-OCC-REGION-AREA1 8/30/2011 08:21:54.4551437
Update Area--NEGROS-OCC-REGION-AREA2 8/30/2011 08:21:54.7676457
Update Area--NEGROS-OCC-REGION-AREA3 8/30/2011 08:21:55.1738983
Update Area--NEGROS-OCC-REGION-AREA4 8/30/2011 08:21:55.4238999
Update Area--NEGROS-OCC-REGION-AREA5 8/30/2011 08:21:56.2676553
Update Area--NEGROS-ORIENTAL-REGION-AREA1 8/30/2011 08:21:56.7832836
Update Area--NEGROS-ORIENTAL-REGION-AREA2 8/30/2011 08:21:57.1270358
Update Area--NEGROS-ORIENTAL-REGION-AREA3 8/30/2011 08:21:57.4239127
Update Area--NEGROS-ORIENTAL-REGION-AREA4 8/30/2011 08:21:57.7676649
Update Area--OZAMIS-MINDANAO-REGION-AREA1 8/30/2011 08:21:58.0489167
941 9/6/2011 08:22:45.8302002
677 9/6/2011 08:22:50.0489502
711 9/6/2011 08:22:53.6427002
712 9/6/2011 08:22:56.5177002
726 9/6/2011 08:23:01.1114502
036 9/6/2011 08:23:07.4864771
057 9/6/2011 08:23:23.3459536
066 9/6/2011 08:23:32.3616363
079 9/6/2011 08:23:37.9866723
264 9/6/2011 08:23:47.8773606
593 9/6/2011 08:23:54.4242775
628 9/6/2011 08:23:58.8930561
582 9/6/2011 08:24:04.6899682
537 9/6/2011 08:24:10.1118779
396 9/6/2011 08:24:15.4400370
280 9/6/2011 08:24:21.0494479
281 9/6/2011 08:24:26.5651082
284 9/6/2011 08:24:32.2057693
285 9/6/2011 08:24:39.1901890
290 9/6/2011 08:24:47.5496175
720 9/6/2011 08:24:51.9558957
696 9/6/2011 08:24:54.5652874
697 9/6/2011 08:24:56.6121755
673 9/6/2011 08:24:59.0496911
875 9/6/2011 08:25:05.1903432
730 9/6/2011 08:25:08.9247182
731 9/6/2011 08:25:18.2059682
724 9/6/2011 08:25:23.7528432
725 9/6/2011 08:25:28.3153432
727 9/6/2011 08:25:35.7997182
291 9/6/2011 08:25:41.8153432
287 9/6/2011 08:25:48.2997182
289 9/6/2011 08:25:55.0340932
583 9/6/2011 08:26:03.0184682
639 9/6/2011 08:26:05.5653578
288 9/6/2011 08:26:15.4091708
292 9/6/2011 08:26:23.1748455
282 9/6/2011 08:26:29.2998847
283 9/6/2011 08:26:34.9405458
246 9/6/2011 08:26:41.9249655
248 9/6/2011 08:26:47.9875043
250 9/6/2011 08:26:55.4719272
251 9/6/2011 08:27:02.0969696
252 9/6/2011 08:27:09.5501423
254 9/6/2011 08:27:15.2845540
679 9/6/2011 08:27:17.9876963
668 9/6/2011 08:27:20.5814629
747 9/6/2011 08:27:28.1752615
843 9/6/2011 08:27:35.7690601
005 9/6/2011 08:27:41.9097244
533 9/6/2011 08:27:48.3003903
519 9/6/2011 08:27:54.3785542
574 9/6/2011 08:27:59.6910882
373 9/6/2011 08:28:04.1598668
346 9/6/2011 08:28:10.3317813
347 9/6/2011 08:28:15.1911874
348 9/6/2011 08:28:22.4099836
349 9/6/2011 08:28:29.8944065
350 9/6/2011 08:28:39.0507151
351 9/6/2011 08:28:45.0351284
352 9/6/2011 08:28:50.3632875
353 9/6/2011 08:28:58.8633419
338 9/6/2011 08:29:04.8321202
339 9/6/2011 08:29:10.7539952
342 9/6/2011 08:29:17.9883702
550 9/6/2011 08:29:25.4258702
528 9/6/2011 08:29:34.0352452
627 9/6/2011 08:29:42.9414952
604 9/6/2011 08:29:51.0039952
880 9/6/2011 08:29:56.3789952
881 9/6/2011 08:30:02.3633702
948 9/6/2011 08:30:06.9258702
995 9/6/2011 08:30:12.6446202
355 9/6/2011 08:30:17.7227452
356 9/6/2011 08:30:22.4883702
359 9/6/2011 08:30:27.0977452
360 9/6/2011 08:30:32.7383702
361 9/6/2011 08:30:38.4102452
362 9/6/2011 08:30:43.6758702
363 9/6/2011 08:30:50.3164952
365 9/6/2011 08:30:57.0039952
368 9/6/2011 08:31:05.0821317
344 9/6/2011 08:31:11.5352980
335 9/6/2011 08:31:17.9259639
336 9/6/2011 08:31:27.1291478
340 9/6/2011 08:31:33.4104380
341 9/6/2011 08:31:38.3479696
640 9/6/2011 08:31:41.8479920
558 9/6/2011 08:31:47.9730312
172 9/6/2011 08:31:53.8949441
687 9/6/2011 08:32:01.9106204
688 9/6/2011 08:32:04.4106364
689 9/6/2011 08:32:09.6137947
879 9/6/2011 08:32:16.3325877
343 9/6/2011 08:32:23.1138811
354 9/6/2011 08:32:31.8639371
364 9/6/2011 08:32:40.8796198
405 9/6/2011 08:32:47.8015391
406 9/6/2011 08:32:55.8015903
407 9/6/2011 08:33:03.0203865
408 9/6/2011 08:33:15.2391382
410 9/6/2011 08:33:27.2703882
412 9/6/2011 08:33:35.0360132
413 9/6/2011 08:33:42.9110132
414 9/6/2011 08:33:49.4578882
415 9/6/2011 08:33:55.9891382
416 9/6/2011 08:34:02.5203882
417 9/6/2011 08:34:09.0516751
418 9/6/2011 08:34:15.9735944
618 9/6/2011 08:34:22.0986336
619 9/6/2011 08:34:27.6924194
108 9/6/2011 08:34:33.9580845
845 9/6/2011 08:34:41.0206297
748 9/6/2011 08:34:48.9113052
878 9/6/2011 08:34:55.0363444
954 9/6/2011 08:35:01.2863844
419 9/6/2011 08:35:07.9114268
420 9/6/2011 08:35:14.0833413
421 9/6/2011 08:35:20.4896323
409 9/6/2011 08:35:29.4115644
427 9/6/2011 08:35:34.5990976
428 9/6/2011 08:35:41.2710153
429 9/6/2011 08:35:51.0367028
430 9/6/2011 08:36:00.4117628
423 9/6/2011 08:36:06.9430546
424 9/6/2011 08:36:13.6462225
425 9/6/2011 08:36:19.8181370
439 9/6/2011 08:36:26.3025535
440 9/6/2011 08:36:31.3963361
441 9/6/2011 08:36:37.3026239
431 9/6/2011 08:36:42.8339093
432 9/6/2011 08:36:49.1308246
433 9/6/2011 08:36:58.0527567
434 9/6/2011 08:37:05.4121652
435 9/6/2011 08:37:12.0371652
436 9/6/2011 08:37:19.2246652
437 9/6/2011 08:37:26.7871652
620 9/6/2011 08:37:41.8652902
718 9/6/2011 08:37:52.4902902
719 9/6/2011 08:38:03.1309152
868 9/6/2011 08:38:16.4591245
750 9/6/2011 08:38:22.0529103
846 9/6/2011 08:38:28.0060734
105 9/6/2011 08:38:34.3654891
018 9/6/2011 08:38:40.3499024
037 9/6/2011 08:38:45.8499376
040 9/6/2011 08:38:53.9124892
029 9/6/2011 08:39:01.3969121
030 9/6/2011 08:39:07.0063230
032 9/6/2011 08:39:12.6782343
033 9/6/2011 08:39:18.6157723
034 9/6/2011 08:39:29.9439698
035 9/6/2011 08:39:35.9127580
022 9/6/2011 08:39:42.4284247
023 9/6/2011 08:39:51.0847301
024 9/6/2011 08:40:02.4754280
025 9/6/2011 08:40:08.6629676
026 9/6/2011 08:40:14.4911299
027 9/6/2011 08:40:20.0536655
028 9/6/2011 08:40:25.7724521
019 9/6/2011 08:40:37.3350261
020 9/6/2011 08:40:47.1944642
078 9/6/2011 08:40:53.9445074
526 9/6/2011 08:41:03.8820672
512 9/6/2011 08:41:21.9289422
749 9/6/2011 08:41:31.7258172
867 9/6/2011 08:41:37.8664422
508 9/6/2011 08:41:45.5695672
616 9/6/2011 08:41:51.3820672
633 9/6/2011 08:41:58.1164422
045 9/6/2011 08:42:13.7571342
046 9/6/2011 08:42:19.3352949
047 9/6/2011 08:42:24.7572046
048 9/6/2011 08:42:30.8666187
049 9/6/2011 08:42:37.5854117
050 9/6/2011 08:42:44.3510800
054 9/6/2011 08:42:51.5230009
042 9/6/2011 08:42:58.2261688
052 9/6/2011 08:43:04.8355861
325 9/6/2011 08:43:10.5387476
053 9/6/2011 08:43:16.9762888
043 9/6/2011 08:43:24.5700874
055 9/6/2011 08:43:33.4920195
051 9/6/2011 08:43:40.7420659
041 9/6/2011 08:43:46.5077278
038 9/6/2011 08:43:52.1327638
532 9/6/2011 08:43:57.8671755
866 9/6/2011 08:44:03.9140852
722 9/6/2011 08:44:11.6640852
710 9/6/2011 08:44:13.3672102
721 9/6/2011 08:44:16.5078352
864 9/6/2011 08:44:21.9922102
865 9/6/2011 08:44:29.6172102
571 9/6/2011 08:44:34.7578352
547 9/6/2011 08:44:41.2422102
644 9/6/2011 08:44:44.0078352
578 9/6/2011 08:44:50.0859602
591 9/6/2011 08:44:56.8203352
067 9/6/2011 08:45:03.3359602
068 9/6/2011 08:45:08.9140852
069 9/6/2011 08:45:16.1640852
065 9/6/2011 08:45:22.7578352
260 9/6/2011 08:45:28.5234602
240 9/6/2011 08:45:34.3828352
070 9/6/2011 08:45:40.1953352
071 9/6/2011 08:45:52.7265852
072 9/6/2011 08:46:06.0078526
073 9/6/2011 08:46:12.3360181
056 9/6/2011 08:46:18.3673067
064 9/6/2011 08:46:24.8204730
087 9/6/2011 08:46:31.9767688
585 9/6/2011 08:46:38.6018112
511 9/6/2011 08:46:45.2268536
699 9/6/2011 08:46:50.8050143
936 9/6/2011 08:46:58.6644396
943 9/6/2011 08:47:05.4457330
088 9/6/2011 08:47:12.0239001
089 9/6/2011 08:47:18.5551919
090 9/6/2011 08:47:26.5239929
092 9/6/2011 08:47:33.5396628
093 9/6/2011 08:47:39.7584526
094 9/6/2011 08:47:45.5241145
080 9/6/2011 08:47:53.1491633
081 9/6/2011 08:48:00.7117117
082 9/6/2011 08:48:07.1023776
084 9/6/2011 08:48:13.0555407
085 9/6/2011 08:48:18.8055775
086 9/6/2011 08:48:26.2431251
083 9/6/2011 08:48:31.8056607
095 9/6/2011 08:48:37.5400724
074 9/6/2011 08:48:43.1807335
075 9/6/2011 08:48:48.9307703
076 9/6/2011 08:48:55.3683115
573 9/6/2011 08:49:02.0558543
937 9/6/2011 08:49:13.4778024
938 9/6/2011 08:49:20.1653452
728 9/6/2011 08:49:22.3997345
656 9/6/2011 08:49:25.2747529
869 9/6/2011 08:49:30.7747881
944 9/6/2011 08:49:36.6498257
945 9/6/2011 08:49:42.4311127
997 9/6/2011 08:49:49.1811559
058 9/6/2011 08:49:56.0405748
059 9/6/2011 08:50:01.7593614
060 9/6/2011 08:50:07.1031456
061 9/6/2011 08:50:13.7125629
062 9/6/2011 08:50:20.1969794
063 9/6/2011 08:50:28.9314103
120 9/6/2011 08:50:35.4158268
121 9/6/2011 08:50:41.2283640
122 9/6/2011 08:50:46.8846502
123 9/6/2011 08:50:58.8691019
124 9/6/2011 08:51:04.2597552
125 9/6/2011 08:51:09.9316302
126 9/6/2011 08:51:16.1191302
128 9/6/2011 08:51:21.3222552
129 9/6/2011 08:51:27.7285052
130 9/6/2011 08:51:33.4941302
575 9/6/2011 08:51:40.6191302
555 9/6/2011 08:51:47.9160052
839 9/6/2011 08:51:54.6972552
835 9/6/2011 08:52:00.8066302
666 9/6/2011 08:52:03.0253802
702 9/6/2011 08:52:05.2910052
947 9/6/2011 08:52:11.1035052
549 9/6/2011 08:52:17.4160052
566 9/6/2011 08:52:24.6816302
567 9/6/2011 08:52:31.7285052
106 9/6/2011 08:52:37.0722552
103 9/6/2011 08:52:43.9785052
104 9/6/2011 08:52:55.1503802
096 9/6/2011 08:53:05.6660204
097 9/6/2011 08:53:30.2599278
098 9/6/2011 08:53:41.2756233
099 9/6/2011 08:53:52.9475730
100 9/6/2011 08:53:58.5569839
101 9/6/2011 08:54:04.2445203
017 9/6/2011 08:54:09.6664300
109 9/6/2011 08:54:15.6977186
112 9/6/2011 08:54:21.7133821
115 9/6/2011 08:54:27.3384181
117 9/6/2011 08:54:39.5572463
118 9/6/2011 08:54:53.7292120
119 9/6/2011 08:55:00.5886309
953 9/6/2011 08:55:07.9480530
670 9/6/2011 08:55:10.0886917
834 9/6/2011 08:55:16.2606062
876 9/6/2011 08:55:21.9950179
836 9/6/2011 08:55:30.0263193
837 9/6/2011 08:55:36.4169852
838 9/6/2011 08:55:42.2451475
116 9/6/2011 08:55:48.0733098
113 9/6/2011 08:55:53.6827207
114 9/6/2011 08:56:00.2921380
110 9/6/2011 08:56:06.5421572
111 9/6/2011 08:56:12.6202822
107 9/6/2011 08:56:19.2140322
559 9/6/2011 08:56:26.0577822
515 9/6/2011 08:56:33.3546572
527 9/6/2011 08:56:41.9796572
602 9/6/2011 08:56:47.8234072
624 9/6/2011 08:56:53.3546572
136 9/6/2011 08:56:58.6046572
298 9/6/2011 08:57:06.4015521
299 9/6/2011 08:57:13.1672204
300 9/6/2011 08:57:31.7298392
301 9/6/2011 08:57:38.5736330
303 9/6/2011 08:57:44.7455475
306 9/6/2011 08:57:50.3237082
308 9/6/2011 08:57:57.2768777
309 9/6/2011 08:58:04.1831719
302 9/6/2011 08:58:10.2457107
326 9/6/2011 08:58:17.0270041
327 9/6/2011 08:58:22.7145405
328 9/6/2011 08:58:28.3708267
329 9/6/2011 08:58:35.3083711
333 9/6/2011 08:58:41.6990370
334 9/6/2011 08:58:47.3709483
127 9/6/2011 08:58:52.6366070
540 9/6/2011 08:58:58.4178940
541 9/6/2011 08:59:03.9804296
893 9/6/2011 08:59:10.9023489
894 9/6/2011 08:59:16.9648877
661 9/6/2011 08:59:19.3711531
701 9/6/2011 08:59:21.3867910
892 9/6/2011 08:59:27.3399541
426 9/6/2011 08:59:31.5899813
315 9/6/2011 08:59:36.1837607
316 9/6/2011 08:59:41.9650477
319 9/6/2011 08:59:47.0119550
320 9/6/2011 08:59:51.3244826
321 9/6/2011 08:59:55.5432596
322 9/6/2011 08:59:59.9182876
323 9/6/2011 09:00:06.2933284
307 9/6/2011 09:00:12.3089919
311 9/6/2011 09:00:18.6527825
312 9/6/2011 09:00:29.0903493
286 9/6/2011 09:00:37.6372790
313 9/6/2011 09:00:42.3091839
314 9/6/2011 09:00:48.9186012
310 9/6/2011 09:00:55.6686444
317 9/6/2011 09:01:02.4343127
148 9/6/2011 09:01:09.6218587
517 9/6/2011 09:01:15.1218939
590 9/6/2011 09:01:20.6375542
709 9/6/2011 09:01:23.0281945
671 9/6/2011 09:01:25.6844615
890 9/6/2011 09:01:32.2626286
891 9/6/2011 09:01:39.3564240
860 9/6/2011 09:01:46.2314680
324 9/6/2011 09:01:52.1846311
332 9/6/2011 09:01:57.5127902
330 9/6/2011 09:02:03.0284505
271 9/6/2011 09:02:09.1065772
608 9/6/2011 09:02:14.5909522
622 9/6/2011 09:02:19.9972022
570 9/6/2011 09:02:25.2784522
565 9/6/2011 09:02:31.4190772
545 9/6/2011 09:02:37.4503272
553 9/6/2011 09:02:43.1847022
442 9/6/2011 09:02:48.9347022
443 9/6/2011 09:02:56.0440772
438 9/6/2011 09:03:01.7315772
445 9/6/2011 09:03:06.7472022
447 9/6/2011 09:03:11.9034522
448 9/6/2011 09:03:18.0128272
449 9/6/2011 09:03:24.2315772
450 9/6/2011 09:03:31.9972022
854 9/6/2011 09:03:42.7784522
991 9/6/2011 09:03:49.4190772
884 9/6/2011 09:03:55.4190772
451 9/6/2011 09:04:01.6847022
452 9/6/2011 09:04:06.5284522
459 9/6/2011 09:04:12.1222022
460 9/6/2011 09:04:18.4347022
461 9/6/2011 09:04:30.6065772
462 9/6/2011 09:04:35.7628272
463 9/6/2011 09:04:42.0909522
464 9/6/2011 09:04:48.4347022
455 9/6/2011 09:04:54.1847022
457 9/6/2011 09:04:58.7315772
564 9/6/2011 09:05:06.6534737
630 9/6/2011 09:05:10.6847495
606 9/6/2011 09:05:16.7160381
612 9/6/2011 09:05:21.9035713
610 9/6/2011 09:05:28.0598607
611 9/6/2011 09:05:34.0598991
548 9/6/2011 09:05:40.7318168
524 9/6/2011 09:05:50.9506322
458 9/6/2011 09:06:02.3725803
479 9/6/2011 09:06:10.5757578
453 9/6/2011 09:06:17.0132990
454 9/6/2011 09:06:22.4508338
233 9/6/2011 09:06:27.9039937
885 9/6/2011 09:06:34.8259130
886 9/6/2011 09:06:46.1541105
887 9/6/2011 09:06:55.4822952
888 9/6/2011 09:07:03.1854695
663 9/6/2011 09:07:05.9511292
001 9/6/2011 09:07:09.6386764
207 9/6/2011 09:07:18.7794184
208 9/6/2011 09:07:24.8888716
209 9/6/2011 09:07:31.0608256
210 9/6/2011 09:07:38.3734192
212 9/6/2011 09:07:43.9984912
214 9/6/2011 09:07:49.3110592
215 9/6/2011 09:07:55.8111424
216 9/6/2011 09:08:05.8737547
217 9/6/2011 09:08:14.0613071
218 9/6/2011 09:08:21.8269818
645 9/6/2011 09:08:25.3426293
650 9/6/2011 09:08:29.6551569
651 9/6/2011 09:08:34.7801897
674 9/6/2011 09:08:39.0614671
675 9/6/2011 09:08:46.7333912
949 9/6/2011 09:08:57.6397110
996 9/6/2011 09:09:07.4522738
874 9/6/2011 09:09:15.2179485
579 9/6/2011 09:09:24.1398806
201 9/6/2011 09:09:30.9680493
202 9/6/2011 09:09:38.2024706
203 9/6/2011 09:09:43.8743819
204 9/6/2011 09:09:49.8900454
205 9/6/2011 09:09:55.8119583
193 9/6/2011 09:10:01.5932453
194 9/6/2011 09:10:08.4370062
195 9/6/2011 09:10:16.1870062
196 9/6/2011 09:10:22.6245062
197 9/6/2011 09:10:28.7182562
198 9/6/2011 09:10:34.6088812
199 9/6/2011 09:10:40.4838812
191 9/6/2011 09:10:46.1870062
221 9/6/2011 09:10:52.9213812
222 9/6/2011 09:11:00.9370062
223 9/6/2011 09:11:07.2182562
224 9/6/2011 09:11:14.4370062
225 9/6/2011 09:11:26.9213812
226 9/6/2011 09:11:34.1713812
227 9/6/2011 09:11:39.7963812
228 9/6/2011 09:11:45.6245062
229 9/6/2011 09:11:51.1557562
230 9/6/2011 09:11:56.8432562
206 9/6/2011 09:12:04.7182653
219 9/6/2011 09:12:11.1401814
634 9/6/2011 09:12:16.4527154
872 9/6/2011 09:12:28.9684205
698 9/6/2011 09:12:33.6403254
993 9/6/2011 09:12:40.5934949
844 9/6/2011 09:12:52.6716972
851 9/6/2011 09:13:01.1092512
007 9/6/2011 09:13:12.4843240
012 9/6/2011 09:13:21.8906342
013 9/6/2011 09:13:30.3281882
014 9/6/2011 09:13:37.0626063
006 9/6/2011 09:13:42.4063905
008 9/6/2011 09:13:48.8283066
009 9/6/2011 09:13:55.4689741
010 9/6/2011 09:14:01.8596400
011 9/6/2011 09:14:07.8283992
015 9/6/2011 09:14:14.9533992
016 9/6/2011 09:14:21.7190242
369 9/6/2011 09:14:29.3596492
946 9/6/2011 09:14:38.2658992
738 9/6/2011 09:14:40.8127742
870 9/6/2011 09:14:46.7815242
705 9/6/2011 09:14:48.8283992
614 9/6/2011 09:14:54.5315242
609 9/6/2011 09:15:00.4846492
597 9/6/2011 09:15:06.8596492
176 9/6/2011 09:15:13.4533992
177 9/6/2011 09:15:24.8596492
178 9/6/2011 09:15:39.8440242
163 9/6/2011 09:15:45.5002742
180 9/6/2011 09:15:51.1096492
181 9/6/2011 09:15:57.8440242
182 9/6/2011 09:16:04.8127839
183 9/6/2011 09:16:12.0940805
184 9/6/2011 09:16:22.1566449
185 9/6/2011 09:16:35.7192317
186 9/6/2011 09:16:44.6099136
188 9/6/2011 09:16:53.2037186
189 9/6/2011 09:17:07.0944325
190 9/6/2011 09:17:18.0476276
636 9/6/2011 09:17:33.0164734
751 9/6/2011 09:17:46.5790602
737 9/6/2011 09:17:56.2666222
685 9/6/2011 09:18:01.4854056
994 9/6/2011 09:18:11.2667692
987 9/6/2011 09:18:18.3606100
601 9/6/2011 09:18:24.5950648
580 9/6/2011 09:18:31.0013968
318 9/6/2011 09:18:37.2202264
164 9/6/2011 09:18:42.1734148
179 9/6/2011 09:18:46.3765936
173 9/6/2011 09:18:54.5173228
174 9/6/2011 09:19:02.9393056
165 9/6/2011 09:19:14.0955602
167 9/6/2011 09:19:34.7986852
168 9/6/2011 09:19:39.4705602
171 9/6/2011 09:19:50.2205602
603 9/6/2011 09:20:00.7205602
504 9/6/2011 09:20:05.4549490
374 9/6/2011 09:20:11.4237372
686 9/6/2011 09:20:14.5800074
669 9/6/2011 09:20:17.6894023
707 9/6/2011 09:20:20.2050434
736 9/6/2011 09:20:24.6894471
706 9/6/2011 09:20:28.4082209
999 9/6/2011 09:20:38.1114080
337 9/6/2011 09:20:45.8458325
505 9/6/2011 09:21:00.4240508
635 9/6/2011 09:21:06.0490692
169 9/6/2011 09:21:14.9553192
170 9/6/2011 09:21:19.6740692
166 9/6/2011 09:21:25.2990692
149 9/6/2011 09:21:30.8146942
151 9/6/2011 09:21:35.8459442
152 9/6/2011 09:21:43.3771942
155 9/6/2011 09:21:49.5021942
156 9/6/2011 09:21:55.8459442
157 9/6/2011 09:22:02.7365692
158 9/6/2011 09:22:08.1740692
159 9/6/2011 09:22:13.6896942
145 9/6/2011 09:22:19.3615692
147 9/6/2011 09:22:24.9240692
595 9/6/2011 09:22:30.4084442
539 9/6/2011 09:22:37.6428192
678 9/6/2011 09:22:39.7521942
853 9/6/2011 09:22:47.0646942
764 9/6/2011 09:22:53.1271942
657 9/6/2011 09:22:56.5021942
716 9/6/2011 09:23:02.5803192
529 9/6/2011 09:23:08.5334777
530 9/6/2011 09:23:14.6897671
588 9/6/2011 09:23:20.7679310
584 9/6/2011 09:23:26.3773419
305 9/6/2011 09:23:31.9242524
146 9/6/2011 09:23:37.1742860
144 9/6/2011 09:23:42.9086977
160 9/6/2011 09:23:50.0493684
161 9/6/2011 09:23:55.9087809
153 9/6/2011 09:24:01.8306938
154 9/6/2011 09:24:07.2682286
143 9/6/2011 09:24:12.5807626
137 9/6/2011 09:24:22.2370744
138 9/6/2011 09:24:29.1902439
139 9/6/2011 09:24:37.2684206
140 9/6/2011 09:24:45.6278491
133 9/6/2011 09:24:52.0028899
021 9/6/2011 09:24:58.0498036
613 9/6/2011 09:25:03.6435894
637 9/6/2011 09:25:06.4873576
638 9/6/2011 09:25:09.1436246
518 9/6/2011 09:25:15.2061634
717 9/6/2011 09:25:20.2374456
708 9/6/2011 09:25:23.1593393
680 9/6/2011 09:25:26.6281115
681 9/6/2011 09:25:30.8000132
741 9/6/2011 09:25:35.0500404
734 9/6/2011 09:25:39.4719437
871 9/6/2011 09:25:45.3626064
952 9/6/2011 09:25:53.1282811
950 9/6/2011 09:26:03.0345945
951 9/6/2011 09:26:10.2845962
761 9/6/2011 09:26:15.9095962
682 9/6/2011 09:26:21.0502212
690 9/6/2011 09:26:30.8158462
659 9/6/2011 09:26:53.1127212
714 9/6/2011 09:26:58.1595962
715 9/6/2011 09:27:03.3314714
642 9/6/2011 09:27:08.1908775
345 9/6/2011 09:27:16.1596785
134 9/6/2011 09:27:23.6753516
135 9/6/2011 09:27:29.7222653
131 9/6/2011 09:27:35.8785547
132 9/6/2011 09:27:41.9567186
141 9/6/2011 09:27:49.8786443
142 9/6/2011 09:27:59.6130816
477 9/6/2011 09:28:34.6289307
478 9/6/2011 09:28:40.4727181
469 9/6/2011 09:28:49.3477749
470 9/6/2011 09:29:06.7072610
472 9/6/2011 09:29:29.7230333
473 9/6/2011 09:29:45.6137600
497 9/6/2011 09:29:51.6762988
546 9/6/2011 09:29:58.9575954
665 9/6/2011 09:30:02.9888712
691 9/6/2011 09:30:06.2857482
732 9/6/2011 09:30:12.2701232
983 9/6/2011 09:30:26.6138732
984 9/6/2011 09:30:38.4576232
840 9/6/2011 09:30:48.1919982
692 9/6/2011 09:30:53.4576232
683 9/6/2011 09:30:56.5513732
684 9/6/2011 09:31:03.4419991
483 9/6/2011 09:31:12.5045571
484 9/6/2011 09:31:19.1139744
485 9/6/2011 09:31:28.2702830
486 9/6/2011 09:31:38.6297243
476 9/6/2011 09:31:47.0672783
480 9/6/2011 09:31:53.8798219
481 9/6/2011 09:32:00.0048611
482 9/6/2011 09:32:06.9111553
475 9/6/2011 09:32:13.6611985
366 9/6/2011 09:32:19.4424855
367 9/6/2011 09:32:26.5675311
370 9/6/2011 09:32:32.8331962
371 9/6/2011 09:32:38.0676047
552 9/6/2011 09:32:44.1613937
649 9/6/2011 09:32:48.5207966
694 9/6/2011 09:32:51.6458166
695 9/6/2011 09:32:55.4895912
985 9/6/2011 09:33:08.2402732
986 9/6/2011 09:33:37.0877152
733 9/6/2011 09:33:40.1974882
877 9/6/2011 09:33:46.0107322
551 9/6/2011 09:33:54.4024312
581 9/6/2011 09:33:59.5124602
536 9/6/2011 09:34:07.9664288
474 9/6/2011 09:34:14.0606468
465 9/6/2011 09:34:19.8110884
466 9/6/2011 09:34:28.0148434
467 9/6/2011 09:34:34.3903330
882 9/6/2011 09:34:42.0784234
664 9/6/2011 09:34:46.2974974
982 9/6/2011 09:34:58.2515404
729 9/6/2011 09:35:00.5954704
745 9/6/2011 09:35:06.5645332
522 9/6/2011 09:35:11.7678247
543 9/6/2011 09:35:19.9087102
102 9/6/2011 09:35:26.2995397
293 9/6/2011 09:35:33.1435087
259 9/6/2011 09:35:41.1437647
262 9/6/2011 09:35:50.6753197
267 9/6/2011 09:35:59.0505877
269 9/6/2011 09:36:10.9258703
273 9/6/2011 09:36:16.9728614
274 9/6/2011 09:36:24.8011367
275 9/6/2011 09:36:30.3637435
266 9/6/2011 09:36:35.7388467
263 9/6/2011 09:36:44.3952629
261 9/6/2011 09:36:50.6297576
255 9/6/2011 09:36:58.3642811
256 9/6/2011 09:37:06.0987868
257 9/6/2011 09:37:19.0208272
258 9/6/2011 09:37:24.4115212
563 9/6/2011 09:37:30.9272296
766 9/6/2011 09:37:34.8647800
676 9/6/2011 09:37:36.8804308
535 9/6/2011 09:37:43.4430148
514 9/6/2011 09:37:49.1305876
265 9/6/2011 09:37:55.3337920
294 9/6/2011 09:38:01.8026248
272 9/6/2011 09:38:07.4589207
277 9/6/2011 09:38:12.2870766
278 9/6/2011 09:38:18.4902413
279 9/6/2011 09:38:24.3965291
296 9/6/2011 09:38:30.1309408
297 9/6/2011 09:38:35.8809776
253 9/6/2011 09:38:41.4747634
241 9/6/2011 09:38:47.3029257
242 9/6/2011 09:38:53.4748402
243 9/6/2011 09:38:59.0373758
244 9/6/2011 09:39:28.9908568
245 9/6/2011 09:39:35.4753148
249 9/6/2011 09:39:42.8035336
247 9/6/2011 09:39:58.0693540
513 9/6/2011 09:40:03.8662997
557 9/6/2011 09:40:09.4757106
693 9/6/2011 09:40:11.7257250
660 9/6/2011 09:40:14.2726163
662 9/6/2011 09:40:17.3507610
842 9/6/2011 09:40:23.9914285
509 9/6/2011 09:40:30.0852175
510 9/6/2011 09:40:36.3821328
523 9/6/2011 09:40:42.3196708
295 9/6/2011 09:40:48.3197092
268 9/6/2011 09:40:52.7416125
276 9/6/2011 09:40:58.3353983
044 9/6/2011 09:41:04.9291905
232 9/6/2011 09:41:10.8354783
192 9/6/2011 09:41:19.0386558
234 9/6/2011 09:41:29.6480987
236 9/6/2011 09:41:39.3356607
237 9/6/2011 09:41:47.2263362
556 9/6/2011 09:42:04.5545642
544 9/6/2011 09:42:23.8514392
607 9/6/2011 09:42:36.3201892
647 9/6/2011 09:42:43.2264392
648 9/6/2011 09:42:53.5858142
743 9/6/2011 09:42:59.0233142
704 9/6/2011 09:43:02.4295642
873 9/6/2011 09:43:11.8358142
998 9/6/2011 09:43:20.1639392
646 9/6/2011 09:43:25.7576892
617 9/6/2011 09:43:40.6326892
596 9/6/2011 09:43:48.9608142
525 9/6/2011 09:44:04.9608247
534 9/6/2011 09:44:15.5077672
238 9/6/2011 09:44:24.6640758
239 9/6/2011 09:44:32.6797521
235 9/6/2011 09:44:41.7110599
231 9/6/2011 09:44:52.1173765
594 9/6/2011 09:45:21.5706900
598 9/6/2011 09:45:45.0552153
503 9/6/2011 09:45:59.1646806
700 9/6/2011 09:46:06.2428509
655 9/6/2011 09:46:12.0553881
703 9/6/2011 09:46:17.5085480
955 9/6/2011 09:46:32.8055209
939 9/6/2011 09:46:42.2274562
372 9/6/2011 09:46:49.1962508
375 9/6/2011 09:47:00.4931981
376 9/6/2011 09:47:11.6807162
377 9/6/2011 09:47:21.6963412
378 9/6/2011 09:47:31.5557162
379 9/6/2011 09:47:39.3213412
380 9/6/2011 09:47:48.2432162
381 9/6/2011 09:47:56.8525912
422 9/6/2011 09:48:04.9463516
605 9/6/2011 09:48:13.6807825
641 9/6/2011 09:48:19.8839472
213 9/6/2011 09:48:29.4465084
200 9/6/2011 09:48:35.8371743
175 9/6/2011 09:48:44.4309793
625 9/6/2011 09:48:53.4154118
600 9/6/2011 09:49:10.3686453
561 9/6/2011 09:49:38.6969516
382 9/6/2011 09:49:51.5407838
397 9/6/2011 09:50:09.6033592
398 9/6/2011 09:50:20.5096092
399 9/6/2011 09:50:30.6346092
400 9/6/2011 09:50:40.8221092
401 9/6/2011 09:50:53.1814842
402 9/6/2011 09:51:03.1658592
403 9/6/2011 09:51:12.8846704
404 9/6/2011 09:51:22.9472348
393 9/6/2011 09:51:32.5410462
444 9/6/2011 09:51:42.7754867
667 9/6/2011 09:51:50.0567833
863 9/6/2011 09:52:03.1974924
883 9/6/2011 09:52:12.2913006
889 9/6/2011 09:52:20.0413502
841 9/6/2011 09:52:29.5414110
956 9/6/2011 09:52:40.2758547
383 9/6/2011 09:52:48.3071561
385 9/6/2011 09:53:01.1666134
386 9/6/2011 09:53:15.5573305
388 9/6/2011 09:53:39.3387327
389 9/6/2011 09:53:56.0575897
390 9/6/2011 09:54:06.4638862
538 9/6/2011 09:54:17.9013862
626 9/6/2011 09:54:23.7763862
629 9/6/2011 09:54:29.9013862
220 9/6/2011 09:54:38.1045112
331 9/6/2011 09:54:45.0263862
187 9/6/2011 09:54:57.3545112
621 9/6/2011 09:55:14.3233316
507 9/6/2011 09:55:25.9171558
560 9/6/2011 09:55:34.6359616
569 9/6/2011 09:55:44.8079017
572 9/6/2011 09:55:53.9642103
391 9/6/2011 09:56:01.4955085
392 9/6/2011 09:56:07.0892943
384 9/6/2011 09:56:18.0737396
394 9/6/2011 09:56:30.2300674
562 9/6/2011 09:56:42.4957709
568 9/6/2011 09:57:02.4490236
632 9/6/2011 09:57:20.5584042
623 9/6/2011 09:57:30.6052792
652 9/6/2011 09:57:35.9021542
653 9/6/2011 09:57:41.2146542
003 9/6/2011 09:57:47.3865292
004 9/6/2011 09:57:55.0427792
833 9/6/2011 09:58:01.8709042
862 9/6/2011 09:58:09.9802792
658 9/6/2011 09:58:14.5584042
957 9/6/2011 09:58:28.4021542
589 9/6/2011 09:58:36.0115292
521 9/6/2011 09:58:47.6990292
531 9/6/2011 09:58:54.5271542
501 9/6/2011 09:59:00.3552792
502 9/6/2011 09:59:06.2615480
487 9/6/2011 09:59:11.7772083
489 9/6/2011 09:59:20.3866384
490 9/6/2011 09:59:26.6991788
491 9/6/2011 09:59:32.1835889
488 9/6/2011 09:59:38.2461277
500 9/6/2011 09:59:44.1680406
494 9/6/2011 09:59:49.7149511
495 9/6/2011 09:59:55.3087369
496 9/6/2011 10:00:00.8087721
506 9/6/2011 10:00:08.2150695
554 9/6/2011 10:00:17.4182534
586 9/6/2011 10:00:26.6370624
587 9/6/2011 10:00:35.4652439
599 9/6/2011 10:00:41.3559066
615 9/6/2011 10:00:48.1059498
942 9/6/2011 10:00:56.7310050
940 9/6/2011 10:01:06.0279395
992 9/6/2011 10:01:16.6998828
735 9/6/2011 10:01:22.5280451
542 9/6/2011 10:01:30.9655991
498 9/6/2011 10:01:46.5281987
499 9/6/2011 10:01:55.3876304
493 9/6/2011 10:02:03.0283043
Insert Area--<none> 9/6/2011 10:02:03.2470557
Insert Area--ANAKROM-REGION-AREA1 9/6/2011 10:02:03.4345562
Insert Area--ANAKROM-REGION-AREA2 9/6/2011 10:02:03.6220562
Insert Area--ANAKROM-REGION-AREA3 9/6/2011 10:02:03.8095562
Insert Area--ANAKROM-REGION-AREA4 9/6/2011 10:02:03.9970562
Insert Area--CAGAYAN-REGION-AREA1 9/6/2011 10:02:04.1845562
Insert Area--CAGAYAN-REGION-AREA1 9/6/2011 10:02:04.3876812
Insert Area--CAGAYAN-REGION-AREA2 9/6/2011 10:02:04.5751812
Insert Area--CAGAYAN-REGION-AREA3 9/6/2011 10:02:04.7626812
Insert Area--CAGAYAN-REGION-AREA4 9/6/2011 10:02:04.9501812
Insert Area--CAGAYAN-REGION-AREA5 9/6/2011 10:02:05.1376812
Insert Area--CARAGA-REGION-AREA1 9/6/2011 10:02:05.3251812
Insert Area--CARAGA-REGION-AREA2 9/6/2011 10:02:05.5126812
Insert Area--CARAGA-REGION-AREA3 9/6/2011 10:02:05.7314312
Insert Area--Cebu Central A 9/6/2011 10:02:05.9189312
Insert Area--Cebu Central B 9/6/2011 10:02:06.1220562
Insert Area--Cebu Central C 9/6/2011 10:02:06.3251812
Insert Area--Cebu Central D 9/6/2011 10:02:06.5283062
Insert Area--Cebu North A 9/6/2011 10:02:06.7158062
Insert Area--Cebu North A 9/6/2011 10:02:06.9189312
Insert Area--Cebu North B 9/6/2011 10:02:07.1220562
Insert Area--Cebu North C 9/6/2011 10:02:07.3095562
Insert Area--Cebu North D 9/6/2011 10:02:07.5126812
Insert Area--Cebu North E 9/6/2011 10:02:07.7001812
Insert Area--Cebu South A 9/6/2011 10:02:07.9033062
Insert Area--Cebu South B 9/6/2011 10:02:08.1064312
Insert Area--Cebu South C 9/6/2011 10:02:08.2939312
Insert Area--CEBU SOUTH D 9/6/2011 10:02:08.4970562
Insert Area--DAVA0-MINDANAO-REGION-AREA1 9/6/2011 10:02:08.7001812
Insert Area--DAVA0-MINDANAO-REGION-AREA2 9/6/2011 10:02:08.9033062
Insert Area--DAVA0-MINDANAO-REGION-AREA3 9/6/2011 10:02:09.1220562
Insert Area--DAVA0-MINDANAO-REGION-AREA3 9/6/2011 10:02:09.3251812
Insert Area--DAVA0-MINDANAO-REGION-AREA4 9/6/2011 10:02:09.5283062
Insert Area--DAVA0-MINDANAO-REGION-AREA5 9/6/2011 10:02:09.7158062
Insert Area--DIPOLOG-MINDANAO-REGION-AREA1 9/6/2011 10:02:09.9189312
Insert Area--DIPOLOG-MINDANAO-REGION-AREA2 9/6/2011 10:02:10.1064312
Insert Area--DIPOLOG-MINDANAO-REGION-AREA3 9/6/2011 10:02:10.3095562
Insert Area--HO 9/6/2011 10:02:10.4970562
Insert Area--LEYTE-REGION-AREA1 9/6/2011 10:02:10.6845562
Insert Area--LEYTE-REGION-AREA2 9/6/2011 10:02:10.8720562
Insert Area--LEYTE-REGION-AREA2 9/6/2011 10:02:11.0595562
Insert Area--LEYTE-REGION-AREA3 9/6/2011 10:02:11.2626812
Insert Area--LUZON-SHOWROOMS 9/6/2011 10:02:11.4658062
Insert Area--MINDANAO-SHOWROOMS 9/6/2011 10:02:11.7314312
Insert Area--NCR-SHOWROOMS 9/6/2011 10:02:12.0126812
Insert Area--NEGROS-OCC-REGION-AREA1 9/6/2011 10:02:12.2626812
Insert Area--NEGROS-OCC-REGION-AREA2 9/6/2011 10:02:12.4814312
Insert Area--NEGROS-OCC-REGION-AREA3 9/6/2011 10:02:12.6689312
Insert Area--NEGROS-OCC-REGION-AREA4 9/6/2011 10:02:12.8564312
Insert Area--NEGROS-OCC-REGION-AREA5 9/6/2011 10:02:13.0595562
Insert Area--NEGROS-ORIENTAL-REGION-AREA1 9/6/2011 10:02:13.2470562
Insert Area--NEGROS-ORIENTAL-REGION-AREA2 9/6/2011 10:02:13.4345562
Insert Area--NEGROS-ORIENTAL-REGION-AREA3 9/6/2011 10:02:13.6220562
Insert Area--NEGROS-ORIENTAL-REGION-AREA4 9/6/2011 10:02:13.8095562
Insert Area--OZAMIS-MINDANAO-REGION-AREA1 9/6/2011 10:02:13.9814312
Insert Area--OZAMIS-MINDANAO-REGION-AREA2 9/6/2011 10:02:14.1845562
Insert Area--OZAMIS-MINDANAO-REGION-AREA3 9/6/2011 10:02:14.3720562
Insert Area--OZAMIS-MINDANAO-REGION-AREA4 9/6/2011 10:02:14.5595562
Insert Area--OZAMIS-MINDANAO-REGION-AREA5 9/6/2011 10:02:14.7939312
Insert Area--PANAY-ROMBLON-REGION-AREA1 9/6/2011 10:02:14.9970562
Insert Area--PANAY-ROMBLON-REGION-AREA2 9/6/2011 10:02:15.2001812
Insert Area--PANAY-ROMBLON-REGION-AREA3 9/6/2011 10:02:15.3876812
Insert Area--PANAY-ROMBLON-REGION-AREA4 9/6/2011 10:02:15.5908062
Insert Area--PANAY-ROMBLON-REGION-AREA5 9/6/2011 10:02:15.7783062
Insert Area--SAMAR-REGION-AREA1 9/6/2011 10:02:15.9658062
Insert Area--SAMAR-REGION-AREA2 9/6/2011 10:02:16.1689312
Insert Area--SAMAR-REGION-AREA3 9/6/2011 10:02:16.3564312
Insert Area--SOCSKSARGEN-MINDANAO-AREA1 9/6/2011 10:02:16.5283062
Insert Area--SOCSKSARGEN-MINDANAO-AREA1 9/6/2011 10:02:16.7158062
Insert Area--SOCSKSARGEN-MINDANAO-AREA2 9/6/2011 10:02:16.9033062
Insert Area--SOCSKSARGEN-MINDANAO-AREA3 9/6/2011 10:02:17.0908062
Insert Area--SOCSKSARGEN-MINDANAO-AREA4 9/6/2011 10:02:17.2783062
Insert Area--VISAYAS-SHOWROOMS 9/6/2011 10:02:17.4658062
Insert Area--ZAMBASTA-MINDANAO-AREA1 9/6/2011 10:02:17.6533062
Insert Area--ZAMBASTA-MINDANAO-AREA2 9/6/2011 10:02:17.8251812
Insert Area--ZAMBASTA-MINDANAO-AREA3 9/6/2011 10:02:18.0126812
Insert region--ANAKROM-REGION 9/6/2011 10:02:18.1689312
Insert region--CAGAYAN-REGION 9/6/2011 10:02:18.2939312
Insert region--CARAGA-REGION 9/6/2011 10:02:18.4345562
Insert region--Cebu Central 9/6/2011 10:02:18.5595562
Insert region--Cebu North 9/6/2011 10:02:18.6689312
Insert region--Cebu South 9/6/2011 10:02:18.7939312
Insert region--DAVA0-MINDANAO-REGION 9/6/2011 10:02:18.9189312
Insert region--DIPOLOG-MINDANAO-REGION 9/6/2011 10:02:19.0439312
Insert region--HO 9/6/2011 10:02:19.1689312
Insert region--LA-SHOWROOMS 9/6/2011 10:02:19.2939312
Insert region--LEYTE-REGION 9/6/2011 10:02:19.4345562
Insert region--LUZON/NCR-SHOWROOMS 9/6/2011 10:02:19.5595562
Insert region--NEGROS-OCC-REGION 9/6/2011 10:02:19.6845562
Insert region--NEGROS-ORIENTAL-REGION 9/6/2011 10:02:19.8095562
Insert region--OZAMIS-MINDANAO-REGION 9/6/2011 10:02:19.9501812
Insert region--PANAY-ROMBLON-REGION 9/6/2011 10:02:20.0908062
Insert region--SAMAR-REGION 9/6/2011 10:02:20.2314312
Insert region--SOCSKSARGEN-MINDANAO-REGION 9/6/2011 10:02:20.3720562
Insert region--VISMIN-SHOWROOMS 9/6/2011 10:02:20.5126812
Insert region--ZAMBASTA-MINDANAO-REGION 9/6/2011 10:02:20.6533062
Insert Vismin Wide--  9/6/2011 10:02:22.6376812
Update--941 9/5/2011 10:04:30.2944878
Update--677 9/5/2011 10:04:54.6852689
Update--711 9/5/2011 10:05:01.1696854
Update--712 9/5/2011 10:05:04.4509564
Update--726 9/5/2011 10:05:10.6072458
Update--036 9/5/2011 10:05:19.5916783
Update--057 9/5/2011 10:05:27.1542267
Update--066 9/5/2011 10:05:33.3105161
Update--079 9/5/2011 10:05:40.6543131
Update--264 9/5/2011 10:06:06.6701046
Update--593 9/5/2011 10:06:12.1076394
Update--628 9/5/2011 10:06:15.2326594
Update--582 9/5/2011 10:06:21.5295747
Update--537 9/5/2011 10:06:26.9358593
Update--396 9/5/2011 10:06:32.5296451
Update--280 9/5/2011 10:06:37.9671799
Update--281 9/5/2011 10:06:44.0140936
Update--284 9/5/2011 10:06:49.8891312
Update--285 9/5/2011 10:06:57.1391776
Update--290 9/5/2011 10:07:03.7485949
Update--720 9/5/2011 10:07:07.7329954
Update--696 9/5/2011 10:07:14.9049163
Update--697 9/5/2011 10:07:21.0612057
Update--673 9/5/2011 10:07:26.8268676
Update--875 9/5/2011 10:07:37.2488093
Update--730 9/5/2011 10:07:42.5613433
Update--731 9/5/2011 10:07:48.5926319
Update--724 9/5/2011 10:07:55.1707990
Update--725 9/5/2011 10:08:01.1239621
Update--727 9/5/2011 10:08:09.6708512
Update--291 9/5/2011 10:08:19.7021012
Update--287 9/5/2011 10:08:39.4521012
Update--289 9/5/2011 10:08:50.0302262
Update--583 9/5/2011 10:08:58.6239762
Update--639 9/5/2011 10:09:05.1552262
Update--288 9/5/2011 10:09:12.3271012
Update--292 9/5/2011 10:09:19.3114762
Update--282 9/5/2011 10:09:26.7802262
Update--283 9/5/2011 10:09:36.0771012
Update--246 9/5/2011 10:09:43.7646012
Update--248 9/5/2011 10:09:51.1083512
Update--250 9/5/2011 10:10:08.3271332
Update--251 9/5/2011 10:10:43.7179847
Update--252 9/5/2011 10:10:55.0930575
Update--254 9/5/2011 10:11:01.6399744
Update--679 9/5/2011 10:11:05.3274980
Update--668 9/5/2011 10:11:11.0306595
Update--747 9/5/2011 10:11:18.0619545
Update--843 9/5/2011 10:11:26.9370113
Update--005 9/5/2011 10:11:41.6089802
Update--533 9/5/2011 10:12:10.3904144
Update--519 9/5/2011 10:12:30.7186695
Update--574 9/5/2011 10:12:39.2499741
Update--373 9/5/2011 10:12:46.8125225
Update--346 9/5/2011 10:12:55.2032012
Update--347 9/5/2011 10:13:03.1407520
Update--348 9/5/2011 10:13:12.6878675
Update--349 9/5/2011 10:13:45.8293409
Update--350 9/5/2011 10:13:54.3920601
Update--351 9/5/2011 10:14:04.0797846
Update--352 9/5/2011 10:14:13.5953487
Update--353 9/5/2011 10:14:25.2671490
Update--338 9/5/2011 10:14:39.3451839
Update--339 9/5/2011 10:14:51.8451039
Update--342 9/5/2011 10:15:02.3450367
Update--550 9/5/2011 10:15:12.0794052
Update--528 9/5/2011 10:15:23.4856552
Update--627 9/5/2011 10:15:31.8137802
Update--604 9/5/2011 10:15:39.8762802
Update--880 9/5/2011 10:15:48.0794052
Update--881 9/5/2011 10:15:56.8294052
Update--948 9/5/2011 10:16:10.6420447
Update--995 9/5/2011 10:16:19.8140958
Update--355 9/5/2011 10:16:27.2048627
Update--356 9/5/2011 10:16:36.3456632
Update--359 9/5/2011 10:16:46.1114757
Update--360 9/5/2011 10:16:54.5803883
Update--361 9/5/2011 10:17:04.2211930
Update--362 9/5/2011 10:17:35.0028370
Update--363 9/5/2011 10:17:42.0185518
Update--365 9/5/2011 10:17:52.7218138
Update--368 9/5/2011 10:18:00.2375350
Update--344 9/5/2011 10:18:08.6282338
Update--335 9/5/2011 10:18:19.8001803
Update--336 9/5/2011 10:18:29.1752403
Update--340 9/5/2011 10:18:39.7221828
Update--341 9/5/2011 10:18:46.5816017
Update--640 9/5/2011 10:18:51.4410078
Update--558 9/5/2011 10:19:01.1910702
Update--172 9/5/2011 10:19:08.8942445
Update--687 9/5/2011 10:19:16.2849168
Update--688 9/5/2011 10:19:21.1599480
Update--689 9/5/2011 10:19:27.3474876
Update--879 9/5/2011 10:19:37.9413054
Update--343 9/5/2011 10:19:54.0507835
Update--354 9/5/2011 10:20:03.0352160
Update--364 9/5/2011 10:20:13.8478522
Update--405 9/5/2011 10:20:25.5355018
Update--406 9/5/2011 10:20:40.8638230
Update--407 9/5/2011 10:20:52.2545938
Update--408 9/5/2011 10:21:01.4265862
Update--410 9/5/2011 10:21:13.2391743
Update--412 9/5/2011 10:21:20.3954701
Update--413 9/5/2011 10:21:30.0986572
Update--414 9/5/2011 10:21:41.8956077
Update--415 9/5/2011 10:22:30.3957452
Update--416 9/5/2011 10:22:40.1613702
Update--417 9/5/2011 10:22:52.3488702
Update--418 9/5/2011 10:23:03.3176202
Update--618 9/5/2011 10:23:10.2394952
Update--619 9/5/2011 10:23:19.8176202
Update--108 9/5/2011 10:23:30.2551202
Update--845 9/5/2011 10:23:38.8332452
Update--748 9/5/2011 10:23:47.0051202
Update--878 9/5/2011 10:23:54.7394952
Update--954 9/5/2011 10:24:02.2238702
Update--419 9/5/2011 10:24:09.5833246
Update--420 9/5/2011 10:24:17.6146774
Update--421 9/5/2011 10:24:24.5522662
Update--409 9/5/2011 10:24:34.7711470
Update--427 9/5/2011 10:24:41.5837342
Update--428 9/5/2011 10:24:48.4900726
Update--429 9/5/2011 10:24:58.7558290
Update--430 9/5/2011 10:25:05.6309170
Update--423 9/5/2011 10:25:13.8810226
Update--424 9/5/2011 10:25:22.8342622
Update--425 9/5/2011 10:25:31.0843678
Update--439 9/5/2011 10:25:37.2875722
Update--440 9/5/2011 10:25:44.7251674
Update--441 9/5/2011 10:25:52.6158934
Update--431 9/5/2011 10:26:00.4441186
Update--432 9/5/2011 10:26:08.7254062
Update--433 9/5/2011 10:26:20.1472812
Update--434 9/5/2011 10:26:30.0222812
Update--435 9/5/2011 10:26:40.8972812
Update--436 9/5/2011 10:26:47.2879062
Update--437 9/5/2011 10:26:54.9441562
Update--620 9/5/2011 10:27:02.1629062
Update--718 9/5/2011 10:27:07.4129062
Update--719 9/5/2011 10:27:17.2566562
Update--868 9/5/2011 10:27:35.0066562
Update--750 9/5/2011 10:27:47.8191562
Update--846 9/5/2011 10:27:57.4129062
Update--105 9/5/2011 10:28:06.6160519
Update--018 9/5/2011 10:28:14.2254756
Update--037 9/5/2011 10:28:23.1474077
Update--040 9/5/2011 10:28:36.0224901
Update--029 9/5/2011 10:28:45.8038027
Update--030 9/5/2011 10:28:55.0851121
Update--032 9/5/2011 10:29:02.6320354
Update--033 9/5/2011 10:29:08.9913793
Update--034 9/5/2011 10:29:18.1788205
Update--035 9/5/2011 10:29:27.4912609
Update--022 9/5/2011 10:29:39.8349319
Update--023 9/5/2011 10:29:47.8973803
Update--024 9/5/2011 10:29:54.4442134
Update--025 9/5/2011 10:30:25.7569426
Update--026 9/5/2011 10:30:35.0539366
Update--027 9/5/2011 10:30:43.0384138
Update--028 9/5/2011 10:30:52.5697858
Update--019 9/5/2011 10:31:04.1636742
Update--020 9/5/2011 10:31:13.1480492
Update--078 9/5/2011 10:31:22.7886742
Update--526 9/5/2011 10:31:31.8199242
Update--512 9/5/2011 10:31:38.3824242
Update--749 9/5/2011 10:31:46.7105492
Update--867 9/5/2011 10:31:56.2105492
Update--508 9/5/2011 10:32:05.4449374
Update--616 9/5/2011 10:32:13.9293667
Update--633 9/5/2011 10:32:22.1325442
Update--045 9/5/2011 10:32:31.1326018
Update--046 9/5/2011 10:32:36.9607641
Update--047 9/5/2011 10:32:42.7733013
Update--048 9/5/2011 10:32:48.8670903
Update--049 9/5/2011 10:32:55.3827570
Update--050 9/5/2011 10:33:01.4296707
Update--054 9/5/2011 10:33:34.7111337
Update--042 9/5/2011 10:33:44.4924463
Update--052 9/5/2011 10:34:19.9613172
Update--325 9/5/2011 10:34:29.1644422
Update--053 9/5/2011 10:34:43.8206922
Update--043 9/5/2011 10:34:51.5706922
Update--055 9/5/2011 10:35:03.0706922
Update--051 9/5/2011 10:35:13.6331922
Update--041 9/5/2011 10:35:22.3050672
Update--038 9/5/2011 10:35:32.1644422
Update--532 9/5/2011 10:35:39.4769422
Update--866 9/5/2011 10:35:50.4769422
Update--722 9/5/2011 10:35:56.0081922
710 9/5/2011 10:35:58.4144422
Update--721 9/5/2011 10:36:03.8050699
Update--864 9/5/2011 10:36:12.1176231
Update--865 9/5/2011 10:36:21.5708086
Update--571 9/5/2011 10:36:28.6802291
Update--547 9/5/2011 10:36:40.3521788
Update--644 9/5/2011 10:36:46.2897168
Update--578 9/5/2011 10:36:53.7116393
Update--591 9/5/2011 10:37:02.3366945
Update--067 9/5/2011 10:37:10.7898736
Update--068 9/5/2011 10:37:17.1336642
Update--069 9/5/2011 10:37:24.9618393
Update--065 9/5/2011 10:37:33.1181415
Update--260 9/5/2011 10:37:39.5713078
Update--240 9/5/2011 10:37:47.3213574
Update--070 9/5/2011 10:37:53.8838994
Update--071 9/5/2011 10:38:04.2433407
Update--072 9/5/2011 10:38:11.2590106
Update--073 9/5/2011 10:38:23.0247109
Update--056 9/5/2011 10:38:42.6185863
Update--064 9/5/2011 10:39:01.7280836
Update--087 9/5/2011 10:39:13.9937192
Update--585 9/5/2011 10:39:21.6499692
Update--511 9/5/2011 10:39:28.1343442
Update--699 9/5/2011 10:39:31.1812192
Update--936 9/5/2011 10:39:39.1812192
Update--943 9/5/2011 10:39:48.1187192
Update--088 9/5/2011 10:39:55.7124692
Update--089 9/5/2011 10:40:05.0249797
Update--090 9/5/2011 10:40:22.1813395
Update--092 9/5/2011 10:40:29.9313891
Update--093 9/5/2011 10:40:37.5720630
Update--094 9/5/2011 10:40:45.6814899
Update--080 9/5/2011 10:40:55.5878033
Update--081 9/5/2011 10:41:09.5253925
Update--082 9/5/2011 10:41:17.7285700
Update--084 9/5/2011 10:41:26.2442495
Update--085 9/5/2011 10:41:37.6661976
Update--086 9/5/2011 10:41:49.5412736
Update--083 9/5/2011 10:42:00.8382209
Update--095 9/5/2011 10:42:11.4632372
Update--074 9/5/2011 10:42:20.1819872
Update--075 9/5/2011 10:42:29.1663622
Update--076 9/5/2011 10:42:39.3538622
Update--573 9/5/2011 10:42:52.1507372
Update--937 9/5/2011 10:43:05.1038732
Update--938 9/5/2011 10:43:15.5570651
Update--728 9/5/2011 10:43:21.0727254
Update--656 9/5/2011 10:43:26.2290084
Update--869 9/5/2011 10:43:34.4946863
Update--944 9/5/2011 10:43:44.4478750
Update--945 9/5/2011 10:43:56.2917008
Update--997 9/5/2011 10:44:07.9480254
Update--058 9/5/2011 10:44:18.8543452
Update--059 9/5/2011 10:44:31.5263013
Update--060 9/5/2011 10:44:41.7138665
Update--061 9/5/2011 10:44:52.7608122
Update--062 9/5/2011 10:45:02.2921232
Update--063 9/5/2011 10:45:13.4953199
Update--120 9/5/2011 10:45:25.8078987
Update--121 9/5/2011 10:45:34.5267045
Update--122 9/5/2011 10:45:45.1048972
Update--123 9/5/2011 10:45:54.3237062
Update--124 9/5/2011 10:46:00.7299972
Update--125 9/5/2011 10:46:09.4956392
Update--126 9/5/2011 10:46:19.9331392
Update--128 9/5/2011 10:46:32.6518892
Update--129 9/5/2011 10:46:46.1050142
Update--130 9/5/2011 10:46:56.7768892
Update--575 9/5/2011 10:47:10.1835307
Update--555 9/5/2011 10:47:21.5748118
Update--839 9/5/2011 10:47:34.8412009
Update--835 9/5/2011 10:47:43.2323092
Update--666 9/5/2011 10:47:46.7168849
Update--702 9/5/2011 10:47:54.0766838
Update--947 9/5/2011 10:48:02.1552741
Update--549 9/5/2011 10:48:12.2957422
Update--566 9/5/2011 10:48:24.0298168
Update--567 9/5/2011 10:48:32.2327318
Update--106 9/5/2011 10:48:39.1231804
Update--103 9/5/2011 10:48:50.2010218
Update--104 9/5/2011 10:49:05.2787850
Update--096 9/5/2011 10:49:14.9349114
Update--097 9/5/2011 10:49:24.1066690
Update--098 9/5/2011 10:49:32.7784330
Update--099 9/5/2011 10:49:42.1845626
Update--100 9/5/2011 10:49:51.0281994
Update--101 9/5/2011 10:50:00.7624498
Update--017 9/5/2011 10:50:08.9030765
Update--109 9/5/2011 10:50:16.6375010
Update--112 9/5/2011 10:50:28.5125770
Update--115 9/5/2011 10:50:38.1688888
Update--117 9/5/2011 10:50:46.6533181
Update--118 9/5/2011 10:50:56.6690072
Update--119 9/5/2011 10:51:04.5752926
Update--953 9/5/2011 10:51:18.7002022
Update--670 9/5/2011 10:51:28.1532667
Update--834 9/5/2011 10:51:40.3719385
Update--876 9/5/2011 10:51:51.3562432
Update--836 9/5/2011 10:52:03.1061680
Update--837 9/5/2011 10:52:14.6530412
Update--838 9/5/2011 10:52:25.7467912
Update--116 9/5/2011 10:52:37.2311662
Update--113 9/5/2011 10:52:48.1999162
Update--114 9/5/2011 10:52:57.8561662
Update--110 9/5/2011 10:53:07.7780693
Update--111 9/5/2011 10:53:15.6374946
Update--107 9/5/2011 10:53:28.6844531
Update--559 9/5/2011 10:53:55.0752470
Update--515 9/5/2011 10:54:06.1534252
Update--527 9/5/2011 10:54:14.0909252
Update--602 9/5/2011 10:54:23.2784252
Update--624 9/5/2011 10:54:42.4659252
Update--136 9/5/2011 10:55:01.2940502
Update--298 9/5/2011 10:55:07.2159497
Update--299 9/5/2011 10:55:12.6534845
Update--300 9/5/2011 10:55:22.9191752
Update--301 9/5/2011 10:55:31.6848563
Update--303 9/5/2011 10:55:44.8255654
Update--306 9/5/2011 10:55:52.1537373
Update--308 9/5/2011 10:56:02.1381762
Update--309 9/5/2011 10:56:10.9194824
Update--302 9/5/2011 10:56:20.6695448
Update--326 9/5/2011 10:56:30.6539837
Update--327 9/5/2011 10:56:43.2634394
Update--328 9/5/2011 10:56:53.0291269
Update--329 9/5/2011 10:57:02.3104363
Update--333 9/5/2011 10:57:11.0917425
Update--334 9/5/2011 10:57:17.7949104
Update--127 9/5/2011 10:57:27.3887218
Update--540 9/5/2011 10:57:39.1856723
Update--541 9/5/2011 10:57:49.7638650
Update--893 9/5/2011 10:57:56.6545341
Update--894 9/5/2011 10:58:08.6858950
Update--661 9/5/2011 10:58:14.0609638
Update--701 9/5/2011 10:58:17.3735062
Update--892 9/5/2011 10:58:25.7486134
Update--426 9/5/2011 10:58:34.0924702
Update--315 9/5/2011 10:58:40.9988086
Update--316 9/5/2011 10:58:47.7176446
Update--319 9/5/2011 10:58:55.7177470
Update--320 9/5/2011 10:59:07.4834702
Update--321 9/5/2011 10:59:18.9678452
Update--322 9/5/2011 10:59:25.2490952
Update--323 9/5/2011 10:59:33.6709702
Update--307 9/5/2011 10:59:40.0459702
Update--311 9/5/2011 10:59:47.2959702
Update--312 9/5/2011 10:59:53.0615952
Update--286 9/5/2011 11:00:03.3740952
Update--313 9/5/2011 11:00:13.6241607
Update--314 9/5/2011 11:00:31.0773974
Update--310 9/5/2011 11:00:45.4681145
Update--317 9/5/2011 11:00:56.2494335
Update--148 9/5/2011 11:01:06.7026042
Update--517 9/5/2011 11:01:17.5619792
Update--590 9/5/2011 11:01:26.9682292
Update--709 9/5/2011 11:01:30.1557292
Update--671 9/5/2011 11:01:33.6088542
Update--890 9/5/2011 11:01:45.4057292
Update--891 9/5/2011 11:01:53.0307292
Update--860 9/5/2011 11:02:02.5776042
Update--324 9/5/2011 11:02:15.9212740
Update--332 9/5/2011 11:02:26.2180831
Update--330 9/5/2011 11:02:39.3586240
Update--271 9/5/2011 11:02:49.1866861
Update--608 9/5/2011 11:02:56.9210116
Update--622 9/5/2011 11:03:04.8897298
Update--570 9/5/2011 11:03:11.9210248
Update--565 9/5/2011 11:03:20.5460800
Update--545 9/5/2011 11:03:29.1867603
Update--553 9/5/2011 11:03:40.2493311
Update--442 9/5/2011 11:03:51.5462784
Update--443 9/5/2011 11:04:01.3119659
Update--438 9/5/2011 11:04:09.6244792
Update--445 9/5/2011 11:04:22.3119792
Update--447 9/5/2011 11:04:27.4369792
Update--448 9/5/2011 11:04:37.9682292
Update--449 9/5/2011 11:04:47.3744792
Update--450 9/5/2011 11:04:56.3901042
Update--854 9/5/2011 11:05:04.2494792
Update--991 9/5/2011 11:05:14.8432292
Update--884 9/5/2011 11:05:25.7963542
Update--451 9/5/2011 11:05:37.6557292
Update--452 9/5/2011 11:05:50.0463542
Update--459 9/5/2011 11:06:11.2339546
Update--460 9/5/2011 11:06:27.3591610
Update--461 9/5/2011 11:06:36.4061518
Update--462 9/5/2011 11:06:50.8594618
Update--463 9/5/2011 11:06:59.3126950
Update--464 9/5/2011 11:07:06.7971440
Update--455 9/5/2011 11:07:17.8128395
Update--457 9/5/2011 11:07:25.8441409
Update--564 9/5/2011 11:07:36.6723352
Update--630 9/5/2011 11:07:44.0630075
Update--606 9/5/2011 11:07:53.2193161
Update--612 9/5/2011 11:08:01.8287462
Update--610 9/5/2011 11:08:13.9226410
Update--611 9/5/2011 11:08:22.6883782
Update--548 9/5/2011 11:08:33.4541410
Update--524 9/5/2011 11:08:47.4230698
Update--458 9/5/2011 11:09:01.6263766
Update--479 9/5/2011 11:09:10.4857742
Update--453 9/5/2011 11:09:27.4232742
Update--454 9/5/2011 11:09:45.4857742
Update--233 9/5/2011 11:09:57.2670242
Update--885 9/5/2011 11:10:09.9857320
Update--886 9/5/2011 11:10:20.0950423
Update--887 9/5/2011 11:10:29.2668586
Update--888 9/5/2011 11:10:41.2042822
Update--663 9/5/2011 11:10:50.1261001
Update--001 9/5/2011 11:10:56.1573115
Update--207 9/5/2011 11:11:09.7510152
Update--208 9/5/2011 11:11:30.0635152
Update--209 9/5/2011 11:11:40.0635152
Update--210 9/5/2011 11:11:48.7510152
Update--212 9/5/2011 11:11:58.7978902
Update--214 9/5/2011 11:12:11.3136166
Update--215 9/5/2011 11:12:30.6419890
Update--216 9/5/2011 11:12:37.7514550
Update--217 9/5/2011 11:12:46.9234474
Update--218 9/5/2011 11:12:55.2048034
Update--645 9/5/2011 11:13:00.5954974
Update--650 9/5/2011 11:13:08.5486582
Update--651 9/5/2011 11:13:14.7517832
Update--674 9/5/2011 11:13:18.7986582
Update--675 9/5/2011 11:13:24.4705332
Update--949 9/5/2011 11:13:35.5486582
Update--996 9/5/2011 11:13:50.0174082
Update--874 9/5/2011 11:14:00.7049082
Update--579 9/5/2011 11:14:20.4551266
Update--201 9/5/2011 11:14:43.4241706
Update--202 9/5/2011 11:15:00.8150182
Update--203 9/5/2011 11:15:16.8307622
Update--204 9/5/2011 11:15:28.6745880
Update--205 9/5/2011 11:15:40.6590397
Update--193 9/5/2011 11:15:50.4559774
Update--194 9/5/2011 11:15:57.8622748
Update--195 9/5/2011 11:16:12.7061198
Update--196 9/5/2011 11:16:35.9250184
Update--197 9/5/2011 11:17:00.7376772
Update--198 9/5/2011 11:17:13.3315078
Update--199 9/5/2011 11:17:27.9566014
Update--191 9/5/2011 11:17:36.6129068
Update--221 9/5/2011 11:17:48.5661083
Update--222 9/5/2011 11:18:00.1755576
Update--223 9/5/2011 11:18:24.3630782
Update--224 9/5/2011 11:18:38.2068282
Update--225 9/5/2011 11:18:50.3005782
Update--226 9/5/2011 11:19:10.1599965
Update--227 9/5/2011 11:19:22.3475745
Update--228 9/5/2011 11:19:33.5351461
Update--229 9/5/2011 11:19:52.2852661
Update--230 9/5/2011 11:20:11.3010128
Update--206 9/5/2011 11:20:18.8323110
Update--219 9/5/2011 11:20:27.5198666
Update--634 9/5/2011 11:20:32.5355237
Update--872 9/5/2011 11:20:42.7387140
Update--698 9/5/2011 11:20:47.8637468
Update--993 9/5/2011 11:20:57.7700602
Update--844 9/5/2011 11:21:05.2076078
Update--851 9/5/2011 11:21:12.3639036
Update--007 9/5/2011 11:21:21.9889652
Update--012 9/5/2011 11:21:31.2077742
Update--013 9/5/2011 11:21:42.5828470
Update--014 9/5/2011 11:21:53.7704186
Update--006 9/5/2011 11:22:03.0204778
Update--008 9/5/2011 11:22:12.1299111
Update--009 9/5/2011 11:22:21.6924723
Update--010 9/5/2011 11:22:28.8643932
Update--011 9/5/2011 11:22:38.1769528
Update--015 9/5/2011 11:22:50.3332806
Update--016 9/5/2011 11:22:58.5364581
Update--369 9/5/2011 11:23:06.5365093
Update--946 9/5/2011 11:23:17.3803287
Update--738 9/5/2011 11:23:24.3647484
Update--870 9/5/2011 11:23:34.7241897
