941 10/4/2011 06:04:52.1604459
677 10/4/2011 06:04:54.4416813
711 10/4/2011 06:04:56.4729183
712 10/4/2011 06:04:58.5354051
726 10/4/2011 06:05:02.0510076
036 10/4/2011 06:05:06.0353571
057 10/4/2011 06:05:09.9103323
066 10/4/2011 06:05:14.0509308
079 10/4/2011 06:05:18.4884333
264 10/4/2011 06:05:22.7072373
593 10/4/2011 06:05:27.0822933
628 10/4/2011 06:05:33.6761277
582 10/4/2011 06:05:40.2855873
537 10/4/2011 06:05:45.6762813
396 10/4/2011 06:05:51.7076085
280 10/4/2011 06:05:57.3483057
281 10/4/2011 06:06:02.8952517
284 10/4/2011 06:06:11.0359809
285 10/4/2011 06:06:21.2236390
290 10/4/2011 06:06:43.1615602
720 10/4/2011 06:06:58.0212205
696 10/4/2011 06:07:01.3337841
697 10/4/2011 06:07:05.4119874
673 10/4/2011 06:07:10.1464533
875 10/4/2011 06:07:16.2715709
727 10/4/2011 06:07:22.0528989
730 10/4/2011 06:07:26.3029533
731 10/4/2011 06:07:30.3030045
724 10/4/2011 06:07:35.0686905
725 10/4/2011 06:07:39.2249937
291 10/4/2011 06:07:44.9594421
287 10/4/2011 06:07:52.4907885
289 10/4/2011 06:07:58.2252369
583 10/4/2011 06:08:15.3817065
639 10/4/2011 06:08:17.8973701
288 10/4/2011 06:08:22.0693252
292 10/4/2011 06:08:26.2100297
282 10/4/2011 06:08:30.1632306
283 10/4/2011 06:08:35.8664651
246 10/4/2011 06:08:39.9290431
250 10/4/2011 06:08:44.3041271
251 10/4/2011 06:08:48.6167099
252 10/4/2011 06:08:53.0074192
254 10/4/2011 06:08:56.7887418
248 10/4/2011 06:09:00.5075632
747 10/4/2011 06:09:04.8670219
843 10/4/2011 06:09:09.4921107
679 10/4/2011 06:09:11.4608985
668 10/4/2011 06:09:13.5078128
574 10/4/2011 06:09:18.0078708
519 10/4/2011 06:09:22.4140926
533 10/4/2011 06:09:26.8046895
346 10/4/2011 06:09:31.4452848
347 10/4/2011 06:09:35.8671315
348 10/4/2011 06:09:40.2108537
349 10/4/2011 06:09:44.4295767
350 10/4/2011 06:09:48.8357985
351 10/4/2011 06:09:52.9451472
352 10/4/2011 06:09:57.4607433
353 10/4/2011 06:10:02.0544639
373 10/4/2011 06:10:09.3044175
338 10/4/2011 06:10:15.8356257
339 10/4/2011 06:10:24.1949939
342 10/4/2011 06:10:32.3824939
528 10/4/2011 06:10:40.5856189
550 10/4/2011 06:10:48.7731189
604 10/4/2011 06:10:56.8824939
627 10/4/2011 06:11:04.5856189
880 10/4/2011 06:11:08.7418689
881 10/4/2011 06:11:13.3043689
948 10/4/2011 06:11:18.6324939
995 10/4/2011 06:11:23.2887439
355 10/4/2011 06:11:28.9137439
356 10/4/2011 06:11:33.6324939
359 10/4/2011 06:11:38.3512439
360 10/4/2011 06:11:42.7887439
361 10/4/2011 06:11:47.3981189
362 10/4/2011 06:12:01.4449939
363 10/4/2011 06:12:05.7262439
368 10/4/2011 06:12:09.9293689
365 10/4/2011 06:12:14.6168689
344 10/4/2011 06:12:19.0856329
340 10/4/2011 06:12:25.0544211
341 10/4/2011 06:12:29.3513236
640 10/4/2011 06:12:32.4450934
558 10/4/2011 06:12:37.3357497
335 10/4/2011 06:12:42.1326554
336 10/4/2011 06:12:47.0233117
172 10/4/2011 06:12:51.6639664
687 10/4/2011 06:12:58.9452630
688 10/4/2011 06:13:01.1171519
689 10/4/2011 06:13:03.1952902
879 10/4/2011 06:13:07.8515700
343 10/4/2011 06:13:12.3203486
354 10/4/2011 06:13:16.8672527
364 10/4/2011 06:13:21.3672815
410 10/4/2011 06:13:26.3985637
412 10/4/2011 06:13:30.1173375
413 10/4/2011 06:13:46.2268156
414 10/4/2011 06:13:59.7269020
415 10/4/2011 06:14:07.8363289
416 10/4/2011 06:14:20.9614129
405 10/4/2011 06:14:29.2114657
407 10/4/2011 06:14:37.7115201
408 10/4/2011 06:14:42.3990501
618 10/4/2011 06:14:50.5553523
620 10/4/2011 06:14:59.1804075
108 10/4/2011 06:15:07.2117089
845 10/4/2011 06:15:20.7898959
862 10/4/2011 06:15:28.9773959
748 10/4/2011 06:15:36.8523959
878 10/4/2011 06:15:45.1648959
619 10/4/2011 06:15:53.2430209
430 10/4/2011 06:16:01.3055209
406 10/4/2011 06:16:09.6648959
417 10/4/2011 06:16:17.7117709
418 10/4/2011 06:16:26.0555209
419 10/4/2011 06:16:34.5086459
420 10/4/2011 06:16:42.6180209
421 10/4/2011 06:16:50.7273959
423 10/4/2011 06:16:58.7586459
424 10/4/2011 06:17:07.1336459
425 10/4/2011 06:17:15.3992709
431 10/4/2011 06:17:23.4930631
409 10/4/2011 06:17:31.7587410
427 10/4/2011 06:17:39.6806667
428 10/4/2011 06:17:47.8369689
429 10/4/2011 06:17:56.3838986
434 10/4/2011 06:18:00.4776748
954 10/4/2011 06:18:04.7589522
719 10/4/2011 06:18:06.4308379
718 10/4/2011 06:18:08.3058499
435 10/4/2011 06:18:12.6340026
436 10/4/2011 06:18:16.8371545
437 10/4/2011 06:18:21.1340841
439 10/4/2011 06:18:25.7903937
440 10/4/2011 06:18:29.8373205
441 10/4/2011 06:18:33.9623733
432 10/4/2011 06:18:38.0874261
433 10/4/2011 06:18:42.4937325
105 10/4/2011 06:18:46.9469145
037 10/4/2011 06:18:50.8532145
040 10/4/2011 06:18:55.4001477
029 10/4/2011 06:19:00.2595849
030 10/4/2011 06:19:05.3846505
032 10/4/2011 06:19:09.8847081
033 10/4/2011 06:19:13.9785105
034 10/4/2011 06:19:18.6973094
035 10/4/2011 06:19:25.1192255
018 10/4/2011 06:19:29.1973766
750 10/4/2011 06:19:32.6973990
868 10/4/2011 06:19:36.7911752
846 10/4/2011 06:19:41.0099522
749 10/4/2011 06:19:45.1349786
867 10/4/2011 06:19:49.9475094
019 10/4/2011 06:19:54.6506645
020 10/4/2011 06:19:58.9475670
022 10/4/2011 06:20:06.2913640
023 10/4/2011 06:20:10.7288924
024 10/4/2011 06:20:15.2445463
025 10/4/2011 06:20:19.5258069
026 10/4/2011 06:20:23.8539319
027 10/4/2011 06:20:27.9164319
028 10/4/2011 06:20:32.2601819
078 10/4/2011 06:20:36.4476819
526 10/4/2011 06:20:40.8539319
512 10/4/2011 06:20:45.0883069
508 10/4/2011 06:20:49.2601819
616 10/4/2011 06:20:53.6508069
633 10/4/2011 06:20:56.3539319
045 10/4/2011 06:21:01.4476819
046 10/4/2011 06:21:05.8383069
047 10/4/2011 06:21:12.6039319
048 10/4/2011 06:21:17.1195583
049 10/4/2011 06:21:25.2446103
050 10/4/2011 06:21:29.9946407
054 10/4/2011 06:21:34.6665456
042 10/4/2011 06:21:39.3072003
052 10/4/2011 06:21:43.4791020
325 10/4/2011 06:21:47.3697519
053 10/4/2011 06:21:52.1197823
043 10/4/2011 06:21:58.2135713
055 10/4/2011 06:22:02.3698479
051 10/4/2011 06:22:06.5417496
041 10/4/2011 06:22:10.9324027
038 10/4/2011 06:22:15.0418040
532 10/4/2011 06:22:19.2449409
866 10/4/2011 06:22:23.2605659
722 10/4/2011 06:22:28.2605659
721 10/4/2011 06:22:30.6355659
864 10/4/2011 06:22:34.8230659
865 10/4/2011 06:22:38.7761909
710 10/4/2011 06:22:40.4324409
644 10/4/2011 06:22:42.8074409
547 10/4/2011 06:22:46.9011909
591 10/4/2011 06:22:50.9480659
571 10/4/2011 06:22:54.4636909
578 10/4/2011 06:22:58.4168159
067 10/4/2011 06:23:03.6824409
068 10/4/2011 06:23:07.8074409
069 10/4/2011 06:23:11.9324409
065 10/4/2011 06:23:16.2136909
260 10/4/2011 06:23:19.9324409
240 10/4/2011 06:23:23.6824409
070 10/4/2011 06:23:27.4011909
071 10/4/2011 06:23:31.3230659
072 10/4/2011 06:23:35.3386909
073 10/4/2011 06:23:39.8543159
056 10/4/2011 06:23:43.8699409
064 10/4/2011 06:23:47.9480659
087 10/4/2011 06:23:51.8855659
585 10/4/2011 06:23:56.0105659
511 10/4/2011 06:24:00.2605659
699 10/4/2011 06:24:02.4793159
936 10/4/2011 06:24:06.5418159
943 10/4/2011 06:24:10.9480659
088 10/4/2011 06:24:15.1199409
089 10/4/2011 06:24:19.5262077
090 10/4/2011 06:24:23.7293596
092 10/4/2011 06:24:28.1668880
093 10/4/2011 06:24:32.0731630
094 10/4/2011 06:24:35.7763117
080 10/4/2011 06:24:40.6825931
081 10/4/2011 06:24:45.4169984
082 10/4/2011 06:24:49.9795276
084 10/4/2011 06:24:54.2295548
085 10/4/2011 06:24:58.4014565
086 10/4/2011 06:25:02.6202335
083 10/4/2011 06:25:06.6827595
095 10/4/2011 06:25:10.9640369
074 10/4/2011 06:25:15.1828139
075 10/4/2011 06:25:19.0266021
076 10/4/2011 06:25:23.1516549
573 10/4/2011 06:25:27.3079581
937 10/4/2011 06:25:31.4330109
938 10/4/2011 06:25:36.1518213
656 10/4/2011 06:25:38.0268453
869 10/4/2011 06:25:41.9487705
728 10/4/2011 06:25:43.9175457
944 10/4/2011 06:25:48.1988505
945 10/4/2011 06:25:52.3395285
997 10/4/2011 06:25:56.5583325
058 10/4/2011 06:26:01.0271397
059 10/4/2011 06:26:05.2459437
060 10/4/2011 06:26:09.1522437
061 10/4/2011 06:26:13.1522949
062 10/4/2011 06:26:17.1523429
063 10/4/2011 06:26:21.2460929
120 10/4/2011 06:26:25.7304679
121 10/4/2011 06:26:29.6523429
122 10/4/2011 06:26:33.8398429
125 10/4/2011 06:26:38.0742179
126 10/4/2011 06:26:42.6679679
128 10/4/2011 06:26:46.6679679
129 10/4/2011 06:26:51.4179679
130 10/4/2011 06:26:55.7460929
575 10/4/2011 06:27:00.6679679
835 10/4/2011 06:27:05.0585929
702 10/4/2011 06:27:07.1679679
666 10/4/2011 06:27:09.1367179
839 10/4/2011 06:27:13.7929679
555 10/4/2011 06:27:18.5742286
123 10/4/2011 06:27:22.9023813
124 10/4/2011 06:27:27.0117826
106 10/4/2011 06:27:31.1524341
103 10/4/2011 06:27:35.8087139
109 10/4/2011 06:27:40.3399929
112 10/4/2011 06:27:44.6837707
115 10/4/2011 06:27:48.6525461
117 10/4/2011 06:27:52.8244478
118 10/4/2011 06:27:56.9963495
119 10/4/2011 06:28:01.0901257
834 10/4/2011 06:28:05.8089059
670 10/4/2011 06:28:07.5901673
953 10/4/2011 06:28:11.7620690
876 10/4/2011 06:28:15.8089699
947 10/4/2011 06:28:20.2621234
104 10/4/2011 06:28:25.0434040
096 10/4/2011 06:28:29.2465559
097 10/4/2011 06:28:33.6215839
098 10/4/2011 06:28:37.6684848
099 10/4/2011 06:28:41.7310108
100 10/4/2011 06:28:46.0435384
101 10/4/2011 06:28:50.3091907
017 10/4/2011 06:28:54.3404665
566 10/4/2011 06:28:58.9967463
567 10/4/2011 06:29:03.4967751
549 10/4/2011 06:29:09.4968135
559 10/4/2011 06:29:14.0280925
107 10/4/2011 06:29:18.3249859
116 10/4/2011 06:29:22.5281109
113 10/4/2011 06:29:26.7624859
114 10/4/2011 06:29:31.0749859
110 10/4/2011 06:29:35.4187359
111 10/4/2011 06:29:39.6374859
836 10/4/2011 06:29:44.3249859
837 10/4/2011 06:29:49.0749859
838 10/4/2011 06:29:53.2312359
723 10/4/2011 06:29:55.1843609
739 10/4/2011 06:29:56.8874859
136 10/4/2011 06:30:00.5906109
308 10/4/2011 06:30:05.0906109
309 10/4/2011 06:30:09.5749859
298 10/4/2011 06:30:13.8093609
299 10/4/2011 06:30:17.8562359
300 10/4/2011 06:30:22.1374859
301 10/4/2011 06:30:27.0437359
303 10/4/2011 06:30:31.2468609
306 10/4/2011 06:30:35.5437359
527 10/4/2011 06:30:39.7937359
515 10/4/2011 06:30:44.0593609
602 10/4/2011 06:30:48.2781109
624 10/4/2011 06:30:52.2312359
540 10/4/2011 06:30:56.7624859
541 10/4/2011 06:31:01.1687359
302 10/4/2011 06:31:05.3249859
333 10/4/2011 06:31:10.6999859
334 10/4/2011 06:31:15.5437359
326 10/4/2011 06:31:20.1687568
327 10/4/2011 06:31:24.3719087
328 10/4/2011 06:31:28.5281853
329 10/4/2011 06:31:32.6375866
127 10/4/2011 06:31:36.6688624
893 10/4/2011 06:31:40.7157633
894 10/4/2011 06:31:45.2001670
661 10/4/2011 06:31:47.3251806
701 10/4/2011 06:31:49.1064420
319 10/4/2011 06:31:53.7470967
320 10/4/2011 06:31:57.7627474
321 10/4/2011 06:32:01.9502742
322 10/4/2011 06:32:06.0284253
323 10/4/2011 06:32:10.7315804
307 10/4/2011 06:32:14.6378554
311 10/4/2011 06:32:18.9816332
312 10/4/2011 06:32:23.2941608
315 10/4/2011 06:32:27.5441880
316 10/4/2011 06:32:32.0910921
286 10/4/2011 06:32:36.7161217
426 10/4/2011 06:32:40.9505238
517 10/4/2011 06:32:45.1224255
590 10/4/2011 06:32:49.3880778
317 10/4/2011 06:32:53.6693552
313 10/4/2011 06:32:57.8412569
314 10/4/2011 06:33:02.1381594
310 10/4/2011 06:33:06.3100611
148 10/4/2011 06:33:10.8257150
709 10/4/2011 06:33:12.4194752
671 10/4/2011 06:33:14.1382362
890 10/4/2011 06:33:18.4351485
891 10/4/2011 06:33:23.2008345
860 10/4/2011 06:33:27.1071345
332 10/4/2011 06:33:31.1228109
324 10/4/2011 06:33:35.7009945
330 10/4/2011 06:33:39.9041733
271 10/4/2011 06:33:43.9667253
570 10/4/2011 06:33:47.6855229
565 10/4/2011 06:33:51.9668277
622 10/4/2011 06:33:55.9356285
608 10/4/2011 06:33:59.8263033
545 10/4/2011 06:34:04.1857341
553 10/4/2011 06:34:08.3420373
442 10/4/2011 06:34:12.3733389
443 10/4/2011 06:34:16.4515161
438 10/4/2011 06:34:20.7640219
445 10/4/2011 06:34:25.3890219
447 10/4/2011 06:34:29.3108969
448 10/4/2011 06:34:33.8577719
449 10/4/2011 06:34:38.4202719
450 10/4/2011 06:34:42.7952719
991 10/4/2011 06:34:47.2796469
854 10/4/2011 06:34:52.3890219
884 10/4/2011 06:34:56.7015219
451 10/4/2011 06:35:01.0140219
452 10/4/2011 06:35:04.9827719
459 10/4/2011 06:35:09.1233969
460 10/4/2011 06:35:13.3421469
461 10/4/2011 06:35:17.4671505
462 10/4/2011 06:35:21.5765518
463 10/4/2011 06:35:26.0922057
464 10/4/2011 06:35:30.4047333
455 10/4/2011 06:35:35.2016390
457 10/4/2011 06:35:39.9516694
606 10/4/2011 06:35:45.1235775
612 10/4/2011 06:35:49.3736047
630 10/4/2011 06:35:52.5142498
564 10/4/2011 06:35:57.1549045
610 10/4/2011 06:36:01.1549301
611 10/4/2011 06:36:05.2174561
548 10/4/2011 06:36:09.9518614
524 10/4/2011 06:36:14.9831436
458 10/4/2011 06:36:19.2644059
479 10/4/2011 06:36:23.8425309
453 10/4/2011 06:36:28.2175309
454 10/4/2011 06:36:32.3581559
233 10/4/2011 06:36:36.4519059
885 10/4/2011 06:36:40.8112809
886 10/4/2011 06:36:45.1706559
887 10/4/2011 06:36:50.0612809
888 10/4/2011 06:36:54.5300309
663 10/4/2011 06:36:56.5456559
001 10/4/2011 06:36:58.2019059
207 10/4/2011 06:37:03.0144059
208 10/4/2011 06:37:07.1862809
209 10/4/2011 06:37:11.1550309
210 10/4/2011 06:37:15.9987809
212 10/4/2011 06:37:20.5300309
214 10/4/2011 06:37:24.8737809
215 10/4/2011 06:37:29.1550309
216 10/4/2011 06:37:33.5456559
217 10/4/2011 06:37:37.7956559
218 10/4/2011 06:37:42.4831559
674 10/4/2011 06:37:44.2019059
675 10/4/2011 06:37:45.9831559
645 10/4/2011 06:37:47.8112809
650 10/4/2011 06:37:49.8737809
651 10/4/2011 06:37:51.9675309
949 10/4/2011 06:37:57.2800309
996 10/4/2011 06:38:02.0925309
874 10/4/2011 06:38:06.6862809
191 10/4/2011 06:38:10.9519059
201 10/4/2011 06:38:15.3269059
202 10/4/2011 06:38:20.2487809
203 10/4/2011 06:38:24.3269059
204 10/4/2011 06:38:28.8581559
205 10/4/2011 06:38:33.4206559
193 10/4/2011 06:38:37.5769059
194 10/4/2011 06:38:40.5144059
195 10/4/2011 06:38:44.8269059
196 10/4/2011 06:38:49.5300309
197 10/4/2011 06:38:54.1237809
198 10/4/2011 06:38:58.6550309
199 10/4/2011 06:39:02.9987809
579 10/4/2011 06:39:07.6706559
634 10/4/2011 06:39:10.0925309
206 10/4/2011 06:39:14.7956559
219 10/4/2011 06:39:19.0300445
221 10/4/2011 06:39:23.4519478
222 10/4/2011 06:39:27.6238495
223 10/4/2011 06:39:31.9363771
224 10/4/2011 06:39:36.3114051
225 10/4/2011 06:39:40.5458072
226 10/4/2011 06:39:44.9989607
227 10/4/2011 06:39:49.2333628
228 10/4/2011 06:39:53.5771406
229 10/4/2011 06:39:57.8115427
230 10/4/2011 06:40:01.9521942
872 10/4/2011 06:40:08.2491095
993 10/4/2011 06:40:13.1085156
698 10/4/2011 06:40:15.1866539
844 10/4/2011 06:40:19.1398185
851 10/4/2011 06:40:23.2961217
007 10/4/2011 06:40:28.0618077
012 10/4/2011 06:40:32.9368701
013 10/4/2011 06:40:37.9369341
014 10/4/2011 06:40:42.7338705
005 10/4/2011 06:40:47.1245517
006 10/4/2011 06:40:51.7652361
568 10/4/2011 06:40:56.4371709
892 10/4/2011 06:41:01.2653577
939 10/4/2011 06:41:05.9060421
946 10/4/2011 06:41:10.7654793
369 10/4/2011 06:41:15.4999149
008 10/4/2011 06:41:20.2343079
009 10/4/2011 06:41:25.0155579
010 10/4/2011 06:41:28.8593079
011 10/4/2011 06:41:33.4843079
015 10/4/2011 06:41:38.1093079
016 10/4/2011 06:41:42.5155579
163 10/4/2011 06:41:47.1561829
176 10/4/2011 06:41:51.5155579
177 10/4/2011 06:41:56.2655579
178 10/4/2011 06:42:00.6093079
180 10/4/2011 06:42:05.2030579
609 10/4/2011 06:42:09.3593079
614 10/4/2011 06:42:13.4374329
597 10/4/2011 06:42:17.8280638
870 10/4/2011 06:42:22.0624659
738 10/4/2011 06:42:24.2968552
705 10/4/2011 06:42:26.2968680
751 10/4/2011 06:42:30.1250175
636 10/4/2011 06:42:32.5781582
181 10/4/2011 06:42:37.7188161
182 10/4/2011 06:42:43.0313501
183 10/4/2011 06:42:47.4688785
184 10/4/2011 06:42:51.4532790
185 10/4/2011 06:42:55.6408058
186 10/4/2011 06:43:00.0158338
188 10/4/2011 06:43:04.3908618
189 10/4/2011 06:43:08.4690129
190 10/4/2011 06:43:12.6409146
318 10/4/2011 06:43:16.8596916
179 10/4/2011 06:43:20.6409658
173 10/4/2011 06:43:25.3441209
174 10/4/2011 06:43:29.9379003
164 10/4/2011 06:43:34.4691793
601 10/4/2011 06:43:38.7817069
580 10/4/2011 06:43:43.3598612
737 10/4/2011 06:43:45.8286270
685 10/4/2011 06:43:47.8598900
994 10/4/2011 06:43:52.2192929
987 10/4/2011 06:43:56.6099460
686 10/4/2011 06:43:58.5318333
707 10/4/2011 06:44:01.4537270
669 10/4/2011 06:44:07.2037638
736 10/4/2011 06:44:11.2350396
603 10/4/2011 06:44:16.6100740
504 10/4/2011 06:44:20.9382267
374 10/4/2011 06:44:25.6570069
165 10/4/2011 06:44:30.1257855
167 10/4/2011 06:44:35.0945673
168 10/4/2011 06:44:39.1727184
171 10/4/2011 06:44:43.5477464
169 10/4/2011 06:44:48.7665298
170 10/4/2011 06:44:52.9540566
166 10/4/2011 06:44:58.0009639
337 10/4/2011 06:45:02.1259903
505 10/4/2011 06:45:06.2666418
635 10/4/2011 06:45:08.3760303
706 10/4/2011 06:45:10.1885419
999 10/4/2011 06:45:14.2041926
678 10/4/2011 06:45:15.9854540
853 10/4/2011 06:45:21.0635849
764 10/4/2011 06:45:25.1104599
595 10/4/2011 06:45:29.1885849
539 10/4/2011 06:45:33.6573349
155 10/4/2011 06:45:38.1573349
156 10/4/2011 06:45:42.2823349
157 10/4/2011 06:45:46.5948349
158 10/4/2011 06:45:51.0792099
159 10/4/2011 06:45:55.2667099
149 10/4/2011 06:45:59.5323349
151 10/4/2011 06:46:03.7823349
152 10/4/2011 06:46:08.5323349
147 10/4/2011 06:46:12.8604599
145 10/4/2011 06:46:17.0948361
146 10/4/2011 06:46:20.9854860
153 10/4/2011 06:46:25.4230144
154 10/4/2011 06:46:29.4230400
144 10/4/2011 06:46:33.7668178
160 10/4/2011 06:46:39.0481016
161 10/4/2011 06:46:43.5950057
305 10/4/2011 06:46:47.4700305
529 10/4/2011 06:46:51.7356828
530 10/4/2011 06:46:56.0638355
588 10/4/2011 06:47:00.1107364
584 10/4/2011 06:47:04.1732624
758 10/4/2011 06:47:08.2201633
744 10/4/2011 06:47:10.7358044
716 10/4/2011 06:47:15.1264575
657 10/4/2011 06:47:17.3139715
680 10/4/2011 06:47:19.0171074
681 10/4/2011 06:47:20.7827437
717 10/4/2011 06:47:23.0327581
708 10/4/2011 06:47:25.0640211
741 10/4/2011 06:47:27.0952841
734 10/4/2011 06:47:30.0953033
871 10/4/2011 06:47:34.7515831
950 10/4/2011 06:47:39.3766127
952 10/4/2011 06:47:44.5797710
637 10/4/2011 06:47:46.7672850
638 10/4/2011 06:47:49.3454265
613 10/4/2011 06:47:53.3767023
518 10/4/2011 06:47:57.2204769
143 10/4/2011 06:48:01.2361276
133 10/4/2011 06:48:05.9392827
137 10/4/2011 06:48:09.7830573
138 10/4/2011 06:48:14.3612116
139 10/4/2011 06:48:19.3768529
140 10/4/2011 06:48:23.7362279
021 10/4/2011 06:48:27.6112279
141 10/4/2011 06:48:32.0643529
142 10/4/2011 06:48:36.6424779
131 10/4/2011 06:48:40.9862279
132 10/4/2011 06:48:45.2362279
134 10/4/2011 06:48:49.6268529
135 10/4/2011 06:48:53.8768529
642 10/4/2011 06:48:56.1424779
345 10/4/2011 06:48:59.9393529
951 10/4/2011 06:49:04.3299779
761 10/4/2011 06:49:07.2831029
752 10/4/2011 06:49:11.1893529
714 10/4/2011 06:49:14.3456029
715 10/4/2011 06:49:16.2518529
690 10/4/2011 06:49:18.6268529
682 10/4/2011 06:49:20.9706029
659 10/4/2011 06:49:22.7674779
691 10/4/2011 06:49:24.9237279
665 10/4/2011 06:49:28.9706029
732 10/4/2011 06:49:31.6112279
983 10/4/2011 06:49:38.8924779
984 10/4/2011 06:49:46.4706029
477 10/4/2011 06:49:50.6581029
478 10/4/2011 06:49:55.4237279
469 10/4/2011 06:50:00.4081029
470 10/4/2011 06:50:04.8456029
472 10/4/2011 06:50:09.6581029
473 10/4/2011 06:50:14.6268529
497 10/4/2011 06:50:19.3299934
546 10/4/2011 06:50:23.9393979
476 10/4/2011 06:50:28.7206785
480 10/4/2011 06:50:33.6269599
481 10/4/2011 06:50:38.0644883
483 10/4/2011 06:50:43.4863980
484 10/4/2011 06:50:48.9083077
485 10/4/2011 06:50:54.5333437
486 10/4/2011 06:50:59.9083781
759 10/4/2011 06:51:04.7365340
840 10/4/2011 06:51:09.6740656
692 10/4/2011 06:51:11.6272031
683 10/4/2011 06:51:13.5022151
684 10/4/2011 06:51:15.6272287
649 10/4/2011 06:51:18.2522455
694 10/4/2011 06:51:20.1116324
695 10/4/2011 06:51:22.9397755
985 10/4/2011 06:51:31.7054566
482 10/4/2011 06:51:36.5804878
475 10/4/2011 06:51:42.3461497
366 10/4/2011 06:51:47.2680562
367 10/4/2011 06:51:52.5493400
370 10/4/2011 06:51:57.6431226
371 10/4/2011 06:52:02.4244032
552 10/4/2011 06:52:07.4869356
551 10/4/2011 06:52:13.4088485
581 10/4/2011 06:52:17.7057510
986 10/4/2011 06:52:21.8620276
877 10/4/2011 06:52:26.4089317
733 10/4/2011 06:52:28.9714481
664 10/4/2011 06:52:31.1745872
882 10/4/2011 06:52:36.0808686
982 10/4/2011 06:52:43.6590421
536 10/4/2011 06:52:49.2528279
474 10/4/2011 06:52:54.9559894
465 10/4/2011 06:53:00.0341469
466 10/4/2011 06:53:05.6904331
467 10/4/2011 06:53:10.9560918
543 10/4/2011 06:53:17.5498799
522 10/4/2011 06:53:21.7217549
102 10/4/2011 06:53:26.6280049
269 10/4/2011 06:53:30.9717549
273 10/4/2011 06:53:36.3780049
274 10/4/2011 06:53:42.2217549
275 10/4/2011 06:53:47.2842549
262 10/4/2011 06:53:52.0342549
267 10/4/2011 06:53:57.4561299
293 10/4/2011 06:54:02.4717549
259 10/4/2011 06:54:07.9561299
729 10/4/2011 06:54:09.7530049
745 10/4/2011 06:54:14.9405049
766 10/4/2011 06:54:19.0186299
676 10/4/2011 06:54:20.7998799
255 10/4/2011 06:54:25.8467549
256 10/4/2011 06:54:31.2061299
257 10/4/2011 06:54:35.9092549
258 10/4/2011 06:54:40.7061299
263 10/4/2011 06:54:46.2686299
261 10/4/2011 06:54:51.5655049
266 10/4/2011 06:54:55.9873799
563 10/4/2011 06:55:01.1436299
535 10/4/2011 06:55:06.7217549
514 10/4/2011 06:55:11.9717549
272 10/4/2011 06:55:16.9873804
265 10/4/2011 06:55:22.1749136
294 10/4/2011 06:55:27.7061990
296 10/4/2011 06:55:32.8312318
297 10/4/2011 06:55:38.2531415
277 10/4/2011 06:55:42.5344189
278 10/4/2011 06:55:48.3938314
279 10/4/2011 06:55:54.0344925
775 10/4/2011 06:55:58.0345181
779 10/4/2011 06:56:01.5032903
660 10/4/2011 06:56:03.7533047
693 10/4/2011 06:56:05.9408187
249 10/4/2011 06:56:12.1439834
247 10/4/2011 06:56:16.2690098
253 10/4/2011 06:56:21.4721973
241 10/4/2011 06:56:26.8628913
242 10/4/2011 06:56:32.1285837
243 10/4/2011 06:56:37.2536493
244 10/4/2011 06:56:41.5662045
245 10/4/2011 06:56:47.4725301
513 10/4/2011 06:56:52.0038381
557 10/4/2011 06:56:57.2226549
509 10/4/2011 06:57:02.9727285
510 10/4/2011 06:57:13.9103685
523 10/4/2011 06:57:19.6447819
295 10/4/2011 06:57:25.0822819
268 10/4/2011 06:57:29.4729069
276 10/4/2011 06:57:36.2229069
044 10/4/2011 06:57:43.1604069
662 10/4/2011 06:57:48.6447819
842 10/4/2011 06:57:56.1760319
743 10/4/2011 06:57:58.9416569
647 10/4/2011 06:58:01.4260319
648 10/4/2011 06:58:06.0197819
704 10/4/2011 06:58:08.2697819
236 10/4/2011 06:58:13.8479069
237 10/4/2011 06:58:19.6291743
234 10/4/2011 06:58:25.2542103
232 10/4/2011 06:58:29.6761136
192 10/4/2011 06:58:35.2542743
556 10/4/2011 06:58:40.3011816
544 10/4/2011 06:58:45.8480921
607 10/4/2011 06:58:51.6762544
617 10/4/2011 06:58:56.7231617
596 10/4/2011 06:59:02.6450746
525 10/4/2011 06:59:09.7701202
534 10/4/2011 06:59:15.2701554
238 10/4/2011 06:59:22.0514488
239 10/4/2011 06:59:28.2077382
646 10/4/2011 06:59:30.9108805
762 10/4/2011 06:59:36.1921643
998 10/4/2011 06:59:41.6609493
873 10/4/2011 06:59:47.7547383
655 10/4/2011 06:59:51.2547607
700 10/4/2011 06:59:54.6141572
231 10/4/2011 07:00:02.8485849
235 10/4/2011 07:00:09.6923787
503 10/4/2011 07:00:18.0049249
594 10/4/2011 07:00:23.4580499
598 10/4/2011 07:00:29.5049249
372 10/4/2011 07:00:34.9892999
381 10/4/2011 07:00:40.6924249
422 10/4/2011 07:00:51.0674249
375 10/4/2011 07:00:58.5830499
376 10/4/2011 07:01:04.7392999
377 10/4/2011 07:01:10.2080499
378 10/4/2011 07:01:16.0049249
200 10/4/2011 07:01:22.3173903
767 10/4/2011 07:01:26.7392370
955 10/4/2011 07:01:33.8641914
863 10/4/2011 07:01:40.8953964
742 10/4/2011 07:01:44.4891234
667 10/4/2011 07:01:47.9422263
175 10/4/2011 07:01:53.9109381
397 10/4/2011 07:02:00.7390194
398 10/4/2011 07:02:06.5514822
399 10/4/2011 07:02:12.4264446
400 10/4/2011 07:02:19.4889489
401 10/4/2011 07:02:25.5202761
382 10/4/2011 07:02:29.3797005
404 10/4/2011 07:02:34.9110213
444 10/4/2011 07:02:40.3485909
600 10/4/2011 07:02:45.7392849
625 10/4/2011 07:02:52.4581209
626 10/4/2011 07:02:57.3800589
629 10/4/2011 07:03:02.0676189
538 10/4/2011 07:03:08.4895761
383 10/4/2011 07:03:14.8021569
385 10/4/2011 07:03:22.1615925
386 10/4/2011 07:03:29.9585174
388 10/4/2011 07:03:37.5679411
389 10/4/2011 07:03:42.8648500
390 10/4/2011 07:03:48.8805135
220 10/4/2011 07:03:54.0992969
331 10/4/2011 07:03:59.4118309
841 10/4/2011 07:04:05.3493689
956 10/4/2011 07:04:11.1775312
883 10/4/2011 07:04:17.8807053
740 10/4/2011 07:04:19.8963561
187 10/4/2011 07:04:25.8183069
391 10/4/2011 07:04:31.3965033
392 10/4/2011 07:04:36.4121925
393 10/4/2011 07:04:43.0841529
394 10/4/2011 07:04:51.2873829
402 10/4/2011 07:04:57.3343353
403 10/4/2011 07:05:03.5687901
560 10/4/2011 07:05:10.4595033
561 10/4/2011 07:05:16.2877029
572 10/4/2011 07:05:22.4283359
605 10/4/2011 07:05:27.8658359
641 10/4/2011 07:05:31.2408359
379 10/4/2011 07:05:37.2252109
380 10/4/2011 07:05:43.1002109
213 10/4/2011 07:05:49.3189609
703 10/4/2011 07:05:51.2408359
889 10/4/2011 07:05:56.6002109
384 10/4/2011 07:06:03.1002109
621 10/4/2011 07:06:08.8345859
569 10/4/2011 07:06:14.9283359
507 10/4/2011 07:06:21.1314609
562 10/4/2011 07:06:27.0064609
632 10/4/2011 07:06:30.1627109
623 10/4/2011 07:06:35.8814609
003 10/4/2011 07:06:42.8033359
004 10/4/2011 07:06:50.6627109
652 10/4/2011 07:06:54.2720859
653 10/4/2011 07:06:57.1002109
833 10/4/2011 07:07:02.2252109
658 10/4/2011 07:07:04.6939609
957 10/4/2011 07:07:17.9127173
589 10/4/2011 07:07:23.0221250
586 10/4/2011 07:07:28.7409116
501 10/4/2011 07:07:34.4440731
502 10/4/2011 07:07:40.2409852
521 10/4/2011 07:07:46.1785232
487 10/4/2011 07:07:52.5535640
489 10/4/2011 07:07:59.2254817
490 10/4/2011 07:08:06.1786512
491 10/4/2011 07:08:11.6474362
494 10/4/2011 07:08:18.8193449
495 10/4/2011 07:08:25.0693449
496 10/4/2011 07:08:31.3505949
488 10/4/2011 07:08:37.7724699
506 10/4/2011 07:08:44.0849699
500 10/4/2011 07:08:51.1162199
554 10/4/2011 07:08:58.3193449
587 10/4/2011 07:09:03.9443449
599 10/4/2011 07:09:09.7099699
615 10/4/2011 07:09:15.0849699
942 10/4/2011 07:09:20.7255949
776 10/4/2011 07:09:25.0537199
735 10/4/2011 07:09:29.1787199
940 10/4/2011 07:09:35.3193449
992 10/4/2011 07:09:41.7412199
542 10/4/2011 07:09:47.4443449
498 10/4/2011 07:09:53.5380949
499 10/4/2011 07:09:59.5693449
531 10/4/2011 07:10:05.2724699
493 10/4/2011 07:10:11.3505949
Insert Area--<none> 10/4/2011 07:10:11.7412199
Insert Area--ANAKROM-REGION-AREA1 10/4/2011 07:10:12.1162199
Insert Area--ANAKROM-REGION-AREA2 10/4/2011 07:10:12.4443449
Insert Area--ANAKROM-REGION-AREA3 10/4/2011 07:10:12.7724699
Insert Area--ANAKROM-REGION-AREA4 10/4/2011 07:10:13.1005949
Insert Area--CAGAYAN-REGION-AREA1 10/4/2011 07:10:13.4443449
Insert Area--CAGAYAN-REGION-AREA2 10/4/2011 07:10:13.7724699
Insert Area--CAGAYAN-REGION-AREA3 10/4/2011 07:10:14.1005949
Insert Area--CAGAYAN-REGION-AREA4 10/4/2011 07:10:14.4287199
Insert Area--CAGAYAN-REGION-AREA5 10/4/2011 07:10:14.7568449
Insert Area--CARAGA-REGION-AREA1 10/4/2011 07:10:15.0849699
Insert Area--CARAGA-REGION-AREA1 10/4/2011 07:10:15.4130949
Insert Area--CARAGA-REGION-AREA2 10/4/2011 07:10:15.7412199
Insert Area--CARAGA-REGION-AREA3 10/4/2011 07:10:16.1005949
Insert Area--CARAGA-REGION-AREA4 10/4/2011 07:10:16.4287199
Insert Area--Cebu Central A 10/4/2011 07:10:16.7568449
Insert Area--Cebu Central B 10/4/2011 07:10:17.0849721
Insert Area--Cebu Central C 10/4/2011 07:10:17.4131013
Insert Area--Cebu Central D 10/4/2011 07:10:17.7412305
Insert Area--Cebu North A 10/4/2011 07:10:18.0693597
Insert Area--Cebu North A 10/4/2011 07:10:18.3974889
Insert Area--Cebu North B 10/4/2011 07:10:18.7256181
Insert Area--Cebu North C 10/4/2011 07:10:19.0537473
Insert Area--Cebu North D 10/4/2011 07:10:19.3818765
Insert Area--Cebu North E 10/4/2011 07:10:19.7100057
Insert Area--Cebu South A 10/4/2011 07:10:20.0381349
Insert Area--Cebu South B 10/4/2011 07:10:20.3506389
Insert Area--Cebu South C 10/4/2011 07:10:20.6787681
Insert Area--CEBU SOUTH D 10/4/2011 07:10:21.0225225
Insert Area--CEBU SOUTH E 10/4/2011 07:10:21.3506517
Insert Area--DAVA0-MINDANAO-REGION-AREA1 10/4/2011 07:10:21.6787809
Insert Area--DAVA0-MINDANAO-REGION-AREA2 10/4/2011 07:10:22.0069101
Insert Area--DAVA0-MINDANAO-REGION-AREA3 10/4/2011 07:10:22.3350393
Insert Area--DAVA0-MINDANAO-REGION-AREA4 10/4/2011 07:10:22.6631685
Insert Area--DAVA0-MINDANAO-REGION-AREA5 10/4/2011 07:10:22.9912977
Insert Area--DIPOLOG-MINDANAO-REGION-AREA1 10/4/2011 07:10:23.3194269
Insert Area--DIPOLOG-MINDANAO-REGION-AREA2 10/4/2011 07:10:23.6475561
Insert Area--DIPOLOG-MINDANAO-REGION-AREA3 10/4/2011 07:10:23.9600601
Insert Area--HO 10/4/2011 07:10:24.2881893
Insert Area--LEYTE-REGION-AREA1 10/4/2011 07:10:24.6163185
Insert Area--LEYTE-REGION-AREA2 10/4/2011 07:10:24.9444477
Insert Area--LEYTE-REGION-AREA2 10/4/2011 07:10:25.2882021
Insert Area--LEYTE-REGION-AREA3 10/4/2011 07:10:25.6163313
Insert Area--LUZON-SHOWROOMS 10/4/2011 07:10:25.9444605
Insert Area--MINDANAO-SHOWROOMS 10/4/2011 07:10:26.2882149
Insert Area--NCR-SHOWROOMS 10/4/2011 07:10:26.6319693
Insert Area--NEGROS-OCC-REGION-AREA1 10/4/2011 07:10:26.9757237
Insert Area--NEGROS-OCC-REGION-AREA2 10/4/2011 07:10:27.3038529
Insert Area--NEGROS-OCC-REGION-AREA3 10/4/2011 07:10:27.6476073
Insert Area--NEGROS-OCC-REGION-AREA4 10/4/2011 07:10:27.9601113
Insert Area--NEGROS-OCC-REGION-AREA5 10/4/2011 07:10:28.2882405
Insert Area--NEGROS-ORIENTAL-REGION-AREA1 10/4/2011 07:10:28.6163697
Insert Area--NEGROS-ORIENTAL-REGION-AREA2 10/4/2011 07:10:28.9601241
Insert Area--NEGROS-ORIENTAL-REGION-AREA3 10/4/2011 07:10:29.3195037
Insert Area--NEGROS-ORIENTAL-REGION-AREA4 10/4/2011 07:10:29.6632581
Insert Area--OZAMIS-MINDANAO-REGION-AREA1 10/4/2011 07:10:29.9913873
Insert Area--OZAMIS-MINDANAO-REGION-AREA2 10/4/2011 07:10:30.3351417
Insert Area--OZAMIS-MINDANAO-REGION-AREA3 10/4/2011 07:10:30.6632709
Insert Area--OZAMIS-MINDANAO-REGION-AREA4 10/4/2011 07:10:31.0070253
Insert Area--OZAMIS-MINDANAO-REGION-AREA5 10/4/2011 07:10:31.3351545
Insert Area--PANAY-ROMBLON-REGION-AREA1 10/4/2011 07:10:31.6945341
Insert Area--PANAY-ROMBLON-REGION-AREA2 10/4/2011 07:10:32.0226633
Insert Area--PANAY-ROMBLON-REGION-AREA3 10/4/2011 07:10:32.3664177
Insert Area--PANAY-ROMBLON-REGION-AREA4 10/4/2011 07:10:32.6945469
Insert Area--PANAY-ROMBLON-REGION-AREA5 10/4/2011 07:10:33.0383013
Insert Area--SAMAR-REGION-AREA1 10/4/2011 07:10:33.3664305
Insert Area--SAMAR-REGION-AREA2 10/4/2011 07:10:33.6945597
Insert Area--SAMAR-REGION-AREA3 10/4/2011 07:10:34.0383141
Insert Area--SOCSKSARGEN-MINDANAO-AREA1 10/4/2011 07:10:34.3820685
Insert Area--SOCSKSARGEN-MINDANAO-AREA2 10/4/2011 07:10:34.7101977
Insert Area--SOCSKSARGEN-MINDANAO-AREA3 10/4/2011 07:10:35.0539521
Insert Area--SOCSKSARGEN-MINDANAO-AREA4 10/4/2011 07:10:35.3977065
Insert Area--SOCSKSARGEN-MINDANAO-AREA5 10/4/2011 07:10:35.7258357
Insert Area--SOCSKSARGEN-MINDANAO-AREA6 10/4/2011 07:10:36.0695901
Insert Area--VISAYAS-SHOWROOMS 10/4/2011 07:10:36.3977193
Insert Area--ZAMBASTA-MINDANAO-AREA1 10/4/2011 07:10:36.7414737
Insert Area--ZAMBASTA-MINDANAO-AREA2 10/4/2011 07:10:37.0696029
Insert Area--ZAMBASTA-MINDANAO-AREA3 10/4/2011 07:10:37.3977321
Insert region--ANAKROM-REGION 10/4/2011 07:10:37.6164849
Insert region--CAGAYAN-REGION 10/4/2011 07:10:37.8039873
Insert region--CARAGA-REGION 10/4/2011 07:10:38.0071149
Insert region--Cebu Central 10/4/2011 07:10:38.1946173
Insert region--Cebu North 10/4/2011 07:10:38.3821197
Insert region--Cebu South 10/4/2011 07:10:38.5696221
Insert region--DAVA0-MINDANAO-REGION 10/4/2011 07:10:38.7727497
Insert region--DIPOLOG-MINDANAO-REGION 10/4/2011 07:10:38.9602521
Insert region--HO 10/4/2011 07:10:39.1477545
Insert region--LA-SHOWROOMS 10/4/2011 07:10:39.3352569
Insert region--LEYTE-REGION 10/4/2011 07:10:39.5227593
Insert region--LUZON/NCR-SHOWROOMS 10/4/2011 07:10:39.7102617
Insert region--NEGROS-OCC-REGION 10/4/2011 07:10:39.8977641
Insert region--NEGROS-ORIENTAL-REGION 10/4/2011 07:10:40.4290209
Insert region--OZAMIS-MINDANAO-REGION 10/4/2011 07:10:43.4915601
Insert region--PANAY-ROMBLON-REGION 10/4/2011 07:10:43.8196893
Insert region--SAMAR-REGION 10/4/2011 07:10:44.1321933
Insert region--SOCSKSARGEN-MINDANAO-REGION 10/4/2011 07:10:44.5540737
Insert region--VISMIN-SHOWROOMS 10/4/2011 07:10:55.9448445
Insert region--ZAMBASTA-MINDANAO-REGION 10/4/2011 07:11:16.2888549
Insert Vismin Wide--  10/4/2011 07:11:16.5544833
Update--941 10/3/2011 07:11:27.0389277
Update--677 10/3/2011 07:11:35.5546072
Update--711 10/3/2011 07:11:39.8671348
Update--712 10/3/2011 07:11:45.9609238
Update Area--<none> 10/3/2011 07:40:29.4524089
Update Area--ANAKROM-REGION-AREA1 10/3/2011 07:40:29.7961589
Update Area--ANAKROM-REGION-AREA2 10/3/2011 07:40:30.1399089
Update Area--ANAKROM-REGION-AREA3 10/3/2011 07:40:30.5149089
Update Area--ANAKROM-REGION-AREA4 10/3/2011 07:40:30.9055339
Update Area--CAGAYAN-REGION-AREA1 10/3/2011 07:40:31.2805339
Update Area--CAGAYAN-REGION-AREA2 10/3/2011 07:40:32.2180339
Update Area--CAGAYAN-REGION-AREA3 10/3/2011 07:40:32.5774089
Update Area--CAGAYAN-REGION-AREA4 10/3/2011 07:40:32.9211589
Update Area--CAGAYAN-REGION-AREA5 10/3/2011 07:40:33.2805339
Update Area--CARAGA-REGION-AREA1 10/3/2011 07:40:33.6242839
Update Area--CARAGA-REGION-AREA1 10/3/2011 07:40:33.9680339
Update--941 10/4/2011 07:40:49.3742839
Update--677 10/4/2011 07:40:52.8742839
Update--711 10/4/2011 07:40:55.4367839
Update--712 10/4/2011 07:40:58.6399089
Update--726 10/4/2011 07:41:11.2961589
Update--036 10/4/2011 07:41:49.0307394
Update--057 10/4/2011 07:42:07.7808594
Update--066 10/4/2011 07:42:19.3903087
Update--079 10/4/2011 07:42:39.3123112
Update--264 10/4/2011 07:43:11.0156391
Update--593 10/4/2011 07:43:18.0000657
Update--628 10/4/2011 07:43:25.6407885
Update--582 10/4/2011 07:43:36.0627969
Update--537 10/4/2011 07:44:00.0631041
Update--396 10/4/2011 07:44:18.9383328
Update--280 10/4/2011 07:44:24.1883664
Update--281 10/4/2011 07:44:39.3447134
Update--284 10/4/2011 07:45:01.4073546
Update--285 10/4/2011 07:45:18.1574539
Update--290 10/4/2011 07:45:23.9230789
Update--720 10/4/2011 07:45:27.7512039
Update--696 10/4/2011 07:45:31.2980789
Update--697 10/4/2011 07:45:40.8918289
Update--673 10/4/2011 07:45:44.9855789
Update--875 10/4/2011 07:45:51.1262039
Update--727 10/4/2011 07:45:58.5168289
Update--730 10/4/2011 07:46:01.9543289
Update--731 10/4/2011 07:46:05.5480789
Update--724 10/4/2011 07:46:08.7824539
Update--725 10/4/2011 07:46:12.9855789
Update--291 10/4/2011 07:46:19.9855789
Update--287 10/4/2011 07:46:27.2980789
Update--289 10/4/2011 07:46:38.7512039
Update--583 10/4/2011 07:46:49.8918289
Update--639 10/4/2011 07:46:56.2668289
Update--288 10/4/2011 07:47:03.9230789
Update--292 10/4/2011 07:47:09.7668289
Update--282 10/4/2011 07:47:17.2199539
Update--283 10/4/2011 07:47:23.0168289
Update--246 10/4/2011 07:47:28.6574539
Update--250 10/4/2011 07:47:34.5949539
Update--251 10/4/2011 07:47:41.5324539
Update--252 10/4/2011 07:47:48.0637039
Update--254 10/4/2011 07:48:02.0168289
Update--248 10/4/2011 07:48:27.4543963
Update--747 10/4/2011 07:48:51.2357985
Update--843 10/4/2011 07:48:58.1420927
Update--679 10/4/2011 07:49:18.7984749
Update--668 10/4/2011 07:49:38.2048491
Update--574 10/4/2011 07:49:56.0955886
Update--519 10/4/2011 07:50:04.7050187
Update--533 10/4/2011 07:50:12.3300675
Update--346 10/4/2011 07:50:17.9394849
Update--347 10/4/2011 07:50:23.8145601
Update--348 10/4/2011 07:50:33.5021841
Update--349 10/4/2011 07:50:45.2523345
Update--350 10/4/2011 07:50:52.7993061
Update--351 10/4/2011 07:51:00.8931597
Update--352 10/4/2011 07:51:06.9244869
Update--353 10/4/2011 07:51:16.5027345
Update--373 10/4/2011 07:51:21.4871149
Update--338 10/4/2011 07:51:27.1277399
Update--339 10/4/2011 07:51:33.5652399
Update--342 10/4/2011 07:51:39.1433649
Update--528 10/4/2011 07:51:47.1433649
Update--550 10/4/2011 07:51:57.7058649
Update--604 10/4/2011 07:52:03.4089899
Update--627 10/4/2011 07:52:06.9714899
Update--880 10/4/2011 07:52:12.7527399
Update--881 10/4/2011 07:52:21.0965166
Update--948 10/4/2011 07:52:25.9715478
Update--995 10/4/2011 07:52:32.9559675
Update--355 10/4/2011 07:52:38.4403776
Update--356 10/4/2011 07:52:43.8466622
Update--359 10/4/2011 07:52:49.2529468
Update--360 10/4/2011 07:52:58.7530076
Update--361 10/4/2011 07:53:04.5342946
Update--362 10/4/2011 07:53:09.4405760
Update--363 10/4/2011 07:53:15.4562395
Update--368 10/4/2011 07:53:21.2531516
Update--365 10/4/2011 07:53:28.3469470
Update--344 10/4/2011 07:53:44.4720502
Update--340 10/4/2011 07:54:03.6284228
Update--341 10/4/2011 07:54:15.8316259
Update--640 10/4/2011 07:54:23.0347970
Update--558 10/4/2011 07:54:44.1443071
Update--335 10/4/2011 07:55:06.6132009
Update--336 10/4/2011 07:55:29.5195169
Update--172 10/4/2011 07:55:35.5820169
Update--687 10/4/2011 07:55:38.1757669
Update--688 10/4/2011 07:55:41.8163919
Update--689 10/4/2011 07:55:46.4257669
Update--879 10/4/2011 07:55:53.1757669
Update--343 10/4/2011 07:55:59.5038919
Update--354 10/4/2011 07:56:07.3476419
Update--364 10/4/2011 07:56:14.1445169
Update--410 10/4/2011 07:56:21.8476734
Update--412 10/4/2011 07:56:27.9883377
Update--413 10/4/2011 07:56:34.4258789
Update--414 10/4/2011 07:56:40.7852946
Update--415 10/4/2011 07:56:48.8634713
Update--416 10/4/2011 07:56:54.5041324
Update--405 10/4/2011 07:57:02.4729334
Update--407 10/4/2011 07:57:08.9886001
Update--408 10/4/2011 07:57:14.3636345
Update--618 10/4/2011 07:57:19.8167944
Update--620 10/4/2011 07:57:25.0980782
Update--108 10/4/2011 07:57:31.8324963
Update--845 10/4/2011 07:57:45.4732086
Update--862 10/4/2011 07:58:19.6296599
Update--748 10/4/2011 07:58:37.2077849
Update--878 10/4/2011 07:58:43.7390349
Update--619 10/4/2011 07:58:49.2702849
Update--430 10/4/2011 07:58:58.1140349
Update--406 10/4/2011 07:59:04.3171599
Update--417 10/4/2011 07:59:10.0202849
Update--418 10/4/2011 07:59:16.9890353
Update--419 10/4/2011 07:59:23.8484542
Update--420 10/4/2011 07:59:30.3953711
Update--421 10/4/2011 07:59:36.6454111
Update--423 10/4/2011 07:59:44.6298372
Update--424 10/4/2011 07:59:51.9892593
Update--425 10/4/2011 08:00:01.6299460
Update--431 10/4/2011 08:00:11.8018861
Update--409 10/4/2011 08:00:28.9426208
Update--427 10/4/2011 08:00:53.3802772
Update--428 10/4/2011 08:01:00.9897009
Update--429 10/4/2011 08:01:10.2710103
Update--434 10/4/2011 08:01:17.2710529
Update--954 10/4/2011 08:01:23.9273029
Update--719 10/4/2011 08:01:48.5991779
Update--718 10/4/2011 08:01:51.6304279
Update--435 10/4/2011 08:02:02.9273029
Update--436 10/4/2011 08:02:15.3179279
Update--437 10/4/2011 08:02:23.6148457
Update--439 10/4/2011 08:02:33.5367842
Update--440 10/4/2011 08:02:40.0524509
Update--441 10/4/2011 08:02:55.2087979
Update--432 10/4/2011 08:03:08.8026349
Update--433 10/4/2011 08:03:18.4276965
Update--105 10/4/2011 08:03:25.1777397
Update--037 10/4/2011 08:03:31.9277829
Update--040 10/4/2011 08:03:38.8809524
Update--029 10/4/2011 08:03:47.8497598
Update--030 10/4/2011 08:03:58.2873266
Update--032 10/4/2011 08:04:03.4904849
Update--033 10/4/2011 08:04:10.3967791
Update--034 10/4/2011 08:04:16.7249446
Update--035 10/4/2011 08:04:22.2252171
Update--018 10/4/2011 08:04:27.6473697
Update--750 10/4/2011 08:04:32.2101033
Update--868 10/4/2011 08:04:38.7885651
Update--846 10/4/2011 08:04:45.8045493
Update--749 10/4/2011 08:04:51.8986113
Update--867 10/4/2011 08:05:00.0084015
Update--019 10/4/2011 08:05:07.7275467
Update--020 10/4/2011 08:05:13.1809509
Update--022 10/4/2011 08:05:18.9779917
Update--023 10/4/2011 08:05:24.8997909
Update--024 10/4/2011 08:05:40.1027213
Update--025 10/4/2011 08:05:47.1182565
Update--026 10/4/2011 08:05:55.4306501
Update--027 10/4/2011 08:06:05.5867701
Update--028 10/4/2011 08:06:13.6335421
Update--078 10/4/2011 08:06:34.7271359
Update--526 10/4/2011 08:06:43.4145803
Update--512 10/4/2011 08:06:49.0395443
Update--508 10/4/2011 08:06:54.9457565
Update--616 10/4/2011 08:07:00.4925960
Update--633 10/4/2011 08:07:02.8988306
Update--045 10/4/2011 08:07:08.3831705
Update--046 10/4/2011 08:07:15.4612502
Update--047 10/4/2011 08:07:29.1329598
Update--048 10/4/2011 08:07:36.5547398
Update--049 10/4/2011 08:07:48.7264590
Update--050 10/4/2011 08:07:57.3669734
Update--054 10/4/2011 08:08:18.4295944
Update--042 10/4/2011 08:09:04.8633534
Update--052 10/4/2011 08:09:11.5056784
Update--325 10/4/2011 08:09:19.1011159
Update--053 10/4/2011 08:09:48.4331826
Update--043 10/4/2011 08:09:56.0435803
Update--055 10/4/2011 08:10:11.7331887
Update--051 10/4/2011 08:10:17.2964173
Update--041 10/4/2011 08:10:25.3751110
Update--038 10/4/2011 08:10:33.2194132
Update--532 10/4/2011 08:10:39.5948620
Update--866 10/4/2011 08:10:47.3922859
Update--722 10/4/2011 08:10:52.7832904
Update--721 10/4/2011 08:10:56.4241717
Update--864 10/4/2011 08:11:03.2684035
Update--865 10/4/2011 08:11:09.8313655
Update--710 10/4/2011 08:11:11.7221236
Update--644 10/4/2011 08:11:14.4098128
Update--547 10/4/2011 08:11:20.3007681
Update--591 10/4/2011 08:11:27.0979476
Update--571 10/4/2011 08:11:32.3794342
Update--578 10/4/2011 08:11:39.3016193
Update--067 10/4/2011 08:11:48.7707935
Update--068 10/4/2011 08:11:57.3024257
Update--069 10/4/2011 08:12:05.4902925
Update--065 10/4/2011 08:12:11.2718015
Update--260 10/4/2011 08:12:16.2095227
Update--240 10/4/2011 08:12:22.7565438
Update--070 10/4/2011 08:12:27.9128928
Update--071 10/4/2011 08:12:33.8192562
Update--072 10/4/2011 08:12:39.7099943
Update--073 10/4/2011 08:12:47.1320118
Update--056 10/4/2011 08:12:52.6789933
Update--064 10/4/2011 08:12:58.3509772
Update--087 10/4/2011 08:13:04.5542213
Update--585 10/4/2011 08:13:11.1793485
Update--511 10/4/2011 08:13:17.7888454
Update--699 10/4/2011 08:13:20.6795074
Update--936 10/4/2011 08:13:26.5389574
Update--943 10/4/2011 08:13:32.1015286
Update--088 10/4/2011 08:13:39.4453726
Update--089 10/4/2011 08:13:49.8986314
Update--090 10/4/2011 08:13:55.4299522
Update--092 10/4/2011 08:14:01.8519094
Update--093 10/4/2011 08:14:07.9769878
Update--094 10/4/2011 08:14:13.0551778
Update--080 10/4/2011 08:14:30.1960222
Update--081 10/4/2011 08:14:54.2275798
Update--082 10/4/2011 08:15:07.5558754
Update--084 10/4/2011 08:15:17.4466242
Update--085 10/4/2011 08:15:23.0560351
Update--086 10/4/2011 08:15:30.3217066
Update--083 10/4/2011 08:15:36.7279976
Update--095 10/4/2011 08:15:44.1499201
Update--074 10/4/2011 08:15:50.3687099
Update--075 10/4/2011 08:15:56.4312487
Update--076 10/4/2011 08:16:02.1344102
Update--573 10/4/2011 08:16:07.5875701
Update--937 10/4/2011 08:16:13.7907348
Update--938 10/4/2011 08:16:21.7438804
Update--656 10/4/2011 08:16:24.2751304
Update--869 10/4/2011 08:16:30.6813804
Update--728 10/4/2011 08:16:34.8532554
Update--944 10/4/2011 08:16:40.2751304
Update--945 10/4/2011 08:16:45.6501304
Update--997 10/4/2011 08:16:50.9313804
Update--058 10/4/2011 08:16:56.9157554
Update--059 10/4/2011 08:17:03.4626304
Update--060 10/4/2011 08:17:08.4313804
Update--061 10/4/2011 08:17:14.1345054
Update--062 10/4/2011 08:17:19.5876304
Update--063 10/4/2011 08:17:25.0251304
Update--120 10/4/2011 08:17:31.2907554
Update--121 10/4/2011 08:17:36.3220054
Update--122 10/4/2011 08:17:41.4782554
Update--125 10/4/2011 08:17:46.8845054
Update--126 10/4/2011 08:17:52.8532554
Update--128 10/4/2011 08:17:59.8532554
Update--129 10/4/2011 08:18:14.2907554
Update--130 10/4/2011 08:18:24.7126797
Update--575 10/4/2011 08:18:31.3689723
Update--835 10/4/2011 08:18:38.8065199
Update--702 10/4/2011 08:18:42.3377925
Update--666 10/4/2011 08:18:47.9784536
Update--839 10/4/2011 08:18:54.5253705
Update--555 10/4/2011 08:19:03.5410532
Update--123 10/4/2011 08:19:08.0410820
Update--124 10/4/2011 08:19:14.0567455
Update--106 10/4/2011 08:19:19.5115374
Update--103 10/4/2011 08:19:25.4685867
Update--109 10/4/2011 08:20:07.5431790
Update--112 10/4/2011 08:20:13.9067461
Update--115 10/4/2011 08:20:19.0678492
Update--117 10/4/2011 08:20:31.5380300
Update--118 10/4/2011 08:21:09.1050364
Update--119 10/4/2011 08:21:17.6475239
Update--834 10/4/2011 08:21:24.3864244
Update--670 10/4/2011 08:21:29.2177939
Update--953 10/4/2011 08:21:37.1293569
Update--876 10/4/2011 08:21:43.4773699
Update--947 10/4/2011 08:21:52.6085019
Update--104 10/4/2011 08:22:01.3800174
Update--096 10/4/2011 08:22:09.6511969
Update--097 10/4/2011 08:22:15.9523034
Update--098 10/4/2011 08:22:21.5902522
Update--099 10/4/2011 08:22:26.2433215
Update--100 10/4/2011 08:22:34.8131158
Update--101 10/4/2011 08:22:40.6725364
Update--017 10/4/2011 08:22:46.2186190
Update--566 10/4/2011 08:22:52.3757107
Update--567 10/4/2011 08:22:58.7678059
Update--549 10/4/2011 08:23:04.5488920
Update--559 10/4/2011 08:23:43.4110324
Update--107 10/4/2011 08:23:53.9832567
Update--116 10/4/2011 08:24:00.9738062
Update--113 10/4/2011 08:24:31.0732464
Update--114 10/4/2011 08:24:39.9022664
Update--110 10/4/2011 08:25:00.6708864
Update--111 10/4/2011 08:25:16.1609464
Update--836 10/4/2011 08:25:54.7013629
Update--837 10/4/2011 08:26:06.2590174
Update--838 10/4/2011 08:26:13.0206384
Update--723 10/4/2011 08:26:15.1749223
Update--739 10/4/2011 08:26:17.1872384
Update--136 10/4/2011 08:26:22.1092512
Update--308 10/4/2011 08:26:27.5955712
Update--309 10/4/2011 08:26:33.3797200
Update--298 10/4/2011 08:26:37.8001264
Update--299 10/4/2011 08:26:42.9729424
Update--300 10/4/2011 08:26:50.8262176
Update--301 10/4/2011 08:26:57.8330320
Update--303 10/4/2011 08:27:09.4953808
Update--306 10/4/2011 08:27:15.6243840
Update--527 10/4/2011 08:27:22.3564470
Update--515 10/4/2011 08:27:28.3841334
Update--602 10/4/2011 08:27:36.5309283
Update--624 10/4/2011 08:27:44.1911131
Update--540 10/4/2011 08:28:23.9571365
Update--541 10/4/2011 08:29:05.9931953
Update--302 10/4/2011 08:29:14.5508717
Update--333 10/4/2011 08:29:21.1002987
Update--334 10/4/2011 08:29:26.8876875
Update--326 10/4/2011 08:29:33.6029457
Update--327 10/4/2011 08:29:39.3431547
Update--328 10/4/2011 08:29:45.2878095
Update--329 10/4/2011 08:29:51.8929815
Update--127 10/4/2011 08:29:57.8219097
Update--893 10/4/2011 08:30:06.4558131
Update--894 10/4/2011 08:30:16.3478445
Update--661 10/4/2011 08:30:19.0935483
Update--701 10/4/2011 08:30:24.6742755
Update--319 10/4/2011 08:31:10.2763413
Update--320 10/4/2011 08:31:35.6728692
Update--321 10/4/2011 08:31:41.4792789
Update--322 10/4/2011 08:31:46.6127085
Update--323 10/4/2011 08:31:54.7041204
Update--307 10/4/2011 08:32:02.8268337
Update--311 10/4/2011 08:32:08.1793731
Update--312 10/4/2011 08:32:12.8432817
Update--315 10/4/2011 08:32:19.0262500
Update--316 10/4/2011 08:32:24.9325000
Update--286 10/4/2011 08:32:30.9325000
Update--426 10/4/2011 08:32:37.2606250
Update--517 10/4/2011 08:32:42.5731250
Update--590 10/4/2011 08:32:48.2293750
Update--317 10/4/2011 08:32:53.9793750
Update--313 10/4/2011 08:32:59.7137500
Update--314 10/4/2011 08:33:06.6043750
Update--310 10/4/2011 08:33:12.9012500
Update--148 10/4/2011 08:33:20.1663625
Update--709 10/4/2011 08:33:22.5845475
Update--671 10/4/2011 08:33:28.8812500
Update--890 10/4/2011 08:33:34.8010925
Update--891 10/4/2011 08:33:41.1763075
Update--860 10/4/2011 08:33:52.0895450
Update--332 10/4/2011 08:33:57.7110400
Update--324 10/4/2011 08:34:14.1515575
Update--330 10/4/2011 08:34:21.9018750
Update--271 10/4/2011 08:34:27.3862500
Update--570 10/4/2011 08:34:32.9956250
Update--565 10/4/2011 08:34:38.4487500
Update--622 10/4/2011 08:34:43.4643750
Update--608 10/4/2011 08:34:48.7456250
Update--545 10/4/2011 08:34:54.3393750
Update--553 10/4/2011 08:35:00.6518750
Update--442 10/4/2011 08:35:06.2143750
Update--443 10/4/2011 08:35:11.9331250
Update--438 10/4/2011 08:35:18.4957500
Update--445 10/4/2011 08:35:23.9332500
Update--447 10/4/2011 08:35:28.7457500
Update--448 10/4/2011 08:35:34.7301250
Update--449 10/4/2011 08:35:42.9176250
Update--450 10/4/2011 08:35:49.1363750
Update--991 10/4/2011 08:35:54.6207500
Update--854 10/4/2011 08:36:00.5426250
Update--884 10/4/2011 08:36:06.5113750
Update--451 10/4/2011 08:36:11.5426250
Update--452 10/4/2011 08:36:23.5750000
Update--459 10/4/2011 08:36:28.0125000
Update--460 10/4/2011 08:36:35.2625000
Update--461 10/4/2011 08:36:41.3718750
Update--462 10/4/2011 08:36:45.1375000
Update--463 10/4/2011 08:36:51.4968750
Update--464 10/4/2011 08:37:04.4031250
Update--455 10/4/2011 08:37:11.2625000
Update--457 10/4/2011 08:37:15.4656250
Update--606 10/4/2011 08:37:29.1602500
Update--612 10/4/2011 08:37:40.2852500
Update--630 10/4/2011 08:37:44.4883750
Update--564 10/4/2011 08:37:50.0665000
Update--610 10/4/2011 08:37:55.5977500
Update--611 10/4/2011 08:38:00.9415000
Update--548 10/4/2011 08:38:11.2852500
Update--524 10/4/2011 08:38:21.1928750
Update--458 10/4/2011 08:38:28.8803750
Update--479 10/4/2011 08:38:35.5678750
Update--453 10/4/2011 08:38:41.9897500
Update--454 10/4/2011 08:38:48.5678750
Update--233 10/4/2011 08:38:54.1616250
Update--885 10/4/2011 08:39:00.5053750
Update--886 10/4/2011 08:39:06.1928750
Update--887 10/4/2011 08:39:14.3647500
Update--888 10/4/2011 08:39:24.6666250
Update--663 10/4/2011 08:39:26.7291250
Update--001 10/4/2011 08:39:28.5728750
Update--207 10/4/2011 08:39:35.5103750
Update--208 10/4/2011 08:39:40.6510000
Update--209 10/4/2011 08:39:45.7916250
Update--210 10/4/2011 08:39:51.6510000
Update--212 10/4/2011 08:39:56.6978750
Update--214 10/4/2011 08:40:02.0103750
Update--215 10/4/2011 08:40:07.4791250
Update--216 10/4/2011 08:40:12.8072500
Update--217 10/4/2011 08:40:20.1516250
Update--218 10/4/2011 08:40:25.6047500
Update--674 10/4/2011 08:40:27.7766250
Update--675 10/4/2011 08:40:29.6516250
Update--645 10/4/2011 08:40:31.6360000
Update--650 10/4/2011 08:40:34.4953750
Update--651 10/4/2011 08:40:37.9641250
Update--949 10/4/2011 08:40:44.9953750
Update--996 10/4/2011 08:40:52.3235000
Update--874 10/4/2011 08:40:58.8860000
Update--191 10/4/2011 08:41:04.5578750
Update--201 10/4/2011 08:41:10.4016250
Update--202 10/4/2011 08:41:16.8235000
Update--203 10/4/2011 08:41:25.9638750
Update--204 10/4/2011 08:41:33.3857500
Update--205 10/4/2011 08:41:39.5420000
