Update--941 10/6/2011 11:49:28.7326250
Update--677 10/6/2011 11:49:35.5763750
Update--711 10/6/2011 11:49:39.2638750
Update--712 10/6/2011 11:49:42.1545000
Update--726 10/6/2011 11:49:47.1232500
Update--036 10/6/2011 11:49:54.4826250
Update--057 10/6/2011 11:50:00.8107500
Update--066 10/6/2011 11:50:08.7326250
Update--079 10/6/2011 11:50:15.1273198
Update--264 10/6/2011 11:50:21.8592278
Update--593 10/6/2011 11:50:27.7613890
Update--628 10/6/2011 11:50:32.6772474
Update--582 10/6/2011 11:50:38.0314626
Update--537 10/6/2011 11:50:43.4639558
Update--396 10/6/2011 11:50:49.1312830
Update--280 10/6/2011 11:50:56.6303154
Update--281 10/6/2011 11:51:02.3915762
Update--284 10/6/2011 11:51:09.1234842
Update--285 10/6/2011 11:51:15.1488534
Update--290 10/6/2011 11:51:21.5144962
Update--720 10/6/2011 11:51:24.1577238
Update--696 10/6/2011 11:51:26.6758282
Update--697 10/6/2011 11:51:28.9280458
Update--673 10/6/2011 11:51:31.7902390
Update--875 10/6/2011 11:51:37.6084678
Update--727 10/6/2011 11:51:43.6143814
Update--730 10/6/2011 11:51:46.7737422
Update--731 10/6/2011 11:51:49.6202950
Update--724 10/6/2011 11:51:52.8734982
Update--725 10/6/2011 11:51:56.0954206
Update--291 10/6/2011 11:52:01.3036738
Update--287 10/6/2011 11:52:07.0124198
Update--289 10/6/2011 11:52:12.7993678
Update--583 10/6/2011 11:52:19.8272500
Update--639 10/6/2011 11:52:22.9210000
Update--288 10/6/2011 11:52:29.0303750
Update--292 10/6/2011 11:52:35.2803750
Update--282 10/6/2011 11:52:40.6553750
Update--283 10/6/2011 11:52:46.4366250
Update--246 10/6/2011 11:52:53.7335000
Update--250 10/6/2011 11:53:00.2803750
Update--251 10/6/2011 11:53:06.7022500
Update--252 10/6/2011 11:53:14.7296350
Update--254 10/6/2011 11:53:21.1503310
Update--248 10/6/2011 11:53:27.2090760
Update--747 10/6/2011 11:53:33.0632400
Update--843 10/6/2011 11:53:39.2164070
Update--679 10/6/2011 11:53:41.3566390
Update--668 10/6/2011 11:53:43.6699780
Update--574 10/6/2011 11:53:48.5484480
Update--519 10/6/2011 11:53:54.5127710
Update--533 10/6/2011 11:54:00.6502010
Update--346 10/6/2011 11:54:05.6545670
Update--347 10/6/2011 11:54:10.5802480
Update--348 10/6/2011 11:54:16.4225692
Update--349 10/6/2011 11:54:21.0329008
Update--350 10/6/2011 11:54:25.5491440
Update--351 10/6/2011 11:54:34.3464094
Update--352 10/6/2011 11:54:41.3716766
Update--353 10/6/2011 11:54:47.2365202
Update--373 10/6/2011 11:54:51.3450470
Update--338 10/6/2011 11:54:57.1001208
Update--339 10/6/2011 11:55:03.2001854
Update--342 10/6/2011 11:55:11.1976994
Update--528 10/6/2011 11:55:18.7971250
Update--550 10/6/2011 11:55:26.1408750
Update--604 10/6/2011 11:55:32.2502500
Update--627 10/6/2011 11:55:36.7033750
Update--880 10/6/2011 11:55:42.4846250
Update--881 10/6/2011 11:55:49.0783750
Update--948 10/6/2011 11:55:54.1721250
Update--995 10/6/2011 11:56:00.5627500
Update--355 10/6/2011 11:56:06.2033750
Update--356 10/6/2011 11:56:10.8908750
Update--359 10/6/2011 11:56:16.7656250
Update--360 10/6/2011 11:56:22.3593750
Update--361 10/6/2011 11:56:28.0468750
Update--362 10/6/2011 11:56:33.2343750
Update--363 10/6/2011 11:56:39.4218750
Update--368 10/6/2011 11:56:45.9531250
Update--365 10/6/2011 11:56:52.4375000
Update--344 10/6/2011 11:57:00.0937500
Update--340 10/6/2011 11:57:05.6875000
Update--341 10/6/2011 11:57:10.2500000
Update--640 10/6/2011 11:57:14.7727588
Update--558 10/6/2011 11:57:20.8770635
Update--335 10/6/2011 11:57:27.3265988
Update--336 10/6/2011 11:57:34.8902874
Update--172 10/6/2011 11:57:41.7321302
Update--687 10/6/2011 11:57:44.0232060
Update--688 10/6/2011 11:57:46.4084356
Update--689 10/6/2011 11:57:48.6367422
Update--879 10/6/2011 11:57:54.6155085
Update--343 10/6/2011 11:58:00.5001210
Update--354 10/6/2011 11:58:06.7142718
Update--364 10/6/2011 11:58:12.8656534
Update--410 10/6/2011 11:58:21.0166250
Update--412 10/6/2011 11:58:26.1416250
Update--413 10/6/2011 11:58:32.0166250
Update--414 10/6/2011 11:59:26.0792500
Update--415 10/6/2011 11:59:32.7980000
Update--416 10/6/2011 11:59:37.8917500
Update--405 10/6/2011 11:59:43.8448750
Update--407 10/6/2011 11:59:49.9698750
Update--408 10/6/2011 11:59:57.1261250
Update--618 10/6/2011 12:00:03.5948750
Update--620 10/6/2011 12:00:10.7980000
Update--108 10/6/2011 12:00:18.4390000
Update--845 10/6/2011 12:00:24.4858750
Update--862 10/6/2011 12:00:30.6890000
Update--748 10/6/2011 12:00:35.6890000
Update--878 10/6/2011 12:00:41.7358750
Update--619 10/6/2011 12:00:47.6890000
Update--430 10/6/2011 12:00:53.3921250
Update--406 10/6/2011 12:01:00.1577500
Update--417 10/6/2011 12:01:07.3765000
Update--418 10/6/2011 12:01:16.0013750
Update--419 10/6/2011 12:01:22.0951250
Update--420 10/6/2011 12:01:28.5638750
Update--421 10/6/2011 12:01:34.9545000
Update--423 10/6/2011 12:01:40.1888750
Update--424 10/6/2011 12:01:46.3920000
Update--425 10/6/2011 12:01:53.5795000
Update--431 10/6/2011 12:02:01.3295000
Update--409 10/6/2011 12:02:07.8295000
Update--427 10/6/2011 12:02:12.8138750
Update--428 10/6/2011 12:02:19.1117500
Update--429 10/6/2011 12:02:25.1742500
Update--434 10/6/2011 12:02:30.9086250
Update--954 10/6/2011 12:02:38.2836250
Update--719 10/6/2011 12:02:40.9711250
Update--718 10/6/2011 12:02:43.3461250
Update--435 10/6/2011 12:02:49.6430000
Update--436 10/6/2011 12:02:55.4242500
Update--437 10/6/2011 12:03:01.3461250
Update--439 10/6/2011 12:03:06.3305000
Update--440 10/6/2011 12:03:10.9711250
Update--441 10/6/2011 12:03:20.8775000
Update--432 10/6/2011 12:03:28.0025000
Update--433 10/6/2011 12:03:36.3775000
Update--105 10/6/2011 12:03:42.5025000
Update--037 10/6/2011 12:03:49.5806250
Update--040 10/6/2011 12:03:57.2056250
Update--029 10/6/2011 12:04:03.7212500
Update--030 10/6/2011 12:04:09.7212500
Update--032 10/6/2011 12:04:17.9395000
Update--033 10/6/2011 12:04:23.4238750
Update--034 10/6/2011 12:04:29.0645000
Update--035 10/6/2011 12:04:34.8457500
Update--018 10/6/2011 12:04:40.4551250
Update--750 10/6/2011 12:04:45.0332500
Update--868 10/6/2011 12:04:51.0488750
Update--846 10/6/2011 12:04:57.0488750
Update--749 10/6/2011 12:05:03.7988750
Update--867 10/6/2011 12:05:11.1582500
Update--019 10/6/2011 12:05:20.0497500
Update--020 10/6/2011 12:05:26.2372500
Update--022 10/6/2011 12:05:32.7372500
Update--023 10/6/2011 12:05:40.4560000
Update--024 10/6/2011 12:05:46.4716250
Update--025 10/6/2011 12:05:51.6747500
Update--026 10/6/2011 12:05:57.5966250
Update--027 10/6/2011 12:06:04.0966250
Update--028 10/6/2011 12:06:09.9091250
Update--078 10/6/2011 12:06:19.4401250
Update--526 10/6/2011 12:06:25.1745000
Update--512 10/6/2011 12:06:30.7213750
Update--508 10/6/2011 12:06:36.3776250
Update--616 10/6/2011 12:06:42.5182500
Update--633 10/6/2011 12:06:46.9870000
Update--045 10/6/2011 12:06:51.5963750
Update--046 10/6/2011 12:06:57.2370000
Update--047 10/6/2011 12:07:03.3620000
Update--048 10/6/2011 12:07:09.2213750
Update--049 10/6/2011 12:07:18.0496250
Update--050 10/6/2011 12:07:24.1590000
Update--054 10/6/2011 12:07:30.3621250
Update--042 10/6/2011 12:07:36.6277500
Update--052 10/6/2011 12:07:42.6902500
Update--325 10/6/2011 12:07:48.3777500
Update--053 10/6/2011 12:07:54.3308750
Update--043 10/6/2011 12:08:01.3308750
Update--055 10/6/2011 12:08:07.8933750
Update--051 10/6/2011 12:08:17.2221250
Update--041 10/6/2011 12:08:23.1283750
Update--038 10/6/2011 12:08:28.6908750
Update--532 10/6/2011 12:08:34.6440000
Update--866 10/6/2011 12:08:40.4721250
Update--722 10/6/2011 12:08:45.9721250
Update--721 10/6/2011 12:08:49.8783750
Update--864 10/6/2011 12:08:57.0658750
Update--865 10/6/2011 12:09:07.8315000
Update--710 10/6/2011 12:09:10.3315000
Update--644 10/6/2011 12:09:16.7697500
Update--547 10/6/2011 12:09:22.5041250
Update--591 10/6/2011 12:09:33.0041250
Update--571 10/6/2011 12:09:40.5978750
Update--578 10/6/2011 12:09:46.7853750
Update--067 10/6/2011 12:09:55.5197500
Update--068 10/6/2011 12:10:03.8635000
Update--069 10/6/2011 12:10:09.8791250
Update--065 10/6/2011 12:10:18.7066250
Update--260 10/6/2011 12:10:24.4097500
Update--240 10/6/2011 12:10:30.6441250
Update--070 10/6/2011 12:10:34.9878750
Update--071 10/6/2011 12:10:39.5972500
Update--072 10/6/2011 12:10:45.4253750
Update--073 10/6/2011 12:10:51.3160000
Update--056 10/6/2011 12:10:57.0660000
Update--064 10/6/2011 12:11:02.4410000
Update--087 10/6/2011 12:11:07.7691250
585 10/6/2011 12:11:17.8165000
511 10/6/2011 12:11:23.8633750
699 10/6/2011 12:11:27.2540000
936 10/6/2011 12:11:32.5821250
943 10/6/2011 12:11:38.5977500
088 10/6/2011 12:11:45.4727500
089 10/6/2011 12:11:50.9102500
090 10/6/2011 12:11:56.7071250
092 10/6/2011 12:12:02.5352500
093 10/6/2011 12:12:08.1446250
094 10/6/2011 12:12:16.9573750
080 10/6/2011 12:12:23.8792500
081 10/6/2011 12:12:30.0511250
082 10/6/2011 12:12:35.4573750
084 10/6/2011 12:12:41.0667500
085 10/6/2011 12:12:47.0355000
086 10/6/2011 12:12:52.8948750
083 10/6/2011 12:12:58.6136250
095 10/6/2011 12:13:04.2698750
074 10/6/2011 12:13:09.9730000
075 10/6/2011 12:13:16.4890000
076 10/6/2011 12:13:21.9108750
573 10/6/2011 12:13:28.3015000
937 10/6/2011 12:13:34.4265000
938 10/6/2011 12:13:41.6608750
656 10/6/2011 12:13:44.7858750
869 10/6/2011 12:13:50.2546250
728 10/6/2011 12:13:52.7233750
944 10/6/2011 12:13:59.2077500
945 10/6/2011 12:14:05.1452500
997 10/6/2011 12:14:11.3015000
058 10/6/2011 12:14:17.8955000
059 10/6/2011 12:14:23.7236250
060 10/6/2011 12:14:29.4892500
061 10/6/2011 12:14:35.7080000
062 10/6/2011 12:14:42.2236250
063 10/6/2011 12:14:48.2236250
120 10/6/2011 12:14:58.1611250
121 10/6/2011 12:15:04.6298750
122 10/6/2011 12:15:10.5673750
125 10/6/2011 12:15:19.3650000
126 10/6/2011 12:15:25.3806250
128 10/6/2011 12:15:31.0681250
129 10/6/2011 12:15:37.7087500
130 10/6/2011 12:15:43.5056250
575 10/6/2011 12:15:50.0368750
835 10/6/2011 12:15:56.1462500
702 10/6/2011 12:15:58.7712500
666 10/6/2011 12:16:01.9743750
839 10/6/2011 12:16:08.9275000
555 10/6/2011 12:16:19.9591250
123 10/6/2011 12:16:26.5216250
124 10/6/2011 12:16:32.5997500
106 10/6/2011 12:16:37.6310000
103 10/6/2011 12:16:44.2403750
109 10/6/2011 12:16:51.0685000
112 10/6/2011 12:16:57.2247500
115 10/6/2011 12:17:03.1778750
117 10/6/2011 12:17:10.4435000
118 10/6/2011 12:17:17.6936250
119 10/6/2011 12:17:23.0686250
834 10/6/2011 12:17:29.4280000
670 10/6/2011 12:17:32.3498750
953 10/6/2011 12:17:38.3655000
876 10/6/2011 12:17:44.5061250
947 10/6/2011 12:17:51.6311250
104 10/6/2011 12:17:58.0686250
096 10/6/2011 12:18:05.3030000
097 10/6/2011 12:18:12.0061250
098 10/6/2011 12:18:23.0220000
099 10/6/2011 12:18:28.5220000
100 10/6/2011 12:18:34.7720000
101 10/6/2011 12:18:40.9595000
017 10/6/2011 12:18:46.9438750
566 10/6/2011 12:18:53.1001250
567 10/6/2011 12:18:59.6470000
549 10/6/2011 12:19:05.4595000
559 10/6/2011 12:19:11.2407500
107 10/6/2011 12:19:19.6000000
116 10/6/2011 12:19:24.5218750
113 10/6/2011 12:19:29.9750000
114 10/6/2011 12:19:35.8968750
110 10/6/2011 12:19:41.5843750
111 10/6/2011 12:19:47.1937500
836 10/6/2011 12:19:53.3968750
837 10/6/2011 12:19:59.8968750
838 10/6/2011 12:20:05.6468750
723 10/6/2011 12:20:08.3500000
739 10/6/2011 12:20:10.7250000
136 10/6/2011 12:20:20.4596250
308 10/6/2011 12:20:26.6315000
309 10/6/2011 12:20:32.7096250
298 10/6/2011 12:20:37.6158750
299 10/6/2011 12:20:42.4908750
300 10/6/2011 12:20:49.6783750
301 10/6/2011 12:20:55.8971250
303 10/6/2011 12:21:01.7877500
306 10/6/2011 12:21:06.5065000
527 10/6/2011 12:21:12.6158750
515 10/6/2011 12:21:21.6321250
602 10/6/2011 12:21:27.8977500
624 10/6/2011 12:21:34.2571250
540 10/6/2011 12:21:40.5696250
541 10/6/2011 12:21:46.4290000
302 10/6/2011 12:21:52.1477500
333 10/6/2011 12:21:58.2727500
334 10/6/2011 12:22:03.6790000
326 10/6/2011 12:22:10.0696250
327 10/6/2011 12:22:17.9135000
328 10/6/2011 12:22:23.4291250
329 10/6/2011 12:22:29.2885000
127 10/6/2011 12:22:35.0072500
893 10/6/2011 12:22:40.9447500
894 10/6/2011 12:22:47.7103750
661 10/6/2011 12:22:51.4447500
701 10/6/2011 12:22:53.8197500
319 10/6/2011 12:22:59.3510000
320 10/6/2011 12:23:03.8510000
321 10/6/2011 12:23:08.9135000
322 10/6/2011 12:23:16.5386250
323 10/6/2011 12:23:23.4292500
307 10/6/2011 12:23:28.7105000
311 10/6/2011 12:23:33.6948750
312 10/6/2011 12:23:38.4448750
315 10/6/2011 12:23:43.4292500
316 10/6/2011 12:23:49.1636250
286 10/6/2011 12:23:55.4136250
426 10/6/2011 12:24:00.3198750
517 10/6/2011 12:24:05.8355000
590 10/6/2011 12:24:12.6011250
317 10/6/2011 12:24:19.2267500
313 10/6/2011 12:24:24.4298750
314 10/6/2011 12:24:31.6017500
310 10/6/2011 12:24:37.5548750
148 10/6/2011 12:24:43.3986250
709 10/6/2011 12:24:46.4611250
671 10/6/2011 12:24:49.4455000
890 10/6/2011 12:24:55.9142500
891 10/6/2011 12:25:03.1173750
860 10/6/2011 12:25:09.2580000
332 10/6/2011 12:25:18.9137500
324 10/6/2011 12:25:24.9762500
330 10/6/2011 12:25:30.9606250
271 10/6/2011 12:25:36.9137500
570 10/6/2011 12:25:42.2575000
565 10/6/2011 12:25:48.7106250
622 10/6/2011 12:25:54.5075000
608 10/6/2011 12:25:59.8200000
545 10/6/2011 12:26:06.6637500
553 10/6/2011 12:26:12.9293750
442 10/6/2011 12:26:22.5083750
443 10/6/2011 12:26:28.8833750
438 10/6/2011 12:26:34.5865000
445 10/6/2011 12:26:40.9615000
447 10/6/2011 12:26:45.6802500
448 10/6/2011 12:26:51.6490000
449 10/6/2011 12:26:58.4146250
450 10/6/2011 12:27:05.2271250
991 10/6/2011 12:27:18.1652500
854 10/6/2011 12:27:25.6496250
884 10/6/2011 12:27:31.5715000
451 10/6/2011 12:27:36.8371250
452 10/6/2011 12:27:42.2746250
459 10/6/2011 12:27:47.0090000
460 10/6/2011 12:27:52.6808750
461 10/6/2011 12:27:58.3683750
462 10/6/2011 12:28:02.8683750
463 10/6/2011 12:28:08.7902500
464 10/6/2011 12:28:16.2428750
455 10/6/2011 12:28:27.5241250
457 10/6/2011 12:28:33.6960000
606 10/6/2011 12:28:39.9616250
612 10/6/2011 12:28:44.9303750
630 10/6/2011 12:28:48.7741250
564 10/6/2011 12:28:54.7897500
610 10/6/2011 12:29:01.3835000
611 10/6/2011 12:29:06.6022500
548 10/6/2011 12:29:15.9310000
524 10/6/2011 12:29:22.1810000
458 10/6/2011 12:29:27.6653750
479 10/6/2011 12:29:34.2903750
453 10/6/2011 12:29:41.8841250
454 10/6/2011 12:29:49.1185000
233 10/6/2011 12:29:58.1185000
885 10/6/2011 12:30:04.9935000
886 10/6/2011 12:30:11.4153750
887 10/6/2011 12:30:19.9777500
888 10/6/2011 12:30:27.0558750
663 10/6/2011 12:30:31.9777500
001 10/6/2011 12:30:33.9308750
207 10/6/2011 12:30:39.9933750
208 10/6/2011 12:30:45.6965000
209 10/6/2011 12:30:53.1027500
210 10/6/2011 12:30:59.2746250
212 10/6/2011 12:31:04.1965000
214 10/6/2011 12:31:09.3840000
215 10/6/2011 12:31:18.7992500
216 10/6/2011 12:31:24.5336250
217 10/6/2011 12:31:30.4555000
218 10/6/2011 12:31:37.5180000
674 10/6/2011 12:31:40.2992500
675 10/6/2011 12:31:42.8930000
645 10/6/2011 12:31:46.0961250
650 10/6/2011 12:31:50.3148750
651 10/6/2011 12:31:53.6586250
949 10/6/2011 12:32:00.6430000
996 10/6/2011 12:32:07.1586250
874 10/6/2011 12:32:16.4038750
191 10/6/2011 12:32:21.9038750
201 10/6/2011 12:32:27.5288750
202 10/6/2011 12:32:34.2632500
203 10/6/2011 12:32:39.7320000
204 10/6/2011 12:32:46.2320000
205 10/6/2011 12:32:52.1070000
193 10/6/2011 12:32:56.9351250
194 10/6/2011 12:33:02.5757500
195 10/6/2011 12:33:09.0913750
196 10/6/2011 12:33:18.4932500
197 10/6/2011 12:33:29.3057500
198 10/6/2011 12:33:35.7276250
199 10/6/2011 12:33:41.5088750
579 10/6/2011 12:33:47.7745000
634 10/6/2011 12:33:50.6338750
206 10/6/2011 12:33:57.6807500
219 10/6/2011 12:34:03.3213750
221 10/6/2011 12:34:09.1338750
222 10/6/2011 12:34:15.1628796
223 10/6/2011 12:34:20.7795249
224 10/6/2011 12:34:26.7894927
225 10/6/2011 12:34:34.2311544
226 10/6/2011 12:34:42.6797217
227 10/6/2011 12:34:49.3347384
228 10/6/2011 12:34:54.5737941
229 10/6/2011 12:35:00.9613515
230 10/6/2011 12:35:05.5868241
872 10/6/2011 12:35:12.7138278
993 10/6/2011 12:35:22.3847500
698 10/6/2011 12:35:26.1816250
844 10/6/2011 12:35:32.4316250
851 10/6/2011 12:35:38.1347500
007 10/6/2011 12:35:44.4941250
012 10/6/2011 12:35:51.6816250
013 10/6/2011 12:35:57.9472500
014 10/6/2011 12:36:03.6660000
005 10/6/2011 12:36:09.7597500
006 10/6/2011 12:36:17.5566250
568 10/6/2011 12:36:25.1035000
892 10/6/2011 12:36:31.0878750
939 10/6/2011 12:36:36.7597500
946 10/6/2011 12:36:42.7597500
369 10/6/2011 12:36:48.3378750
008 10/6/2011 12:36:54.7597500
009 10/6/2011 12:37:00.7285000
010 10/6/2011 12:37:05.9472500
011 10/6/2011 12:37:12.0878750
015 10/6/2011 12:37:21.9477500
016 10/6/2011 12:37:27.5883750
163 10/6/2011 12:38:15.1977626
176 10/6/2011 12:38:20.6977978
177 10/6/2011 12:38:25.8540808
178 10/6/2011 12:38:29.9166068
180 10/6/2011 12:38:34.5103862
609 10/6/2011 12:38:40.6510505
614 10/6/2011 12:38:46.2135861
597 10/6/2011 12:38:52.2917500
870 10/6/2011 12:38:57.8542856
738 10/6/2011 12:39:00.4949275
705 10/6/2011 12:39:02.6824415
751 10/6/2011 12:39:07.6199731
636 10/6/2011 12:39:10.2606150
181 10/6/2011 12:39:18.7611250
182 10/6/2011 12:39:25.5580000
183 10/6/2011 12:39:31.7611250
184 10/6/2011 12:39:37.2923750
185 10/6/2011 12:39:43.0736250
186 10/6/2011 12:39:48.9798750
188 10/6/2011 12:39:56.7767500
189 10/6/2011 12:40:03.3236250
190 10/6/2011 12:40:09.3861250
318 10/6/2011 12:40:16.8237500
179 10/6/2011 12:40:21.4175000
173 10/6/2011 12:40:28.1675000
174 10/6/2011 12:40:35.5893750
164 10/6/2011 12:40:42.6050000
601 10/6/2011 12:40:50.0737500
580 10/6/2011 12:40:56.2143750
737 10/6/2011 12:40:59.8393750
685 10/6/2011 12:41:02.8393750
994 10/6/2011 12:41:12.4800000
987 10/6/2011 12:41:18.9338915
686 10/6/2011 12:41:23.4970047
707 10/6/2011 12:41:26.6849331
669 10/6/2011 12:41:32.5138414
736 10/6/2011 12:41:36.0611931
603 10/6/2011 12:41:41.6556949
504 10/6/2011 12:41:49.1567029
374 10/6/2011 12:41:54.7355776
165 10/6/2011 12:42:03.4398723
167 10/6/2011 12:42:09.8157291
168 10/6/2011 12:42:15.9558075
171 10/6/2011 12:42:21.9568365
169 10/6/2011 12:42:27.6436755
170 10/6/2011 12:42:32.0580450
166 10/6/2011 12:42:37.6034985
337 10/6/2011 12:42:42.9290190
505 10/6/2011 12:42:48.7101150
635 10/6/2011 12:42:51.3336015
706 10/6/2011 12:42:53.6586075
999 10/6/2011 12:42:59.5339605
678 10/6/2011 12:43:02.1417375
853 10/6/2011 12:43:09.6508785
764 10/6/2011 12:43:15.4155198
595 10/6/2011 12:43:25.3248069
539 10/6/2011 12:43:31.3080690
155 10/6/2011 12:43:36.9144327
156 10/6/2011 12:43:43.2902973
157 10/6/2011 12:43:49.2421512
158 10/6/2011 12:43:55.0369641
159 10/6/2011 12:44:01.2714918
149 10/6/2011 12:44:07.3332744
151 10/6/2011 12:44:13.8025586
152 10/6/2011 12:44:19.9025065
147 10/6/2011 12:44:25.7986001
145 10/6/2011 12:44:32.0083157
146 10/6/2011 12:44:37.8573660
153 10/6/2011 12:44:44.2395737
154 10/6/2011 12:44:50.4022460
144 10/6/2011 12:44:56.6119616
160 10/6/2011 12:45:04.5465982
161 10/6/2011 12:45:10.8504004
305 10/6/2011 12:45:17.0499538
529 10/6/2011 12:45:22.6876898
530 10/6/2011 12:45:28.1683858
588 10/6/2011 12:45:34.1987218
584 10/6/2011 12:45:40.2447618
758 10/6/2011 12:45:45.6626418
744 10/6/2011 12:45:48.3951378
716 10/6/2011 12:45:54.1428018
657 10/6/2011 12:45:57.1265618
680 10/6/2011 12:45:59.5449778
681 10/6/2011 12:46:01.9162818
717 10/6/2011 12:46:05.0727858
708 10/6/2011 12:46:07.8209858
741 10/6/2011 12:46:10.0195458
734 10/6/2011 12:46:15.7941250
871 10/6/2011 12:46:21.9347500
950 10/6/2011 12:46:27.8410000
952 10/6/2011 12:46:34.5285000
637 10/6/2011 12:46:37.9972500
638 10/6/2011 12:46:40.9035000
613 10/6/2011 12:46:46.3410000
518 10/6/2011 12:46:51.7785000
143 10/6/2011 12:46:57.3097500
133 10/6/2011 12:47:05.0910000
137 10/6/2011 12:47:11.3566250
138 10/6/2011 12:47:17.8914188
139 10/6/2011 12:47:25.4227148
140 10/6/2011 12:47:32.3107126
021 10/6/2011 12:47:38.7593848
141 10/6/2011 12:47:45.3335786
142 10/6/2011 12:47:52.5824510
131 10/6/2011 12:47:59.1095742
132 10/6/2011 12:48:06.6879408
134 10/6/2011 12:48:13.2778248
135 10/6/2011 12:48:19.8490886
642 10/6/2011 12:48:23.3391062
345 10/6/2011 12:48:33.8091590
951 10/6/2011 12:48:40.9778438
761 10/6/2011 12:48:47.6591838
752 10/6/2011 12:48:52.2182158
714 10/6/2011 12:48:54.7964270
715 10/6/2011 12:48:58.0191910
690 10/6/2011 12:49:00.5345190
682 10/6/2011 12:49:02.9083598
659 10/6/2011 12:49:05.5022918
691 10/6/2011 12:49:08.3477566
665 10/6/2011 12:49:13.4254230
732 10/6/2011 12:49:16.7856082
983 10/6/2011 12:49:25.5629144
984 10/6/2011 12:49:34.6542566
477 10/6/2011 12:49:39.8672542
478 10/6/2011 12:49:45.9281490
469 10/6/2011 12:49:52.3030798
470 10/6/2011 12:49:58.4110800
472 10/6/2011 12:50:04.3463604
473 10/6/2011 12:50:12.2443658
497 10/6/2011 12:50:18.6838612
546 10/6/2011 12:50:27.3165052
476 10/6/2011 12:50:35.5553242
480 10/6/2011 12:50:41.7935122
481 10/6/2011 12:50:47.4173332
483 10/6/2011 12:50:54.0493462
484 10/6/2011 12:50:59.9882272
485 10/6/2011 12:51:05.7853312
486 10/6/2011 12:51:12.3858382
759 10/6/2011 12:51:19.1272366
840 10/6/2011 12:51:25.0967140
692 10/6/2011 12:51:27.8215678
683 10/6/2011 12:51:30.9401866
684 10/6/2011 12:51:33.7910452
649 10/6/2011 12:51:39.1304986
694 10/6/2011 12:51:42.8948920
695 10/6/2011 12:51:45.8875060
985 10/6/2011 12:51:54.4085806
482 10/6/2011 12:52:02.2208782
475 10/6/2011 12:52:12.3800152
366 10/6/2011 12:52:18.4080604
367 10/6/2011 12:52:24.5892506
370 10/6/2011 12:52:30.3625450
371 10/6/2011 12:52:35.5239957
552 10/6/2011 12:52:41.4541731
551 10/6/2011 12:52:48.7335443
581 10/6/2011 12:52:57.0169667
986 10/6/2011 12:53:03.8256889
877 10/6/2011 12:53:10.0853206
733 10/6/2011 12:53:15.2335000
664 10/6/2011 12:53:17.8585000
882 10/6/2011 12:53:23.5303750
982 10/6/2011 12:53:31.4522500
536 10/6/2011 12:53:38.1866250
474 10/6/2011 12:53:43.9366250
465 10/6/2011 12:53:49.8116250
466 10/6/2011 12:53:56.0616250
467 10/6/2011 12:54:01.5928750
543 10/6/2011 12:54:08.1553750
522 10/6/2011 12:54:12.8897500
102 10/6/2011 12:54:18.2574774
269 10/6/2011 12:54:23.0155638
273 10/6/2011 12:54:29.7770550
274 10/6/2011 12:54:35.9907402
275 10/6/2011 12:54:41.4688002
262 10/6/2011 12:54:46.3677510
267 10/6/2011 12:54:52.4405718
293 10/6/2011 12:54:58.1847090
259 10/6/2011 12:55:04.5392586
729 10/6/2011 12:55:08.0765202
745 10/6/2011 12:55:15.7127094
766 10/6/2011 12:55:20.6878134
676 10/6/2011 12:55:23.4902454
255 10/6/2011 12:55:29.2525494
256 10/6/2011 12:55:35.2667574
257 10/6/2011 12:55:46.8543414
258 10/6/2011 12:55:52.3332534
263 10/6/2011 12:55:58.2844854
261 10/6/2011 12:56:04.1727414
266 10/6/2011 12:56:08.9904054
563 10/6/2011 12:56:18.3587500
535 10/6/2011 12:56:25.9837500
514 10/6/2011 12:56:31.9212500
272 10/6/2011 12:56:37.7650000
265 10/6/2011 12:56:43.8743750
294 10/6/2011 12:56:50.2181250
296 10/6/2011 12:56:57.2806250
297 10/6/2011 12:57:04.5775000
277 10/6/2011 12:57:10.4212500
278 10/6/2011 12:57:17.5619288
279 10/6/2011 12:57:23.6088812
775 10/6/2011 12:57:29.5933328
779 10/6/2011 12:57:33.8902628
660 10/6/2011 12:57:36.6559232
693 10/6/2011 12:57:39.4372088
249 10/6/2011 12:57:46.1560448
247 10/6/2011 12:57:50.7811040
253 10/6/2011 12:57:56.4530516
241 10/6/2011 12:58:02.2187504
242 10/6/2011 12:58:07.8750728
243 10/6/2011 12:58:13.7974184
244 10/6/2011 12:58:18.4579298
245 10/6/2011 12:58:24.6980105
513 10/6/2011 12:58:29.4523577
557 10/6/2011 12:58:35.3170952
509 10/6/2011 12:58:42.4016981
510 10/6/2011 12:58:50.4872162
523 10/6/2011 12:58:57.5561798
295 10/6/2011 12:59:04.8753722
268 10/6/2011 12:59:10.6775525
276 10/6/2011 12:59:17.2185437
044 10/6/2011 12:59:24.6544787
662 10/6/2011 12:59:32.4974333
842 10/6/2011 12:59:39.8550953
743 10/6/2011 12:59:43.4556533
647 10/6/2011 12:59:46.0073531
648 10/6/2011 12:59:50.6411147
704 10/6/2011 12:59:52.7075219
236 10/6/2011 12:59:58.8284705
237 10/6/2011 13:00:05.6225669
234 10/6/2011 13:00:12.2131535
232 10/6/2011 13:00:18.6491459
192 10/6/2011 13:00:25.1518439
556 10/6/2011 13:00:31.2461599
544 10/6/2011 13:00:37.7331509
607 10/6/2011 13:00:45.1468549
617 10/6/2011 13:00:50.4086999
596 10/6/2011 13:00:55.8276149
525 10/6/2011 13:01:01.6549119
534 10/6/2011 13:01:07.7178139
238 10/6/2011 13:01:13.6552417
239 10/6/2011 13:01:19.0619241
646 10/6/2011 13:01:21.4509233
762 10/6/2011 13:01:27.0462109
998 10/6/2011 13:01:32.7200840
873 10/6/2011 13:01:38.8026017
655 10/6/2011 13:01:42.2603637
700 10/6/2011 13:01:45.7024086
231 10/6/2011 13:01:51.7534921
235 10/6/2011 13:01:57.4430823
503 10/6/2011 13:02:03.2112580
594 10/6/2011 13:02:09.1366047
598 10/6/2011 13:02:14.7305765
372 10/6/2011 13:02:19.9435741
381 10/6/2011 13:02:25.9730653
422 10/6/2011 13:02:30.7150089
375 10/6/2011 13:02:37.0742379
376 10/6/2011 13:02:43.5590813
377 10/6/2011 13:02:49.9968193
378 10/6/2011 13:02:57.0155239
200 10/6/2011 13:03:02.7937863
767 10/6/2011 13:03:07.4572209
955 10/6/2011 13:03:13.7541234
863 10/6/2011 13:03:20.3733801
742 10/6/2011 13:03:22.7632305
667 10/6/2011 13:03:26.4895104
175 10/6/2011 13:03:35.6872899
397 10/6/2011 13:03:42.0235380
398 10/6/2011 13:03:51.0011997
399 10/6/2011 13:03:58.7053227
400 10/6/2011 13:04:05.1673524
401 10/6/2011 13:04:11.7394410
382 10/6/2011 13:04:17.3140000
404 10/6/2011 13:04:23.3452500
444 10/6/2011 13:04:29.1108750
600 10/6/2011 13:04:34.5483750
625 10/6/2011 13:04:40.2515000
626 10/6/2011 13:04:44.0640000
629 10/6/2011 13:04:47.8452500
538 10/6/2011 13:04:54.2358750
383 10/6/2011 13:05:00.0796250
385 10/6/2011 13:05:13.4863440
386 10/6/2011 13:05:20.7641484
388 10/6/2011 13:05:26.6744172
389 10/6/2011 13:05:33.0876876
390 10/6/2011 13:05:39.1079880
220 10/6/2011 13:05:44.7981936
331 10/6/2011 13:05:50.2368984
841 10/6/2011 13:05:56.8545132
956 10/6/2011 13:06:02.6390316
883 10/6/2011 13:06:08.2034868
740 10/6/2011 13:06:10.1368992
187 10/6/2011 13:06:15.6084733
391 10/6/2011 13:06:21.2866784
392 10/6/2011 13:06:25.9267629
393 10/6/2011 13:06:31.9352791
394 10/6/2011 13:06:39.2964979
402 10/6/2011 13:06:44.9117866
403 10/6/2011 13:06:50.4169716
560 10/6/2011 13:06:56.1895513
561 10/6/2011 13:07:02.0250474
572 10/6/2011 13:07:08.6312694
605 10/6/2011 13:07:13.9638933
641 10/6/2011 13:07:16.9077595
379 10/6/2011 13:07:23.3937107
380 10/6/2011 13:07:29.5333247
213 10/6/2011 13:07:35.1376903
703 10/6/2011 13:07:37.2944265
889 10/6/2011 13:07:43.3238423
384 10/6/2011 13:07:49.3375155
621 10/6/2011 13:07:55.0205941
569 10/6/2011 13:08:00.8138709
507 10/6/2011 13:08:11.8494335
562 10/6/2011 13:08:20.6281250
632 10/6/2011 13:08:23.7062500
623 10/6/2011 13:08:29.3000000
003 10/6/2011 13:08:34.9250000
004 10/6/2011 13:08:41.1281250
652 10/6/2011 13:08:44.6593750
653 10/6/2011 13:08:47.3156250
833 10/6/2011 13:08:53.2218750
658 10/6/2011 13:08:56.6437500
957 10/6/2011 13:09:05.6125000
589 10/6/2011 13:09:11.0968750
586 10/6/2011 13:09:17.3727408
501 10/6/2011 13:09:23.2474158
502 10/6/2011 13:09:30.8453288
521 10/6/2011 13:09:36.0777060
487 10/6/2011 13:09:41.4197438
489 10/6/2011 13:09:47.2160898
490 10/6/2011 13:09:52.7147856
491 10/6/2011 13:09:57.6965100
494 10/6/2011 13:10:03.3988612
495 10/6/2011 13:10:09.1795414
496 10/6/2011 13:10:14.8828310
488 10/6/2011 13:10:21.7175670
506 10/6/2011 13:10:28.2858110
500 10/6/2011 13:10:35.3713630
554 10/6/2011 13:10:41.9552830
587 10/6/2011 13:10:47.6926990
599 10/6/2011 13:10:54.5744630
615 10/6/2011 13:11:00.8918910
942 10/6/2011 13:11:07.7266270
776 10/6/2011 13:11:12.3667230
735 10/6/2011 13:11:15.6269140
940 10/6/2011 13:11:21.8177490
992 10/6/2011 13:11:28.4317550
542 10/6/2011 13:11:34.7009550
498 10/6/2011 13:11:41.7067860
499 10/6/2011 13:11:48.4461760
531 10/6/2011 13:11:54.9974900
493 10/6/2011 13:12:01.7055340
Insert Area--<none> 10/6/2011 13:12:02.0973590
Insert Area--ANAKROM-REGION-AREA1 10/6/2011 13:12:02.4264920
Insert Area--ANAKROM-REGION-AREA2 10/6/2011 13:12:02.7712980
Insert Area--ANAKROM-REGION-AREA3 10/6/2011 13:12:03.1161040
Insert Area--ANAKROM-REGION-AREA4 10/6/2011 13:12:03.4609100
Insert Area--CAGAYAN-REGION-AREA1 10/6/2011 13:12:03.8057160
Insert Area--CAGAYAN-REGION-AREA2 10/6/2011 13:12:04.1505220
Insert Area--CAGAYAN-REGION-AREA3 10/6/2011 13:12:04.4953280
Insert Area--CAGAYAN-REGION-AREA4 10/6/2011 13:12:04.8401340
Insert Area--CAGAYAN-REGION-AREA5 10/6/2011 13:12:05.1849400
Insert Area--CARAGA-REGION-AREA1 10/6/2011 13:12:05.5297460
Insert Area--CARAGA-REGION-AREA1 10/6/2011 13:12:05.8745520
Insert Area--CARAGA-REGION-AREA2 10/6/2011 13:12:06.2036850
Insert Area--CARAGA-REGION-AREA3 10/6/2011 13:12:06.5484910
Insert Area--CARAGA-REGION-AREA4 10/6/2011 13:12:06.8932970
Insert Area--Cebu Central A 10/6/2011 13:12:07.2381030
Insert Area--Cebu Central B 10/6/2011 13:12:07.5829090
Insert Area--Cebu Central C 10/6/2011 13:12:07.9277150
Insert Area--Cebu Central D 10/6/2011 13:12:08.2881940
Insert Area--Cebu North A 10/6/2011 13:12:08.6173270
Insert Area--Cebu North A 10/6/2011 13:12:08.9621330
Insert Area--Cebu North B 10/6/2011 13:12:09.3069390
Insert Area--Cebu North C 10/6/2011 13:12:09.6674180
Insert Area--Cebu North D 10/6/2011 13:12:09.9965510
Insert Area--Cebu North E 10/6/2011 13:12:10.3413570
Insert Area--Cebu South A 10/6/2011 13:12:10.6861630
Insert Area--Cebu South B 10/6/2011 13:12:11.0309690
Insert Area--Cebu South C 10/6/2011 13:12:11.3757750
Insert Area--CEBU SOUTH D 10/6/2011 13:12:11.7205810
Insert Area--CEBU SOUTH E 10/6/2011 13:12:12.0497140
Insert Area--DAVA0-MINDANAO-REGION-AREA1 10/6/2011 13:12:12.3945200
Insert Area--DAVA0-MINDANAO-REGION-AREA2 10/6/2011 13:12:12.7393260
Insert Area--DAVA0-MINDANAO-REGION-AREA3 10/6/2011 13:12:13.0841320
Insert Area--DAVA0-MINDANAO-REGION-AREA4 10/6/2011 13:12:13.4289380
Insert Area--DAVA0-MINDANAO-REGION-AREA5 10/6/2011 13:12:14.9725000
Insert Area--DIPOLOG-MINDANAO-REGION-AREA1 10/6/2011 13:12:15.3162500
Insert Area--DIPOLOG-MINDANAO-REGION-AREA2 10/6/2011 13:12:15.6600000
Insert Area--DIPOLOG-MINDANAO-REGION-AREA3 10/6/2011 13:12:16.0037500
Insert Area--HO 10/6/2011 13:12:16.3631250
Insert Area--LEYTE-REGION-AREA1 10/6/2011 13:12:16.6912500
Insert Area--LEYTE-REGION-AREA2 10/6/2011 13:12:17.0350000
Insert Area--LEYTE-REGION-AREA2 10/6/2011 13:12:17.3787500
Insert Area--LEYTE-REGION-AREA3 10/6/2011 13:12:17.7225000
Insert Area--LUZON-SHOWROOMS 10/6/2011 13:12:18.0506250
Insert Area--MINDANAO-SHOWROOMS 10/6/2011 13:12:18.3943750
Insert Area--NCR-SHOWROOMS 10/6/2011 13:12:18.7537500
Insert Area--NEGROS-OCC-REGION-AREA1 10/6/2011 13:12:19.1131250
Insert Area--NEGROS-OCC-REGION-AREA2 10/6/2011 13:12:19.4568750
Insert Area--NEGROS-OCC-REGION-AREA3 10/6/2011 13:12:19.8006250
Insert Area--NEGROS-OCC-REGION-AREA4 10/6/2011 13:12:20.1600000
Insert Area--NEGROS-OCC-REGION-AREA5 10/6/2011 13:12:20.4881250
Insert Area--NEGROS-ORIENTAL-REGION-AREA1 10/6/2011 13:12:20.8318750
Insert Area--NEGROS-ORIENTAL-REGION-AREA2 10/6/2011 13:12:21.1912500
Insert Area--NEGROS-ORIENTAL-REGION-AREA3 10/6/2011 13:12:21.5350000
Insert Area--NEGROS-ORIENTAL-REGION-AREA4 10/6/2011 13:12:21.8787500
Insert Area--OZAMIS-MINDANAO-REGION-AREA1 10/6/2011 13:12:22.2225000
Insert Area--OZAMIS-MINDANAO-REGION-AREA2 10/6/2011 13:12:22.5662500
Insert Area--OZAMIS-MINDANAO-REGION-AREA3 10/6/2011 13:12:22.9100000
Insert Area--OZAMIS-MINDANAO-REGION-AREA4 10/6/2011 13:12:23.2537500
Insert Area--OZAMIS-MINDANAO-REGION-AREA5 10/6/2011 13:12:23.6131250
Insert Area--PANAY-ROMBLON-REGION-AREA1 10/6/2011 13:12:23.9568750
Insert Area--PANAY-ROMBLON-REGION-AREA2 10/6/2011 13:12:24.3006250
Insert Area--PANAY-ROMBLON-REGION-AREA3 10/6/2011 13:12:24.6443750
Insert Area--PANAY-ROMBLON-REGION-AREA4 10/6/2011 13:12:24.9725000
Insert Area--PANAY-ROMBLON-REGION-AREA5 10/6/2011 13:12:25.3162500
Insert Area--SAMAR-REGION-AREA1 10/6/2011 13:12:25.6600000
Insert Area--SAMAR-REGION-AREA2 10/6/2011 13:12:26.0037500
Insert Area--SAMAR-REGION-AREA3 10/6/2011 13:12:26.3318750
Insert Area--SOCSKSARGEN-MINDANAO-AREA1 10/6/2011 13:12:26.6756250
Insert Area--SOCSKSARGEN-MINDANAO-AREA2 10/6/2011 13:12:27.0193750
Insert Area--SOCSKSARGEN-MINDANAO-AREA3 10/6/2011 13:12:27.3631250
Insert Area--SOCSKSARGEN-MINDANAO-AREA4 10/6/2011 13:12:27.7068750
Insert Area--SOCSKSARGEN-MINDANAO-AREA5 10/6/2011 13:12:28.0506250
Insert Area--SOCSKSARGEN-MINDANAO-AREA6 10/6/2011 13:12:28.3943750
Insert Area--VISAYAS-SHOWROOMS 10/6/2011 13:12:28.7381250
Insert Area--ZAMBASTA-MINDANAO-AREA1 10/6/2011 13:12:29.0818750
Insert Area--ZAMBASTA-MINDANAO-AREA2 10/6/2011 13:12:29.4256250
Insert Area--ZAMBASTA-MINDANAO-AREA3 10/6/2011 13:12:29.7693750
Insert region--ANAKROM-REGION 10/6/2011 13:12:30.0037500
Insert region--CAGAYAN-REGION 10/6/2011 13:12:30.1912500
Insert region--CARAGA-REGION 10/6/2011 13:12:30.3943750
Insert region--Cebu Central 10/6/2011 13:12:30.5975000
Insert region--Cebu North 10/6/2011 13:12:30.8006250
Insert region--Cebu South 10/6/2011 13:12:30.9881250
Insert region--DAVA0-MINDANAO-REGION 10/6/2011 13:12:31.1912500
Insert region--DIPOLOG-MINDANAO-REGION 10/6/2011 13:12:31.3787500
Insert region--HO 10/6/2011 13:12:31.5818750
Insert region--LA-SHOWROOMS 10/6/2011 13:12:31.7693750
Insert region--LEYTE-REGION 10/6/2011 13:12:31.9568750
Insert region--LUZON/NCR-SHOWROOMS 10/6/2011 13:12:32.1443750
Insert region--NEGROS-OCC-REGION 10/6/2011 13:12:32.3475000
Insert region--NEGROS-ORIENTAL-REGION 10/6/2011 13:12:32.5350000
Insert region--OZAMIS-MINDANAO-REGION 10/6/2011 13:12:32.7225000
Insert region--PANAY-ROMBLON-REGION 10/6/2011 13:12:34.1756250
Insert region--SAMAR-REGION 10/6/2011 13:12:44.6756250
Insert region--SOCSKSARGEN-MINDANAO-REGION 10/6/2011 13:12:44.9881250
Insert region--VISMIN-SHOWROOMS 10/6/2011 13:12:45.3006250
Insert region--ZAMBASTA-MINDANAO-REGION 10/6/2011 13:12:45.6131250
Insert Vismin Wide--  10/6/2011 13:12:48.5350000
Update--941 10/5/2011 13:13:00.4881250
Update--677 10/5/2011 13:13:22.2120972
Update--711 10/5/2011 13:13:27.2420812
Update--712 10/5/2011 13:13:33.0894376
Update--726 10/5/2011 13:13:41.6561291
Update--036 10/5/2011 13:13:55.1113363
Update--057 10/5/2011 13:14:00.9744114
Update--066 10/5/2011 13:14:06.9475174
Update--079 10/5/2011 13:14:13.4393405
Update--264 10/5/2011 13:14:20.3808599
Update--593 10/5/2011 13:14:26.3486459
Update--628 10/5/2011 13:14:30.7773713
Update--582 10/5/2011 13:14:43.0741514
Update--537 10/5/2011 13:14:50.5495886
Update--396 10/5/2011 13:14:55.9834148
Update--280 10/5/2011 13:15:01.3230128
Update--281 10/5/2011 13:15:06.7254296
Update--284 10/5/2011 13:15:12.3477122
Update--285 10/5/2011 13:15:18.0996947
Update--290 10/5/2011 13:15:23.4728240
Update--720 10/5/2011 13:15:26.1515561
Update--696 10/5/2011 13:15:28.0940285
Update--697 10/5/2011 13:15:30.0678311
Update--673 10/5/2011 13:15:32.3549357
Update--875 10/5/2011 13:15:38.0570321
Update--727 10/5/2011 13:15:43.4144963
Update--730 10/5/2011 13:15:46.5161861
Update--731 10/5/2011 13:15:49.2889088
Update--724 10/5/2011 13:15:52.0616315
Update--725 10/5/2011 13:15:54.6777032
Update--291 10/5/2011 13:16:00.5834459
Update--287 10/5/2011 13:16:06.7085000
Update--289 10/5/2011 13:16:13.6637674
Update--583 10/5/2011 13:16:18.9103364
Update--639 10/5/2011 13:16:22.5124584
Update--288 10/5/2011 13:16:28.0409326
Update--292 10/5/2011 13:16:33.1622104
Update--282 10/5/2011 13:16:38.1895198
Update--283 10/5/2011 13:16:44.1565132
Update--246 10/5/2011 13:16:50.1704908
Update--250 10/5/2011 13:16:55.9652088
Update--251 10/5/2011 13:17:02.2767530
Update--252 10/5/2011 13:17:08.9798322
Update--254 10/5/2011 13:17:16.9270000
Update--248 10/5/2011 13:17:22.0988750
Update--747 10/5/2011 13:17:28.1145000
Update--843 10/5/2011 13:17:34.7082500
Update--679 10/5/2011 13:17:37.7238750
Update--668 10/5/2011 13:17:40.1926250
Update--574 10/5/2011 13:17:47.3020000
Update--519 10/5/2011 13:17:53.3176250
Update--533 10/5/2011 13:17:59.5988750
Update--346 10/5/2011 13:18:04.4270000
Update--347 10/5/2011 13:18:09.1301250
Update--348 10/5/2011 13:18:15.0283025
Update--349 10/5/2011 13:18:19.8338795
Update--350 10/5/2011 13:18:25.2519320
Update--351 10/5/2011 13:18:30.9055520
Update--352 10/5/2011 13:18:35.5540840
Update--353 10/5/2011 13:18:42.9666080
Update--373 10/5/2011 13:18:47.8192985
Update--338 10/5/2011 13:18:54.4937110
Update--339 10/5/2011 13:19:00.6027615
Update--342 10/5/2011 13:19:06.8845615
Update--528 10/5/2011 13:19:12.7894535
Update--550 10/5/2011 13:19:18.3906351
Update--604 10/5/2011 13:19:23.8203141
Update--627 10/5/2011 13:19:27.1253361
Update--880 10/5/2011 13:19:33.6252127
Update--881 10/5/2011 13:19:40.4870679
Update--948 10/5/2011 13:19:45.3186953
Update--995 10/5/2011 13:19:51.4408551
Update--355 10/5/2011 13:19:57.0279161
Update--356 10/5/2011 13:20:06.5652653
Update--359 10/5/2011 13:20:12.0736353
Update--360 10/5/2011 13:20:19.2455921
Update--361 10/5/2011 13:20:26.4906761
Update--362 10/5/2011 13:20:33.2809821
Update--363 10/5/2011 13:20:39.1617321
Update--368 10/5/2011 13:20:44.8229341
Update--365 10/5/2011 13:20:50.8605041
Update--344 10/5/2011 13:20:57.2430781
Update--340 10/5/2011 13:21:03.4688321
Update--341 10/5/2011 13:21:08.2988881
Update--640 10/5/2011 13:21:11.6705181
Update--558 10/5/2011 13:21:20.6778750
Update--335 10/5/2011 13:21:27.0528750
Update--336 10/5/2011 13:21:33.3185000
Update--172 10/5/2011 13:21:39.8810000
Update--687 10/5/2011 13:21:42.4747500
Update--688 10/5/2011 13:21:44.8028750
Update--689 10/5/2011 13:21:46.9747500
Update--879 10/5/2011 13:21:53.5060000
Update--343 10/5/2011 13:21:59.7716250
Update--354 10/5/2011 13:22:05.5685000
Update--364 10/5/2011 13:22:11.5060000
Update--410 10/5/2011 13:22:19.5935752
Update--412 10/5/2011 13:22:24.9753481
Update--413 10/5/2011 13:22:30.8278300
Update--414 10/5/2011 13:22:36.6332410
Update--415 10/5/2011 13:22:42.6269356
Update--416 10/5/2011 13:22:49.8601639
Update--405 10/5/2011 13:22:56.6697541
Update--407 10/5/2011 13:23:03.4322734
Update--408 10/5/2011 13:23:08.4688597
Update--618 10/5/2011 13:23:13.9284746
Update--620 10/5/2011 13:23:19.5987702
Update--108 10/5/2011 13:23:25.2847296
Update--845 10/5/2011 13:23:32.1924654
Update--862 10/5/2011 13:23:38.8025890
Update--748 10/5/2011 13:23:44.0186344
Update--878 10/5/2011 13:23:51.7408878
Update--619 10/5/2011 13:23:57.0352522
Update--430 10/5/2011 13:24:02.7682030
Update--406 10/5/2011 13:24:09.1746972
Update--417 10/5/2011 13:24:14.9387146
Update--418 10/5/2011 13:24:20.8115146
Update--419 10/5/2011 13:24:27.2637642
Update--420 10/5/2011 13:24:35.2820938
Update--421 10/5/2011 13:24:41.1862154
Update--423 10/5/2011 13:24:48.0926282
Update--424 10/5/2011 13:24:55.1243274
Update--425 10/5/2011 13:25:01.5295946
Update--431 10/5/2011 13:25:07.1674826
Update--409 10/5/2011 13:25:13.2125514
Update--427 10/5/2011 13:25:19.0702500
Update--428 10/5/2011 13:25:23.7733750
Update--429 10/5/2011 13:25:29.8046250
Update--434 10/5/2011 13:25:35.4608750
Update--954 10/5/2011 13:25:45.0702500
Update--719 10/5/2011 13:25:47.4608750
Update--718 10/5/2011 13:25:50.5077500
Update--435 10/5/2011 13:26:01.4296250
Update--436 10/5/2011 13:26:08.6483750
Update--437 10/5/2011 13:26:14.5283015
Update--439 10/5/2011 13:26:19.6963980
Update--440 10/5/2011 13:26:24.1104865
Update--441 10/5/2011 13:26:30.0640080
Update--432 10/5/2011 13:26:36.1903230
Update--433 10/5/2011 13:26:42.3951805
Update--105 10/5/2011 13:26:48.5529125
Update--037 10/5/2011 13:26:54.0037620
Update--040 10/5/2011 13:26:59.6431135
Update--029 10/5/2011 13:27:06.9161490
Update--030 10/5/2011 13:27:12.7754195
Update--032 10/5/2011 13:27:18.8973828
Update--033 10/5/2011 13:27:24.8479722
Update--034 10/5/2011 13:27:30.5152002
Update--035 10/5/2011 13:27:36.1194590
Update--018 10/5/2011 13:27:41.6607486
Update--750 10/5/2011 13:27:46.6353154
Update--868 10/5/2011 13:27:52.0664089
Update--846 10/5/2011 13:27:58.5994634
Update--749 10/5/2011 13:28:03.9203608
Update--867 10/5/2011 13:28:11.5711186
Update--019 10/5/2011 13:28:18.8860956
Update--020 10/5/2011 13:28:24.6263776
Update--022 10/5/2011 13:28:30.6969224
Update--023 10/5/2011 13:28:37.0348228
Update--024 10/5/2011 13:28:43.4670840
Update--025 10/5/2011 13:28:49.2702732
Update--026 10/5/2011 13:28:55.2621840
Update--027 10/5/2011 13:29:01.0339196
Update--028 10/5/2011 13:29:08.1738868
Update--078 10/5/2011 13:29:15.6798750
Update--526 10/5/2011 13:29:22.4298750
Update--512 10/5/2011 13:29:29.0548750
Update--508 10/5/2011 13:29:35.4455000
Update--616 10/5/2011 13:29:41.7423750
Update--633 10/5/2011 13:29:44.1642500
Update--045 10/5/2011 13:29:48.4611250
Update--046 10/5/2011 13:29:54.1798750
Update--047 10/5/2011 13:30:01.0236250
Update--048 10/5/2011 13:30:08.1017500
Update--049 10/5/2011 13:30:14.2472188
Update--050 10/5/2011 13:30:20.4996512
Update--054 10/5/2011 13:30:26.9253248
Update--042 10/5/2011 13:30:33.7132300
Update--052 10/5/2011 13:30:39.3514436
Update--325 10/5/2011 13:30:44.6431748
Update--053 10/5/2011 13:30:50.8798580
Update--043 10/5/2011 13:30:57.3212808
Update--055 10/5/2011 13:31:02.6445104
Update--051 10/5/2011 13:31:08.4717144
Update--041 10/5/2011 13:31:17.0710000
Update--038 10/5/2011 13:31:22.8366250
Update--532 10/5/2011 13:31:28.3053750
Update--866 10/5/2011 13:31:33.7585000
Update--722 10/5/2011 13:31:39.1491250
Update--721 10/5/2011 13:31:43.0397500
Update--864 10/5/2011 13:31:48.8522500
Update--865 10/5/2011 13:31:55.2897500
Update--710 10/5/2011 13:31:59.1178750
Update--644 10/5/2011 13:32:03.8991250
Update--547 10/5/2011 13:32:12.5085000
Update--591 10/5/2011 13:32:21.4933750
Update--571 10/5/2011 13:32:27.2902500
Update--578 10/5/2011 13:32:33.7746250
Update--067 10/5/2011 13:32:40.6340000
Update--068 10/5/2011 13:32:46.9152500
Update--069 10/5/2011 13:32:51.3215000
Update--065 10/5/2011 13:32:57.4777500
Update--260 10/5/2011 13:33:02.6027500
Update--240 10/5/2011 13:33:07.8215000
Update--070 10/5/2011 13:33:12.0246250
Update--071 10/5/2011 13:33:17.9457500
Update--072 10/5/2011 13:33:23.1645000
Update--073 10/5/2011 13:33:28.9770000
Update--056 10/5/2011 13:33:34.5238750
Update--064 10/5/2011 13:33:40.3988750
Update--087 10/5/2011 13:33:45.8520000
Update--585 10/5/2011 13:33:51.3676250
Update--511 10/5/2011 13:33:57.1645000
Update--699 10/5/2011 13:33:59.9301250
Update--936 10/5/2011 13:34:05.5082500
Update--943 10/5/2011 13:34:12.6176250
Update--088 10/5/2011 13:34:19.3603626
Update--089 10/5/2011 13:34:25.3385955
Update--090 10/5/2011 13:34:31.1756103
Update--092 10/5/2011 13:34:36.8870979
Update--093 10/5/2011 13:34:42.0807858
Update--094 10/5/2011 13:34:47.1175647
Update--080 10/5/2011 13:34:53.3625429
Update--081 10/5/2011 13:34:59.8585755
Update--082 10/5/2011 13:35:05.4602268
Update--084 10/5/2011 13:35:11.1560235
Update--085 10/5/2011 13:35:17.6175118
Update--086 10/5/2011 13:35:24.1554046
Update--083 10/5/2011 13:35:29.8623422
Update--095 10/5/2011 13:35:35.4752094
Update--074 10/5/2011 13:35:41.1194334
Update--075 10/5/2011 13:35:46.2776270
Update--076 10/5/2011 13:35:52.1413486
Update--573 10/5/2011 13:35:57.7071806
Update--937 10/5/2011 13:36:03.3984398
Update--938 10/5/2011 13:36:09.6541214
Update--656 10/5/2011 13:36:11.6609566
Update--869 10/5/2011 13:36:16.7769308
Update--728 10/5/2011 13:36:18.8810792
Update--944 10/5/2011 13:36:24.8480672
Update--945 10/5/2011 13:36:30.9563786
Update--997 10/5/2011 13:36:36.2324522
Update--058 10/5/2011 13:36:41.0217452
Update--059 10/5/2011 13:36:48.1507256
Update--060 10/5/2011 13:36:53.3011784
Update--061 10/5/2011 13:36:59.0326274
Update--062 10/5/2011 13:37:05.3921804
Update--063 10/5/2011 13:37:11.1079268
Update--120 10/5/2011 13:37:18.6860000
Update--121 10/5/2011 13:37:24.3422500
Update--122 10/5/2011 13:37:29.7953750
Update--125 10/5/2011 13:37:35.6547500
Update--126 10/5/2011 13:37:41.6703750
Update--128 10/5/2011 13:37:46.0766250
Update--129 10/5/2011 13:37:53.1078750
Update--130 10/5/2011 13:37:58.7172500
Update--575 10/5/2011 13:38:05.5610000
Update--835 10/5/2011 13:38:12.5610000
Update--702 10/5/2011 13:38:16.4675000
Update--666 10/5/2011 13:38:18.7487500
Update--839 10/5/2011 13:38:24.8425000
Update--555 10/5/2011 13:38:30.7956250
Update--123 10/5/2011 13:38:42.9206250
Update--124 10/5/2011 13:38:48.7487500
Update--106 10/5/2011 13:38:52.9831250
Update--103 10/5/2011 13:38:59.1237500
Update--109 10/5/2011 13:39:05.1862500
Update--112 10/5/2011 13:39:10.9362500
Update--115 10/5/2011 13:39:16.2929258
Update--117 10/5/2011 13:39:22.0400042
Update--118 10/5/2011 13:39:27.8655946
Update--119 10/5/2011 13:39:33.7696970
Update--834 10/5/2011 13:39:39.8936330
Update--670 10/5/2011 13:39:42.0291594
Update--953 10/5/2011 13:39:47.9018570
Update--876 10/5/2011 13:39:53.5547210
Update--947 10/5/2011 13:39:59.9613002
Update--104 10/5/2011 13:40:06.6348202
Update--096 10/5/2011 13:40:12.3033866
Update--097 10/5/2011 13:40:19.1731250
Update--098 10/5/2011 13:40:24.7200000
Update--099 10/5/2011 13:40:29.0168750
Update--100 10/5/2011 13:40:34.8606250
Update--101 10/5/2011 13:40:42.1262500
Update--017 10/5/2011 13:40:48.0481250
Update--566 10/5/2011 13:40:54.7825000
Update--567 10/5/2011 13:41:01.3293750
Update--549 10/5/2011 13:41:07.0793750
Update--559 10/5/2011 13:41:13.1262500
Update--107 10/5/2011 13:41:19.8480000
Update--116 10/5/2011 13:41:25.4730000
Update--113 10/5/2011 13:41:31.6605000
Update--114 10/5/2011 13:41:38.2230000
Update--110 10/5/2011 13:41:44.8480000
Update--111 10/5/2011 13:41:51.0511250
Update--836 10/5/2011 13:41:57.7230000
Update--837 10/5/2011 13:42:03.7855000
Update--838 10/5/2011 13:42:09.7386250
Update--723 10/5/2011 13:42:12.1917500
Update--739 10/5/2011 13:42:14.1456170
Update--136 10/5/2011 13:42:19.7958085
Update--308 10/5/2011 13:42:25.5712120
Update--309 10/5/2011 13:42:31.2214035
Update--298 10/5/2011 13:42:36.1046715
Update--299 10/5/2011 13:42:40.3462280
Update--300 10/5/2011 13:42:46.2781465
Update--301 10/5/2011 13:42:52.6170040
Update--303 10/5/2011 13:42:58.4863165
Update--306 10/5/2011 13:43:02.6652670
Update--527 10/5/2011 13:43:08.3154585
Update--515 10/5/2011 13:43:14.0771080
Update--602 10/5/2011 13:43:20.1189640
Update--624 10/5/2011 13:43:25.5629280
Update--540 10/5/2011 13:43:31.8093260
Update--541 10/5/2011 13:43:39.9438040
Update--302 10/5/2011 13:43:46.6622220
Update--333 10/5/2011 13:43:53.3491720
Update--334 10/5/2011 13:43:59.4539640
Update--326 10/5/2011 13:44:07.2108260
Update--327 10/5/2011 13:44:16.8023750
Update--328 10/5/2011 13:44:23.3805000
Update--329 10/5/2011 13:44:29.8648750
Update--127 10/5/2011 13:44:35.2242500
Update--893 10/5/2011 13:44:40.8961250
Update--894 10/5/2011 13:44:47.3180000
Update--661 10/5/2011 13:44:50.0992500
Update--701 10/5/2011 13:44:52.4586250
Update--319 10/5/2011 13:44:58.0992500
Update--320 10/5/2011 13:45:03.2711250
Update--321 10/5/2011 13:45:09.1148750
Update--322 10/5/2011 13:45:13.6305000
Update--323 10/5/2011 13:45:20.0059306
Update--307 10/5/2011 13:45:24.0576658
Update--311 10/5/2011 13:45:29.2872310
Update--312 10/5/2011 13:45:34.3440478
Update--315 10/5/2011 13:45:38.7412798
Update--316 10/5/2011 13:45:44.9288134
Update--286 10/5/2011 13:45:50.8964854
Update--426 10/5/2011 13:45:55.4036482
Update--517 10/5/2011 13:46:01.4969554
Update--590 10/5/2011 13:46:09.3334510
Update--317 10/5/2011 13:46:17.5682500
Update--313 10/5/2011 13:46:23.0995000
Update--314 10/5/2011 13:46:30.3807500
Update--310 10/5/2011 13:46:37.9588750
Update--148 10/5/2011 13:46:45.1776250
Update--709 10/5/2011 13:46:47.6307500
Update--671 10/5/2011 13:46:49.8182500
Update--890 10/5/2011 13:46:55.3182500
Update--891 10/5/2011 13:47:01.8026250
Update--860 10/5/2011 13:47:07.8182500
Update--332 10/5/2011 13:47:15.1625000
Update--324 10/5/2011 13:47:21.4125000
Update--330 10/5/2011 13:47:27.1937500
Update--271 10/5/2011 13:47:32.7406250
Update--570 10/5/2011 13:47:38.6312500
Update--565 10/5/2011 13:47:44.6937500
Update--622 10/5/2011 13:47:50.6937500
Update--608 10/5/2011 13:47:56.0375000
Update--545 10/5/2011 13:48:02.7875000
Update--553 10/5/2011 13:48:09.5687500
Update--442 10/5/2011 13:48:15.5578055
Update--443 10/5/2011 13:48:21.3697802
Update--438 10/5/2011 13:48:28.2313568
Update--445 10/5/2011 13:48:34.4036426
Update--447 10/5/2011 13:48:39.8866376
Update--448 10/5/2011 13:48:46.3565717
Update--449 10/5/2011 13:48:52.5445232
Update--450 10/5/2011 13:48:58.5914834
Update--991 10/5/2011 13:49:04.5444494
Update--854 10/5/2011 13:49:11.5626830
Update--884 10/5/2011 13:49:17.3817187
Update--451 10/5/2011 13:49:23.2678687
Update--452 10/5/2011 13:49:28.0081815
Update--459 10/5/2011 13:49:33.0624223
Update--460 10/5/2011 13:49:38.8857867
Update--461 10/5/2011 13:49:44.4423123
Update--462 10/5/2011 13:49:49.3866783
Update--463 10/5/2011 13:49:55.6652383
Update--464 10/5/2011 13:50:00.2642835
Update--455 10/5/2011 13:50:07.5474131
Update--457 10/5/2011 13:50:16.2093750
Update--606 10/5/2011 13:50:22.1312500
Update--612 10/5/2011 13:50:27.6625000
Update--630 10/5/2011 13:50:33.2406250
Update--564 10/5/2011 13:50:40.3656250
Update--610 10/5/2011 13:50:46.5531250
Update--611 10/5/2011 13:50:53.0218750
Update--548 10/5/2011 13:50:59.3500000
Update--524 10/5/2011 13:51:05.8187500
Update--458 10/5/2011 13:51:11.3343750
Update--479 10/5/2011 13:51:17.3219350
Update--453 10/5/2011 13:51:23.0555740
Update--454 10/5/2011 13:51:28.5692926
Update--233 10/5/2011 13:51:33.8787994
Update--885 10/5/2011 13:51:39.7695244
Update--886 10/5/2011 13:51:45.8330440
Update--887 10/5/2011 13:51:52.0536496
Update--888 10/5/2011 13:51:57.9129574
Update--663 10/5/2011 13:52:00.0807442
Update--001 10/5/2011 13:52:01.9657762
Update--207 10/5/2011 13:52:08.1863818
Update--208 10/5/2011 13:52:13.4487628
Update--209 10/5/2011 13:52:18.7926442
Update--210 10/5/2011 13:52:25.5984949
Update--212 10/5/2011 13:52:29.9523532
Update--214 10/5/2011 13:52:33.9918535
Update--215 10/5/2011 13:52:39.3359395
Update--216 10/5/2011 13:52:44.7586150
Update--217 10/5/2011 13:52:50.0712652
Update--218 10/5/2011 13:52:55.9183240
Update--674 10/5/2011 13:52:58.0402405
Update--675 10/5/2011 13:52:59.9578243
Update--645 10/5/2011 13:53:01.9539976
Update--650 10/5/2011 13:53:04.4059900
Update--651 10/5/2011 13:53:07.3766731
Update--949 10/5/2011 13:53:17.2415000
Update--996 10/5/2011 13:53:23.6321250
Update--874 10/5/2011 13:53:30.2883750
Update--191 10/5/2011 13:53:35.8196250
Update--201 10/5/2011 13:53:42.1633750
Update--202 10/5/2011 13:53:48.3665000
Update--203 10/5/2011 13:53:53.6946250
Update--204 10/5/2011 13:53:59.3352500
Update--205 10/5/2011 13:54:06.5852500
Update--193 10/5/2011 13:54:13.2571250
Update--194 10/5/2011 13:54:17.5534166
Update--195 10/5/2011 13:54:23.2796096
Update--196 10/5/2011 13:54:29.3509430
Update--197 10/5/2011 13:54:34.9359422
Update--198 10/5/2011 13:54:41.8230620
Update--199 10/5/2011 13:54:51.5811224
Update--579 10/5/2011 13:54:58.6251242
Update--634 10/5/2011 13:55:01.1195480
Update--206 10/5/2011 13:55:06.9555584
Update--219 10/5/2011 13:55:12.5248694
Update--221 10/5/2011 13:55:18.2990390
Update--222 10/5/2011 13:55:24.8737356
Update--223 10/5/2011 13:55:30.8992332
Update--224 10/5/2011 13:55:36.5324458
Update--225 10/5/2011 13:55:42.6050176
Update--226 10/5/2011 13:55:48.1597732
Update--227 10/5/2011 13:55:52.6475136
Update--228 10/5/2011 13:55:57.2294024
Update--229 10/5/2011 13:56:02.0152794
Update--230 10/5/2011 13:56:07.1620586
Update--872 10/5/2011 13:56:14.7886707
Update--993 10/5/2011 13:56:20.3468601
Update--698 10/5/2011 13:56:22.4979108
Update--844 10/5/2011 13:56:28.5742365
Update--851 10/5/2011 13:56:34.2423336
Update--007 10/5/2011 13:56:41.1508176
Update--012 10/5/2011 13:56:47.3841543
Update--013 10/5/2011 13:56:55.0619922
Update--014 10/5/2011 13:57:01.4052366
Update--005 10/5/2011 13:57:07.4815623
Update--006 10/5/2011 13:57:19.1646250
Update--568 10/5/2011 13:57:25.5083750
Update--892 10/5/2011 13:57:35.8521250
Update--939 10/5/2011 13:57:45.4458750
Update--946 10/5/2011 13:57:51.7427500
Update--369 10/5/2011 13:57:57.5708750
Update--008 10/5/2011 13:58:03.6177500
Update--009 10/5/2011 13:58:09.5865000
Update--010 10/5/2011 13:58:14.4793250
Update--011 10/5/2011 13:58:20.3906850
Update--015 10/5/2011 13:58:26.3334050
Update--016 10/5/2011 13:58:31.9311650
Update--163 10/5/2011 13:58:36.9330850
Update--176 10/5/2011 13:58:42.5465250
Update--177 10/5/2011 13:58:47.6268450
Update--178 10/5/2011 13:58:51.6252450
Update--180 10/5/2011 13:58:56.3292450
Update--609 10/5/2011 13:59:02.0210850
Update--614 10/5/2011 13:59:07.4777250
Update--597 10/5/2011 13:59:12.9343650
Update--870 10/5/2011 13:59:18.9499275
Update--738 10/5/2011 13:59:21.5029802
Update--705 10/5/2011 13:59:23.9463926
Update--751 10/5/2011 13:59:29.1464754
Update--636 10/5/2011 13:59:31.7935055
Update--181 10/5/2011 13:59:37.3851608
Update--182 10/5/2011 13:59:42.9141645
Update--183 10/5/2011 13:59:48.7094375
Update--184 10/5/2011 13:59:54.9902604
Update--185 10/5/2011 14:00:01.1614430
Update--186 10/5/2011 14:00:06.9880418
Update--188 10/5/2011 14:00:13.4724824
Update--189 10/5/2011 14:00:18.7552452
Update--190 10/5/2011 14:00:24.0238907
Update--318 10/5/2011 14:00:29.4340819
Update--179 10/5/2011 14:00:33.5389072
Update--173 10/5/2011 14:00:39.4523720
Update--174 10/5/2011 14:00:45.6646555
Update--164 10/5/2011 14:00:51.2163924
Update--601 10/5/2011 14:00:56.5479471
Update--580 10/5/2011 14:01:02.1783205
Update--737 10/5/2011 14:01:05.5754173
Update--685 10/5/2011 14:01:08.2018764
Update--994 10/5/2011 14:01:13.5806130
Update--987 10/5/2011 14:01:20.7596250
Update--686 10/5/2011 14:01:23.0252500
Update--707 10/5/2011 14:01:25.4158750
Update--669 10/5/2011 14:01:30.0721250
Update--736 10/5/2011 14:01:33.0408750
Update--603 10/5/2011 14:01:39.1502500
Update--504 10/5/2011 14:01:43.6658750
Update--374 10/5/2011 14:01:48.8221250
Update--165 10/5/2011 14:01:53.9940000
Update--167 10/5/2011 14:01:59.9158750
Update--168 10/5/2011 14:02:04.6033750
Update--171 10/5/2011 14:02:08.7752500
Update--169 10/5/2011 14:02:14.0107788
Update--170 10/5/2011 14:02:19.1935816
Update--166 10/5/2011 14:02:25.1167848
Update--337 10/5/2011 14:02:30.4728728
Update--505 10/5/2011 14:02:37.6405788
Update--635 10/5/2011 14:02:40.3343760
Update--706 10/5/2011 14:02:42.8233816
Update--999 10/5/2011 14:02:49.1561680
Update--678 10/5/2011 14:02:51.4246288
Update--853 10/5/2011 14:02:59.3327352
Update--764 10/5/2011 14:03:05.2716916
Update--595 10/5/2011 14:03:11.2264012
Update--539 10/5/2011 14:03:19.6815000
Update--155 10/5/2011 14:03:25.6033750
Update--156 10/5/2011 14:03:31.4940000
Update--157 10/5/2011 14:03:37.2127500
Update--158 10/5/2011 14:03:42.8690000
Update--159 10/5/2011 14:03:48.4627500
Update--149 10/5/2011 14:03:56.4002500
Update--151 10/5/2011 14:04:01.0721250
Update--152 10/5/2011 14:04:07.2752500
Update--147 10/5/2011 14:04:12.8846250
Update--145 10/5/2011 14:04:20.4617500
Update--146 10/5/2011 14:04:27.2742500
Update--153 10/5/2011 14:04:33.5242500
Update--154 10/5/2011 14:04:38.3055000
Update--144 10/5/2011 14:04:43.8992500
Update--160 10/5/2011 14:04:51.5398750
Update--161 10/5/2011 14:04:57.2117500
Update--305 10/5/2011 14:05:02.3992500
Update--529 10/5/2011 14:05:07.6492500
Update--530 10/5/2011 14:05:13.3680000
Update--588 10/5/2011 14:05:19.7951250
Update--584 10/5/2011 14:05:25.1388750
Update--758 10/5/2011 14:05:30.5920000
Update--744 10/5/2011 14:05:33.6857500
Update--716 10/5/2011 14:05:39.3576250
Update--657 10/5/2011 14:05:42.5295000
Update--680 10/5/2011 14:05:44.5607500
Update--681 10/5/2011 14:05:46.8263750
Update--717 10/5/2011 14:05:49.8107500
Update--708 10/5/2011 14:05:52.3576250
Update--741 10/5/2011 14:05:54.5451250
Update--734 10/5/2011 14:05:57.6232500
Update--871 10/5/2011 14:06:04.2013750
Update--950 10/5/2011 14:06:10.0138750
Update--952 10/5/2011 14:06:17.2647500
Update--637 10/5/2011 14:06:21.1553750
Update--638 10/5/2011 14:06:26.3741250
Update--613 10/5/2011 14:06:31.6710000
Update--518 10/5/2011 14:06:37.0928750
Update--143 10/5/2011 14:06:42.7178750
Update--133 10/5/2011 14:06:48.9835000
Update--137 10/5/2011 14:06:53.4835000
Update--138 10/5/2011 14:06:59.6397500
Update--139 10/5/2011 14:07:06.0772500
Update--140 10/5/2011 14:07:12.2491250
Update--021 10/5/2011 14:07:18.4207500
Update--141 10/5/2011 14:07:23.9988750
Update--142 10/5/2011 14:07:30.2020000
Update--131 10/5/2011 14:07:35.6551250
Update--132 10/5/2011 14:07:41.0145000
Update--134 10/5/2011 14:07:46.6238750
Update--135 10/5/2011 14:07:52.8113750
Update--642 10/5/2011 14:07:55.2332500
Update--345 10/5/2011 14:08:01.2801250
Update--951 10/5/2011 14:08:06.8113750
Update--761 10/5/2011 14:08:10.6551250
Update--752 10/5/2011 14:08:16.2802500
Update--714 10/5/2011 14:08:18.6083750
Update--715 10/5/2011 14:08:20.5146250
Update--690 10/5/2011 14:08:23.0927500
Update--682 10/5/2011 14:08:25.5458750
Update--659 10/5/2011 14:08:27.5302500
Update--691 10/5/2011 14:08:29.9365000
Update--665 10/5/2011 14:08:34.6552500
Update--732 10/5/2011 14:08:37.4990000
Update--983 10/5/2011 14:08:45.0146250
Update--984 10/5/2011 14:08:53.4208750
Update--477 10/5/2011 14:08:58.4990000
Update--478 10/5/2011 14:09:04.2333750
Update--469 10/5/2011 14:09:10.1396250
Update--470 10/5/2011 14:09:17.2031250
Update--472 10/5/2011 14:09:22.4843750
Update--473 10/5/2011 14:09:28.5781250
Update--497 10/5/2011 14:09:34.0625000
Update--546 10/5/2011 14:09:39.4531250
Update--476 10/5/2011 14:09:45.7343750
Update--480 10/5/2011 14:09:52.1875000
Update--481 10/5/2011 14:09:58.3281250
Update--483 10/5/2011 14:10:04.1250000
Update--484 10/5/2011 14:10:09.7031250
Update--485 10/5/2011 14:10:15.9995000
Update--486 10/5/2011 14:10:23.1713750
Update--759 10/5/2011 14:10:32.6713750
Update--840 10/5/2011 14:10:38.6401250
Update--692 10/5/2011 14:10:43.0463750
Update--683 10/5/2011 14:10:45.6088750
Update--684 10/5/2011 14:10:47.9213750
Update--649 10/5/2011 14:10:50.9526250
Update--694 10/5/2011 14:10:53.0151250
Update--695 10/5/2011 14:10:55.4526250
Update--985 10/5/2011 14:11:04.0463750
Update--482 10/5/2011 14:11:09.0932500
Update--475 10/5/2011 14:11:17.6565000
Update--366 10/5/2011 14:11:22.9690000
Update--367 10/5/2011 14:11:29.3283750
Update--370 10/5/2011 14:11:35.5002500
Update--371 10/5/2011 14:11:39.8752500
Update--552 10/5/2011 14:11:47.5158750
Update--551 10/5/2011 14:11:56.0158750
Update--581 10/5/2011 14:12:00.7190000
Update--986 10/5/2011 14:12:05.4690000
Update--877 10/5/2011 14:12:10.1408750
Update--733 10/5/2011 14:12:12.7033750
Update--664 10/5/2011 14:12:16.4692500
Update--882 10/5/2011 14:12:21.6723750
Update--982 10/5/2011 14:12:29.3598750
Update--536 10/5/2011 14:12:40.5473750
Update--474 10/5/2011 14:12:46.0161250
Update--465 10/5/2011 14:12:51.2661250
Update--466 10/5/2011 14:12:57.0005000
Update--467 10/5/2011 14:13:02.7192500
Update--543 10/5/2011 14:13:09.3442500
Update--522 10/5/2011 14:13:17.2193750
Update--102 10/5/2011 14:13:24.2193750
Update--269 10/5/2011 14:13:29.2506250
Update--273 10/5/2011 14:13:35.5475000
Update--274 10/5/2011 14:13:43.2506250
Update--275 10/5/2011 14:13:50.0318750
Update--262 10/5/2011 14:13:54.6881250
Update--267 10/5/2011 14:14:01.8131250
Update--293 10/5/2011 14:14:07.6568750
Update--259 10/5/2011 14:14:13.7975000
Update--729 10/5/2011 14:14:17.2042500
Update--745 10/5/2011 14:14:22.9855000
Update--766 10/5/2011 14:14:27.9698750
Update--676 10/5/2011 14:14:30.2355000
Update--255 10/5/2011 14:14:35.8448750
Update--256 10/5/2011 14:14:42.2823750
Update--257 10/5/2011 14:14:51.1261250
Update--258 10/5/2011 14:14:56.7198750
Update--263 10/5/2011 14:15:03.3917500
Update--261 10/5/2011 14:15:10.3761250
Update--266 10/5/2011 14:15:16.3290000
Update--563 10/5/2011 14:15:22.6571250
Update--535 10/5/2011 14:15:28.7196250
Update--514 10/5/2011 14:15:34.2352500
Update--272 10/5/2011 14:15:39.5165000
Update--265 10/5/2011 14:15:44.8446250
Update--294 10/5/2011 14:15:50.6415000
Update--296 10/5/2011 14:15:56.1727500
Update--297 10/5/2011 14:16:01.8290000
Update--277 10/5/2011 14:16:05.8915000
Update--278 10/5/2011 14:16:11.9540000
Update--279 10/5/2011 14:16:19.8456250
Update--775 10/5/2011 14:16:24.5487500
Update--779 10/5/2011 14:16:28.5643750
Update--660 10/5/2011 14:16:31.2831250
Update--693 10/5/2011 14:16:34.1425000
Update--249 10/5/2011 14:16:40.4706250
Update--247 10/5/2011 14:16:44.9550000
Update--253 10/5/2011 14:16:50.7831250
Update--241 10/5/2011 14:16:57.4706250
Update--242 10/5/2011 14:17:03.3612500
Update--243 10/5/2011 14:17:09.0956250
Update--244 10/5/2011 14:17:13.7987500
Update--245 10/5/2011 14:17:19.6767544
Update--513 10/5/2011 14:17:24.4892557
Update--557 10/5/2011 14:17:31.1358373
Update--509 10/5/2011 14:17:37.4689009
Update--510 10/5/2011 14:17:43.9743994
Update--523 10/5/2011 14:17:50.0566486
Update--295 10/5/2011 14:17:56.5307953
Update--268 10/5/2011 14:18:00.5908534
Update--276 10/5/2011 14:18:06.1244461
Update--044 10/5/2011 14:18:12.6142687
Update--662 10/5/2011 14:18:18.3771250
Update--842 10/5/2011 14:18:25.4083750
Update--743 10/5/2011 14:18:28.0490000
Update--647 10/5/2011 14:18:30.3615000
Update--648 10/5/2011 14:18:35.0958750
Update--704 10/5/2011 14:18:37.2365000
Update--236 10/5/2011 14:18:42.9083750
Update--237 10/5/2011 14:18:49.7990000
Update--234 10/5/2011 14:18:55.9708750
Update--232 10/5/2011 14:19:00.8771250
Update--192 10/5/2011 14:19:06.3146250
Update--556 10/5/2011 14:19:11.3927500
Update--544 10/5/2011 14:19:19.3305000
Update--607 10/5/2011 14:19:25.2523750
Update--617 10/5/2011 14:19:30.3305000
Update--596 10/5/2011 14:19:35.9711250
Update--525 10/5/2011 14:19:41.4711250
Update--534 10/5/2011 14:19:47.2367500
Update--238 10/5/2011 14:19:53.5648750
Update--239 10/5/2011 14:19:58.8461250
Update--646 10/5/2011 14:20:01.2367500
Update--762 10/5/2011 14:20:06.1430000
Update--998 10/5/2011 14:20:11.4711250
Update--873 10/5/2011 14:20:19.3310000
Update--655 10/5/2011 14:20:22.6903750
Update--700 10/5/2011 14:20:24.7685000
Update--231 10/5/2011 14:20:30.9716250
Update--235 10/5/2011 14:20:37.1122500
Update--503 10/5/2011 14:20:43.2841250
Update--594 10/5/2011 14:20:49.4247500
Update--598 10/5/2011 14:20:54.7685000
Update--372 10/5/2011 14:20:59.9247500
Update--381 10/5/2011 14:21:05.3778750
Update--422 10/5/2011 14:21:09.6435000
Update--375 10/5/2011 14:21:17.9091250
Update--376 10/5/2011 14:21:23.8153750
Update--377 10/5/2011 14:21:29.2685000
Update--378 10/5/2011 14:21:36.0497500
Update--200 10/5/2011 14:21:41.2997500
Update--767 10/5/2011 14:21:45.2372500
Update--955 10/5/2011 14:21:51.2216250
Update--863 10/5/2011 14:21:57.5653750
Update--742 10/5/2011 14:21:59.7060000
Update--667 10/5/2011 14:22:01.9247500
Update--175 10/5/2011 14:22:07.2060000
Update--397 10/5/2011 14:22:13.0653750
Update--398 10/5/2011 14:22:18.9089524
Update--399 10/5/2011 14:22:24.8807083
Update--400 10/5/2011 14:22:30.6487035
Update--401 10/5/2011 14:22:36.7771984
Update--382 10/5/2011 14:22:40.6956734
Update--404 10/5/2011 14:22:46.0091255
Update--444 10/5/2011 14:22:52.0592509
Update--600 10/5/2011 14:22:57.6548332
Update--625 10/5/2011 14:23:03.2660894
Update--626 10/5/2011 14:23:07.1218688
Update--629 10/5/2011 14:23:12.9368857
Update--538 10/5/2011 14:23:19.6051948
Update--383 10/5/2011 14:23:26.4753692
Update--385 10/5/2011 14:23:32.5787132
Update--386 10/5/2011 14:23:39.2454428
Update--388 10/5/2011 14:23:45.8339244
Update--389 10/5/2011 14:23:51.2956348
Update--390 10/5/2011 14:23:56.9294908
Update--220 10/5/2011 14:24:02.2660044
Update--331 10/5/2011 14:24:07.4303724
Update--841 10/5/2011 14:24:13.2050748
Update--956 10/5/2011 14:24:19.0856103
Update--883 10/5/2011 14:24:24.8737812
Update--740 10/5/2011 14:24:27.9796290
Update--187 10/5/2011 14:24:34.1442663
Update--391 10/5/2011 14:24:40.1049843
Update--392 10/5/2011 14:24:44.6853255
Update--393 10/5/2011 14:24:51.1950570
Update--394 10/5/2011 14:24:58.5832101
Update--402 10/5/2011 14:25:05.5478385
Update--403 10/5/2011 14:25:11.3360094
Update--560 10/5/2011 14:25:18.5665000
Update--561 10/5/2011 14:25:25.1758750
Update--572 10/5/2011 14:25:31.8165000
Update--605 10/5/2011 14:25:37.1446250
Update--641 10/5/2011 14:25:40.7227500
Update--379 10/5/2011 14:25:46.8477500
Update--380 10/5/2011 14:25:53.1133750
Update--213 10/5/2011 14:25:59.4883750
Update--703 10/5/2011 14:26:02.5352500
Update--889 10/5/2011 14:26:08.6290000
Update--384 10/5/2011 14:26:16.1915000
Update--621 10/5/2011 14:26:22.8946250
Update--569 10/5/2011 14:26:29.8165000
Update--507 10/5/2011 14:26:37.7071250
Update--562 10/5/2011 14:26:47.3790000
Update--632 10/5/2011 14:26:50.6758750
Update--623 10/5/2011 14:26:56.7852500
Update--003 10/5/2011 14:27:02.2227500
Update--004 10/5/2011 14:27:08.0040000
Update--652 10/5/2011 14:27:10.1915000
Update--653 10/5/2011 14:27:12.2696250
Update--833 10/5/2011 14:27:17.6000275
Update--658 10/5/2011 14:27:20.0967250
Update--957 10/5/2011 14:27:28.9372325
Update--589 10/5/2011 14:27:34.0091400
Update--586 10/5/2011 14:27:40.0703050
Update--501 10/5/2011 14:27:46.1628750
Update--502 10/5/2011 14:27:51.8000725
Update--521 10/5/2011 14:27:57.3744600
Update--487 10/5/2011 14:28:04.2050475
Update--489 10/5/2011 14:28:09.9678650
Update--490 10/5/2011 14:28:16.7393750
Update--491 10/5/2011 14:28:21.3331250
Update--494 10/5/2011 14:28:27.0206250
Update--495 10/5/2011 14:28:32.6612500
Update--496 10/5/2011 14:28:38.5675000
Update--488 10/5/2011 14:28:44.6456250
Update--506 10/5/2011 14:28:50.2081250
Update--500 10/5/2011 14:28:56.0831250
Update--554 10/5/2011 14:29:01.8643750
Update--587 10/5/2011 14:29:07.1768750
Update--599 10/5/2011 14:29:12.4581250
Update--615 10/5/2011 14:29:18.2169270
Update--942 10/5/2011 14:29:23.9162934
Update--776 10/5/2011 14:29:27.9089814
Update--735 10/5/2011 14:29:30.7116918
Update--940 10/5/2011 14:29:36.2231670
Update--992 10/5/2011 14:29:43.9423638
Update--542 10/5/2011 14:29:51.4580118
Update--498 10/5/2011 14:29:57.8619702
Update--499 10/5/2011 14:30:04.0780374
Update--531 10/5/2011 14:30:25.8377532
Update--493 10/5/2011 14:30:33.7996632
Update Area--<none> 10/5/2011 14:30:34.2087732
Update Area--ANAKROM-REGION-AREA1 10/5/2011 14:30:34.5549432
Update Area--ANAKROM-REGION-AREA2 10/5/2011 14:30:34.9011132
Update Area--ANAKROM-REGION-AREA3 10/5/2011 14:30:35.2472832
Update Area--ANAKROM-REGION-AREA4 10/5/2011 14:30:35.6249232
Update Area--CAGAYAN-REGION-AREA1 10/5/2011 14:30:35.9710932
Update Area--CAGAYAN-REGION-AREA2 10/5/2011 14:30:36.3172632
Update Area--CAGAYAN-REGION-AREA3 10/5/2011 14:30:36.6476982
Update Area--CAGAYAN-REGION-AREA4 10/5/2011 14:30:37.0096032
Update Area--CAGAYAN-REGION-AREA5 10/5/2011 14:30:37.3400382
Update Area--CARAGA-REGION-AREA1 10/5/2011 14:30:37.7019432
Update Area--CARAGA-REGION-AREA1 10/5/2011 14:30:38.0481132
Update Area--CARAGA-REGION-AREA2 10/5/2011 14:30:38.4100182
Update Area--CARAGA-REGION-AREA3 10/5/2011 14:30:38.7561882
Update Area--CARAGA-REGION-AREA4 10/5/2011 14:30:39.1023582
Update Area--Cebu Central A 10/5/2011 14:30:39.4485282
Update Area--Cebu Central B 10/5/2011 14:30:39.8104332
Update Area--Cebu Central C 10/5/2011 14:30:40.1723382
Update Area--Cebu Central D 10/5/2011 14:30:40.5185082
Update Area--Cebu North A 10/5/2011 14:30:40.8646782
Update Area--Cebu North A 10/5/2011 14:30:41.2108482
Update Area--Cebu North B 10/5/2011 14:30:41.5570182
Update Area--Cebu North C 10/5/2011 14:30:41.9031882
Update Area--Cebu North D 10/5/2011 14:30:42.2493582
Update Area--Cebu North E 10/5/2011 14:30:42.5955282
Update Area--Cebu South A 10/5/2011 14:30:42.9574332
Update Area--Cebu South B 10/5/2011 14:30:43.3036032
Update Area--Cebu South C 10/5/2011 14:30:43.6812432
Update Area--CEBU SOUTH D 10/5/2011 14:30:44.0274132
Update Area--CEBU SOUTH E 10/5/2011 14:30:44.3735832
Update Area--DAVA0-MINDANAO-REGION-AREA1 10/5/2011 14:30:44.7197532
Update Area--DAVA0-MINDANAO-REGION-AREA2 10/5/2011 14:30:45.0659232
Update Area--DAVA0-MINDANAO-REGION-AREA3 10/5/2011 14:30:45.4120932
Update Area--DAVA0-MINDANAO-REGION-AREA4 10/5/2011 14:30:45.7582632
Update Area--DAVA0-MINDANAO-REGION-AREA5 10/5/2011 14:30:46.1044332
Update Area--DIPOLOG-MINDANAO-REGION-AREA1 10/5/2011 14:30:46.4506032
Update Area--DIPOLOG-MINDANAO-REGION-AREA2 10/5/2011 14:30:46.7967732
Update Area--DIPOLOG-MINDANAO-REGION-AREA3 10/5/2011 14:30:47.1429432
Update Area--HO 10/5/2011 14:30:47.4891132
Update Area--LEYTE-REGION-AREA1 10/5/2011 14:30:47.8352832
Update Area--LEYTE-REGION-AREA2 10/5/2011 14:30:48.1814532
Update Area--LEYTE-REGION-AREA2 10/5/2011 14:30:48.5433582
Update Area--LEYTE-REGION-AREA3 10/5/2011 14:30:48.8895282
Update Area--LUZON-SHOWROOMS 10/5/2011 14:30:49.2356982
Update Area--MINDANAO-SHOWROOMS 10/5/2011 14:30:49.5818682
Update Area--NCR-SHOWROOMS 10/5/2011 14:30:49.9437732
Update Area--NEGROS-OCC-REGION-AREA1 10/5/2011 14:30:50.2899432
Update Area--NEGROS-OCC-REGION-AREA2 10/5/2011 14:30:50.6361132
Update Area--NEGROS-OCC-REGION-AREA3 10/5/2011 14:30:50.9822832
Update Area--NEGROS-OCC-REGION-AREA4 10/5/2011 14:30:51.3284532
Update Area--NEGROS-OCC-REGION-AREA5 10/5/2011 14:30:51.6903582
Update Area--NEGROS-ORIENTAL-REGION-AREA1 10/5/2011 14:30:52.0994682
Update Area--NEGROS-ORIENTAL-REGION-AREA2 10/5/2011 14:30:52.4456382
Update Area--NEGROS-ORIENTAL-REGION-AREA3 10/5/2011 14:30:52.8075432
Update Area--NEGROS-ORIENTAL-REGION-AREA4 10/5/2011 14:30:53.1851832
Update Area--OZAMIS-MINDANAO-REGION-AREA1 10/5/2011 14:30:53.5313532
Update Area--OZAMIS-MINDANAO-REGION-AREA2 10/5/2011 14:30:53.8775232
Update Area--OZAMIS-MINDANAO-REGION-AREA3 10/5/2011 14:30:54.2236932
Update Area--OZAMIS-MINDANAO-REGION-AREA4 10/5/2011 14:30:54.5698632
Update Area--OZAMIS-MINDANAO-REGION-AREA5 10/5/2011 14:30:54.9160332
Update Area--PANAY-ROMBLON-REGION-AREA1 10/5/2011 14:30:55.2779382
Update Area--PANAY-ROMBLON-REGION-AREA2 10/5/2011 14:30:55.6398432
Update Area--PANAY-ROMBLON-REGION-AREA3 10/5/2011 14:30:55.9860132
Update Area--PANAY-ROMBLON-REGION-AREA4 10/5/2011 14:30:56.3321832
Update Area--PANAY-ROMBLON-REGION-AREA5 10/5/2011 14:30:56.6940882
Update Area--SAMAR-REGION-AREA1 10/5/2011 14:30:57.0402582
Update Area--SAMAR-REGION-AREA2 10/5/2011 14:30:58.0158282
Update Area--SAMAR-REGION-AREA3 10/5/2011 14:30:58.3777332
Update Area--SOCSKSARGEN-MINDANAO-AREA1 10/5/2011 14:30:58.7239032
Update Area--SOCSKSARGEN-MINDANAO-AREA2 10/5/2011 14:30:59.0700732
Update Area--SOCSKSARGEN-MINDANAO-AREA3 10/5/2011 14:30:59.4319782
Update Area--SOCSKSARGEN-MINDANAO-AREA4 10/5/2011 14:30:59.7781482
Update Area--SOCSKSARGEN-MINDANAO-AREA5 10/5/2011 14:31:00.1400532
Update Area--SOCSKSARGEN-MINDANAO-AREA6 10/5/2011 14:31:00.4862232
Update Area--VISAYAS-SHOWROOMS 10/5/2011 14:31:00.8323932
Update Area--ZAMBASTA-MINDANAO-AREA1 10/5/2011 14:31:01.1785632
Update Area--ZAMBASTA-MINDANAO-AREA2 10/5/2011 14:31:01.5247332
Update Area--ZAMBASTA-MINDANAO-AREA3 10/5/2011 14:31:01.8866382
Update region--ANAKROM-REGION 10/5/2011 14:31:02.0911932
Update region--CAGAYAN-REGION 10/5/2011 14:31:02.2800132
Update region--CARAGA-REGION 10/5/2011 14:31:02.4845682
Update region--Cebu Central 10/5/2011 14:31:02.6733882
Update region--Cebu North 10/5/2011 14:31:02.8779432
Update region--Cebu South 10/5/2011 14:31:03.0667632
Update region--DAVA0-MINDANAO-REGION 10/5/2011 14:31:03.2555832
Update region--DIPOLOG-MINDANAO-REGION 10/5/2011 14:31:03.4601382
Update region--HO 10/5/2011 14:31:03.6646932
Update region--LA-SHOWROOMS 10/5/2011 14:31:03.8692482
Update region--LEYTE-REGION 10/5/2011 14:31:04.0580682
Update region--LUZON/NCR-SHOWROOMS 10/5/2011 14:31:04.2468882
Update region--NEGROS-OCC-REGION 10/5/2011 14:31:04.4357082
Update region--NEGROS-ORIENTAL-REGION 10/5/2011 14:31:04.6245282
Update region--OZAMIS-MINDANAO-REGION 10/5/2011 14:31:04.8133482
Update region--PANAY-ROMBLON-REGION 10/5/2011 14:31:05.0179032
Update region--SAMAR-REGION 10/5/2011 14:31:05.7731832
Update region--SOCSKSARGEN-MINDANAO-REGION 10/5/2011 14:31:06.1980282
Update region--VISMIN-SHOWROOMS 10/5/2011 14:31:06.5127282
Update region--ZAMBASTA-MINDANAO-REGION 10/5/2011 14:31:06.8274282
Update Vismin Wide--  10/5/2011 14:31:07.0477182
Update--941 10/4/2011 14:31:20.1463750
Update--677 10/4/2011 14:31:41.4745000
Update--711 10/4/2011 14:31:58.0838750
Update--712 10/4/2011 14:32:02.2870000
Update--726 10/4/2011 14:32:05.5995000
Update--036 10/4/2011 14:32:11.7245000
Update--057 10/4/2011 14:32:18.9591250
Update--066 10/4/2011 14:32:24.8028750
Update--079 10/4/2011 14:32:30.8341250
Update--264 10/4/2011 14:32:41.7872500
Update--593 10/4/2011 14:32:52.8966250
Update--628 10/4/2011 14:32:57.7403750
Update--582 10/4/2011 14:33:03.1466250
Update--537 10/4/2011 14:33:08.7872500
Update--396 10/4/2011 14:33:16.8655000
Update--280 10/4/2011 14:33:22.2873750
Update--281 10/4/2011 14:33:27.5530000
Update--284 10/4/2011 14:33:34.1467500
Update--285 10/4/2011 14:33:40.2873750
Update--290 10/4/2011 14:33:46.7248750
Update--720 10/4/2011 14:33:50.2561250
Update--696 10/4/2011 14:33:52.9123750
Update--697 10/4/2011 14:33:55.5373750
Update--673 10/4/2011 14:33:59.8342500
Update--875 10/4/2011 14:34:07.3186250
Update--727 10/4/2011 14:34:13.7248750
Update--730 10/4/2011 14:34:16.6155166
Update--731 10/4/2011 14:34:20.0061633
Update--724 10/4/2011 14:34:23.0843080
Update--725 10/4/2011 14:34:26.4593296
Update--291 10/4/2011 14:34:32.0062401
Update--287 10/4/2011 14:34:37.9750283
Update--289 10/4/2011 14:34:44.3656942
Update--583 10/4/2011 14:34:50.3657326
Update--639 10/4/2011 14:34:53.3813769
Update--288 10/4/2011 14:34:58.8814121
Update--292 10/4/2011 14:35:04.1314457
Update--282 10/4/2011 14:35:09.4127295
Update--283 10/4/2011 14:35:15.5846440
Update--246 10/4/2011 14:35:21.8190589
Update--250 10/4/2011 14:35:27.9909734
Update--251 10/4/2011 14:35:34.0847624
Update--252 10/4/2011 14:35:40.3191773
Update--254 10/4/2011 14:35:45.6004611
Update--248 10/4/2011 14:35:51.0379959
Update--747 10/4/2011 14:35:56.3661550
Update--843 10/4/2011 14:36:02.8349464
Update--679 10/4/2011 14:36:05.1005859
Update--668 10/4/2011 14:36:07.3349752
Update--574 10/4/2011 14:36:12.3037570
Update--519 10/4/2011 14:36:19.6477500
Update--533 10/4/2011 14:36:25.6008750
Update--346 10/4/2011 14:36:30.6633750
Update--347 10/4/2011 14:36:35.1790000
Update--348 10/4/2011 14:36:40.7102500
Update--349 10/4/2011 14:36:45.8352500
Update--350 10/4/2011 14:36:50.8352500
Update--351 10/4/2011 14:36:56.4758750
Update--352 10/4/2011 14:37:01.3977500
Update--353 10/4/2011 14:37:07.1633750
Update--373 10/4/2011 14:37:11.1008750
Update--338 10/4/2011 14:37:16.8729826
Update--339 10/4/2011 14:37:23.0624182
Update--342 10/4/2011 14:37:29.1888570
Update--528 10/4/2011 14:37:34.9530642
Update--550 10/4/2011 14:37:40.6857730
Update--604 10/4/2011 14:37:46.2137422
Update--627 10/4/2011 14:37:49.5210742
Update--880 10/4/2011 14:37:55.0017958
Update--881 10/4/2011 14:38:02.0574374
Update--948 10/4/2011 14:38:08.1681270
Update--995 10/4/2011 14:38:14.3101530
Update--355 10/4/2011 14:38:19.7556394
Update--356 10/4/2011 14:38:25.0752186
Update--359 10/4/2011 14:38:31.0400722
Update--360 10/4/2011 14:38:36.9891874
Update--361 10/4/2011 14:38:43.1743786
Update--362 10/4/2011 14:38:48.3523122
Update--363 10/4/2011 14:38:54.2227354
Update--368 10/4/2011 14:39:00.1403738
Update--365 10/4/2011 14:39:06.1367042
Update--344 10/4/2011 14:39:11.9126970
Update--340 10/4/2011 14:39:18.0385518
Update--341 10/4/2011 14:39:23.6399889
Update--640 10/4/2011 14:39:27.0918549
Update--558 10/4/2011 14:39:33.1169301
Update--335 10/4/2011 14:39:39.7853076
Update--336 10/4/2011 14:39:46.9243941
Update--172 10/4/2011 14:39:52.8710178
Update--687 10/4/2011 14:39:55.0833501
Update--688 10/4/2011 14:39:57.5310369
Update--689 10/4/2011 14:39:59.8845819
Update--879 10/4/2011 14:40:06.1293213
Update--343 10/4/2011 14:40:13.2840981
Update--354 10/4/2011 14:40:19.0510594
Update--364 10/4/2011 14:40:24.7542114
Update--410 10/4/2011 14:40:31.4757834
Update--412 10/4/2011 14:40:37.2259394
Update--413 10/4/2011 14:40:44.4958914
Update--414 10/4/2011 14:40:50.5437394
Update--415 10/4/2011 14:40:57.3123154
Update--416 10/4/2011 14:41:02.9371274
Update--405 10/4/2011 14:41:10.5987794
Update--407 10/4/2011 14:41:18.5671009
Update--408 10/4/2011 14:41:32.0843704
Update--618 10/4/2011 14:41:38.1286779
Update--620 10/4/2011 14:41:44.7067684
Update--108 10/4/2011 14:41:51.4418539
Update--845 10/4/2011 14:41:58.8677174
Update--862 10/4/2011 14:42:06.4505759
Update--748 10/4/2011 14:42:12.4163859
Update--878 10/4/2011 14:42:20.7583750
Update--619 10/4/2011 14:42:27.8208750
Update--430 10/4/2011 14:42:42.1646250
Update--406 10/4/2011 14:42:50.2115000
Update--417 10/4/2011 14:42:57.3833750
Update--418 10/4/2011 14:43:05.3677500
Update--419 10/4/2011 14:43:11.8208750
Update--420 10/4/2011 14:43:21.5716250
Update--421 10/4/2011 14:43:28.0560000
Update--423 10/4/2011 14:43:45.5716250
Update--424 10/4/2011 14:43:52.7591250
Update--425 10/4/2011 14:43:59.9935000
Update--431 10/4/2011 14:44:06.1810000
Update--409 10/4/2011 14:44:16.0708750
Update--427 10/4/2011 14:44:32.2427500
Update--428 10/4/2011 14:44:41.3208750
Update--429 10/4/2011 14:44:49.6802500
Update--434 10/4/2011 14:44:56.8365000
Update--954 10/4/2011 14:45:04.1958750
Update--719 10/4/2011 14:45:07.2896250
Update--718 10/4/2011 14:45:10.5865000
Update--435 10/4/2011 14:45:20.0096250
Update--436 10/4/2011 14:45:28.2283750
Update--437 10/4/2011 14:45:35.5877500
Update--439 10/4/2011 14:45:43.0565000
Update--440 10/4/2011 14:45:58.6346250
Update--441 10/4/2011 14:46:06.8065000
Update--432 10/4/2011 14:46:13.3377500
Update--433 10/4/2011 14:46:20.8953520
Update--105 10/4/2011 14:46:27.8599360
Update--037 10/4/2011 14:46:33.9147320
Update--040 10/4/2011 14:46:42.4792880
Update--029 10/4/2011 14:46:50.4634620
Update--030 10/4/2011 14:46:58.9652740
Update--032 10/4/2011 14:47:06.6514140
Update--033 10/4/2011 14:47:14.6207297
Update--034 10/4/2011 14:47:21.9585606
Update--035 10/4/2011 14:47:29.3749550
Update--018 10/4/2011 14:47:36.8070621
Update--750 10/4/2011 14:47:43.5163850
Update--868 10/4/2011 14:47:51.4984366
Update--846 10/4/2011 14:47:59.1190961
Update--749 10/4/2011 14:48:06.5512032
Update--867 10/4/2011 14:48:15.4911275
Update--019 10/4/2011 14:48:24.4433765
Update--020 10/4/2011 14:48:34.9504898
Update--022 10/4/2011 14:48:43.9498559
Update--023 10/4/2011 14:48:54.9438459
Update--024 10/4/2011 14:49:02.0742337
Update--025 10/4/2011 14:49:11.7646506
Update--026 10/4/2011 14:49:17.9779520
Update--027 10/4/2011 14:49:24.2916970
Update--028 10/4/2011 14:49:31.0777920
Update--078 10/4/2011 14:49:37.9898470
Update--526 10/4/2011 14:49:45.2325470
Update--512 10/4/2011 14:49:53.4356920
Update--508 10/4/2011 14:49:59.3558120
Update--616 10/4/2011 14:50:08.0627970
Update--633 10/4/2011 14:50:14.0931320
Update--045 10/4/2011 14:50:28.5412500
Update--046 10/4/2011 14:50:36.8068750
Update--047 10/4/2011 14:50:43.9318750
Update--048 10/4/2011 14:50:51.3693750
Update--049 10/4/2011 14:50:58.9318750
Update--050 10/4/2011 14:51:06.3693750
Update--054 10/4/2011 14:51:14.1506250
Update--042 10/4/2011 14:51:23.1358750
Update--052 10/4/2011 14:51:31.6515000
