941 10/7/2011 08:47:42.2520923
677 10/7/2011 08:47:48.5194123
711 10/7/2011 08:47:51.3397063
712 10/7/2011 08:47:54.5203712
726 10/7/2011 08:48:08.5748363
036 10/7/2011 08:48:17.4274258
057 10/7/2011 08:48:27.8878750
066 10/7/2011 08:48:34.0753750
079 10/7/2011 08:48:40.7628750
264 10/7/2011 08:48:46.9816250
593 10/7/2011 08:48:53.3566250
628 10/7/2011 08:48:57.9035000
582 10/7/2011 08:49:04.1847500
537 10/7/2011 08:49:09.8410000
396 10/7/2011 08:49:15.4660000
280 10/7/2011 08:49:21.4347500
281 10/7/2011 08:49:27.2872514
284 10/7/2011 08:49:34.1239666
285 10/7/2011 08:49:42.1736474
290 10/7/2011 08:49:49.6719802
720 10/7/2011 08:49:59.4544690
696 10/7/2011 08:50:02.6207818
697 10/7/2011 08:50:05.9131170
673 10/7/2011 08:50:11.8361698
875 10/7/2011 08:50:18.7516490
727 10/7/2011 08:50:24.5320434
730 10/7/2011 08:50:27.7128162
731 10/7/2011 08:50:30.6573930
724 10/7/2011 08:50:34.1216010
725 10/7/2011 08:50:41.1444954
291 10/7/2011 08:50:47.5847730
287 10/7/2011 08:50:57.3475410
289 10/7/2011 08:51:03.3941586
583 10/7/2011 08:51:09.0943554
639 10/7/2011 08:51:11.8657218
288 10/7/2011 08:51:17.7233826
292 10/7/2011 08:51:23.3447730
282 10/7/2011 08:51:28.6823958
283 10/7/2011 08:51:36.0354042
246 10/7/2011 08:51:42.9632922
250 10/7/2011 08:51:49.3715886
251 10/7/2011 08:51:56.2050054
252 10/7/2011 08:52:02.7235182
254 10/7/2011 08:52:08.1398670
248 10/7/2011 08:52:13.7136678
747 10/7/2011 08:52:20.0589834
843 10/7/2011 08:52:27.6508750
679 10/7/2011 08:52:32.0415000
668 10/7/2011 08:52:36.3071250
574 10/7/2011 08:52:44.5102500
519 10/7/2011 08:52:51.0258750
533 10/7/2011 08:52:57.8696250
346 10/7/2011 08:53:02.9321250
347 10/7/2011 08:53:08.6040000
348 10/7/2011 08:53:14.6821250
349 10/7/2011 08:53:24.4108596
350 10/7/2011 08:53:29.4199252
351 10/7/2011 08:53:36.7686484
352 10/7/2011 08:53:42.7041556
353 10/7/2011 08:53:52.4239412
373 10/7/2011 08:53:57.4173044
338 10/7/2011 08:54:03.8395860
339 10/7/2011 08:54:10.7957492
342 10/7/2011 08:54:18.7882708
528 10/7/2011 08:54:27.5105000
550 10/7/2011 08:54:33.6980000
604 10/7/2011 08:54:43.1667500
627 10/7/2011 08:54:55.8542500
880 10/7/2011 08:55:01.7292500
881 10/7/2011 08:55:19.2136250
948 10/7/2011 08:55:36.4168397
995 10/7/2011 08:55:47.4637854
355 10/7/2011 08:56:03.9170157
356 10/7/2011 08:56:10.3076816
359 10/7/2011 08:56:21.0890006
360 10/7/2011 08:56:27.7818756
361 10/7/2011 08:56:37.5543782
362 10/7/2011 08:56:47.3425670
363 10/7/2011 08:56:54.6366500
368 10/7/2011 08:57:05.2875798
365 10/7/2011 08:57:11.9855872
344 10/7/2011 08:57:18.2286948
340 10/7/2011 08:57:25.1410194
341 10/7/2011 08:57:30.2761218
640 10/7/2011 08:57:34.5971226
558 10/7/2011 08:57:41.3134608
335 10/7/2011 08:57:47.7323388
336 10/7/2011 08:57:54.0729378
172 10/7/2011 08:58:00.6014064
687 10/7/2011 08:58:03.5290410
688 10/7/2011 08:58:07.0829076
689 10/7/2011 08:58:09.6661146
879 10/7/2011 08:58:15.7718766
343 10/7/2011 08:58:24.9022500
354 10/7/2011 08:58:32.4335000
364 10/7/2011 08:58:41.7460000
410 10/7/2011 08:58:49.9335000
412 10/7/2011 08:59:01.6210000
413 10/7/2011 08:59:07.7460000
414 10/7/2011 08:59:14.0272500
415 10/7/2011 08:59:20.0585000
416 10/7/2011 08:59:27.1756248
405 10/7/2011 08:59:33.6921208
407 10/7/2011 08:59:40.8995224
408 10/7/2011 08:59:46.7722200
618 10/7/2011 08:59:52.4564888
620 10/7/2011 08:59:57.9209240
108 10/7/2011 09:00:04.6101464
845 10/7/2011 09:00:15.1621592
862 10/7/2011 09:00:21.4902264
748 10/7/2011 09:00:28.7937500
878 10/7/2011 09:00:34.4500000
619 10/7/2011 09:00:39.8093750
430 10/7/2011 09:00:46.0593750
406 10/7/2011 09:00:53.3718750
417 10/7/2011 09:00:59.5125000
418 10/7/2011 09:01:05.8406250
419 10/7/2011 09:01:13.2312500
420 10/7/2011 09:01:20.5906250
421 10/7/2011 09:01:30.1658686
423 10/7/2011 09:01:38.8246132
424 10/7/2011 09:01:45.5347474
425 10/7/2011 09:01:56.0792440
431 10/7/2011 09:02:02.6165176
409 10/7/2011 09:02:09.3423664
427 10/7/2011 09:02:14.0881756
428 10/7/2011 09:02:18.9754162
429 10/7/2011 09:02:25.0466146
434 10/7/2011 09:02:31.0778305
954 10/7/2011 09:02:38.5420507
719 10/7/2011 09:02:41.2978282
718 10/7/2011 09:02:45.7700614
435 10/7/2011 09:02:53.9744047
436 10/7/2011 09:02:59.7221692
437 10/7/2011 09:03:05.6116594
439 10/7/2011 09:03:10.5720589
440 10/7/2011 09:03:14.9340610
441 10/7/2011 09:03:20.6818255
432 10/7/2011 09:03:26.3906005
433 10/7/2011 09:03:32.9603901
105 10/7/2011 09:03:42.6579025
037 10/7/2011 09:03:48.9133481
040 10/7/2011 09:03:59.8839537
029 10/7/2011 09:04:08.9056265
030 10/7/2011 09:04:17.4243489
032 10/7/2011 09:04:25.7948750
033 10/7/2011 09:04:31.7480000
034 10/7/2011 09:04:39.0761250
035 10/7/2011 09:04:44.9198750
018 10/7/2011 09:04:52.8573750
750 10/7/2011 09:04:58.1073750
868 10/7/2011 09:05:04.4355000
846 10/7/2011 09:05:10.2480000
749 10/7/2011 09:05:16.3261250
867 10/7/2011 09:05:22.8286891
019 10/7/2011 09:05:29.5841950
020 10/7/2011 09:05:37.3475153
022 10/7/2011 09:05:43.7408379
023 10/7/2011 09:05:49.5830120
024 10/7/2011 09:05:55.6456455
025 10/7/2011 09:06:01.4563254
026 10/7/2011 09:06:07.7866596
027 10/7/2011 09:06:13.5500982
028 10/7/2011 09:06:20.3370983
078 10/7/2011 09:06:31.5989290
526 10/7/2011 09:06:37.8523539
512 10/7/2011 09:06:43.6647312
508 10/7/2011 09:06:49.5873704
616 10/7/2011 09:06:56.1085742
633 10/7/2011 09:07:00.0307475
045 10/7/2011 09:07:15.1838829
046 10/7/2011 09:07:20.9962602
047 10/7/2011 09:07:30.6081301
048 10/7/2011 09:07:36.7456571
049 10/7/2011 09:07:45.1121581
050 10/7/2011 09:07:54.5146611
054 10/7/2011 09:08:04.4508621
042 10/7/2011 09:08:12.1894831
052 10/7/2011 09:08:18.4682831
325 10/7/2011 09:08:23.9903070
053 10/7/2011 09:08:30.0512301
043 10/7/2011 09:08:36.3627340
055 10/7/2011 09:08:41.7972051
051 10/7/2011 09:08:47.5762248
041 10/7/2011 09:08:53.5431801
038 10/7/2011 09:08:59.8233614
532 10/7/2011 09:09:07.8262857
866 10/7/2011 09:09:13.5583215
722 10/7/2011 09:09:21.4829393
721 10/7/2011 09:09:25.3596934
864 10/7/2011 09:09:31.0775146
865 10/7/2011 09:09:37.0623769
710 10/7/2011 09:09:39.2929555
644 10/7/2011 09:09:42.2304076
547 10/7/2011 09:09:47.9482288
591 10/7/2011 09:09:53.4304255
571 10/7/2011 09:09:58.8183724
578 10/7/2011 09:10:05.2587754
067 10/7/2011 09:10:12.8615926
068 10/7/2011 09:10:19.3019956
069 10/7/2011 09:10:25.7023750
065 10/7/2011 09:10:33.7336250
260 10/7/2011 09:10:39.9836250
240 10/7/2011 09:10:46.3430000
070 10/7/2011 09:10:50.6711250
071 10/7/2011 09:10:54.7023750
072 10/7/2011 09:11:00.3742500
073 10/7/2011 09:11:06.8898750
056 10/7/2011 09:11:12.7648750
064 10/7/2011 09:11:19.3117500
087 10/7/2011 09:11:25.7805412
585 10/7/2011 09:11:31.7806180
511 10/7/2011 09:11:37.8275704
699 10/7/2011 09:11:41.5307428
936 10/7/2011 09:11:48.4058308
943 10/7/2011 09:11:55.5621724
088 10/7/2011 09:12:04.3435348
089 10/7/2011 09:12:12.6561412
090 10/7/2011 09:12:18.7812196
092 10/7/2011 09:12:25.9687898
093 10/7/2011 09:12:33.2969617
094 10/7/2011 09:12:40.7345093
080 10/7/2011 09:12:48.3751832
081 10/7/2011 09:12:55.4221033
082 10/7/2011 09:13:02.7346501
084 10/7/2011 09:13:09.0784407
085 10/7/2011 09:13:15.1566046
086 10/7/2011 09:13:20.9066414
083 10/7/2011 09:13:26.8838476
095 10/7/2011 09:13:32.8486312
074 10/7/2011 09:13:38.4376804
075 10/7/2011 09:13:44.0423852
076 10/7/2011 09:13:49.6627456
573 10/7/2011 09:13:55.4709732
937 10/7/2011 09:14:01.0600224
938 10/7/2011 09:14:07.3066068
656 10/7/2011 09:14:10.1872372
869 10/7/2011 09:14:18.7195392
728 10/7/2011 09:14:22.0541820
944 10/7/2011 09:14:28.1849274
945 10/7/2011 09:14:33.8933928
997 10/7/2011 09:14:39.7119388
058 10/7/2011 09:14:44.3195982
059 10/7/2011 09:14:50.4526602
060 10/7/2011 09:14:55.7994322
061 10/7/2011 09:15:01.5865266
062 10/7/2011 09:15:10.0155554
063 10/7/2011 09:15:22.2502278
120 10/7/2011 09:15:29.5073456
121 10/7/2011 09:15:35.9304488
122 10/7/2011 09:15:41.7238360
125 10/7/2011 09:15:47.7218809
126 10/7/2011 09:15:53.8930977
128 10/7/2011 09:15:59.6549991
129 10/7/2011 09:16:07.3532772
130 10/7/2011 09:16:16.0905867
575 10/7/2011 09:16:24.9554444
835 10/7/2011 09:16:31.8555212
702 10/7/2011 09:16:34.8487052
666 10/7/2011 09:16:37.6843532
839 10/7/2011 09:16:44.0960684
555 10/7/2011 09:16:50.4290156
123 10/7/2011 09:16:56.3996300
124 10/7/2011 09:17:02.5435340
106 10/7/2011 09:17:08.3408588
103 10/7/2011 09:17:15.4457324
109 10/7/2011 09:17:22.0149836
112 10/7/2011 09:17:28.6384783
115 10/7/2011 09:17:34.8830585
117 10/7/2011 09:17:40.4529730
118 10/7/2011 09:17:46.2111663
119 10/7/2011 09:17:51.8595303
834 10/7/2011 09:17:58.4335984
670 10/7/2011 09:18:00.8027733
953 10/7/2011 09:18:06.4982070
876 10/7/2011 09:18:12.2093306
947 10/7/2011 09:18:17.7164855
104 10/7/2011 09:18:24.3283862
096 10/7/2011 09:18:31.8407069
097 10/7/2011 09:18:38.7388127
098 10/7/2011 09:18:44.9754563
099 10/7/2011 09:18:49.9049246
100 10/7/2011 09:18:56.7557831
101 10/7/2011 09:19:03.7956308
017 10/7/2011 09:19:09.5755505
566 10/7/2011 09:19:16.0169324
567 10/7/2011 09:19:21.7023575
549 10/7/2011 09:19:27.6672125
559 10/7/2011 09:19:34.0206905
107 10/7/2011 09:19:40.4369189
116 10/7/2011 09:19:48.4062197
113 10/7/2011 09:19:55.4028893
114 10/7/2011 09:20:02.5721225
110 10/7/2011 09:20:08.4235973
111 10/7/2011 09:20:14.8398257
836 10/7/2011 09:20:21.5541185
837 10/7/2011 09:20:28.0398938
838 10/7/2011 09:20:33.6631072
723 10/7/2011 09:20:36.7731526
739 10/7/2011 09:20:39.8046615
136 10/7/2011 09:20:44.9252413
308 10/7/2011 09:20:50.7683569
309 10/7/2011 09:20:57.1298134
298 10/7/2011 09:21:03.2713677
299 10/7/2011 09:21:09.0830687
300 10/7/2011 09:21:15.1775011
301 10/7/2011 09:21:21.9473474
303 10/7/2011 09:21:27.5360749
306 10/7/2011 09:21:32.9060747
527 10/7/2011 09:21:39.1579513
515 10/7/2011 09:21:45.0791241
602 10/7/2011 09:21:51.9451649
624 10/7/2011 09:21:57.5356339
540 10/7/2011 09:22:04.5276571
541 10/7/2011 09:22:10.7795337
302 10/7/2011 09:22:17.6140789
333 10/7/2011 09:22:25.4242500
334 10/7/2011 09:22:31.4555000
326 10/7/2011 09:22:38.0492500
327 10/7/2011 09:22:45.5336250
328 10/7/2011 09:22:54.4867500
329 10/7/2011 09:23:00.6742500
127 10/7/2011 09:23:08.5805000
893 10/7/2011 09:23:16.7211250
894 10/7/2011 09:23:25.9698349
661 10/7/2011 09:23:31.0541401
701 10/7/2011 09:23:36.3895221
319 10/7/2011 09:23:43.6707493
320 10/7/2011 09:23:50.8421304
321 10/7/2011 09:23:55.7381280
322 10/7/2011 09:24:00.4144334
323 10/7/2011 09:24:06.8639687
307 10/7/2011 09:24:11.3362742
311 10/7/2011 09:24:17.0011945
312 10/7/2011 09:24:23.0120558
315 10/7/2011 09:24:29.3165377
316 10/7/2011 09:24:36.0926766
286 10/7/2011 09:24:42.2399395
426 10/7/2011 09:24:47.9312673
517 10/7/2011 09:24:53.7955360
590 10/7/2011 09:24:59.5340295
317 10/7/2011 09:25:05.0838602
313 10/7/2011 09:25:10.5865252
314 10/7/2011 09:25:17.0325042
310 10/7/2011 09:25:24.4251250
148 10/7/2011 09:25:30.5032500
709 10/7/2011 09:25:32.4563750
671 10/7/2011 09:25:34.6126250
890 10/7/2011 09:25:40.6595000
891 10/7/2011 09:25:46.8470000
860 10/7/2011 09:25:52.3470000
332 10/7/2011 09:25:58.1282500
324 10/7/2011 09:26:03.8938750
330 10/7/2011 09:26:09.7376250
271 10/7/2011 09:26:15.2688750
570 10/7/2011 09:26:20.3313750
565 10/7/2011 09:26:26.4682820
622 10/7/2011 09:26:32.1892920
608 10/7/2011 09:26:37.7065400
545 10/7/2011 09:26:44.8068620
553 10/7/2011 09:26:51.0607880
442 10/7/2011 09:26:58.6626780
443 10/7/2011 09:27:04.2896440
438 10/7/2011 09:27:10.9354200
445 10/7/2011 09:27:16.3742980
447 10/7/2011 09:27:20.6062780
448 10/7/2011 09:27:27.4889890
449 10/7/2011 09:27:36.2039630
450 10/7/2011 09:27:42.7323280
991 10/7/2011 09:27:50.3146700
854 10/7/2011 09:27:56.8902280
884 10/7/2011 09:28:02.8837390
451 10/7/2011 09:28:09.1132150
452 10/7/2011 09:28:14.2257900
459 10/7/2011 09:28:19.9046810
460 10/7/2011 09:28:27.8482500
461 10/7/2011 09:28:39.1763750
462 10/7/2011 09:28:44.9888750
463 10/7/2011 09:28:51.5670000
464 10/7/2011 09:28:57.8795000
455 10/7/2011 09:29:03.5513750
457 10/7/2011 09:29:09.6451250
606 10/7/2011 09:29:15.6295000
612 10/7/2011 09:29:21.1138750
630 10/7/2011 09:29:25.1051940
564 10/7/2011 09:29:30.9813690
610 10/7/2011 09:29:36.5284782
611 10/7/2011 09:29:42.1069270
548 10/7/2011 09:29:48.4218564
524 10/7/2011 09:29:54.8621442
458 10/7/2011 09:30:00.3622440
479 10/7/2011 09:30:06.0503814
453 10/7/2011 09:30:12.9294236
454 10/7/2011 09:30:23.3489040
233 10/7/2011 09:30:31.2821865
885 10/7/2011 09:30:38.6521590
886 10/7/2011 09:30:44.6138565
887 10/7/2011 09:30:50.8415615
888 10/7/2011 09:30:56.7563165
663 10/7/2011 09:30:59.3538015
001 10/7/2011 09:31:01.6070415
207 10/7/2011 09:31:09.4777340
208 10/7/2011 09:31:15.3924890
209 10/7/2011 09:31:20.5718115
210 10/7/2011 09:31:27.8175000
212 10/7/2011 09:31:32.8175000
214 10/7/2011 09:31:37.8800000
215 10/7/2011 09:31:43.7550000
216 10/7/2011 09:31:50.7237500
217 10/7/2011 09:31:56.0518750
218 10/7/2011 09:32:01.8175000
674 10/7/2011 09:32:04.0831250
675 10/7/2011 09:32:07.2706250
645 10/7/2011 09:32:13.0987500
650 10/7/2011 09:32:15.6612500
651 10/7/2011 09:32:18.4893750
949 10/7/2011 09:32:25.2081410
996 10/7/2011 09:32:31.5988069
874 10/7/2011 09:32:39.1769804
191 10/7/2011 09:32:44.9426423
201 10/7/2011 09:32:50.9426807
202 10/7/2011 09:33:01.7552499
203 10/7/2011 09:33:07.9427895
204 10/7/2011 09:33:14.6615825
205 10/7/2011 09:33:23.3178879
193 10/7/2011 09:33:28.9272988
194 10/7/2011 09:33:33.3023268
195 10/7/2011 09:33:39.2086146
196 10/7/2011 09:33:46.7555379
197 10/7/2011 09:33:55.3805931
198 10/7/2011 09:34:01.5368825
199 10/7/2011 09:34:07.2400440
579 10/7/2011 09:34:12.9275804
634 10/7/2011 09:34:15.9432247
206 10/7/2011 09:34:22.3495157
219 10/7/2011 09:34:28.7857218
221 10/7/2011 09:34:37.6104706
222 10/7/2011 09:34:45.3517538
223 10/7/2011 09:34:56.1393026
224 10/7/2011 09:35:04.6657058
225 10/7/2011 09:35:10.4127842
226 10/7/2011 09:35:17.0548994
227 10/7/2011 09:35:21.7342146
228 10/7/2011 09:35:26.7673836
229 10/7/2011 09:35:31.0307388
230 10/7/2011 09:35:36.0621249
872 10/7/2011 09:35:43.3505814
993 10/7/2011 09:35:50.5920156
698 10/7/2011 09:35:54.7456521
844 10/7/2011 09:36:00.2315871
851 10/7/2011 09:36:06.0623523
007 10/7/2011 09:36:13.8994023
012 10/7/2011 09:36:21.1565106
013 10/7/2011 09:36:31.3230930
014 10/7/2011 09:36:39.8435184
005 10/7/2011 09:36:45.7810422
006 10/7/2011 09:36:51.0885900
568 10/7/2011 09:36:57.1363596
892 10/7/2011 09:37:04.2235896
939 10/7/2011 09:37:11.0430798
946 10/7/2011 09:37:17.7050760
369 10/7/2011 09:37:23.8429542
008 10/7/2011 09:37:29.7885546
009 10/7/2011 09:37:36.5655978
010 10/7/2011 09:37:41.9150694
011 10/7/2011 09:37:48.1273590
015 10/7/2011 09:37:53.9788338
016 10/7/2011 09:38:00.1911234
163 10/7/2011 09:38:06.3877254
176 10/7/2011 09:38:12.0823242
177 10/7/2011 09:38:22.0753254
178 10/7/2011 09:38:27.4433646
180 10/7/2011 09:38:32.5449546
609 10/7/2011 09:38:40.5034350
614 10/7/2011 09:38:46.7038290
597 10/7/2011 09:38:53.1082866
870 10/7/2011 09:38:58.8691590
738 10/7/2011 09:39:01.6946550
705 10/7/2011 09:39:04.0649322
751 10/7/2011 09:39:10.5635730
636 10/7/2011 09:39:14.5820562
181 10/7/2011 09:39:21.5673102
182 10/7/2011 09:39:30.1167500
183 10/7/2011 09:39:36.5230000
184 10/7/2011 09:39:43.7886250
185 10/7/2011 09:39:49.8042500
186 10/7/2011 09:39:55.2105000
188 10/7/2011 09:40:00.6792500
189 10/7/2011 09:40:05.9136250
190 10/7/2011 09:40:11.1948750
318 10/7/2011 09:40:16.8511250
179 10/7/2011 09:40:22.8198754
173 10/7/2011 09:40:28.6324126
174 10/7/2011 09:40:44.0700114
164 10/7/2011 09:40:49.2419195
601 10/7/2011 09:40:55.4919595
580 10/7/2011 09:41:01.5076230
737 10/7/2011 09:41:04.6638932
685 10/7/2011 09:41:07.9451642
994 10/7/2011 09:41:14.1170787
987 10/7/2011 09:41:19.9608661
686 10/7/2011 09:41:22.7265088
707 10/7/2011 09:41:25.3721262
669 10/7/2011 09:41:30.1598830
736 10/7/2011 09:41:33.2624754
603 10/7/2011 09:41:38.7274478
504 10/7/2011 09:41:43.0899762
374 10/7/2011 09:41:48.5234502
165 10/7/2011 09:41:53.7206862
167 10/7/2011 09:41:59.1856586
168 10/7/2011 09:42:03.2489522
171 10/7/2011 09:42:08.6036802
169 10/7/2011 09:42:15.2813410
170 10/7/2011 09:42:19.8486090
166 10/7/2011 09:42:26.7891250
337 10/7/2011 09:42:31.9766250
505 10/7/2011 09:42:37.6328750
635 10/7/2011 09:42:40.2110000
706 10/7/2011 09:42:42.3672500
999 10/7/2011 09:42:48.1328750
678 10/7/2011 09:42:51.1797500
853 10/7/2011 09:42:59.1172500
764 10/7/2011 09:43:05.8516250
595 10/7/2011 09:43:11.8516250
539 10/7/2011 09:43:17.6016250
155 10/7/2011 09:43:23.8360068
156 10/7/2011 09:43:29.4297926
157 10/7/2011 09:43:35.6329573
158 10/7/2011 09:43:41.0392419
159 10/7/2011 09:43:46.5236520
149 10/7/2011 09:43:52.0705625
151 10/7/2011 09:43:56.7737176
152 10/7/2011 09:44:03.8987632
147 10/7/2011 09:44:09.9144267
145 10/7/2011 09:44:16.1800918
146 10/7/2011 09:44:21.3519999
153 10/7/2011 09:44:27.3673068
154 10/7/2011 09:44:33.1405471
144 10/7/2011 09:44:38.9295183
160 10/7/2011 09:44:46.8421610
161 10/7/2011 09:44:53.7637570
305 10/7/2011 09:45:00.0561170
529 10/7/2011 09:45:05.9709354
530 10/7/2011 09:45:11.6969830
588 10/7/2011 09:45:17.4072997
584 10/7/2011 09:45:22.6771512
758 10/7/2011 09:45:27.8625342
744 10/7/2011 09:45:30.8165594
716 10/7/2011 09:45:36.9760162
657 10/7/2011 09:45:40.6214090
680 10/7/2011 09:45:43.9682567
681 10/7/2011 09:45:46.7651529
717 10/7/2011 09:45:49.5463362
708 10/7/2011 09:45:53.0660258
741 10/7/2011 09:45:55.5800898
734 10/7/2011 09:45:59.3511858
871 10/7/2011 09:46:06.0291683
950 10/7/2011 09:46:11.9686445
952 10/7/2011 09:46:23.8002726
637 10/7/2011 09:46:28.6232426
638 10/7/2011 09:46:31.3724926
613 10/7/2011 09:46:36.6510526
518 10/7/2011 09:46:42.0867126
143 10/7/2011 09:46:48.9834026
133 10/7/2011 09:46:55.3459526
137 10/7/2011 09:46:59.9489826
138 10/7/2011 09:47:06.2015626
139 10/7/2011 09:47:14.4178926
140 10/7/2011 09:47:20.9061226
021 10/7/2011 09:47:26.7300326
141 10/7/2011 09:47:32.7557606
142 10/7/2011 09:47:40.6645286
131 10/7/2011 09:47:47.0040966
132 10/7/2011 09:47:52.8101366
134 10/7/2011 09:48:00.0598406
135 10/7/2011 09:48:05.7403446
642 10/7/2011 09:48:08.4864446
345 10/7/2011 09:48:14.0100286
951 10/7/2011 09:48:20.1769846
761 10/7/2011 09:48:24.3033346
752 10/7/2011 09:48:28.1305234
714 10/7/2011 09:48:30.2166550
715 10/7/2011 09:48:32.3655274
690 10/7/2011 09:48:34.7026222
682 10/7/2011 09:48:37.0710874
659 10/7/2011 09:48:39.4709230
691 10/7/2011 09:48:42.4824814
665 10/7/2011 09:48:47.6585974
732 10/7/2011 09:48:50.9838598
983 10/7/2011 09:48:59.5479790
984 10/7/2011 09:49:13.7273998
477 10/7/2011 09:49:18.9505714
478 10/7/2011 09:49:26.3002924
469 10/7/2011 09:49:35.4429876
470 10/7/2011 09:49:43.3019482
472 10/7/2011 09:49:49.7362765
473 10/7/2011 09:49:58.9102823
497 10/7/2011 09:50:11.1527269
546 10/7/2011 09:50:17.3052598
476 10/7/2011 09:50:23.0201415
480 10/7/2011 09:50:34.2395091
481 10/7/2011 09:50:40.4620155
483 10/7/2011 09:50:47.4701919
484 10/7/2011 09:50:53.1741561
485 10/7/2011 09:50:59.7109305
486 10/7/2011 09:51:05.4934617
759 10/7/2011 09:51:12.0930897
840 10/7/2011 09:51:18.5041569
692 10/7/2011 09:51:22.6053543
683 10/7/2011 09:51:26.6643889
684 10/7/2011 09:51:31.3338701
649 10/7/2011 09:51:35.7369715
694 10/7/2011 09:51:38.0090345
695 10/7/2011 09:51:41.0959063
985 10/7/2011 09:51:52.1114945
482 10/7/2011 09:51:59.3664267
475 10/7/2011 09:52:08.8620831
366 10/7/2011 09:52:15.0828349
367 10/7/2011 09:52:23.7624065
370 10/7/2011 09:52:30.0526613
371 10/7/2011 09:52:33.8706269
552 10/7/2011 09:52:40.9276043
551 10/7/2011 09:52:47.0300903
581 10/7/2011 09:52:51.4583045
986 10/7/2011 09:52:55.3858019
877 10/7/2011 09:52:59.9079005
733 10/7/2011 09:53:03.6006869
664 10/7/2011 09:53:06.8553461
882 10/7/2011 09:53:12.1441673
982 10/7/2011 09:53:23.0033621
536 10/7/2011 09:53:34.1519727
474 10/7/2011 09:53:42.7831551
465 10/7/2011 09:53:48.8187283
466 10/7/2011 09:53:56.9964609
467 10/7/2011 09:54:04.7363799
543 10/7/2011 09:54:11.8821233
522 10/7/2011 09:54:20.4820333
102 10/7/2011 09:54:26.0942755
269 10/7/2011 09:54:32.0495341
273 10/7/2011 09:54:40.2087073
274 10/7/2011 09:54:46.3827943
275 10/7/2011 09:54:54.7764265
262 10/7/2011 09:55:01.3569091
267 10/7/2011 09:55:08.0468059
293 10/7/2011 09:55:14.1740011
259 10/7/2011 09:55:21.2702935
729 10/7/2011 09:55:24.1461052
745 10/7/2011 09:55:31.0380091
766 10/7/2011 09:55:37.4454481
676 10/7/2011 09:55:40.5866560
255 10/7/2011 09:55:46.4314906
256 10/7/2011 09:55:52.4951158
257 10/7/2011 09:55:57.8554855
258 10/7/2011 09:56:04.9192963
263 10/7/2011 09:56:13.0770601
261 10/7/2011 09:56:18.8593831
266 10/7/2011 09:56:23.5008148
563 10/7/2011 09:56:29.4388848
535 10/7/2011 09:56:36.9083518
514 10/7/2011 09:56:45.3154088
272 10/7/2011 09:56:50.9409488
265 10/7/2011 09:56:58.2854038
294 10/7/2011 09:57:04.6297628
296 10/7/2011 09:57:11.2553988
297 10/7/2011 09:57:17.3341073
277 10/7/2011 09:57:22.5221053
278 10/7/2011 09:57:29.2255498
279 10/7/2011 09:57:35.5227069
775 10/7/2011 09:57:40.3822996
779 10/7/2011 09:57:44.8512498
660 10/7/2011 09:57:47.8513842
693 10/7/2011 09:57:50.2889934
249 10/7/2011 09:57:57.0080444
247 10/7/2011 09:58:01.7270058
253 10/7/2011 09:58:07.6022690
241 10/7/2011 09:58:13.5244093
242 10/7/2011 09:58:20.7591084
243 10/7/2011 09:58:26.3843158
244 10/7/2011 09:58:31.6501093
245 10/7/2011 09:58:38.1190663
513 10/7/2011 09:58:42.8848438
557 10/7/2011 09:58:49.4163028
509 10/7/2011 09:58:56.1508933
510 10/7/2011 09:59:02.5104718
523 10/7/2011 09:59:08.8700503
295 10/7/2011 09:59:16.1671588
268 10/7/2011 09:59:21.1360678
276 10/7/2011 09:59:27.9018453
044 10/7/2011 09:59:36.9957699
662 10/7/2011 09:59:42.3083719
842 10/7/2011 09:59:49.7928906
743 10/7/2011 09:59:52.9023253
647 10/7/2011 09:59:55.6992540
648 10/7/2011 10:00:01.7462451
704 10/7/2011 10:00:04.4962979
236 10/7/2011 10:00:10.5745396
237 10/7/2011 10:00:16.9809126
234 10/7/2011 10:00:22.7622736
232 10/7/2011 10:00:31.5440000
192 10/7/2011 10:00:37.1846250
556 10/7/2011 10:00:42.4658750
544 10/7/2011 10:00:48.5752500
607 10/7/2011 10:00:54.8721250
617 10/7/2011 10:01:00.1221250
596 10/7/2011 10:01:05.9346250
525 10/7/2011 10:01:12.3877500
534 10/7/2011 10:01:20.8408750
238 10/7/2011 10:01:27.9031936
239 10/7/2011 10:01:34.7268454
646 10/7/2011 10:01:37.7141584
762 10/7/2011 10:01:43.3271623
998 10/7/2011 10:01:49.6005196
873 10/7/2011 10:01:57.5090377
655 10/7/2011 10:02:01.2195949
700 10/7/2011 10:02:03.6251680
231 10/7/2011 10:02:10.4645425
235 10/7/2011 10:02:17.7127072
503 10/7/2011 10:02:29.5910000
594 10/7/2011 10:02:35.9816250
598 10/7/2011 10:02:41.5910000
372 10/7/2011 10:02:47.0441250
381 10/7/2011 10:02:53.0441250
422 10/7/2011 10:02:58.2003750
375 10/7/2011 10:03:04.6847500
376 10/7/2011 10:03:10.9035000
377 10/7/2011 10:03:16.7628750
378 10/7/2011 10:03:24.5443750
200 10/7/2011 10:03:29.8256250
767 10/7/2011 10:03:34.6693750
955 10/7/2011 10:03:41.8881250
863 10/7/2011 10:03:48.9037500
742 10/7/2011 10:03:53.6068750
667 10/7/2011 10:03:56.0600000
175 10/7/2011 10:04:01.7162500
397 10/7/2011 10:04:14.3100000
398 10/7/2011 10:04:20.9818750
399 10/7/2011 10:04:27.5540542
400 10/7/2011 10:04:34.7565962
401 10/7/2011 10:04:41.6146688
382 10/7/2011 10:04:45.8422478
404 10/7/2011 10:04:51.4007313
444 10/7/2011 10:05:02.1105981
600 10/7/2011 10:05:08.7024898
625 10/7/2011 10:05:14.7150466
626 10/7/2011 10:05:19.4280143
629 10/7/2011 10:05:33.3106250
538 10/7/2011 10:05:40.1700000
383 10/7/2011 10:05:46.5606250
385 10/7/2011 10:05:53.0137500
386 10/7/2011 10:06:02.6856250
388 10/7/2011 10:06:10.2793750
389 10/7/2011 10:06:17.1231250
390 10/7/2011 10:06:30.7443200
220 10/7/2011 10:06:37.2515200
331 10/7/2011 10:06:43.2726400
841 10/7/2011 10:06:51.5203200
956 10/7/2011 10:06:57.4630400
883 10/7/2011 10:07:03.8918400
740 10/7/2011 10:07:06.8240000
187 10/7/2011 10:07:13.1744000
391 10/7/2011 10:07:19.5091200
392 10/7/2011 10:07:24.3370210
393 10/7/2011 10:07:30.5082036
394 10/7/2011 10:07:36.9143297
402 10/7/2011 10:07:43.7120283
403 10/7/2011 10:07:49.9771883
560 10/7/2011 10:07:55.5531807
561 10/7/2011 10:08:01.6617117
572 10/7/2011 10:08:08.4907361
605 10/7/2011 10:08:14.6775816
641 10/7/2011 10:08:18.5463179
379 10/7/2011 10:08:24.7779337
380 10/7/2011 10:08:31.5205408
213 10/7/2011 10:08:37.6217398
703 10/7/2011 10:08:47.4775228
889 10/7/2011 10:08:56.5041685
384 10/7/2011 10:09:04.4513713
621 10/7/2011 10:09:14.3227984
569 10/7/2011 10:09:20.4552856
507 10/7/2011 10:09:28.2896965
562 10/7/2011 10:09:37.9830865
632 10/7/2011 10:09:41.9073460
623 10/7/2011 10:09:47.5514005
003 10/7/2011 10:09:53.0703790
004 10/7/2011 10:09:58.5893575
652 10/7/2011 10:10:02.7637690
653 10/7/2011 10:10:05.3434615
833 10/7/2011 10:10:10.9249780
658 10/7/2011 10:10:13.7704570
957 10/7/2011 10:10:22.6195840
589 10/7/2011 10:10:29.2343750
586 10/7/2011 10:10:35.8750000
501 10/7/2011 10:10:42.3906250
502 10/7/2011 10:10:48.9843750
521 10/7/2011 10:10:54.8593750
487 10/7/2011 10:11:00.3906250
489 10/7/2011 10:11:06.2812500
490 10/7/2011 10:11:11.9062500
491 10/7/2011 10:11:17.6093750
494 10/7/2011 10:11:25.5443510
495 10/7/2011 10:11:32.4071738
496 10/7/2011 10:11:39.2857010
488 10/7/2011 10:11:45.8658446
506 10/7/2011 10:11:51.8021078
500 10/7/2011 10:12:00.5651630
554 10/7/2011 10:12:07.2395330
587 10/7/2011 10:12:14.4478526
599 10/7/2011 10:12:23.8086200
615 10/7/2011 10:12:29.5628354
942 10/7/2011 10:12:35.6000450
776 10/7/2011 10:12:40.3952245
735 10/7/2011 10:12:44.5300842
940 10/7/2011 10:12:50.5044062
992 10/7/2011 10:12:56.2586216
542 10/7/2011 10:13:03.1290919
498 10/7/2011 10:13:11.3359237
499 10/7/2011 10:13:18.3007254
531 10/7/2011 10:13:28.9848750
493 10/7/2011 10:13:34.9067500
Insert Area--<none> 10/7/2011 10:13:35.4067500
Insert Area--ANAKROM-REGION-AREA1 10/7/2011 10:13:35.7505000
Insert Area--ANAKROM-REGION-AREA2 10/7/2011 10:13:36.0786250
Insert Area--ANAKROM-REGION-AREA3 10/7/2011 10:13:36.4223750
Insert Area--ANAKROM-REGION-AREA4 10/7/2011 10:13:36.7505000
Insert Area--CAGAYAN-REGION-AREA1 10/7/2011 10:13:37.0942500
Insert Area--CAGAYAN-REGION-AREA2 10/7/2011 10:13:37.4223750
Insert Area--CAGAYAN-REGION-AREA3 10/7/2011 10:13:37.7661250
Insert Area--CAGAYAN-REGION-AREA4 10/7/2011 10:13:38.1098750
Insert Area--CAGAYAN-REGION-AREA5 10/7/2011 10:13:38.4380000
Insert Area--CARAGA-REGION-AREA1 10/7/2011 10:13:38.7817500
Insert Area--CARAGA-REGION-AREA1 10/7/2011 10:13:39.1098750
Insert Area--CARAGA-REGION-AREA2 10/7/2011 10:13:39.4536250
Insert Area--CARAGA-REGION-AREA3 10/7/2011 10:13:40.5473750
Insert Area--CARAGA-REGION-AREA4 10/7/2011 10:13:40.8911250
Insert Area--Cebu Central A 10/7/2011 10:13:41.2192500
Insert Area--Cebu Central B 10/7/2011 10:13:41.5630000
Insert Area--Cebu Central C 10/7/2011 10:13:41.8911250
Insert Area--Cebu Central D 10/7/2011 10:13:42.2348750
Insert Area--Cebu North A 10/7/2011 10:13:42.6723750
Insert Area--Cebu North A 10/7/2011 10:13:43.0161250
Insert Area--Cebu North B 10/7/2011 10:13:43.3442500
Insert Area--Cebu North C 10/7/2011 10:13:43.6880000
Insert Area--Cebu North D 10/7/2011 10:13:44.0161250
Insert Area--Cebu North E 10/7/2011 10:13:44.3598750
Insert Area--Cebu South A 10/7/2011 10:13:44.6880000
Insert Area--Cebu South B 10/7/2011 10:13:45.0317500
Insert Area--Cebu South C 10/7/2011 10:13:45.3598750
Insert Area--CEBU SOUTH D 10/7/2011 10:13:45.7036250
Insert Area--CEBU SOUTH E 10/7/2011 10:13:46.0317500
Insert Area--DAVA0-MINDANAO-REGION-AREA1 10/7/2011 10:13:46.3755000
Insert Area--DAVA0-MINDANAO-REGION-AREA2 10/7/2011 10:13:46.7192500
Insert Area--DAVA0-MINDANAO-REGION-AREA3 10/7/2011 10:13:47.0473750
Insert Area--DAVA0-MINDANAO-REGION-AREA4 10/7/2011 10:13:47.3911250
Insert Area--DAVA0-MINDANAO-REGION-AREA5 10/7/2011 10:13:47.7192500
Insert Area--DIPOLOG-MINDANAO-REGION-AREA1 10/7/2011 10:13:48.0630000
Insert Area--DIPOLOG-MINDANAO-REGION-AREA2 10/7/2011 10:13:48.4067500
Insert Area--DIPOLOG-MINDANAO-REGION-AREA3 10/7/2011 10:13:48.7348750
Insert Area--HO 10/7/2011 10:13:49.0786250
Insert Area--LEYTE-REGION-AREA1 10/7/2011 10:13:49.4223750
Insert Area--LEYTE-REGION-AREA2 10/7/2011 10:13:49.7505000
Insert Area--LEYTE-REGION-AREA2 10/7/2011 10:13:50.0942500
Insert Area--LEYTE-REGION-AREA3 10/7/2011 10:13:50.4223750
Insert Area--LUZON-SHOWROOMS 10/7/2011 10:13:50.7505000
Insert Area--MINDANAO-SHOWROOMS 10/7/2011 10:13:51.0942500
Insert Area--NCR-SHOWROOMS 10/7/2011 10:13:51.4380000
Insert Area--NEGROS-OCC-REGION-AREA1 10/7/2011 10:13:51.7817500
Insert Area--NEGROS-OCC-REGION-AREA2 10/7/2011 10:13:52.1255000
Insert Area--NEGROS-OCC-REGION-AREA3 10/7/2011 10:13:52.4692500
Insert Area--NEGROS-OCC-REGION-AREA4 10/7/2011 10:13:52.8130000
Insert Area--NEGROS-OCC-REGION-AREA5 10/7/2011 10:13:53.1567500
Insert Area--NEGROS-ORIENTAL-REGION-AREA1 10/7/2011 10:13:53.4848750
Insert Area--NEGROS-ORIENTAL-REGION-AREA2 10/7/2011 10:13:53.8442500
Insert Area--NEGROS-ORIENTAL-REGION-AREA3 10/7/2011 10:13:54.1723750
Insert Area--NEGROS-ORIENTAL-REGION-AREA4 10/7/2011 10:13:54.5161250
Insert Area--OZAMIS-MINDANAO-REGION-AREA1 10/7/2011 10:13:54.8755000
Insert Area--OZAMIS-MINDANAO-REGION-AREA2 10/7/2011 10:13:55.2192500
Insert Area--OZAMIS-MINDANAO-REGION-AREA3 10/7/2011 10:13:55.5630000
Insert Area--OZAMIS-MINDANAO-REGION-AREA4 10/7/2011 10:13:55.9223750
Insert Area--OZAMIS-MINDANAO-REGION-AREA5 10/7/2011 10:13:56.2661250
Insert Area--PANAY-ROMBLON-REGION-AREA1 10/7/2011 10:13:56.6098750
Insert Area--PANAY-ROMBLON-REGION-AREA2 10/7/2011 10:13:56.9536250
Insert Area--PANAY-ROMBLON-REGION-AREA3 10/7/2011 10:13:57.2973750
Insert Area--PANAY-ROMBLON-REGION-AREA4 10/7/2011 10:13:57.6723750
Insert Area--PANAY-ROMBLON-REGION-AREA5 10/7/2011 10:13:58.0317500
Insert Area--SAMAR-REGION-AREA1 10/7/2011 10:13:58.3755000
Insert Area--SAMAR-REGION-AREA2 10/7/2011 10:13:58.7192500
Insert Area--SAMAR-REGION-AREA3 10/7/2011 10:13:59.0630000
Insert Area--SOCSKSARGEN-MINDANAO-AREA1 10/7/2011 10:13:59.4223750
Insert Area--SOCSKSARGEN-MINDANAO-AREA2 10/7/2011 10:13:59.8286250
Insert Area--SOCSKSARGEN-MINDANAO-AREA3 10/7/2011 10:14:00.1880000
Insert Area--SOCSKSARGEN-MINDANAO-AREA4 10/7/2011 10:14:00.5317500
Insert Area--SOCSKSARGEN-MINDANAO-AREA5 10/7/2011 10:14:00.9223750
Insert Area--SOCSKSARGEN-MINDANAO-AREA6 10/7/2011 10:14:01.2973750
Insert Area--VISAYAS-SHOWROOMS 10/7/2011 10:14:01.8130000
Insert Area--ZAMBASTA-MINDANAO-AREA1 10/7/2011 10:14:02.2348750
Insert Area--ZAMBASTA-MINDANAO-AREA2 10/7/2011 10:14:02.5786250
Insert Area--ZAMBASTA-MINDANAO-AREA3 10/7/2011 10:14:02.9380000
Insert region--ANAKROM-REGION 10/7/2011 10:14:03.1723750
Insert region--CAGAYAN-REGION 10/7/2011 10:14:03.4692500
Insert region--CARAGA-REGION 10/7/2011 10:14:03.6723750
Insert region--Cebu Central 10/7/2011 10:14:03.8755000
Insert region--Cebu North 10/7/2011 10:14:04.0630000
Insert region--Cebu South 10/7/2011 10:14:04.2505000
Insert region--DAVA0-MINDANAO-REGION 10/7/2011 10:14:04.5942500
Insert region--DIPOLOG-MINDANAO-REGION 10/7/2011 10:14:04.7817500
Insert region--HO 10/7/2011 10:14:04.9692500
Insert region--LA-SHOWROOMS 10/7/2011 10:14:05.1567500
Insert region--LEYTE-REGION 10/7/2011 10:14:05.3286250
Insert region--LUZON/NCR-SHOWROOMS 10/7/2011 10:14:05.5161250
Insert region--NEGROS-OCC-REGION 10/7/2011 10:14:05.7036250
Insert region--NEGROS-ORIENTAL-REGION 10/7/2011 10:14:05.8911250
Insert region--OZAMIS-MINDANAO-REGION 10/7/2011 10:14:06.0630000
Insert region--PANAY-ROMBLON-REGION 10/7/2011 10:14:06.7661250
Insert region--SAMAR-REGION 10/7/2011 10:14:07.1880000
Insert region--SOCSKSARGEN-MINDANAO-REGION 10/7/2011 10:14:07.5005000
Insert region--VISMIN-SHOWROOMS 10/7/2011 10:14:07.8130000
Insert region--ZAMBASTA-MINDANAO-REGION 10/7/2011 10:14:08.1255000
Insert Vismin Wide--  10/7/2011 10:14:42.4735506
Update--941 10/6/2011 10:14:51.5105956
Update--677 10/6/2011 10:14:56.8699562
Update--711 10/6/2011 10:15:02.1821670
Update--712 10/6/2011 10:15:07.2271956
Update--726 10/6/2011 10:15:13.0737708
Update--036 10/6/2011 10:15:23.8057971
Update Area--<none> 10/6/2011 11:13:10.7353034
Update Area--ANAKROM-REGION-AREA1 10/6/2011 11:13:11.0946807
Update Area--ANAKROM-REGION-AREA2 10/6/2011 11:13:11.4540580
Update Area--ANAKROM-REGION-AREA3 10/6/2011 11:13:11.7978102
Update Area--ANAKROM-REGION-AREA4 10/6/2011 11:13:12.1571875
Update Area--CAGAYAN-REGION-AREA1 10/6/2011 11:13:12.5009397
Update Area--CAGAYAN-REGION-AREA2 10/6/2011 11:13:12.8603170
Update Area--CAGAYAN-REGION-AREA3 10/6/2011 11:13:13.2196943
Update Area--CAGAYAN-REGION-AREA4 10/6/2011 11:13:13.5790716
Update Area--CAGAYAN-REGION-AREA5 10/6/2011 11:13:13.9228238
Update Area--CARAGA-REGION-AREA1 10/6/2011 11:13:14.2822011
Update Area--CARAGA-REGION-AREA1 10/6/2011 11:13:14.6415784
Update Area--CARAGA-REGION-AREA2 10/6/2011 11:13:14.9853306
Update Area--CARAGA-REGION-AREA3 10/6/2011 11:13:16.0165872
Update Area--CARAGA-REGION-AREA4 10/6/2011 11:13:16.7040916
Update Area--Cebu Central A 10/6/2011 11:13:17.1415944
Update Area--Cebu Central B 10/6/2011 11:13:17.5009717
Update Area--Cebu Central C 10/6/2011 11:13:18.3447271
Update Area--Cebu Central D 10/6/2011 11:13:19.5322347
Update Area--Cebu North A 10/6/2011 11:13:20.1103634
Update Area--Cebu North A 10/6/2011 11:13:20.7197423
Update Area--Cebu North B 10/6/2011 11:13:21.2509957
Update Area--Cebu North C 10/6/2011 11:13:21.7978742
Update Area--Cebu North D 10/6/2011 11:13:22.3447527
Update Area--Cebu North E 10/6/2011 11:13:22.7978806
Update Area--Cebu South A 10/6/2011 11:13:23.5010101
Update Area--Cebu South B 10/6/2011 11:13:26.4854615
Update Area--Cebu South C 10/6/2011 11:13:26.8448457
Update Area--CEBU SOUTH D 10/6/2011 11:13:27.6886173
Update Area--CEBU SOUTH E 10/6/2011 11:13:28.0323761
Update Area--DAVA0-MINDANAO-REGION-AREA1 10/6/2011 11:13:28.3917603
Update Area--DAVA0-MINDANAO-REGION-AREA2 10/6/2011 11:13:28.7511445
Update Area--DAVA0-MINDANAO-REGION-AREA3 10/6/2011 11:13:29.0949033
Update Area--DAVA0-MINDANAO-REGION-AREA4 10/6/2011 11:13:29.4386621
Update Area--DAVA0-MINDANAO-REGION-AREA5 10/6/2011 11:13:29.7824209
Update Area--DIPOLOG-MINDANAO-REGION-AREA1 10/6/2011 11:13:30.1418051
Update Area--DIPOLOG-MINDANAO-REGION-AREA2 10/6/2011 11:13:30.5011893
Update Area--DIPOLOG-MINDANAO-REGION-AREA3 10/6/2011 11:13:30.8449481
Update Area--HO 10/6/2011 11:13:31.5637165
Update Area--LEYTE-REGION-AREA1 10/6/2011 11:13:31.9074753
Update Area--LEYTE-REGION-AREA2 10/6/2011 11:13:32.2668595
Update Area--LEYTE-REGION-AREA2 10/6/2011 11:13:33.5325169
Update Area--LEYTE-REGION-AREA3 10/6/2011 11:13:34.0481551
Update Area--LUZON-SHOWROOMS 10/6/2011 11:13:34.5794187
Update Area--MINDANAO-SHOWROOMS 10/6/2011 11:13:35.2825617
Update Area--NCR-SHOWROOMS 10/6/2011 11:13:35.6419459
Update Area--NEGROS-OCC-REGION-AREA1 10/6/2011 11:13:36.0013301
Update Area--NEGROS-OCC-REGION-AREA2 10/6/2011 11:13:36.3450889
Update Area--NEGROS-OCC-REGION-AREA3 10/6/2011 11:13:36.7044731
Update Area--NEGROS-OCC-REGION-AREA4 10/6/2011 11:13:37.0482319
Update Area--NEGROS-OCC-REGION-AREA5 10/6/2011 11:13:37.3919907
Update Area--NEGROS-ORIENTAL-REGION-AREA1 10/6/2011 11:13:37.7513749
Update Area--NEGROS-ORIENTAL-REGION-AREA2 10/6/2011 11:13:38.0951337
Update Area--NEGROS-ORIENTAL-REGION-AREA3 10/6/2011 11:13:38.4545179
Update Area--NEGROS-ORIENTAL-REGION-AREA4 10/6/2011 11:13:38.7982767
Update Area--OZAMIS-MINDANAO-REGION-AREA1 10/6/2011 11:13:39.1420355
Update Area--OZAMIS-MINDANAO-REGION-AREA2 10/6/2011 11:13:39.5014197
Update Area--OZAMIS-MINDANAO-REGION-AREA3 10/6/2011 11:13:39.8608039
Update Area--OZAMIS-MINDANAO-REGION-AREA4 10/6/2011 11:13:40.8920803
Update Area--OZAMIS-MINDANAO-REGION-AREA5 10/6/2011 11:13:41.2670899
Update Area--PANAY-ROMBLON-REGION-AREA1 10/6/2011 11:13:41.6108487
Update Area--PANAY-ROMBLON-REGION-AREA2 10/6/2011 11:13:41.9702329
Update Area--PANAY-ROMBLON-REGION-AREA3 10/6/2011 11:13:42.3296171
Update Area--PANAY-ROMBLON-REGION-AREA4 10/6/2011 11:13:42.6890013
Update Area--PANAY-ROMBLON-REGION-AREA5 10/6/2011 11:13:43.2671411
Update Area--SAMAR-REGION-AREA1 10/6/2011 11:13:56.3143501
Update Area--SAMAR-REGION-AREA2 10/6/2011 11:13:58.6581601
Update Area--SAMAR-REGION-AREA3 10/6/2011 11:14:00.1581985
Update Area--SOCSKSARGEN-MINDANAO-AREA1 10/6/2011 11:14:00.6894621
Update Area--SOCSKSARGEN-MINDANAO-AREA2 10/6/2011 11:14:01.2207257
Update Area--SOCSKSARGEN-MINDANAO-AREA3 10/6/2011 11:14:01.5801099
Update Area--SOCSKSARGEN-MINDANAO-AREA4 10/6/2011 11:14:01.9394941
Update Area--SOCSKSARGEN-MINDANAO-AREA5 10/6/2011 11:14:02.2988783
Update Area--SOCSKSARGEN-MINDANAO-AREA6 10/6/2011 11:14:02.6426371
Update Area--VISAYAS-SHOWROOMS 10/6/2011 11:14:03.0020213
Update Area--ZAMBASTA-MINDANAO-AREA1 10/6/2011 11:14:03.3926563
Update Area--ZAMBASTA-MINDANAO-AREA2 10/6/2011 11:14:04.4551835
Update Area--ZAMBASTA-MINDANAO-AREA3 10/6/2011 11:14:04.8145677
Update region--ANAKROM-REGION 10/6/2011 11:14:05.6583393
Update region--CAGAYAN-REGION 10/6/2011 11:14:06.6427395
Update region--CARAGA-REGION 10/6/2011 11:14:06.8458697
Update region--Cebu Central 10/6/2011 11:14:07.1896285
Update region--Cebu North 10/6/2011 11:14:07.3771333
Update region--Cebu South 10/6/2011 11:14:07.5646381
Update region--DAVA0-MINDANAO-REGION 10/6/2011 11:14:07.7677683
Update region--DIPOLOG-MINDANAO-REGION 10/6/2011 11:14:07.9552731
Update region--HO 10/6/2011 11:14:08.1427779
Update region--LA-SHOWROOMS 10/6/2011 11:14:08.3302827
Update region--LEYTE-REGION 10/6/2011 11:14:08.5177875
Update region--LUZON/NCR-SHOWROOMS 10/6/2011 11:14:08.6896669
Update region--NEGROS-OCC-REGION 10/6/2011 11:14:08.8771717
Update region--NEGROS-ORIENTAL-REGION 10/6/2011 11:14:09.0646765
Update region--OZAMIS-MINDANAO-REGION 10/6/2011 11:14:09.2521813
Update region--PANAY-ROMBLON-REGION 10/6/2011 11:14:09.4240607
Update region--SAMAR-REGION 10/6/2011 11:14:10.1584545
Update region--SOCSKSARGEN-MINDANAO-REGION 10/6/2011 11:14:10.3459593
Update region--VISMIN-SHOWROOMS 10/6/2011 11:14:10.5334641
Update region--ZAMBASTA-MINDANAO-REGION 10/6/2011 11:14:10.7834705
Update Vismin Wide--  10/6/2011 11:14:10.8928483
Update--941 10/5/2011 11:14:20.7837265
Update--677 10/5/2011 11:14:28.6935000
Update--711 10/5/2011 11:14:37.2091250
Update--712 10/5/2011 11:14:41.7091250
Update--726 10/5/2011 11:14:48.9747500
Update--941 10/6/2011 11:16:36.2043750
Update--677 10/6/2011 11:16:38.6731250
Update--711 10/6/2011 11:16:42.7200000
Update--712 10/6/2011 11:16:47.3606250
Update--726 10/6/2011 11:16:53.8137500
Update--036 10/6/2011 11:17:00.5793750
Update--057 10/6/2011 11:17:08.3137500
Update--066 10/6/2011 11:17:14.1731250
Update--079 10/6/2011 11:17:22.2825000
Update--264 10/6/2011 11:17:30.9396250
Update--593 10/6/2011 11:17:37.1115000
Update--628 10/6/2011 11:17:41.2677500
Update--582 10/6/2011 11:17:46.7365000
Update--537 10/6/2011 11:17:52.1115000
Update--396 10/6/2011 11:17:59.4396250
Update--280 10/6/2011 11:18:05.9708750
Update--281 10/6/2011 11:18:11.7990000
Update--284 10/6/2011 11:18:18.0021250
Update--285 10/6/2011 11:18:24.4396295
Update--290 10/6/2011 11:18:30.5021683
Update--720 10/6/2011 11:18:34.9553218
Update--696 10/6/2011 11:18:37.3928374
Update--697 10/6/2011 11:18:39.9397287
Update--673 10/6/2011 11:18:43.0803738
Update--875 10/6/2011 11:18:51.3460517
Update--727 10/6/2011 11:18:59.2836025
Update--730 10/6/2011 11:19:03.6742556
Update--731 10/6/2011 11:19:13.3774427
Update--724 10/6/2011 11:19:29.1900439
Update--725 10/6/2011 11:19:32.2056882
Update--291 10/6/2011 11:19:37.7057234
Update--287 10/6/2011 11:19:43.9713885
Update--289 10/6/2011 11:19:50.5026803
Update--583 10/6/2011 11:19:57.4402247
Update--639 10/6/2011 11:20:01.5340009
Update--288 10/6/2011 11:20:07.7840409
Update--292 10/6/2011 11:20:13.4403271
Update--282 10/6/2011 11:20:20.0028691
Update--283 10/6/2011 11:20:26.2685180
Update--246 10/6/2011 11:20:34.5966430
Update--250 10/6/2011 11:20:41.0966430
Update--251 10/6/2011 11:20:47.5341430
Update--252 10/6/2011 11:20:53.4560180
Update--254 10/6/2011 11:20:58.7685180
Update--248 10/6/2011 11:21:04.3310180
Update--747 10/6/2011 11:21:09.9560180
Update--843 10/6/2011 11:21:16.9091430
Update--679 10/6/2011 11:21:24.2223374
Update--668 10/6/2011 11:21:28.0872452
Update--574 10/6/2011 11:21:36.1143614
Update--519 10/6/2011 11:21:42.7488590
Update--533 10/6/2011 11:21:49.5867728
Update--346 10/6/2011 11:21:56.0804438
Update--347 10/6/2011 11:22:03.1843634
Update--348 10/6/2011 11:22:09.4276760
Update--349 10/6/2011 11:22:13.9967168
Update--350 10/6/2011 11:22:22.9626770
Update--351 10/6/2011 11:22:32.6605942
Update--352 10/6/2011 11:22:38.5834006
Update--353 10/6/2011 11:22:44.4121942
Update--373 10/6/2011 11:22:48.9404774
Update--338 10/6/2011 11:22:55.4430294
Update--339 10/6/2011 11:23:03.5751366
Update--342 10/6/2011 11:23:11.5192182
Update--528 10/6/2011 11:23:17.9904326
Update--550 10/6/2011 11:23:27.2060000
Update--604 10/6/2011 11:23:34.5810000
Update--627 10/6/2011 11:23:39.5028750
Update--880 10/6/2011 11:23:45.5185000
Update--881 10/6/2011 11:23:51.5028750
Update--948 10/6/2011 11:23:56.5185000
Update--995 10/6/2011 11:24:02.6591250
Update--355 10/6/2011 11:24:07.7528750
Update--356 10/6/2011 11:24:12.9247500
Update--359 10/6/2011 11:24:17.7997500
Update--360 10/6/2011 11:24:23.8469005
Update--361 10/6/2011 11:24:30.3698221
Update--362 10/6/2011 11:24:36.3125800
Update--363 10/6/2011 11:24:42.6473404
Update--368 10/6/2011 11:24:48.7782595
Update--365 10/6/2011 11:24:55.2855010
Update--344 10/6/2011 11:25:02.2945057
Update--340 10/6/2011 11:25:10.7774398
Update--341 10/6/2011 11:25:17.5669231
Update--640 10/6/2011 11:25:21.5026282
Update--558 10/6/2011 11:25:28.8633377
Update--335 10/6/2011 11:25:36.1574493
Update--336 10/6/2011 11:25:42.7941517
Update--172 10/6/2011 11:25:49.5560749
Update--687 10/6/2011 11:25:52.7179001
Update--688 10/6/2011 11:25:55.1284005
Update--689 10/6/2011 11:25:57.2728067
Update--879 10/6/2011 11:26:03.2364473
Update--343 10/6/2011 11:26:11.5792831
Update--354 10/6/2011 11:26:18.2159855
Update--364 10/6/2011 11:26:24.3856065
Update--410 10/6/2011 11:26:30.7043631
Update--412 10/6/2011 11:26:36.2372047
Update--413 10/6/2011 11:26:45.8568043
Update--414 10/6/2011 11:26:54.2818131
Update--415 10/6/2011 11:27:02.6439487
Update--416 10/6/2011 11:27:07.8938609
Update--405 10/6/2011 11:27:15.8473207
Update--407 10/6/2011 11:27:25.8791250
Update--408 10/6/2011 11:27:32.2072500
Update--618 10/6/2011 11:27:39.0510000
Update--620 10/6/2011 11:27:46.9416250
Update--108 10/6/2011 11:28:01.0666250
Update--845 10/6/2011 11:28:07.7072500
Update--862 10/6/2011 11:28:14.1916250
Update--748 10/6/2011 11:28:19.6447500
Update--878 10/6/2011 11:28:25.7144602
Update--619 10/6/2011 11:28:31.3293680
Update--430 10/6/2011 11:28:36.7874348
Update--406 10/6/2011 11:28:43.4374932
Update--417 10/6/2011 11:28:49.8366060
Update--418 10/6/2011 11:28:56.7532941
Update--419 10/6/2011 11:29:03.6542981
Update--420 10/6/2011 11:29:09.9122540
Update--421 10/6/2011 11:29:15.6526346
Update--423 10/6/2011 11:29:21.0793332
Update--424 10/6/2011 11:29:29.2875116
Update--425 10/6/2011 11:29:37.0678975
Update--431 10/6/2011 11:29:43.6428715
Update--409 10/6/2011 11:29:49.6699310
Update--427 10/6/2011 11:29:54.3819957
Update--428 10/6/2011 11:29:59.3445356
Update--429 10/6/2011 11:30:05.7316532
Update--434 10/6/2011 11:30:11.6647845
Update--954 10/6/2011 11:30:18.0988662
Update--719 10/6/2011 11:30:20.7914746
Update--718 10/6/2011 11:30:23.3118813
Update--435 10/6/2011 11:30:30.2721517
Update--436 10/6/2011 11:30:36.4968717
Update--437 10/6/2011 11:30:42.9561917
Update--439 10/6/2011 11:30:47.8984317
Update--440 10/6/2011 11:30:52.3401917
Update--441 10/6/2011 11:30:57.9862317
Update--432 10/6/2011 11:31:03.6791917
Update--433 10/6/2011 11:31:09.8100717
Update--105 10/6/2011 11:31:18.0210717
Update--037 10/6/2011 11:31:24.1205292
Update--040 10/6/2011 11:31:30.0608792
Update--029 10/6/2011 11:31:35.9543317
Update--030 10/6/2011 11:31:43.0671192
Update--032 10/6/2011 11:31:48.4915967
Update--033 10/6/2011 11:31:53.9004417
Update--034 10/6/2011 11:31:59.7157317
Update--035 10/6/2011 11:32:05.1558417
Update--018 10/6/2011 11:32:10.6428492
Update--750 10/6/2011 11:32:15.5045567
Update--868 10/6/2011 11:32:20.8665042
Update--846 10/6/2011 11:32:26.3744740
Update--749 10/6/2011 11:32:31.7007100
Update--867 10/6/2011 11:32:37.9512046
Update--019 10/6/2011 11:32:43.9040566
Update--020 10/6/2011 11:32:50.3112052
Update--022 10/6/2011 11:32:56.7183538
Update--023 10/6/2011 11:33:02.9531830
Update--024 10/6/2011 11:33:08.7180502
Update--025 10/6/2011 11:33:14.3262634
Update--026 10/6/2011 11:33:20.0597998
Update--027 10/6/2011 11:33:25.8690703
Update--028 10/6/2011 11:33:31.5796048
Update--078 10/6/2011 11:33:37.5091735
Update--526 10/6/2011 11:33:43.5482593
Update--512 10/6/2011 11:33:49.9941229
Update--508 10/6/2011 11:33:55.9549822
Update--616 10/6/2011 11:34:02.2443928
Update--633 10/6/2011 11:34:05.3265169
Update--045 10/6/2011 11:34:10.6302736
Update--046 10/6/2011 11:34:16.8101671
Update--047 10/6/2011 11:34:22.8961888
Update--048 10/6/2011 11:34:29.3697526
Update--049 10/6/2011 11:34:36.2335615
Update--050 10/6/2011 11:34:42.9097492
Update--054 10/6/2011 11:34:49.2575998
Update--042 10/6/2011 11:34:55.7461663
Update--052 10/6/2011 11:35:02.0940169
Update--325 10/6/2011 11:35:07.7382880
Update--053 10/6/2011 11:35:14.1799492
Update--043 10/6/2011 11:35:21.0281230
Update--055 10/6/2011 11:35:26.9841210
Update--051 10/6/2011 11:35:33.1267896
Update--041 10/6/2011 11:35:42.1297848
Update--038 10/6/2011 11:35:48.6475782
Update--532 10/6/2011 11:35:56.2282252
Update--866 10/6/2011 11:36:01.5893838
Update--722 10/6/2011 11:36:07.1224746
Update--721 10/6/2011 11:36:09.8264992
Update--864 10/6/2011 11:36:15.5784128
Update--865 10/6/2011 11:36:21.4866284
Update--710 10/6/2011 11:36:23.2997316
Update--644 10/6/2011 11:36:26.2221740
Update--547 10/6/2011 11:36:31.8480740
Update--591 10/6/2011 11:36:38.0209365
Update--571 10/6/2011 11:36:43.1311290
Update--578 10/6/2011 11:36:48.6007540
Update--067 10/6/2011 11:36:56.2269740
Update--068 10/6/2011 11:37:02.0091490
Update--069 10/6/2011 11:37:07.0099490
Update--065 10/6/2011 11:37:13.5891265
Update--260 10/6/2011 11:37:19.4650665
Update--240 10/6/2011 11:37:24.9502442
Update--070 10/6/2011 11:37:29.3725154
Update--071 10/6/2011 11:37:34.4198426
Update--072 10/6/2011 11:37:40.0922258
Update--073 10/6/2011 11:37:46.6709402
Update--056 10/6/2011 11:37:54.0309746
Update--064 10/6/2011 11:37:59.8752482
Update--087 10/6/2011 11:38:05.8601594
Update--585 10/6/2011 11:38:12.8764130
Update--511 10/6/2011 11:38:19.5801386
Update--699 10/6/2011 11:38:23.2210898
Update--936 10/6/2011 11:38:32.7575000
Update--943 10/6/2011 11:38:39.0231250
Update--088 10/6/2011 11:38:45.5856250
Update--089 10/6/2011 11:38:53.2106250
Update--090 10/6/2011 11:38:59.6637500
Update--092 10/6/2011 11:39:06.2262500
Update--093 10/6/2011 11:39:12.0387500
Update--094 10/6/2011 11:39:19.4450000
Update--080 10/6/2011 11:39:27.2802470
Update--081 10/6/2011 11:39:33.7141442
Update--082 10/6/2011 11:39:41.1390818
Update--084 10/6/2011 11:39:47.8718642
Update--085 10/6/2011 11:39:54.1327226
Update--086 10/6/2011 11:40:00.2677346
Update--083 10/6/2011 11:40:05.8521686
Update--095 10/6/2011 11:40:11.7040262
Update--074 10/6/2011 11:40:17.5873454
Update--075 10/6/2011 11:40:24.3501194
Update--076 10/6/2011 11:40:29.7277763
Update--573 10/6/2011 11:40:35.9207048
Update--937 10/6/2011 11:40:42.0038852
Update--938 10/6/2011 11:40:48.7769108
Update--656 10/6/2011 11:40:51.6930746
Update--869 10/6/2011 11:40:58.2936389
Update--728 10/6/2011 11:41:02.6365280
Update--944 10/6/2011 11:41:09.6760847
Update--945 10/6/2011 11:41:15.4456991
Update--997 10/6/2011 11:41:21.5288795
Update--058 10/6/2011 11:41:26.4788927
Update--059 10/6/2011 11:41:32.6300894
Update--060 10/6/2011 11:41:38.1865139
Update--061 10/6/2011 11:41:43.9151093
Update--062 10/6/2011 11:41:49.7376161
Update--063 10/6/2011 11:41:55.2940406
Update--120 10/6/2011 11:42:01.5861044
Update--121 10/6/2011 11:42:07.7686049
Update--122 10/6/2011 11:42:14.2797953
Update--125 10/6/2011 11:42:20.5562072
Update--126 10/6/2011 11:42:27.0646841
Update--128 10/6/2011 11:42:31.7249273
Update--129 10/6/2011 11:42:38.0115641
Update--130 10/6/2011 11:42:43.7821337
Update--575 10/6/2011 11:42:50.8976057
Update--835 10/6/2011 11:42:58.8731897
Update--702 10/6/2011 11:43:01.6411865
Update--666 10/6/2011 11:43:04.3309913
Update--839 10/6/2011 11:43:10.6019897
Update--555 10/6/2011 11:43:16.7009657
Update--123 10/6/2011 11:43:21.3768473
Update--124 10/6/2011 11:43:27.1147937
Update--106 10/6/2011 11:43:32.1482333
Update--103 10/6/2011 11:43:38.2133717
Update--109 10/6/2011 11:43:44.2628783
Update--112 10/6/2011 11:43:50.0935397
Update--115 10/6/2011 11:43:55.7991467
Update--117 10/6/2011 11:44:01.4422265
Update--118 10/6/2011 11:44:07.2885197
Update--119 10/6/2011 11:44:12.9941267
Update--834 10/6/2011 11:44:19.1374241
Update--670 10/6/2011 11:44:21.4509305
Update--953 10/6/2011 11:44:27.4840335
Update--876 10/6/2011 11:44:33.2821699
Update--947 10/6/2011 11:44:40.0648955
Update--104 10/6/2011 11:44:46.6444519
Update--096 10/6/2011 11:44:52.7238995
Update--097 10/6/2011 11:44:59.5691387
Update--098 10/6/2011 11:45:05.3672751
Update--099 10/6/2011 11:45:10.2433359
Update--100 10/6/2011 11:45:16.5259527
Update--101 10/6/2011 11:45:24.1994699
Update--017 10/6/2011 11:45:30.9189509
Update--566 10/6/2011 11:45:38.5135271
Update--567 10/6/2011 11:45:44.5923134
Update--549 10/6/2011 11:45:51.2961677
Update--559 10/6/2011 11:45:59.5158119
Update--107 10/6/2011 11:46:12.0171719
Update--116 10/6/2011 11:46:18.9398000
Update--113 10/6/2011 11:46:26.0342287
Update--114 10/6/2011 11:46:31.9721087
Update--110 10/6/2011 11:46:37.5974687
Update--111 10/6/2011 11:46:43.2384547
Update--836 10/6/2011 11:46:49.3013427
Update--837 10/6/2011 11:46:55.6454987
Update--838 10/6/2011 11:47:01.5052487
Update--723 10/6/2011 11:47:03.8022707
Update--739 10/6/2011 11:47:05.8649027
Update--136 10/6/2011 11:47:11.1777427
Update--308 10/6/2011 11:47:16.9593627
Update--309 10/6/2011 11:47:22.6159747
Update--298 10/6/2011 11:47:27.1161617
Update--299 10/6/2011 11:47:31.5538037
Update--300 10/6/2011 11:47:38.8977887
Update--301 10/6/2011 11:47:45.0229847
Update--303 10/6/2011 11:47:50.5856627
Update--306 10/6/2011 11:47:56.9296157
Update--527 10/6/2011 11:48:04.1017202
Update--515 10/6/2011 11:48:10.1644142
Update--602 10/6/2011 11:48:15.8833472
Update--624 10/6/2011 11:48:21.7116587
Update--540 10/6/2011 11:48:30.2135000
Update--541 10/6/2011 11:48:36.0260000
Update--302 10/6/2011 11:48:41.7760000
Update--333 10/6/2011 11:48:47.7916250
Update--334 10/6/2011 11:48:53.6041250
Update--326 10/6/2011 11:49:00.0885000
Update--327 10/6/2011 11:49:06.0103750
Update--328 10/6/2011 11:49:13.7291250
Update--329 10/6/2011 11:49:20.1353750
Update--127 10/6/2011 11:49:26.9635192
Update--893 10/6/2011 11:49:33.3073098
Update--894 10/6/2011 11:49:39.5104745
Update--661 10/6/2011 11:49:42.1511164
Update--701 10/6/2011 11:49:44.6511324
Update--319 10/6/2011 11:49:50.0417919
Update--320 10/6/2011 11:49:54.7605721
Update--321 10/6/2011 11:49:59.3699766
Update--322 10/6/2011 11:50:03.6825042
Update--323 10/6/2011 11:50:09.9169191
Update--307 10/6/2011 11:50:14.4794483
Update--311 10/6/2011 11:50:19.3857297
Update--312 10/6/2011 11:50:24.1826354
Update--315 10/6/2011 11:50:28.8389152
Update--316 10/6/2011 11:50:34.7608281
Update--286 10/6/2011 11:50:40.8858673
Update--426 10/6/2011 11:50:45.5890224
Update--517 10/6/2011 11:50:51.1984333
Update--590 10/6/2011 11:50:57.1984717
Update--317 10/6/2011 11:51:01.8860017
Update--313 10/6/2011 11:51:06.4954062
Update--314 10/6/2011 11:51:12.4641944
Update--310 10/6/2011 11:51:18.2611065
Update--148 10/6/2011 11:51:24.4642680
Update--709 10/6/2011 11:51:26.3705180
Update--671 10/6/2011 11:51:28.4798930
Update--890 10/6/2011 11:51:34.4486430
Update--891 10/6/2011 11:51:40.8392680
Update--860 10/6/2011 11:51:46.6361430
Update--332 10/6/2011 11:51:52.3861430
Update--324 10/6/2011 11:51:58.9642680
Update--330 10/6/2011 11:52:05.4017680
Update--271 10/6/2011 11:52:11.3392680
Update--570 10/6/2011 11:52:16.9173930
Update--565 10/6/2011 11:52:22.9798930
Update--622 10/6/2011 11:52:30.6205180
Update--608 10/6/2011 11:52:36.4017680
Update--545 10/6/2011 11:52:44.2298930
Update--553 10/6/2011 11:52:51.5267680
Update--442 10/6/2011 11:52:58.1986430
Update--443 10/6/2011 11:53:05.4642680
Update--438 10/6/2011 11:53:11.4955180
Update--445 10/6/2011 11:53:17.5736430
Update--447 10/6/2011 11:53:22.6205180
Update--448 10/6/2011 11:53:30.1518076
Update--449 10/6/2011 11:53:37.5268548
Update--450 10/6/2011 11:53:44.0268964
Update--991 10/6/2011 11:53:49.9488093
Update--854 10/6/2011 11:53:56.7144776
Update--884 10/6/2011 11:54:03.3082698
Update--451 10/6/2011 11:54:09.5426847
Update--452 10/6/2011 11:54:15.2145960
Update--459 10/6/2011 11:54:21.0271332
Update--460 10/6/2011 11:54:28.9959342
Update--461 10/6/2011 11:54:35.3866001
Update--462 10/6/2011 11:54:42.3553947
Update--463 10/6/2011 11:54:51.4335778
Update--464 10/6/2011 11:54:59.1680023
Update--455 10/6/2011 11:55:05.2149160
Update--457 10/6/2011 11:55:10.5743253
Update--606 10/6/2011 11:55:17.4337442
Update--612 10/6/2011 11:55:23.7150344
Update--630 10/6/2011 11:55:28.7619110
Update--564 10/6/2011 11:55:35.3244110
Update--610 10/6/2011 11:55:41.4494110
Update--611 10/6/2011 11:55:48.2619110
Update--548 10/6/2011 11:55:55.3400360
Update--524 10/6/2011 11:56:02.7462860
Update--458 10/6/2011 11:56:09.4806610
Update--479 10/6/2011 11:56:15.9337860
Update--453 10/6/2011 11:56:24.3244110
Update--454 10/6/2011 11:56:30.3556610
Update--233 10/6/2011 11:56:36.4806610
Update--885 10/6/2011 11:56:42.8556610
Update--886 10/6/2011 11:56:53.0275360
Update--887 10/6/2011 11:56:59.5900360
Update--888 10/6/2011 11:57:09.7931610
Update--663 10/6/2011 11:57:12.7150360
Update--001 10/6/2011 11:57:15.3244110
Update--207 10/6/2011 11:57:21.3869110
Update--208 10/6/2011 11:57:27.1681815
Update--209 10/6/2011 11:57:33.1525948
Update--210 10/6/2011 11:57:39.7307619
Update--212 10/6/2011 11:57:44.2307907
Update--214 10/6/2011 11:57:48.8245701
Update--215 10/6/2011 11:57:54.6839826
Update--216 10/6/2011 11:58:00.4965198
Update--217 10/6/2011 11:58:07.0121865
Update--218 10/6/2011 11:58:14.0278564
Update--674 10/6/2011 11:58:16.2153704
Update--675 10/6/2011 11:58:18.1997581
Update--645 10/6/2011 11:58:20.3247717
Update--650 10/6/2011 11:58:23.0122889
Update--651 10/6/2011 11:58:25.3248037
Update--949 10/6/2011 11:58:31.8248453
Update--996 10/6/2011 11:58:37.9967598
Update--874 10/6/2011 11:58:44.9655544
Update--191 10/6/2011 11:58:51.8718486
Update--201 10/6/2011 11:58:57.6687607
Update--202 10/6/2011 11:59:03.8250501
Update--203 10/6/2011 11:59:09.7782132
Update--204 10/6/2011 11:59:15.6220006
Update--205 10/6/2011 11:59:21.3095370
Update--193 10/6/2011 11:59:28.8876250
Update--194 10/6/2011 11:59:35.4188750
Update--195 10/6/2011 11:59:41.3407500
Update--196 10/6/2011 11:59:48.2313750
Update--197 10/6/2011 11:59:54.8251250
Update--198 10/6/2011 12:00:01.1532500
Update--199 10/6/2011 12:00:07.3563750
Update--579 10/6/2011 12:00:13.8876250
Update--634 10/6/2011 12:00:17.1688750
Update--206 10/6/2011 12:00:28.8100000
Update--219 10/6/2011 12:00:34.8881250
Update--221 10/6/2011 12:00:42.2631250
Update--222 10/6/2011 12:00:49.2162500
Update--223 10/6/2011 12:00:55.8725000
Update--224 10/6/2011 12:01:02.6068750
Update--225 10/6/2011 12:01:09.9662500
Update--226 10/6/2011 12:01:16.0287500
Update--227 10/6/2011 12:01:21.4975000
Update--228 10/6/2011 12:01:28.2944581
Update--229 10/6/2011 12:01:33.1695517
Update--230 10/6/2011 12:01:37.9040176
Update--872 10/6/2011 12:01:44.7010231
Update--993 10/6/2011 12:01:51.6855322
Update--698 10/6/2011 12:02:00.3575737
Update--844 10/6/2011 12:02:05.8889299
Update--851 10/6/2011 12:02:11.5765391
Update--007 10/6/2011 12:02:18.3579193
Update--012 10/6/2011 12:02:24.7955429
Update--013 10/6/2011 12:02:31.6550496
Update--014 10/6/2011 12:02:38.0457973
Update--005 10/6/2011 12:02:43.7646571
Update--006 10/6/2011 12:02:49.7335217
Update--568 10/6/2011 12:02:56.9680356
Update--892 10/6/2011 12:03:02.9212749
Update--939 10/6/2011 12:03:08.7963877
Update--946 10/6/2011 12:03:14.7340017
Update--369 10/6/2011 12:03:20.6716157
Update--008 10/6/2011 12:03:27.3904071
Update--009 10/6/2011 12:03:34.2184884
Update--010 10/6/2011 12:03:39.8122026
Update--011 10/6/2011 12:03:46.2496614
Update--015 10/6/2011 12:03:52.1402487
Update--016 10/6/2011 12:03:57.8589621
Update--163 10/6/2011 12:04:02.8901799
Update--176 10/6/2011 12:04:08.7651423
Update--177 10/6/2011 12:04:14.0932332
Update--178 10/6/2011 12:04:18.8900775
Update--180 10/6/2011 12:04:26.1087813
Update--609 10/6/2011 12:04:31.9368690
Update--614 10/6/2011 12:04:37.4055840
Update--597 10/6/2011 12:04:44.4992886
Update--870 10/6/2011 12:04:50.5305000
Update--738 10/6/2011 12:04:52.9836093
Update--705 10/6/2011 12:04:55.6554672
Update--751 10/6/2011 12:05:01.0616826
Update--636 10/6/2011 12:05:03.9522891
Update--181 10/6/2011 12:05:09.9678756
Update--182 10/6/2011 12:05:16.0303368
Update--183 10/6/2011 12:05:22.6709193
Update--184 10/6/2011 12:05:28.6240359
Update--185 10/6/2011 12:05:34.2646609
Update--186 10/6/2011 12:05:40.0615359
Update--188 10/6/2011 12:05:45.7959109
Update--189 10/6/2011 12:05:51.5927859
Update--190 10/6/2011 12:05:57.5459109
Update--318 10/6/2011 12:06:05.7646609
Update--179 10/6/2011 12:06:10.1240359
Update--173 10/6/2011 12:06:15.9209109
Update--174 10/6/2011 12:06:21.7021609
Update--164 10/6/2011 12:06:26.7035877
Update--601 10/6/2011 12:06:32.2533737
Update--580 10/6/2011 12:06:38.0376577
Update--737 10/6/2011 12:06:41.4769617
Update--685 10/6/2011 12:06:43.8375749
Update--994 10/6/2011 12:06:49.2779285
Update--987 10/6/2011 12:06:54.9684133
Update--686 10/6/2011 12:06:57.1883277
Update--707 10/6/2011 12:07:02.0033533
Update--669 10/6/2011 12:07:06.8809117
Update--736 10/6/2011 12:07:10.1795169
Update--603 10/6/2011 12:07:16.1044997
Update--504 10/6/2011 12:07:20.0440661
Update--374 10/6/2011 12:07:25.5153891
Update--165 10/6/2011 12:07:30.4544375
Update--167 10/6/2011 12:07:36.5813583
Update--168 10/6/2011 12:07:40.9733602
Update--171 10/6/2011 12:07:48.6007514
Update--169 10/6/2011 12:07:55.0715300
Update--170 10/6/2011 12:08:00.6514043
Update--166 10/6/2011 12:08:07.8567882
Update--337 10/6/2011 12:08:13.9837090
Update--505 10/6/2011 12:08:19.7042524
Update--635 10/6/2011 12:08:22.2519261
Update--706 10/6/2011 12:08:24.6119418
Update--999 10/6/2011 12:08:30.3000970
Update--678 10/6/2011 12:08:32.7535046
Update--853 10/6/2011 12:08:39.7543110
Update--764 10/6/2011 12:08:45.4424662
Update--595 10/6/2011 12:08:51.0368606
Update--539 10/6/2011 12:08:56.5062406
Update--155 10/6/2011 12:09:02.1006350
Update--156 10/6/2011 12:09:07.8512974
Update--157 10/6/2011 12:09:14.3989266
Update--158 10/6/2011 12:09:19.9933210
Update--159 10/6/2011 12:09:25.9002514
Update--149 10/6/2011 12:09:31.8696890
Update--151 10/6/2011 12:09:36.5421022
Update--152 10/6/2011 12:09:42.9022098
Update--147 10/6/2011 12:09:48.8403938
Update--145 10/6/2011 12:09:54.5598026
Update--146 10/6/2011 12:09:59.8416610
Update--153 10/6/2011 12:10:05.7954718
Update--154 10/6/2011 12:10:11.4054930
Update--144 10/6/2011 12:10:17.2499162
Update--160 10/6/2011 12:10:23.8756794
Update--161 10/6/2011 12:10:30.0960714
Update--305 10/6/2011 12:10:35.9883552
Update--529 10/6/2011 12:10:41.3492394
Update--530 10/6/2011 12:10:46.9445646
Update--588 10/6/2011 12:10:52.5711486
Update--584 10/6/2011 12:10:58.2289914
Update--758 10/6/2011 12:11:03.6992814
Update--744 10/6/2011 12:11:06.9814554
Update--716 10/6/2011 12:11:12.8112216
Update--657 10/6/2011 12:11:15.4213314
Update--680 10/6/2011 12:11:18.0470706
Update--681 10/6/2011 12:11:21.0166566
Update--717 10/6/2011 12:11:23.9862426
Update--708 10/6/2011 12:11:26.0892082
Update--741 10/6/2011 12:11:28.3404429
Update--734 10/6/2011 12:11:31.1269362
Update--871 10/6/2011 12:11:36.9675521
Update--950 10/6/2011 12:11:43.2332263
Update--952 10/6/2011 12:11:50.0341591
Update--637 10/6/2011 12:11:53.4503684
Update--638 10/6/2011 12:11:56.9452922
Update--613 10/6/2011 12:12:03.4313670
Update--518 10/6/2011 12:12:09.3034687
Update--143 10/6/2011 12:12:15.4589426
Update--133 10/6/2011 12:12:24.8417110
Update--137 10/6/2011 12:12:30.3001162
Update--138 10/6/2011 12:12:38.1893694
Update--139 10/6/2011 12:12:45.9531474
Update--140 10/6/2011 12:12:52.3837514
Update--021 10/6/2011 12:12:58.4379298
Update--141 10/6/2011 12:13:05.5900162
Update--142 10/6/2011 12:13:12.3499926
Update--131 10/6/2011 12:13:20.3647210
Update--132 10/6/2011 12:13:26.2438550
Update--134 10/6/2011 12:13:31.9891666
Update--135 10/6/2011 12:13:40.6462710
Update--642 10/6/2011 12:13:43.4954446
Update--345 10/6/2011 12:13:49.0528986
Update--951 10/6/2011 12:13:55.5966050
Update--761 10/6/2011 12:13:59.8860202
Update--752 10/6/2011 12:14:04.5354958
Update--714 10/6/2011 12:14:14.8989734
Update--715 10/6/2011 12:14:17.1219550
Update--690 10/6/2011 12:14:19.4858298
Update--682 10/6/2011 12:14:21.9436334
Update--659 10/6/2011 12:14:24.1196506
Update--691 10/6/2011 12:14:26.6228202
Update--665 10/6/2011 12:14:31.5650602
Update--732 10/6/2011 12:14:34.6930602
Update--983 10/6/2011 12:14:42.5130602
Update--984 10/6/2011 12:14:50.8491802
Update--477 10/6/2011 12:14:58.2312602
Update--478 10/6/2011 12:15:05.1285002
Update--469 10/6/2011 12:15:12.4167402
Update--470 10/6/2011 12:15:18.2504602
Update--472 10/6/2011 12:15:23.1614202
Update--473 10/6/2011 12:15:30.6033452
Update--497 10/6/2011 12:15:36.6062252
Update--546 10/6/2011 12:15:43.1249777
Update--476 10/6/2011 12:15:49.0809602
Update--480 10/6/2011 12:15:55.2401652
Update--481 10/6/2011 12:16:01.5869602
Update--483 10/6/2011 12:16:07.8555927
Update--484 10/6/2011 12:16:13.7334127
Update--485 10/6/2011 12:16:19.7519252
Update--486 10/6/2011 12:16:28.7709749
Update--759 10/6/2011 12:16:34.9912373
Update--840 10/6/2011 12:16:41.1333557
Update--692 10/6/2011 12:16:43.9621685
Update--683 10/6/2011 12:16:47.8224821
Update--684 10/6/2011 12:16:51.0420149
Update--649 10/6/2011 12:16:55.2149045
Update--694 10/6/2011 12:16:58.1218613
Update--695 10/6/2011 12:17:01.6227125
Update--985 10/6/2011 12:17:12.4847285
Update--482 10/6/2011 12:17:19.3614005
Update--475 10/6/2011 12:17:25.4878274
Update--366 10/6/2011 12:17:31.3322880
Update--367 10/6/2011 12:17:37.4267790
Update--370 10/6/2011 12:17:43.2712396
Update--371 10/6/2011 12:17:48.3656090
Update--552 10/6/2011 12:17:55.7883865
Update--551 10/6/2011 12:18:04.6019581
Update--581 10/6/2011 12:18:11.8215859
Update--986 10/6/2011 12:18:20.5257692
Update--877 10/6/2011 12:18:28.2364245
Update--733 10/6/2011 12:18:33.9361549
Update--664 10/6/2011 12:18:38.0700253
Update--882 10/6/2011 12:18:44.5996615
Update--982 10/6/2011 12:18:54.5115553
Update--536 10/6/2011 12:19:03.8910567
Update--474 10/6/2011 12:19:12.5032867
Update--465 10/6/2011 12:19:20.9589307
Update--466 10/6/2011 12:19:30.3177267
Update--467 10/6/2011 12:19:38.5150779
Update--543 10/6/2011 12:19:45.8207325
Update--522 10/6/2011 12:19:50.7641733
Update--102 10/6/2011 12:19:56.2395033
Update--269 10/6/2011 12:20:01.1047251
Update--273 10/6/2011 12:20:07.4091765
Update--274 10/6/2011 12:20:13.4633271
Update--275 10/6/2011 12:20:19.2046017
Update--262 10/6/2011 12:20:24.3983433
Update--267 10/6/2011 12:20:32.5807500
Update--293 10/6/2011 12:20:39.1276250
Update--259 10/6/2011 12:20:46.8620000
Update--729 10/6/2011 12:20:50.9245000
Update--745 10/6/2011 12:20:56.7682500
Update--766 10/6/2011 12:21:02.1276250
Update--676 10/6/2011 12:21:04.8463750
Update--255 10/6/2011 12:21:11.5338750
Update--256 10/6/2011 12:21:18.4557500
Update--257 10/6/2011 12:21:23.5963750
Update--258 10/6/2011 12:21:30.2528750
Update--263 10/6/2011 12:21:36.4091250
Update--261 10/6/2011 12:21:42.8935000
Update--266 10/6/2011 12:21:48.0185000
Update--563 10/6/2011 12:21:53.9091250
Update--535 10/6/2011 12:22:00.4716250
Update--514 10/6/2011 12:22:07.2060000
Update--272 10/6/2011 12:22:13.3778750
Update--265 10/6/2011 12:22:20.2841250
Update--294 10/6/2011 12:22:28.3657975
Update--296 10/6/2011 12:22:39.3617720
Update--297 10/6/2011 12:22:45.4306740
Update--277 10/6/2011 12:22:55.4412340
Update--278 10/6/2011 12:23:08.2516225
Update--279 10/6/2011 12:23:16.9170135
Update--775 10/6/2011 12:23:24.8785370
Update--779 10/6/2011 12:23:30.2876906
Update--660 10/6/2011 12:23:33.5081298
Update--693 10/6/2011 12:23:37.1662986
Update--249 10/6/2011 12:23:44.9203658
Update--247 10/6/2011 12:23:52.2523366
Update--253 10/6/2011 12:23:59.6937398
Update--241 10/6/2011 12:24:06.4629154
Update--242 10/6/2011 12:24:13.3571566
Update--243 10/6/2011 12:24:20.2513978
Update--244 10/6/2011 12:24:27.5201958
Update--245 10/6/2011 12:24:34.3970438
Update--513 10/6/2011 12:24:40.5549486
Update--557 10/6/2011 12:24:46.3690110
Update--509 10/6/2011 12:24:52.7613538
Update--510 10/6/2011 12:24:59.1536966
Update--523 10/6/2011 12:25:05.6398146
Update--295 10/6/2011 12:25:11.8133486
Update--268 10/6/2011 12:25:16.5021086
Update--276 10/6/2011 12:25:23.0194850
Update--044 10/6/2011 12:25:31.5373573
Update--662 10/6/2011 12:25:36.5699275
Update--842 10/6/2011 12:25:44.6345431
Update--743 10/6/2011 12:25:47.5728139
Update--647 10/6/2011 12:25:50.6673757
Update--648 10/6/2011 12:25:56.7158374
Update--704 10/6/2011 12:26:00.1073521
Update--236 10/6/2011 12:26:10.3912999
Update--237 10/6/2011 12:26:18.3152536
Update--234 10/6/2011 12:26:27.0047812
Update--232 10/6/2011 12:26:34.8027041
Update--192 10/6/2011 12:26:40.6784937
Update--556 10/6/2011 12:26:46.1323516
Update--544 10/6/2011 12:26:53.4770886
Update--607 10/6/2011 12:27:01.1656218
Update--617 10/6/2011 12:27:06.9007675
Update--596 10/6/2011 12:27:12.4171338
Update--525 10/6/2011 12:27:19.4337017
Update--534 10/6/2011 12:27:27.0283453
Update--238 10/6/2011 12:27:36.8259100
Update--239 10/6/2011 12:27:46.4047093
Update--646 10/6/2011 12:27:52.4363839
Update--762 10/6/2011 12:28:00.4213210
Update--998 10/6/2011 12:28:06.3436129
Update--873 10/6/2011 12:28:12.9222010
Update--655 10/6/2011 12:28:17.3600134
Update--700 10/6/2011 12:28:19.7976850
Update--231 10/6/2011 12:28:27.5676885
Update--235 10/6/2011 12:28:34.9074916
Update--503 10/6/2011 12:28:41.7777977
Update--594 10/6/2011 12:28:48.9924016
Update--598 10/6/2011 12:28:57.1772993
Update--372 10/6/2011 12:29:04.7831507
Update--381 10/6/2011 12:29:14.3765394
Update--422 10/6/2011 12:29:20.2922016
Update--375 10/6/2011 12:29:32.3802500
Update--376 10/6/2011 12:29:38.5990000
Update--377 10/6/2011 12:29:44.6302500
Update--378 10/6/2011 12:29:50.6458750
Update--200 10/6/2011 12:29:56.2708750
Update--767 10/6/2011 12:30:02.9583750
Update--955 10/6/2011 12:30:09.2552500
Update--863 10/6/2011 12:30:16.1302500
Update--742 10/6/2011 12:30:18.7708750
Update--667 10/6/2011 12:30:21.6927500
Update--175 10/6/2011 12:30:27.4740155
Update--397 10/6/2011 12:30:33.8021810
Update--398 10/6/2011 12:30:39.5834680
Update--399 10/6/2011 12:30:45.4741307
Update--400 10/6/2011 12:30:51.5522946
Update--401 10/6/2011 12:30:57.5992083
Update--382 10/6/2011 12:31:01.7711100
Update--404 10/6/2011 12:31:07.4898966
Update--444 10/6/2011 12:31:14.5211916
Update--600 10/6/2011 12:31:21.5837368
Update--625 10/6/2011 12:31:27.5985982
Update--626 10/6/2011 12:31:31.4805984
Update--629 10/6/2011 12:31:35.1897160
Update--538 10/6/2011 12:31:42.0735868
Update--383 10/6/2011 12:31:48.1087612
Update--385 10/6/2011 12:31:55.5741462
Update--386 10/6/2011 12:32:02.2851344
Update--388 10/6/2011 12:32:08.7289404
Update--389 10/6/2011 12:32:14.9212808
Update--390 10/6/2011 12:32:21.7265686
Update--220 10/6/2011 12:32:28.1300234
Update--331 10/6/2011 12:32:34.1947391
Update--841 10/6/2011 12:32:40.6042190
Update--956 10/6/2011 12:32:46.6689347
Update--883 10/6/2011 12:32:52.4672417
Update--740 10/6/2011 12:32:54.4261292
Update--187 10/6/2011 12:33:01.4937953
Update--391 10/6/2011 12:33:07.2137468
Update--392 10/6/2011 12:33:15.5507720
Update--393 10/6/2011 12:33:21.4744478
Update--394 10/6/2011 12:33:28.3179345
Update--402 10/6/2011 12:33:33.9825467
Update--403 10/6/2011 12:33:39.5845665
Update--560 10/6/2011 12:33:46.2350090
Update--561 10/6/2011 12:33:52.4003604
Update--572 10/6/2011 12:33:58.9882105
Update--605 10/6/2011 12:34:04.8249518
Update--641 10/6/2011 12:34:07.8606832
Update--379 10/6/2011 12:34:13.9947384
Update--380 10/6/2011 12:34:20.4104594
Update--213 10/6/2011 12:34:26.5747164
Update--703 10/6/2011 12:34:28.9671315
Update--889 10/6/2011 12:34:34.7683472
Update--384 10/6/2011 12:34:41.2575777
Update--621 10/6/2011 12:34:46.9493365
Update--569 10/6/2011 12:34:52.8130990
Update--507 10/6/2011 12:34:59.4274231
Update--562 10/6/2011 12:35:05.2911856
Update--632 10/6/2011 12:35:07.9650613
Update--623 10/6/2011 12:35:13.4848164
Update--003 10/6/2011 12:35:19.0671183
Update--004 10/6/2011 12:35:26.1501490
Update--652 10/6/2011 12:35:30.2923375
Update--653 10/6/2011 12:35:34.0750153
Update--833 10/6/2011 12:35:40.6556242
Update--658 10/6/2011 12:35:44.7821818
Update--957 10/6/2011 12:35:53.9418892
Update--589 10/6/2011 12:35:59.5846441
Update--586 10/6/2011 12:36:05.4618625
Update--501 10/6/2011 12:36:11.8392697
Update--502 10/6/2011 12:36:17.7946426
Update--521 10/6/2011 12:36:23.3279812
Update--487 10/6/2011 12:36:28.9856449
Update--489 10/6/2011 12:36:35.0961929
Update--490 10/6/2011 12:36:40.9723209
Update--491 10/6/2011 12:36:46.0670489
Update--494 10/6/2011 12:36:51.7243849
Update--495 10/6/2011 12:36:58.7569849
Update--496 10/6/2011 12:37:04.7112529
Update--488 10/6/2011 12:37:10.8218009
Update--506 10/6/2011 12:37:16.8073249
Update--500 10/6/2011 12:37:22.7772209
Update--554 10/6/2011 12:37:30.3562969
Update--587 10/6/2011 12:37:35.9662104
Update--599 10/6/2011 12:37:41.3729794
Update--615 10/6/2011 12:37:46.9047604
Update--942 10/6/2011 12:37:52.6396859
Update--776 10/6/2011 12:37:56.6088169
Update--735 10/6/2011 12:38:00.6248274
Update--940 10/6/2011 12:38:07.6098729
Update--992 10/6/2011 12:38:13.9386054
Update--542 10/6/2011 12:38:19.5641454
Update--498 10/6/2011 12:38:26.1272299
Update--499 10/6/2011 12:38:33.2057173
Update--531 10/6/2011 12:38:39.6591727
Update--493 10/6/2011 12:38:45.4875961
Update Area--<none> 10/6/2011 12:38:45.8938669
Update Area--ANAKROM-REGION-AREA1 10/6/2011 12:38:46.2532603
Update Area--ANAKROM-REGION-AREA2 10/6/2011 12:38:46.6126537
Update Area--ANAKROM-REGION-AREA3 10/6/2011 12:38:46.9564213
Update Area--ANAKROM-REGION-AREA4 10/6/2011 12:38:47.3158147
Update Area--CAGAYAN-REGION-AREA1 10/6/2011 12:38:47.6752081
Update Area--CAGAYAN-REGION-AREA2 10/6/2011 12:38:48.0189757
Update Area--CAGAYAN-REGION-AREA3 10/6/2011 12:38:48.3783691
Update Area--CAGAYAN-REGION-AREA4 10/6/2011 12:38:48.7221367
Update Area--CAGAYAN-REGION-AREA5 10/6/2011 12:38:49.0815301
Update Area--CARAGA-REGION-AREA1 10/6/2011 12:38:49.4409235
Update Area--CARAGA-REGION-AREA1 10/6/2011 12:38:49.9722007
Update Area--CARAGA-REGION-AREA2 10/6/2011 12:38:50.3315941
Update Area--CARAGA-REGION-AREA3 10/6/2011 12:38:50.6909875
Update Area--CARAGA-REGION-AREA4 10/6/2011 12:38:51.0503809
Update Area--Cebu Central A 10/6/2011 12:38:51.4722775
Update Area--Cebu Central B 10/6/2011 12:38:52.1129353
Update Area--Cebu Central C 10/6/2011 12:38:52.4879545
Update Area--Cebu Central D 10/6/2011 12:38:54.2380441
Update Area--Cebu North A 10/6/2011 12:38:54.5974375
Update Area--Cebu North A 10/6/2011 12:38:54.9568309
Update Area--Cebu North B 10/6/2011 12:38:55.3005985
Update Area--Cebu North C 10/6/2011 12:38:55.7068693
Update Area--Cebu North D 10/6/2011 12:38:56.0506369
Update Area--Cebu North E 10/6/2011 12:38:56.4256561
Update Area--Cebu South A 10/6/2011 12:38:56.7694237
Update Area--Cebu South B 10/6/2011 12:38:57.1288171
Update Area--Cebu South C 10/6/2011 12:38:57.4725847
Update Area--CEBU SOUTH D 10/6/2011 12:38:57.8319781
Update Area--CEBU SOUTH E 10/6/2011 12:38:58.1757457
Update Area--DAVA0-MINDANAO-REGION-AREA1 10/6/2011 12:38:58.5351391
Update Area--DAVA0-MINDANAO-REGION-AREA2 10/6/2011 12:38:58.8945325
Update Area--DAVA0-MINDANAO-REGION-AREA3 10/6/2011 12:38:59.2383001
Update Area--DAVA0-MINDANAO-REGION-AREA4 10/6/2011 12:38:59.5976935
Update Area--DAVA0-MINDANAO-REGION-AREA5 10/6/2011 12:38:59.9414611
Update Area--DIPOLOG-MINDANAO-REGION-AREA1 10/6/2011 12:39:00.2852287
Update Area--DIPOLOG-MINDANAO-REGION-AREA2 10/6/2011 12:39:00.6446221
Update Area--DIPOLOG-MINDANAO-REGION-AREA3 10/6/2011 12:39:01.0040155
Update Area--HO 10/6/2011 12:39:01.3634089
Update Area--LEYTE-REGION-AREA1 10/6/2011 12:39:01.7228023
Update Area--LEYTE-REGION-AREA2 10/6/2011 12:39:02.0665699
Update Area--LEYTE-REGION-AREA2 10/6/2011 12:39:02.4103375
Update Area--LEYTE-REGION-AREA3 10/6/2011 12:39:02.7697309
Update Area--LUZON-SHOWROOMS 10/6/2011 12:39:03.1291243
Update Area--MINDANAO-SHOWROOMS 10/6/2011 12:39:03.4885177
Update Area--NCR-SHOWROOMS 10/6/2011 12:39:03.8479111
Update Area--NEGROS-OCC-REGION-AREA1 10/6/2011 12:39:04.2229303
Update Area--NEGROS-OCC-REGION-AREA2 10/6/2011 12:39:04.5666979
Update Area--NEGROS-OCC-REGION-AREA3 10/6/2011 12:39:04.9260913
Update Area--NEGROS-OCC-REGION-AREA4 10/6/2011 12:39:05.2698589
Update Area--NEGROS-OCC-REGION-AREA5 10/6/2011 12:39:05.6136265
Update Area--NEGROS-ORIENTAL-REGION-AREA1 10/6/2011 12:39:05.9573941
Update Area--NEGROS-ORIENTAL-REGION-AREA2 10/6/2011 12:39:06.3167875
Update Area--NEGROS-ORIENTAL-REGION-AREA3 10/6/2011 12:39:07.1605807
Update Area--NEGROS-ORIENTAL-REGION-AREA4 10/6/2011 12:39:07.5199741
Update Area--OZAMIS-MINDANAO-REGION-AREA1 10/6/2011 12:39:07.8637417
Update Area--OZAMIS-MINDANAO-REGION-AREA2 10/6/2011 12:39:08.2231351
Update Area--OZAMIS-MINDANAO-REGION-AREA3 10/6/2011 12:39:09.1606831
Update Area--OZAMIS-MINDANAO-REGION-AREA4 10/6/2011 12:39:09.7857151
Update Area--OZAMIS-MINDANAO-REGION-AREA5 10/6/2011 12:39:10.1451085
Update Area--PANAY-ROMBLON-REGION-AREA1 10/6/2011 12:39:10.5357535
Update Area--PANAY-ROMBLON-REGION-AREA2 10/6/2011 12:39:10.9107727
Update Area--PANAY-ROMBLON-REGION-AREA3 10/6/2011 12:39:11.2701661
Update Area--PANAY-ROMBLON-REGION-AREA4 10/6/2011 12:39:11.6608111
Update Area--PANAY-ROMBLON-REGION-AREA5 10/6/2011 12:39:12.0358303
Update Area--SAMAR-REGION-AREA1 10/6/2011 12:39:12.3952237
Update Area--SAMAR-REGION-AREA2 10/6/2011 12:39:12.7546171
Update Area--SAMAR-REGION-AREA3 10/6/2011 12:39:13.1452621
Update Area--SOCSKSARGEN-MINDANAO-AREA1 10/6/2011 12:39:13.4890297
Update Area--SOCSKSARGEN-MINDANAO-AREA2 10/6/2011 12:39:13.8484231
Update Area--SOCSKSARGEN-MINDANAO-AREA3 10/6/2011 12:39:14.2546939
Update Area--SOCSKSARGEN-MINDANAO-AREA4 10/6/2011 12:39:14.6140873
Update Area--SOCSKSARGEN-MINDANAO-AREA5 10/6/2011 12:39:14.9734807
Update Area--SOCSKSARGEN-MINDANAO-AREA6 10/6/2011 12:39:15.3172483
Update Area--VISAYAS-SHOWROOMS 10/6/2011 12:39:16.1297899
Update Area--ZAMBASTA-MINDANAO-AREA1 10/6/2011 12:39:16.4891833
Update Area--ZAMBASTA-MINDANAO-AREA2 10/6/2011 12:39:17.2860991
Update Area--ZAMBASTA-MINDANAO-AREA3 10/6/2011 12:39:17.6298667
Update region--ANAKROM-REGION 10/6/2011 12:39:17.8486279
Update region--CAGAYAN-REGION 10/6/2011 12:39:18.0205117
Update region--CARAGA-REGION 10/6/2011 12:39:18.2080213
Update region--Cebu Central 10/6/2011 12:39:18.3955309
Update region--Cebu North 10/6/2011 12:39:18.5986663
Update region--Cebu South 10/6/2011 12:39:18.7705501
Update region--DAVA0-MINDANAO-REGION 10/6/2011 12:39:18.9736855
Update region--DIPOLOG-MINDANAO-REGION 10/6/2011 12:39:19.1611951
Update region--HO 10/6/2011 12:39:19.3643305
Update region--LA-SHOWROOMS 10/6/2011 12:39:19.5674659
Update region--LEYTE-REGION 10/6/2011 12:39:19.7706013
Update region--LUZON/NCR-SHOWROOMS 10/6/2011 12:39:19.9737367
Update region--NEGROS-OCC-REGION 10/6/2011 12:39:20.1612463
Update region--NEGROS-ORIENTAL-REGION 10/6/2011 12:39:20.3487559
Update region--OZAMIS-MINDANAO-REGION 10/6/2011 12:39:20.5518913
Update region--PANAY-ROMBLON-REGION 10/6/2011 12:39:20.9737879
Update region--SAMAR-REGION 10/6/2011 12:39:22.9582645
Update region--SOCSKSARGEN-MINDANAO-REGION 10/6/2011 12:39:23.2707805
Update region--VISMIN-SHOWROOMS 10/6/2011 12:39:23.5832965
Update region--ZAMBASTA-MINDANAO-REGION 10/6/2011 12:39:23.8958125
Update Vismin Wide--  10/6/2011 12:39:49.9927500
Update--941 10/5/2011 12:40:00.9302500
