941 8/31/2011 08:53:08.9815235
677 8/31/2011 08:54:13.9905000
711 8/31/2011 08:56:05.8976250
712 8/31/2011 08:56:30.8195000
726 8/31/2011 08:57:26.6006250
036 8/31/2011 08:57:50.7423750
057 8/31/2011 08:58:33.6173750
066 8/31/2011 08:59:01.8517500
079 8/31/2011 08:59:26.3517500
264 8/31/2011 09:00:04.9457500
593 8/31/2011 09:00:28.0238750
628 8/31/2011 09:00:55.2586250
582 8/31/2011 09:01:19.7898750
537 8/31/2011 09:02:03.5708750
396 8/31/2011 09:02:26.6333750
280 8/31/2011 09:02:53.7900000
281 8/31/2011 09:03:51.8846250
284 8/31/2011 09:04:19.6815000
285 8/31/2011 09:04:44.6033750
290 8/31/2011 09:05:25.1919220
720 8/31/2011 09:06:08.1032500
696 8/31/2011 09:06:21.6970000
697 8/31/2011 09:06:35.4157500
673 8/31/2011 09:07:05.3222500
875 8/31/2011 09:07:38.5722500
730 8/31/2011 09:08:02.5723750
731 8/31/2011 09:08:25.5255000
724 8/31/2011 09:09:26.9948750
725 8/31/2011 09:10:04.1825000
727 8/31/2011 09:10:32.2606250
291 8/31/2011 09:11:05.3076250
287 8/31/2011 09:11:57.2302500
289 8/31/2011 09:12:25.3083750
583 8/31/2011 09:13:09.6837500
639 8/31/2011 09:13:38.1993750
288 8/31/2011 09:14:35.0428750
292 8/31/2011 09:15:05.7777500
282 8/31/2011 09:15:32.4808750
283 8/31/2011 09:16:14.6687500
246 8/31/2011 09:16:38.1531250
248 8/31/2011 09:17:09.1376250
250 8/31/2011 09:17:30.7782500
Update--941 8/31/2011 09:25:06.8737500
Update--677 8/31/2011 09:25:28.0143750
Update--711 8/31/2011 09:26:00.8421250
Update--712 8/31/2011 09:26:28.2483750
Update--726 8/31/2011 09:27:05.1496250
Update--036 8/31/2011 09:27:26.3371250
Update--057 8/31/2011 09:28:01.1967500
Update--066 8/31/2011 09:28:36.2592500
Update--079 8/31/2011 09:29:17.4471250
Update--264 8/31/2011 09:30:07.2287500
Update--593 8/31/2011 09:30:52.2285000
Update--628 8/31/2011 09:31:19.8535000
Update--582 8/31/2011 09:31:40.7441250
Update--537 8/31/2011 09:32:20.0257500
Update--396 8/31/2011 09:32:46.2601250
Update--280 8/31/2011 09:33:07.4483750
Update--281 8/31/2011 09:33:29.0733750
Update--284 8/31/2011 09:34:18.4947500
Update--285 8/31/2011 09:34:38.0103750
Update--290 8/31/2011 09:35:18.4948750
Update--720 8/31/2011 09:35:42.0105000
Update--696 8/31/2011 09:36:25.9837500
Update--697 8/31/2011 09:37:16.9425831
Update--673 8/31/2011 09:37:51.1618750
Update--875 8/31/2011 09:38:31.8493750
Update--730 8/31/2011 09:39:14.0686250
Update--731 8/31/2011 09:39:44.6311250
Update--724 8/31/2011 09:41:34.0060000
Update--725 8/31/2011 09:42:03.1787500
Update--727 8/31/2011 09:42:39.6318750
Update--291 8/31/2011 09:43:26.4106250
Update--287 8/31/2011 09:43:59.6433750
Update--289 8/31/2011 09:44:25.2058750
Update--583 8/31/2011 09:44:58.3465000
Update--639 8/31/2011 09:45:39.5340000
Update--288 8/31/2011 09:46:13.3142500
Update--292 8/31/2011 09:46:57.3375000
Update--282 8/31/2011 09:47:29.4781250
Update--283 8/31/2011 09:48:16.5008750
Update--246 8/31/2011 09:49:21.5010000
Update--248 8/31/2011 09:50:04.0007500
Update--250 8/31/2011 09:50:46.6257500
251 8/31/2011 09:51:14.2203750
252 8/31/2011 09:51:56.8302500
254 8/31/2011 09:52:20.7052500
679 8/31/2011 09:53:09.4082500
668 8/31/2011 09:54:24.8150000
747 8/31/2011 09:54:41.7681250
843 8/31/2011 09:55:16.8613750
005 8/31/2011 09:56:02.8777500
533 8/31/2011 09:56:28.9402500
519 8/31/2011 09:57:23.7998750
574 8/31/2011 09:57:43.1905000
373 8/31/2011 09:58:15.8308750
346 8/31/2011 09:59:43.6286250
347 8/31/2011 10:00:33.6755000
348 8/31/2011 10:01:15.5196250
349 8/31/2011 10:01:38.1758750
350 8/31/2011 10:01:55.7264743
351 8/31/2011 10:02:41.9222536
352 8/31/2011 10:03:13.0050000
353 8/31/2011 10:04:08.7113617
338 8/31/2011 10:05:14.2905187
339 8/31/2011 10:05:52.3381287
342 8/31/2011 10:06:43.1626611
550 8/31/2011 10:07:23.6369027
528 8/31/2011 10:08:02.8126010
627 8/31/2011 10:08:45.4088044
604 8/31/2011 10:09:21.7071254
880 8/31/2011 10:10:01.5520618
881 8/31/2011 10:10:25.7086210
948 8/31/2011 10:10:46.0995070
995 8/31/2011 10:11:39.7720690
355 8/31/2011 10:12:10.9598221
356 8/31/2011 10:12:41.5381428
359 8/31/2011 10:13:30.7574806
360 8/31/2011 10:14:02.4921699
361 8/31/2011 10:14:45.6955714
362 8/31/2011 10:15:46.9455870
363 8/31/2011 10:16:11.8987120
365 8/31/2011 10:16:54.1643370
368 8/31/2011 10:18:11.1957346
344 8/31/2011 10:18:31.8052415
335 8/31/2011 10:19:30.5243673
336 8/31/2011 10:20:12.9621389
340 8/31/2011 10:20:43.8998369
341 8/31/2011 10:21:10.4312567
640 8/31/2011 10:22:13.7129117
558 8/31/2011 10:22:48.8068820
172 8/31/2011 10:23:39.2600070
687 8/31/2011 10:24:43.8068820
688 8/31/2011 10:25:32.7290424
689 8/31/2011 10:26:14.7449363
879 8/31/2011 10:26:47.2138941
343 8/31/2011 10:27:44.3392597
354 8/31/2011 10:28:23.8705340
364 8/31/2011 10:29:01.2612430
405 8/31/2011 10:29:40.7927460
406 8/31/2011 10:30:43.1681452
407 8/31/2011 10:31:22.5590223
408 8/31/2011 10:32:12.2779360
410 8/31/2011 10:33:00.0905125
412 8/31/2011 10:33:30.2469555
413 8/31/2011 10:34:26.1379382
414 8/31/2011 10:34:57.7943290
415 8/31/2011 10:35:23.4505790
416 8/31/2011 10:36:10.5287040
417 8/31/2011 10:36:44.9818290
418 8/31/2011 10:37:12.9507378
618 8/31/2011 10:38:35.8575184
619 8/31/2011 10:39:17.9361034
108 8/31/2011 10:39:50.3427541
845 8/31/2011 10:40:36.8118015
748 8/31/2011 10:41:27.4996259
878 8/31/2011 10:42:19.4372580
954 8/31/2011 10:42:54.4060080
419 8/31/2011 10:43:19.2966330
420 8/31/2011 10:44:30.5318219
421 8/31/2011 10:45:03.5634100
409 8/31/2011 10:45:49.5799734
427 8/31/2011 10:46:17.2073718
428 8/31/2011 10:46:44.4282550
429 8/31/2011 10:47:40.9536250
430 8/31/2011 10:48:01.5941250
423 8/31/2011 10:48:14.8285000
424 8/31/2011 10:48:38.0003750
425 8/31/2011 10:49:24.3916250
439 8/31/2011 10:49:55.9236250
440 8/31/2011 10:50:19.4392500
441 8/31/2011 10:51:41.1887500
431 8/31/2011 10:52:39.7680000
432 8/31/2011 10:53:15.7986250
433 8/31/2011 10:53:59.5806250
434 8/31/2011 10:54:40.0806250
435 8/31/2011 10:55:13.1586250
436 8/31/2011 10:55:54.2842500
437 8/31/2011 10:56:24.7217500
620 8/31/2011 10:56:56.3311250
718 8/31/2011 10:57:14.5498750
719 8/31/2011 10:57:26.9248750
868 8/31/2011 10:57:57.8161250
846 8/31/2011 10:58:31.2380000
750 8/31/2011 10:59:38.5823750
105 8/31/2011 11:00:08.5042500
018 8/31/2011 11:00:36.9261250
037 8/31/2011 11:01:47.6291250
040 8/31/2011 11:03:46.2233750
029 8/31/2011 11:04:46.0826250
030 8/31/2011 11:05:19.5902500
032 8/31/2011 11:05:58.0827500
033 8/31/2011 11:06:25.5515000
034 8/31/2011 11:06:56.7552500
035 8/31/2011 11:07:33.0052500
022 8/31/2011 11:07:56.3173750
023 8/31/2011 11:09:15.2710000
024 8/31/2011 11:09:40.3335000
025 8/31/2011 11:10:10.3965000
026 8/31/2011 11:10:43.3965000
027 8/31/2011 11:11:17.3806250
028 8/31/2011 11:13:08.3662500
019 8/31/2011 11:13:28.2568750
020 8/31/2011 11:13:58.9862500
078 8/31/2011 11:15:03.5862500
526 8/31/2011 11:15:24.0862500
512 8/31/2011 11:15:59.1833750
749 8/31/2011 11:16:44.9802500
867 8/31/2011 11:17:19.3203750
508 8/31/2011 11:17:56.9305000
616 8/31/2011 11:19:25.0090000
633 8/31/2011 11:20:01.9931250
045 8/31/2011 11:20:27.8368750
046 8/31/2011 11:20:47.7431250
047 8/31/2011 11:21:22.6495000
048 8/31/2011 11:21:56.5098750
049 8/31/2011 11:22:35.0255000
050 8/31/2011 11:22:56.9946250
054 8/31/2011 11:23:27.9946250
042 8/31/2011 11:23:58.6973750
052 8/31/2011 11:24:22.3067500
325 8/31/2011 11:25:04.1980000
053 8/31/2011 11:26:01.3073750
043 8/31/2011 11:26:26.8698750
055 8/31/2011 11:27:03.7611250
051 8/31/2011 11:27:57.1518750
041 8/31/2011 11:28:21.9331250
038 8/31/2011 11:28:55.8555000
532 8/31/2011 11:29:22.0117500
866 8/31/2011 11:29:47.7617500
722 8/31/2011 11:30:57.1990000
864 8/31/2011 11:32:08.0433750
865 8/31/2011 11:32:52.3720000
721 8/31/2011 11:33:22.6845000
571 8/31/2011 11:34:03.2315000
547 8/31/2011 11:34:23.2471250
644 8/31/2011 11:35:03.5595000
578 8/31/2011 11:35:30.6220000
591 8/31/2011 11:36:13.9510000
067 8/31/2011 11:36:57.1852500
068 8/31/2011 11:37:34.6227500
069 8/31/2011 11:38:00.3438750
065 8/31/2011 11:39:10.5597500
260 8/31/2011 11:39:45.0597500
240 8/31/2011 11:40:10.6696250
070 8/31/2011 11:40:43.2008750
071 8/31/2011 11:41:26.9360000
072 8/31/2011 11:42:21.6232500
073 8/31/2011 11:43:03.1548750
056 8/31/2011 11:43:41.3736250
064 8/31/2011 11:44:23.9851250
087 8/31/2011 11:45:05.8190000
585 8/31/2011 11:45:44.6315000
511 8/31/2011 11:46:05.6001250
699 8/31/2011 11:46:24.1470000
936 8/31/2011 11:46:57.0691250
943 8/31/2011 11:47:32.7253750
088 8/31/2011 11:48:37.8353750
089 8/31/2011 11:49:34.6798750
090 8/31/2011 11:50:08.2887500
092 8/31/2011 11:51:00.5390000
093 8/31/2011 11:51:38.1952500
094 8/31/2011 11:52:15.0711250
080 8/31/2011 11:53:05.4622500
081 8/31/2011 11:53:51.2277500
082 8/31/2011 11:54:17.9465000
084 8/31/2011 11:54:57.0408750
085 8/31/2011 11:55:47.9002500
086 8/31/2011 11:56:39.6968750
083 8/31/2011 11:57:21.0566250
095 8/31/2011 11:58:12.0102500
074 8/31/2011 11:59:00.0415000
075 8/31/2011 11:59:27.2602500
076 8/31/2011 12:00:03.9172500
573 8/31/2011 12:00:37.3860000
937 8/31/2011 12:01:34.7761250
938 8/31/2011 12:02:21.6021250
728 8/31/2011 12:02:47.2427500
656 8/31/2011 12:03:36.6097500
869 8/31/2011 12:04:13.1626250
944 8/31/2011 12:05:04.6010000
945 8/31/2011 12:05:42.1635000
997 8/31/2011 12:06:26.9917500
058 8/31/2011 12:06:43.6323750
059 8/31/2011 12:07:29.3726250
060 8/31/2011 12:08:01.3981250
061 8/31/2011 12:08:30.8200000
062 8/31/2011 12:09:10.1171250
063 8/31/2011 12:09:45.3358750
120 8/31/2011 12:10:28.0086250
121 8/31/2011 12:11:00.7271250
122 8/31/2011 12:11:33.9458750
123 8/31/2011 12:12:05.2901250
124 8/31/2011 12:12:25.4932500
125 8/31/2011 12:13:02.3016250
126 8/31/2011 12:13:48.3953750
128 8/31/2011 12:14:27.8308750
129 8/31/2011 12:14:53.0447500
130 8/31/2011 12:15:14.1228750
575 8/31/2011 12:15:40.8103750
555 8/31/2011 12:16:08.3937500
839 8/31/2011 12:16:30.2218750
835 8/31/2011 12:17:09.7643750
666 8/31/2011 12:17:30.9206250
702 8/31/2011 12:18:31.2501250
947 8/31/2011 12:19:11.0470000
549 8/31/2011 12:19:36.2887500
566 8/31/2011 12:20:01.0856250
567 8/31/2011 12:20:33.9008600
106 8/31/2011 12:20:54.7556450
103 8/31/2011 12:21:50.8217488
104 8/31/2011 12:22:07.0346216
096 8/31/2011 12:22:27.3100978
097 8/31/2011 12:22:44.4246193
098 8/31/2011 12:23:09.1508047
099 8/31/2011 12:23:29.4211330
100 8/31/2011 12:24:07.4897230
101 8/31/2011 12:24:31.2582505
017 8/31/2011 12:25:05.6986157
109 8/31/2011 12:25:31.2627175
112 8/31/2011 12:25:55.1386343
115 8/31/2011 12:26:19.7177009
117 8/31/2011 12:26:48.5778147
118 8/31/2011 12:27:05.8126309
119 8/31/2011 12:27:33.5943224
953 8/31/2011 12:27:56.7194704
670 8/31/2011 12:28:12.3914457
834 8/31/2011 12:28:37.5635971
876 8/31/2011 12:29:18.7359991
836 8/31/2011 12:29:37.6267502
837 8/31/2011 12:30:02.9550373
838 8/31/2011 12:30:31.5739772
116 8/31/2011 12:31:00.0495005
113 8/31/2011 12:31:21.7531987
114 8/31/2011 12:31:53.1560786
110 8/31/2011 12:32:21.9012215
111 8/31/2011 12:32:55.7829423
107 8/31/2011 12:33:24.8819885
559 8/31/2011 12:33:48.0876380
515 8/31/2011 12:34:09.2461898
527 8/31/2011 12:34:44.1704477
602 8/31/2011 12:35:17.4221501
624 8/31/2011 12:35:48.7669445
136 8/31/2011 12:36:20.9554481
298 8/31/2011 12:36:42.5650997
299 8/31/2011 12:37:18.3468077
300 8/31/2011 12:37:55.3629065
301 8/31/2011 12:38:15.2381609
303 8/31/2011 12:38:34.6446593
306 8/31/2011 12:39:07.2388265
308 8/31/2011 12:39:37.2390975
309 8/31/2011 12:40:13.0049514
302 8/31/2011 12:40:57.7862435
326 8/31/2011 12:41:26.8956185
327 8/31/2011 12:42:14.3174935
328 8/31/2011 12:42:26.6299935
329 8/31/2011 12:42:43.9737435
333 8/31/2011 12:43:11.9893685
334 8/31/2011 12:43:37.6457341
127 8/31/2011 12:44:14.6147207
540 8/31/2011 12:44:36.3023595
541 8/31/2011 12:45:00.4431390
893 8/31/2011 12:45:28.3027481
894 8/31/2011 12:45:55.6624733
892 8/31/2011 12:46:15.4596017
661 8/31/2011 12:46:28.2253348
701 8/31/2011 12:46:39.7097833
426 8/31/2011 12:47:07.4130856
315 8/31/2011 12:48:02.3975385
316 8/31/2011 12:48:17.6787885
319 8/31/2011 12:48:34.3194135
320 8/31/2011 12:48:49.6631635
321 8/31/2011 12:49:02.7725385
322 8/31/2011 12:49:14.3506635
323 8/31/2011 12:49:33.4287885
307 8/31/2011 12:50:01.0694135
311 8/31/2011 12:50:22.2569306
312 8/31/2011 12:50:35.5851409
286 8/31/2011 12:51:03.2103177
313 8/31/2011 12:51:41.4136872
314 8/31/2011 12:52:06.9763508
310 8/31/2011 12:52:43.1953326
317 8/31/2011 12:53:10.9611353
148 8/31/2011 12:53:37.2268155
517 8/31/2011 12:54:07.2580655
590 8/31/2011 12:54:41.8363329
709 8/31/2011 12:55:03.7427231
671 8/31/2011 12:55:25.3678615
890 8/31/2011 12:55:56.5868113
891 8/31/2011 12:56:31.7589114
860 8/31/2011 12:57:07.8841426
324 8/31/2011 12:57:37.6498425
332 8/31/2011 12:58:13.2592175
330 8/31/2011 12:58:52.1813011
271 8/31/2011 12:59:18.2439679
608 8/31/2011 12:59:35.4315779
622 8/31/2011 12:59:53.6660696
570 8/31/2011 13:00:12.1661880
565 8/31/2011 13:00:41.9162355
545 8/31/2011 13:01:02.6506105
553 8/31/2011 13:01:32.2131913
442 8/31/2011 13:02:31.1510685
443 8/31/2011 13:03:20.7138857
438 8/31/2011 13:03:55.3391073
445 8/31/2011 13:04:50.5430161
447 8/31/2011 13:05:30.5596187
448 8/31/2011 13:06:01.8410689
449 8/31/2011 13:06:29.4349871
450 8/31/2011 13:07:03.7943621
854 8/31/2011 13:07:33.2006121
991 8/31/2011 13:07:55.9662371
884 8/31/2011 13:08:39.2164651
451 8/31/2011 13:09:11.4672907
452 8/31/2011 13:09:39.8582500
459 8/31/2011 13:10:07.9832500
460 8/31/2011 13:10:43.4421250
461 8/31/2011 13:11:11.9733750
462 8/31/2011 13:11:39.3921250
463 8/31/2011 13:12:02.0483750
464 8/31/2011 13:12:23.7827500
455 8/31/2011 13:12:43.0797846
457 8/31/2011 13:12:56.3768298
564 8/31/2011 13:13:23.0802966
630 8/31/2011 13:13:46.9395000
606 8/31/2011 13:14:03.2520000
612 8/31/2011 13:14:40.8614405
610 8/31/2011 13:14:54.5490281
611 8/31/2011 13:15:48.0270000
548 8/31/2011 13:16:15.3238750
524 8/31/2011 13:16:35.3395000
458 8/31/2011 13:17:09.8631250
479 8/31/2011 13:17:34.4881250
453 8/31/2011 13:17:56.2068750
454 8/31/2011 13:18:20.1756250
233 8/31/2011 13:18:51.8163750
885 8/31/2011 13:19:30.7382500
886 8/31/2011 13:24:37.2707515
887 8/31/2011 13:24:57.0833783
888 8/31/2011 13:25:22.0054128
663 8/31/2011 13:25:43.2399634
001 8/31/2011 13:26:11.9903314
207 8/31/2011 13:26:52.8030000
208 8/31/2011 13:27:27.0686250
209 8/31/2011 13:27:52.9466944
210 8/31/2011 13:28:16.4900114
212 8/31/2011 13:28:58.3036250
214 8/31/2011 13:29:21.1005000
215 8/31/2011 13:29:49.0005099
216 8/31/2011 13:30:00.5095627
217 8/31/2011 13:30:22.7927152
218 8/31/2011 13:31:01.3040000
645 8/31/2011 13:31:40.1952500
650 8/31/2011 13:32:37.8046297
651 8/31/2011 13:33:01.9297841
674 8/31/2011 13:33:24.9299313
675 8/31/2011 13:34:04.4458750
949 8/31/2011 13:34:54.4928615
996 8/31/2011 13:35:49.2898750
874 8/31/2011 13:36:12.4617500
579 8/31/2011 13:36:30.3367500
201 8/31/2011 13:37:17.5088838
202 8/31/2011 13:37:55.0558750
203 8/31/2011 13:40:38.4164106
204 8/31/2011 13:41:08.4634779
205 8/31/2011 13:42:01.5567500
193 8/31/2011 13:42:29.9317500
194 8/31/2011 13:42:47.0411887
195 8/31/2011 13:43:57.6205000
196 8/31/2011 13:44:31.0736250
197 8/31/2011 13:44:56.1828750
198 8/31/2011 13:45:24.4172500
199 8/31/2011 13:46:05.9740490
191 8/31/2011 13:46:30.8007230
221 8/31/2011 13:46:57.3237500
222 8/31/2011 13:47:18.9643750
223 8/31/2011 13:47:53.5426052
224 8/31/2011 13:48:48.8554592
225 8/31/2011 13:49:08.4180844
226 8/31/2011 13:49:52.6216250
227 8/31/2011 13:50:19.9185000
228 8/31/2011 13:50:41.9341559
229 8/31/2011 13:51:06.4968131
230 8/31/2011 13:51:29.4813352
206 8/31/2011 13:52:19.7005000
219 8/31/2011 13:52:53.4974799
634 8/31/2011 13:53:30.0445888
872 8/31/2011 13:53:58.8727590
698 8/31/2011 13:54:45.1385000
993 8/31/2011 13:55:20.2322500
844 8/31/2011 13:55:47.8260686
851 8/31/2011 13:56:28.9825820
007 8/31/2011 13:57:03.4826250
012 8/31/2011 13:57:36.4357500
013 8/31/2011 13:58:06.7583230
014 8/31/2011 13:58:30.7926454
006 8/31/2011 13:59:47.4195999
008 8/31/2011 14:00:26.5062090
009 8/31/2011 14:01:01.7338750
010 8/31/2011 14:01:37.3588776
011 8/31/2011 14:03:05.1723223
015 8/31/2011 14:04:00.2820500
016 8/31/2011 14:04:20.1728023
369 8/31/2011 14:04:52.9697500
946 8/31/2011 14:05:24.5791250
738 8/31/2011 14:06:07.6416250
870 8/31/2011 14:06:54.9386138
705 8/31/2011 14:07:25.2825580
614 8/31/2011 14:07:59.0795000
609 8/31/2011 14:09:13.7516092
597 8/31/2011 14:09:39.8301250
176 8/31/2011 14:09:57.5332500
177 8/31/2011 14:10:20.7363750
178 8/31/2011 14:11:30.7212516
163 8/31/2011 14:11:53.0458268
180 8/31/2011 14:12:13.3973132
181 8/31/2011 14:13:07.5778998
182 8/31/2011 14:13:52.9091250
183 8/31/2011 14:14:28.7528750
184 8/31/2011 14:14:55.9705200
185 8/31/2011 14:15:35.3291007
186 8/31/2011 14:16:08.5035000
188 8/31/2011 14:16:33.5660000
189 8/31/2011 14:17:08.2981250
190 8/31/2011 14:17:51.3480470
636 8/31/2011 14:18:25.3917174
751 8/31/2011 14:19:04.6758750
737 8/31/2011 14:19:19.7071250
685 8/31/2011 14:19:31.3008750
994 8/31/2011 14:19:52.7101717
987 8/31/2011 14:20:08.8156884
601 8/31/2011 14:20:37.4041567
580 8/31/2011 14:20:59.8971250
318 8/31/2011 14:21:22.9752500
164 8/31/2011 14:21:47.3346250
179 8/31/2011 14:22:15.8805000
173 8/31/2011 14:22:40.5836250
174 8/31/2011 14:23:00.4273750
165 8/31/2011 14:23:31.2242500
167 8/31/2011 14:24:25.3023750
168 8/31/2011 14:25:30.9095000
171 8/31/2011 14:26:01.6309410
603 8/31/2011 14:26:28.2454250
504 8/31/2011 14:26:51.9712500
374 8/31/2011 14:27:19.8775000
686 8/31/2011 14:27:41.0181250
669 8/31/2011 14:28:04.5086250
707 8/31/2011 14:28:31.0711250
736 8/31/2011 14:29:04.6392830
706 8/31/2011 14:29:28.9890766
999 8/31/2011 14:30:14.7280000
337 8/31/2011 14:30:42.3686250
505 8/31/2011 14:31:06.3531197
635 8/31/2011 14:31:37.6033197
169 8/31/2011 14:32:03.9622500
170 8/31/2011 14:32:26.5091250
166 8/31/2011 14:32:47.4935000
149 8/31/2011 14:33:20.7958750
151 8/31/2011 14:33:51.4677986
152 8/31/2011 14:34:36.9840062
155 8/31/2011 14:35:04.0311227
156 8/31/2011 14:35:20.2656016
157 8/31/2011 14:35:38.6563443
158 8/31/2011 14:35:57.4376250
159 8/31/2011 14:37:11.8438750
145 8/31/2011 14:37:42.2501250
147 8/31/2011 14:38:10.6877500
595 8/31/2011 14:38:53.0010000
539 8/31/2011 14:39:14.6416250
678 8/31/2011 14:39:52.0851250
853 8/31/2011 14:40:20.1007500
657 8/31/2011 14:40:48.4959822
716 8/31/2011 14:41:17.2518702
529 8/31/2011 14:41:53.4241504
530 8/31/2011 14:43:16.7182500
588 8/31/2011 14:44:24.7881310
584 8/31/2011 14:45:37.9596250
305 8/31/2011 14:46:27.9876176
146 8/31/2011 14:47:11.8392086
144 8/31/2011 14:51:47.0147542
160 8/31/2011 14:53:39.8279164
161 8/31/2011 14:54:09.4371250
153 8/31/2011 14:54:31.4683750
154 8/31/2011 14:54:47.5152500
143 8/31/2011 14:55:22.6560983
137 8/31/2011 14:56:12.7351250
138 8/31/2011 14:56:33.4226250
139 8/31/2011 14:56:56.6460326
140 8/31/2011 14:57:10.4345150
133 8/31/2011 14:57:49.6264714
021 8/31/2011 14:58:43.9691998
613 8/31/2011 14:59:03.0503014
637 8/31/2011 14:59:10.6762774
638 8/31/2011 14:59:33.7729834
518 8/31/2011 14:59:57.5764606
717 8/31/2011 15:00:15.3400337
708 8/31/2011 15:00:39.8534499
680 8/31/2011 15:01:04.3146250
681 8/31/2011 15:01:29.3302500
734 8/31/2011 15:01:54.6740000
741 8/31/2011 15:02:22.1271250
871 8/31/2011 15:02:38.3146250
950 8/31/2011 15:03:01.7521250
952 8/31/2011 15:03:15.8771250
951 8/31/2011 15:03:57.1742500
761 8/31/2011 15:04:33.9555000
682 8/31/2011 15:04:50.6117680
690 8/31/2011 15:05:00.0962037
659 8/31/2011 15:05:17.4400647
714 8/31/2011 15:05:33.8776699
715 8/31/2011 15:05:43.7996084
642 8/31/2011 15:06:02.5192500
345 8/31/2011 15:06:32.1286250
134 8/31/2011 15:07:00.4468012
135 8/31/2011 15:07:37.7267164
131 8/31/2011 15:07:55.1127500
132 8/31/2011 15:08:29.3627500
141 8/31/2011 15:08:59.6917500
142 8/31/2011 15:09:44.4886250
477 8/31/2011 15:10:16.1056020
478 8/31/2011 15:11:11.5201250
469 8/31/2011 15:11:50.8482500
470 8/31/2011 15:12:25.8170000
472 8/31/2011 15:13:02.2233422
473 8/31/2011 15:13:41.0048404
497 8/31/2011 15:14:06.0518757
546 8/31/2011 15:14:29.1613986
665 8/31/2011 15:15:09.0676250
691 8/31/2011 15:15:36.6770000
732 8/31/2011 15:15:59.1771454
983 8/31/2011 15:16:41.0526814
984 8/31/2011 15:17:01.7367500
840 8/31/2011 15:17:29.3617500
692 8/31/2011 15:17:59.5577500
683 8/31/2011 15:18:18.9952500
684 8/31/2011 15:18:49.8858750
483 8/31/2011 15:19:10.7140000
484 8/31/2011 15:19:31.7765000
485 8/31/2011 15:19:56.6671250
486 8/31/2011 15:20:29.0421250
476 8/31/2011 15:21:05.2566128
480 8/31/2011 15:21:41.5771824
481 8/31/2011 15:22:25.5315509
482 8/31/2011 15:23:07.6049057
475 8/31/2011 15:23:24.3264377
366 8/31/2011 15:23:35.1094817
367 8/31/2011 15:24:07.0272500
370 8/31/2011 15:24:26.7772500
371 8/31/2011 15:24:39.7928750
552 8/31/2011 15:24:54.8241695
649 8/31/2011 15:25:27.8556309
694 8/31/2011 15:26:30.8872843
695 8/31/2011 15:27:01.5282500
985 8/31/2011 15:27:38.0595000
986 8/31/2011 15:28:20.1690817
733 8/31/2011 15:28:47.4036310
877 8/31/2011 15:29:08.4513750
551 8/31/2011 15:29:36.7951250
581 8/31/2011 15:29:49.4993108
536 8/31/2011 15:30:06.2133396
474 8/31/2011 15:30:18.0960916
465 8/31/2011 15:30:31.4172820
466 8/31/2011 15:30:57.7332500
467 8/31/2011 15:31:29.3426250
882 8/31/2011 15:31:55.5018457
664 8/31/2011 15:32:36.1114435
982 8/31/2011 15:32:54.2488750
729 8/31/2011 15:33:22.4207500
745 8/31/2011 15:34:08.3426250
522 8/31/2011 15:34:29.0301250
543 8/31/2011 15:34:43.9832500
102 8/31/2011 15:34:53.2238810
293 8/31/2011 15:35:04.4714856
259 8/31/2011 15:35:41.7809946
262 8/31/2011 15:36:09.0468750
267 8/31/2011 15:36:34.1093750
269 8/31/2011 15:36:48.6250045
273 8/31/2011 15:36:59.7657008
274 8/31/2011 15:37:17.9689423
275 8/31/2011 15:37:43.7034820
266 8/31/2011 15:38:18.7818750
263 8/31/2011 15:38:51.5318981
261 8/31/2011 15:39:03.0319717
255 8/31/2011 15:39:29.1883891
256 8/31/2011 15:40:02.8761047
257 8/31/2011 15:40:44.8451233
258 8/31/2011 15:41:18.6420180
563 8/31/2011 15:41:46.1107680
766 8/31/2011 15:42:13.4542500
676 8/31/2011 15:42:40.9855000
535 8/31/2011 15:42:54.8761695
514 8/31/2011 15:43:06.8606212
265 8/31/2011 15:43:25.7513671
294 8/31/2011 15:43:57.7051250
272 8/31/2011 15:44:11.3926250
277 8/31/2011 15:44:21.0488750
278 8/31/2011 15:44:37.4863750
279 8/31/2011 15:45:11.1427736
296 8/31/2011 15:45:31.6429048
297 8/31/2011 15:45:49.5023840
253 8/31/2011 15:46:05.1430090
241 8/31/2011 15:46:28.0180090
242 8/31/2011 15:46:41.9711340
243 8/31/2011 15:46:55.7213750
244 8/31/2011 15:47:05.8932500
245 8/31/2011 15:47:16.5963750
249 8/31/2011 15:47:33.6745000
247 8/31/2011 15:47:45.5182500
513 8/31/2011 15:48:10.2488086
557 8/31/2011 15:48:29.9845642
693 8/31/2011 15:48:45.8610226
660 8/31/2011 15:48:59.4239562
662 8/31/2011 15:49:13.0923426
842 8/31/2011 15:49:25.1011082
509 8/31/2011 15:49:40.3038610
510 8/31/2011 15:50:09.5037500
523 8/31/2011 15:50:25.6443750
295 8/31/2011 15:50:40.6131250
268 8/31/2011 15:50:55.1765952
276 8/31/2011 15:51:23.6022901
044 8/31/2011 15:51:36.8853251
232 8/31/2011 15:51:54.7700000
192 8/31/2011 15:52:12.4262500
234 8/31/2011 15:52:31.5981250
236 8/31/2011 15:52:44.9262500
237 8/31/2011 15:53:06.1606250
556 8/31/2011 15:53:24.0356250
544 8/31/2011 15:53:34.6762500
607 8/31/2011 15:54:06.9418750
647 8/31/2011 15:54:19.0825000
648 8/31/2011 15:54:39.9887500
743 8/31/2011 15:55:05.4107500
704 8/31/2011 15:55:16.9576250
873 8/31/2011 15:55:36.4420000
998 8/31/2011 15:55:55.9180144
646 8/31/2011 15:56:10.9161031
617 8/31/2011 15:56:48.6377965
596 8/31/2011 15:57:22.8410501
525 8/31/2011 15:57:47.9776277
534 8/31/2011 15:58:13.8178750
238 8/31/2011 15:58:34.4428750
239 8/31/2011 15:58:58.6773183
235 8/31/2011 15:59:09.3648867
231 8/31/2011 15:59:24.9118612
594 8/31/2011 15:59:42.2088469
598 8/31/2011 15:59:58.0995736
503 8/31/2011 16:00:12.5996664
700 8/31/2011 16:00:23.5841117
655 8/31/2011 16:00:31.1935354
703 8/31/2011 16:00:36.3185682
955 8/31/2011 16:00:47.8967673
939 8/31/2011 16:01:01.7876250
372 8/31/2011 16:01:27.5532500
375 8/31/2011 16:01:42.1626250
376 8/31/2011 16:02:30.7910188
377 8/31/2011 16:03:24.1137976
378 8/31/2011 16:03:46.8615586
379 8/31/2011 16:04:31.8353750
380 8/31/2011 16:04:50.4760154
381 8/31/2011 16:05:05.6792377
422 8/31/2011 16:05:19.8355783
605 8/31/2011 16:05:46.7420005
641 8/31/2011 16:06:05.4297500
213 8/31/2011 16:06:21.2110000
200 8/31/2011 16:06:32.5860000
175 8/31/2011 16:06:44.9610000
625 8/31/2011 16:07:02.1330000
600 8/31/2011 16:07:14.0705000
561 8/31/2011 16:07:24.7423750
382 8/31/2011 16:07:38.1642500
397 8/31/2011 16:07:58.4003750
398 8/31/2011 16:08:11.9003750
399 8/31/2011 16:08:22.7753750
400 8/31/2011 16:08:41.5253750
401 8/31/2011 16:09:07.8056250
402 8/31/2011 16:09:27.6337500
403 8/31/2011 16:09:39.1181250
404 8/31/2011 16:09:50.3525144
393 8/31/2011 16:10:04.4463546
444 8/31/2011 16:10:24.0871053
667 8/31/2011 16:10:31.0871501
863 8/31/2011 16:10:43.5091046
883 8/31/2011 16:11:01.6655000
889 8/31/2011 16:11:11.4467500
841 8/31/2011 16:11:36.9467500
956 8/31/2011 16:12:03.5405000
383 8/31/2011 16:12:24.2748750
385 8/31/2011 16:12:38.0717500
386 8/31/2011 16:12:56.3686250
388 8/31/2011 16:13:09.2592500
389 8/31/2011 16:13:19.2748750
390 8/31/2011 16:13:45.0873750
538 8/31/2011 16:14:07.6500001
626 8/31/2011 16:14:30.5251465
629 8/31/2011 16:14:47.6815063
220 8/31/2011 16:15:27.1351250
331 8/31/2011 16:15:41.6820000
187 8/31/2011 16:15:53.3695674
621 8/31/2011 16:16:10.9947930
507 8/31/2011 16:16:25.0730982
560 8/31/2011 16:16:52.4171706
569 8/31/2011 16:17:52.8550574
572 8/31/2011 16:18:38.8555000
391 8/31/2011 16:18:49.5898750
392 8/31/2011 16:18:58.8874701
384 8/31/2011 16:19:12.9360532
394 8/31/2011 16:19:28.7348491
562 8/31/2011 16:19:47.4871291
568 8/31/2011 16:20:14.7366843
632 8/31/2011 16:20:42.8133717
623 8/31/2011 16:21:13.1678750
652 8/31/2011 16:21:19.9335000
653 8/31/2011 16:21:27.6053750
003 8/31/2011 16:21:50.7147500
004 8/31/2011 16:22:11.0117403
833 8/31/2011 16:22:35.1212696
862 8/31/2011 16:22:50.9026206
658 8/31/2011 16:23:08.1211250
957 8/31/2011 16:23:29.6992500
589 8/31/2011 16:23:48.9023750
521 8/31/2011 16:24:20.7933750
531 8/31/2011 16:24:44.4496250
501 8/31/2011 16:25:05.0122019
502 8/31/2011 16:25:23.6060709
487 8/31/2011 16:25:39.9030502
489 8/31/2011 16:25:53.3094680
490 8/31/2011 16:26:16.1593584
491 8/31/2011 16:26:37.2118908
488 8/31/2011 16:26:55.2008039
500 8/31/2011 16:27:13.9533239
494 8/31/2011 16:27:40.3162416
495 8/31/2011 16:28:17.0131250
496 8/31/2011 16:28:39.0912500
506 8/31/2011 16:28:57.4350283
554 8/31/2011 16:29:15.2788925
586 8/31/2011 16:29:35.4352715
587 8/31/2011 16:29:54.1385162
599 8/31/2011 16:30:12.7792605
615 8/31/2011 16:30:36.9981655
942 8/31/2011 16:30:52.7795165
940 8/31/2011 16:31:08.5296173
992 8/31/2011 16:31:21.8265774
735 8/31/2011 16:31:35.5141650
542 8/31/2011 16:31:50.7642626
498 8/31/2011 16:32:12.4211250
499 8/31/2011 16:32:37.2961250
493 8/31/2011 16:32:58.5774105
Insert Area--<none> 8/31/2011 16:32:58.7961619
Insert Area--ANAKROM-REGION-AREA1 8/31/2011 16:32:58.9524129
Insert Area--ANAKROM-REGION-AREA2 8/31/2011 16:32:59.0930388
Insert Area--ANAKROM-REGION-AREA3 8/31/2011 16:32:59.2336647
Insert Area--ANAKROM-REGION-AREA4 8/31/2011 16:32:59.3742906
Insert Area--CAGAYAN-REGION-AREA1 8/31/2011 16:32:59.5149165
Insert Area--CAGAYAN-REGION-AREA1 8/31/2011 16:32:59.6555424
Insert Area--CAGAYAN-REGION-AREA2 8/31/2011 16:32:59.7805432
Insert Area--CAGAYAN-REGION-AREA3 8/31/2011 16:32:59.9211691
Insert Area--CAGAYAN-REGION-AREA4 8/31/2011 16:33:00.0617950
Insert Area--CAGAYAN-REGION-AREA5 8/31/2011 16:33:00.1867958
Insert Area--CARAGA-REGION-AREA1 8/31/2011 16:33:00.3274217
Insert Area--CARAGA-REGION-AREA2 8/31/2011 16:33:00.4680476
Insert Area--CARAGA-REGION-AREA3 8/31/2011 16:33:00.6086735
Insert Area--Cebu Central A 8/31/2011 16:33:00.7492994
Insert Area--Cebu Central B 8/31/2011 16:33:00.8899253
Insert Area--Cebu Central C 8/31/2011 16:33:01.0461763
Insert Area--Cebu Central D 8/31/2011 16:33:01.1711771
Insert Area--Cebu North A 8/31/2011 16:33:01.3118030
Insert Area--Cebu North A 8/31/2011 16:33:01.4524289
Insert Area--Cebu North B 8/31/2011 16:33:01.5774297
Insert Area--Cebu North C 8/31/2011 16:33:01.7180556
Insert Area--Cebu North D 8/31/2011 16:33:01.8430564
Insert Area--Cebu North E 8/31/2011 16:33:01.9680572
Insert Area--Cebu South A 8/31/2011 16:33:02.1086831
Insert Area--Cebu South B 8/31/2011 16:33:02.2336839
Insert Area--Cebu South C 8/31/2011 16:33:02.3586847
Insert Area--CEBU SOUTH D 8/31/2011 16:33:02.4836855
Insert Area--DAVA0-MINDANAO-REGION-AREA1 8/31/2011 16:33:02.6086863
Insert Area--DAVA0-MINDANAO-REGION-AREA2 8/31/2011 16:33:02.7336871
Insert Area--DAVA0-MINDANAO-REGION-AREA3 8/31/2011 16:33:02.8586879
Insert Area--DAVA0-MINDANAO-REGION-AREA3 8/31/2011 16:33:02.9836887
Insert Area--DAVA0-MINDANAO-REGION-AREA4 8/31/2011 16:33:03.1086895
Insert Area--DAVA0-MINDANAO-REGION-AREA5 8/31/2011 16:33:03.2336903
Insert Area--DIPOLOG-MINDANAO-REGION-AREA1 8/31/2011 16:33:03.3586911
Insert Area--DIPOLOG-MINDANAO-REGION-AREA2 8/31/2011 16:33:03.4836919
Insert Area--DIPOLOG-MINDANAO-REGION-AREA3 8/31/2011 16:33:03.6243178
Insert Area--HO 8/31/2011 16:33:03.7493186
Insert Area--LEYTE-REGION-AREA1 8/31/2011 16:33:03.8743194
Insert Area--LEYTE-REGION-AREA2 8/31/2011 16:33:04.0149453
Insert Area--LEYTE-REGION-AREA2 8/31/2011 16:33:04.1555712
Insert Area--LEYTE-REGION-AREA3 8/31/2011 16:33:04.2805720
Insert Area--LUZON-SHOWROOMS 8/31/2011 16:33:04.4055728
Insert Area--MINDANAO-SHOWROOMS 8/31/2011 16:33:04.5305736
Insert Area--NCR-SHOWROOMS 8/31/2011 16:33:04.6711995
Insert Area--NEGROS-OCC-REGION-AREA1 8/31/2011 16:33:04.7962003
Insert Area--NEGROS-OCC-REGION-AREA2 8/31/2011 16:33:04.9368262
Insert Area--NEGROS-OCC-REGION-AREA3 8/31/2011 16:33:05.0774521
Insert Area--NEGROS-OCC-REGION-AREA4 8/31/2011 16:33:05.2024529
Insert Area--NEGROS-OCC-REGION-AREA5 8/31/2011 16:33:05.3430788
Insert Area--NEGROS-ORIENTAL-REGION-AREA1 8/31/2011 16:33:05.4680796
Insert Area--NEGROS-ORIENTAL-REGION-AREA2 8/31/2011 16:33:05.6087055
Insert Area--NEGROS-ORIENTAL-REGION-AREA3 8/31/2011 16:33:05.7493314
Insert Area--NEGROS-ORIENTAL-REGION-AREA4 8/31/2011 16:33:05.8743322
Insert Area--OZAMIS-MINDANAO-REGION-AREA1 8/31/2011 16:33:06.0149581
Insert Area--OZAMIS-MINDANAO-REGION-AREA2 8/31/2011 16:33:06.1399589
Insert Area--OZAMIS-MINDANAO-REGION-AREA3 8/31/2011 16:33:06.2649597
Insert Area--OZAMIS-MINDANAO-REGION-AREA4 8/31/2011 16:33:06.4055856
Insert Area--OZAMIS-MINDANAO-REGION-AREA5 8/31/2011 16:33:06.5462115
Insert Area--PANAY-ROMBLON-REGION-AREA1 8/31/2011 16:33:06.6868374
Insert Area--PANAY-ROMBLON-REGION-AREA2 8/31/2011 16:33:06.8118382
Insert Area--PANAY-ROMBLON-REGION-AREA3 8/31/2011 16:33:06.9524641
Insert Area--PANAY-ROMBLON-REGION-AREA4 8/31/2011 16:33:07.0930900
Insert Area--PANAY-ROMBLON-REGION-AREA5 8/31/2011 16:33:07.2180908
Insert Area--SAMAR-REGION-AREA1 8/31/2011 16:33:07.3587167
Insert Area--SAMAR-REGION-AREA2 8/31/2011 16:33:07.4993426
Insert Area--SAMAR-REGION-AREA3 8/31/2011 16:33:07.6243434
Insert Area--SOCSKSARGEN-MINDANAO-AREA1 8/31/2011 16:33:07.7649693
Insert Area--SOCSKSARGEN-MINDANAO-AREA1 8/31/2011 16:33:07.8899701
Insert Area--SOCSKSARGEN-MINDANAO-AREA2 8/31/2011 16:33:08.0305960
Insert Area--SOCSKSARGEN-MINDANAO-AREA3 8/31/2011 16:33:08.1555968
Insert Area--SOCSKSARGEN-MINDANAO-AREA4 8/31/2011 16:33:08.3118478
Insert Area--VISAYAS-SHOWROOMS 8/31/2011 16:33:08.4368486
Insert Area--ZAMBASTA-MINDANAO-AREA1 8/31/2011 16:33:08.5774745
Insert Area--ZAMBASTA-MINDANAO-AREA2 8/31/2011 16:33:08.7181004
Insert Area--ZAMBASTA-MINDANAO-AREA3 8/31/2011 16:33:08.8587263
Insert region--ANAKROM-REGION 8/31/2011 16:33:09.0149773
Insert region--CAGAYAN-REGION 8/31/2011 16:33:09.1243530
Insert region--CARAGA-REGION 8/31/2011 16:33:09.2181036
Insert region--Cebu Central 8/31/2011 16:33:09.3274793
Insert region--Cebu North 8/31/2011 16:33:09.4368550
Insert region--Cebu South 8/31/2011 16:33:09.5306056
Insert region--DAVA0-MINDANAO-REGION 8/31/2011 16:33:09.6399813
Insert region--DIPOLOG-MINDANAO-REGION 8/31/2011 16:33:09.7493570
Insert region--HO 8/31/2011 16:33:09.8431076
Insert region--LA-SHOWROOMS 8/31/2011 16:33:09.9524833
Insert region--LEYTE-REGION 8/31/2011 16:33:10.0462339
Insert region--LUZON/NCR-SHOWROOMS 8/31/2011 16:33:10.1556096
Insert region--NEGROS-OCC-REGION 8/31/2011 16:33:10.2493602
Insert region--NEGROS-ORIENTAL-REGION 8/31/2011 16:33:10.3431108
Insert region--OZAMIS-MINDANAO-REGION 8/31/2011 16:33:10.4524865
Insert region--PANAY-ROMBLON-REGION 8/31/2011 16:33:10.5618622
Insert region--SAMAR-REGION 8/31/2011 16:33:10.6556128
Insert region--SOCSKSARGEN-MINDANAO-REGION 8/31/2011 16:33:10.7649885
Insert region--VISMIN-SHOWROOMS 8/31/2011 16:33:10.8587391
Insert region--ZAMBASTA-MINDANAO-REGION 8/31/2011 16:33:10.9681148
Insert Vismin Wide--  8/31/2011 16:33:11.0774905
Update--941 8/30/2011 16:33:49.2652349
Update--677 8/30/2011 16:34:08.0876779
Update--711 8/30/2011 16:34:26.5686025
Update--712 8/30/2011 16:34:34.8396762
Update--726 8/30/2011 16:34:46.2221746
Update--036 8/30/2011 16:35:12.5465000
Update--057 8/30/2011 16:35:34.2965000
Update--066 8/30/2011 16:35:49.6871250
Update--079 8/30/2011 16:36:10.3815008
Update--264 8/30/2011 16:36:53.6954330
Update--593 8/30/2011 16:37:14.0746058
Update--628 8/30/2011 16:37:33.5629712
Update--582 8/30/2011 16:37:43.8463268
Update--537 8/30/2011 16:38:02.9380000
Update--396 8/30/2011 16:38:23.9692500
Update--280 8/30/2011 16:38:49.4848750
Update--281 8/30/2011 16:39:19.6101250
Update--284 8/30/2011 16:39:38.6726250
Update--285 8/30/2011 16:40:01.1414782
Update--290 8/30/2011 16:40:12.0791182
Update--720 8/30/2011 16:40:37.7981974
Update--696 8/30/2011 16:41:02.3609524
Update--697 8/30/2011 16:41:20.3298174
Update--673 8/30/2011 16:41:40.2674450
Update--875 8/30/2011 16:42:07.0909582
Update--730 8/30/2011 16:42:29.6710750
Update--731 8/30/2011 16:42:54.7056082
Update--724 8/30/2011 16:43:28.3126882
Update--725 8/30/2011 16:44:19.7837500
Update--727 8/30/2011 16:44:48.0493750
Update--291 8/30/2011 16:45:10.5650000
Update--287 8/30/2011 16:45:35.6118750
Update--289 8/30/2011 16:46:07.1585000
Update--583 8/30/2011 16:46:42.6428750
Update--639 8/30/2011 16:47:06.5023358
Update--288 8/30/2011 16:47:32.6743783
Update--292 8/30/2011 16:47:46.8150938
Update--282 8/30/2011 16:48:22.2840708
Update--283 8/30/2011 16:49:04.5656648
Update--246 8/30/2011 16:49:22.5971456
Update--248 8/30/2011 16:49:43.0661576
Update--250 8/30/2011 16:50:10.3478750
Update--251 8/30/2011 16:50:34.9572500
Update--252 8/30/2011 16:50:56.5197719
Update--254 8/30/2011 16:51:25.8480846
Update--679 8/30/2011 16:51:43.0825699
Update--668 8/30/2011 16:52:06.5358750
Update--747 8/30/2011 16:52:29.9577500
Update--843 8/30/2011 16:53:00.4733750
Update--005 8/30/2011 16:53:23.3483750
Update--533 8/30/2011 16:53:55.2858890
Update--519 8/30/2011 16:54:26.1142113
Update--574 8/30/2011 16:54:57.5050372
Update--373 8/30/2011 16:55:23.7083299
Update--346 8/30/2011 16:55:47.6928584
Update--347 8/30/2011 16:56:13.0047500
Update--348 8/30/2011 16:56:24.9266250
Update--349 8/30/2011 16:56:35.0516250
Update--350 8/30/2011 16:56:51.0672500
Update--351 8/30/2011 16:57:29.1927120
Update--352 8/30/2011 16:57:51.2867448
Update--353 8/30/2011 16:58:15.3337853
Update--338 8/30/2011 16:58:43.7245920
Update--339 8/30/2011 16:59:17.5691250
Update--342 8/30/2011 16:59:44.3191250
Update--550 8/30/2011 17:00:26.4910000
Update--528 8/30/2011 17:00:50.7097500
Update--627 8/30/2011 17:01:14.0536341
Update--604 8/30/2011 17:01:36.7881546
Update--880 8/30/2011 17:02:08.4446072
Update--881 8/30/2011 17:02:35.9447832
Update--948 8/30/2011 17:03:03.9337500
Update--995 8/30/2011 17:03:34.6368750
Update--355 8/30/2011 17:03:57.7885000
Update--356 8/30/2011 17:04:25.7728750
Update--359 8/30/2011 17:05:01.1791766
Update--360 8/30/2011 17:05:39.7262983
Update--361 8/30/2011 17:06:11.5857590
Update--362 8/30/2011 17:06:29.5232590
Update--363 8/30/2011 17:06:57.4457500
Update--365 8/30/2011 17:07:07.7895000
Update--368 8/30/2011 17:07:52.9301250
Update--344 8/30/2011 17:08:46.1492144
Update--335 8/30/2011 17:09:13.1023840
Update--336 8/30/2011 17:09:47.0555090
Update--340 8/30/2011 17:10:36.0868750
Update--341 8/30/2011 17:11:09.8213569
Update--640 8/30/2011 17:11:28.3683506
Update--558 8/30/2011 17:11:38.2434138
Update--172 8/30/2011 17:11:48.6809806
Update--687 8/30/2011 17:11:59.0561250
Update--688 8/30/2011 17:12:05.4936250
Update--689 8/30/2011 17:12:13.4155000
Update--879 8/30/2011 17:12:28.5561250
Update--343 8/30/2011 17:12:40.3373750
Update--354 8/30/2011 17:12:53.4623794
Update--364 8/30/2011 17:13:08.5563226
Update--405 8/30/2011 17:13:47.3068186
Update--406 8/30/2011 17:13:58.4475521
Update--407 8/30/2011 17:14:14.3382788
Update--408 8/30/2011 17:14:35.6977905
Update--410 8/30/2011 17:15:02.1750000
Update--412 8/30/2011 17:15:30.0500000
Update--413 8/30/2011 17:15:51.2531250
Update--414 8/30/2011 17:16:19.7513419
Update--415 8/30/2011 17:16:43.2340636
Update--416 8/30/2011 17:17:21.9044467
Update--417 8/30/2011 17:17:40.3883485
Update--418 8/30/2011 17:18:02.2141250
Update--618 8/30/2011 17:18:23.0891250
Update--619 8/30/2011 17:18:46.5422500
Update--108 8/30/2011 17:19:01.5424414
Update--845 8/30/2011 17:19:15.6054814
Update--748 8/30/2011 17:19:37.2781886
Update--878 8/30/2011 17:19:49.9192990
Update--954 8/30/2011 17:20:04.9350718
Update--419 8/30/2011 17:20:29.3097598
Update--420 8/30/2011 17:20:46.9189094
Update--421 8/30/2011 17:21:03.0673750
Update--409 8/30/2011 17:21:12.3798750
Update--427 8/30/2011 17:21:23.8955000
Update--428 8/30/2011 17:21:47.0517500
Update--429 8/30/2011 17:22:11.4961250
Update--430 8/30/2011 17:22:24.0273750
Update--423 8/30/2011 17:22:42.2773750
Update--424 8/30/2011 17:22:54.5430000
Update--425 8/30/2011 17:23:06.1063750
Update--439 8/30/2011 17:23:17.6688750
Update--440 8/30/2011 17:23:33.5438750
Update--441 8/30/2011 17:23:43.7938750
Update--431 8/30/2011 17:24:21.3196250
Update--432 8/30/2011 17:24:34.4446250
Update--433 8/30/2011 17:24:47.0852500
Update--434 8/30/2011 17:25:10.6790000
Update--435 8/30/2011 17:25:29.0908750
Update--436 8/30/2011 17:25:48.4658750
Update--437 8/30/2011 17:25:58.4658750
Update--620 8/30/2011 17:26:10.7158750
Update--718 8/30/2011 17:26:21.2785000
Update--719 8/30/2011 17:26:41.9660000
Update--868 8/30/2011 17:27:04.1691250
Update--846 8/30/2011 17:27:29.2325000
Update--750 8/30/2011 17:28:00.3887500
Update--105 8/30/2011 17:28:29.7326250
Update--018 8/30/2011 17:29:02.3888750
Update--037 8/30/2011 17:29:25.3895000
Update--040 8/30/2011 17:29:35.7645000
Update--029 8/30/2011 17:29:45.9832500
Update--030 8/30/2011 17:30:17.3266250
Update--032 8/30/2011 17:30:30.5766250
Update--033 8/30/2011 17:30:41.4516250
Update--034 8/30/2011 17:30:56.5766250
Update--035 8/30/2011 17:31:08.6078750
Update--022 8/30/2011 17:31:28.0302500
Update--023 8/30/2011 17:31:49.7021250
Update--024 8/30/2011 17:32:11.8427500
Update--025 8/30/2011 17:32:34.5082500
Update--026 8/30/2011 17:32:48.6957500
Update--027 8/30/2011 17:33:14.3676250
Update--028 8/30/2011 17:33:41.0778750
Update--019 8/30/2011 17:34:08.6403750
Update--020 8/30/2011 17:34:47.6243750
Update--078 8/30/2011 17:35:13.7337500
Update--526 8/30/2011 17:35:32.7656250
Update--512 8/30/2011 17:35:47.8281250
Update--749 8/30/2011 17:36:09.0625000
Update--867 8/30/2011 17:36:34.9222500
Update--508 8/30/2011 17:37:02.0628750
Update--616 8/30/2011 17:37:30.1478750
Update--633 8/30/2011 17:37:50.6947500
Update--045 8/30/2011 17:38:05.2103750
Update--046 8/30/2011 17:38:27.7038750
Update--047 8/30/2011 17:38:50.1882500
Update--048 8/30/2011 17:39:45.3632500
Update--049 8/30/2011 17:40:05.4882500
Update--050 8/30/2011 17:40:29.9233750
Update--054 8/30/2011 17:40:53.3608750
Update--042 8/30/2011 17:41:13.8452500
Update--052 8/30/2011 17:41:52.5481250
Update--325 8/30/2011 17:42:07.5325000
Update--053 8/30/2011 17:42:32.6048750
Update--043 8/30/2011 17:42:48.1361250
Update--055 8/30/2011 17:43:04.2298750
Update--051 8/30/2011 17:43:29.0183750
Update--041 8/30/2011 17:43:54.5808750
Update--038 8/30/2011 17:44:25.6591250
Update--532 8/30/2011 17:45:21.9402500
Update--866 8/30/2011 17:45:38.8152500
Update--722 8/30/2011 17:45:57.9402500
Update--864 8/30/2011 17:46:27.2742500
Update--865 8/30/2011 17:46:52.1180000
Update--721 8/30/2011 17:47:14.0242500
Update--571 8/30/2011 17:47:49.0246250
Update--547 8/30/2011 17:48:16.4465000
Update--644 8/30/2011 17:48:34.9847500
Update--578 8/30/2011 17:48:49.6878750
Update--591 8/30/2011 17:49:02.7035000
Update--067 8/30/2011 17:49:22.8438750
Update--068 8/30/2011 17:49:45.4220000
Update--069 8/30/2011 17:50:07.8282500
Update--065 8/30/2011 17:50:36.6382500
Update--260 8/30/2011 17:51:04.7163750
Update--240 8/30/2011 17:51:35.7982500
Update--070 8/30/2011 17:52:03.9857500
Update--071 8/30/2011 17:52:50.3607500
Update--072 8/30/2011 17:53:21.6732500
Update--073 8/30/2011 17:53:55.0950000
Update--056 8/30/2011 17:54:30.2677500
Update--064 8/30/2011 17:55:06.8615000
Update--087 8/30/2011 17:55:37.8766250
Update--585 8/30/2011 17:56:12.9078750
Update--511 8/30/2011 17:56:23.1432004
Update--699 8/30/2011 17:56:29.1330906
Update--936 8/30/2011 17:56:38.0006304
Update--943 8/30/2011 17:56:47.9316494
Update--088 8/30/2011 17:57:07.9657208
Update--089 8/30/2011 17:57:27.5750156
Update--090 8/30/2011 17:57:54.4467674
Update--092 8/30/2011 17:58:17.1134574
Update--093 8/30/2011 17:58:39.1197905
Update--094 8/30/2011 17:58:59.0151256
Update--080 8/30/2011 17:59:20.6608751
Update--081 8/30/2011 18:00:03.9319322
Update--082 8/30/2011 18:00:31.0440916
Update--084 8/30/2011 18:00:42.5604536
Update--085 8/30/2011 18:01:56.2359531
Update--086 8/30/2011 18:02:21.8305221
Update--083 8/30/2011 18:02:34.1745133
Update--095 8/30/2011 18:02:44.0965788
Update--074 8/30/2011 18:02:53.4248829
Update--075 8/30/2011 18:03:05.8313711
Update--076 8/30/2011 18:03:29.4567780
Update--573 8/30/2011 18:03:44.9569764
Update--937 8/30/2011 18:03:56.8633788
Update--938 8/30/2011 18:04:19.8949236
Update--728 8/30/2011 18:04:46.9888615
Update--656 8/30/2011 18:05:08.5671246
Update--869 8/30/2011 18:05:40.6454549
Update--944 8/30/2011 18:06:05.3799882
Update--945 8/30/2011 18:06:33.5832937
Update--997 8/30/2011 18:06:58.3334521
Update--058 8/30/2011 18:07:22.9586097
Update--059 8/30/2011 18:07:49.5056546
Update--060 8/30/2011 18:08:08.5057762
Update--061 8/30/2011 18:08:40.4902386
Update--062 8/30/2011 18:08:59.5839886
Update--063 8/30/2011 18:09:30.9121136
Update--120 8/30/2011 18:09:56.5527386
121 8/30/2011 18:10:30.6309178
122 8/30/2011 18:10:59.6779787
123 8/30/2011 18:11:37.4125952
124 8/30/2011 18:12:00.4908679
125 8/30/2011 18:12:23.4128896
126 8/30/2011 18:12:43.2567666
128 8/30/2011 18:13:16.9444822
129 8/30/2011 18:13:30.1476406
130 8/30/2011 18:13:52.9445156
575 8/30/2011 18:14:15.1007656
555 8/30/2011 18:14:46.8196734
839 8/30/2011 18:15:09.3666927
835 8/30/2011 18:15:21.7417719
666 8/30/2011 18:15:28.3511892
702 8/30/2011 18:15:49.9294523
947 8/30/2011 18:16:09.7889544
549 8/30/2011 18:16:31.0077836
566 8/30/2011 18:16:54.1796586
567 8/30/2011 18:17:12.8827836
106 8/30/2011 18:17:35.9140336
103 8/30/2011 18:18:11.3671586
104 8/30/2011 18:18:32.7266012
096 8/30/2011 18:18:55.8673743
097 8/30/2011 18:19:29.0863369
098 8/30/2011 18:19:47.7739565
099 8/30/2011 18:20:04.9771916
100 8/30/2011 18:20:34.6805868
101 8/30/2011 18:20:48.1026336
017 8/30/2011 18:21:02.6184444
109 8/30/2011 18:21:23.9624446
112 8/30/2011 18:21:42.1655696
115 8/30/2011 18:21:52.0718196
117 8/30/2011 18:22:24.0718318
118 8/30/2011 18:22:45.9938471
119 8/30/2011 18:23:10.2752525
953 8/30/2011 18:23:43.7754669
670 8/30/2011 18:24:04.1505973
834 8/30/2011 18:24:15.6819211
876 8/30/2011 18:24:25.4319626
836 8/30/2011 18:24:43.6194626
837 8/30/2011 18:24:54.3694626
838 8/30/2011 18:25:04.6038376
116 8/30/2011 18:25:15.5882126
113 8/30/2011 18:25:25.8538376
114 8/30/2011 18:25:36.6819626
110 8/30/2011 18:25:48.1663376
111 8/30/2011 18:26:01.9475876
107 8/30/2011 18:26:25.7913608
559 8/30/2011 18:26:48.5571315
515 8/30/2011 18:27:09.5416408
527 8/30/2011 18:27:27.2917544
602 8/30/2011 18:27:45.7606226
624 8/30/2011 18:28:02.5576051
136 8/30/2011 18:28:35.5264806
298 8/30/2011 18:28:57.3077306
299 8/30/2011 18:29:16.9796056
300 8/30/2011 18:29:37.6047044
301 8/30/2011 18:30:03.9173728
303 8/30/2011 18:30:25.9643889
306 8/30/2011 18:30:42.8238718
308 8/30/2011 18:31:11.6834315
309 8/30/2011 18:31:36.4648401
302 8/30/2011 18:31:58.6056068
326 8/30/2011 18:32:19.7151169
327 8/30/2011 18:32:39.9651326
328 8/30/2011 18:33:00.8401326
329 8/30/2011 18:33:16.7151326
333 8/30/2011 18:33:36.6214751
334 8/30/2011 18:34:04.9029061
127 8/30/2011 18:34:19.7936264
540 8/30/2011 18:34:39.8093795
541 8/30/2011 18:35:01.4501430
893 8/30/2011 18:35:44.7471506
894 8/30/2011 18:36:42.6534006
892 8/30/2011 18:37:08.4815256
661 8/30/2011 18:37:31.3722095
701 8/30/2011 18:37:53.3411001
426 8/30/2011 18:38:20.5287741
315 8/30/2011 18:38:39.2320188
316 8/30/2011 18:38:59.5602739
319 8/30/2011 18:39:12.1072292
320 8/30/2011 18:39:22.2479191
321 8/30/2011 18:39:31.4354779
322 8/30/2011 18:39:45.2636914
323 8/30/2011 18:40:07.1075812
307 8/30/2011 18:40:26.8264276
311 8/30/2011 18:40:52.5139276
312 8/30/2011 18:41:02.9358026
286 8/30/2011 18:41:30.9358587
313 8/30/2011 18:41:40.4515446
314 8/30/2011 18:41:50.9672369
310 8/30/2011 18:42:02.0766830
317 8/30/2011 18:42:23.2486935
148 8/30/2011 18:42:42.9206944
517 8/30/2011 18:43:12.8583860
590 8/30/2011 18:43:36.2961264
709 8/30/2011 18:44:02.7339648
671 8/30/2011 18:44:26.0154882
890 8/30/2011 18:44:38.9686961
891 8/30/2011 18:44:54.7031718
860 8/30/2011 18:45:05.9532438
324 8/30/2011 18:45:16.5939369
332 8/30/2011 18:45:26.1720976
330 8/30/2011 18:45:37.4689726
271 8/30/2011 18:45:57.8595976
608 8/30/2011 18:46:18.0314726
622 8/30/2011 18:46:39.7970976
570 8/30/2011 18:47:03.7345976
565 8/30/2011 18:47:28.1095976
545 8/30/2011 18:47:42.9689726
553 8/30/2011 18:47:51.5158476
442 8/30/2011 18:48:03.5158476
443 8/30/2011 18:48:12.7658476
438 8/30/2011 18:48:24.6721136
445 8/30/2011 18:48:49.5160226
447 8/30/2011 18:49:13.9380539
448 8/30/2011 18:49:36.5944489
449 8/30/2011 18:50:05.8133859
450 8/30/2011 18:50:25.8291390
854 8/30/2011 18:50:40.7042342
991 8/30/2011 18:51:00.2356092
884 8/30/2011 18:51:20.4701137
451 8/30/2011 18:51:42.1107496
452 8/30/2011 18:51:59.8607496
459 8/30/2011 18:52:17.5794996
460 8/30/2011 18:52:51.7984392
461 8/30/2011 18:53:08.4547958
462 8/30/2011 18:53:42.0018855
463 8/30/2011 18:54:06.0176642
464 8/30/2011 18:54:27.4396426
455 8/30/2011 18:54:52.7833926
457 8/30/2011 18:55:13.7833926
564 8/30/2011 18:55:47.8146426
630 8/30/2011 18:56:00.3927676
606 8/30/2011 18:56:30.0178178
612 8/30/2011 18:56:45.0647891
610 8/30/2011 18:56:58.5648755
611 8/30/2011 18:57:21.5181474
548 8/30/2011 18:57:44.1745424
524 8/30/2011 18:58:08.5496984
458 8/30/2011 18:58:22.7529143
479 8/30/2011 18:58:36.7842541
453 8/30/2011 18:59:01.8312894
454 8/30/2011 18:59:25.1126884
233 8/30/2011 18:59:53.6128708
885 8/30/2011 19:00:24.0193154
886 8/30/2011 19:00:42.1756816
887 8/30/2011 19:01:01.4726801
888 8/30/2011 19:01:21.4259328
663 8/30/2011 19:01:47.7542263
001 8/30/2011 19:01:56.2074054
207 8/30/2011 19:02:10.1606197
208 8/30/2011 19:02:21.2856909
209 8/30/2011 19:02:56.5044466
210 8/30/2011 19:03:18.9419466
212 8/30/2011 19:03:28.8482393
214 8/30/2011 19:03:37.4264192
215 8/30/2011 19:03:46.8327294
216 8/30/2011 19:03:56.0359133
217 8/30/2011 19:04:11.8016392
218 8/30/2011 19:04:39.4424411
645 8/30/2011 19:04:46.0831086
650 8/30/2011 19:04:52.9425275
651 8/30/2011 19:05:00.1456986
674 8/30/2011 19:05:05.5988585
675 8/30/2011 19:05:14.2864141
