Update--941 9/25/2011 08:29:42.4544643
Update--677 9/25/2011 08:30:07.7982143
Update--711 9/25/2011 08:30:21.6576215
Update--712 9/25/2011 08:30:32.8764433
Update--726 9/25/2011 08:30:46.2984042
Update--036 9/25/2011 08:30:53.2828239
Update--057 9/25/2011 08:31:04.2203939
Update--066 9/25/2011 08:31:12.2048200
Update--079 9/25/2011 08:31:40.7050024
Update--264 9/25/2011 08:32:07.6895501
Update--593 9/25/2011 08:32:36.6583573
Update--628 9/25/2011 08:32:57.8146073
Update--582 9/25/2011 08:33:09.4708573
Update--537 9/25/2011 08:33:26.6427964
Update--396 9/25/2011 08:33:38.5178724
Update--280 9/25/2011 08:33:56.3929868
Update--281 9/25/2011 08:34:11.1587063
Update--284 9/25/2011 08:34:22.4556536
Update--285 9/25/2011 08:34:33.7526009
Update--290 9/25/2011 08:34:44.5339199
Update--720 9/25/2011 08:35:31.4717203
Update--696 9/25/2011 08:35:46.3936908
Update--697 9/25/2011 08:36:09.5969643
Update--673 9/25/2011 08:36:26.8001343
Update--875 9/25/2011 08:36:57.5813843
Update--727 9/25/2011 08:37:21.0970379
Update--730 9/25/2011 08:37:48.3472123
Update--731 9/25/2011 08:38:04.4723155
Update--724 9/25/2011 08:38:34.0037545
Update--725 9/25/2011 08:38:45.9725811
Update--291 9/25/2011 08:39:01.5820560
Update--287 9/25/2011 08:39:17.1759023
Update--289 9/25/2011 08:39:25.0977773
Update--583 9/25/2011 08:39:31.5196523
Update--639 9/25/2011 08:39:36.5665273
Update--288 9/25/2011 08:39:46.1602773
Update--292 9/25/2011 08:39:54.3165273
Update--282 9/25/2011 08:40:21.0196523
Update--283 9/25/2011 08:40:46.6446523
Update--246 9/25/2011 08:41:07.8477773
Update--250 9/25/2011 08:41:29.4103591
Update--251 9/25/2011 08:41:49.9104903
Update--252 9/25/2011 08:42:11.2856271
Update--254 9/25/2011 08:42:23.7388318
Update--248 9/25/2011 08:42:34.3326496
Update--747 9/25/2011 08:42:43.6608343
Update--843 9/25/2011 08:42:51.6765106
Update--679 9/25/2011 08:42:56.0671637
Update--668 9/25/2011 08:43:00.6921933
Update--005 9/25/2011 08:43:18.2704308
Update--574 9/25/2011 08:43:30.7548857
Update--519 9/25/2011 08:43:53.5362815
Update--533 9/25/2011 08:44:13.6614103
Update--346 9/25/2011 08:44:27.1301793
Update--347 9/25/2011 08:44:49.1926793
Update--348 9/25/2011 08:45:09.9895543
Update--349 9/25/2011 08:45:42.8178469
Update--350 9/25/2011 08:45:53.4897902
Update--351 9/25/2011 08:46:09.2398910
Update--352 9/25/2011 08:46:41.0213444
Update--353 9/25/2011 08:47:05.3652502
Update--373 9/25/2011 08:47:46.6936397
Update--338 9/25/2011 08:48:06.4750163
Update--339 9/25/2011 08:48:20.7094824
Update--342 9/25/2011 08:48:37.2877135
Update--528 9/25/2011 08:48:53.5065673
Update--550 9/25/2011 08:49:12.4754387
Update--604 9/25/2011 08:49:27.5380351
Update--627 9/25/2011 08:49:50.2413054
Update--880 9/25/2011 08:50:01.1632503
Update--881 9/25/2011 08:50:30.6320993
Update--948 9/25/2011 08:51:02.0383493
Update--995 9/25/2011 08:51:25.0695993
Update--355 9/25/2011 08:51:37.6008493
Update--356 9/25/2011 08:51:56.0695993
Update--359 9/25/2011 08:52:25.5384063
Update--360 9/25/2011 08:52:52.8510811
Update--361 9/25/2011 08:53:05.1792850
Update--362 9/25/2011 08:53:38.5857488
Update--363 9/25/2011 08:53:50.2733236
Update--368 9/25/2011 08:53:59.0077545
Update--365 9/25/2011 08:54:10.2109512
Update--344 9/25/2011 08:54:18.9453821
Update--340 9/25/2011 08:54:34.8048586
Update--341 9/25/2011 08:54:51.8049674
Update--640 9/25/2011 08:55:07.6956941
Update--558 9/25/2011 08:55:21.8832513
Update--172 9/25/2011 08:55:36.2895013
Update--335 9/25/2011 08:55:46.1957513
Update--336 9/25/2011 08:56:00.1332513
Update--687 9/25/2011 08:56:12.1176263
Update--688 9/25/2011 08:56:22.1489116
Update--689 9/25/2011 08:56:32.2114760
Update--879 9/25/2011 08:56:51.7116008
Update--343 9/25/2011 08:57:00.9147847
Update--354 9/25/2011 08:57:17.8211429
Update--364 9/25/2011 08:57:30.7431006
Update--410 9/25/2011 08:57:43.3369312
Update--412 9/25/2011 08:57:51.5869840
Update--413 9/25/2011 08:57:59.2432830
Update--414 9/25/2011 08:58:14.6652567
Update--415 9/25/2011 08:58:33.6496443
Update--416 9/25/2011 08:58:50.4152693
Update--405 9/25/2011 08:59:12.8215193
Update--407 9/25/2011 08:59:35.4524193
Update--408 9/25/2011 08:59:45.3007153
Update--618 9/25/2011 09:00:12.2110273
Update--620 9/25/2011 09:00:50.4465000
Update--108 9/25/2011 09:01:03.7902500
Update--845 9/25/2011 09:01:11.7121250
Update--862 9/25/2011 09:01:27.3257500
Update--748 9/25/2011 09:01:40.5601250
Update--878 9/25/2011 09:01:52.9976250
Update--619 9/25/2011 09:02:09.6851250
Update--430 9/25/2011 09:02:29.2316250
Update--406 9/25/2011 09:02:45.4035000
Update--417 9/25/2011 09:03:24.0921250
Update--418 9/25/2011 09:03:52.8265000
Update--419 9/25/2011 09:04:06.7952500
Update--420 9/25/2011 09:04:25.0298750
Update--421 9/25/2011 09:04:46.0455000
Update--423 9/25/2011 09:05:27.1398750
Update--424 9/25/2011 09:06:00.0148750
Update--425 9/25/2011 09:07:03.7178750
Update--431 9/25/2011 09:07:34.8750000
Update--409 9/25/2011 09:08:27.5628750
Update--427 9/25/2011 09:08:58.6566250
Update--428 9/25/2011 09:09:37.4225000
Update--429 9/25/2011 09:10:04.6256250
Update--434 9/25/2011 09:10:41.7036250
Update--954 9/25/2011 09:11:12.3755000
Update--719 9/25/2011 09:11:32.9382500
Update--718 9/25/2011 09:11:51.3601250
Update--435 9/25/2011 09:12:10.7663750
Update--436 9/25/2011 09:12:39.9540000
Update--437 9/25/2011 09:13:26.9645000
Update--439 9/25/2011 09:13:41.1676250
Update--440 9/25/2011 09:14:00.5426250
Update--441 9/25/2011 09:14:24.0326250
Update--432 9/25/2011 09:14:41.2826250
Update--433 9/25/2011 09:15:12.2826250
Update--105 9/25/2011 09:15:42.2301250
Update--018 9/25/2011 09:15:59.9957500
Update--037 9/25/2011 09:16:28.9667500
Update--040 9/25/2011 09:16:44.3417500
Update--029 9/25/2011 09:17:08.4667500
Update--030 9/25/2011 09:17:51.9106250
Update--032 9/25/2011 09:18:10.3950000
Update--033 9/25/2011 09:18:27.7217500
Update--034 9/25/2011 09:18:54.1123750
Update--035 9/25/2011 09:19:08.7998750
Update--750 9/25/2011 09:19:41.8153750
Update--868 9/25/2011 09:20:08.0653750
Update--846 9/25/2011 09:20:28.6441250
Update--749 9/25/2011 09:20:56.0972500
Update--867 9/25/2011 09:21:13.2691250
Update--022 9/25/2011 09:21:47.0002500
Update--023 9/25/2011 09:22:05.5783750
Update--024 9/25/2011 09:22:31.9637500
Update--025 9/25/2011 09:22:55.3387500
Update--026 9/25/2011 09:23:46.1246250
Update--027 9/25/2011 09:24:33.8080000
Update--028 9/25/2011 09:24:53.1205000
Update--019 9/25/2011 09:25:42.3713750
Update--020 9/25/2011 09:26:03.4963750
Update--078 9/25/2011 09:26:31.9492500
Update--526 9/25/2011 09:27:35.1997500
Update--512 9/25/2011 09:27:51.9028750
Update--508 9/25/2011 09:28:13.3560000
Update--616 9/25/2011 09:28:44.0796250
Update--633 9/25/2011 09:29:08.3452500
Update--045 9/25/2011 09:29:33.6161250
Update--046 9/25/2011 09:29:43.2567500
Update--047 9/25/2011 09:30:00.8348750
Update--048 9/25/2011 09:30:11.4130000
Update--049 9/25/2011 09:30:45.0750000
Update--050 9/25/2011 09:31:11.0593750
Update--054 9/25/2011 09:31:33.2010000
Update--042 9/25/2011 09:31:41.2166250
Update--052 9/25/2011 09:32:09.0135000
Update--325 9/25/2011 09:32:55.0607500
Update--053 9/25/2011 09:33:31.4353750
Update--043 9/25/2011 09:33:46.1697500
Update--055 9/25/2011 09:34:03.8572500
Update--051 9/25/2011 09:34:24.6925000
Update--041 9/25/2011 09:34:40.3487500
Update--038 9/25/2011 09:35:00.5675000
Update--532 9/25/2011 09:35:38.2798750
Update--866 9/25/2011 09:36:29.2020000
Update--722 9/25/2011 09:36:57.1707500
Update--721 9/25/2011 09:37:05.9676250
Update--864 9/25/2011 09:37:24.5615000
Update--865 9/25/2011 09:37:49.4052500
Update--710 9/25/2011 09:38:26.9526250
Update--547 9/25/2011 09:39:03.1245000
Update--644 9/25/2011 09:39:20.3901250
Update--591 9/25/2011 09:39:37.4526250
Update--571 9/25/2011 09:39:57.4526250
Update--578 9/25/2011 09:40:52.3591250
Update--067 9/25/2011 09:41:27.3280000
Update--068 9/25/2011 09:41:52.8280000
Update--069 9/25/2011 09:42:34.8906250
Update--065 9/25/2011 09:42:53.6875000
Update--260 9/25/2011 09:43:04.1406250
Update--240 9/25/2011 09:43:12.5156250
Update--070 9/25/2011 09:43:45.1565000
Update--071 9/25/2011 09:44:12.2033750
Update--072 9/25/2011 09:44:36.3915000
Update--073 9/25/2011 09:44:54.8915000
Update--056 9/25/2011 09:45:15.3290000
Update--064 9/25/2011 09:45:42.5641250
Update--087 9/25/2011 09:46:05.3297500
Update--585 9/25/2011 09:46:56.6108750
Update--511 9/25/2011 09:47:33.7217500
Update--699 9/25/2011 09:47:47.9248750
Update--936 9/25/2011 09:48:25.0172500
Update--943 9/25/2011 09:49:01.5485000
Update--088 9/25/2011 09:49:27.8146250
Update--089 9/25/2011 09:50:06.4552500
Update--090 9/25/2011 09:50:31.7368750
Update--092 9/25/2011 09:51:14.7056250
Update--093 9/25/2011 09:51:34.9093750
Update--094 9/25/2011 09:52:09.6437500
Update--080 9/25/2011 09:52:32.3502500
Update--081 9/25/2011 09:52:45.5377500
Update--082 9/25/2011 09:53:36.8187500
Update--084 9/25/2011 09:53:48.3656250
Update--085 9/25/2011 09:54:51.3660000
Update--086 9/25/2011 09:55:16.0691250
Update--083 9/25/2011 09:55:52.3818750
Update--095 9/25/2011 09:56:29.9442500
Update--074 9/25/2011 09:57:09.8817500
Update--075 9/25/2011 09:57:33.2730000
Update--076 9/25/2011 09:57:51.8355000
Update--573 9/25/2011 09:58:13.0698750
Update--937 9/25/2011 09:58:41.7270000
Update--938 9/25/2011 09:59:07.5238750
Update--656 9/25/2011 09:59:31.0228750
Update--869 9/25/2011 09:59:54.2103750
Update--728 9/25/2011 10:00:06.8978750
Update--944 9/25/2011 10:00:27.6172500
Update--945 9/25/2011 10:00:37.5547500
Update--997 9/25/2011 10:00:56.7422500
Update--058 9/25/2011 10:01:23.3836250
Update--059 9/25/2011 10:01:44.1805000
Update--060 9/25/2011 10:02:09.6961250
Update--061 9/25/2011 10:02:27.3833750
Update--062 9/25/2011 10:02:48.2427500
Update--063 9/25/2011 10:03:04.5552500
Update--120 9/25/2011 10:03:42.3528750
Update--121 9/25/2011 10:03:58.7435000
Update--122 9/25/2011 10:04:16.8997500
Update--125 9/25/2011 10:04:39.6807500
Update--126 9/25/2011 10:05:29.2276250
Update--128 9/25/2011 10:05:49.2901250
Update--129 9/25/2011 10:06:15.5713750
Update--130 9/25/2011 10:06:47.1502500
Update--575 9/25/2011 10:07:23.2597500
Update--835 9/25/2011 10:07:57.0410000
Update--702 9/25/2011 10:08:24.9791250
Update--666 9/25/2011 10:08:54.2291250
Update--839 9/25/2011 10:09:25.0882500
Update--555 9/25/2011 10:09:46.2601250
Update--123 9/25/2011 10:10:04.5257500
Update--124 9/25/2011 10:10:52.6040000
Update--106 9/25/2011 10:11:05.9790000
Update--103 9/25/2011 10:11:29.8853750
Update--109 9/25/2011 10:11:36.6666250
Update--112 9/25/2011 10:11:51.0885000
Update--115 9/25/2011 10:12:45.5902500
Update--117 9/25/2011 10:13:12.9965000
Update--118 9/25/2011 10:13:50.1287500
Update--119 9/25/2011 10:14:42.4408750
Update--834 9/25/2011 10:15:08.3315000
Update--670 9/25/2011 10:15:41.6908750
Update--953 9/25/2011 10:15:59.9252500
Update--876 9/25/2011 10:16:32.0507500
Update--947 9/25/2011 10:17:10.2382500
Update--104 9/25/2011 10:17:37.6133750
Update--096 9/25/2011 10:18:06.8477500
Update--097 9/25/2011 10:18:45.6760588
Update--098 9/25/2011 10:19:28.2441250
Update--099 9/25/2011 10:19:50.3847500
Update--100 9/25/2011 10:20:07.9472500
Update--101 9/25/2011 10:20:33.1056250
Update--017 9/25/2011 10:20:56.6525000
Update--566 9/25/2011 10:21:12.7618750
Update--567 9/25/2011 10:21:33.8478750
Update--549 9/25/2011 10:21:40.0822500
Update--559 9/25/2011 10:21:55.1291250
Update--107 9/25/2011 10:22:12.0978750
Update--116 9/25/2011 10:23:04.9886250
Update--113 9/25/2011 10:23:32.6766250
Update--114 9/25/2011 10:23:48.5203750
Update--110 9/25/2011 10:24:04.9891250
Update--111 9/25/2011 10:24:28.3950000
Update--836 9/25/2011 10:24:47.4106250
Update--837 9/25/2011 10:25:12.2231250
Update--838 9/25/2011 10:25:39.9582500
Update--723 9/25/2011 10:26:05.4895000
Update--739 9/25/2011 10:26:39.7703750
Update--136 9/25/2011 10:27:03.0985000
Update--308 9/25/2011 10:27:38.3338750
Update--309 9/25/2011 10:27:46.0213750
Update--298 9/25/2011 10:27:53.4432500
Update--299 9/25/2011 10:28:03.5526250
Update--300 9/25/2011 10:28:15.7088750
Update--301 9/25/2011 10:28:43.8646250
Update--303 9/25/2011 10:29:02.8021250
Update--306 9/25/2011 10:29:34.2553750
Update--527 9/25/2011 10:29:57.6928750
Update--515 9/25/2011 10:31:02.8338750
Update--602 9/25/2011 10:31:37.4960000
Update--624 9/25/2011 10:31:53.1678750
Update--540 9/25/2011 10:32:08.0272500
Update--541 9/25/2011 10:32:50.6161250
Update--302 9/25/2011 10:33:05.7567500
Update--333 9/25/2011 10:33:35.9440000
Update--334 9/25/2011 10:34:03.5690000
Update--326 9/25/2011 10:34:14.6471250
Update--327 9/25/2011 10:34:40.0571250
Update--328 9/25/2011 10:34:55.4633750
Update--329 9/25/2011 10:35:08.8540000
Update--127 9/25/2011 10:35:29.6553750
Update--893 9/25/2011 10:35:43.4366250
Update--894 9/25/2011 10:35:59.3272500
Update--892 9/25/2011 10:36:15.0616250
Update--661 9/25/2011 10:36:57.2151250
Update--701 9/25/2011 10:37:15.4807500
Update--319 9/25/2011 10:37:42.4110000
Update--320 9/25/2011 10:37:54.3953750
Update--321 9/25/2011 10:38:05.6766250
Update--322 9/25/2011 10:38:39.8341250
Update--323 9/25/2011 10:38:57.0216250
Update--307 9/25/2011 10:39:09.1466250
Update--311 9/25/2011 10:39:15.4435000
Update--312 9/25/2011 10:39:37.6621250
Update--315 9/25/2011 10:39:45.9746250
Update--316 9/25/2011 10:40:02.3496250
Update--286 9/25/2011 10:40:16.2715000
Update--426 9/25/2011 10:40:43.4086250
Update--517 9/25/2011 10:41:30.2776250
Update--590 9/25/2011 10:41:46.1526250
Update--317 9/25/2011 10:42:00.0745000
Update--313 9/25/2011 10:42:11.6213750
Update--314 9/25/2011 10:42:39.4660000
Update--310 9/25/2011 10:42:58.5441250
Update--148 9/25/2011 10:43:43.4217500
Update--709 9/25/2011 10:44:04.0155000
Update--671 9/25/2011 10:44:37.4438750
Update--890 9/25/2011 10:45:11.8813750
Update--891 9/25/2011 10:45:40.8661250
Update--860 9/25/2011 10:46:06.6630000
Update--332 9/25/2011 10:46:29.3191250
Update--324 9/25/2011 10:46:58.7878750
Update--330 9/25/2011 10:47:12.9441250
Update--271 9/25/2011 10:47:40.0495000
Update--570 9/25/2011 10:47:54.8620000
Update--622 9/25/2011 10:48:10.6588750
Update--608 9/25/2011 10:48:39.9715000
Update--545 9/25/2011 10:48:56.6590000
Update--553 9/25/2011 10:49:33.4870000
Update--565 9/25/2011 10:49:52.4245000
Update--442 9/25/2011 10:50:16.4088750
Update--443 9/25/2011 10:50:43.0343750
Update--438 9/25/2011 10:51:09.8156250
Update--445 9/25/2011 10:51:48.3935000
Update--447 9/25/2011 10:52:26.4723750
Update--448 9/25/2011 10:52:40.5192500
Update--449 9/25/2011 10:52:59.8630000
Update--450 9/25/2011 10:53:26.3631250
Update--854 9/25/2011 10:53:43.0350000
Update--991 9/25/2011 10:53:58.7068750
Update--884 9/25/2011 10:54:20.3167500
Update--451 9/25/2011 10:54:39.3167500
Update--452 9/25/2011 10:55:07.9261250
Update--459 9/25/2011 10:55:25.0516250
Update--460 9/25/2011 10:55:35.5985000
Update--461 9/25/2011 10:55:52.5047500
Update--462 9/25/2011 10:56:03.0672500
Update--463 9/25/2011 10:56:35.5983750
Update--464 9/25/2011 10:56:47.2546250
Update--455 9/25/2011 10:57:05.5827500
Update--457 9/25/2011 10:57:39.7780000
Update--564 9/25/2011 10:58:07.8717500
Update--612 9/25/2011 10:58:40.5021250
Update--630 9/25/2011 10:59:05.1427500
Update--606 9/25/2011 10:59:35.1902500
Update--610 9/25/2011 10:59:56.5808750
Update--611 9/25/2011 11:00:33.3308750
Update--548 9/25/2011 11:01:10.3308750
Update--524 9/25/2011 11:01:48.8965000
Update--458 9/25/2011 11:02:13.6777500
Update--479 9/25/2011 11:02:36.2681250
Update--453 9/25/2011 11:03:02.0493750
Update--454 9/25/2011 11:03:44.8630000
Update--233 9/25/2011 11:04:06.4411250
Update--885 9/25/2011 11:04:22.7222500
Update--886 9/25/2011 11:04:41.8160000
Update--887 9/25/2011 11:04:53.3160000
Update--888 9/25/2011 11:05:12.2535000
Update--663 9/25/2011 11:05:40.3358750
Update--001 9/25/2011 11:05:58.6015000
Update--207 9/25/2011 11:06:22.7388750
Update--208 9/25/2011 11:06:49.3326250
Update--209 9/25/2011 11:07:05.4888750
Update--210 9/25/2011 11:07:42.0617500
Update--212 9/25/2011 11:07:57.1711250
Update--214 9/25/2011 11:08:47.4112500
Update--215 9/25/2011 11:09:21.2845000
Update--216 9/25/2011 11:09:37.4876250
Update--217 9/25/2011 11:10:21.0675000
Update--218 9/25/2011 11:10:46.0050000
Update--645 9/25/2011 11:11:22.3331575
Update--650 9/25/2011 11:11:57.7865094
Update--651 9/25/2011 11:12:12.1459763
Update--674 9/25/2011 11:12:16.2397525
Update--675 9/25/2011 11:12:32.3997500
Update--949 9/25/2011 11:12:48.9778750
Update--996 9/25/2011 11:13:12.4466250
Update--874 9/25/2011 11:13:37.0530000
Update--579 9/25/2011 11:13:57.1780000
Update--191 9/25/2011 11:14:23.8810000
Update--201 9/25/2011 11:14:39.1310000
Update--202 9/25/2011 11:14:58.3497500
Update--203 9/25/2011 11:15:30.6157500
Update--204 9/25/2011 11:15:55.8813750
Update--205 9/25/2011 11:16:11.8813750
Update--193 9/25/2011 11:16:51.9756250
Update--194 9/25/2011 11:17:10.7256250
Update--195 9/25/2011 11:17:31.9605000
Update--196 9/25/2011 11:17:55.9605000
Update--197 9/25/2011 11:18:21.6946250
Update--198 9/25/2011 11:18:49.7102500
Update--199 9/25/2011 11:19:07.0383750
Update--206 9/25/2011 11:19:33.1323750
Update--219 9/25/2011 11:19:54.0073750
Update--221 9/25/2011 11:20:26.3045000
Update--222 9/25/2011 11:20:48.5545000
Update--223 9/25/2011 11:21:11.8045000
Update--224 9/25/2011 11:21:27.0552500
Update--225 9/25/2011 11:21:44.2740000
Update--226 9/25/2011 11:22:10.1021250
227 9/25/2011 11:22:42.4936250
228 9/25/2011 11:22:54.5873750
229 9/25/2011 11:23:12.9780000
230 9/25/2011 11:23:42.4305000
634 9/25/2011 11:24:25.0090000
872 9/25/2011 11:24:43.4777500
993 9/25/2011 11:25:11.1496250
698 9/25/2011 11:25:34.2598750
844 9/25/2011 11:26:14.7598750
851 9/25/2011 11:26:33.7280000
007 9/25/2011 11:26:53.7280000
012 9/25/2011 11:27:05.7905000
013 9/25/2011 11:27:29.6355000
014 9/25/2011 11:28:29.8383750
006 9/25/2011 11:28:44.1040000
008 9/25/2011 11:28:59.7446250
009 9/25/2011 11:29:22.8071250
010 9/25/2011 11:29:32.5727500
011 9/25/2011 11:29:40.5415000
015 9/25/2011 11:29:53.9165000
016 9/25/2011 11:30:22.1040304
369 9/25/2011 11:31:06.7449411
946 9/25/2011 11:31:26.6200683
870 9/25/2011 11:31:40.8076591
738 9/25/2011 11:32:01.1202891
705 9/25/2011 11:32:20.7297896
609 9/25/2011 11:32:40.1674140
614 9/25/2011 11:32:57.7925268
597 9/25/2011 11:33:11.6051152
163 9/25/2011 11:33:22.5739020
176 9/25/2011 11:33:40.6989020
177 9/25/2011 11:34:15.5582770
178 9/25/2011 11:34:39.0427908
180 9/25/2011 11:35:00.9960563
181 9/25/2011 11:35:23.7462019
182 9/25/2011 11:35:33.0431364
183 9/25/2011 11:35:47.6838551
184 9/25/2011 11:36:11.6215083
185 9/25/2011 11:36:44.6132448
186 9/25/2011 11:37:05.2906764
188 9/25/2011 11:37:30.4050473
189 9/25/2011 11:37:48.1261787
190 9/25/2011 11:38:06.5661567
636 9/25/2011 11:38:36.5833750
751 9/25/2011 11:38:54.7240000
737 9/25/2011 11:39:08.2396250
685 9/25/2011 11:39:24.7626250
994 9/25/2011 11:39:41.7313750
987 9/25/2011 11:40:08.6845000
601 9/25/2011 11:40:35.9195000
580 9/25/2011 11:41:23.3731250
318 9/25/2011 11:41:45.5293750
179 9/25/2011 11:42:07.9981250
173 9/25/2011 11:42:57.1078750
174 9/25/2011 11:43:08.0141250
164 9/25/2011 11:43:23.2170000
165 9/25/2011 11:43:41.7795000
167 9/25/2011 11:43:55.5451250
168 9/25/2011 11:44:16.8576250
171 9/25/2011 11:44:40.6392500
603 9/25/2011 11:44:50.5455000
504 9/25/2011 11:45:13.9986250
374 9/25/2011 11:45:25.2173750
686 9/25/2011 11:45:35.9673750
707 9/25/2011 11:45:43.2955000
669 9/25/2011 11:45:56.1861250
736 9/25/2011 11:46:02.5455000
706 9/25/2011 11:46:23.7652500
999 9/25/2011 11:46:41.5465000
505 9/25/2011 11:46:49.9058750
635 9/25/2011 11:46:54.2027500
169 9/25/2011 11:47:03.9840000
170 9/25/2011 11:47:14.8433750
166 9/25/2011 11:47:40.7960000
337 9/25/2011 11:47:48.1397500
155 9/25/2011 11:47:55.9522500
156 9/25/2011 11:48:02.6710000
157 9/25/2011 11:48:09.7960000
158 9/25/2011 11:48:17.0303750
159 9/25/2011 11:48:25.5875785
149 9/25/2011 11:48:32.8901710
151 9/25/2011 11:48:41.5119415
152 9/25/2011 11:48:51.8769115
147 9/25/2011 11:49:23.4713750
145 9/25/2011 11:49:38.3151250
595 9/25/2011 11:49:45.3151250
539 9/25/2011 11:50:11.6745000
678 9/25/2011 11:50:20.6406250
853 9/25/2011 11:50:30.5625000
764 9/25/2011 11:50:37.6875000
758 9/25/2011 11:50:47.1093750
744 9/25/2011 11:51:05.2968750
716 9/25/2011 11:51:24.0166250
657 9/25/2011 11:51:44.7510000
529 9/25/2011 11:52:11.1728750
530 9/25/2011 11:52:28.7196250
584 9/25/2011 11:52:49.5008750
588 9/25/2011 11:52:56.2508750
146 9/25/2011 11:53:06.1258750
153 9/25/2011 11:53:15.0477500
154 9/25/2011 11:53:33.7822298
144 9/25/2011 11:54:12.1574754
160 9/25/2011 11:54:21.0481573
161 9/25/2011 11:54:27.9388264
305 9/25/2011 11:54:34.2513668
143 9/25/2011 11:54:40.7670335
133 9/25/2011 11:54:49.1108369
137 9/25/2011 11:54:55.7827546
138 9/25/2011 11:55:04.5015604
139 9/25/2011 11:55:29.0954678
140 9/25/2011 11:55:52.1268652
021 9/25/2011 11:56:10.5176079
637 9/25/2011 11:56:17.3926519
638 9/25/2011 11:56:22.3933219
613 9/25/2011 11:56:43.7711947
518 9/25/2011 11:56:53.1318276
680 9/25/2011 11:57:18.4632897
681 9/25/2011 11:57:31.0735524
717 9/25/2011 11:57:46.6840263
708 9/25/2011 11:57:53.6845191
741 9/25/2011 11:57:58.3879752
734 9/25/2011 11:58:05.0290677
871 9/25/2011 11:58:11.9201778
950 9/25/2011 11:58:40.7027090
952 9/25/2011 11:59:03.9223506
951 9/25/2011 11:59:39.1109242
761 9/25/2011 11:59:46.6892432
752 9/25/2011 12:00:04.6740786
714 9/25/2011 12:00:17.7837823
715 9/25/2011 12:00:21.5181812
690 9/25/2011 12:00:25.7525833
682 9/25/2011 12:00:29.8776097
659 9/25/2011 12:00:33.7838847
642 9/25/2011 12:00:39.5495466
345 9/25/2011 12:00:47.0339695
141 9/25/2011 12:01:10.6122454
142 9/25/2011 12:01:28.5343750
131 9/25/2011 12:01:37.4406250
132 9/25/2011 12:01:44.8468750
134 9/25/2011 12:02:02.3625000
135 9/25/2011 12:02:15.0343750
477 9/25/2011 12:02:39.6906250
478 9/25/2011 12:03:01.5031250
469 9/25/2011 12:03:19.2375116
470 9/25/2011 12:03:38.8313870
472 9/25/2011 12:03:50.2220849
473 9/25/2011 12:04:03.8627972
497 9/25/2011 12:04:26.6762500
546 9/25/2011 12:04:35.6137500
665 9/25/2011 12:04:42.7700000
691 9/25/2011 12:04:50.8793750
732 9/25/2011 12:05:28.2551250
983 9/25/2011 12:05:56.5051250
984 9/25/2011 12:06:10.5832500
759 9/25/2011 12:06:20.8483750
840 9/25/2011 12:06:28.4577500
692 9/25/2011 12:06:32.7077500
683 9/25/2011 12:06:37.3327500
684 9/25/2011 12:06:42.1765000
476 9/25/2011 12:06:50.8952500
480 9/25/2011 12:07:32.7080000
481 9/25/2011 12:07:49.9111250
483 9/25/2011 12:07:57.5361250
484 9/25/2011 12:08:12.0205000
485 9/25/2011 12:08:24.8492500
486 9/25/2011 12:08:30.9742500
482 9/25/2011 12:08:42.0992500
475 9/25/2011 12:08:57.7086250
366 9/25/2011 12:09:29.7867500
367 9/25/2011 12:09:46.5211250
370 9/25/2011 12:10:00.0367500
371 9/25/2011 12:10:14.8023750
552 9/25/2011 12:10:29.8135000
649 9/25/2011 12:10:49.6728750
694 9/25/2011 12:11:06.6103750
695 9/25/2011 12:11:13.0635000
985 9/25/2011 12:11:35.5837500
986 9/25/2011 12:11:47.2400000
877 9/25/2011 12:11:56.7556250
733 9/25/2011 12:12:05.9118750
551 9/25/2011 12:12:15.2868750
581 9/25/2011 12:12:25.0845000
536 9/25/2011 12:12:39.4751250
474 9/25/2011 12:12:46.9595000
465 9/25/2011 12:12:56.7095000
466 9/25/2011 12:13:10.4126250
467 9/25/2011 12:13:26.3347500
664 9/25/2011 12:13:31.3035000
882 9/25/2011 12:13:41.3035000
982 9/25/2011 12:13:54.9441250
729 9/25/2011 12:13:59.9597500
745 9/25/2011 12:14:14.6941250
543 9/25/2011 12:14:32.1788750
522 9/25/2011 12:14:54.1476250
102 9/25/2011 12:15:01.4601250
269 9/25/2011 12:15:18.4787068
273 9/25/2011 12:15:29.3848876
274 9/25/2011 12:15:37.8779192
275 9/25/2011 12:15:45.5874608
262 9/25/2011 12:15:55.9138590
267 9/25/2011 12:16:04.9866732
293 9/25/2011 12:16:16.2219198
259 9/25/2011 12:16:38.8980000
255 9/25/2011 12:16:54.8980000
256 9/25/2011 12:17:21.9923750
257 9/25/2011 12:17:35.2580000
258 9/25/2011 12:17:53.6330000
263 9/25/2011 12:18:09.7736250
261 9/25/2011 12:18:22.8205344
266 9/25/2011 12:18:38.4612595
563 9/25/2011 12:18:52.5863499
766 9/25/2011 12:19:16.3052517
676 9/25/2011 12:19:30.9459704
775 9/25/2011 12:19:39.1647730
740 9/25/2011 12:19:47.9148290
535 9/25/2011 12:19:58.3523958
514 9/25/2011 12:20:30.8986250
272 9/25/2011 12:20:48.0548750
265 9/25/2011 12:21:04.1017500
294 9/25/2011 12:21:14.4142500
296 9/25/2011 12:21:29.4617500
297 9/25/2011 12:21:43.8055000
277 9/25/2011 12:21:54.4930000
278 9/25/2011 12:22:13.1961250
279 9/25/2011 12:22:46.4622500
249 9/25/2011 12:23:00.5403750
247 9/25/2011 12:23:13.5716250
253 9/25/2011 12:23:29.2282500
241 9/25/2011 12:23:41.4313750
242 9/25/2011 12:23:57.4782500
243 9/25/2011 12:24:11.4157500
244 9/25/2011 12:24:45.5873750
245 9/25/2011 12:25:02.6030000
513 9/25/2011 12:25:12.6498750
557 9/25/2011 12:25:25.6031250
779 9/25/2011 12:25:41.2125000
660 9/25/2011 12:25:51.6031250
693 9/25/2011 12:26:07.4625000
662 9/25/2011 12:26:34.6198750
842 9/25/2011 12:26:45.0886250
509 9/25/2011 12:26:57.4167500
510 9/25/2011 12:27:06.4948750
523 9/25/2011 12:27:15.4948750
295 9/25/2011 12:27:31.8836250
268 9/25/2011 12:27:39.8992500
276 9/25/2011 12:27:48.4148750
044 9/25/2011 12:27:58.2430000
236 9/25/2011 12:28:26.6975000
237 9/25/2011 12:28:42.9162500
234 9/25/2011 12:29:03.9475000
232 9/25/2011 12:29:15.1818750
192 9/25/2011 12:29:26.7137600
556 9/25/2011 12:29:39.4316800
544 9/25/2011 12:29:59.0752000
607 9/25/2011 12:30:10.6598400
743 9/25/2011 12:30:30.4175000
647 9/25/2011 12:30:40.7925000
648 9/25/2011 12:30:49.3550000
704 9/25/2011 12:30:59.2143750
762 9/25/2011 12:31:08.0737500
998 9/25/2011 12:31:17.4018750
873 9/25/2011 12:31:56.4265000
596 9/25/2011 12:32:04.0202500
617 9/25/2011 12:32:38.4931250
646 9/25/2011 12:32:46.9931250
525 9/25/2011 12:33:05.3681250
534 9/25/2011 12:33:16.2275000
238 9/25/2011 12:33:28.0602500
239 9/25/2011 12:33:36.0133750
231 9/25/2011 12:33:43.7946250
235 9/25/2011 12:34:01.4196250
503 9/25/2011 12:34:11.5133750
598 9/25/2011 12:34:29.7858354
594 9/25/2011 12:34:42.2946598
700 9/25/2011 12:34:51.5001526
655 9/25/2011 12:35:02.5060394
767 9/25/2011 12:35:09.3162254
939 9/25/2011 12:35:17.0500918
955 9/25/2011 12:35:35.9652500
372 9/25/2011 12:35:43.9652500
381 9/25/2011 12:35:51.3090000
422 9/25/2011 12:35:59.6371250
375 9/25/2011 12:36:12.8871250
376 9/25/2011 12:36:30.6073750
377 9/25/2011 12:36:51.1230000
378 9/25/2011 12:37:05.6698750
200 9/25/2011 12:37:34.1078750
175 9/25/2011 12:37:48.7953750
397 9/25/2011 12:37:58.6703750
398 9/25/2011 12:38:07.2953750
399 9/25/2011 12:38:16.4985000
400 9/25/2011 12:38:31.9630000
401 9/25/2011 12:38:45.5723750
382 9/25/2011 12:39:01.4942500
404 9/25/2011 12:39:27.6915000
444 9/25/2011 12:39:38.7071250
600 9/25/2011 12:39:52.7383750
625 9/25/2011 12:40:17.3633750
863 9/25/2011 12:40:40.4908750
742 9/25/2011 12:40:54.3346250
667 9/25/2011 12:41:01.4908750
841 9/25/2011 12:41:14.2252500
956 9/25/2011 12:41:33.3911250
883 9/25/2011 12:41:40.7505000
626 9/25/2011 12:41:48.6098750
629 9/25/2011 12:41:53.7505000
538 9/25/2011 12:42:02.3442500
383 9/25/2011 12:42:09.5630000
385 9/25/2011 12:42:17.2661250
386 9/25/2011 12:42:37.7187500
388 9/25/2011 12:42:48.7187500
389 9/25/2011 12:42:59.3125000
390 9/25/2011 12:43:20.0781250
220 9/25/2011 12:43:32.7346994
331 9/25/2011 12:43:41.3199962
187 9/25/2011 12:44:03.0339038
391 9/25/2011 12:44:10.6165382
392 9/25/2011 12:44:17.6038418
393 9/25/2011 12:44:27.1500674
394 9/25/2011 12:44:40.5875703
402 9/25/2011 12:44:48.0354278
403 9/25/2011 12:44:55.0285740
560 9/25/2011 12:45:03.8092060
561 9/25/2011 12:45:12.3546425
572 9/25/2011 12:45:32.7353750
605 9/25/2011 12:45:49.1260000
641 9/25/2011 12:45:54.6728750
379 9/25/2011 12:46:11.7510000
380 9/25/2011 12:46:20.7978750
213 9/25/2011 12:46:30.4144888
703 9/25/2011 12:46:34.9170022
889 9/25/2011 12:46:47.2479274
384 9/25/2011 12:47:08.0191042
621 9/25/2011 12:47:17.9340466
569 9/25/2011 12:47:34.1148895
507 9/25/2011 12:47:47.6599039
562 9/25/2011 12:48:09.9997714
568 9/25/2011 12:48:18.4497283
623 9/25/2011 12:48:29.1929332
632 9/25/2011 12:48:38.2776828
003 9/25/2011 12:48:45.8509316
004 9/25/2011 12:48:54.9041916
652 9/25/2011 12:49:00.1786996
653 9/25/2011 12:49:06.4923644
833 9/25/2011 12:49:18.3324540
658 9/25/2011 12:49:39.0213776
957 9/25/2011 12:50:00.4249755
589 9/25/2011 12:50:12.9090990
501 9/25/2011 12:50:38.8190943
502 9/25/2011 12:50:58.0064967
521 9/25/2011 12:51:13.5697863
487 9/25/2011 12:51:28.5510297
489 9/25/2011 12:51:57.3964803
490 9/25/2011 12:52:16.9091179
491 9/25/2011 12:52:35.5567107
494 9/25/2011 12:52:52.1491131
495 9/25/2011 12:53:11.1880323
496 9/25/2011 12:53:26.6569767
488 9/25/2011 12:53:47.1625377
506 9/25/2011 12:53:56.8674597
500 9/25/2011 12:54:17.0443056
554 9/25/2011 12:54:44.4723750
586 9/25/2011 12:55:00.5036250
587 9/25/2011 12:55:17.7067500
599 9/25/2011 12:55:41.1846250
615 9/25/2011 12:56:00.7158750
942 9/25/2011 12:56:18.6377500
776 9/25/2011 12:56:31.4785000
735 9/25/2011 12:56:40.7441250
940 9/25/2011 12:56:58.2753750
992 9/25/2011 12:57:21.4628750
542 9/25/2011 12:58:13.7010000
498 9/25/2011 12:58:36.3012500
499 9/25/2011 12:58:50.8481250
531 9/25/2011 12:58:58.9262500
493 9/25/2011 12:59:16.4262500
Insert Area--<none> 9/25/2011 12:59:16.8325000
Insert Area--ANAKROM-REGION-AREA1 9/25/2011 12:59:17.1918750
Insert Area--ANAKROM-REGION-AREA2 9/25/2011 12:59:17.5200000
Insert Area--ANAKROM-REGION-AREA3 9/25/2011 12:59:17.9106250
Insert Area--ANAKROM-REGION-AREA4 9/25/2011 12:59:18.2856250
Insert Area--CAGAYAN-REGION-AREA1 9/25/2011 12:59:18.6450000
Insert Area--CAGAYAN-REGION-AREA1 9/25/2011 12:59:18.9887500
Insert Area--CAGAYAN-REGION-AREA2 9/25/2011 12:59:19.3012500
Insert Area--CAGAYAN-REGION-AREA3 9/25/2011 12:59:19.6762500
Insert Area--CAGAYAN-REGION-AREA4 9/25/2011 12:59:20.0043750
Insert Area--CAGAYAN-REGION-AREA5 9/25/2011 12:59:29.7544760
Insert Area--CARAGA-REGION-AREA1 9/25/2011 12:59:30.1138556
Insert Area--CARAGA-REGION-AREA1 9/25/2011 12:59:30.4888604
Insert Area--CARAGA-REGION-AREA2 9/25/2011 12:59:30.8013644
Insert Area--CARAGA-REGION-AREA3 9/25/2011 12:59:31.1294936
Insert Area--CARAGA-REGION-AREA4 9/25/2011 12:59:31.5201236
Insert Area--Cebu Central A 9/25/2011 12:59:31.8170024
Insert Area--Cebu Central B 9/25/2011 12:59:32.1138812
Insert Area--Cebu Central C 9/25/2011 12:59:32.4107600
Insert Area--Cebu Central D 9/25/2011 12:59:32.7388892
Insert Area--Cebu North A 9/25/2011 12:59:33.0670184
Insert Area--Cebu North A 9/25/2011 12:59:33.3638972
Insert Area--Cebu North B 9/25/2011 12:59:33.6764012
Insert Area--Cebu North C 9/25/2011 12:59:34.0201556
Insert Area--Cebu North D 9/25/2011 12:59:34.5514124
Insert Area--Cebu North E 9/25/2011 12:59:34.8326660
Insert Area--Cebu South A 9/25/2011 12:59:35.1295448
Insert Area--Cebu South B 9/25/2011 12:59:35.4264236
Insert Area--Cebu South C 9/25/2011 12:59:35.7545528
Insert Area--CEBU SOUTH D 9/25/2011 12:59:36.0983072
Insert Area--CEBU SOUTH E 9/25/2011 12:59:37.0514444
Insert Area--DAVA0-MINDANAO-REGION-AREA1 9/25/2011 12:59:37.4108240
Insert Area--DAVA0-MINDANAO-REGION-AREA2 9/25/2011 12:59:37.8170792
Insert Area--DAVA0-MINDANAO-REGION-AREA3 9/25/2011 12:59:38.0983328
Insert Area--DAVA0-MINDANAO-REGION-AREA3 9/25/2011 12:59:38.3952116
Insert Area--DAVA0-MINDANAO-REGION-AREA4 9/25/2011 12:59:38.7545912
Insert Area--DAVA0-MINDANAO-REGION-AREA5 9/25/2011 12:59:39.0514700
Insert Area--DIPOLOG-MINDANAO-REGION-AREA1 9/25/2011 12:59:39.3795992
Insert Area--DIPOLOG-MINDANAO-REGION-AREA2 9/25/2011 12:59:39.7702292
Insert Area--DIPOLOG-MINDANAO-REGION-AREA3 9/25/2011 12:59:40.3952372
Insert Area--HO 9/25/2011 12:59:40.7702420
Insert Area--LEYTE-REGION-AREA1 9/25/2011 12:59:41.0671208
Insert Area--LEYTE-REGION-AREA2 9/25/2011 12:59:41.3796248
Insert Area--LEYTE-REGION-AREA2 9/25/2011 12:59:41.6765036
Insert Area--LEYTE-REGION-AREA3 9/25/2011 12:59:42.1921352
Insert Area--LUZON-SHOWROOMS 9/25/2011 12:59:42.7233920
Insert Area--MINDANAO-SHOWROOMS 9/25/2011 12:59:43.7859056
Insert Area--NCR-SHOWROOMS 9/25/2011 12:59:44.0984096
Insert Area--NEGROS-OCC-REGION-AREA1 9/25/2011 12:59:44.4265388
Insert Area--NEGROS-OCC-REGION-AREA2 9/25/2011 12:59:45.2859248
Insert Area--NEGROS-OCC-REGION-AREA3 9/25/2011 12:59:45.5828036
Insert Area--NEGROS-OCC-REGION-AREA4 9/25/2011 12:59:45.8796824
Insert Area--NEGROS-OCC-REGION-AREA5 9/25/2011 12:59:46.4734400
Insert Area--NEGROS-ORIENTAL-REGION-AREA1 9/25/2011 12:59:46.7703188
Insert Area--NEGROS-ORIENTAL-REGION-AREA2 9/25/2011 12:59:47.1765740
Insert Area--NEGROS-ORIENTAL-REGION-AREA3 9/25/2011 12:59:47.4890780
Insert Area--NEGROS-ORIENTAL-REGION-AREA4 9/25/2011 12:59:47.7859568
Insert Area--OZAMIS-MINDANAO-REGION-AREA1 9/25/2011 12:59:48.0984608
Insert Area--OZAMIS-MINDANAO-REGION-AREA2 9/25/2011 12:59:48.3953396
Insert Area--OZAMIS-MINDANAO-REGION-AREA3 9/25/2011 12:59:48.7078436
Insert Area--OZAMIS-MINDANAO-REGION-AREA4 9/25/2011 12:59:49.0515980
Insert Area--OZAMIS-MINDANAO-REGION-AREA5 9/25/2011 12:59:49.3797272
Insert Area--PANAY-ROMBLON-REGION-AREA1 9/25/2011 12:59:49.7078564
Insert Area--PANAY-ROMBLON-REGION-AREA2 9/25/2011 12:59:50.0359856
Insert Area--PANAY-ROMBLON-REGION-AREA3 9/25/2011 12:59:50.7078692
Insert Area--PANAY-ROMBLON-REGION-AREA3 9/25/2011 12:59:51.0828740
Insert Area--PANAY-ROMBLON-REGION-AREA4 9/25/2011 12:59:51.3953780
Insert Area--PANAY-ROMBLON-REGION-AREA5 9/25/2011 12:59:51.7547576
Insert Area--SAMAR-REGION-AREA1 9/25/2011 12:59:52.0985120
Insert Area--SAMAR-REGION-AREA2 9/25/2011 12:59:52.4266412
Insert Area--SAMAR-REGION-AREA3 9/25/2011 12:59:52.7391452
Insert Area--SOCSKSARGEN-MINDANAO-AREA1 9/25/2011 12:59:53.1297752
Insert Area--SOCSKSARGEN-MINDANAO-AREA1 9/25/2011 12:59:53.9891612
Insert Area--SOCSKSARGEN-MINDANAO-AREA2 9/25/2011 12:59:54.3485408
Insert Area--SOCSKSARGEN-MINDANAO-AREA3 9/25/2011 12:59:54.8641724
Insert Area--SOCSKSARGEN-MINDANAO-AREA4 9/25/2011 12:59:55.2079268
Insert Area--SOCSKSARGEN-MINDANAO-AREA5 9/25/2011 12:59:55.5673064
Insert Area--SOCSKSARGEN-MINDANAO-AREA6 9/25/2011 12:59:55.9423112
Insert Area--VISAYAS-SHOWROOMS 9/25/2011 12:59:56.3173160
Insert Area--ZAMBASTA-MINDANAO-AREA1 9/25/2011 12:59:56.6923208
Insert Area--ZAMBASTA-MINDANAO-AREA2 9/25/2011 12:59:57.0360752
Insert Area--ZAMBASTA-MINDANAO-AREA3 9/25/2011 12:59:57.3954548
Insert region--ANAKROM-REGION 9/25/2011 12:59:57.6142076
Insert region--CAGAYAN-REGION 9/25/2011 12:59:58.2235904
Insert region--CARAGA-REGION 9/25/2011 12:59:58.4579684
Insert region--Cebu Central 9/25/2011 12:59:58.6610960
Insert region--Cebu North 9/25/2011 12:59:59.0048504
Insert region--Cebu South 9/25/2011 12:59:59.2079780
Insert region--DAVA0-MINDANAO-REGION 9/25/2011 12:59:59.4111056
Insert region--DIPOLOG-MINDANAO-REGION 9/25/2011 12:59:59.6142332
Insert region--HO 9/25/2011 12:59:59.8017356
Insert region--LA-SHOWROOMS 9/25/2011 13:00:00.0048632
Insert region--LEYTE-REGION 9/25/2011 13:00:00.2079908
Insert region--LUZON/NCR-SHOWROOMS 9/25/2011 13:00:00.5361200
Insert region--NEGROS-OCC-REGION 9/25/2011 13:00:00.8017484
Insert region--NEGROS-ORIENTAL-REGION 9/25/2011 13:00:01.1767532
Insert region--OZAMIS-MINDANAO-REGION 9/25/2011 13:00:01.3642556
Insert region--PANAY-ROMBLON-REGION 9/25/2011 13:00:01.7548856
Insert region--SAMAR-REGION 9/25/2011 13:00:02.1611408
Insert region--SOCSKSARGEN-MINDANAO-REGION 9/25/2011 13:00:02.3642684
Insert region--VISMIN-SHOWROOMS 9/25/2011 13:00:02.5517708
Insert region--ZAMBASTA-MINDANAO-REGION 9/25/2011 13:00:02.7236480
Insert Vismin Wide--  9/25/2011 13:00:02.8642748
941 9/24/2011 13:00:14.8019276
677 9/24/2011 13:00:35.1812500
711 9/24/2011 13:00:48.1187500
712 9/24/2011 13:00:58.7906250
726 9/24/2011 13:01:17.1656250
036 9/24/2011 13:01:38.0840000
057 9/24/2011 13:01:58.0058750
066 9/24/2011 13:02:11.7090000
079 9/24/2011 13:02:41.6777500
264 9/24/2011 13:03:09.9590000
593 9/24/2011 13:03:17.5527500
628 9/24/2011 13:03:23.0068318
582 9/24/2011 13:03:29.8899278
537 9/24/2011 13:03:40.7933776
396 9/24/2011 13:04:09.0140712
280 9/24/2011 13:04:22.6898407
281 9/24/2011 13:04:52.4497134
284 9/24/2011 13:05:15.4825000
285 9/24/2011 13:05:35.2458981
290 9/24/2011 13:05:56.0725845
720 9/24/2011 13:06:17.8730677
696 9/24/2011 13:06:24.7521972
697 9/24/2011 13:06:36.8605209
673 9/24/2011 13:06:59.3339466
875 9/24/2011 13:07:18.2581101
727 9/24/2011 13:07:41.0537500
730 9/24/2011 13:08:00.8350000
731 9/24/2011 13:08:20.1318750
724 9/24/2011 13:08:38.2544274
725 9/24/2011 13:08:47.2117494
291 9/24/2011 13:09:09.9822048
287 9/24/2011 13:09:23.8037500
289 9/24/2011 13:09:38.5225000
583 9/24/2011 13:10:02.9443750
639 9/24/2011 13:10:39.1478750
288 9/24/2011 13:10:48.6947500
292 9/24/2011 13:11:06.3666250
282 9/24/2011 13:11:30.0387500
283 9/24/2011 13:11:53.6950000
246 9/24/2011 13:12:10.9293750
250 9/24/2011 13:12:33.0707500
251 9/24/2011 13:12:55.8363750
252 9/24/2011 13:13:30.3833750
254 9/24/2011 13:13:38.7427500
248 9/24/2011 13:14:01.3365000
747 9/24/2011 13:14:29.8055000
843 9/24/2011 13:14:52.2117500
679 9/24/2011 13:15:04.1492500
668 9/24/2011 13:15:20.2742500
005 9/24/2011 13:15:40.4152500
574 9/24/2011 13:16:06.8215000
519 9/24/2011 13:16:20.2590000
533 9/24/2011 13:16:35.1808750
346 9/24/2011 13:16:51.4621250
347 9/24/2011 13:17:15.4621250
348 9/24/2011 13:17:29.2122500
349 9/24/2011 13:17:54.6341250
350 9/24/2011 13:18:37.4316250
351 9/24/2011 13:18:49.5097500
352 9/24/2011 13:19:01.8691250
353 9/24/2011 13:19:09.9003750
373 9/24/2011 13:19:16.1816250
338 9/24/2011 13:19:25.9947500
339 9/24/2011 13:19:35.9322500
342 9/24/2011 13:19:59.9166250
528 9/24/2011 13:20:29.3071250
550 9/24/2011 13:21:07.7290000
604 9/24/2011 13:21:34.6195000
627 9/24/2011 13:21:58.6351250
880 9/24/2011 13:22:33.6124142
881 9/24/2011 13:22:48.3499214
948 9/24/2011 13:23:06.3781754
995 9/24/2011 13:23:43.1677500
355 9/24/2011 13:24:17.0583750
356 9/24/2011 13:24:54.8078750
359 9/24/2011 13:25:29.3870000
360 9/24/2011 13:26:00.3713750
361 9/24/2011 13:26:28.1058750
362 9/24/2011 13:26:39.7777500
363 9/24/2011 13:26:53.0590000
368 9/24/2011 13:27:01.3715000
365 9/24/2011 13:27:10.4496250
344 9/24/2011 13:27:18.2933750
340 9/24/2011 13:27:28.9962500
341 9/24/2011 13:27:52.9181250
640 9/24/2011 13:28:38.4035000
558 9/24/2011 13:28:57.9503750
172 9/24/2011 13:29:11.9660000
335 9/24/2011 13:29:36.3090000
336 9/24/2011 13:29:54.4183750
687 9/24/2011 13:30:17.0590000
688 9/24/2011 13:30:54.1312500
689 9/24/2011 13:31:13.0062500
879 9/24/2011 13:31:41.4198750
343 9/24/2011 13:32:00.6855000
354 9/24/2011 13:32:15.4511250
364 9/24/2011 13:32:58.8100000
410 9/24/2011 13:33:36.5292500
412 9/24/2011 13:33:57.9823750
413 9/24/2011 13:34:22.0448750
414 9/24/2011 13:34:59.2643750
415 9/24/2011 13:35:20.2175000
416 9/24/2011 13:35:43.0920000
405 9/24/2011 13:36:14.2170000
407 9/24/2011 13:36:34.8738750
408 9/24/2011 13:36:48.2332500
618 9/24/2011 13:37:12.0145000
620 9/24/2011 13:37:36.5485950
108 9/24/2011 13:38:04.0826750
845 9/24/2011 13:38:43.5308750
862 9/24/2011 13:39:33.2500000
748 9/24/2011 13:40:06.7500000
878 9/24/2011 13:40:36.8752500
619 9/24/2011 13:41:16.8596250
430 9/24/2011 13:41:38.7656250
406 9/24/2011 13:42:03.3750000
417 9/24/2011 13:42:26.2037500
418 9/24/2011 13:42:38.7506250
419 9/24/2011 13:42:49.5162500
420 9/24/2011 13:43:32.0630000
421 9/24/2011 13:43:50.9380000
423 9/24/2011 13:44:07.0942500
424 9/24/2011 13:44:26.8295000
425 9/24/2011 13:44:43.6420000
431 9/24/2011 13:45:01.5951250
409 9/24/2011 13:45:36.6415000
427 9/24/2011 13:45:55.0008750
428 9/24/2011 13:46:17.1258750
429 9/24/2011 13:46:39.8033944
434 9/24/2011 13:47:01.8310556
954 9/24/2011 13:47:36.5328750
719 9/24/2011 13:47:52.9547500
718 9/24/2011 13:48:10.7828750
435 9/24/2011 13:49:01.1931105
436 9/24/2011 13:49:19.6235095
437 9/24/2011 13:49:33.0715943
439 9/24/2011 13:49:48.5973479
440 9/24/2011 13:50:09.5797863
441 9/24/2011 13:50:20.1648167
432 9/24/2011 13:50:34.9672456
433 9/24/2011 13:51:00.4130484
105 9/24/2011 13:51:20.3726861
018 9/24/2011 13:51:38.7981590
037 9/24/2011 13:51:58.7548596
040 9/24/2011 13:52:27.4470482
029 9/24/2011 13:52:46.8081578
030 9/24/2011 13:53:02.2626674
032 9/24/2011 13:53:15.6544922
033 9/24/2011 13:53:33.0305050
034 9/24/2011 13:53:46.7341562
035 9/24/2011 13:54:37.3550346
750 9/24/2011 13:55:05.6554706
868 9/24/2011 13:55:27.9812562
846 9/24/2011 13:55:42.9864402
749 9/24/2011 13:55:55.4438690
867 9/24/2011 13:56:15.6383458
022 9/24/2011 13:57:02.1162974
023 9/24/2011 13:57:26.3596291
024 9/24/2011 13:57:47.2323269
025 9/24/2011 13:58:08.4492521
026 9/24/2011 13:58:28.0506900
027 9/24/2011 13:59:18.0230264
028 9/24/2011 13:59:40.6731491
019 9/24/2011 14:00:01.9462596
020 9/24/2011 14:00:20.8122731
078 9/24/2011 14:00:44.2101572
526 9/24/2011 14:01:13.7192196
512 9/24/2011 14:02:03.4313206
508 9/24/2011 14:02:59.2339424
616 9/24/2011 14:03:45.3147290
633 9/24/2011 14:04:12.3313914
045 9/24/2011 14:04:29.9413470
046 9/24/2011 14:04:57.1764192
047 9/24/2011 14:05:56.3808428
048 9/24/2011 14:06:59.1159533
049 9/24/2011 14:07:43.2099855
050 9/24/2011 14:08:05.2101263
054 9/24/2011 14:08:41.4917302
042 9/24/2011 14:09:12.3827506
052 9/24/2011 14:09:38.5027432
325 9/24/2011 14:10:02.0797722
053 9/24/2011 14:10:33.7413318
043 9/24/2011 14:11:16.8913450
055 9/24/2011 14:11:36.9394053
051 9/24/2011 14:12:22.3130459
041 9/24/2011 14:13:02.1749361
038 9/24/2011 14:13:53.0195172
532 9/24/2011 14:14:25.1049395
866 9/24/2011 14:14:50.2173678
722 9/24/2011 14:16:02.2235820
721 9/24/2011 14:16:20.5996404
864 9/24/2011 14:16:52.0225701
865 9/24/2011 14:17:13.5701346
710 9/24/2011 14:17:37.7738389
547 9/24/2011 14:17:53.2428859
644 9/24/2011 14:18:19.5715164
591 9/24/2011 14:18:44.6347569
571 9/24/2011 14:19:05.1018177
578 9/24/2011 14:19:22.5332441
067 9/24/2011 14:19:38.9669954
068 9/24/2011 14:20:07.7690600
069 9/24/2011 14:20:38.1191783
065 9/24/2011 14:21:03.2756727
260 9/24/2011 14:21:22.2214615
240 9/24/2011 14:21:50.8854621
070 9/24/2011 14:22:12.2695091
071 9/24/2011 14:22:29.1701510
072 9/24/2011 14:23:07.3156232
073 9/24/2011 14:23:36.5397938
056 9/24/2011 14:23:55.4237330
064 9/24/2011 14:24:16.3867814
087 9/24/2011 14:24:58.3669348
585 9/24/2011 14:25:35.5773737
511 9/24/2011 14:25:54.8609683
699 9/24/2011 14:26:21.0203989
936 9/24/2011 14:27:17.7584958
943 9/24/2011 14:27:37.3467398
088 9/24/2011 14:27:53.8282958
089 9/24/2011 14:28:14.6611078
090 9/24/2011 14:28:46.3984823
092 9/24/2011 14:29:19.2080553
093 9/24/2011 14:29:40.6419963
094 9/24/2011 14:30:03.5811573
080 9/24/2011 14:30:28.3592015
081 9/24/2011 14:30:47.7659063
082 9/24/2011 14:31:14.8789055
084 9/24/2011 14:31:44.0803877
085 9/24/2011 14:32:01.4923823
086 9/24/2011 14:32:23.0498403
083 9/24/2011 14:33:18.0367285
095 9/24/2011 14:33:46.1094154
074 9/24/2011 14:34:11.2110348
075 9/24/2011 14:34:36.3729788
076 9/24/2011 14:35:02.7520300
573 9/24/2011 14:35:26.9585701
937 9/24/2011 14:35:46.8821026
938 9/24/2011 14:36:18.9472702
656 9/24/2011 14:37:10.8777841
869 9/24/2011 14:37:32.5213296
728 9/24/2011 14:37:47.3039040
944 9/24/2011 14:38:15.3689184
945 9/24/2011 14:38:33.1669183
997 9/24/2011 14:39:04.3401898
058 9/24/2011 14:40:17.5685416
059 9/24/2011 14:40:43.3678242
060 9/24/2011 14:41:10.8543100
061 9/24/2011 14:41:29.5430700
062 9/24/2011 14:41:50.5285194
063 9/24/2011 14:42:06.1074420
120 9/24/2011 14:42:40.6710216
121 9/24/2011 14:43:03.5931900
122 9/24/2011 14:43:33.5155172
125 9/24/2011 14:43:51.5627387
126 9/24/2011 14:44:11.6724998
128 9/24/2011 14:44:41.5773792
129 9/24/2011 14:45:06.7575856
130 9/24/2011 14:45:27.2237077
575 9/24/2011 14:45:40.6092365
835 9/24/2011 14:46:09.6164280
702 9/24/2011 14:46:40.6494657
666 9/24/2011 14:47:02.2986777
839 9/24/2011 14:47:23.9007605
555 9/24/2011 14:47:45.7957286
123 9/24/2011 14:48:13.6606309
124 9/24/2011 14:48:41.1019281
106 9/24/2011 14:49:16.2151230
103 9/24/2011 14:49:32.6382141
109 9/24/2011 14:49:47.9514981
112 9/24/2011 14:50:01.4678151
115 9/24/2011 14:50:20.5781685
117 9/24/2011 14:50:46.9382735
118 9/24/2011 14:51:13.3608249
119 9/24/2011 14:51:39.9237849
834 9/24/2011 14:52:00.8615529
670 9/24/2011 14:52:17.1117609
953 9/24/2011 14:52:53.0653461
876 9/24/2011 14:53:37.4564451
947 9/24/2011 14:54:02.5972310
104 9/24/2011 14:54:35.8319025
096 9/24/2011 14:54:51.5977293
097 9/24/2011 14:55:06.3791685
098 9/24/2011 14:55:21.0199809
099 9/24/2011 14:55:32.5200655
100 9/24/2011 14:55:49.0201711
101 9/24/2011 14:56:01.8483782
017 9/24/2011 14:56:14.0828315
566 9/24/2011 14:56:48.2235119
567 9/24/2011 14:57:15.9266369
549 9/24/2011 14:57:42.2547619
559 9/24/2011 14:58:19.4891369
107 9/24/2011 14:59:06.7394185
116 9/24/2011 14:59:22.0988918
113 9/24/2011 14:59:57.3022421
114 9/24/2011 15:01:22.0996598
110 9/24/2011 15:01:42.5527889
111 9/24/2011 15:02:21.3809139
836 9/24/2011 15:03:05.4436872
837 9/24/2011 15:03:32.7251118
838 9/24/2011 15:03:59.8659105
723 9/24/2011 15:04:41.4285569
739 9/24/2011 15:05:22.6629319
136 9/24/2011 15:05:43.5644793
308 9/24/2011 15:06:24.3354467
309 9/24/2011 15:07:07.6593119
298 9/24/2011 15:07:45.9476369
299 9/24/2011 15:08:22.6869490
300 9/24/2011 15:09:13.9093088
301 9/24/2011 15:09:46.3014606
303 9/24/2011 15:10:10.7398990
306 9/24/2011 15:10:39.5926354
527 9/24/2011 15:11:09.5383794
515 9/24/2011 15:11:45.0490949
602 9/24/2011 15:12:08.1545444
624 9/24/2011 15:12:33.3187934
540 9/24/2011 15:12:57.7709950
541 9/24/2011 15:13:24.0989251
302 9/24/2011 15:13:52.2480148
333 9/24/2011 15:14:11.3631379
334 9/24/2011 15:14:28.5907501
326 9/24/2011 15:14:59.1348889
327 9/24/2011 15:15:35.5536349
328 9/24/2011 15:16:03.1917181
329 9/24/2011 15:16:44.7530712
127 9/24/2011 15:17:20.6834525
893 9/24/2011 15:17:51.7187207
894 9/24/2011 15:18:05.8454383
892 9/24/2011 15:18:28.5665829
661 9/24/2011 15:18:51.9429293
701 9/24/2011 15:19:00.0683973
319 9/24/2011 15:19:11.7878223
320 9/24/2011 15:19:31.1949757
321 9/24/2011 15:19:55.8988912
322 9/24/2011 15:20:20.8371892
323 9/24/2011 15:21:08.9943892
307 9/24/2011 15:21:23.0573722
311 9/24/2011 15:21:33.0510127
312 9/24/2011 15:21:50.4890552
315 9/24/2011 15:22:07.8332607
316 9/24/2011 15:22:41.0117898
286 9/24/2011 15:23:25.7348665
426 9/24/2011 15:23:43.1452383
517 9/24/2011 15:24:03.9782954
590 9/24/2011 15:24:15.4341325
317 9/24/2011 15:24:58.9871578
313 9/24/2011 15:25:11.8637234
314 9/24/2011 15:25:34.9438817
310 9/24/2011 15:25:56.0388467
148 9/24/2011 15:26:13.3679698
709 9/24/2011 15:26:45.5892678
671 9/24/2011 15:27:06.7295807
890 9/24/2011 15:27:22.2053538
891 9/24/2011 15:27:36.9822463
860 9/24/2011 15:28:00.1241183
332 9/24/2011 15:28:17.4023403
324 9/24/2011 15:28:37.6931790
330 9/24/2011 15:29:19.8966090
271 9/24/2011 15:29:44.0110347
570 9/24/2011 15:30:04.2179094
622 9/24/2011 15:30:15.8763228
608 9/24/2011 15:30:36.5820653
545 9/24/2011 15:31:27.7742616
553 9/24/2011 15:31:48.7440852
565 9/24/2011 15:32:05.7605814
442 9/24/2011 15:32:53.3247382
443 9/24/2011 15:33:26.2786638
438 9/24/2011 15:33:58.5134514
445 9/24/2011 15:34:19.8418494
447 9/24/2011 15:34:50.8733177
448 9/24/2011 15:35:35.4991262
449 9/24/2011 15:36:06.0362636
450 9/24/2011 15:36:23.9926666
854 9/24/2011 15:36:47.9600123
991 9/24/2011 15:37:15.6531766
884 9/24/2011 15:37:39.4639864
451 9/24/2011 15:37:56.6053168
452 9/24/2011 15:38:11.8229395
459 9/24/2011 15:38:47.7674772
460 9/24/2011 15:39:25.2731186
461 9/24/2011 15:39:44.1664103
462 9/24/2011 15:40:09.0548393
463 9/24/2011 15:40:33.3235294
464 9/24/2011 15:41:10.8260912
455 9/24/2011 15:41:44.2999927
457 9/24/2011 15:42:02.3551837
564 9/24/2011 15:42:48.1204765
612 9/24/2011 15:43:21.5500519
630 9/24/2011 15:43:46.1120417
606 9/24/2011 15:44:05.9059517
610 9/24/2011 15:44:43.2514917
611 9/24/2011 15:45:33.5158917
548 9/24/2011 15:46:00.3483092
524 9/24/2011 15:46:25.1802549
458 9/24/2011 15:47:11.9031909
479 9/24/2011 15:47:35.7484261
453 9/24/2011 15:48:03.2651077
454 9/24/2011 15:48:36.0022337
233 9/24/2011 15:49:06.2568801
885 9/24/2011 15:49:47.9959088
886 9/24/2011 15:50:21.9674850
887 9/24/2011 15:50:42.5934504
888 9/24/2011 15:51:08.8290007
663 9/24/2011 15:52:06.1429651
001 9/24/2011 15:52:19.1900906
207 9/24/2011 15:52:36.4107957
208 9/24/2011 15:53:07.1651253
209 9/24/2011 15:53:48.3231781
210 9/24/2011 15:54:03.7855997
212 9/24/2011 15:54:26.3606816
214 9/24/2011 15:54:54.4316228
215 9/24/2011 15:55:42.3493214
216 9/24/2011 15:56:02.2428743
217 9/24/2011 15:56:21.3550622
218 9/24/2011 15:56:51.5451838
645 9/24/2011 15:57:14.6721078
650 9/24/2011 15:58:03.7531972
651 9/24/2011 15:58:33.4825168
674 9/24/2011 15:58:51.8432512
675 9/24/2011 15:59:35.7225658
949 9/24/2011 16:00:03.8102098
996 9/24/2011 16:00:30.5339833
874 9/24/2011 16:01:48.0634537
579 9/24/2011 16:02:23.2744678
191 9/24/2011 16:03:17.3192040
201 9/24/2011 16:04:21.0464482
202 9/24/2011 16:05:00.0788637
203 9/24/2011 16:05:23.8706147
204 9/24/2011 16:06:06.7554931
205 9/24/2011 16:06:31.3852217
193 9/24/2011 16:06:51.5281669
194 9/24/2011 16:07:14.6089505
195 9/24/2011 16:08:20.3163541
196 9/24/2011 16:08:39.6921533
197 9/24/2011 16:09:04.4274781
198 9/24/2011 16:09:31.4596074
199 9/24/2011 16:10:21.1324361
206 9/24/2011 16:10:48.5079617
219 9/24/2011 16:11:24.6805027
221 9/24/2011 16:11:54.0555027
222 9/24/2011 16:12:28.0555338
223 9/24/2011 16:13:06.0557770
224 9/24/2011 16:13:33.3997020
225 9/24/2011 16:14:36.4157303
226 9/24/2011 16:15:10.6971997
227 9/24/2011 16:15:34.9472797
228 9/24/2011 16:16:17.6816547
229 9/24/2011 16:16:49.7286995
230 9/24/2011 16:17:05.3069242
634 9/24/2011 16:17:29.1039515
872 9/24/2011 16:18:22.9949214
993 9/24/2011 16:18:45.9792977
698 9/24/2011 16:19:14.0261727
844 9/24/2011 16:19:28.7449227
851 9/24/2011 16:20:03.4011727
007 9/24/2011 16:20:43.1356753
012 9/24/2011 16:21:04.9639400
013 9/24/2011 16:21:32.1047387
014 9/24/2011 16:22:24.4801399
006 9/24/2011 16:22:41.2000669
008 9/24/2011 16:22:56.2636273
009 9/24/2011 16:23:12.3585103
010 9/24/2011 16:23:31.7027773
011 9/24/2011 16:24:24.7481252
015 9/24/2011 16:24:51.6107663
016 9/24/2011 16:25:12.2070205
369 9/24/2011 16:25:27.1773190
946 9/24/2011 16:26:19.3980742
870 9/24/2011 16:26:38.7563876
738 9/24/2011 16:26:51.2084765
705 9/24/2011 16:27:01.8638399
609 9/24/2011 16:27:15.1752323
614 9/24/2011 16:27:50.6266039
597 9/24/2011 16:28:44.1875655
163 9/24/2011 16:29:07.3278943
176 9/24/2011 16:30:08.2180232
177 9/24/2011 16:30:30.4679224
178 9/24/2011 16:30:45.4835474
180 9/24/2011 16:31:01.2804224
181 9/24/2011 16:31:16.0147974
182 9/24/2011 16:32:09.9366724
183 9/24/2011 16:32:43.0461695
184 9/24/2011 16:32:59.8900273
185 9/24/2011 16:33:15.8588795
186 9/24/2011 16:34:10.0776814
188 9/24/2011 16:34:30.1558064
189 9/24/2011 16:34:52.2651814
190 9/24/2011 16:35:09.1089314
636 9/24/2011 16:36:04.2339314
751 9/24/2011 16:36:24.4683096
737 9/24/2011 16:36:34.4058732
685 9/24/2011 16:37:09.9686008
994 9/24/2011 16:37:50.7813620
987 9/24/2011 16:38:16.0471487
601 9/24/2011 16:38:28.7971994
580 9/24/2011 16:39:13.4065744
318 9/24/2011 16:39:57.6565744
179 9/24/2011 16:40:26.2347139
173 9/24/2011 16:40:45.7192136
174 9/24/2011 16:41:22.3913233
164 9/24/2011 16:42:51.6262694
165 9/24/2011 16:43:05.1576060
167 9/24/2011 16:43:19.9858259
168 9/24/2011 16:43:44.0483514
171 9/24/2011 16:44:17.4233514
603 9/24/2011 16:44:45.3453632
504 9/24/2011 16:45:03.0173513
374 9/24/2011 16:45:36.5019406
686 9/24/2011 16:46:00.5645946
707 9/24/2011 16:46:19.7209672
669 9/24/2011 16:46:48.0805237
736 9/24/2011 16:47:18.5807189
706 9/24/2011 16:48:07.1279046
999 9/24/2011 16:48:28.3780406
505 9/24/2011 16:48:44.2843924
635 9/24/2011 16:49:06.1907826
169 9/24/2011 16:49:19.5971184
170 9/24/2011 16:49:35.5346464
166 9/24/2011 16:50:20.4408964
337 9/24/2011 16:50:48.1596464
155 9/24/2011 16:51:11.7065214
156 9/24/2011 16:51:41.6597596
157 9/24/2011 16:52:19.8318789
158 9/24/2011 16:52:49.2851924
159 9/24/2011 16:53:09.3478208
149 9/24/2011 16:54:19.5201449
151 9/24/2011 16:54:42.0201734
152 9/24/2011 16:55:05.6764234
147 9/24/2011 16:56:30.3643483
145 9/24/2011 16:56:51.6457345
595 9/24/2011 16:57:13.6302502
539 9/24/2011 16:58:00.7553164
678 9/24/2011 16:58:49.5678164
853 9/24/2011 16:59:12.8646914
764 9/24/2011 17:00:14.4743896
758 9/24/2011 17:00:49.3652379
744 9/24/2011 17:01:06.5997232
716 9/24/2011 17:01:31.3348934
657 9/24/2011 17:02:10.9695941
529 9/24/2011 17:03:08.2524113
530 9/24/2011 17:03:31.8288391
584 9/24/2011 17:04:03.5089959
588 9/24/2011 17:04:36.6855817
146 9/24/2011 17:05:12.0741657
153 9/24/2011 17:05:59.6012057
154 9/24/2011 17:06:33.1546347
144 9/24/2011 17:07:10.0691247
160 9/24/2011 17:07:32.3851447
161 9/24/2011 17:08:01.7727047
305 9/24/2011 17:09:04.7823597
143 9/24/2011 17:09:32.2311469
133 9/24/2011 17:10:08.4276793
137 9/24/2011 17:10:56.4980257
138 9/24/2011 17:11:15.8128741
139 9/24/2011 17:11:38.9242992
140 9/24/2011 17:13:02.8977186
021 9/24/2011 17:13:21.7890690
637 9/24/2011 17:14:31.8994502
638 9/24/2011 17:14:50.1810512
613 9/24/2011 17:15:28.6372425
518 9/24/2011 17:15:48.6009666
680 9/24/2011 17:16:05.8444965
681 9/24/2011 17:16:43.0779183
717 9/24/2011 17:17:07.3811688
708 9/24/2011 17:17:25.2763383
741 9/24/2011 17:17:44.2945190
734 9/24/2011 17:18:02.0937859
871 9/24/2011 17:18:50.2322594
950 9/24/2011 17:19:29.3343248
952 9/24/2011 17:20:06.9810068
951 9/24/2011 17:20:54.4799285
761 9/24/2011 17:21:19.8210022
752 9/24/2011 17:21:32.9299864
714 9/24/2011 17:21:45.2532820
715 9/24/2011 17:21:58.1239321
690 9/24/2011 17:22:13.4185807
682 9/24/2011 17:23:12.1057049
659 9/24/2011 17:23:39.4270214
642 9/24/2011 17:24:07.0269524
345 9/24/2011 17:24:37.2509648
141 9/24/2011 17:25:29.9388009
142 9/24/2011 17:25:55.9252709
131 9/24/2011 17:26:17.5754444
132 9/24/2011 17:26:48.6890533
134 9/24/2011 17:27:37.1035347
135 9/24/2011 17:27:56.0187387
477 9/24/2011 17:28:11.4948147
478 9/24/2011 17:28:45.8498439
469 9/24/2011 17:29:20.3738631
470 9/24/2011 17:29:38.0319909
472 9/24/2011 17:30:02.1193779
473 9/24/2011 17:30:21.4769919
497 9/24/2011 17:31:19.7827742
546 9/24/2011 17:31:42.1734274
665 9/24/2011 17:31:56.7756768
691 9/24/2011 17:32:09.1109817
732 9/24/2011 17:32:48.5177146
983 9/24/2011 17:33:40.2339367
984 9/24/2011 17:34:03.3779680
759 9/24/2011 17:34:41.6236558
840 9/24/2011 17:35:31.3590669
692 9/24/2011 17:35:44.6183101
683 9/24/2011 17:35:58.5968047
684 9/24/2011 17:36:24.2866176
476 9/24/2011 17:37:21.1352655
480 9/24/2011 17:37:52.8051502
481 9/24/2011 17:38:09.2326102
483 9/24/2011 17:38:25.6122862
484 9/24/2011 17:38:44.5776625
485 9/24/2011 17:39:45.6882916
486 9/24/2011 17:40:04.1473216
482 9/24/2011 17:40:26.6072641
475 9/24/2011 17:41:19.9595491
366 9/24/2011 17:41:41.0232932
367 9/24/2011 17:42:01.8754868
370 9/24/2011 17:42:23.2129792
371 9/24/2011 17:43:12.0942500
552 9/24/2011 17:43:37.9803133
649 9/24/2011 17:44:10.0292605
694 9/24/2011 17:44:24.5201892
695 9/24/2011 17:45:24.6438784
985 9/24/2011 17:45:47.8211728
986 9/24/2011 17:46:02.0059272
877 9/24/2011 17:46:32.1079222
733 9/24/2011 17:46:52.8362194
551 9/24/2011 17:47:28.6330054
581 9/24/2011 17:47:47.9344499
536 9/24/2011 17:48:08.6112200
474 9/24/2011 17:49:13.6035798
465 9/24/2011 17:49:41.7300334
466 9/24/2011 17:50:11.1298494
467 9/24/2011 17:50:28.9398452
664 9/24/2011 17:51:13.6774844
882 9/24/2011 17:51:32.1055172
982 9/24/2011 17:52:13.4267424
729 9/24/2011 17:52:27.4293920
745 9/24/2011 17:52:49.2598919
543 9/24/2011 17:53:54.6248324
522 9/24/2011 17:54:12.9696390
102 9/24/2011 17:54:31.3923526
269 9/24/2011 17:55:18.9091940
273 9/24/2011 17:55:58.1443577
274 9/24/2011 17:56:24.1448569
275 9/24/2011 17:56:48.6139220
262 9/24/2011 17:57:27.6456511
267 9/24/2011 17:57:56.3958351
293 9/24/2011 17:58:18.0053484
259 9/24/2011 17:59:00.9589820
255 9/24/2011 17:59:39.4593787
256 9/24/2011 18:00:02.4751510
257 9/24/2011 18:00:21.9909009
258 9/24/2011 18:00:49.7565416
263 9/24/2011 18:01:30.4752916
261 9/24/2011 18:01:55.0065416
266 9/24/2011 18:02:21.1784166
563 9/24/2011 18:02:40.6628954
766 9/24/2011 18:03:11.8193448
676 9/24/2011 18:03:41.4289093
775 9/24/2011 18:04:19.4135274
740 9/24/2011 18:04:44.5074380
535 9/24/2011 18:05:28.9920686
514 9/24/2011 18:06:08.0545686
272 9/24/2011 18:06:39.5702904
265 9/24/2011 18:07:20.1643002
294 9/24/2011 18:07:53.9770166
296 9/24/2011 18:08:13.4927665
297 9/24/2011 18:08:30.2116235
277 9/24/2011 18:08:49.5554973
278 9/24/2011 18:09:23.8057165
279 9/24/2011 18:09:55.4775956
249 9/24/2011 18:10:18.9775956
247 9/24/2011 18:10:49.1652538
253 9/24/2011 18:11:29.6342628
241 9/24/2011 18:11:57.4781910
242 9/24/2011 18:12:12.3845364
243 9/24/2011 18:12:28.3533636
244 9/24/2011 18:13:31.4783636
245 9/24/2011 18:14:01.2127386
513 9/24/2011 18:14:12.3377386
557 9/24/2011 18:14:31.4553568
779 9/24/2011 18:14:45.5657036
660 9/24/2011 18:15:37.0876296
693 9/24/2011 18:15:52.9407084
662 9/24/2011 18:16:21.8952468
842 9/24/2011 18:17:18.0847563
509 9/24/2011 18:18:01.9205517
510 9/24/2011 18:18:23.1425609
523 9/24/2011 18:18:49.7542433
295 9/24/2011 18:19:42.3204313
268 9/24/2011 18:20:12.1186412
276 9/24/2011 18:20:30.3380574
044 9/24/2011 18:21:01.8542875
236 9/24/2011 18:21:59.7614235
237 9/24/2011 18:22:27.6103899
234 9/24/2011 18:23:05.4978294
232 9/24/2011 18:23:50.0321845
192 9/24/2011 18:24:06.3576301
556 9/24/2011 18:24:31.4841543
544 9/24/2011 18:25:04.7004543
607 9/24/2011 18:26:04.9038201
743 9/24/2011 18:26:30.5958315
647 9/24/2011 18:27:00.5051439
648 9/24/2011 18:27:46.3993473
704 9/24/2011 18:28:13.9632585
762 9/24/2011 18:28:27.2920125
998 9/24/2011 18:28:43.4019030
873 9/24/2011 18:29:05.8713720
596 9/24/2011 18:29:42.8723210
617 9/24/2011 18:30:03.6539700
646 9/24/2011 18:30:25.8892999
525 9/24/2011 18:31:00.0905843
534 9/24/2011 18:32:00.9670354
238 9/24/2011 18:32:25.2999136
239 9/24/2011 18:32:43.2861302
231 9/24/2011 18:33:02.2724492
235 9/24/2011 18:34:00.4187436
503 9/24/2011 18:34:17.9825759
598 9/24/2011 18:34:45.7023257
594 9/24/2011 18:35:05.1492801
700 9/24/2011 18:35:42.9565509
655 9/24/2011 18:36:18.8952027
767 9/24/2011 18:36:38.1720360
939 9/24/2011 18:36:56.8679080
955 9/24/2011 18:37:51.9489475
372 9/24/2011 18:38:11.3595445
381 9/24/2011 18:38:26.5346072
422 9/24/2011 18:38:42.9896276
375 9/24/2011 18:40:10.5129840
376 9/24/2011 18:40:23.1856700
377 9/24/2011 18:40:39.7018690
378 9/24/2011 18:41:07.4840080
200 9/24/2011 18:41:50.0317564
175 9/24/2011 18:42:20.8915264
397 9/24/2011 18:42:57.8451244
398 9/24/2011 18:43:57.6440436
399 9/24/2011 18:44:21.9380364
400 9/24/2011 18:44:41.8772292
401 9/24/2011 18:44:59.4094974
382 9/24/2011 18:45:29.8966772
404 9/24/2011 18:46:10.2232372
444 9/24/2011 18:46:37.8650666
600 9/24/2011 18:47:02.5182770
625 9/24/2011 18:47:39.6147096
863 9/24/2011 18:48:05.3951756
742 9/24/2011 18:48:13.1183716
667 9/24/2011 18:48:28.8137328
841 9/24/2011 18:48:43.9275560
956 9/24/2011 18:49:06.9812160
883 9/24/2011 18:50:01.6324831
626 9/24/2011 18:50:22.1823826
629 9/24/2011 18:50:42.9123584
538 9/24/2011 18:51:14.3998386
383 9/24/2011 18:52:14.1555160
385 9/24/2011 18:52:36.8949958
386 9/24/2011 18:53:04.0241622
388 9/24/2011 18:53:29.3402213
389 9/24/2011 18:54:03.4993131
390 9/24/2011 18:54:30.4700472
220 9/24/2011 18:54:47.0488088
331 9/24/2011 18:55:15.1592632
187 9/24/2011 18:55:43.5818666
391 9/24/2011 18:56:06.3323034
392 9/24/2011 18:57:25.6615549
393 9/24/2011 18:58:02.0524128
394 9/24/2011 18:58:18.8962706
402 9/24/2011 18:58:35.2557503
403 9/24/2011 18:59:12.2559871
560 9/24/2011 19:00:01.5065380
561 9/24/2011 19:00:20.8817860
572 9/24/2011 19:00:41.4444419
605 9/24/2011 19:00:55.6476578
641 9/24/2011 19:01:39.5697186
379 9/24/2011 19:01:58.5853436
380 9/24/2011 19:02:10.4603436
213 9/24/2011 19:02:28.5697186
703 9/24/2011 19:02:47.2728436
889 9/24/2011 19:03:05.1947186
384 9/24/2011 19:04:08.9447186
621 9/24/2011 19:04:29.4916244
569 9/24/2011 19:04:50.9917620
507 9/24/2011 19:05:23.4138445
562 9/24/2011 19:06:34.8518017
568 9/24/2011 19:06:57.3831959
623 9/24/2011 19:07:13.2270473
632 9/24/2011 19:07:52.6489956
003 9/24/2011 19:08:12.1802456
004 9/24/2011 19:08:34.8678108
652 9/24/2011 19:08:49.4460291
653 9/24/2011 19:09:09.1180300
833 9/24/2011 19:09:46.7905471
658 9/24/2011 19:10:26.2367858
957 9/24/2011 19:10:41.2319975
589 9/24/2011 19:11:01.3559156
501 9/24/2011 19:11:43.8797804
502 9/24/2011 19:12:29.0673250
521 9/24/2011 19:12:51.4307068
487 9/24/2011 19:13:06.4177670
489 9/24/2011 19:13:33.1093513
490 9/24/2011 19:14:34.4585542
491 9/24/2011 19:14:52.5688564
494 9/24/2011 19:15:09.1790818
495 9/24/2011 19:15:23.4923146
496 9/24/2011 19:15:40.6490354
488 9/24/2011 19:16:07.1497138
506 9/24/2011 19:16:41.6503804
500 9/24/2011 19:17:22.5727792
554 9/24/2011 19:17:40.2760313
586 9/24/2011 19:18:04.8386885
587 9/24/2011 19:18:33.4638717
599 9/24/2011 19:19:05.8234538
615 9/24/2011 19:19:34.5268252
942 9/24/2011 19:20:07.3241200
776 9/24/2011 19:20:22.2618112
735 9/24/2011 19:20:41.6213259
940 9/24/2011 19:21:16.8559264
992 9/24/2011 19:21:45.9342375
542 9/24/2011 19:22:04.6062320
498 9/24/2011 19:22:35.0845774
499 9/24/2011 19:23:06.3475381
531 9/24/2011 19:23:21.3769054
493 9/24/2011 19:23:40.4809803
Insert Area--<none> 9/24/2011 19:23:40.7779921
Insert Area--ANAKROM-REGION-AREA1 9/24/2011 19:23:41.0906361
Insert Area--ANAKROM-REGION-AREA2 9/24/2011 19:23:41.3876479
Insert Area--ANAKROM-REGION-AREA3 9/24/2011 19:23:41.6846597
Insert Area--ANAKROM-REGION-AREA4 9/24/2011 19:23:42.0910969
Insert Area--CAGAYAN-REGION-AREA1 9/24/2011 19:23:42.3881087
Insert Area--CAGAYAN-REGION-AREA1 9/24/2011 19:23:42.6851205
Insert Area--CAGAYAN-REGION-AREA2 9/24/2011 19:23:42.9821323
Insert Area--CAGAYAN-REGION-AREA3 9/24/2011 19:23:43.2791441
Insert Area--CAGAYAN-REGION-AREA4 9/24/2011 19:23:43.6386847
Insert Area--CAGAYAN-REGION-AREA5 9/24/2011 19:23:43.9356965
Insert Area--CARAGA-REGION-AREA1 9/24/2011 19:23:44.2327083
Insert Area--CARAGA-REGION-AREA1 9/24/2011 19:23:44.5453523
Insert Area--CARAGA-REGION-AREA2 9/24/2011 19:23:44.8736285
Insert Area--CARAGA-REGION-AREA3 9/24/2011 19:23:45.1706403
Insert Area--CARAGA-REGION-AREA4 9/24/2011 19:23:45.4676521
Insert Area--Cebu Central A 9/24/2011 19:23:45.7646639
Insert Area--Cebu Central B 9/24/2011 19:23:46.1867333
Insert Area--Cebu Central C 9/24/2011 19:23:46.4837451
Insert Area--Cebu Central D 9/24/2011 19:23:46.7807569
Insert Area--Cebu North A 9/24/2011 19:23:47.1559297
Insert Area--Cebu North A 9/24/2011 19:23:47.4529415
Insert Area--Cebu North B 9/24/2011 19:23:47.7499533
Insert Area--Cebu North C 9/24/2011 19:23:48.0625973
Insert Area--Cebu North D 9/24/2011 19:23:48.4221379
Insert Area--Cebu North E 9/24/2011 19:23:48.7191497
Insert Area--Cebu South A 9/24/2011 19:23:49.0161615
Insert Area--Cebu South B 9/24/2011 19:23:49.2975411
Insert Area--Cebu South C 9/24/2011 19:23:49.5945529
Insert Area--CEBU SOUTH D 9/24/2011 19:23:49.8915647
Insert Area--CEBU SOUTH E 9/24/2011 19:23:50.1885765
Insert Area--DAVA0-MINDANAO-REGION-AREA1 9/24/2011 19:23:50.4855883
Insert Area--DAVA0-MINDANAO-REGION-AREA2 9/24/2011 19:23:50.7826001
Insert Area--DAVA0-MINDANAO-REGION-AREA3 9/24/2011 19:23:51.0796119
Insert Area--DAVA0-MINDANAO-REGION-AREA3 9/24/2011 19:23:51.3766237
Insert Area--DAVA0-MINDANAO-REGION-AREA4 9/24/2011 19:23:51.6736355
Insert Area--DAVA0-MINDANAO-REGION-AREA5 9/24/2011 19:23:51.9706473
Insert Area--DIPOLOG-MINDANAO-REGION-AREA1 9/24/2011 19:23:52.2676591
Insert Area--DIPOLOG-MINDANAO-REGION-AREA2 9/24/2011 19:23:52.5646709
Insert Area--DIPOLOG-MINDANAO-REGION-AREA3 9/24/2011 19:23:52.8616827
Insert Area--HO 9/24/2011 19:23:53.1586945
Insert Area--LEYTE-REGION-AREA1 9/24/2011 19:23:53.4557063
Insert Area--LEYTE-REGION-AREA2 9/24/2011 19:23:53.7370859
Insert Area--LEYTE-REGION-AREA2 9/24/2011 19:23:54.0340977
Insert Area--LEYTE-REGION-AREA3 9/24/2011 19:23:54.3311095
Insert Area--LUZON-SHOWROOMS 9/24/2011 19:23:54.6281213
Insert Area--MINDANAO-SHOWROOMS 9/24/2011 19:23:54.9251331
Insert Area--NCR-SHOWROOMS 9/24/2011 19:23:55.2221449
Insert Area--NEGROS-OCC-REGION-AREA1 9/24/2011 19:23:55.5035245
Insert Area--NEGROS-OCC-REGION-AREA2 9/24/2011 19:23:55.8005363
Insert Area--NEGROS-OCC-REGION-AREA3 9/24/2011 19:23:56.1131803
Insert Area--NEGROS-OCC-REGION-AREA4 9/24/2011 19:23:56.4101921
Insert Area--NEGROS-OCC-REGION-AREA5 9/24/2011 19:23:56.7072039
Insert Area--NEGROS-ORIENTAL-REGION-AREA1 9/24/2011 19:23:57.0042157
Insert Area--NEGROS-ORIENTAL-REGION-AREA2 9/24/2011 19:23:57.3168597
Insert Area--NEGROS-ORIENTAL-REGION-AREA3 9/24/2011 19:23:57.5982393
Insert Area--NEGROS-ORIENTAL-REGION-AREA4 9/24/2011 19:23:57.8952511
Insert Area--OZAMIS-MINDANAO-REGION-AREA1 9/24/2011 19:23:58.1922629
Insert Area--OZAMIS-MINDANAO-REGION-AREA2 9/24/2011 19:23:58.4892747
Insert Area--OZAMIS-MINDANAO-REGION-AREA3 9/24/2011 19:23:58.7862865
Insert Area--OZAMIS-MINDANAO-REGION-AREA4 9/24/2011 19:23:59.0832983
Insert Area--OZAMIS-MINDANAO-REGION-AREA5 9/24/2011 19:23:59.3646779
Insert Area--PANAY-ROMBLON-REGION-AREA1 9/24/2011 19:23:59.6616897
Insert Area--PANAY-ROMBLON-REGION-AREA2 9/24/2011 19:23:59.9899659
Insert Area--PANAY-ROMBLON-REGION-AREA3 9/24/2011 19:24:00.2869777
Insert Area--PANAY-ROMBLON-REGION-AREA3 9/24/2011 19:24:00.5839895
Insert Area--PANAY-ROMBLON-REGION-AREA4 9/24/2011 19:24:00.8653691
Insert Area--PANAY-ROMBLON-REGION-AREA5 9/24/2011 19:24:01.1623809
Insert Area--SAMAR-REGION-AREA1 9/24/2011 19:24:01.4593927
Insert Area--SAMAR-REGION-AREA2 9/24/2011 19:24:01.7564045
Insert Area--SAMAR-REGION-AREA3 9/24/2011 19:24:02.0534163
Insert Area--SOCSKSARGEN-MINDANAO-AREA1 9/24/2011 19:24:02.3504281
Insert Area--SOCSKSARGEN-MINDANAO-AREA1 9/24/2011 19:24:02.6474399
Insert Area--SOCSKSARGEN-MINDANAO-AREA2 9/24/2011 19:24:02.9288195
Insert Area--SOCSKSARGEN-MINDANAO-AREA3 9/24/2011 19:24:03.2258313
Insert Area--SOCSKSARGEN-MINDANAO-AREA4 9/24/2011 19:24:03.5228431
Insert Area--SOCSKSARGEN-MINDANAO-AREA5 9/24/2011 19:24:03.8198549
Insert Area--SOCSKSARGEN-MINDANAO-AREA6 9/24/2011 19:24:04.1168667
Insert Area--VISAYAS-SHOWROOMS 9/24/2011 19:24:04.4451429
Insert Area--ZAMBASTA-MINDANAO-AREA1 9/24/2011 19:24:04.7421547
Insert Area--ZAMBASTA-MINDANAO-AREA2 9/24/2011 19:24:05.0391665
Insert Area--ZAMBASTA-MINDANAO-AREA3 9/24/2011 19:24:05.3361783
Insert region--ANAKROM-REGION 9/24/2011 19:24:05.5081325
Insert region--CAGAYAN-REGION 9/24/2011 19:24:05.6800867
Insert region--CARAGA-REGION 9/24/2011 19:24:05.8520409
Insert region--Cebu Central 9/24/2011 19:24:06.0083629
Insert region--Cebu North 9/24/2011 19:24:06.1803171
Insert region--Cebu South 9/24/2011 19:24:06.3522713
Insert region--DAVA0-MINDANAO-REGION 9/24/2011 19:24:06.5242255
Insert region--DIPOLOG-MINDANAO-REGION 9/24/2011 19:24:06.6961797
Insert region--HO 9/24/2011 19:24:06.8837661
Insert region--LA-SHOWROOMS 9/24/2011 19:24:07.0557203
Insert region--LEYTE-REGION 9/24/2011 19:24:07.2276745
Insert region--LUZON/NCR-SHOWROOMS 9/24/2011 19:24:07.4152609
Insert region--NEGROS-OCC-REGION 9/24/2011 19:24:07.5872151
Insert region--NEGROS-ORIENTAL-REGION 9/24/2011 19:24:07.7591693
Insert region--OZAMIS-MINDANAO-REGION 9/24/2011 19:24:07.9467557
Insert region--PANAY-ROMBLON-REGION 9/24/2011 19:24:08.1187099
Insert region--SAMAR-REGION 9/24/2011 19:24:08.2906641
Insert region--SOCSKSARGEN-MINDANAO-REGION 9/24/2011 19:24:08.4626183
Insert region--VISMIN-SHOWROOMS 9/24/2011 19:24:08.6345725
Insert region--ZAMBASTA-MINDANAO-REGION 9/24/2011 19:24:08.8221589
Insert Vismin Wide--  9/24/2011 19:24:08.9315843
941 9/23/2011 19:24:49.6170627
677 9/23/2011 19:25:09.0248135
711 9/23/2011 19:25:43.5469901
712 9/23/2011 19:26:18.0465934
726 9/23/2011 19:26:34.2548099
036 9/23/2011 19:26:59.8230359
057 9/23/2011 19:27:15.4827929
066 9/23/2011 19:28:00.5671224
079 9/23/2011 19:28:34.1642024
264 9/23/2011 19:28:56.1654696
593 9/23/2011 19:29:16.0416144
628 9/23/2011 19:29:38.8136636
582 9/23/2011 19:30:02.1829056
537 9/23/2011 19:30:22.1600904
396 9/23/2011 19:30:47.5567812
280 9/23/2011 19:31:10.8587256
281 9/23/2011 19:31:48.4268305
284 9/23/2011 19:32:10.4761042
285 9/23/2011 19:32:41.3379911
290 9/23/2011 19:33:21.3090433
720 9/23/2011 19:33:53.4195358
696 9/23/2011 19:34:07.7168683
697 9/23/2011 19:34:25.8916640
673 9/23/2011 19:34:44.4486455
875 9/23/2011 19:35:01.4552969
727 9/23/2011 19:36:05.6937376
730 9/23/2011 19:36:31.3594105
731 9/23/2011 19:36:50.3074549
724 9/23/2011 19:37:11.7412576
725 9/23/2011 19:37:38.6430584
291 9/23/2011 19:38:24.6560120
287 9/23/2011 19:38:43.7660666
289 9/23/2011 19:38:59.2837733
583 9/23/2011 19:39:31.3586923
639 9/23/2011 19:39:51.2650943
288 9/23/2011 19:40:14.7111083
292 9/23/2011 19:40:33.0259391
282 9/23/2011 19:40:49.4202223
283 9/23/2011 19:41:13.4328413
246 9/23/2011 19:42:03.9209645
250 9/23/2011 19:42:20.4095756
251 9/23/2011 19:42:48.2882294
252 9/23/2011 19:43:17.9921975
254 9/23/2011 19:43:56.0949327
248 9/23/2011 19:44:22.7658543
747 9/23/2011 19:44:42.5941129
843 9/23/2011 19:45:07.8646835
679 9/23/2011 19:45:25.6584013
668 9/23/2011 19:45:56.2195009
005 9/23/2011 19:46:14.7066925
574 9/23/2011 19:47:24.1724052
519 9/23/2011 19:48:33.5078802
533 9/23/2011 19:48:52.5181347
346 9/23/2011 19:49:05.1134062
347 9/23/2011 19:49:16.0032310
348 9/23/2011 19:49:36.4773736
349 9/23/2011 19:50:05.4763600
350 9/23/2011 19:50:43.3341253
351 9/23/2011 19:51:14.0231407
352 9/23/2011 19:51:33.8989198
353 9/23/2011 19:52:07.6355812
373 9/23/2011 19:52:35.6632027
338 9/23/2011 19:52:50.2451530
339 9/23/2011 19:53:28.3953421
342 9/23/2011 19:54:30.1805244
528 9/23/2011 19:54:56.6471074
550 9/23/2011 19:55:12.0415755
604 9/23/2011 19:55:26.8388074
627 9/23/2011 19:56:21.0577920
880 9/23/2011 19:56:53.5318759
881 9/23/2011 19:57:12.8085979
948 9/23/2011 19:57:51.2919234
995 9/23/2011 19:58:10.3286544
355 9/23/2011 19:58:44.8720440
356 9/23/2011 19:59:02.4065400
359 9/23/2011 19:59:31.2540288
360 9/23/2011 20:00:20.2244343
361 9/23/2011 20:00:50.4291819
362 9/23/2011 20:01:10.8923862
363 9/23/2011 20:01:35.9489405
368 9/23/2011 20:01:54.0003200
365 9/23/2011 20:02:39.4630326
344 9/23/2011 20:03:03.5129856
340 9/23/2011 20:03:22.2185046
341 9/23/2011 20:03:53.3147858
640 9/23/2011 20:04:21.3794410
558 9/23/2011 20:05:12.8055963
172 9/23/2011 20:05:48.7847636
335 9/23/2011 20:06:16.7465804
336 9/23/2011 20:06:44.3558196
687 9/23/2011 20:06:59.0965127
688 9/23/2011 20:07:17.3856017
689 9/23/2011 20:07:25.4358447
879 9/23/2011 20:07:40.1577975
343 9/23/2011 20:08:23.6047495
354 9/23/2011 20:08:52.2800763
364 9/23/2011 20:09:10.3915375
410 9/23/2011 20:10:25.1781514
412 9/23/2011 20:10:41.7736174
413 9/23/2011 20:10:56.3807587
414 9/23/2011 20:11:20.6633698
415 9/23/2011 20:11:55.5075187
416 9/23/2011 20:12:19.4530348
405 9/23/2011 20:12:35.0712566
407 9/23/2011 20:12:52.0596632
408 9/23/2011 20:13:07.8279080
618 9/23/2011 20:13:36.6514903
620 9/23/2011 20:14:27.1177717
108 9/23/2011 20:15:17.3197257
845 9/23/2011 20:15:45.8873927
862 9/23/2011 20:16:16.0010071
748 9/23/2011 20:16:33.3622983
878 9/23/2011 20:16:58.9267615
619 9/23/2011 20:17:26.5069511
430 9/23/2011 20:18:11.6336839
406 9/23/2011 20:18:53.6152050
417 9/23/2011 20:19:31.4522121
418 9/23/2011 20:20:00.2257461
419 9/23/2011 20:20:29.9473727
420 9/23/2011 20:21:16.8594137
421 9/23/2011 20:21:46.6122117
423 9/23/2011 20:22:07.3182477
424 9/23/2011 20:22:38.9028747
425 9/23/2011 20:23:02.2570827
431 9/23/2011 20:23:28.5650009
409 9/23/2011 20:23:56.9934243
427 9/23/2011 20:24:10.6684493
428 9/23/2011 20:24:22.9681575
429 9/23/2011 20:25:01.3322071
434 9/23/2011 20:25:24.3817371
954 9/23/2011 20:25:43.1219407
719 9/23/2011 20:26:09.3803407
718 9/23/2011 20:26:29.5470223
435 9/23/2011 20:26:52.6428991
436 9/23/2011 20:27:13.6034671
437 9/23/2011 20:27:38.4901981
439 9/23/2011 20:27:50.2213813
440 9/23/2011 20:28:09.2453455
441 9/23/2011 20:28:39.8947801
432 9/23/2011 20:29:12.3461440
433 9/23/2011 20:29:46.7343434
105 9/23/2011 20:30:16.7002002
018 9/23/2011 20:30:53.1809701
037 9/23/2011 20:31:14.6611432
040 9/23/2011 20:31:30.1150492
029 9/23/2011 20:31:51.1283548
030 9/23/2011 20:32:18.4894298
032 9/23/2011 20:32:35.7626293
033 9/23/2011 20:33:07.8977037
034 9/23/2011 20:33:25.7938552
035 9/23/2011 20:33:44.0467752
750 9/23/2011 20:34:00.7838277
868 9/23/2011 20:34:15.0361077
846 9/23/2011 20:34:33.1008953
749 9/23/2011 20:34:51.0867666
867 9/23/2011 20:35:03.0565124
022 9/23/2011 20:35:26.5115407
023 9/23/2011 20:35:36.1057205
024 9/23/2011 20:35:44.5435985
025 9/23/2011 20:35:55.9347338
026 9/23/2011 20:36:05.2632767
027 9/23/2011 20:36:19.8264291
028 9/23/2011 20:36:29.1392471
019 9/23/2011 20:37:19.1870830
020 9/23/2011 20:37:38.8279983
078 9/23/2011 20:37:48.8281263
526 9/23/2011 20:38:15.0784623
512 9/23/2011 20:38:24.9223383
508 9/23/2011 20:38:48.4849913
616 9/23/2011 20:39:14.6570338
633 9/23/2011 20:39:19.8758172
045 9/23/2011 20:39:27.5321307
046 9/23/2011 20:39:40.8135507
047 9/23/2011 20:40:05.2982391
048 9/23/2011 20:40:27.4703838
049 9/23/2011 20:40:57.8143280
050 9/23/2011 20:41:42.8614913
054 9/23/2011 20:41:55.9709502
042 9/23/2011 20:42:04.9866329
052 9/23/2011 20:42:12.9710590
325 9/23/2011 20:42:23.6273772
053 9/23/2011 20:42:35.2836250
043 9/23/2011 20:42:54.2523750
055 9/23/2011 20:43:03.0336250
051 9/23/2011 20:43:17.1742500
041 9/23/2011 20:43:31.0492500
038 9/23/2011 20:43:40.3461250
532 9/23/2011 20:43:50.4242500
866 9/23/2011 20:44:01.4398750
722 9/23/2011 20:44:15.3148750
721 9/23/2011 20:44:38.4243342
864 9/23/2011 20:44:51.8931704
865 9/23/2011 20:45:01.3776061
710 9/23/2011 20:45:07.0338923
547 9/23/2011 20:45:27.6121490
644 9/23/2011 20:45:58.5654721
591 9/23/2011 20:46:25.2531429
571 9/23/2011 20:46:51.7533125
578 9/23/2011 20:47:25.8957000
067 9/23/2011 20:47:49.8141699
068 9/23/2011 20:48:02.6270765
069 9/23/2011 20:48:13.8736131
065 9/23/2011 20:48:37.7127305
260 9/23/2011 20:49:01.5627011
240 9/23/2011 20:49:32.9406405
070 9/23/2011 20:49:45.9112258
071 9/23/2011 20:50:01.3598673
072 9/23/2011 20:50:18.0632208
073 9/23/2011 20:50:42.2317759
056 9/23/2011 20:50:52.6107757
064 9/23/2011 20:51:01.4399701
087 9/23/2011 20:51:17.9555731
585 9/23/2011 20:51:38.0909369
511 9/23/2011 20:52:17.4719533
699 9/23/2011 20:52:44.0453447
936 9/23/2011 20:52:53.8059480
943 9/23/2011 20:53:02.4855214
088 9/23/2011 20:53:10.3190714
089 9/23/2011 20:53:22.0693964
090 9/23/2011 20:53:31.4083106
092 9/23/2011 20:53:51.7172786
093 9/23/2011 20:54:08.6257481
094 9/23/2011 20:54:20.0182016
080 9/23/2011 20:54:31.6488219
081 9/23/2011 20:54:45.5113041
082 9/23/2011 20:54:56.0574782
084 9/23/2011 20:55:03.3973639
085 9/23/2011 20:55:11.3659336
086 9/23/2011 20:55:20.2775293
083 9/23/2011 20:55:29.3032286
095 9/23/2011 20:55:39.9910552
074 9/23/2011 20:55:52.5280952
075 9/23/2011 20:56:01.2413380
076 9/23/2011 20:56:10.3620346
573 9/23/2011 20:56:19.2946756
937 9/23/2011 20:56:33.3869491
938 9/23/2011 20:56:58.2988835
656 9/23/2011 20:57:04.7302937
869 9/23/2011 20:57:16.1847761
728 9/23/2011 20:57:22.5692417
944 9/23/2011 20:57:32.2034844
945 9/23/2011 20:57:44.6033875
997 9/23/2011 20:57:53.1879358
058 9/23/2011 20:58:01.6473905
059 9/23/2011 20:58:09.4031937
060 9/23/2011 20:58:25.9622328
061 9/23/2011 20:58:46.9545315
062 9/23/2011 20:59:03.0387276
063 9/23/2011 20:59:11.6044608
120 9/23/2011 20:59:21.0767862
121 9/23/2011 20:59:36.7055808
122 9/23/2011 21:00:01.1790288
125 9/23/2011 21:01:23.2673553
126 9/23/2011 21:01:32.8773168
128 9/23/2011 21:01:46.1904984
129 9/23/2011 21:02:16.9420728
130 9/23/2011 21:02:33.6710304
575 9/23/2011 21:02:53.8332972
835 9/23/2011 21:03:19.6799414
702 9/23/2011 21:03:50.9077350
666 9/23/2011 21:04:01.3038402
839 9/23/2011 21:04:13.8795210
555 9/23/2011 21:04:29.0673702
123 9/23/2011 21:04:43.1392374
124 9/23/2011 21:05:05.8827558
106 9/23/2011 21:05:53.0463047
103 9/23/2011 21:07:05.3464963
109 9/23/2011 21:07:22.7165581
112 9/23/2011 21:07:31.8093928
115 9/23/2011 21:07:45.9552490
117 9/23/2011 21:08:00.9157060
118 9/23/2011 21:08:18.6489388
119 9/23/2011 21:08:34.7723212
834 9/23/2011 21:08:46.4280697
670 9/23/2011 21:08:53.7970060
953 9/23/2011 21:09:04.4827459
876 9/23/2011 21:09:20.2688536
947 9/23/2011 21:09:29.9816559
104 9/23/2011 21:09:46.0390063
096 9/23/2011 21:10:01.0957039
097 9/23/2011 21:10:33.3329159
098 9/23/2011 21:10:50.0727530
099 9/23/2011 21:11:14.3775585
100 9/23/2011 21:11:25.4905546
101 9/23/2011 21:11:32.8667818
017 9/23/2011 21:11:40.1492434
566 9/23/2011 21:11:48.5881474
567 9/23/2011 21:11:56.6363614
549 9/23/2011 21:12:05.3721898
559 9/23/2011 21:12:13.8736042
107 9/23/2011 21:12:23.1876538
116 9/23/2011 21:12:33.9431282
113 9/23/2011 21:12:41.4476402
114 9/23/2011 21:12:49.2648402
110 9/23/2011 21:12:57.7074162
111 9/23/2011 21:13:06.1499922
836 9/23/2011 21:13:17.4536634
837 9/23/2011 21:13:26.0847804
838 9/23/2011 21:13:34.0704624
723 9/23/2011 21:13:45.3756828
739 9/23/2011 21:13:49.2276000
136 9/23/2011 21:13:56.2581318
308 9/23/2011 21:14:03.8680170
309 9/23/2011 21:14:11.6501424
298 9/23/2011 21:14:18.7902816
299 9/23/2011 21:14:26.3696541
300 9/23/2011 21:14:33.7669797
301 9/23/2011 21:14:42.0576264
303 9/23/2011 21:14:52.4953782
306 9/23/2011 21:15:06.8668773
527 9/23/2011 21:15:18.0412272
515 9/23/2011 21:15:25.9393820
602 9/23/2011 21:15:35.2660072
624 9/23/2011 21:15:44.6865246
540 9/23/2011 21:15:54.4043673
541 9/23/2011 21:16:10.7416101
302 9/23/2011 21:16:19.4266386
333 9/23/2011 21:16:30.5646898
334 9/23/2011 21:16:39.5246335
326 9/23/2011 21:16:48.9693211
327 9/23/2011 21:17:01.6508470
328 9/23/2011 21:17:10.8922549
329 9/23/2011 21:17:18.9139846
127 9/23/2011 21:17:26.5477618
893 9/23/2011 21:17:34.1221195
894 9/23/2011 21:17:47.1067327
892 9/23/2011 21:17:57.7390609
661 9/23/2011 21:18:05.6113747
701 9/23/2011 21:18:13.3582333
319 9/23/2011 21:18:22.1087335
320 9/23/2011 21:18:29.5832241
321 9/23/2011 21:18:36.4108097
322 9/23/2011 21:19:01.4818293
323 9/23/2011 21:19:10.0319709
307 9/23/2011 21:19:16.5463645
311 9/23/2011 21:19:24.0159937
312 9/23/2011 21:19:31.7450474
315 9/23/2011 21:19:52.7685674
316 9/23/2011 21:20:11.3205724
286 9/23/2011 21:20:19.0166824
426 9/23/2011 21:20:26.3212949
517 9/23/2011 21:20:36.4519973
590 9/23/2011 21:20:47.4112911
317 9/23/2011 21:20:57.9641061
313 9/23/2011 21:21:08.4543859
314 9/23/2011 21:21:18.1942433
310 9/23/2011 21:21:48.2202436
148 9/23/2011 21:21:56.9726516
709 9/23/2011 21:22:00.8487180
671 9/23/2011 21:22:06.5377832
890 9/23/2011 21:22:16.3686129
891 9/23/2011 21:22:26.1993544
860 9/23/2011 21:22:34.3254984
332 9/23/2011 21:22:53.2500376
324 9/23/2011 21:23:11.9714232
330 9/23/2011 21:23:19.6912600
271 9/23/2011 21:23:29.0361026
570 9/23/2011 21:23:37.7086436
622 9/23/2011 21:23:46.8499706
608 9/23/2011 21:23:55.4131282
545 9/23/2011 21:24:03.5074998
553 9/23/2011 21:24:18.8680544
565 9/23/2011 21:24:37.6971592
442 9/23/2011 21:24:48.9319656
443 9/23/2011 21:24:57.9791880
438 9/23/2011 21:25:13.6829160
445 9/23/2011 21:25:23.1051528
447 9/23/2011 21:25:31.0897282
448 9/23/2011 21:25:42.3868201
449 9/23/2011 21:25:50.9494845
450 9/23/2011 21:25:58.3871273
854 9/23/2011 21:26:06.1372761
991 9/23/2011 21:26:13.7311719
884 9/23/2011 21:26:20.8406834
451 9/23/2011 21:26:28.1845744
452 9/23/2011 21:26:35.2784606
459 9/23/2011 21:26:45.4817815
460 9/23/2011 21:26:55.0913410
461 9/23/2011 21:27:04.1696403
462 9/23/2011 21:27:14.3104600
463 9/23/2011 21:27:26.5294322
464 9/23/2011 21:27:38.9201365
455 9/23/2011 21:27:45.9983068
457 9/23/2011 21:27:51.7170934
564 9/23/2011 21:27:59.4358928
612 9/23/2011 21:28:07.8265715
630 9/23/2011 21:28:13.1391055
606 9/23/2011 21:28:20.8735300
610 9/23/2011 21:28:28.7329553
611 9/23/2011 21:28:36.1705029
548 9/23/2011 21:28:44.0768035
524 9/23/2011 21:28:57.5143895
458 9/23/2011 21:29:06.0456941
479 9/23/2011 21:29:20.5145367
453 9/23/2011 21:29:28.3895871
454 9/23/2011 21:29:40.0615368
233 9/23/2011 21:29:48.6553418
885 9/23/2011 21:29:56.5616424
886 9/23/2011 21:30:07.5617128
887 9/23/2011 21:30:16.1867680
888 9/23/2011 21:30:24.6711973
663 9/23/2011 21:30:29.8274803
001 9/23/2011 21:30:34.6712613
207 9/23/2011 21:30:45.0150775
208 9/23/2011 21:30:52.7963773
209 9/23/2011 21:30:59.6714213
210 9/23/2011 21:31:07.3277203
212 9/23/2011 21:31:19.4684230
214 9/23/2011 21:31:25.9840870
215 9/23/2011 21:31:33.1715870
216 9/23/2011 21:31:40.2340870
217 9/23/2011 21:31:48.3903370
218 9/23/2011 21:31:58.3434620
645 9/23/2011 21:32:02.9528370
650 9/23/2011 21:32:07.3747120
651 9/23/2011 21:32:11.5153370
674 9/23/2011 21:32:15.6090870
675 9/23/2011 21:32:26.0465901
949 9/23/2011 21:32:37.8122904
996 9/23/2011 21:32:46.4685958
874 9/23/2011 21:32:55.8592809
579 9/23/2011 21:33:03.4999548
191 9/23/2011 21:33:11.1406287
201 9/23/2011 21:33:19.3906815
202 9/23/2011 21:33:27.2032315
203 9/23/2011 21:33:34.1876512
204 9/23/2011 21:33:41.6251988
205 9/23/2011 21:33:50.0471277
193 9/23/2011 21:33:56.1721669
194 9/23/2011 21:34:01.6409519
195 9/23/2011 21:34:09.3753764
196 9/23/2011 21:34:17.9066810
197 9/23/2011 21:34:25.7504812
198 9/23/2011 21:34:33.4224053
199 9/23/2011 21:34:40.7818274
206 9/23/2011 21:34:49.0162551
219 9/23/2011 21:34:57.5006844
221 9/23/2011 21:35:06.4851169
222 9/23/2011 21:35:20.3914559
223 9/23/2011 21:35:31.3602390
224 9/23/2011 21:35:39.9696140
225 9/23/2011 21:35:54.6727390
226 9/23/2011 21:36:03.3914890
227 9/23/2011 21:36:09.5946140
228 9/23/2011 21:36:15.7039890
229 9/23/2011 21:36:22.6883640
230 9/23/2011 21:36:29.1415119
634 9/23/2011 21:36:33.5321650
872 9/23/2011 21:36:41.5790915
993 9/23/2011 21:36:49.8916447
698 9/23/2011 21:36:54.6416751
844 9/23/2011 21:37:02.1260980
851 9/23/2011 21:37:09.6261460
007 9/23/2011 21:37:24.7512428
012 9/23/2011 21:37:35.7981885
013 9/23/2011 21:37:46.1107545
014 9/23/2011 21:37:57.8139544
006 9/23/2011 21:38:12.6734245
008 9/23/2011 21:38:29.5328820
009 9/23/2011 21:38:44.4547570
010 9/23/2011 21:38:53.4078820
011 9/23/2011 21:39:02.0797570
015 9/23/2011 21:39:09.6735070
016 9/23/2011 21:39:18.1110070
369 9/23/2011 21:39:25.6110070
946 9/23/2011 21:39:33.4860070
870 9/23/2011 21:39:40.6578820
738 9/23/2011 21:39:45.9235070
705 9/23/2011 21:39:50.0016320
609 9/23/2011 21:39:58.2047570
614 9/23/2011 21:40:05.4235070
597 9/23/2011 21:40:14.7360070
163 9/23/2011 21:40:22.3297570
176 9/23/2011 21:40:29.5641576
177 9/23/2011 21:40:41.5642344
178 9/23/2011 21:40:51.3924223
180 9/23/2011 21:40:58.9705958
181 9/23/2011 21:41:07.8456526
182 9/23/2011 21:41:15.9863297
183 9/23/2011 21:41:23.3770020
184 9/23/2011 21:41:31.1739269
185 9/23/2011 21:41:40.6896128
186 9/23/2011 21:41:48.8146648
188 9/23/2011 21:42:02.5491277
189 9/23/2011 21:42:09.5179223
190 9/23/2011 21:42:18.6586058
636 9/23/2011 21:42:31.8149400
751 9/23/2011 21:42:39.6587402
737 9/23/2011 21:42:55.2994653
685 9/23/2011 21:43:00.2838722
994 9/23/2011 21:43:08.1745477
987 9/23/2011 21:43:21.4402576
601 9/23/2011 21:43:29.2371825
580 9/23/2011 21:43:37.8466126
318 9/23/2011 21:43:55.1748485
179 9/23/2011 21:44:02.1123929
173 9/23/2011 21:44:10.1905696
174 9/23/2011 21:44:18.1281204
164 9/23/2011 21:44:25.0344146
165 9/23/2011 21:44:36.7376145
167 9/23/2011 21:44:45.4251701
168 9/23/2011 21:44:54.4252277
171 9/23/2011 21:45:01.5658984
603 9/23/2011 21:45:09.5659496
504 9/23/2011 21:45:26.2535520
374 9/23/2011 21:45:37.5816770
686 9/23/2011 21:45:41.6598020
707 9/23/2011 21:45:45.7379270
669 9/23/2011 21:45:52.4254270
736 9/23/2011 21:45:58.6129270
706 9/23/2011 21:46:10.4879270
999 9/23/2011 21:46:18.9566770
505 9/23/2011 21:46:26.7379270
635 9/23/2011 21:46:31.0504270
169 9/23/2011 21:46:42.6285520
170 9/23/2011 21:46:51.1441770
166 9/23/2011 21:46:58.5660520
337 9/23/2011 21:47:05.6910520
155 9/23/2011 21:47:13.2066770
156 9/23/2011 21:47:20.4879270
157 9/23/2011 21:47:29.1910752
158 9/23/2011 21:47:36.5973726
159 9/23/2011 21:47:44.8005501
149 9/23/2011 21:47:52.1287220
151 9/23/2011 21:47:58.8006397
152 9/23/2011 21:48:06.9725670
147 9/23/2011 21:48:14.9413680
145 9/23/2011 21:48:22.5664168
595 9/23/2011 21:48:33.0196087
539 9/23/2011 21:48:40.4415312
678 9/23/2011 21:48:44.6446831
853 9/23/2011 21:48:54.1603690
764 9/23/2011 21:49:01.2229142
758 9/23/2011 21:49:08.6604618
744 9/23/2011 21:49:17.7386449
716 9/23/2011 21:49:24.8636905
657 9/23/2011 21:49:28.8949663
529 9/23/2011 21:49:36.0512621
530 9/23/2011 21:49:43.2231830
584 9/23/2011 21:49:50.4888545
588 9/23/2011 21:49:57.6139001
146 9/23/2011 21:50:04.1764421
153 9/23/2011 21:50:11.2389873
154 9/23/2011 21:50:18.2077819
144 9/23/2011 21:50:25.4734534
160 9/23/2011 21:50:33.5984540
161 9/23/2011 21:50:41.2234540
305 9/23/2011 21:50:48.2234540
143 9/23/2011 21:50:55.3015790
133 9/23/2011 21:51:03.3640790
137 9/23/2011 21:51:10.6297040
138 9/23/2011 21:51:27.3953407
139 9/23/2011 21:51:36.0672712
140 9/23/2011 21:51:46.3017117
021 9/23/2011 21:51:54.6611402
637 9/23/2011 21:52:00.5518029
638 9/23/2011 21:52:05.7237110
613 9/23/2011 21:52:12.5362546
518 9/23/2011 21:52:19.4425488
680 9/23/2011 21:52:23.5363250
681 9/23/2011 21:52:27.2707239
717 9/23/2011 21:52:31.6457519
708 9/23/2011 21:52:44.0677064
741 9/23/2011 21:52:47.9739814
734 9/23/2011 21:52:53.5052668
871 9/23/2011 21:53:01.0209399
950 9/23/2011 21:53:08.5209879
952 9/23/2011 21:53:15.9585355
951 9/23/2011 21:53:23.9117114
761 9/23/2011 21:53:29.7398737
752 9/23/2011 21:53:35.5367858
714 9/23/2011 21:53:42.3337043
715 9/23/2011 21:53:48.1931168
690 9/23/2011 21:53:52.6150201
682 9/23/2011 21:54:02.6619594
659 9/23/2011 21:54:06.6932352
642 9/23/2011 21:54:10.8495118
345 9/23/2011 21:54:17.7245558
141 9/23/2011 21:54:25.1621034
142 9/23/2011 21:54:32.8496060
131 9/23/2011 21:54:40.4277310
132 9/23/2011 21:54:47.9433560
134 9/23/2011 21:54:56.2402310
135 9/23/2011 21:55:03.5996060
477 9/23/2011 21:55:11.2089810
478 9/23/2011 21:55:19.2714810
469 9/23/2011 21:55:28.5058748
470 9/23/2011 21:55:42.1309620
472 9/23/2011 21:55:49.0685064
473 9/23/2011 21:55:59.0998206
497 9/23/2011 21:56:06.8029949
546 9/23/2011 21:56:17.4749382
665 9/23/2011 21:56:23.5531021
691 9/23/2011 21:56:27.6169643
732 9/23/2011 21:56:31.9792130
983 9/23/2011 21:56:41.1727694
984 9/23/2011 21:56:50.4601376
759 9/23/2011 21:56:57.5429285
840 9/23/2011 21:57:08.0185795
692 9/23/2011 21:57:12.0212163
683 9/23/2011 21:57:15.6798765
684 9/23/2011 21:57:20.7769843
476 9/23/2011 21:57:28.7886949
480 9/23/2011 21:57:36.2773775
481 9/23/2011 21:57:43.1393921
483 9/23/2011 21:57:50.6280747
484 9/23/2011 21:57:57.8974235
485 9/23/2011 21:58:05.1197722
486 9/23/2011 21:58:12.7337884
482 9/23/2011 21:58:19.7368033
475 9/23/2011 21:58:27.1137904
366 9/23/2011 21:58:34.3265964
367 9/23/2011 21:58:41.6489244
370 9/23/2011 21:58:49.1902964
371 9/23/2011 21:58:54.9323784
552 9/23/2011 21:59:02.0043704
649 9/23/2011 21:59:06.0566844
694 9/23/2011 21:59:09.5926804
695 9/23/2011 21:59:13.6606404
985 9/23/2011 21:59:23.1577624
986 9/23/2011 21:59:31.1648016
877 9/23/2011 21:59:38.7167964
733 9/23/2011 21:59:42.9853152
551 9/23/2011 21:59:50.7249372
581 9/23/2011 21:59:57.4482452
536 9/23/2011 22:00:07.4863004
474 9/23/2011 22:00:22.6371968
465 9/23/2011 22:00:43.8485156
466 9/23/2011 22:00:51.3041687
467 9/23/2011 22:00:58.5253673
664 9/23/2011 22:01:06.7312748
882 9/23/2011 22:01:14.1400370
982 9/23/2011 22:01:24.2997320
729 9/23/2011 22:01:28.0684671
745 9/23/2011 22:01:38.9865133
543 9/23/2011 22:01:50.1235461
522 9/23/2011 22:01:57.0372659
102 9/23/2011 22:02:04.6392293
269 9/23/2011 22:02:12.2881184
273 9/23/2011 22:02:20.7347444
274 9/23/2011 22:02:28.8414093
275 9/23/2011 22:02:39.3975973
262 9/23/2011 22:02:46.7274133
267 9/23/2011 22:02:56.1402753
293 9/23/2011 22:03:05.6784333
259 9/23/2011 22:03:16.6261713
255 9/23/2011 22:03:23.8776773
256 9/23/2011 22:03:31.7378288
257 9/23/2011 22:03:38.6756818
258 9/23/2011 22:03:44.9228888
263 9/23/2011 22:03:52.3787263
261 9/23/2011 22:03:59.8502603
266 9/23/2011 22:04:06.0817708
563 9/23/2011 22:04:13.1765888
766 9/23/2011 22:04:19.0627763
676 9/23/2011 22:04:22.5630958
775 9/23/2011 22:04:28.5211442
740 9/23/2011 22:04:31.6846460
535 9/23/2011 22:04:39.0139472
514 9/23/2011 22:04:46.5938228
272 9/23/2011 22:04:55.2386396
265 9/23/2011 22:05:04.7448059
294 9/23/2011 22:05:12.5595950
296 9/23/2011 22:05:20.0768270
297 9/23/2011 22:05:29.5315606
277 9/23/2011 22:05:37.1653934
278 9/23/2011 22:05:45.3780209
279 9/23/2011 22:05:53.0587830
249 9/23/2011 22:06:01.7876328
247 9/23/2011 22:06:17.1022277
253 9/23/2011 22:06:24.7517036
241 9/23/2011 22:06:36.6184192
242 9/23/2011 22:06:44.1383732
243 9/23/2011 22:06:51.4550852
244 9/23/2011 22:07:00.4446352
245 9/23/2011 22:07:08.1521972
513 9/23/2011 22:07:14.3276272
557 9/23/2011 22:07:21.6287052
779 9/23/2011 22:07:27.1627002
660 9/23/2011 22:07:31.5077012
693 9/23/2011 22:07:35.4307057
662 9/23/2011 22:07:41.4793222
842 9/23/2011 22:07:49.8723637
509 9/23/2011 22:07:57.5464482
510 9/23/2011 22:08:05.1580147
523 9/23/2011 22:08:12.7539517
295 9/23/2011 22:08:20.4592952
268 9/23/2011 22:08:30.0864687
276 9/23/2011 22:08:37.5407385
044 9/23/2011 22:08:45.5419673
236 9/23/2011 22:08:53.8088619
237 9/23/2011 22:09:01.1537399
234 9/23/2011 22:09:08.2016973
232 9/23/2011 22:09:14.3432655
192 9/23/2011 22:09:21.3755955
556 9/23/2011 22:09:28.1576939
544 9/23/2011 22:09:35.4863817
607 9/23/2011 22:09:42.8932005
743 9/23/2011 22:09:47.6748177
647 9/23/2011 22:09:52.2689205
648 9/23/2011 22:09:58.4100171
704 9/23/2011 22:10:02.1759313
762 9/23/2011 22:10:08.6764305
998 9/23/2011 22:10:15.5363323
873 9/23/2011 22:10:23.6463301
596 9/23/2011 22:10:31.0064445
617 9/23/2011 22:10:38.4038173
646 9/23/2011 22:10:43.7951229
525 9/23/2011 22:10:50.8320305
534 9/23/2011 22:10:57.6338521
238 9/23/2011 22:11:05.1879489
239 9/23/2011 22:11:12.1151497
231 9/23/2011 22:11:19.4498329
235 9/23/2011 22:11:26.7543613
503 9/23/2011 22:11:35.5090465
598 9/23/2011 22:11:42.5378977
594 9/23/2011 22:11:51.2768935
700 9/23/2011 22:11:55.9523347
655 9/23/2011 22:12:00.9415639
767 9/23/2011 22:12:06.4642327
939 9/23/2011 22:12:13.9010083
955 9/23/2011 22:12:21.3064051
372 9/23/2011 22:12:29.4795000
381 9/23/2011 22:12:36.6357500
422 9/23/2011 22:12:42.6201250
375 9/23/2011 22:12:50.0263750
376 9/23/2011 22:12:57.6826250
377 9/23/2011 22:13:04.9482500
378 9/23/2011 22:13:12.2763750
200 9/23/2011 22:13:19.1045000
175 9/23/2011 22:13:26.5752279
397 9/23/2011 22:13:33.9196272
398 9/23/2011 22:13:42.0156921
399 9/23/2011 22:13:49.9708197
400 9/23/2011 22:13:57.8946279
401 9/23/2011 22:14:05.7088182
382 9/23/2011 22:14:11.4246087
404 9/23/2011 22:14:18.6280707
444 9/23/2011 22:14:27.2235506
600 9/23/2011 22:14:41.8648370
625 9/23/2011 22:14:49.3419042
863 9/23/2011 22:14:57.4446674
742 9/23/2011 22:15:01.3865522
667 9/23/2011 22:15:05.2502250
841 9/23/2011 22:15:12.7116498
956 9/23/2011 22:15:19.9697234
883 9/23/2011 22:15:28.3056864
626 9/23/2011 22:15:39.4994872
629 9/23/2011 22:15:43.9551202
538 9/23/2011 22:15:50.9590626
383 9/23/2011 22:15:58.8228640
385 9/23/2011 22:16:06.8586372
386 9/23/2011 22:16:15.2539878
388 9/23/2011 22:16:23.2741272
389 9/23/2011 22:16:30.6675154
390 9/23/2011 22:16:38.5447330
220 9/23/2011 22:16:46.1093626
331 9/23/2011 22:16:53.0488162
187 9/23/2011 22:16:59.8476052
391 9/23/2011 22:17:07.0058704
392 9/23/2011 22:17:12.5230486
393 9/23/2011 22:17:20.0407900
394 9/23/2011 22:17:28.3855045
402 9/23/2011 22:17:39.8557755
403 9/23/2011 22:17:48.3877716
560 9/23/2011 22:17:57.0611820
561 9/23/2011 22:18:05.2160733
572 9/23/2011 22:18:20.5673812
605 9/23/2011 22:18:27.8582247
641 9/23/2011 22:18:32.9023545
379 9/23/2011 22:18:41.0106753
380 9/23/2011 22:18:49.2447065
213 9/23/2011 22:18:57.5101653
703 9/23/2011 22:19:01.9257431
889 9/23/2011 22:19:10.6469021
384 9/23/2011 22:19:18.6452263
621 9/23/2011 22:19:26.2962152
569 9/23/2011 22:19:33.8803500
507 9/23/2011 22:19:42.2479698
562 9/23/2011 22:19:50.7879563
568 9/23/2011 22:19:58.6071366
623 9/23/2011 22:20:05.7681895
632 9/23/2011 22:20:09.9676691
003 9/23/2011 22:20:17.0033644
004 9/23/2011 22:20:25.8565665
652 9/23/2011 22:20:31.6773993
653 9/23/2011 22:20:35.8239603
833 9/23/2011 22:20:42.7714059
658 9/23/2011 22:20:46.8553773
957 9/23/2011 22:20:56.8071237
589 9/23/2011 22:21:03.5198583
501 9/23/2011 22:21:10.7020149
502 9/23/2011 22:21:17.8528767
521 9/23/2011 22:21:24.8472645
487 9/23/2011 22:21:33.4036250
489 9/23/2011 22:21:44.7942500
490 9/23/2011 22:21:51.7630000
491 9/23/2011 22:21:58.0598750
494 9/23/2011 22:22:05.4036250
495 9/23/2011 22:22:12.8567500
496 9/23/2011 22:22:19.9192500
488 9/23/2011 22:22:27.5598866
506 9/23/2011 22:22:34.8255581
500 9/23/2011 22:22:42.3099810
554 9/23/2011 22:22:51.1069123
586 9/23/2011 22:22:58.7944615
587 9/23/2011 22:23:07.3413912
599 9/23/2011 22:23:14.2789356
615 9/23/2011 22:23:22.0914856
942 9/23/2011 22:23:29.3415320
776 9/23/2011 22:23:34.9978182
735 9/23/2011 22:23:39.7322235
940 9/23/2011 22:23:47.8885257
992 9/23/2011 22:24:00.6386073
542 9/23/2011 22:24:08.2324059
498 9/23/2011 22:24:16.2324571
499 9/23/2011 22:24:24.2325083
531 9/23/2011 22:24:32.3123650
493 9/23/2011 22:24:42.6744583
Insert Area--<none> 9/23/2011 22:24:43.0339276
Insert Area--ANAKROM-REGION-AREA1 9/23/2011 22:24:43.3465096
Insert Area--ANAKROM-REGION-AREA2 9/23/2011 22:24:43.6434625
Insert Area--ANAKROM-REGION-AREA3 9/23/2011 22:24:43.9716736
Insert Area--ANAKROM-REGION-AREA4 9/23/2011 22:24:44.2842556
Insert Area--CAGAYAN-REGION-AREA1 9/23/2011 22:24:44.5968376
Insert Area--CAGAYAN-REGION-AREA1 9/23/2011 22:24:44.9250487
Insert Area--CAGAYAN-REGION-AREA2 9/23/2011 22:24:45.8315365
Insert Area--CAGAYAN-REGION-AREA3 9/23/2011 22:24:46.1441185
Insert Area--CAGAYAN-REGION-AREA4 9/23/2011 22:24:46.4567005
Insert Area--CAGAYAN-REGION-AREA5 9/23/2011 22:24:46.7692825
Insert Area--CARAGA-REGION-AREA1 9/23/2011 22:24:47.0818645
Insert Area--CARAGA-REGION-AREA1 9/23/2011 22:24:47.3788174
Insert Area--CARAGA-REGION-AREA2 9/23/2011 22:24:47.6757703
Insert Area--CARAGA-REGION-AREA3 9/23/2011 22:24:47.9883523
Insert Area--CARAGA-REGION-AREA4 9/23/2011 22:24:48.3009343
Insert Area--Cebu Central A 9/23/2011 22:24:48.6135163
Insert Area--Cebu Central B 9/23/2011 22:24:49.2855676
Insert Area--Cebu Central C 9/23/2011 22:24:49.5981496
Insert Area--Cebu Central D 9/23/2011 22:24:49.9263607
Insert Area--Cebu North A 9/23/2011 22:24:50.2389427
Insert Area--Cebu North A 9/23/2011 22:24:50.5358956
Insert Area--Cebu North B 9/23/2011 22:24:50.8484776
Insert Area--Cebu North C 9/23/2011 22:24:51.1610596
Insert Area--Cebu North D 9/23/2011 22:24:51.4736416
Insert Area--Cebu North E 9/23/2011 22:24:51.7705945
Insert Area--Cebu South A 9/23/2011 22:24:52.0831765
Insert Area--Cebu South B 9/23/2011 22:24:52.3957585
Insert Area--Cebu South C 9/23/2011 22:24:52.7083405
Insert Area--CEBU SOUTH D 9/23/2011 22:24:53.0052934
Insert Area--CEBU SOUTH E 9/23/2011 22:24:53.3335045
Insert Area--DAVA0-MINDANAO-REGION-AREA1 9/23/2011 22:24:53.6460865
Insert Area--DAVA0-MINDANAO-REGION-AREA2 9/23/2011 22:24:53.9586685
Insert Area--DAVA0-MINDANAO-REGION-AREA3 9/23/2011 22:24:54.2712505
Insert Area--DAVA0-MINDANAO-REGION-AREA3 9/23/2011 22:24:54.5994616
Insert Area--DAVA0-MINDANAO-REGION-AREA4 9/23/2011 22:24:54.9120436
Insert Area--DAVA0-MINDANAO-REGION-AREA5 9/23/2011 22:24:55.2402547
Insert Area--DIPOLOG-MINDANAO-REGION-AREA1 9/23/2011 22:24:55.5528367
Insert Area--DIPOLOG-MINDANAO-REGION-AREA2 9/23/2011 22:24:55.8654187
Insert Area--DIPOLOG-MINDANAO-REGION-AREA3 9/23/2011 22:24:56.1780007
Insert Area--HO 9/23/2011 22:24:56.5062118
Insert Area--LEYTE-REGION-AREA1 9/23/2011 22:24:56.8031647
Insert Area--LEYTE-REGION-AREA2 9/23/2011 22:24:57.1470049
Insert Area--LEYTE-REGION-AREA2 9/23/2011 22:24:57.4595869
Insert Area--LEYTE-REGION-AREA3 9/23/2011 22:24:57.7565398
Insert Area--LUZON-SHOWROOMS 9/23/2011 22:24:58.0691218
Insert Area--MINDANAO-SHOWROOMS 9/23/2011 22:24:58.3817038
Insert Area--NCR-SHOWROOMS 9/23/2011 22:24:58.6942858
Insert Area--NEGROS-OCC-REGION-AREA1 9/23/2011 22:24:59.0224969
Insert Area--NEGROS-OCC-REGION-AREA2 9/23/2011 22:24:59.3350789
Insert Area--NEGROS-OCC-REGION-AREA3 9/23/2011 22:24:59.6476609
Insert Area--NEGROS-OCC-REGION-AREA4 9/23/2011 22:24:59.9602429
Insert Area--NEGROS-OCC-REGION-AREA5 9/23/2011 22:25:00.2728249
Insert Area--NEGROS-ORIENTAL-REGION-AREA1 9/23/2011 22:25:00.6010360
Insert Area--NEGROS-ORIENTAL-REGION-AREA2 9/23/2011 22:25:00.9292471
Insert Area--NEGROS-ORIENTAL-REGION-AREA3 9/23/2011 22:25:01.2574582
Insert Area--NEGROS-ORIENTAL-REGION-AREA4 9/23/2011 22:25:01.5700402
Insert Area--OZAMIS-MINDANAO-REGION-AREA1 9/23/2011 22:25:01.8669931
Insert Area--OZAMIS-MINDANAO-REGION-AREA2 9/23/2011 22:25:02.1795751
Insert Area--OZAMIS-MINDANAO-REGION-AREA3 9/23/2011 22:25:02.4921571
Insert Area--OZAMIS-MINDANAO-REGION-AREA4 9/23/2011 22:25:02.8047391
Insert Area--OZAMIS-MINDANAO-REGION-AREA5 9/23/2011 22:25:03.1329502
Insert Area--PANAY-ROMBLON-REGION-AREA1 9/23/2011 22:25:03.4455322
Insert Area--PANAY-ROMBLON-REGION-AREA2 9/23/2011 22:25:03.7581142
Insert Area--PANAY-ROMBLON-REGION-AREA3 9/23/2011 22:25:04.0706962
Insert Area--PANAY-ROMBLON-REGION-AREA3 9/23/2011 22:25:04.3989073
Insert Area--PANAY-ROMBLON-REGION-AREA4 9/23/2011 22:25:04.7114893
Insert Area--PANAY-ROMBLON-REGION-AREA5 9/23/2011 22:25:05.0553295
Insert Area--SAMAR-REGION-AREA1 9/23/2011 22:25:05.3679115
Insert Area--SAMAR-REGION-AREA2 9/23/2011 22:25:05.6804935
Insert Area--SAMAR-REGION-AREA3 9/23/2011 22:25:05.9930755
Insert Area--SOCSKSARGEN-MINDANAO-AREA1 9/23/2011 22:25:06.2900284
Insert Area--SOCSKSARGEN-MINDANAO-AREA1 9/23/2011 22:25:06.6026104
Insert Area--SOCSKSARGEN-MINDANAO-AREA2 9/23/2011 22:25:06.9933379
Insert Area--SOCSKSARGEN-MINDANAO-AREA3 9/23/2011 22:25:07.2902908
Insert Area--SOCSKSARGEN-MINDANAO-AREA4 9/23/2011 22:25:07.6185019
Insert Area--SOCSKSARGEN-MINDANAO-AREA5 9/23/2011 22:25:07.9310839
Insert Area--SOCSKSARGEN-MINDANAO-AREA6 9/23/2011 22:25:08.2436659
Insert Area--VISAYAS-SHOWROOMS 9/23/2011 22:25:08.5562479
Insert Area--ZAMBASTA-MINDANAO-AREA1 9/23/2011 22:25:08.8688299
Insert Area--ZAMBASTA-MINDANAO-AREA2 9/23/2011 22:25:09.1814119
Insert Area--ZAMBASTA-MINDANAO-AREA3 9/23/2011 22:25:09.5096230
Insert region--ANAKROM-REGION 9/23/2011 22:25:09.6971722
Insert region--CAGAYAN-REGION 9/23/2011 22:25:09.8847214
Insert region--CARAGA-REGION 9/23/2011 22:25:10.0878997
Insert region--Cebu Central 9/23/2011 22:25:10.2598198
Insert region--Cebu North 9/23/2011 22:25:10.4473690
Insert region--Cebu South 9/23/2011 22:25:10.6349182
Insert region--DAVA0-MINDANAO-REGION 9/23/2011 22:25:10.8224674
Insert region--DIPOLOG-MINDANAO-REGION 9/23/2011 22:25:11.0100166
Insert region--HO 9/23/2011 22:25:11.1975658
Insert region--LA-SHOWROOMS 9/23/2011 22:25:11.3851150
Insert region--LEYTE-REGION 9/23/2011 22:25:11.5570351
Insert region--LUZON/NCR-SHOWROOMS 9/23/2011 22:25:11.7445843
Insert region--NEGROS-OCC-REGION 9/23/2011 22:25:11.9321335
Insert region--NEGROS-ORIENTAL-REGION 9/23/2011 22:25:12.1196827
Insert region--OZAMIS-MINDANAO-REGION 9/23/2011 22:25:14.0733202
Insert region--PANAY-ROMBLON-REGION 9/23/2011 22:25:14.3859022
Insert region--SAMAR-REGION 9/23/2011 22:25:25.9841029
Insert region--SOCSKSARGEN-MINDANAO-REGION 9/23/2011 22:25:26.3142859
Insert region--VISMIN-SHOWROOMS 9/23/2011 22:25:27.2262199
Insert region--ZAMBASTA-MINDANAO-REGION 9/23/2011 22:25:27.8236939
Insert Vismin Wide--  9/23/2011 22:25:28.0595389
Update--941 9/22/2011 22:25:41.1725209
Update--677 9/22/2011 22:25:51.2037949
