Update--953 8/30/2011 00:00:00.6120599
Update--670 8/30/2011 00:01:02.5339349
Update--834 8/30/2011 00:01:51.1120599
Update--876 8/30/2011 00:02:22.1121303
Update--836 8/30/2011 00:03:08.8780546
Update--837 8/30/2011 00:04:04.6284114
Update--838 8/30/2011 00:04:31.9098360
Update--116 8/30/2011 00:05:03.4569129
Update--113 8/30/2011 00:05:36.2694619
Update--114 8/30/2011 00:06:56.9885055
Update--110 8/30/2011 00:07:13.3792354
Update--111 8/30/2011 00:07:27.7230772
Update--107 8/30/2011 00:08:08.3170870
Update--559 8/30/2011 00:08:34.5047546
Update--515 8/30/2011 00:09:09.8956061
Update--527 8/30/2011 00:09:19.7393639
Update--602 8/30/2011 00:10:15.9581449
Update--624 8/30/2011 00:11:11.1928734
Update--136 8/30/2011 00:11:51.1306290
Update--298 8/30/2011 00:12:12.5682569
Update--299 8/30/2011 00:13:11.2088825
Update--300 8/30/2011 00:14:03.6623432
Update--301 8/30/2011 00:14:31.1937694
Update--303 8/30/2011 00:14:41.6000860
Update--306 8/30/2011 00:15:15.8659303
Update--308 8/30/2011 00:15:24.4128600
Update--309 8/30/2011 00:15:32.9597897
Update--302 8/30/2011 00:15:41.2879680
Update--326 8/30/2011 00:16:29.8506589
Update--327 8/30/2011 00:17:02.1006589
Update--328 8/30/2011 00:18:07.3666439
Update--329 8/30/2011 00:18:29.1480333
Update--333 8/30/2011 00:19:02.8044987
Update--334 8/30/2011 00:19:25.8983019
Update--127 8/30/2011 00:20:38.9608019
Update--540 8/30/2011 00:21:12.9608137
Update--541 8/30/2011 00:21:39.0391056
Update--893 8/30/2011 00:22:02.3048795
Update--894 8/30/2011 00:22:52.4614505
Update--892 8/30/2011 00:23:19.0241205
Update--661 8/30/2011 00:24:47.9932039
Update--701 8/30/2011 00:25:15.8838594
Update--426 8/30/2011 00:25:56.7591210
Update--315 8/30/2011 00:26:11.1810883
Update--316 8/30/2011 00:26:20.5248981
Update--319 8/30/2011 00:26:43.7594218
Update--320 8/30/2011 00:27:12.2908544
Update--321 8/30/2011 00:27:45.1348146
Update--322 8/30/2011 00:29:03.9631059
Update--323 8/30/2011 00:29:38.6351570
Update--307 8/30/2011 00:30:01.6821795
Update--311 8/30/2011 00:30:19.3697927
Update--312 8/30/2011 00:30:29.0417296
Update--286 8/30/2011 00:30:39.7917984
Update--313 8/30/2011 00:31:23.7294989
Update--314 8/30/2011 00:31:57.1669989
Update--310 8/30/2011 00:33:07.5892353
Update--317 8/30/2011 00:33:30.7300084
Update--148 8/30/2011 00:33:49.2301268
Update--517 8/30/2011 00:34:24.8241046
Update--590 8/30/2011 00:35:34.5900259
Update--709 8/30/2011 00:35:59.2619009
Update--671 8/30/2011 00:36:14.0744198
Update--890 8/30/2011 00:36:40.0433360
Update--891 8/30/2011 00:37:01.6684744
Update--860 8/30/2011 00:37:30.6061596
Update--324 8/30/2011 00:38:18.0439189
Update--332 8/30/2011 00:40:16.2783269
Update--330 8/30/2011 00:40:38.9659721
Update--271 8/30/2011 00:41:14.5130746
Update--608 8/30/2011 00:41:24.8412657
Update--622 8/30/2011 00:42:02.8883842
Update--570 8/30/2011 00:42:10.9040605
Update--565 8/30/2011 00:42:29.3885538
Update--545 8/30/2011 00:42:56.2481007
Update--553 8/30/2011 00:43:36.0919459
Update--442 8/30/2011 00:44:14.8888450
Update--443 8/30/2011 00:44:42.5452720
Update--438 8/30/2011 00:46:20.5615243
Update--445 8/30/2011 00:46:55.9367507
Update--447 8/30/2011 00:47:27.6557037
Update--448 8/30/2011 00:49:35.2344909
Update--449 8/30/2011 00:51:02.9376159
Update--450 8/30/2011 00:53:14.6571565
Update--854 8/30/2011 00:55:42.1889667
Update--991 8/30/2011 00:56:42.6893539
Update--884 8/30/2011 00:57:38.4395359
Update--451 8/30/2011 01:00:23.0653803
Update--452 8/30/2011 01:02:44.5656879
Update--459 8/30/2011 01:03:58.2222393
Update--460 8/30/2011 01:06:43.7705578
Update--461 8/30/2011 01:08:39.7238579
Update--462 8/30/2011 01:10:29.0833478
Update--463 8/30/2011 01:13:40.6625099
Update--464 8/30/2011 01:14:21.4907012
Update--455 8/30/2011 01:16:43.2101529
Update--457 8/30/2011 01:17:12.1320279
Update--564 8/30/2011 01:17:44.8976529
Update--630 8/30/2011 01:18:54.1010529
Update--606 8/30/2011 01:19:20.2418452
Update--612 8/30/2011 01:20:20.5703563
Update--610 8/30/2011 01:22:34.3993378
Update--611 8/30/2011 01:23:47.9466835
Update--548 8/30/2011 01:24:43.6343319
Update--524 8/30/2011 01:25:48.9314488
Update--458 8/30/2011 01:27:55.0569749
Update--479 8/30/2011 01:47:18.5932169
Update--453 8/30/2011 01:54:54.6576369
Update--454 8/30/2011 01:56:03.1267196
Update--233 8/30/2011 01:57:35.1273084
Update--885 8/30/2011 01:59:52.0340506
Update--886 8/30/2011 02:17:45.5387809
Update--887 8/30/2011 02:24:51.4782009
Update--888 8/30/2011 02:33:47.7463641
Update--663 8/30/2011 03:08:29.7867151
Update--001 8/30/2011 03:33:30.5743739
Update--207 8/30/2011 03:49:10.0942229
Update--208 8/30/2011 04:00:33.8001807
Update--209 8/30/2011 04:07:00.5210217
Update--210 8/30/2011 04:09:42.8812329
Update--212 8/30/2011 04:12:28.4286023
Update--214 8/30/2011 04:14:32.6636349
Update--215 8/30/2011 04:15:56.7733017
Update--216 8/30/2011 04:19:19.2425795
Update--217 8/30/2011 04:21:15.7589502
Update--218 8/30/2011 04:24:19.8378693
Update--645 8/30/2011 04:25:53.0884661
Update--650 8/30/2011 04:27:23.4636605
Update--651 8/30/2011 04:27:43.5575391
Update--674 8/30/2011 04:28:18.3702619
Update--675 8/30/2011 04:29:25.9955999
Update--949 8/30/2011 04:30:37.7145197
Update--996 8/30/2011 04:31:27.9804664
Update--874 8/30/2011 04:32:31.3714971
Update--579 8/30/2011 04:33:19.7155019
Update--201 8/30/2011 04:33:36.6373769
Update--202 8/30/2011 04:36:42.9037699
Update--203 8/30/2011 04:38:24.8413573
Update--204 8/30/2011 04:38:52.7321608
Update--205 8/30/2011 04:39:50.4044049
Update--193 8/30/2011 04:40:51.2485443
Update--194 8/30/2011 04:42:03.3115055
Update--195 8/30/2011 04:42:38.3742299
Update--196 8/30/2011 04:45:22.1405190
Update--197 8/30/2011 04:48:01.6099669
Update--198 8/30/2011 04:48:26.9537169
Update--199 8/30/2011 04:49:04.9537169
Update--191 8/30/2011 04:49:40.6414054
Update--221 8/30/2011 04:50:16.2197581
Update--222 8/30/2011 04:50:46.6730780
Update--223 8/30/2011 04:51:16.0795162
Update--224 8/30/2011 04:51:34.0640063
Update--225 8/30/2011 04:53:28.3456037
Update--226 8/30/2011 04:54:10.2677470
Update--227 8/30/2011 04:54:50.6273803
Update--228 8/30/2011 04:55:30.9556369
Update--229 8/30/2011 04:56:37.0806369
Update--230 8/30/2011 04:57:34.0964085
Update--206 8/30/2011 04:57:52.4090257
Update--219 8/30/2011 05:00:14.8005389
Update--634 8/30/2011 05:02:09.4259116
Update--872 8/30/2011 05:03:00.0824858
Update--698 8/30/2011 05:04:15.0985909
Update--993 8/30/2011 05:05:34.6928503
Update--844 8/30/2011 05:05:58.8961302
Update--851 8/30/2011 05:06:24.3493339
Update--007 8/30/2011 05:06:53.3337089
Update--012 8/30/2011 05:07:47.9899589
Update--013 8/30/2011 05:08:49.7714558
Update--014 8/30/2011 05:10:02.0062931
Update--006 8/30/2011 05:10:38.5690271
Update--008 8/30/2011 05:10:51.7566115
Update--009 8/30/2011 05:11:30.4129859
Update--010 8/30/2011 05:12:22.3974326
Update--011 8/30/2011 05:13:17.2102834
Update--015 8/30/2011 05:14:13.5543789
Update--016 8/30/2011 05:14:57.0700039
Update--369 8/30/2011 05:15:18.0075039
Update--946 8/30/2011 05:16:51.4452615
Update--738 8/30/2011 05:17:06.1484806
Update--870 8/30/2011 05:17:22.7110866
Update--705 8/30/2011 05:17:43.8205967
Update--614 8/30/2011 05:19:46.9936440
Update--609 8/30/2011 05:21:10.6191792
Update--597 8/30/2011 05:22:41.9785579
Update--176 8/30/2011 05:23:06.3535579
Update--177 8/30/2011 05:24:24.4165265
Update--178 8/30/2011 05:25:49.1980759
Update--163 8/30/2011 05:26:34.3699509
Update--180 8/30/2011 05:27:16.9012374
Update--181 8/30/2011 05:28:18.4172561
Update--182 8/30/2011 05:29:19.6207728
Update--183 8/30/2011 05:31:07.1367279
Update--184 8/30/2011 05:31:31.0743551
Update--185 8/30/2011 05:32:16.1683937
Update--186 8/30/2011 05:33:05.7624611
Update--188 8/30/2011 05:34:53.2787742
Update--189 8/30/2011 05:35:52.7166546
Update--190 8/30/2011 05:38:11.7480264
Update--636 8/30/2011 05:39:45.4986264
Update--751 8/30/2011 05:40:59.3897243
Update--737 8/30/2011 05:42:12.1398059
Update--685 8/30/2011 05:42:26.4211473
Update--994 8/30/2011 05:42:50.6400523
Update--987 8/30/2011 05:43:47.2810398
Update--601 8/30/2011 05:44:23.2343179
Update--580 8/30/2011 05:46:55.0158483
Update--318 8/30/2011 05:48:06.2975545
Update--164 8/30/2011 05:48:32.4383468
Update--179 8/30/2011 05:49:42.1885949
Update--173 8/30/2011 05:52:15.3925147
Update--174 8/30/2011 05:53:48.0024824
Update--165 8/30/2011 05:55:16.8467649
Update--167 8/30/2011 05:55:40.9248899
Update--168 8/30/2011 05:56:13.6748899
Update--171 8/30/2011 05:58:24.1597318
Update--603 8/30/2011 05:59:32.6289200
Update--504 8/30/2011 06:00:30.7541669
Update--374 8/30/2011 06:01:11.2541672
Update--686 8/30/2011 06:01:37.7230866
Update--669 8/30/2011 06:02:08.5982842
Update--707 8/30/2011 06:03:05.8486506
Update--736 8/30/2011 06:04:00.2236849
Update--706 8/30/2011 06:05:15.8959739
Update--999 8/30/2011 06:06:09.1931900
Update--337 8/30/2011 06:06:41.6152725
Update--505 8/30/2011 06:08:02.9904619
Update--635 8/30/2011 06:10:02.4439148
Update--169 8/30/2011 06:11:53.2571240
Update--170 8/30/2011 06:13:32.4296337
Update--166 8/30/2011 06:15:01.1955069
Update--149 8/30/2011 06:15:55.1173819
Update--151 8/30/2011 06:16:24.5705924
Update--152 8/30/2011 06:17:09.2896286
Update--155 8/30/2011 06:18:01.3368367
Update--156 8/30/2011 06:19:24.6185339
Update--157 8/30/2011 06:21:21.0252307
Update--158 8/30/2011 06:21:39.1190965
Update--159 8/30/2011 06:24:11.3068025
Update--145 8/30/2011 06:24:52.0883135
Update--147 8/30/2011 06:25:09.2290482
Update--595 8/30/2011 06:25:29.2448013
Update--539 8/30/2011 06:26:07.8231732
Update--678 8/30/2011 06:28:22.1834081
Update--853 8/30/2011 06:30:47.6841059
Update--764 8/30/2011 06:33:00.9191830
Update--657 8/30/2011 06:33:57.0911239
Update--716 8/30/2011 06:34:19.7786239
Update--529 8/30/2011 06:38:26.5297759
Update--530 8/30/2011 06:42:33.3430439
Update--588 8/30/2011 06:44:08.6402864
Update--584 8/30/2011 06:46:13.1883425
Update--305 8/30/2011 06:48:09.1578347
Update--146 8/30/2011 06:49:40.6109729
Update--144 8/30/2011 06:53:13.7679909
Update--160 8/30/2011 06:54:45.8150873
Update--161 8/30/2011 06:56:40.1595691
Update--153 8/30/2011 06:58:46.3631178
Update--154 8/30/2011 07:00:48.5824109
Update--143 8/30/2011 07:03:44.0990143
Update--137 8/30/2011 07:05:14.3492079
Update--138 8/30/2011 07:07:09.7405714
Update--139 8/30/2011 07:08:59.1472149
Update--140 8/30/2011 07:11:09.3042206
Update--133 8/30/2011 07:12:28.4605932
Update--021 8/30/2011 07:13:56.0392787
Update--613 8/30/2011 07:17:02.2272599
Update--637 8/30/2011 07:19:08.7748872
Update--638 8/30/2011 07:21:04.4314934
Update--518 8/30/2011 07:22:09.5100349
Update--717 8/30/2011 07:22:32.4789319
Update--708 8/30/2011 07:22:51.6978049
Update--680 8/30/2011 07:25:00.9169979
Update--681 8/30/2011 07:29:56.5435059
Update--734 8/30/2011 07:32:00.2935999
Update--741 8/30/2011 07:34:24.5444531
Update--871 8/30/2011 07:36:23.5295896
Update--950 8/30/2011 07:36:50.2016353
Update--952 8/30/2011 07:38:10.7642699
Update--951 8/30/2011 07:39:16.9830567
Update--761 8/30/2011 07:39:54.0926692
Update--682 8/30/2011 07:42:05.9528881
Update--690 8/30/2011 07:44:16.0002114
Update--659 8/30/2011 07:47:32.7510866
Update--714 8/30/2011 07:51:01.4704669
Update--715 8/30/2011 07:51:48.0332024
Update--642 8/30/2011 07:52:53.3929957
Update--345 8/30/2011 07:56:49.4098869
Update--134 8/30/2011 08:00:15.4106816
Update--135 8/30/2011 08:01:02.3484820
Update--131 8/30/2011 08:05:06.1621584
Update--132 8/30/2011 08:06:57.8968645
Update--141 8/30/2011 08:07:44.8502900
Update--142 8/30/2011 08:08:50.3035839
Update--477 8/30/2011 08:11:53.8983749
Update--478 8/30/2011 08:15:07.1648528
Update--469 8/30/2011 08:16:39.9148789
Update--470 8/30/2011 08:17:40.5088162
Update--472 8/30/2011 08:20:02.3225507
Update--473 8/30/2011 08:24:57.5890579
Update--497 8/30/2011 08:29:10.0589523
Update--546 8/30/2011 08:31:12.1066029
Update--665 8/30/2011 08:33:11.5601139
Update--691 8/30/2011 08:34:09.1073572
Update--732 8/30/2011 08:34:53.5295165
Update--983 8/30/2011 08:36:12.6077636
Update--984 8/30/2011 08:38:03.2647218
Update--840 8/30/2011 08:39:25.0147729
Update--692 8/30/2011 08:41:58.2342076
Update--683 8/30/2011 08:42:31.8595547
Update--684 8/30/2011 08:44:13.7666929
Update--483 8/30/2011 08:48:35.7984840
Update--484 8/30/2011 08:50:25.9709699
Update--485 8/30/2011 08:51:33.5492376
Update--486 8/30/2011 08:53:11.3779887
Update--476 8/30/2011 08:55:01.7533719
Update--480 8/30/2011 08:56:42.1445786
Update--481 8/30/2011 08:58:15.9572950
Update--482 8/30/2011 08:59:27.6765040
Update--475 8/30/2011 09:02:45.5836366
Update--366 8/30/2011 09:04:29.3966849
Update--367 8/30/2011 09:06:59.2563671
Update--370 8/30/2011 09:09:04.6634197
Update--371 8/30/2011 09:10:56.6325023
Update--552 8/30/2011 09:12:03.0704275
Update--649 8/30/2011 09:15:06.1962155
Update--694 8/30/2011 09:16:48.1653819
Update--695 8/30/2011 09:19:22.3689620
Update--985 8/30/2011 09:21:49.2452860
Update--986 8/30/2011 09:23:17.5423019
Update--733 8/30/2011 09:25:44.0112615
Update--877 8/30/2011 09:28:55.7465789
Update--551 8/30/2011 09:32:48.2008559
Update--581 8/30/2011 09:34:54.4202661
Update--536 8/30/2011 09:39:16.3434009
Update--474 8/30/2011 09:41:46.0002572
Update--465 8/30/2011 09:43:28.4691689
Update--466 8/30/2011 09:46:25.8137800
Update--467 8/30/2011 09:47:45.6890709
Update--882 8/30/2011 09:50:06.2835570
Update--664 8/30/2011 09:51:04.9401824
Update--982 8/30/2011 09:51:32.9403616
Update--729 8/30/2011 09:51:51.6279812
Update--745 8/30/2011 09:52:45.9720790
Update--522 8/30/2011 09:54:10.5503659
Update--543 8/30/2011 09:54:37.8628659
Update--102 8/30/2011 09:56:49.5822451
Update--293 8/30/2011 09:58:04.6139753
Update--259 8/30/2011 10:00:12.6456607
Update--262 8/30/2011 10:01:07.8335139
Update--267 8/30/2011 10:03:27.3340227
Update--269 8/30/2011 10:05:28.4440629
Update--273 8/30/2011 10:06:47.4440629
Update--274 8/30/2011 10:08:44.8977871
Update--275 8/30/2011 10:09:48.8671871
Update--266 8/30/2011 10:11:40.0709829
Update--263 8/30/2011 10:12:39.5241079
Update--261 8/30/2011 10:13:07.4459829
Update--255 8/30/2011 10:13:52.6022329
Update--256 8/30/2011 10:16:13.8530174
Update--257 8/30/2011 10:17:05.6658490
Update--258 8/30/2011 10:18:03.5252599
Update--563 8/30/2011 10:20:14.2916529
Update--766 8/30/2011 10:21:39.9635279
Update--676 8/30/2011 10:23:53.3079309
Update--535 8/30/2011 10:24:46.2770199
Update--514 8/30/2011 10:25:26.5585277
Update--265 8/30/2011 10:25:59.7774903
Update--294 8/30/2011 10:28:08.6533151
Update--272 8/30/2011 10:29:00.4033319
Update--277 8/30/2011 10:30:53.6383620
Update--278 8/30/2011 10:32:33.0290999
Update--279 8/30/2011 10:34:05.4513216
Update--296 8/30/2011 10:36:50.4208769
Update--297 8/30/2011 10:37:33.3585182
Update--253 8/30/2011 10:39:35.7185199
Update--241 8/30/2011 10:41:01.9063439
Update--242 8/30/2011 10:41:17.8751961
Update--243 8/30/2011 10:41:32.1721626
Update--244 8/30/2011 10:41:44.1878645
Update--245 8/30/2011 10:41:55.3285608
Update--249 8/30/2011 10:42:10.0942803
Update--247 8/30/2011 10:42:20.9380997
Update--513 8/30/2011 10:42:35.0631901
Update--557 8/30/2011 10:42:52.2820503
Update--693 8/30/2011 10:42:59.0477186
Update--660 8/30/2011 10:43:04.9696315
Update--662 8/30/2011 10:43:10.7196683
Update--842 8/30/2011 10:43:27.5009219
Update--509 8/30/2011 10:43:52.5946719
Update--510 8/30/2011 10:44:07.2040469
Update--523 8/30/2011 10:44:17.4384613
Update--295 8/30/2011 10:44:27.4541504
Update--268 8/30/2011 10:44:37.4229642
Update--276 8/30/2011 10:45:05.5950195
Update--044 8/30/2011 10:45:15.6107086
Update--232 8/30/2011 10:45:27.2045328
Update--192 8/30/2011 10:46:18.0173580
Update--234 8/30/2011 10:48:59.5023825
Update--236 8/30/2011 10:51:55.8309669
Update--237 8/30/2011 10:53:39.7377830
Update--556 8/30/2011 10:56:29.4728603
Update--544 8/30/2011 10:58:26.6453869
Update--607 8/30/2011 10:59:30.8330120
Update--647 8/30/2011 11:00:23.8489763
Update--648 8/30/2011 11:02:18.3652889
Update--743 8/30/2011 11:03:22.9434885
Update--704 8/30/2011 11:04:29.8189165
Update--873 8/30/2011 11:06:31.3195659
Update--998 8/30/2011 11:07:44.8354056
Update--646 8/30/2011 11:10:27.0390839
Update--617 8/30/2011 11:11:30.3048306
Update--596 8/30/2011 11:12:57.7116400
Update--525 8/30/2011 11:14:54.8217645
Update--534 8/30/2011 11:16:54.6660039
Update--238 8/30/2011 11:18:46.2912279
Update--239 8/30/2011 11:20:36.6513092
Update--235 8/30/2011 11:23:19.1675903
Update--231 8/30/2011 11:25:10.4495525
Update--594 8/30/2011 11:25:32.8870579
Update--598 8/30/2011 11:27:40.4970038
Update--503 8/30/2011 11:29:00.5440759
Update--700 8/30/2011 11:31:15.1382345
Update--655 8/30/2011 11:32:51.6076019
Update--703 8/30/2011 11:33:59.3580355
955 8/30/2011 11:35:31.4054996
939 8/30/2011 11:36:18.8588799
372 8/30/2011 11:36:50.3276299
375 8/30/2011 11:37:45.9528517
376 8/30/2011 11:38:34.0937848
377 8/30/2011 11:39:12.3127729
378 8/30/2011 11:41:01.4221479
379 8/30/2011 11:41:34.1410441
380 8/30/2011 11:43:23.7979959
381 8/30/2011 11:46:00.0798621
422 8/30/2011 11:46:55.2833404
605 8/30/2011 11:48:53.0241055
641 8/30/2011 11:50:34.9311655
213 8/30/2011 11:53:05.2340490
200 8/30/2011 11:55:11.9372877
175 8/30/2011 11:56:55.0872477
625 8/30/2011 11:58:24.4162645
600 8/30/2011 12:00:23.1749668
561 8/30/2011 12:01:10.5894086
382 8/30/2011 12:01:58.5697399
397 8/30/2011 12:03:17.1550068
398 8/30/2011 12:04:17.9762137
399 8/30/2011 12:04:43.0563002
400 8/30/2011 12:06:54.5807517
401 8/30/2011 12:08:34.5875707
402 8/30/2011 12:10:02.5858750
403 8/30/2011 12:11:56.3382560
404 8/30/2011 12:12:26.7399895
393 8/30/2011 12:15:20.1469148
444 8/30/2011 12:16:21.2319992
667 8/30/2011 12:16:57.2609525
863 8/30/2011 12:18:10.4267631
883 8/30/2011 12:18:45.1115752
889 8/30/2011 12:19:38.2507872
841 8/30/2011 12:19:48.2802912
956 8/30/2011 12:20:06.1296741
383 8/30/2011 12:20:17.9976897
385 8/30/2011 12:20:46.6579842
386 8/30/2011 12:21:20.9336250
388 8/30/2011 12:21:33.0117500
389 8/30/2011 12:21:42.1367500
390 8/30/2011 12:21:51.8242500
538 8/30/2011 12:22:04.0117500
626 8/30/2011 12:22:12.1385068
629 8/30/2011 12:22:19.0193050
220 8/30/2011 12:22:28.6273444
331 8/30/2011 12:22:44.2541230
187 8/30/2011 12:22:54.8809594
621 8/30/2011 12:23:05.8212718
507 8/30/2011 12:23:21.4484152
560 8/30/2011 12:23:32.0900752
569 8/30/2011 12:23:49.1949787
572 8/30/2011 12:24:19.3682584
391 8/30/2011 12:24:42.0630784
392 8/30/2011 12:24:54.8347840
384 8/30/2011 12:25:13.5211708
394 8/30/2011 12:25:27.9397756
562 8/30/2011 12:25:53.3208988
568 8/30/2011 12:26:05.8941724
632 8/30/2011 12:26:20.8874182
623 8/30/2011 12:26:32.2672958
652 8/30/2011 12:26:47.9146275
653 8/30/2011 12:27:01.2172042
003 8/30/2011 12:27:10.9244899
004 8/30/2011 12:27:45.1039459
833 8/30/2011 12:28:10.7501503
862 8/30/2011 12:28:23.1102387
658 8/30/2011 12:28:29.8384487
957 8/30/2011 12:28:41.6832277
589 8/30/2011 12:28:50.8680167
521 8/30/2011 12:29:00.6317447
531 8/30/2011 12:29:11.6785978
501 8/30/2011 12:29:44.4773729
502 8/30/2011 12:30:11.5406718
487 8/30/2011 12:30:22.8856080
489 8/30/2011 12:30:36.0768720
490 8/30/2011 12:30:57.6711120
491 8/30/2011 12:31:16.1949975
488 8/30/2011 12:31:26.6089065
500 8/30/2011 12:31:36.5380840
494 8/30/2011 12:31:47.2647230
495 8/30/2011 12:32:07.8423570
496 8/30/2011 12:32:34.1503842
506 8/30/2011 12:33:05.5213998
554 8/30/2011 12:33:41.1520482
586 8/30/2011 12:33:56.3999842
587 8/30/2011 12:34:08.3242482
599 8/30/2011 12:34:26.3801109
615 8/30/2011 12:34:34.2246609
942 8/30/2011 12:34:43.3557171
940 8/30/2011 12:35:08.0660496
992 8/30/2011 12:35:22.0396409
735 8/30/2011 12:35:31.3556749
542 8/30/2011 12:35:41.5015405
498 8/30/2011 12:36:17.2881520
499 8/30/2011 12:36:27.6269191
493 8/30/2011 12:36:39.2638975
Insert Area--<none> 8/30/2011 12:36:39.4672318
Insert Area--ANAKROM-REGION-AREA1 8/30/2011 12:36:39.6705661
Insert Area--ANAKROM-REGION-AREA2 8/30/2011 12:36:39.8895415
Insert Area--ANAKROM-REGION-AREA3 8/30/2011 12:36:40.0928758
Insert Area--ANAKROM-REGION-AREA4 8/30/2011 12:36:40.2962101
Insert Area--CAGAYAN-REGION-AREA1 8/30/2011 12:36:40.4995444
Insert Area--CAGAYAN-REGION-AREA1 8/30/2011 12:36:40.7185198
Insert Area--CAGAYAN-REGION-AREA2 8/30/2011 12:36:40.9218541
Insert Area--CAGAYAN-REGION-AREA3 8/30/2011 12:36:41.1095473
Insert Area--CAGAYAN-REGION-AREA4 8/30/2011 12:36:41.2972405
Insert Area--CAGAYAN-REGION-AREA5 8/30/2011 12:36:41.5005748
Insert Area--CARAGA-REGION-AREA1 8/30/2011 12:36:41.6882680
Insert Area--CARAGA-REGION-AREA2 8/30/2011 12:36:41.8916023
Insert Area--CARAGA-REGION-AREA3 8/30/2011 12:36:42.0949366
Insert Area--Cebu Central A 8/30/2011 12:36:42.2982709
Insert Area--Cebu Central B 8/30/2011 12:36:42.4859641
Insert Area--Cebu Central C 8/30/2011 12:36:42.6736573
Insert Area--Cebu Central D 8/30/2011 12:36:42.8769916
Insert Area--Cebu North A 8/30/2011 12:36:43.0646848
Insert Area--Cebu North A 8/30/2011 12:36:43.2680191
Insert Area--Cebu North B 8/30/2011 12:36:43.4400712
Insert Area--Cebu North C 8/30/2011 12:36:43.6434055
Insert Area--Cebu North D 8/30/2011 12:36:43.8467398
Insert Area--Cebu North E 8/30/2011 12:36:44.0344330
Insert Area--Cebu South A 8/30/2011 12:36:44.2377673
Insert Area--Cebu South B 8/30/2011 12:36:44.4411016
Insert Area--Cebu South C 8/30/2011 12:36:44.6444359
Insert Area--CEBU SOUTH D 8/30/2011 12:36:44.8634113
Insert Area--DAVA0-MINDANAO-REGION-AREA1 8/30/2011 12:36:45.0667456
Insert Area--DAVA0-MINDANAO-REGION-AREA2 8/30/2011 12:36:45.2544388
Insert Area--DAVA0-MINDANAO-REGION-AREA3 8/30/2011 12:36:45.4577731
Insert Area--DAVA0-MINDANAO-REGION-AREA3 8/30/2011 12:36:45.6611074
Insert Area--DAVA0-MINDANAO-REGION-AREA4 8/30/2011 12:36:45.8488006
Insert Area--DAVA0-MINDANAO-REGION-AREA5 8/30/2011 12:36:46.0521349
Insert Area--DIPOLOG-MINDANAO-REGION-AREA1 8/30/2011 12:36:46.2554692
Insert Area--DIPOLOG-MINDANAO-REGION-AREA2 8/30/2011 12:36:46.4588035
Insert Area--DIPOLOG-MINDANAO-REGION-AREA3 8/30/2011 12:36:46.6621378
Insert Area--HO 8/30/2011 12:36:46.8498310
Insert Area--LEYTE-REGION-AREA1 8/30/2011 12:36:47.0531653
Insert Area--LEYTE-REGION-AREA2 8/30/2011 12:36:47.2564996
Insert Area--LEYTE-REGION-AREA2 8/30/2011 12:36:47.4441928
Insert Area--LEYTE-REGION-AREA3 8/30/2011 12:36:47.6318860
Insert Area--LUZON-SHOWROOMS 8/30/2011 12:36:47.8665025
Insert Area--MINDANAO-SHOWROOMS 8/30/2011 12:36:48.0698368
Insert Area--NCR-SHOWROOMS 8/30/2011 12:36:48.2731711
Insert Area--NEGROS-OCC-REGION-AREA1 8/30/2011 12:36:48.4765054
Insert Area--NEGROS-OCC-REGION-AREA2 8/30/2011 12:36:48.6798397
Insert Area--NEGROS-OCC-REGION-AREA3 8/30/2011 12:36:48.8831740
Insert Area--NEGROS-OCC-REGION-AREA4 8/30/2011 12:36:49.0865083
Insert Area--NEGROS-OCC-REGION-AREA5 8/30/2011 12:36:49.2898426
Insert Area--NEGROS-ORIENTAL-REGION-AREA1 8/30/2011 12:36:49.4775358
Insert Area--NEGROS-ORIENTAL-REGION-AREA2 8/30/2011 12:36:49.6808701
Insert Area--NEGROS-ORIENTAL-REGION-AREA3 8/30/2011 12:36:49.8685633
Insert Area--NEGROS-ORIENTAL-REGION-AREA4 8/30/2011 12:36:50.0562565
Insert Area--OZAMIS-MINDANAO-REGION-AREA1 8/30/2011 12:36:50.2439497
Insert Area--OZAMIS-MINDANAO-REGION-AREA2 8/30/2011 12:36:50.4472840
Insert Area--OZAMIS-MINDANAO-REGION-AREA3 8/30/2011 12:36:50.6506183
Insert Area--OZAMIS-MINDANAO-REGION-AREA4 8/30/2011 12:36:50.8539526
Insert Area--OZAMIS-MINDANAO-REGION-AREA5 8/30/2011 12:36:51.0572869
Insert Area--PANAY-ROMBLON-REGION-AREA1 8/30/2011 12:36:51.2449801
Insert Area--PANAY-ROMBLON-REGION-AREA2 8/30/2011 12:36:51.4326733
Insert Area--PANAY-ROMBLON-REGION-AREA3 8/30/2011 12:36:51.6360076
Insert Area--PANAY-ROMBLON-REGION-AREA4 8/30/2011 12:36:51.8237008
Insert Area--PANAY-ROMBLON-REGION-AREA5 8/30/2011 12:36:52.0270351
Insert Area--SAMAR-REGION-AREA1 8/30/2011 12:36:52.2147283
Insert Area--SAMAR-REGION-AREA2 8/30/2011 12:36:52.4024215
Insert Area--SAMAR-REGION-AREA3 8/30/2011 12:36:52.6057558
Insert Area--SOCSKSARGEN-MINDANAO-AREA1 8/30/2011 12:36:52.8090901
Insert Area--SOCSKSARGEN-MINDANAO-AREA1 8/30/2011 12:36:53.0280655
Insert Area--SOCSKSARGEN-MINDANAO-AREA2 8/30/2011 12:36:53.2313998
Insert Area--SOCSKSARGEN-MINDANAO-AREA3 8/30/2011 12:36:53.4190930
Insert Area--SOCSKSARGEN-MINDANAO-AREA4 8/30/2011 12:36:53.6067862
Insert Area--VISAYAS-SHOWROOMS 8/30/2011 12:36:53.7944794
Insert Area--ZAMBASTA-MINDANAO-AREA1 8/30/2011 12:36:54.0134548
Insert Area--ZAMBASTA-MINDANAO-AREA2 8/30/2011 12:36:54.2167891
Insert Area--ZAMBASTA-MINDANAO-AREA3 8/30/2011 12:36:54.5139700
Insert region--ANAKROM-REGION 8/30/2011 12:36:54.6078166
Insert region--CAGAYAN-REGION 8/30/2011 12:36:54.7016632
Insert region--CARAGA-REGION 8/30/2011 12:36:54.8111509
Insert region--Cebu Central 8/30/2011 12:36:54.9206386
Insert region--Cebu North 8/30/2011 12:36:55.0457674
Insert region--Cebu South 8/30/2011 12:36:55.1552551
Insert region--DAVA0-MINDANAO-REGION 8/30/2011 12:36:55.2647428
Insert region--DIPOLOG-MINDANAO-REGION 8/30/2011 12:36:55.3742305
Insert region--HO 8/30/2011 12:36:55.4837182
Insert region--LA-SHOWROOMS 8/30/2011 12:36:55.5775648
Insert region--LEYTE-REGION 8/30/2011 12:36:55.6870525
Insert region--LUZON/NCR-SHOWROOMS 8/30/2011 12:36:55.7965402
Insert region--NEGROS-OCC-REGION 8/30/2011 12:36:55.8903868
Insert region--NEGROS-ORIENTAL-REGION 8/30/2011 12:36:55.9842334
Insert region--OZAMIS-MINDANAO-REGION 8/30/2011 12:36:56.0937211
Insert region--PANAY-ROMBLON-REGION 8/30/2011 12:36:56.2032088
Insert region--SAMAR-REGION 8/30/2011 12:36:56.3126965
Insert region--SOCSKSARGEN-MINDANAO-REGION 8/30/2011 12:36:56.4221842
Insert region--VISMIN-SHOWROOMS 8/30/2011 12:36:56.5316719
Insert region--ZAMBASTA-MINDANAO-REGION 8/30/2011 12:36:56.6411596
Insert Vismin Wide--  8/30/2011 12:36:56.7506473
941 8/29/2011 12:37:16.6905058
677 8/29/2011 12:37:30.2600366
711 8/29/2011 12:37:45.3928774
712 8/29/2011 12:38:00.0410921
726 8/29/2011 12:38:25.1913060
036 8/29/2011 12:38:34.2561840
057 8/29/2011 12:38:44.3525826
066 8/29/2011 12:38:58.4969181
079 8/29/2011 12:39:12.3129685
264 8/29/2011 12:39:24.9709195
593 8/29/2011 12:39:40.8636802
628 8/29/2011 12:39:48.6303489
582 8/29/2011 12:39:58.4441677
537 8/29/2011 12:40:07.4610044
396 8/29/2011 12:40:20.6879374
280 8/29/2011 12:40:31.9631517
281 8/29/2011 12:40:40.4078337
284 8/29/2011 12:40:49.8846435
285 8/29/2011 12:41:00.6437939
290 8/29/2011 12:41:15.4204364
720 8/29/2011 12:41:26.1750460
696 8/29/2011 12:41:35.3195905
697 8/29/2011 12:41:44.8861909
673 8/29/2011 12:41:51.7172438
875 8/29/2011 12:42:27.6979492
730 8/29/2011 12:42:37.4187518
731 8/29/2011 12:42:43.9513812
724 8/29/2011 12:42:52.0937255
725 8/29/2011 12:42:59.5640529
727 8/29/2011 12:43:11.2852779
291 8/29/2011 12:43:23.6617500
287 8/29/2011 12:43:43.3515180
289 8/29/2011 12:43:54.4465460
583 8/29/2011 12:44:04.7289804
639 8/29/2011 12:44:17.5269984
288 8/29/2011 12:44:27.6369557
292 8/29/2011 12:44:37.1843806
282 8/29/2011 12:44:46.9661940
283 8/29/2011 12:45:00.9982522
246 8/29/2011 12:45:11.8269994
248 8/29/2011 12:45:29.1399426
250 8/29/2011 12:47:34.4453722
251 8/29/2011 12:48:57.7743806
252 8/29/2011 12:50:41.7115478
254 8/29/2011 12:51:40.4897560
679 8/29/2011 12:52:33.7057128
668 8/29/2011 12:53:01.7152104
747 8/29/2011 12:54:20.2671178
843 8/29/2011 12:56:35.1925246
005 8/29/2011 12:57:08.8802402
533 8/29/2011 12:58:30.9071110
519 8/29/2011 13:00:24.3859670
574 8/29/2011 13:01:40.4639752
373 8/29/2011 13:02:54.0550470
346 8/29/2011 13:04:05.8806638
347 8/29/2011 13:06:44.9164052
348 8/29/2011 13:09:11.8869407
349 8/29/2011 13:10:03.9937199
350 8/29/2011 13:11:59.4814912
351 8/29/2011 13:13:42.9171479
352 8/29/2011 13:14:25.7753750
353 8/29/2011 13:17:35.3542500
338 8/29/2011 13:19:53.3646959
339 8/29/2011 13:22:06.3772671
342 8/29/2011 13:22:47.5166843
550 8/29/2011 13:23:26.5896250
528 8/29/2011 13:26:20.6436686
627 8/29/2011 13:28:04.6880012
604 8/29/2011 13:29:49.4221699
880 8/29/2011 13:31:30.0376492
881 8/29/2011 13:32:31.2537829
948 8/29/2011 13:34:36.9700760
995 8/29/2011 13:38:18.7558143
355 8/29/2011 13:39:38.0265339
356 8/29/2011 13:40:47.9191523
359 8/29/2011 13:41:27.6150011
360 8/29/2011 13:43:03.2162225
361 8/29/2011 13:44:28.2168511
362 8/29/2011 13:45:21.1224757
363 8/29/2011 13:46:23.2644787
365 8/29/2011 13:47:50.6889199
368 8/29/2011 13:48:42.1847155
344 8/29/2011 13:50:57.0276395
335 8/29/2011 13:51:51.5027985
336 8/29/2011 13:53:27.9020691
340 8/29/2011 13:55:01.1256279
341 8/29/2011 13:56:57.2046245
640 8/29/2011 13:58:44.0430785
558 8/29/2011 14:00:52.3713826
172 8/29/2011 14:03:26.2658713
687 8/29/2011 14:05:49.4422914
688 8/29/2011 14:07:17.2239681
689 8/29/2011 14:08:46.1691067
879 8/29/2011 14:09:22.2495167
343 8/29/2011 14:11:09.7765053
354 8/29/2011 14:13:10.6353169
364 8/29/2011 14:16:10.9037095
405 8/29/2011 14:18:00.8893845
406 8/29/2011 14:18:56.3383908
407 8/29/2011 14:20:03.2555658
408 8/29/2011 14:21:31.3432217
410 8/29/2011 14:23:38.9456813
412 8/29/2011 14:25:07.1135687
413 8/29/2011 14:25:40.6195860
414 8/29/2011 14:26:32.6106385
415 8/29/2011 14:27:45.6385000
416 8/29/2011 14:28:36.6419742
417 8/29/2011 14:29:14.5948458
418 8/29/2011 14:30:49.8360374
618 8/29/2011 14:33:24.4696250
619 8/29/2011 14:35:21.2180076
108 8/29/2011 14:37:42.9878681
845 8/29/2011 14:39:42.1298450
748 8/29/2011 14:40:32.6302178
878 8/29/2011 14:41:27.1388478
954 8/29/2011 14:42:55.9378009
419 8/29/2011 14:44:15.5752312
420 8/29/2011 14:44:47.5669768
421 8/29/2011 14:44:55.5061912
409 8/29/2011 14:45:03.7585896
427 8/29/2011 14:45:13.5936112
428 8/29/2011 14:45:22.5763030
429 8/29/2011 14:45:33.1109782
430 8/29/2011 14:46:10.7348182
423 8/29/2011 14:47:05.5317802
424 8/29/2011 14:47:41.8961995
425 8/29/2011 14:49:46.7513867
439 8/29/2011 14:50:19.2106986
440 8/29/2011 14:52:16.6830301
441 8/29/2011 14:54:57.3383560
431 8/29/2011 14:55:50.3166538
432 8/29/2011 14:56:22.3769607
433 8/29/2011 15:00:02.7958484
434 8/29/2011 15:01:01.3540937
435 8/29/2011 15:02:32.6578991
436 8/29/2011 15:03:48.9229547
437 8/29/2011 15:04:26.8050146
620 8/29/2011 15:04:52.8278114
718 8/29/2011 15:05:11.5316966
719 8/29/2011 15:05:38.2786047
868 8/29/2011 15:07:27.3202500
750 8/29/2011 15:08:06.7577500
846 8/29/2011 15:08:42.8713490
105 8/29/2011 15:09:14.5944550
018 8/29/2011 15:09:57.2696072
037 8/29/2011 15:10:29.8494740
040 8/29/2011 15:11:33.4918717
029 8/29/2011 15:13:11.1517490
030 8/29/2011 15:14:43.8517040
032 8/29/2011 15:16:18.4517619
033 8/29/2011 15:19:08.0758278
034 8/29/2011 15:19:32.0858524
035 8/29/2011 15:20:37.9372954
022 8/29/2011 15:21:14.9329667
023 8/29/2011 15:22:52.0458224
024 8/29/2011 15:23:26.1387952
025 8/29/2011 15:25:42.9344380
026 8/29/2011 15:27:23.5670363
027 8/29/2011 15:29:26.9682476
028 8/29/2011 15:30:19.9123525
019 8/29/2011 15:31:56.5636477
020 8/29/2011 15:32:55.2745640
078 8/29/2011 15:33:41.8972637
526 8/29/2011 15:35:16.7203313
512 8/29/2011 15:36:00.9318638
749 8/29/2011 15:36:57.1153304
867 8/29/2011 15:38:06.3076934
508 8/29/2011 15:38:52.1017442
616 8/29/2011 15:39:49.8959416
633 8/29/2011 15:41:29.3686541
045 8/29/2011 15:45:17.5381720
046 8/29/2011 15:48:11.5125521
047 8/29/2011 15:49:13.1806604
048 8/29/2011 15:49:41.1701744
049 8/29/2011 15:51:08.5741871
050 8/29/2011 15:52:30.9425108
054 8/29/2011 15:54:07.3923590
042 8/29/2011 15:56:39.8298666
052 8/29/2011 15:57:39.3128827
325 8/29/2011 15:58:19.4574522
053 8/29/2011 16:00:28.7873315
043 8/29/2011 16:02:49.6178220
055 8/29/2011 16:04:25.2358936
051 8/29/2011 16:05:42.8374396
041 8/29/2011 16:08:06.1758735
038 8/29/2011 16:09:25.4984419
532 8/29/2011 16:10:59.1504570
866 8/29/2011 16:12:19.9538283
722 8/29/2011 16:14:17.6816789
864 8/29/2011 16:16:00.7983071
865 8/29/2011 16:16:40.5762465
721 8/29/2011 16:17:35.5187974
571 8/29/2011 16:18:19.9554395
547 8/29/2011 16:19:16.8577805
644 8/29/2011 16:20:36.5293431
578 8/29/2011 16:21:50.7319227
591 8/29/2011 16:22:12.1082322
067 8/29/2011 16:23:10.0192953
068 8/29/2011 16:24:02.0266693
069 8/29/2011 16:25:20.7960064
065 8/29/2011 16:25:56.6513804
260 8/29/2011 16:26:42.3138801
240 8/29/2011 16:27:20.9746325
070 8/29/2011 16:28:32.5280630
071 8/29/2011 16:28:59.6195911
072 8/29/2011 16:29:25.5815891
073 8/29/2011 16:30:05.2936751
056 8/29/2011 16:30:33.8039425
064 8/29/2011 16:31:01.6518366
087 8/29/2011 16:31:39.1694181
585 8/29/2011 16:32:13.5098323
511 8/29/2011 16:32:39.0300297
699 8/29/2011 16:33:01.4559227
936 8/29/2011 16:33:26.7405117
943 8/29/2011 16:33:51.4302237
088 8/29/2011 16:34:20.1269980
089 8/29/2011 16:34:45.1856422
090 8/29/2011 16:35:05.5985827
092 8/29/2011 16:35:30.9918161
093 8/29/2011 16:35:59.8045409
094 8/29/2011 16:36:29.9572145
080 8/29/2011 16:37:00.2467979
081 8/29/2011 16:37:30.6836570
082 8/29/2011 16:37:54.7932896
084 8/29/2011 16:38:17.9008146
085 8/29/2011 16:38:39.2047772
086 8/29/2011 16:39:02.1968014
083 8/29/2011 16:39:32.4429380
095 8/29/2011 16:40:02.7526104
074 8/29/2011 16:40:29.4638435
075 8/29/2011 16:41:16.4115209
076 8/29/2011 16:41:42.8831507
573 8/29/2011 16:42:10.3236359
937 8/29/2011 16:42:52.3418434
938 8/29/2011 16:43:31.3280075
728 8/29/2011 16:43:51.1880180
656 8/29/2011 16:44:25.6420124
869 8/29/2011 16:44:53.5173692
944 8/29/2011 16:45:34.4877500
945 8/29/2011 16:45:55.7221250
997 8/29/2011 16:46:20.3330055
058 8/29/2011 16:46:53.2094337
059 8/29/2011 16:47:19.6811042
060 8/29/2011 16:47:49.8948383
061 8/29/2011 16:48:12.5590546
062 8/29/2011 16:48:52.9458273
063 8/29/2011 16:49:25.7400763
120 8/29/2011 16:49:53.6576989
121 8/29/2011 16:50:22.3076671
122 8/29/2011 16:50:45.5054587
123 8/29/2011 16:51:09.9093475
124 8/29/2011 16:51:39.3096295
125 8/29/2011 16:51:59.3501059
126 8/29/2011 16:52:24.3901375
128 8/29/2011 16:52:41.1819127
129 8/29/2011 16:53:01.1788219
130 8/29/2011 16:53:20.9232664
575 8/29/2011 16:53:57.1690045
555 8/29/2011 16:54:21.6598146
835 8/29/2011 16:54:54.0556221
839 8/29/2011 16:55:14.3875716
666 8/29/2011 16:55:29.7445786
702 8/29/2011 16:55:47.9947081
947 8/29/2011 16:56:04.9781191
549 8/29/2011 16:56:25.6705118
566 8/29/2011 16:56:51.0007481
567 8/29/2011 16:57:15.3383852
106 8/29/2011 16:57:45.6647402
103 8/29/2011 16:58:11.3424152
104 8/29/2011 16:58:43.7634431
096 8/29/2011 16:59:17.5559534
097 8/29/2011 16:59:48.8500280
098 8/29/2011 17:00:16.2878636
099 8/29/2011 17:00:34.5130071
100 8/29/2011 17:00:57.0871548
101 8/29/2011 17:01:28.5317743
017 8/29/2011 17:01:56.3431271
109 8/29/2011 17:02:20.3022243
112 8/29/2011 17:02:47.9142707
115 8/29/2011 17:03:13.4506963
117 8/29/2011 17:03:33.9699938
118 8/29/2011 17:04:02.4359754
119 8/29/2011 17:04:25.3187211
953 8/29/2011 17:04:47.0411987
670 8/29/2011 17:05:16.2624267
834 8/29/2011 17:05:48.5772587
876 8/29/2011 17:06:15.0824939
836 8/29/2011 17:06:39.8619499
837 8/29/2011 17:07:04.6257227
838 8/29/2011 17:07:39.2540264
116 8/29/2011 17:08:10.6408979
113 8/29/2011 17:08:28.8326868
114 8/29/2011 17:08:51.0567005
110 8/29/2011 17:09:11.7167442
111 8/29/2011 17:09:33.1653095
107 8/29/2011 17:09:53.2529435
559 8/29/2011 17:10:19.3577084
515 8/29/2011 17:10:39.7062758
527 8/29/2011 17:10:58.4138297
602 8/29/2011 17:11:24.2246375
624 8/29/2011 17:11:51.1816931
136 8/29/2011 17:12:17.1946511
298 8/29/2011 17:12:57.4007591
299 8/29/2011 17:13:21.2330799
300 8/29/2011 17:13:39.8324425
301 8/29/2011 17:14:01.3246899
303 8/29/2011 17:14:25.7200392
306 8/29/2011 17:14:46.2998699
308 8/29/2011 17:15:11.4094577
309 8/29/2011 17:15:29.9717839
302 8/29/2011 17:15:47.6281379
326 8/29/2011 17:16:09.5572039
327 8/29/2011 17:16:32.8651940
328 8/29/2011 17:16:50.3340105
329 8/29/2011 17:17:10.8579115
333 8/29/2011 17:17:30.0268466
334 8/29/2011 17:17:51.2287316
127 8/29/2011 17:18:07.7976121
540 8/29/2011 17:18:24.7782162
541 8/29/2011 17:18:44.3755065
893 8/29/2011 17:19:02.5315892
894 8/29/2011 17:19:27.6565469
892 8/29/2011 17:19:47.5885317
661 8/29/2011 17:20:02.4514717
701 8/29/2011 17:20:19.2708315
426 8/29/2011 17:20:38.1013515
315 8/29/2011 17:20:58.2500079
316 8/29/2011 17:21:20.1599274
319 8/29/2011 17:21:37.9462404
320 8/29/2011 17:22:01.4619498
321 8/29/2011 17:22:24.1058621
322 8/29/2011 17:22:44.7760561
323 8/29/2011 17:23:04.4739041
307 8/29/2011 17:23:23.4802101
311 8/29/2011 17:23:57.1141571
312 8/29/2011 17:24:16.8311955
286 8/29/2011 17:24:36.0688377
313 8/29/2011 17:24:59.7592023
314 8/29/2011 17:25:27.1425479
310 8/29/2011 17:26:09.5802109
317 8/29/2011 17:26:31.2735447
148 8/29/2011 17:26:51.7684268
517 8/29/2011 17:27:11.5587484
590 8/29/2011 17:27:40.3248370
709 8/29/2011 17:28:03.6299270
671 8/29/2011 17:28:27.3192243
890 8/29/2011 17:28:47.2983261
891 8/29/2011 17:29:06.5114060
860 8/29/2011 17:29:32.3012930
324 8/29/2011 17:30:00.6212222
332 8/29/2011 17:30:22.3007914
330 8/29/2011 17:30:48.5498006
271 8/29/2011 17:31:17.4257664
608 8/29/2011 17:31:45.4274524
622 8/29/2011 17:32:11.5519304
570 8/29/2011 17:32:34.9077128
565 8/29/2011 17:32:52.7678648
545 8/29/2011 17:33:15.3945058
553 8/29/2011 17:33:40.1141758
442 8/29/2011 17:34:15.8554790
443 8/29/2011 17:34:39.4529760
438 8/29/2011 17:35:01.6706858
445 8/29/2011 17:35:26.2244704
447 8/29/2011 17:35:46.4606103
448 8/29/2011 17:36:12.3955235
449 8/29/2011 17:36:51.7269812
450 8/29/2011 17:37:19.2862097
854 8/29/2011 17:37:41.0780231
991 8/29/2011 17:38:02.8698365
884 8/29/2011 17:38:29.2360431
451 8/29/2011 17:38:53.5006319
452 8/29/2011 17:39:28.8298780
459 8/29/2011 17:39:48.0075199
460 8/29/2011 17:40:16.6876054
461 8/29/2011 17:40:35.7530334
462 8/29/2011 17:40:58.1314702
463 8/29/2011 17:41:18.0873641
464 8/29/2011 17:41:46.0115622
455 8/29/2011 17:42:07.3258354
457 8/29/2011 17:42:28.2176483
564 8/29/2011 17:42:46.3278346
630 8/29/2011 17:43:01.6410206
606 8/29/2011 17:43:30.9856476
612 8/29/2011 17:44:00.3143357
610 8/29/2011 17:44:24.8147362
611 8/29/2011 17:44:58.4245414
548 8/29/2011 17:45:26.6279459
524 8/29/2011 17:46:02.5656759
458 8/29/2011 17:46:29.2384194
479 8/29/2011 17:46:52.7406271
453 8/29/2011 17:47:17.9609178
454 8/29/2011 17:47:49.7127568
233 8/29/2011 17:48:14.8009380
885 8/29/2011 17:48:34.0924302
886 8/29/2011 17:48:59.1213435
887 8/29/2011 17:49:21.7719288
888 8/29/2011 17:49:43.9966512
663 8/29/2011 17:50:24.8499079
001 8/29/2011 17:50:52.2285871
207 8/29/2011 17:51:15.3253499
208 8/29/2011 17:51:43.2648167
209 8/29/2011 17:52:05.7507746
210 8/29/2011 17:52:33.8769038
212 8/29/2011 17:52:50.8077420
214 8/29/2011 17:53:12.8757818
215 8/29/2011 17:53:40.8634098
216 8/29/2011 17:54:11.2589246
217 8/29/2011 17:54:57.6321190
218 8/29/2011 17:55:16.2051000
645 8/29/2011 17:55:40.1966895
650 8/29/2011 17:55:57.5612862
651 8/29/2011 17:56:19.1607611
674 8/29/2011 17:56:40.9453567
675 8/29/2011 17:57:07.0431147
949 8/29/2011 17:57:30.2486553
996 8/29/2011 17:57:51.2191499
874 8/29/2011 17:58:19.4556622
579 8/29/2011 17:58:51.9414925
201 8/29/2011 17:59:14.8174949
202 8/29/2011 17:59:40.9898724
203 8/29/2011 18:00:06.3028584
204 8/29/2011 18:00:28.9906977
205 8/29/2011 18:00:50.9441037
193 8/29/2011 18:01:11.3818653
194 8/29/2011 18:01:35.1007835
195 8/29/2011 18:01:57.7415534
196 8/29/2011 18:02:22.3980153
197 8/29/2011 18:02:43.1014053
198 8/29/2011 18:03:05.8673217
199 8/29/2011 18:03:24.0133309
191 8/29/2011 18:03:53.1067161
221 8/29/2011 18:04:13.6643741
222 8/29/2011 18:04:35.6234721
223 8/29/2011 18:04:58.6296545
224 8/29/2011 18:05:22.9005415
225 8/29/2011 18:05:40.3871545
226 8/29/2011 18:06:02.4055975
227 8/29/2011 18:06:18.7511939
228 8/29/2011 18:06:35.0805729
229 8/29/2011 18:06:50.1129773
230 8/29/2011 18:07:08.5987719
206 8/29/2011 18:07:27.3808630
219 8/29/2011 18:07:44.5220365
634 8/29/2011 18:08:01.0225645
872 8/29/2011 18:08:20.9918635
698 8/29/2011 18:08:40.3047343
993 8/29/2011 18:09:02.0551519
844 8/29/2011 18:09:27.8055577
851 8/29/2011 18:09:48.5089477
007 8/29/2011 18:10:12.1655005
012 8/29/2011 18:10:29.1812459
013 8/29/2011 18:10:46.5251069
014 8/29/2011 18:11:04.2283452
006 8/29/2011 18:11:25.1191753
008 8/29/2011 18:11:42.5568985
009 8/29/2011 18:12:00.9008833
010 8/29/2011 18:12:23.0261085
011 8/29/2011 18:12:45.7137537
015 8/29/2011 18:13:03.6669936
016 8/29/2011 18:13:26.2608882
369 8/29/2011 18:13:43.4016229
946 8/29/2011 18:14:01.2923624
738 8/29/2011 18:14:18.5815110
870 8/29/2011 18:14:36.1424940
705 8/29/2011 18:14:51.4653125
614 8/29/2011 18:15:10.7479605
609 8/29/2011 18:15:29.1881381
597 8/29/2011 18:15:47.0000479
176 8/29/2011 18:16:05.4844003
177 8/29/2011 18:16:23.8042057
178 8/29/2011 18:16:42.3182740
163 8/29/2011 18:17:03.1485571
180 8/29/2011 18:17:20.7651013
181 8/29/2011 18:17:38.9202388
182 8/29/2011 18:17:58.1856388
183 8/29/2011 18:18:17.6372380
184 8/29/2011 18:18:44.1635541
185 8/29/2011 18:19:05.5471725
186 8/29/2011 18:19:23.3590701
188 8/29/2011 18:19:40.7087097
189 8/29/2011 18:19:58.0739937
190 8/29/2011 18:20:14.8314463
636 8/29/2011 18:20:29.4838515
751 8/29/2011 18:20:52.1213469
737 8/29/2011 18:21:10.5701997
685 8/29/2011 18:21:28.3945666
994 8/29/2011 18:21:48.7929966
987 8/29/2011 18:22:08.0145941
601 8/29/2011 18:22:24.9606250
580 8/29/2011 18:22:46.0476052
318 8/29/2011 18:23:05.3118658
164 8/29/2011 18:23:22.1180030
179 8/29/2011 18:23:36.8159002
173 8/29/2011 18:23:55.0080736
174 8/29/2011 18:24:18.2554962
165 8/29/2011 18:24:39.7548864
167 8/29/2011 18:25:01.2699239
168 8/29/2011 18:25:27.0786281
171 8/29/2011 18:25:52.2840213
603 8/29/2011 18:26:13.4240285
504 8/29/2011 18:26:33.1188045
374 8/29/2011 18:27:08.0219343
686 8/29/2011 18:27:31.7303877
669 8/29/2011 18:27:51.0463485
707 8/29/2011 18:28:08.0493949
736 8/29/2011 18:28:25.1921659
706 8/29/2011 18:28:38.7559679
999 8/29/2011 18:28:56.5701779
337 8/29/2011 18:29:18.3689529
505 8/29/2011 18:29:41.2763757
635 8/29/2011 18:30:02.4337089
169 8/29/2011 18:30:20.7470184
170 8/29/2011 18:30:37.1850444
166 8/29/2011 18:30:56.5606644
149 8/29/2011 18:31:27.1239754
151 8/29/2011 18:31:49.3587773
152 8/29/2011 18:32:12.7654767
155 8/29/2011 18:32:33.2655019
156 8/29/2011 18:32:53.1248769
157 8/29/2011 18:33:15.6405119
158 8/29/2011 18:33:38.1250308
159 8/29/2011 18:33:57.6876560
145 8/29/2011 18:34:26.9065930
147 8/29/2011 18:34:52.4380064
595 8/29/2011 18:35:14.0787699
539 8/29/2011 18:35:39.9539355
678 8/29/2011 18:35:59.6415615
853 8/29/2011 18:36:18.5947789
764 8/29/2011 18:36:41.1729039
657 8/29/2011 18:36:59.3291539
716 8/29/2011 18:37:25.2198502
529 8/29/2011 18:37:44.3293475
530 8/29/2011 18:38:11.6576474
588 8/29/2011 18:38:35.7203014
584 8/29/2011 18:38:56.4548091
305 8/29/2011 18:39:20.9862161
146 8/29/2011 18:39:42.1582266
144 8/29/2011 18:40:07.9396416
160 8/29/2011 18:40:29.0450519
161 8/29/2011 18:40:53.4958189
153 8/29/2011 18:41:12.5774354
154 8/29/2011 18:41:30.6578294
143 8/29/2011 18:41:51.5206556
137 8/29/2011 18:42:12.6493499
138 8/29/2011 18:42:35.5668083
139 8/29/2011 18:42:55.1852193
140 8/29/2011 18:43:21.3674803
133 8/29/2011 18:43:39.9811429
021 8/29/2011 18:44:00.2670657
613 8/29/2011 18:44:17.3331467
637 8/29/2011 18:44:32.7256432
638 8/29/2011 18:44:48.2744087
518 8/29/2011 18:45:07.1673308
717 8/29/2011 18:45:22.2084661
708 8/29/2011 18:45:36.8938797
680 8/29/2011 18:45:55.1370189
681 8/29/2011 18:46:19.0475259
734 8/29/2011 18:46:39.2087187
741 8/29/2011 18:47:01.5769986
871 8/29/2011 18:47:20.7304990
950 8/29/2011 18:47:40.2793740
952 8/29/2011 18:48:02.5338133
951 8/29/2011 18:48:32.2712685
761 8/29/2011 18:48:49.1539365
682 8/29/2011 18:49:03.1915623
690 8/29/2011 18:49:28.3911273
659 8/29/2011 18:49:46.6209171
714 8/29/2011 18:50:03.7515809
715 8/29/2011 18:50:24.0299805
642 8/29/2011 18:50:44.0167341
345 8/29/2011 18:51:03.9251697
134 8/29/2011 18:51:22.2114822
135 8/29/2011 18:51:40.9403427
131 8/29/2011 18:52:00.9209232
132 8/29/2011 18:52:44.7256773
141 8/29/2011 18:53:07.6007064
142 8/29/2011 18:53:27.8348853
477 8/29/2011 18:53:50.7601668
478 8/29/2011 18:54:17.4132193
469 8/29/2011 18:54:39.2408895
470 8/29/2011 18:55:04.9987930
472 8/29/2011 18:55:29.5035538
473 8/29/2011 18:55:52.9975374
497 8/29/2011 18:56:12.9877578
546 8/29/2011 18:56:33.7184262
665 8/29/2011 18:56:54.8549182
691 8/29/2011 18:57:16.3816500
732 8/29/2011 18:57:35.6368244
983 8/29/2011 18:58:02.3783856
984 8/29/2011 18:58:24.4611332
840 8/29/2011 18:58:44.0263876
692 8/29/2011 18:58:58.7159556
683 8/29/2011 18:59:16.7401547
684 8/29/2011 18:59:35.1305125
483 8/29/2011 18:59:57.9853098
484 8/29/2011 19:00:19.7209987
485 8/29/2011 19:00:43.9863937
486 8/29/2011 19:01:04.0745737
476 8/29/2011 19:01:26.4235666
480 8/29/2011 19:01:44.1850402
481 8/29/2011 19:02:03.6038344
482 8/29/2011 19:02:25.3486375
475 8/29/2011 19:02:44.7142075
366 8/29/2011 19:03:04.3611175
367 8/29/2011 19:03:29.7731143
370 8/29/2011 19:03:52.3706239
371 8/29/2011 19:04:07.6075339
552 8/29/2011 19:04:28.2191774
649 8/29/2011 19:04:48.6583778
694 8/29/2011 19:05:02.6907952
695 8/29/2011 19:05:17.7231632
985 8/29/2011 19:05:37.7084335
986 8/29/2011 19:05:53.9435358
733 8/29/2011 19:06:09.6629900
877 8/29/2011 19:06:25.8197421
551 8/29/2011 19:06:44.3983427
581 8/29/2011 19:07:00.5706317
536 8/29/2011 19:07:22.4929101
474 8/29/2011 19:07:40.6024010
465 8/29/2011 19:07:59.0556441
466 8/29/2011 19:08:20.8683259
467 8/29/2011 19:08:38.1966727
882 8/29/2011 19:08:56.3687803
664 8/29/2011 19:09:13.8221287
982 8/29/2011 19:09:35.8535226
729 8/29/2011 19:09:50.4473660
745 8/29/2011 19:10:07.4630999
522 8/29/2011 19:10:22.6819473
543 8/29/2011 19:10:42.8539514
102 8/29/2011 19:11:01.0259427
293 8/29/2011 19:11:19.3697775
259 8/29/2011 19:11:41.3541525
262 8/29/2011 19:12:01.1822775
267 8/29/2011 19:12:20.4166525
269 8/29/2011 19:12:41.3854025
273 8/29/2011 19:13:03.3072775
274 8/29/2011 19:13:20.9010699
275 8/29/2011 19:13:42.1980812
266 8/29/2011 19:14:02.4169606
263 8/29/2011 19:14:27.1827441
261 8/29/2011 19:14:45.4953613
255 8/29/2011 19:15:03.0579737
256 8/29/2011 19:15:21.0112136
257 8/29/2011 19:15:38.0425726
258 8/29/2011 19:15:54.2926766
563 8/29/2011 19:16:19.2771795
766 8/29/2011 19:16:36.7303045
676 8/29/2011 19:16:54.2615545
535 8/29/2011 19:17:12.1834295
514 8/29/2011 19:17:29.8554042
265 8/29/2011 19:17:50.1367840
294 8/29/2011 19:18:09.3400319
272 8/29/2011 19:18:27.3245220
277 8/29/2011 19:18:58.4653463
278 8/29/2011 19:19:16.5904623
279 8/29/2011 19:19:34.5905775
296 8/29/2011 19:19:54.6844561
297 8/29/2011 19:20:16.6220965
253 8/29/2011 19:20:35.6065930
241 8/29/2011 19:20:58.2629880
242 8/29/2011 19:21:17.7631128
243 8/29/2011 19:21:39.1382496
244 8/29/2011 19:22:00.3727605
245 8/29/2011 19:22:19.3103495
249 8/29/2011 19:22:38.2165995
247 8/29/2011 19:22:54.2790995
513 8/29/2011 19:23:16.1072245
557 8/29/2011 19:23:37.9822245
693 8/29/2011 19:23:56.7634745
660 8/29/2011 19:24:15.7478589
662 8/29/2011 19:24:31.7635864
842 8/29/2011 19:24:53.7012268
509 8/29/2011 19:25:14.2794835
510 8/29/2011 19:25:36.2639992
523 8/29/2011 19:25:59.6547739
295 8/29/2011 19:26:20.8424095
268 8/29/2011 19:26:38.4831474
276 8/29/2011 19:26:59.3739061
044 8/29/2011 19:27:20.1396265
232 8/29/2011 19:27:38.4833765
192 8/29/2011 19:27:58.1083765
234 8/29/2011 19:28:17.4208966
236 8/29/2011 19:28:34.5772564
237 8/29/2011 19:28:52.2336194
556 8/29/2011 19:29:09.2806035
544 8/29/2011 19:29:27.0150920
607 8/29/2011 19:29:45.2652088
647 8/29/2011 19:29:59.1090474
648 8/29/2011 19:30:16.1560195
743 8/29/2011 19:30:30.1247695
704 8/29/2011 19:30:46.5466445
873 8/29/2011 19:31:07.1247695
998 8/29/2011 19:31:27.8436063
646 8/29/2011 19:31:43.6718326
617 8/29/2011 19:32:02.2344514
596 8/29/2011 19:32:20.1408160
525 8/29/2011 19:32:37.6721782
534 8/29/2011 19:32:56.2660472
238 8/29/2011 19:33:14.1411616
239 8/29/2011 19:33:30.8600186
235 8/29/2011 19:33:51.7820275
231 8/29/2011 19:34:10.7352738
594 8/29/2011 19:34:30.1884215
598 8/29/2011 19:34:48.5477965
503 8/29/2011 19:35:05.8446715
700 8/29/2011 19:35:19.8447071
655 8/29/2011 19:35:34.2041740
703 8/29/2011 19:35:51.4542844
955 8/29/2011 19:36:15.3763125
939 8/29/2011 19:36:33.1733014
372 8/29/2011 19:36:50.4702871
375 8/29/2011 19:37:11.5641721
376 8/29/2011 19:37:29.8299140
377 8/29/2011 19:37:48.1581563
378 8/29/2011 19:38:13.3770677
379 8/29/2011 19:38:30.4239485
380 8/29/2011 19:38:47.9395735
381 8/29/2011 19:39:04.7364485
422 8/29/2011 19:39:19.1271045
605 8/29/2011 19:39:35.6584603
641 8/29/2011 19:39:52.5960687
213 8/29/2011 19:40:17.4399777
200 8/29/2011 19:40:35.4088427
175 8/29/2011 19:40:53.1433312
625 8/29/2011 19:41:10.7996942
600 8/29/2011 19:41:33.7215915
561 8/29/2011 19:41:52.3622165
382 8/29/2011 19:42:08.2372165
397 8/29/2011 19:42:26.0965915
398 8/29/2011 19:42:43.6122165
399 8/29/2011 19:43:00.5965915
400 8/29/2011 19:43:17.4559868
401 8/29/2011 19:43:35.4717271
402 8/29/2011 19:43:53.0030893
403 8/29/2011 19:44:10.5032013
404 8/29/2011 19:44:27.3314340
393 8/29/2011 19:44:44.8627962
444 8/29/2011 19:45:02.7847859
667 8/29/2011 19:45:20.2067724
863 8/29/2011 19:45:41.0350307
883 8/29/2011 19:46:02.6914193
889 8/29/2011 19:46:22.7383685
841 8/29/2011 19:46:42.2852435
956 8/29/2011 19:46:59.6758685
383 8/29/2011 19:47:17.2540125
385 8/29/2011 19:47:39.3010286
386 8/29/2011 19:47:59.4886578
388 8/29/2011 19:48:18.4419041
389 8/29/2011 19:48:35.8013902
390 8/29/2011 19:48:54.4733847
538 8/29/2011 19:49:12.1297477
626 8/29/2011 19:49:27.3016365
629 8/29/2011 19:49:47.0360115
220 8/29/2011 19:50:09.6141365
331 8/29/2011 19:50:29.6922615
187 8/29/2011 19:50:47.3485115
621 8/29/2011 19:51:16.8485279
507 8/29/2011 19:51:35.9892754
560 8/29/2011 19:51:54.1612667
569 8/29/2011 19:52:11.1770006
572 8/29/2011 19:52:33.3177673
391 8/29/2011 19:52:50.6616283
392 8/29/2011 19:53:09.8023758
384 8/29/2011 19:53:28.3024942
394 8/29/2011 19:53:49.5526302
562 8/29/2011 19:54:09.2246311
568 8/29/2011 19:54:30.0685145
632 8/29/2011 19:54:49.5217640
623 8/29/2011 19:55:13.3500415
652 8/29/2011 19:55:33.4751703
653 8/29/2011 19:55:51.2721592
003 8/29/2011 19:56:08.3191433
004 8/29/2011 19:56:25.4442529
833 8/29/2011 19:56:43.0068653
862 8/29/2011 19:57:01.6632347
658 8/29/2011 19:57:16.6164405
957 8/29/2011 19:57:37.8508155
589 8/29/2011 19:58:02.6476905
521 8/29/2011 19:58:20.2258535
531 8/29/2011 19:58:38.3353444
501 8/29/2011 19:58:59.2104780
502 8/29/2011 19:59:19.7887347
487 8/29/2011 19:59:36.8200937
489 8/29/2011 19:59:54.4452065
490 8/29/2011 20:00:11.9453185
491 8/29/2011 20:00:30.1484585
488 8/29/2011 20:00:50.6172085
500 8/29/2011 20:01:30.2109585
494 8/29/2011 20:01:49.1328335
495 8/29/2011 20:02:09.6172085
496 8/29/2011 20:02:28.8204265
506 8/29/2011 20:02:46.8205417
554 8/29/2011 20:03:08.4769303
586 8/29/2011 20:03:27.3676762
587 8/29/2011 20:03:46.3052974
599 8/29/2011 20:04:13.7117228
615 8/29/2011 20:04:40.7118956
942 8/29/2011 20:04:59.3370148
940 8/29/2011 20:05:21.7902355
992 8/29/2011 20:05:40.6496105
735 8/29/2011 20:05:56.8371105
542 8/29/2011 20:06:15.0402403
498 8/29/2011 20:06:38.3685146
499 8/29/2011 20:06:58.2123916
493 8/29/2011 20:07:22.9625500
Insert Area--<none> 8/29/2011 20:07:23.2281767
Insert Area--ANAKROM-REGION-AREA1 8/29/2011 20:07:23.5563038
Insert Area--ANAKROM-REGION-AREA2 8/29/2011 20:07:23.8063054
Insert Area--ANAKROM-REGION-AREA3 8/29/2011 20:07:24.0563070
Insert Area--ANAKROM-REGION-AREA4 8/29/2011 20:07:24.3219337
Insert Area--CAGAYAN-REGION-AREA1 8/29/2011 20:07:24.6344357
Insert Area--CAGAYAN-REGION-AREA1 8/29/2011 20:07:24.9000624
Insert Area--CAGAYAN-REGION-AREA2 8/29/2011 20:07:25.1500640
Insert Area--CAGAYAN-REGION-AREA3 8/29/2011 20:07:25.3844405
Insert Area--CAGAYAN-REGION-AREA4 8/29/2011 20:07:25.6188170
Insert Area--CAGAYAN-REGION-AREA5 8/29/2011 20:07:25.9313190
Insert Area--CARAGA-REGION-AREA1 8/29/2011 20:07:26.1656955
Insert Area--CARAGA-REGION-AREA2 8/29/2011 20:07:26.3688218
Insert Area--CARAGA-REGION-AREA3 8/29/2011 20:07:26.5875732
Insert Area--Cebu Central A 8/29/2011 20:07:26.8063246
Insert Area--Cebu Central B 8/29/2011 20:07:27.0407011
Insert Area--Cebu Central C 8/29/2011 20:07:27.2750776
Insert Area--Cebu Central D 8/29/2011 20:07:27.4782039
Insert Area--Cebu North A 8/29/2011 20:07:27.6969553
Insert Area--Cebu North A 8/29/2011 20:07:27.9157067
Insert Area--Cebu North B 8/29/2011 20:07:28.1500832
Insert Area--Cebu North C 8/29/2011 20:07:28.4000848
Insert Area--Cebu North D 8/29/2011 20:07:28.6344613
Insert Area--Cebu North E 8/29/2011 20:07:28.8688378
Insert Area--Cebu South A 8/29/2011 20:07:29.1188394
Insert Area--Cebu South B 8/29/2011 20:07:29.3375908
Insert Area--Cebu South C 8/29/2011 20:07:29.5719673
Insert Area--CEBU SOUTH D 8/29/2011 20:07:29.7907187
Insert Area--DAVA0-MINDANAO-REGION-AREA1 8/29/2011 20:07:30.0094701
Insert Area--DAVA0-MINDANAO-REGION-AREA2 8/29/2011 20:07:30.2438466
Insert Area--DAVA0-MINDANAO-REGION-AREA3 8/29/2011 20:07:30.4625980
Insert Area--DAVA0-MINDANAO-REGION-AREA3 8/29/2011 20:07:30.6813494
Insert Area--DAVA0-MINDANAO-REGION-AREA4 8/29/2011 20:07:30.9157259
Insert Area--DAVA0-MINDANAO-REGION-AREA5 8/29/2011 20:07:31.1344773
Insert Area--DIPOLOG-MINDANAO-REGION-AREA1 8/29/2011 20:07:31.3532287
Insert Area--DIPOLOG-MINDANAO-REGION-AREA2 8/29/2011 20:07:31.5876052
Insert Area--DIPOLOG-MINDANAO-REGION-AREA3 8/29/2011 20:07:31.8063566
Insert Area--HO 8/29/2011 20:07:32.0407331
Insert Area--LEYTE-REGION-AREA1 8/29/2011 20:07:32.2751096
Insert Area--LEYTE-REGION-AREA2 8/29/2011 20:07:32.4938610
Insert Area--LEYTE-REGION-AREA2 8/29/2011 20:07:32.7126124
Insert Area--LEYTE-REGION-AREA3 8/29/2011 20:07:32.9313638
Insert Area--LUZON-SHOWROOMS 8/29/2011 20:07:33.1501152
Insert Area--MINDANAO-SHOWROOMS 8/29/2011 20:07:33.3688666
Insert Area--NCR-SHOWROOMS 8/29/2011 20:07:33.6188682
Insert Area--NEGROS-OCC-REGION-AREA1 8/29/2011 20:07:33.8532447
Insert Area--NEGROS-OCC-REGION-AREA2 8/29/2011 20:07:34.0876212
Insert Area--NEGROS-OCC-REGION-AREA3 8/29/2011 20:07:34.3063726
Insert Area--NEGROS-OCC-REGION-AREA4 8/29/2011 20:07:34.5407491
Insert Area--NEGROS-OCC-REGION-AREA5 8/29/2011 20:07:34.7595005
Insert Area--NEGROS-ORIENTAL-REGION-AREA1 8/29/2011 20:07:35.0095021
Insert Area--NEGROS-ORIENTAL-REGION-AREA2 8/29/2011 20:07:35.2595037
Insert Area--NEGROS-ORIENTAL-REGION-AREA3 8/29/2011 20:07:35.4938802
Insert Area--NEGROS-ORIENTAL-REGION-AREA4 8/29/2011 20:07:35.7282567
Insert Area--OZAMIS-MINDANAO-REGION-AREA1 8/29/2011 20:07:35.9626332
Insert Area--OZAMIS-MINDANAO-REGION-AREA2 8/29/2011 20:07:36.1970097
Insert Area--OZAMIS-MINDANAO-REGION-AREA3 8/29/2011 20:07:36.4313862
Insert Area--OZAMIS-MINDANAO-REGION-AREA4 8/29/2011 20:07:36.6501376
Insert Area--OZAMIS-MINDANAO-REGION-AREA5 8/29/2011 20:07:36.8688890
Insert Area--PANAY-ROMBLON-REGION-AREA1 8/29/2011 20:07:37.1032655
Insert Area--PANAY-ROMBLON-REGION-AREA2 8/29/2011 20:07:37.3220169
Insert Area--PANAY-ROMBLON-REGION-AREA3 8/29/2011 20:07:37.5407683
Insert Area--PANAY-ROMBLON-REGION-AREA4 8/29/2011 20:07:37.7595197
Insert Area--PANAY-ROMBLON-REGION-AREA5 8/29/2011 20:07:37.9782711
Insert Area--SAMAR-REGION-AREA1 8/29/2011 20:07:38.1970225
Insert Area--SAMAR-REGION-AREA2 8/29/2011 20:07:38.4157739
Insert Area--SAMAR-REGION-AREA3 8/29/2011 20:07:38.6501504
Insert Area--SOCSKSARGEN-MINDANAO-AREA1 8/29/2011 20:07:38.8845269
Insert Area--SOCSKSARGEN-MINDANAO-AREA1 8/29/2011 20:07:39.1189034
Insert Area--SOCSKSARGEN-MINDANAO-AREA2 8/29/2011 20:07:39.3532799
Insert Area--SOCSKSARGEN-MINDANAO-AREA3 8/29/2011 20:07:39.5720313
Insert Area--SOCSKSARGEN-MINDANAO-AREA4 8/29/2011 20:07:39.8064078
Insert Area--VISAYAS-SHOWROOMS 8/29/2011 20:07:40.0564094
Insert Area--ZAMBASTA-MINDANAO-AREA1 8/29/2011 20:07:40.2751608
Insert Area--ZAMBASTA-MINDANAO-AREA2 8/29/2011 20:07:40.4939122
Insert Area--ZAMBASTA-MINDANAO-AREA3 8/29/2011 20:07:40.7126636
Insert region--ANAKROM-REGION 8/29/2011 20:07:40.8689146
Insert region--CAGAYAN-REGION 8/29/2011 20:07:40.9782903
Insert region--CARAGA-REGION 8/29/2011 20:07:41.1032911
Insert region--Cebu Central 8/29/2011 20:07:41.2126668
Insert region--Cebu North 8/29/2011 20:07:41.3220425
Insert region--Cebu South 8/29/2011 20:07:41.4626684
Insert region--DAVA0-MINDANAO-REGION 8/29/2011 20:07:41.5720441
Insert region--DIPOLOG-MINDANAO-REGION 8/29/2011 20:07:41.6970449
Insert region--HO 8/29/2011 20:07:41.8220457
Insert region--LA-SHOWROOMS 8/29/2011 20:07:41.9314214
Insert region--LEYTE-REGION 8/29/2011 20:07:42.0407971
Insert region--LUZON/NCR-SHOWROOMS 8/29/2011 20:07:42.1501728
Insert region--NEGROS-OCC-REGION 8/29/2011 20:07:42.2751736
Insert region--NEGROS-ORIENTAL-REGION 8/29/2011 20:07:42.3845493
Insert region--OZAMIS-MINDANAO-REGION 8/29/2011 20:07:42.5095501
Insert region--PANAY-ROMBLON-REGION 8/29/2011 20:07:42.6189258
Insert region--SAMAR-REGION 8/29/2011 20:07:42.7126764
Insert region--SOCSKSARGEN-MINDANAO-REGION 8/29/2011 20:07:42.8220521
Insert region--VISMIN-SHOWROOMS 8/29/2011 20:07:42.9314278
Insert region--ZAMBASTA-MINDANAO-REGION 8/29/2011 20:07:43.0408035
Insert Vismin Wide--  8/29/2011 20:07:43.1501792
941 8/28/2011 20:08:03.6034351
677 8/28/2011 20:08:18.4941285
711 8/28/2011 20:08:32.0253785
712 8/28/2011 20:08:45.8535035
726 8/28/2011 20:09:00.8847535
036 8/28/2011 20:09:17.1660035
057 8/28/2011 20:09:36.8378785
066 8/28/2011 20:09:54.0410035
079 8/28/2011 20:10:11.6660035
264 8/28/2011 20:10:37.5880276
593 8/28/2011 20:10:57.7912819
628 8/28/2011 20:11:12.5101261
582 8/28/2011 20:11:29.2446082
537 8/28/2011 20:11:46.0415907
396 8/28/2011 20:12:05.9479681
280 8/28/2011 20:12:27.5731915
281 8/28/2011 20:12:44.1827791
284 8/28/2011 20:13:01.3236235
285 8/28/2011 20:13:18.2456898
290 8/28/2011 20:13:34.8707962
720 8/28/2011 20:13:48.9333862
696 8/28/2011 20:14:02.6209738
697 8/28/2011 20:14:24.6870163
673 8/28/2011 20:14:43.9498963
875 8/28/2011 20:15:02.3479123
730 8/28/2011 20:15:16.8067923
731 8/28/2011 20:15:32.7641459
724 8/28/2011 20:15:48.1258419
725 8/28/2011 20:16:02.6254019
727 8/28/2011 20:16:19.5305927
291 8/28/2011 20:16:34.6017353
287 8/28/2011 20:16:51.3004987
289 8/28/2011 20:17:08.6409203
583 8/28/2011 20:17:28.2467500
639 8/28/2011 20:17:43.6842500
288 8/28/2011 20:18:02.2467500
292 8/28/2011 20:18:20.0592868
282 8/28/2011 20:18:35.0593828
283 8/28/2011 20:18:51.2938617
246 8/28/2011 20:19:07.2002135
248 8/28/2011 20:19:23.3024272
250 8/28/2011 20:19:39.6815952
251 8/28/2011 20:19:58.5806352
252 8/28/2011 20:20:16.5103360
254 8/28/2011 20:20:34.1587735
679 8/28/2011 20:20:47.6657110
668 8/28/2011 20:21:01.3295235
747 8/28/2011 20:21:18.9844105
843 8/28/2011 20:21:38.6333180
005 8/28/2011 20:21:57.4680875
533 8/28/2011 20:22:14.9557700
519 8/28/2011 20:22:32.5047476
574 8/28/2011 20:22:51.0547364
373 8/28/2011 20:23:08.2126940
346 8/28/2011 20:23:25.3571250
347 8/28/2011 20:23:42.9040000
348 8/28/2011 20:24:01.1071250
349 8/28/2011 20:24:15.8571346
350 8/28/2011 20:24:31.1697326
351 8/28/2011 20:24:47.3729613
352 8/28/2011 20:25:03.4355641
353 8/28/2011 20:25:23.1679890
338 8/28/2011 20:25:41.6070650
339 8/28/2011 20:25:59.2594910
342 8/28/2011 20:26:17.8126170
550 8/28/2011 20:26:36.7688907
528 8/28/2011 20:26:55.3958991
627 8/28/2011 20:27:11.2006335
604 8/28/2011 20:27:30.1710000
880 8/28/2011 20:27:47.4053750
881 8/28/2011 20:28:05.4053750
948 8/28/2011 20:28:24.0929372
995 8/28/2011 20:28:44.0930652
355 8/28/2011 20:29:01.2181748
356 8/28/2011 20:29:19.7807936
359 8/28/2011 20:29:37.2027801
360 8/28/2011 20:29:57.2654085
361 8/28/2011 20:30:15.7967500
362 8/28/2011 20:30:31.1092500
363 8/28/2011 20:30:47.5155000
365 8/28/2011 20:31:09.6873750
368 8/28/2011 20:31:27.3591250
344 8/28/2011 20:31:44.2028750
335 8/28/2011 20:32:04.7341250
336 8/28/2011 20:32:21.3123388
340 8/28/2011 20:32:36.5312836
341 8/28/2011 20:32:51.1720960
640 8/28/2011 20:33:04.9222720
558 8/28/2011 20:33:24.1724557
172 8/28/2011 20:33:41.3131904
687 8/28/2011 20:33:56.2664111
688 8/28/2011 20:34:09.0633680
689 8/28/2011 20:34:23.9695000
879 8/28/2011 20:34:40.5945000
343 8/28/2011 20:34:57.4226250
354 8/28/2011 20:35:14.0788750
364 8/28/2011 20:35:29.8134476
405 8/28/2011 20:35:45.9386540
406 8/28/2011 20:36:02.3919896
407 8/28/2011 20:36:20.6267500
408 8/28/2011 20:36:35.5955000
410 8/28/2011 20:36:57.8611250
412 8/28/2011 20:37:13.7830000
413 8/28/2011 20:37:32.9083750
414 8/28/2011 20:37:49.7052500
415 8/28/2011 20:38:06.8771250
416 8/28/2011 20:38:21.7365000
417 8/28/2011 20:38:38.7365000
418 8/28/2011 20:38:55.4708750
618 8/28/2011 20:39:11.4240000
619 8/28/2011 20:39:26.9092362
108 8/28/2011 20:39:44.0584410
845 8/28/2011 20:40:02.9665386
748 8/28/2011 20:40:20.9868774
878 8/28/2011 20:40:42.4945734
954 8/28/2011 20:40:58.4052374
419 8/28/2011 20:41:18.5497500
420 8/28/2011 20:41:36.4560000
421 8/28/2011 20:41:53.0341250
409 8/28/2011 20:42:10.3622500
427 8/28/2011 20:42:26.3623265
428 8/28/2011 20:42:44.1593154
429 8/28/2011 20:43:00.3625441
430 8/28/2011 20:43:15.9251437
423 8/28/2011 20:43:31.8939959
424 8/28/2011 20:43:50.8316171
425 8/28/2011 20:44:08.3161040
439 8/28/2011 20:44:23.5038750
440 8/28/2011 20:44:38.0976250
441 8/28/2011 20:44:54.8788750
431 8/28/2011 20:45:11.4882500
432 8/28/2011 20:45:32.8271148
433 8/28/2011 20:45:50.3522028
434 8/28/2011 20:46:10.3339326
435 8/28/2011 20:46:28.8346648
436 8/28/2011 20:46:50.8819888
437 8/28/2011 20:47:08.1289380
620 8/28/2011 20:47:26.8791250
718 8/28/2011 20:47:42.1916250
719 8/28/2011 20:47:55.9885000
868 8/28/2011 20:48:13.1135000
750 8/28/2011 20:48:30.6605826
846 8/28/2011 20:48:52.7858658
105 8/28/2011 20:49:09.4267038
018 8/28/2011 20:49:28.5991250
037 8/28/2011 20:49:45.5210000
040 8/28/2011 20:50:02.4741250
029 8/28/2011 20:50:19.3647815
030 8/28/2011 20:50:36.5367664
032 8/28/2011 20:50:53.5212501
033 8/28/2011 20:51:09.5994780
034 8/28/2011 20:51:27.6466250
035 8/28/2011 20:51:44.0997500
022 8/28/2011 20:52:01.4591250
023 8/28/2011 20:52:17.9847750
024 8/28/2011 20:52:35.4078480
025 8/28/2011 20:52:51.8865810
026 8/28/2011 20:53:12.5518880
027 8/28/2011 20:53:29.0252566
028 8/28/2011 20:53:46.4327206
019 8/28/2011 20:54:04.0597382
020 8/28/2011 20:54:24.2721278
078 8/28/2011 20:54:41.6685124
526 8/28/2011 20:54:58.8604187
512 8/28/2011 20:55:18.4911250
749 8/28/2011 20:55:37.7098750
867 8/28/2011 20:55:55.6786250
508 8/28/2011 20:56:14.2880000
616 8/28/2011 20:56:40.9440000
633 8/28/2011 20:57:05.0377500
045 8/28/2011 20:57:23.6942500
046 8/28/2011 20:57:48.3817500
047 8/28/2011 20:58:12.8348750
048 8/28/2011 20:58:31.7882216
049 8/28/2011 20:58:48.3353084
050 8/28/2011 20:59:05.0230220
054 8/28/2011 20:59:23.5390000
042 8/28/2011 20:59:41.5858750
052 8/28/2011 21:00:05.0546250
325 8/28/2011 21:00:26.5550000
053 8/28/2011 21:00:48.0237500
043 8/28/2011 21:01:06.2581250
055 8/28/2011 21:01:24.1019366
051 8/28/2011 21:01:41.8208000
041 8/28/2011 21:01:59.1959112
038 8/28/2011 21:02:18.2118750
532 8/28/2011 21:02:35.9306250
866 8/28/2011 21:02:52.8056250
722 8/28/2011 21:03:07.9150000
864 8/28/2011 21:03:26.7275784
865 8/28/2011 21:03:51.6652380
721 8/28/2011 21:04:08.0247177
571 8/28/2011 21:04:23.7129648
547 8/28/2011 21:04:41.2275248
644 8/28/2011 21:04:55.7001648
578 8/28/2011 21:05:12.7443248
591 8/28/2011 21:05:35.4783750
067 8/28/2011 21:05:58.2752500
068 8/28/2011 21:06:15.6502500
069 8/28/2011 21:06:33.4783750
065 8/28/2011 21:06:51.2440000
260 8/28/2011 21:07:19.7986396
240 8/28/2011 21:07:37.8783580
070 8/28/2011 21:07:54.7653172
071 8/28/2011 21:08:13.2373906
072 8/28/2011 21:08:37.1822500
073 8/28/2011 21:08:55.0103750
056 8/28/2011 21:09:11.9791250
064 8/28/2011 21:09:31.2135000
087 8/28/2011 21:09:50.4010000
585 8/28/2011 21:10:13.7447500
511 8/28/2011 21:10:36.0886381
699 8/28/2011 21:10:51.9324895
936 8/28/2011 21:11:12.0576183
943 8/28/2011 21:11:33.4331250
088 8/28/2011 21:11:49.5425000
089 8/28/2011 21:12:05.6675000
090 8/28/2011 21:12:24.3865000
092 8/28/2011 21:12:43.4177500
093 8/28/2011 21:13:02.4646250
094 8/28/2011 21:13:19.4802818
080 8/28/2011 21:13:36.9022683
081 8/28/2011 21:13:55.2930110
082 8/28/2011 21:14:23.8395000
084 8/28/2011 21:14:44.4801250
085 8/28/2011 21:15:01.1520000
086 8/28/2011 21:15:18.1832734
083 8/28/2011 21:15:35.7927611
095 8/28/2011 21:15:52.7928699
074 8/28/2011 21:16:09.6836030
075 8/28/2011 21:16:29.5746250
076 8/28/2011 21:16:46.0590000
573 8/28/2011 21:17:04.3558750
937 8/28/2011 21:17:28.0125000
938 8/28/2011 21:17:45.4500000
728 8/28/2011 21:17:58.9187500
656 8/28/2011 21:18:15.4031306
869 8/28/2011 21:18:31.8407358
944 8/28/2011 21:18:52.2939917
945 8/28/2011 21:19:11.9503675
997 8/28/2011 21:19:30.0601250
058 8/28/2011 21:19:47.9195000
059 8/28/2011 21:20:05.0445000
060 8/28/2011 21:20:22.4121100
061 8/28/2011 21:20:39.3744400
062 8/28/2011 21:20:56.4311800
063 8/28/2011 21:21:15.3104997
120 8/28/2011 21:21:31.6964132
121 8/28/2011 21:21:49.1015462
122 8/28/2011 21:22:06.7262034
123 8/28/2011 21:22:27.8572500
124 8/28/2011 21:22:44.9978750
125 8/28/2011 21:23:01.5603750
126 8/28/2011 21:23:18.9510281
128 8/28/2011 21:23:33.9823743
129 8/28/2011 21:23:51.2324847
130 8/28/2011 21:24:15.9982774
575 8/28/2011 21:24:36.2485366
555 8/28/2011 21:24:54.1393906
835 8/28/2011 21:25:14.4834010
839 8/28/2011 21:25:35.3272500
666 8/28/2011 21:25:52.5616250
702 8/28/2011 21:26:07.1866250
947 8/28/2011 21:26:29.0304676
549 8/28/2011 21:26:46.0305764
566 8/28/2011 21:27:10.1869810
567 8/28/2011 21:27:30.2962500
106 8/28/2011 21:27:49.4993750
103 8/28/2011 21:28:08.3118750
104 8/28/2011 21:28:26.5118284
096 8/28/2011 21:28:43.6145140
097 8/28/2011 21:29:01.4689660
098 8/28/2011 21:29:18.2227864
099 8/28/2011 21:29:36.6507116
100 8/28/2011 21:29:53.4830100
101 8/28/2011 21:30:08.7040382
017 8/28/2011 21:30:30.3751250
109 8/28/2011 21:30:46.9220000
112 8/28/2011 21:31:03.6876250
115 8/28/2011 21:31:20.3350212
117 8/28/2011 21:31:37.4332574
118 8/28/2011 21:31:52.0441930
119 8/28/2011 21:32:08.5166932
953 8/28/2011 21:32:27.7972500
670 8/28/2011 21:32:41.1097500
834 8/28/2011 21:33:00.0628750
876 8/28/2011 21:33:16.3441362
836 8/28/2011 21:33:33.1723689
837 8/28/2011 21:33:48.4693418
838 8/28/2011 21:34:04.2194426
116 8/28/2011 21:34:24.6105000
113 8/28/2011 21:34:40.9855000
114 8/28/2011 21:34:57.4386250
110 8/28/2011 21:35:14.3292500
111 8/28/2011 21:35:34.5880000
107 8/28/2011 21:35:55.3223750
559 8/28/2011 21:36:12.6036250
515 8/28/2011 21:36:33.1312272
527 8/28/2011 21:36:49.8964972
602 8/28/2011 21:37:07.2855912
624 8/28/2011 21:37:28.2370000
136 8/28/2011 21:37:49.6588750
298 8/28/2011 21:38:03.3151250
299 8/28/2011 21:38:23.7375000
300 8/28/2011 21:38:42.9093750
301 8/28/2011 21:39:03.9718750
303 8/28/2011 21:39:25.4243750
306 8/28/2011 21:39:40.8462500
308 8/28/2011 21:39:57.7837500
309 8/28/2011 21:40:23.6431826
302 8/28/2011 21:40:44.5183162
326 8/28/2011 21:41:01.5184250
327 8/28/2011 21:41:28.1445000
328 8/28/2011 21:41:45.2226250
329 8/28/2011 21:42:02.0507500
333 8/28/2011 21:42:19.2851547
334 8/28/2011 21:42:34.8321292
127 8/28/2011 21:42:54.0353771
540 8/28/2011 21:43:11.2854875
541 8/28/2011 21:43:33.2536250
893 8/28/2011 21:43:49.6911250
894 8/28/2011 21:44:06.1755000
892 8/28/2011 21:44:22.6755514
661 8/28/2011 21:44:36.0818872
701 8/28/2011 21:44:49.6444740
426 8/28/2011 21:45:04.5351943
315 8/28/2011 21:45:18.9884396
316 8/28/2011 21:45:35.3636492
319 8/28/2011 21:45:50.6763452
320 8/28/2011 21:46:04.9421528
321 8/28/2011 21:46:20.3793750
322 8/28/2011 21:46:34.8168750
323 8/28/2011 21:46:52.3637500
307 8/28/2011 21:47:08.0043750
311 8/28/2011 21:47:26.1138966
312 8/28/2011 21:47:40.5828318
286 8/28/2011 21:47:57.2236698
313 8/28/2011 21:48:11.5832286
314 8/28/2011 21:48:29.6620000
310 8/28/2011 21:48:46.4276250
317 8/28/2011 21:49:01.4276250
148 8/28/2011 21:49:18.7760026
517 8/28/2011 21:49:36.1427464
590 8/28/2011 21:49:56.4615226
709 8/28/2011 21:50:11.6299444
671 8/28/2011 21:50:28.3037836
890 8/28/2011 21:50:47.8523308
891 8/28/2011 21:51:08.4660232
860 8/28/2011 21:51:29.8963750
324 8/28/2011 21:51:49.2245000
332 8/28/2011 21:52:06.5213750
330 8/28/2011 21:52:23.6464323
271 8/28/2011 21:52:42.5215531
608 8/28/2011 21:53:01.5372998
622 8/28/2011 21:53:25.9911250
570 8/28/2011 21:53:43.1473750
565 8/28/2011 21:54:01.9598750
545 8/28/2011 21:54:18.8661517
553 8/28/2011 21:54:36.0381366
442 8/28/2011 21:54:52.9132446
443 8/28/2011 21:55:09.5227259
438 8/28/2011 21:55:31.0228750
445 8/28/2011 21:55:46.2260000
447 8/28/2011 21:56:00.8197500
448 8/28/2011 21:56:18.6895290
449 8/28/2011 21:56:36.9401860
450 8/28/2011 21:56:52.9506336
854 8/28/2011 21:57:09.5563816
991 8/28/2011 21:57:28.7731250
884 8/28/2011 21:57:46.1950000
451 8/28/2011 21:58:08.0543750
452 8/28/2011 21:58:23.7419329
459 8/28/2011 21:58:41.8045485
460 8/28/2011 21:59:04.2890674
461 8/28/2011 21:59:25.3368750
462 8/28/2011 21:59:41.6493750
463 8/28/2011 21:59:59.5868750
464 8/28/2011 22:00:15.0400000
455 8/28/2011 22:00:33.3681250
457 8/28/2011 22:00:51.8368750
564 8/28/2011 22:01:09.3368750
630 8/28/2011 22:01:25.2118750
606 8/28/2011 22:01:42.6181250
612 8/28/2011 22:01:59.6962500
610 8/28/2011 22:02:20.4623750
611 8/28/2011 22:02:37.5248750
548 8/28/2011 22:02:56.3061250
524 8/28/2011 22:03:16.8842640
458 8/28/2011 22:03:33.4468700
479 8/28/2011 22:03:50.5719796
453 8/28/2011 22:04:07.3689621
454 8/28/2011 22:04:24.3533840
233 8/28/2011 22:04:41.3065090
885 8/28/2011 22:04:58.9940090
886 8/28/2011 22:05:15.9315169
887 8/28/2011 22:05:32.8378751
888 8/28/2011 22:05:50.4317377
663 8/28/2011 22:06:03.9161990
001 8/28/2011 22:06:27.8386250
207 8/28/2011 22:06:48.5573750
208 8/28/2011 22:07:07.9167500
209 8/28/2011 22:07:24.9480000
210 8/28/2011 22:07:42.6198750
212 8/28/2011 22:07:57.2761250
214 8/28/2011 22:08:11.9948750
215 8/28/2011 22:08:31.8386250
216 8/28/2011 22:08:48.1667500
217 8/28/2011 22:09:04.8855000
218 8/28/2011 22:09:21.9167962
645 8/28/2011 22:09:36.8543918
650 8/28/2011 22:09:50.8857316
651 8/28/2011 22:10:03.8389395
674 8/28/2011 22:10:20.9490000
675 8/28/2011 22:10:34.0271250
949 8/28/2011 22:10:51.2927500
996 8/28/2011 22:11:08.1208750
874 8/28/2011 22:11:25.4490000
579 8/28/2011 22:11:41.7302500
201 8/28/2011 22:11:58.1677500
202 8/28/2011 22:12:15.3083750
203 8/28/2011 22:12:31.6365000
204 8/28/2011 22:12:47.9802500
205 8/28/2011 22:13:03.2458750
193 8/28/2011 22:13:20.2468750
194 8/28/2011 22:13:34.8406250
195 8/28/2011 22:13:51.6843750
196 8/28/2011 22:14:13.3406250
197 8/28/2011 22:14:31.3406250
198 8/28/2011 22:14:45.5125000
199 8/28/2011 22:15:01.9968750
191 8/28/2011 22:15:23.4496250
221 8/28/2011 22:15:40.5277500
222 8/28/2011 22:15:56.9652500
223 8/28/2011 22:16:13.5746250
224 8/28/2011 22:16:28.6485160
225 8/28/2011 22:16:44.7738870
226 8/28/2011 22:17:01.0401593
227 8/28/2011 22:17:16.8251250
228 8/28/2011 22:17:31.4345000
229 8/28/2011 22:17:45.9657500
230 8/28/2011 22:18:00.6688750
206 8/28/2011 22:18:17.8564152
219 8/28/2011 22:18:37.6535436
634 8/28/2011 22:18:51.3412188
872 8/28/2011 22:19:07.6539276
698 8/28/2011 22:19:22.5757500
993 8/28/2011 22:19:40.5288750
844 8/28/2011 22:19:56.4351250
851 8/28/2011 22:20:12.2788750
007 8/28/2011 22:20:28.4231834
012 8/28/2011 22:20:45.4746406
013 8/28/2011 22:21:01.8071546
014 8/28/2011 22:21:20.8261250
006 8/28/2011 22:21:36.0292500
008 8/28/2011 22:21:52.6542500
009 8/28/2011 22:22:08.9511250
010 8/28/2011 22:22:24.5024428
011 8/28/2011 22:22:41.1883036
015 8/28/2011 22:22:59.4580666
016 8/28/2011 22:23:17.9415094
369 8/28/2011 22:23:36.0371866
946 8/28/2011 22:23:52.8492604
738 8/28/2011 22:24:03.8538115
870 8/28/2011 22:24:24.7177500
705 8/28/2011 22:24:48.3896250
614 8/28/2011 22:25:06.2802500
609 8/28/2011 22:25:22.8584792
597 8/28/2011 22:25:40.1399504
176 8/28/2011 22:25:58.9214408
177 8/28/2011 22:26:19.6090000
178 8/28/2011 22:26:34.3590000
163 8/28/2011 22:26:50.4683750
180 8/28/2011 22:27:08.5465000
181 8/28/2011 22:27:28.0309602
182 8/28/2011 22:27:44.9060682
183 8/28/2011 22:28:02.4374304
184 8/28/2011 22:28:21.2347500
185 8/28/2011 22:28:37.4847500
186 8/28/2011 22:28:54.1410000
188 8/28/2011 22:29:10.5003750
189 8/28/2011 22:29:29.6878750
190 8/28/2011 22:29:46.6410000
636 8/28/2011 22:30:00.4691250
751 8/28/2011 22:30:19.0142500
737 8/28/2011 22:30:32.1080000
685 8/28/2011 22:30:45.4673750
994 8/28/2011 22:31:02.1705000
987 8/28/2011 22:31:21.0982500
601 8/28/2011 22:31:37.3482500
580 8/28/2011 22:31:53.6295000
318 8/28/2011 22:32:09.8482500
164 8/28/2011 22:32:25.0826912
179 8/28/2011 22:32:39.1921565
173 8/28/2011 22:32:56.2391406
174 8/28/2011 22:33:13.2079992
165 8/28/2011 22:33:31.6296250
167 8/28/2011 22:33:51.0983750
168 8/28/2011 22:34:07.9265000
171 8/28/2011 22:34:24.2703109
603 8/28/2011 22:34:43.7860608
504 8/28/2011 22:34:58.2549034
374 8/28/2011 22:35:18.4116250
686 8/28/2011 22:35:31.6616250
669 8/28/2011 22:35:44.7866250
707 8/28/2011 22:35:59.6147500
736 8/28/2011 22:36:13.8022500
706 8/28/2011 22:36:29.2550000
999 8/28/2011 22:36:46.2237500
337 8/28/2011 22:37:01.8175000
505 8/28/2011 22:37:21.7560000
635 8/28/2011 22:37:35.4122500
169 8/28/2011 22:37:51.7403750
170 8/28/2011 22:38:06.0060000
166 8/28/2011 22:38:23.2872500
149 8/28/2011 22:38:39.9591250
151 8/28/2011 22:38:54.6466250
152 8/28/2011 22:39:12.0216250
155 8/28/2011 22:39:28.2247500
156 8/28/2011 22:39:46.0841250
157 8/28/2011 22:40:01.8810000
158 8/28/2011 22:40:22.0687500
159 8/28/2011 22:40:38.5843750
145 8/28/2011 22:40:54.9437500
147 8/28/2011 22:41:11.2250000
595 8/28/2011 22:41:29.0375914
539 8/28/2011 22:41:43.4908089
678 8/28/2011 22:41:56.6002678
853 8/28/2011 22:42:13.4285005
764 8/28/2011 22:42:33.6317500
657 8/28/2011 22:42:46.8192500
716 8/28/2011 22:43:03.2723750
529 8/28/2011 22:43:20.5224488
530 8/28/2011 22:43:37.7257940
588 8/28/2011 22:43:52.7259860
584 8/28/2011 22:44:09.1324460
305 8/28/2011 22:44:27.3825000
146 8/28/2011 22:44:43.1325000
144 8/28/2011 22:44:59.6168750
160 8/28/2011 22:45:18.8362500
161 8/28/2011 22:45:34.6956250
153 8/28/2011 22:45:50.9768750
154 8/28/2011 22:46:10.1643750
143 8/28/2011 22:46:27.1577619
137 8/28/2011 22:46:42.6298752
138 8/28/2011 22:47:00.0458001
139 8/28/2011 22:47:22.5862500
140 8/28/2011 22:47:39.0237500
133 8/28/2011 22:47:55.4143750
021 8/28/2011 22:48:11.7112500
613 8/28/2011 22:48:27.8676676
637 8/28/2011 22:48:41.1334624
638 8/28/2011 22:48:54.5555092
518 8/28/2011 22:49:09.0713200
717 8/28/2011 22:49:25.3212500
708 8/28/2011 22:49:38.2431250
680 8/28/2011 22:49:50.7743750
681 8/28/2011 22:50:03.7431250
734 8/28/2011 22:50:17.3525164
741 8/28/2011 22:50:29.8369713
871 8/28/2011 22:50:46.3839522
950 8/28/2011 22:51:01.1965470
952 8/28/2011 22:51:19.6653750
951 8/28/2011 22:51:35.8528750
761 8/28/2011 22:51:50.3528750
682 8/28/2011 22:52:05.8685000
690 8/28/2011 22:52:19.1029026
659 8/28/2011 22:52:32.5561137
714 8/28/2011 22:52:45.9468244
715 8/28/2011 22:52:57.6968996
642 8/28/2011 22:53:11.0251099
345 8/28/2011 22:53:28.7446250
134 8/28/2011 22:53:45.1040000
135 8/28/2011 22:54:02.8383750
131 8/28/2011 22:54:19.6897935
132 8/28/2011 22:54:35.4175410
141 8/28/2011 22:54:51.6147735
142 8/28/2011 22:55:07.8746040
477 8/28/2011 22:55:21.9066545
478 8/28/2011 22:55:36.5275300
469 8/28/2011 22:55:52.9154204
470 8/28/2011 22:56:11.6801804
472 8/28/2011 22:56:28.1673750
473 8/28/2011 22:56:44.7298750
497 8/28/2011 22:57:00.9642500
546 8/28/2011 22:57:16.8080129
665 8/28/2011 22:57:30.7143519
691 8/28/2011 22:57:45.9488244
732 8/28/2011 22:57:59.9332889
983 8/28/2011 22:58:19.7458750
984 8/28/2011 22:58:41.3083750
840 8/28/2011 22:58:58.2302500
692 8/28/2011 22:59:11.5427500
683 8/28/2011 22:59:24.9178148
684 8/28/2011 22:59:40.9804176
483 8/28/2011 22:59:57.5586487
484 8/28/2011 23:00:14.5118822
485 8/28/2011 23:00:34.0116250
486 8/28/2011 23:00:48.7460000
476 8/28/2011 23:01:05.4803750
480 8/28/2011 23:01:24.7307500
481 8/28/2011 23:01:44.0120000
482 8/28/2011 23:01:59.2151250
475 8/28/2011 23:02:19.2931250
366 8/28/2011 23:02:35.0118750
367 8/28/2011 23:02:52.1368750
370 8/28/2011 23:03:08.6525000
371 8/28/2011 23:03:22.6590254
552 8/28/2011 23:03:38.8461378
649 8/28/2011 23:03:52.2071782
694 8/28/2011 23:04:04.7674982
695 8/28/2011 23:04:19.3528750
985 8/28/2011 23:04:37.6653750
986 8/28/2011 23:04:56.3372500
733 8/28/2011 23:05:10.2278750
877 8/28/2011 23:05:35.7636250
551 8/28/2011 23:05:56.8730000
581 8/28/2011 23:06:11.3261250
536 8/28/2011 23:06:26.9668278
474 8/28/2011 23:06:46.3732020
465 8/28/2011 23:07:02.3108040
466 8/28/2011 23:07:20.9201250
467 8/28/2011 23:07:38.9826250
882 8/28/2011 23:07:56.0138750
664 8/28/2011 23:08:12.1076250
982 8/28/2011 23:08:31.3602500
729 8/28/2011 23:08:44.4227500
745 8/28/2011 23:09:01.0321250
522 8/28/2011 23:09:22.2181250
543 8/28/2011 23:09:39.2181250
102 8/28/2011 23:09:55.6087500
293 8/28/2011 23:10:12.0150000
259 8/28/2011 23:10:27.0932035
262 8/28/2011 23:10:45.9058239
267 8/28/2011 23:11:03.3590606
269 8/28/2011 23:11:20.5152500
273 8/28/2011 23:11:37.1558750
274 8/28/2011 23:11:52.0308750
275 8/28/2011 23:12:08.6246250
266 8/28/2011 23:12:26.5002500
263 8/28/2011 23:12:46.4221250
261 8/28/2011 23:13:02.5940000
255 8/28/2011 23:13:19.6721250
256 8/28/2011 23:13:36.4846250
257 8/28/2011 23:13:53.7658750
258 8/28/2011 23:14:11.6721250
563 8/28/2011 23:14:31.0628539
766 8/28/2011 23:14:43.3129323
676 8/28/2011 23:14:56.9692697
535 8/28/2011 23:15:27.2507500
514 8/28/2011 23:15:44.5788750
265 8/28/2011 23:16:01.7038750
294 8/28/2011 23:16:18.7976504
272 8/28/2011 23:16:35.6571333
277 8/28/2011 23:16:48.3447145
278 8/28/2011 23:17:05.4073237
279 8/28/2011 23:17:27.1888750
296 8/28/2011 23:17:45.3451250
297 8/28/2011 23:18:03.1263750
253 8/28/2011 23:18:23.7045568
241 8/28/2011 23:18:41.3609198
242 8/28/2011 23:18:58.7360310
243 8/28/2011 23:19:18.5642829
244 8/28/2011 23:19:33.2831271
245 8/28/2011 23:19:54.2363862
249 8/28/2011 23:20:11.6271225
247 8/28/2011 23:20:35.2205000
513 8/28/2011 23:20:59.0955000
557 8/28/2011 23:21:16.7048990
693 8/28/2011 23:21:30.8613302
660 8/28/2011 23:21:48.2053022
662 8/28/2011 23:22:03.8148770
842 8/28/2011 23:22:22.8306942
509 8/28/2011 23:22:44.1120804
510 8/28/2011 23:23:00.1278079
523 8/28/2011 23:23:19.8620000
295 8/28/2011 23:23:37.4870000
268 8/28/2011 23:23:52.0495000
276 8/28/2011 23:24:09.3307500
044 8/28/2011 23:24:30.3465736
232 8/28/2011 23:24:45.6280192
192 8/28/2011 23:25:02.4876100
234 8/28/2011 23:25:19.0971703
236 8/28/2011 23:25:36.0972791
237 8/28/2011 23:25:58.1755454
556 8/28/2011 23:26:15.0819036
544 8/28/2011 23:26:32.2226383
607 8/28/2011 23:26:49.9258766
647 8/28/2011 23:27:03.7853403
648 8/28/2011 23:27:21.2042617
743 8/28/2011 23:27:43.7209036
704 8/28/2011 23:27:58.1970116
873 8/28/2011 23:28:16.4257500
998 8/28/2011 23:28:33.8163750
646 8/28/2011 23:28:47.3945000
617 8/28/2011 23:29:03.6288750
596 8/28/2011 23:29:21.6289183
525 8/28/2011 23:29:41.5821710
534 8/28/2011 23:29:58.6135300
238 8/28/2011 23:30:16.1917675
239 8/28/2011 23:30:35.8012680
235 8/28/2011 23:30:55.4420187
231 8/28/2011 23:31:14.3171395
594 8/28/2011 23:31:35.7235000
598 8/28/2011 23:31:52.3797500
503 8/28/2011 23:32:09.3328750
700 8/28/2011 23:32:22.0829212
655 8/28/2011 23:32:35.3017558
703 8/28/2011 23:32:49.7080980
955 8/28/2011 23:33:08.3800925
939 8/28/2011 23:33:27.6927161
372 8/28/2011 23:33:49.2397290
375 8/28/2011 23:34:05.9742111
376 8/28/2011 23:34:25.4585000
377 8/28/2011 23:34:42.5678750
378 8/28/2011 23:35:04.2085000
379 8/28/2011 23:35:23.1304808
380 8/28/2011 23:35:40.9744592
381 8/28/2011 23:35:57.5684216
422 8/28/2011 23:36:10.9435928
605 8/28/2011 23:36:29.3500000
641 8/28/2011 23:36:44.5531250
213 8/28/2011 23:37:01.8343750
200 8/28/2011 23:37:18.9281510
175 8/28/2011 23:37:36.0688857
625 8/28/2011 23:37:54.7096300
600 8/28/2011 23:38:11.2097356
561 8/28/2011 23:38:31.2566340
382 8/28/2011 23:38:51.0847590
397 8/28/2011 23:39:08.3816340
398 8/28/2011 23:39:26.1629563
399 8/28/2011 23:39:41.4443041
400 8/28/2011 23:39:58.7256647
401 8/28/2011 23:40:17.3038750
402 8/28/2011 23:40:34.3351250
403 8/28/2011 23:40:50.3351250
404 8/28/2011 23:41:06.5695000
393 8/28/2011 23:41:26.8039514
444 8/28/2011 23:41:42.8978044
667 8/28/2011 23:42:00.6947933
863 8/28/2011 23:42:20.1800000
883 8/28/2011 23:42:36.9143750
889 8/28/2011 23:42:53.2581250
841 8/28/2011 23:43:10.0237500
956 8/28/2011 23:43:29.7113450
383 8/28/2011 23:43:54.3208775
385 8/28/2011 23:44:12.7116202
386 8/28/2011 23:44:30.2742326
388 8/28/2011 23:44:48.1649721
389 8/28/2011 23:45:10.8369922
390 8/28/2011 23:45:29.5916941
538 8/28/2011 23:45:47.9371771
626 8/28/2011 23:46:03.0212409
629 8/28/2011 23:46:20.0556250
220 8/28/2011 23:46:36.9618750
331 8/28/2011 23:46:54.3368750
187 8/28/2011 23:47:11.6025000
621 8/28/2011 23:47:34.4109374
507 8/28/2011 23:47:56.0224875
560 8/28/2011 23:48:12.1645445
569 8/28/2011 23:48:33.0281825
572 8/28/2011 23:48:52.1194745
391 8/28/2011 23:49:10.3970393
392 8/28/2011 23:49:25.3492853
384 8/28/2011 23:49:42.0338576
394 8/28/2011 23:49:58.7809775
562 8/28/2011 23:50:17.8223750
568 8/28/2011 23:50:36.1505000
632 8/28/2011 23:50:49.9473750
623 8/28/2011 23:51:07.3380000
652 8/28/2011 23:51:25.3068164
653 8/28/2011 23:51:42.6194272
003 8/28/2011 23:52:02.1664273
004 8/28/2011 23:52:23.4323750
833 8/28/2011 23:52:40.6667500
862 8/28/2011 23:53:02.3230000
658 8/28/2011 23:53:16.4792599
957 8/28/2011 23:53:35.6043823
589 8/28/2011 23:53:52.0419875
521 8/28/2011 23:54:10.2296039
531 8/28/2011 23:54:29.0422243
501 8/28/2011 23:54:45.8079566
502 8/28/2011 23:55:02.5736889
487 8/28/2011 23:55:19.7456430
489 8/28/2011 23:55:36.8081430
490 8/28/2011 23:55:52.9018930
491 8/28/2011 23:56:07.8862680
488 8/28/2011 23:56:30.1675000
500 8/28/2011 23:56:48.5268750
494 8/28/2011 23:57:05.3237500
495 8/28/2011 23:57:22.2612969
496 8/28/2011 23:57:39.6051579
506 8/28/2011 23:57:56.4958910
554 8/28/2011 23:58:12.1522412
586 8/28/2011 23:58:28.1686544
587 8/28/2011 23:58:44.5789772
599 8/28/2011 23:59:03.5200107
615 8/28/2011 23:59:21.2367056
942 8/28/2011 23:59:37.8873626
940 8/28/2011 23:59:54.5694656
